2月 21 19:00:21 ree-virtual-machine systemd[1]: Starting Update the local ESM caches...
2月 21 19:00:24 ree-virtual-machine systemd[1]: esm-cache.service: Deactivated successfully.
2月 21 19:00:24 ree-virtual-machine systemd[1]: Finished Update the local ESM caches.
-- Boot ca9b2e5e215f4f3fbeb8e0a2983e83e6 --
3月 22 19:47:36 ree-virtual-machine systemd[1]: Starting Update the local ESM caches...
3月 22 19:47:39 ree-virtual-machine systemd[1]: esm-cache.service: Deactivated successfully.
3月 22 19:47:39 ree-virtual-machine systemd[1]: Finished Update the local ESM caches.
3月 22 19:47:46 ree-virtual-machine systemd[1]: Starting Update the local ESM caches...
3月 22 19:47:48 ree-virtual-machine systemd[1]: esm-cache.service: Deactivated successfully.
3月 22 19:47:48 ree-virtual-machine systemd[1]: Finished Update the local ESM caches.
3月 22 19:47:53 ree-virtual-machine systemd[1]: Starting Update the local ESM caches...
3月 22 19:47:55 ree-virtual-machine systemd[1]: esm-cache.service: Deactivated successfully.
3月 22 19:47:55 ree-virtual-machine systemd[1]: Finished Update the local ESM caches.
3月 22 19:48:57 ree-virtual-machine systemd[1]: Starting Update the local ESM caches...
3月 22 19:48:59 ree-virtual-machine systemd[1]: esm-cache.service: Deactivated successfully.
3月 22 19:48:59 ree-virtual-machine systemd[1]: Finished Update the local ESM caches.
3月 22 19:52:05 ree-virtual-machine systemd[1]: Starting Update the local ESM caches...
3月 22 19:52:06 ree-virtual-machine systemd[1]: esm-cache.service: Deactivated successfully.
3月 22 19:52:06 ree-virtual-machine systemd[1]: Finished Update the local ESM caches.
-- Boot ee7967cec9534f4aa0162aa833ebf2b7 --
3月 22 19:56:52 ree-virtual-machine systemd[1]: Starting Update the local ESM caches...
3月 22 19:56:54 ree-virtual-machine systemd[1]: esm-cache.service: Deactivated successfully.
3月 22 19:56:54 ree-virtual-machine systemd[1]: Finished Update the local ESM caches.
-- Boot 9e3eeb915f5e4d0aab1fa06627dc238a --
3月 25 22:03:16 ree-virtual-machine systemd[1]: Starting Update the local ESM caches...
3月 25 22:03:22 ree-virtual-machine systemd[1]: esm-cache.service: Deactivated successfully.
3月 25 22:03:22 ree-virtual-machine systemd[1]: Finished Update the local ESM caches.
3月 25 22:09:55 ree-virtual-machine systemd[1]: Starting Update the local ESM caches...
3月 25 22:09:59 ree-virtual-machine systemd[1]: esm-cache.service: Deactivated successfully.
3月 25 22:09:59 ree-virtual-machine systemd[1]: Finished Update the local ESM caches.
3月 26 15:12:59 ree-virtual-machine systemd[1]: Starting Update the local ESM caches...
3月 26 15:13:09 ree-virtual-machine systemd[1]: esm-cache.service: Deactivated successfully.
3月 26 15:13:09 ree-virtual-machine systemd[1]: Finished Update the local ESM caches.
3月 26 18:51:16 ree-virtual-machine systemd[1]: Starting Update the local ESM caches...
3月 26 18:51:25 ree-virtual-machine systemd[1]: esm-cache.service: Deactivated successfully.
3月 26 18:51:25 ree-virtual-machine systemd[1]: Finished Update the local ESM caches.
3月 26 18:51:27 ree-virtual-machine systemd[1]: Starting Update the local ESM caches...
3月 26 18:51:29 ree-virtual-machine systemd[1]: esm-cache.service: Deactivated successfully.
3月 26 18:51:29 ree-virtual-machine systemd[1]: Finished Update the local ESM caches.
3月 27 12:09:09 ree-virtual-machine systemd[1]: Starting Update the local ESM caches...
3月 27 12:10:11 ree-virtual-machine python3[13635]: Failed to fetch the ESM Apt Cache
3月 27 12:10:11 ree-virtual-machine systemd[1]: esm-cache.service: Deactivated successfully.
3月 27 12:10:11 ree-virtual-machine systemd[1]: Finished Update the local ESM caches.
-- Boot cce731051b6244c4a03f32893ae3c956 --
3月 28 10:37:54 ree-virtual-machine systemd[1]: Starting Update the local ESM caches...
3月 28 10:37:57 ree-virtual-machine systemd[1]: esm-cache.service: Deactivated successfully.
3月 28 10:37:57 ree-virtual-machine systemd[1]: Finished Update the local ESM caches.
3月 28 10:38:03 ree-virtual-machine systemd[1]: Starting Update the local ESM caches...
3月 28 10:38:07 ree-virtual-machine systemd[1]: esm-cache.service: Deactivated successfully.
3月 28 10:38:07 ree-virtual-machine systemd[1]: Finished Update the local ESM caches.
3月 28 11:29:52 ree-virtual-machine systemd[1]: Starting Update the local ESM caches...
3月 28 11:29:56 ree-virtual-machine systemd[1]: esm-cache.service: Deactivated successfully.
3月 28 11:29:56 ree-virtual-machine systemd[1]: Finished Update the local ESM caches.
3月 29 11:36:00 ree-virtual-machine systemd[1]: Starting Update the local ESM caches...
3月 29 11:36:02 ree-virtual-machine systemd[1]: esm-cache.service: Deactivated successfully.
3月 29 11:36:02 ree-virtual-machine systemd[1]: Finished Update the local ESM caches.
3月 29 11:36:06 ree-virtual-machine systemd[1]: Starting Update the local ESM caches...
3月 29 11:36:08 ree-virtual-machine systemd[1]: esm-cache.service: Deactivated successfully.
3月 29 11:36:08 ree-virtual-machine systemd[1]: Finished Update the local ESM caches.
3月 29 11:36:09 ree-virtual-machine systemd[1]: Starting Update the local ESM caches...
3月 29 11:36:11 ree-virtual-machine systemd[1]: esm-cache.service: Deactivated successfully.
3月 29 11:36:11 ree-virtual-machine systemd[1]: Finished Update the local ESM caches.
3月 29 11:36:11 ree-virtual-machine systemd[1]: Starting Update the local ESM caches...
3月 29 11:36:13 ree-virtual-machine systemd[1]: esm-cache.service: Deactivated successfully.
3月 29 11:36:13 ree-virtual-machine systemd[1]: Finished Update the local ESM caches.
-- Boot 2a886fae77824755a4d8c5453e54eec8 --
3月 29 11:43:50 ree-virtual-machine systemd[1]: Starting Update the local ESM caches...
3月 29 11:43:52 ree-virtual-machine systemd[1]: esm-cache.service: Deactivated successfully.
3月 29 11:43:52 ree-virtual-machine systemd[1]: Finished Update the local ESM caches.
3月 29 11:43:53 ree-virtual-machine systemd[1]: Starting Update the local ESM caches...
3月 29 11:43:58 ree-virtual-machine systemd[1]: esm-cache.service: Deactivated successfully.
3月 29 11:43:58 ree-virtual-machine systemd[1]: Finished Update the local ESM caches.
-- Boot d7712a95bc0b49358ac3d7c9a0282431 --
3月 29 13:19:55 ree-virtual-machine systemd[1]: Starting Update the local ESM caches...
3月 29 13:19:59 ree-virtual-machine systemd[1]: esm-cache.service: Deactivated successfully.
3月 29 13:19:59 ree-virtual-machine systemd[1]: Finished Update the local ESM caches.
-- Boot 19b4dd46eb7b4597999d4311a7fcd580 --
3月 29 13:25:04 ree-virtual-machine systemd[1]: Starting Update the local ESM caches...
3月 29 13:25:06 ree-virtual-machine systemd[1]: esm-cache.service: Deactivated successfully.
3月 29 13:25:06 ree-virtual-machine systemd[1]: Finished Update the local ESM caches.
-- Boot 9d814a28020a4d1b8dc1b211140df378 --
3月 30 14:05:22 ree-virtual-machine systemd[1]: Starting Update the local ESM caches...
3月 30 14:05:26 ree-virtual-machine systemd[1]: esm-cache.service: Deactivated successfully.
3月 30 14:05:26 ree-virtual-machine systemd[1]: Finished Update the local ESM caches.
3月 30 14:05:31 ree-virtual-machine systemd[1]: Starting Update the local ESM caches...
3月 30 14:05:34 ree-virtual-machine systemd[1]: esm-cache.service: Deactivated successfully.
3月 30 14:05:34 ree-virtual-machine systemd[1]: Finished Update the local ESM caches.
-- Boot 84aa09a898d145c7a959de6db29053d7 --
3月 30 15:02:37 ree-virtual-machine systemd[1]: Starting Update the local ESM caches...
3月 30 15:02:39 ree-virtual-machine systemd[1]: esm-cache.service: Deactivated successfully.
3月 30 15:02:39 ree-virtual-machine systemd[1]: Finished Update the local ESM caches.
-- Boot 1516c1af27714148858b849306510739 --
3月 30 15:24:00 ree-virtual-machine systemd[1]: Starting Update the local ESM caches...
3月 30 15:24:03 ree-virtual-machine systemd[1]: esm-cache.service: Deactivated successfully.
3月 30 15:24:03 ree-virtual-machine systemd[1]: Finished Update the local ESM caches.
-- Boot 9069828abd4b41e5829b4880b07ecdde --
3月 30 15:39:11 ree-virtual-machine systemd[1]: Starting Update the local ESM caches...
3月 30 15:39:13 ree-virtual-machine systemd[1]: esm-cache.service: Deactivated successfully.
3月 30 15:39:13 ree-virtual-machine systemd[1]: Finished Update the local ESM caches.
-- Boot 76e16ebfbeab47788bc4dd8853d9fe7e --
3月 30 17:34:40 ree-virtual-machine systemd[1]: Starting Update the local ESM caches...
3月 30 17:34:44 ree-virtual-machine systemd[1]: esm-cache.service: Deactivated successfully.
3月 30 17:34:44 ree-virtual-machine systemd[1]: Finished Update the local ESM caches.
3月 30 20:25:52 ree-virtual-machine systemd[1]: Starting Update the local ESM caches...
3月 30 20:26:00 ree-virtual-machine python3[10638]: Failed to fetch the ESM Apt Cache
3月 30 20:26:00 ree-virtual-machine systemd[1]: esm-cache.service: Deactivated successfully.
3月 30 20:26:00 ree-virtual-machine systemd[1]: Finished Update the local ESM caches.
-- Boot e249c720d58849269d73a22f14ee6fb9 --
3月 30 20:32:49 ree-virtual-machine systemd[1]: Starting Update the local ESM caches...
3月 30 20:32:55 ree-virtual-machine systemd[1]: esm-cache.service: Deactivated successfully.
3月 30 20:32:55 ree-virtual-machine systemd[1]: Finished Update the local ESM caches.
-- Boot 9ccccf2adff74839b8fba49d83281f8b --
3月 30 22:54:44 ree-virtual-machine systemd[1]: Starting Update the local ESM caches...
3月 30 22:54:50 ree-virtual-machine systemd[1]: esm-cache.service: Deactivated successfully.
3月 30 22:54:50 ree-virtual-machine systemd[1]: Finished Update the local ESM caches.
-- Boot 308f7b0f7a274f0bb6200973f34667b6 --
3月 31 00:22:44 ree-virtual-machine systemd[1]: Starting Update the local ESM caches...
3月 31 00:22:51 ree-virtual-machine systemd[1]: esm-cache.service: Deactivated successfully.
3月 31 00:22:51 ree-virtual-machine systemd[1]: Finished Update the local ESM caches.
-- Boot d85c7c53e5114994bc2f0f623b3af509 --
3月 31 19:12:31 ree-virtual-machine systemd[1]: Starting Update the local ESM caches...
3月 31 19:12:43 ree-virtual-machine systemd[1]: esm-cache.service: Deactivated successfully.
3月 31 19:12:43 ree-virtual-machine systemd[1]: Finished Update the local ESM caches.
3月 31 19:12:47 ree-virtual-machine systemd[1]: Starting Update the local ESM caches...
3月 31 19:12:54 ree-virtual-machine systemd[1]: esm-cache.service: Deactivated successfully.
3月 31 19:12:54 ree-virtual-machine systemd[1]: Finished Update the local ESM caches.
3月 31 19:27:52 ree-virtual-machine systemd[1]: Starting Update the local ESM caches...
3月 31 19:28:00 ree-virtual-machine systemd[1]: esm-cache.service: Deactivated successfully.
3月 31 19:28:00 ree-virtual-machine systemd[1]: Finished Update the local ESM caches.
-- Boot 09785a07d95540b1ad518945fbcc300d --
3月 31 19:44:04 ree-virtual-machine systemd[1]: Starting Update the local ESM caches...
3月 31 19:44:10 ree-virtual-machine systemd[1]: esm-cache.service: Deactivated successfully.
3月 31 19:44:10 ree-virtual-machine systemd[1]: Finished Update the local ESM caches.
-- Boot 436dee14f55b451a880859c1f76478af --
3月 31 21:10:30 ree-virtual-machine systemd[1]: Starting Update the local ESM caches...
3月 31 21:10:36 ree-virtual-machine systemd[1]: esm-cache.service: Deactivated successfully.
3月 31 21:10:36 ree-virtual-machine systemd[1]: Finished Update the local ESM caches.
4月 03 22:11:20 ree-virtual-machine systemd[1]: Starting Update the local ESM caches...
4月 03 22:11:27 ree-virtual-machine systemd[1]: esm-cache.service: Deactivated successfully.
4月 03 22:11:27 ree-virtual-machine systemd[1]: Finished Update the local ESM caches.
-- Boot e2fd3a66bd3b4bd68261cb94d3fee451 --
4月 04 12:21:03 ree-virtual-machine systemd[1]: Starting Update the local ESM caches...
4月 04 12:21:10 ree-virtual-machine systemd[1]: esm-cache.service: Deactivated successfully.
4月 04 12:21:10 ree-virtual-machine systemd[1]: Finished Update the local ESM caches.
4月 04 12:21:20 ree-virtual-machine systemd[1]: Starting Update the local ESM caches...
4月 04 12:21:31 ree-virtual-machine systemd[1]: esm-cache.service: Deactivated successfully.
4月 04 12:21:31 ree-virtual-machine systemd[1]: Finished Update the local ESM caches.
-- Boot 25dbee67bff049baa23eecea014b8763 --
4月 04 17:36:48 ree-virtual-machine systemd[1]: Starting Update the local ESM caches...
4月 04 17:36:54 ree-virtual-machine systemd[1]: esm-cache.service: Deactivated successfully.
4月 04 17:36:54 ree-virtual-machine systemd[1]: Finished Update the local ESM caches.
-- Boot 0d532a9de8ef4df1a92a1cc3f8ce562d --
4月 09 19:14:55 ree-virtual-machine systemd[1]: Starting Update the local ESM caches...
4月 09 19:15:02 ree-virtual-machine systemd[1]: esm-cache.service: Deactivated successfully.
4月 09 19:15:02 ree-virtual-machine systemd[1]: Finished Update the local ESM caches.
4月 09 19:15:06 ree-virtual-machine systemd[1]: Starting Update the local ESM caches...
4月 09 19:15:12 ree-virtual-machine systemd[1]: esm-cache.service: Deactivated successfully.
4月 09 19:15:12 ree-virtual-machine systemd[1]: Finished Update the local ESM caches.
-- Boot 66c095c2b40d4348bbbaa9bd9371fd5b --
4月 09 19:21:43 ree-virtual-machine systemd[1]: Starting Update the local ESM caches...
4月 09 19:21:49 ree-virtual-machine systemd[1]: esm-cache.service: Deactivated successfully.
4月 09 19:21:49 ree-virtual-machine systemd[1]: Finished Update the local ESM caches.
-- Boot 125b443d38b7450fbc1c404530e9dc9e --
4月 12 11:28:31 ree-virtual-machine systemd[1]: Starting Update the local ESM caches...
4月 12 11:28:38 ree-virtual-machine systemd[1]: esm-cache.service: Deactivated successfully.
4月 12 11:28:38 ree-virtual-machine systemd[1]: Finished Update the local ESM caches.
4月 12 11:28:44 ree-virtual-machine systemd[1]: Starting Update the local ESM caches...
4月 12 11:28:51 ree-virtual-machine systemd[1]: esm-cache.service: Deactivated successfully.
4月 12 11:28:51 ree-virtual-machine systemd[1]: Finished Update the local ESM caches.
4月 12 11:40:20 ree-virtual-machine systemd[1]: Starting Update the local ESM caches...
4月 12 11:40:27 ree-virtual-machine systemd[1]: esm-cache.service: Deactivated successfully.
4月 12 11:40:27 ree-virtual-machine systemd[1]: Finished Update the local ESM caches.
-- Boot e043495edc834fd3b8de378cf5b742ab --
4月 12 12:33:42 ree-virtual-machine systemd[1]: Starting Update the local ESM caches...
4月 12 12:33:48 ree-virtual-machine systemd[1]: esm-cache.service: Deactivated successfully.
4月 12 12:33:48 ree-virtual-machine systemd[1]: Finished Update the local ESM caches.
-- Boot 9296bd89129642f58a1e422116180a89 --
4月 12 19:33:36 ree-virtual-machine systemd[1]: Starting Update the local ESM caches...
4月 12 19:33:42 ree-virtual-machine systemd[1]: esm-cache.service: Deactivated successfully.
4月 12 19:33:42 ree-virtual-machine systemd[1]: Finished Update the local ESM caches.
-- Boot e44af90cbb3e49179059ad1de25c45d0 --
4月 12 21:34:24 ree-virtual-machine systemd[1]: Starting Update the local ESM caches...
4月 12 21:34:30 ree-virtual-machine systemd[1]: esm-cache.service: Deactivated successfully.
4月 12 21:34:30 ree-virtual-machine systemd[1]: Finished Update the local ESM caches.
-- Boot 670c3aae65b84f6c8708951f52467260 --
4月 12 21:49:28 ree-virtual-machine systemd[1]: Starting Update the local ESM caches...
4月 12 21:49:34 ree-virtual-machine systemd[1]: esm-cache.service: Deactivated successfully.
4月 12 21:49:34 ree-virtual-machine systemd[1]: Finished Update the local ESM caches.
-- Boot 73255c0c6dec4ce4bca99ec2ceb12507 --
4月 12 21:53:53 ree-virtual-machine systemd[1]: Starting Update the local ESM caches...
4月 12 21:54:00 ree-virtual-machine systemd[1]: esm-cache.service: Deactivated successfully.
4月 12 21:54:00 ree-virtual-machine systemd[1]: Finished Update the local ESM caches.
-- Boot ab354c8c35ec46309c3d583c22d4722e --
4月 13 11:49:45 ree-virtual-machine systemd[1]: Starting Update the local ESM caches...
4月 13 11:49:51 ree-virtual-machine systemd[1]: esm-cache.service: Deactivated successfully.
4月 13 11:49:51 ree-virtual-machine systemd[1]: Finished Update the local ESM caches.
4月 13 11:50:03 ree-virtual-machine systemd[1]: Starting Update the local ESM caches...
4月 13 11:50:08 ree-virtual-machine systemd[1]: esm-cache.service: Deactivated successfully.
4月 13 11:50:08 ree-virtual-machine systemd[1]: Finished Update the local ESM caches.
4月 13 11:50:15 ree-virtual-machine systemd[1]: Starting Update the local ESM caches...
4月 13 11:50:21 ree-virtual-machine systemd[1]: esm-cache.service: Deactivated successfully.
4月 13 11:50:21 ree-virtual-machine systemd[1]: Finished Update the local ESM caches.
4月 13 20:21:00 ree-virtual-machine systemd[1]: Starting Update the local ESM caches...
4月 13 20:21:23 ree-virtual-machine systemd[1]: esm-cache.service: Deactivated successfully.
4月 13 20:21:23 ree-virtual-machine systemd[1]: Finished Update the local ESM caches.
-- Boot 1223bb12cf164754a34338b3879bc416 --
4月 13 20:23:50 ree-virtual-machine systemd[1]: Starting Update the local ESM caches...
4月 13 20:23:56 ree-virtual-machine systemd[1]: esm-cache.service: Deactivated successfully.
4月 13 20:23:56 ree-virtual-machine systemd[1]: Finished Update the local ESM caches.
-- Boot eedc866258b546db86377bdd16f52c6c --
4月 13 23:33:16 ree-virtual-machine systemd[1]: Starting Update the local ESM caches...
4月 13 23:33:24 ree-virtual-machine systemd[1]: esm-cache.service: Deactivated successfully.
4月 13 23:33:24 ree-virtual-machine systemd[1]: Finished Update the local ESM caches.
-- Boot 6336d5d01d9d47a1a84a86d400678bbe --
4月 14 18:40:42 ree-virtual-machine systemd[1]: Starting Update the local ESM caches...
4月 14 18:40:48 ree-virtual-machine systemd[1]: esm-cache.service: Deactivated successfully.
4月 14 18:40:48 ree-virtual-machine systemd[1]: Finished Update the local ESM caches.
4月 14 18:40:48 ree-virtual-machine systemd[1]: esm-cache.service: Consumed 1.069s CPU time.
4月 14 18:41:04 ree-virtual-machine systemd[1]: Starting Update the local ESM caches...
4月 14 18:41:15 ree-virtual-machine systemd[1]: esm-cache.service: Deactivated successfully.
4月 14 18:41:15 ree-virtual-machine systemd[1]: Finished Update the local ESM caches.
-- Boot 00425514c17e404db4cc5611a8f55ed9 --
4月 14 21:28:39 ree-virtual-machine systemd[1]: Starting Update the local ESM caches...
4月 14 21:28:45 ree-virtual-machine systemd[1]: esm-cache.service: Deactivated successfully.
4月 14 21:28:45 ree-virtual-machine systemd[1]: Finished Update the local ESM caches.
4月 15 00:29:34 ree-virtual-machine systemd[1]: Starting Update the local ESM caches...
4月 15 00:29:40 ree-virtual-machine systemd[1]: esm-cache.service: Deactivated successfully.
4月 15 00:29:40 ree-virtual-machine systemd[1]: Finished Update the local ESM caches.
-- Boot ac6742caea064674b1504bee9f2e0abd --
4月 15 11:42:16 ree-virtual-machine systemd[1]: Starting Update the local ESM caches...
4月 15 11:42:23 ree-virtual-machine systemd[1]: esm-cache.service: Deactivated successfully.
4月 15 11:42:23 ree-virtual-machine systemd[1]: Finished Update the local ESM caches.
4月 15 11:42:31 ree-virtual-machine systemd[1]: Starting Update the local ESM caches...
4月 15 11:42:38 ree-virtual-machine systemd[1]: esm-cache.service: Deactivated successfully.
4月 15 11:42:38 ree-virtual-machine systemd[1]: Finished Update the local ESM caches.

