2月 20 18:38:52 ree-virtual-machine systemd[1]: Starting GNOME Display Manager...
2月 20 18:38:52 ree-virtual-machine systemd[1]: Started GNOME Display Manager.
2月 20 18:38:52 ree-virtual-machine gdm-launch-environment][1028]: pam_unix(gdm-launch-environment:session): session opened for user gdm(uid=127) by (uid=0)
2月 20 18:40:15 ree-virtual-machine gdm-password][1727]: gkr-pam: unable to locate daemon control file
2月 20 18:40:15 ree-virtual-machine gdm-password][1727]: gkr-pam: stashed password to try later in open session
2月 20 18:40:15 ree-virtual-machine gdm-password][1727]: pam_unix(gdm-password:session): session opened for user ree(uid=1000) by (uid=0)
2月 20 18:40:16 ree-virtual-machine gdm-password][1727]: gkr-pam: gnome-keyring-daemon started properly and unlocked keyring
2月 20 18:52:48 ree-virtual-machine systemd[1]: Stopping GNOME Display Manager...
2月 20 18:52:48 ree-virtual-machine gdm3[1009]: Gdm: GdmLocalDisplayFactory: Failed to issue method call: GDBus.Error:org.freedesktop.DBus.Error.NoReply: Message recipient disconnected from message bus without replying
2月 20 18:52:48 ree-virtual-machine gdm3[1009]: Gdm: Freeing conversation 'gdm-password' with active job
2月 20 18:52:48 ree-virtual-machine systemd[1]: gdm.service: Deactivated successfully.
2月 20 18:52:48 ree-virtual-machine systemd[1]: Stopped GNOME Display Manager.
-- Boot 59a08585a9874716bda9035a442e266a --
2月 20 18:52:56 ree-virtual-machine systemd[1]: Starting GNOME Display Manager...
2月 20 18:52:56 ree-virtual-machine systemd[1]: Started GNOME Display Manager.
2月 20 18:52:56 ree-virtual-machine gdm-launch-environment][1021]: pam_unix(gdm-launch-environment:session): session opened for user gdm(uid=127) by (uid=0)
2月 20 18:54:22 ree-virtual-machine gdm-password][1615]: gkr-pam: unable to locate daemon control file
2月 20 18:54:22 ree-virtual-machine gdm-password][1615]: gkr-pam: stashed password to try later in open session
2月 20 18:54:22 ree-virtual-machine gdm-password][1615]: pam_unix(gdm-password:session): session opened for user ree(uid=1000) by (uid=0)
2月 20 18:54:22 ree-virtual-machine gdm-password][1615]: gkr-pam: gnome-keyring-daemon started properly and unlocked keyring
2月 20 18:54:24 ree-virtual-machine gdm3[970]: Gdm: Child process -1119 was already dead.
-- Boot 4e50f35765d14836ba11bf87868d3690 --
2月 21 18:32:16 ree-virtual-machine systemd[1]: Starting GNOME Display Manager...
2月 21 18:32:16 ree-virtual-machine systemd[1]: Started GNOME Display Manager.
2月 21 18:32:16 ree-virtual-machine gdm-launch-environment][1054]: pam_unix(gdm-launch-environment:session): session opened for user gdm(uid=127) by (uid=0)
2月 21 18:32:32 ree-virtual-machine gdm-password][1662]: gkr-pam: unable to locate daemon control file
2月 21 18:32:32 ree-virtual-machine gdm-password][1662]: gkr-pam: stashed password to try later in open session
2月 21 18:32:32 ree-virtual-machine gdm-password][1662]: pam_unix(gdm-password:session): session opened for user ree(uid=1000) by (uid=0)
2月 21 18:32:32 ree-virtual-machine gdm-password][1662]: gkr-pam: gnome-keyring-daemon started properly and unlocked keyring
2月 21 18:32:37 ree-virtual-machine gdm3[1007]: Gdm: Child process -1157 was already dead.
2月 21 18:41:05 ree-virtual-machine systemd[1]: Stopping GNOME Display Manager...
2月 21 18:41:05 ree-virtual-machine gdm3[1007]: Gdm: Failed to list cached users: GDBus.Error:org.freedesktop.DBus.Error.ServiceUnknown: The name :1.4 was not provided by any .service files
2月 21 18:41:05 ree-virtual-machine systemd[1]: gdm.service: Main process exited, code=exited, status=1/FAILURE
2月 21 18:41:05 ree-virtual-machine systemd[1]: gdm.service: Failed with result 'exit-code'.
2月 21 18:41:05 ree-virtual-machine systemd[1]: Stopped GNOME Display Manager.
2月 21 18:41:05 ree-virtual-machine systemd[1]: gdm.service: Triggering OnFailure= dependencies.
2月 21 18:41:05 ree-virtual-machine systemd[1]: gdm.service: Failed to enqueue OnFailure= job, ignoring: Transaction for plymouth-quit.service/start is destructive (proc-sys-fs-binfmt_misc.automount has 'stop' job queued, but 'start' is included in transaction).
-- Boot 378ef5fc52a64e67810e6fa7a9ee31e6 --
2月 21 18:42:26 ree-virtual-machine systemd[1]: Starting GNOME Display Manager...
2月 21 18:42:27 ree-virtual-machine systemd[1]: Started GNOME Display Manager.
2月 21 18:42:27 ree-virtual-machine gdm-launch-environment][1034]: pam_unix(gdm-launch-environment:session): session opened for user gdm(uid=127) by (uid=0)
2月 21 18:42:33 ree-virtual-machine gdm-password][1532]: gkr-pam: unable to locate daemon control file
2月 21 18:42:33 ree-virtual-machine gdm-password][1532]: gkr-pam: stashed password to try later in open session
2月 21 18:42:33 ree-virtual-machine gdm-password][1532]: pam_unix(gdm-password:session): session opened for user ree(uid=1000) by (uid=0)
2月 21 18:42:33 ree-virtual-machine gdm-password][1532]: gkr-pam: gnome-keyring-daemon started properly and unlocked keyring
2月 21 18:42:36 ree-virtual-machine gdm3[996]: Gdm: Child process -1117 was already dead.
2月 21 19:01:35 ree-virtual-machine systemd[1]: Stopping GNOME Display Manager...
2月 21 19:01:35 ree-virtual-machine gdm3[996]: Gdm: Failed to contact accountsservice: Error calling StartServiceByName for org.freedesktop.Accounts: Transaction for accounts-daemon.service/start is destructive (systemd-reboot.service has 'start' job queued, but 'stop' is included in transaction).
2月 21 19:01:35 ree-virtual-machine systemd[1]: gdm.service: Main process exited, code=exited, status=1/FAILURE
2月 21 19:01:35 ree-virtual-machine systemd[1]: gdm.service: Failed with result 'exit-code'.
2月 21 19:01:35 ree-virtual-machine systemd[1]: Stopped GNOME Display Manager.
2月 21 19:01:35 ree-virtual-machine systemd[1]: gdm.service: Triggering OnFailure= dependencies.
2月 21 19:01:35 ree-virtual-machine systemd[1]: gdm.service: Failed to enqueue OnFailure= job, ignoring: Transaction for plymouth-quit.service/start is destructive (systemd-tmpfiles-setup-dev.service has 'stop' job queued, but 'start' is included in transaction).
-- Boot 48d666794bf9483ca7ebe0e999848072 --
2月 21 19:01:45 ree-virtual-machine systemd[1]: Starting GNOME Display Manager...
2月 21 19:01:45 ree-virtual-machine systemd[1]: Started GNOME Display Manager.
2月 21 19:01:45 ree-virtual-machine gdm-launch-environment][1013]: pam_unix(gdm-launch-environment:session): session opened for user gdm(uid=127) by (uid=0)
2月 21 19:01:52 ree-virtual-machine gdm-password][1501]: gkr-pam: unable to locate daemon control file
2月 21 19:01:52 ree-virtual-machine gdm-password][1501]: gkr-pam: stashed password to try later in open session
2月 21 19:01:52 ree-virtual-machine gdm-password][1501]: pam_unix(gdm-password:session): session opened for user ree(uid=1000) by (uid=0)
2月 21 19:01:52 ree-virtual-machine gdm-password][1501]: gkr-pam: gnome-keyring-daemon started properly and unlocked keyring
2月 21 19:01:54 ree-virtual-machine gdm3[997]: Gdm: Child process -1032 was already dead.
2月 21 19:02:28 ree-virtual-machine systemd[1]: Stopping GNOME Display Manager...
2月 21 19:02:28 ree-virtual-machine gdm3[997]: Gdm: Failed to list cached users: GDBus.Error:org.freedesktop.systemd1.TransactionIsDestructive: Transaction for accounts-daemon.service/start is destructive (systemd-sysctl.service has 'stop' job queued, but 'start' is included in transaction).
2月 21 19:02:28 ree-virtual-machine systemd[1]: gdm.service: Main process exited, code=exited, status=1/FAILURE
2月 21 19:02:28 ree-virtual-machine systemd[1]: gdm.service: Failed with result 'exit-code'.
2月 21 19:02:28 ree-virtual-machine systemd[1]: Stopped GNOME Display Manager.
2月 21 19:02:28 ree-virtual-machine systemd[1]: gdm.service: Triggering OnFailure= dependencies.
2月 21 19:02:28 ree-virtual-machine systemd[1]: gdm.service: Failed to enqueue OnFailure= job, ignoring: Transaction for plymouth-quit.service/start is destructive (systemd-modules-load.service has 'stop' job queued, but 'start' is included in transaction).
-- Boot a0299816d1d24b8ab70b7c10b1502239 --
2月 21 19:02:37 ree-virtual-machine systemd[1]: Starting GNOME Display Manager...
2月 21 19:02:37 ree-virtual-machine systemd[1]: Started GNOME Display Manager.
2月 21 19:02:37 ree-virtual-machine gdm-launch-environment][1007]: pam_unix(gdm-launch-environment:session): session opened for user gdm(uid=127) by (uid=0)
2月 21 19:02:44 ree-virtual-machine gdm-password][1509]: gkr-pam: unable to locate daemon control file
2月 21 19:02:44 ree-virtual-machine gdm-password][1509]: gkr-pam: stashed password to try later in open session
2月 21 19:02:44 ree-virtual-machine gdm-password][1509]: pam_unix(gdm-password:session): session opened for user ree(uid=1000) by (uid=0)
2月 21 19:02:44 ree-virtual-machine gdm-password][1509]: gkr-pam: gnome-keyring-daemon started properly and unlocked keyring
2月 21 19:02:47 ree-virtual-machine gdm3[999]: Gdm: Child process -1086 was already dead.
2月 21 19:17:46 ree-virtual-machine systemd[1]: Stopping GNOME Display Manager...
2月 21 19:17:46 ree-virtual-machine gdm3[999]: Gdm: Failed to contact accountsservice: Error calling StartServiceByName for org.freedesktop.Accounts: Transaction for accounts-daemon.service/start is destructive (system-systemd\x2dfsck.slice has 'stop' job queued, but 'start' is included in transaction).
2月 21 19:17:46 ree-virtual-machine systemd[1]: gdm.service: Main process exited, code=exited, status=1/FAILURE
2月 21 19:17:46 ree-virtual-machine systemd[1]: gdm.service: Failed with result 'exit-code'.
2月 21 19:17:46 ree-virtual-machine systemd[1]: Stopped GNOME Display Manager.
2月 21 19:17:46 ree-virtual-machine systemd[1]: gdm.service: Triggering OnFailure= dependencies.
2月 21 19:17:46 ree-virtual-machine systemd[1]: gdm.service: Failed to enqueue OnFailure= job, ignoring: Transaction for plymouth-quit.service/start is destructive (sysinit.target has 'stop' job queued, but 'start' is included in transaction).
-- Boot 7319c95352634624b166e30456e7d6e8 --
2月 21 19:17:56 ree-virtual-machine systemd[1]: Starting GNOME Display Manager...
2月 21 19:17:56 ree-virtual-machine systemd[1]: Started GNOME Display Manager.
2月 21 19:17:56 ree-virtual-machine gdm-launch-environment][1012]: pam_unix(gdm-launch-environment:session): session opened for user gdm(uid=127) by (uid=0)
2月 21 19:18:39 ree-virtual-machine gdm-password][1531]: gkr-pam: unable to locate daemon control file
2月 21 19:18:39 ree-virtual-machine gdm-password][1531]: gkr-pam: stashed password to try later in open session
2月 21 19:18:39 ree-virtual-machine gdm-password][1531]: pam_unix(gdm-password:session): session opened for user ree(uid=1000) by (uid=0)
2月 21 19:18:39 ree-virtual-machine gdm-password][1531]: gkr-pam: gnome-keyring-daemon started properly and unlocked keyring
2月 21 19:18:42 ree-virtual-machine gdm3[990]: Gdm: Child process -1089 was already dead.
2月 21 19:23:02 ree-virtual-machine systemd[1]: Stopping GNOME Display Manager...
2月 21 19:23:02 ree-virtual-machine gdm3[990]: Gdm: Failed to contact accountsservice: Error calling StartServiceByName for org.freedesktop.Accounts: Transaction for accounts-daemon.service/start is destructive (systemd-timesyncd.service has 'stop' job queued, but 'start' is included in transaction).
2月 21 19:23:02 ree-virtual-machine systemd[1]: gdm.service: Main process exited, code=exited, status=1/FAILURE
2月 21 19:23:02 ree-virtual-machine systemd[1]: gdm.service: Failed with result 'exit-code'.
2月 21 19:23:02 ree-virtual-machine systemd[1]: Stopped GNOME Display Manager.
2月 21 19:23:02 ree-virtual-machine systemd[1]: gdm.service: Triggering OnFailure= dependencies.
2月 21 19:23:02 ree-virtual-machine systemd[1]: gdm.service: Failed to enqueue OnFailure= job, ignoring: Transaction for plymouth-quit.service/start is destructive (local-fs-pre.target has 'stop' job queued, but 'start' is included in transaction).
-- Boot e6c010b640444a48974c34b34cbf889b --
2月 21 19:23:11 ree-virtual-machine systemd[1]: Starting GNOME Display Manager...
2月 21 19:23:11 ree-virtual-machine systemd[1]: Started GNOME Display Manager.
2月 21 19:23:11 ree-virtual-machine gdm-launch-environment][1025]: pam_unix(gdm-launch-environment:session): session opened for user gdm(uid=127) by (uid=0)
2月 21 19:23:28 ree-virtual-machine gdm-password][1512]: gkr-pam: unable to locate daemon control file
2月 21 19:23:28 ree-virtual-machine gdm-password][1512]: gkr-pam: stashed password to try later in open session
2月 21 19:23:28 ree-virtual-machine gdm-password][1512]: pam_unix(gdm-password:session): session opened for user ree(uid=1000) by (uid=0)
2月 21 19:23:28 ree-virtual-machine gdm-password][1512]: gkr-pam: gnome-keyring-daemon started properly and unlocked keyring
2月 21 19:23:31 ree-virtual-machine gdm3[995]: Gdm: Child process -1087 was already dead.
2月 21 19:28:39 ree-virtual-machine gdm-launch-environment][5544]: pam_unix(gdm-launch-environment:session): session opened for user gdm(uid=127) by (uid=0)
2月 21 19:28:45 ree-virtual-machine gdm-password][5946]: gkr-pam: unable to locate daemon control file
2月 21 19:28:45 ree-virtual-machine gdm-password][5946]: gkr-pam: stashed password to try later in open session
2月 21 19:28:45 ree-virtual-machine gdm-password][5946]: pam_unix(gdm-password:session): session opened for user ree(uid=1000) by (uid=0)
2月 21 19:28:45 ree-virtual-machine gdm-password][5946]: gkr-pam: gnome-keyring-daemon started properly and unlocked keyring
2月 21 19:28:48 ree-virtual-machine gdm3[995]: Gdm: Child process -5571 was already dead.
2月 21 19:50:53 ree-virtual-machine systemd[1]: Stopping GNOME Display Manager...
2月 21 19:50:53 ree-virtual-machine gdm3[995]: Gdm: Failed to contact accountsservice: Error calling StartServiceByName for org.freedesktop.Accounts: Transaction for accounts-daemon.service/start is destructive (systemd-tmpfiles-setup-dev.service has 'stop' job queued, but 'start' is included in transaction).
2月 21 19:50:53 ree-virtual-machine systemd[1]: gdm.service: Main process exited, code=exited, status=1/FAILURE
2月 21 19:50:53 ree-virtual-machine systemd[1]: gdm.service: Failed with result 'exit-code'.
2月 21 19:50:53 ree-virtual-machine systemd[1]: Stopped GNOME Display Manager.
2月 21 19:50:53 ree-virtual-machine systemd[1]: gdm.service: Triggering OnFailure= dependencies.
2月 21 19:50:53 ree-virtual-machine systemd[1]: gdm.service: Failed to enqueue OnFailure= job, ignoring: Transaction for plymouth-quit.service/start is destructive (boot-efi.mount has 'stop' job queued, but 'start' is included in transaction).
-- Boot 9ce45ab8fa0345b987fea497f44c5051 --
3月 10 20:00:45 ree-virtual-machine systemd[1]: Starting GNOME Display Manager...
3月 10 20:00:45 ree-virtual-machine systemd[1]: Started GNOME Display Manager.
3月 10 20:00:45 ree-virtual-machine gdm-launch-environment][946]: pam_unix(gdm-launch-environment:session): session opened for user gdm(uid=127) by (uid=0)
3月 10 20:00:58 ree-virtual-machine gdm-password][1509]: gkr-pam: unable to locate daemon control file
3月 10 20:00:58 ree-virtual-machine gdm-password][1509]: gkr-pam: stashed password to try later in open session
3月 10 20:00:58 ree-virtual-machine gdm-password][1509]: pam_unix(gdm-password:session): session opened for user ree(uid=1000) by (uid=0)
3月 10 20:00:58 ree-virtual-machine gdm-password][1509]: gkr-pam: gnome-keyring-daemon started properly and unlocked keyring
3月 10 20:01:03 ree-virtual-machine gdm3[931]: Gdm: Child process -1089 was already dead.
3月 10 20:03:46 ree-virtual-machine gdm-launch-environment][4223]: pam_unix(gdm-launch-environment:session): session opened for user gdm(uid=127) by (uid=0)
3月 10 20:03:54 ree-virtual-machine gdm-password][4691]: gkr-pam: unable to locate daemon control file
3月 10 20:03:54 ree-virtual-machine gdm-password][4691]: gkr-pam: stashed password to try later in open session
3月 10 20:03:54 ree-virtual-machine gdm-password][4691]: pam_unix(gdm-password:session): session opened for user ree(uid=1000) by (uid=0)
3月 10 20:03:54 ree-virtual-machine gdm-password][4691]: gkr-pam: gnome-keyring-daemon started properly and unlocked keyring
3月 10 20:03:57 ree-virtual-machine gdm3[931]: Gdm: Child process -4255 was already dead.
3月 10 20:30:58 ree-virtual-machine systemd[1]: Stopping GNOME Display Manager...
3月 10 20:30:58 ree-virtual-machine gdm3[931]: Gdm: Failed to list cached users: GDBus.Error:org.freedesktop.DBus.Error.ServiceUnknown: The name :1.3 was not provided by any .service files
3月 10 20:30:58 ree-virtual-machine systemd[1]: gdm.service: Main process exited, code=exited, status=1/FAILURE
3月 10 20:30:58 ree-virtual-machine systemd[1]: gdm.service: Failed with result 'exit-code'.
3月 10 20:30:58 ree-virtual-machine systemd[1]: Stopped GNOME Display Manager.
3月 10 20:30:58 ree-virtual-machine systemd[1]: gdm.service: Triggering OnFailure= dependencies.
3月 10 20:30:58 ree-virtual-machine systemd[1]: gdm.service: Failed to enqueue OnFailure= job, ignoring: Transaction for plymouth-quit.service/start is destructive (sysinit.target has 'stop' job queued, but 'start' is included in transaction).
-- Boot 78840721b8c14d03929c91da9cf2989f --
3月 15 11:06:35 ree-virtual-machine systemd[1]: Starting GNOME Display Manager...
3月 15 11:06:35 ree-virtual-machine systemd[1]: Started GNOME Display Manager.
3月 15 11:06:36 ree-virtual-machine gdm-launch-environment][992]: pam_unix(gdm-launch-environment:session): session opened for user gdm(uid=127) by (uid=0)
3月 15 11:09:29 ree-virtual-machine gdm-password][1531]: gkr-pam: unable to locate daemon control file
3月 15 11:09:29 ree-virtual-machine gdm-password][1531]: gkr-pam: stashed password to try later in open session
3月 15 11:09:29 ree-virtual-machine gdm-password][1531]: pam_unix(gdm-password:session): session opened for user ree(uid=1000) by (uid=0)
3月 15 11:09:29 ree-virtual-machine gdm-password][1531]: gkr-pam: gnome-keyring-daemon started properly and unlocked keyring
3月 15 11:09:34 ree-virtual-machine gdm3[976]: Gdm: Child process -1088 was already dead.
3月 15 11:27:13 ree-virtual-machine systemd[1]: Stopping GNOME Display Manager...
3月 15 11:27:13 ree-virtual-machine gdm3[976]: Gdm: GdmLocalDisplayFactory: Failed to issue method call: GDBus.Error:org.freedesktop.DBus.Error.NoReply: Message recipient disconnected from message bus without replying
3月 15 11:27:13 ree-virtual-machine gdm3[976]: Gdm: Freeing conversation 'gdm-password' with active job
3月 15 11:27:14 ree-virtual-machine systemd[1]: gdm.service: Deactivated successfully.
3月 15 11:27:14 ree-virtual-machine systemd[1]: Stopped GNOME Display Manager.
-- Boot ca9b2e5e215f4f3fbeb8e0a2983e83e6 --
3月 22 19:20:01 ree-virtual-machine systemd[1]: Starting GNOME Display Manager...
3月 22 19:20:01 ree-virtual-machine systemd[1]: Started GNOME Display Manager.
3月 22 19:20:01 ree-virtual-machine gdm-launch-environment][985]: pam_unix(gdm-launch-environment:session): session opened for user gdm(uid=127) by (uid=0)
3月 22 19:20:53 ree-virtual-machine gdm-password][1537]: gkr-pam: unable to locate daemon control file
3月 22 19:20:53 ree-virtual-machine gdm-password][1537]: gkr-pam: stashed password to try later in open session
3月 22 19:20:53 ree-virtual-machine gdm-password][1537]: pam_unix(gdm-password:session): session opened for user ree(uid=1000) by (uid=0)
3月 22 19:20:53 ree-virtual-machine gdm-password][1537]: gkr-pam: gnome-keyring-daemon started properly and unlocked keyring
3月 22 19:20:57 ree-virtual-machine gdm3[958]: Gdm: Child process -1095 was already dead.
3月 22 19:56:18 ree-virtual-machine systemd[1]: Stopping GNOME Display Manager...
3月 22 19:56:18 ree-virtual-machine gdm3[958]: Gdm: GdmLocalDisplayFactory: Failed to issue method call: GDBus.Error:org.freedesktop.DBus.Error.NoReply: Message recipient disconnected from message bus without replying
3月 22 19:56:18 ree-virtual-machine gdm3[958]: Gdm: Freeing conversation 'gdm-password' with active job
3月 22 19:56:18 ree-virtual-machine systemd[1]: gdm.service: Deactivated successfully.
3月 22 19:56:18 ree-virtual-machine systemd[1]: Stopped GNOME Display Manager.
-- Boot ee7967cec9534f4aa0162aa833ebf2b7 --
3月 22 19:56:29 ree-virtual-machine systemd[1]: Starting GNOME Display Manager...
3月 22 19:56:29 ree-virtual-machine systemd[1]: Started GNOME Display Manager.
3月 22 19:56:29 ree-virtual-machine gdm-launch-environment][1023]: pam_unix(gdm-launch-environment:session): session opened for user gdm(uid=127) by (uid=0)
3月 22 19:56:46 ree-virtual-machine gdm-password][1547]: gkr-pam: unable to locate daemon control file
3月 22 19:56:46 ree-virtual-machine gdm-password][1547]: gkr-pam: stashed password to try later in open session
3月 22 19:56:46 ree-virtual-machine gdm-password][1547]: pam_unix(gdm-password:session): session opened for user ree(uid=1000) by (uid=0)
3月 22 19:56:46 ree-virtual-machine gdm-password][1547]: gkr-pam: gnome-keyring-daemon started properly and unlocked keyring
3月 22 19:56:49 ree-virtual-machine gdm3[1008]: Gdm: Child process -1101 was already dead.
-- Boot 9e3eeb915f5e4d0aab1fa06627dc238a --
3月 25 22:03:00 ree-virtual-machine systemd[1]: Starting GNOME Display Manager...
3月 25 22:03:00 ree-virtual-machine systemd[1]: Started GNOME Display Manager.
3月 25 22:03:00 ree-virtual-machine gdm-launch-environment][979]: pam_unix(gdm-launch-environment:session): session opened for user gdm(uid=127) by (uid=0)
3月 25 22:03:09 ree-virtual-machine gdm-password][1505]: gkr-pam: unable to locate daemon control file
3月 25 22:03:09 ree-virtual-machine gdm-password][1505]: gkr-pam: stashed password to try later in open session
3月 25 22:03:09 ree-virtual-machine gdm-password][1505]: pam_unix(gdm-password:session): session opened for user ree(uid=1000) by (uid=0)
3月 25 22:03:09 ree-virtual-machine gdm-password][1505]: gkr-pam: gnome-keyring-daemon started properly and unlocked keyring
3月 25 22:03:13 ree-virtual-machine gdm3[965]: Gdm: Child process -1096 was already dead.
-- Boot cce731051b6244c4a03f32893ae3c956 --
3月 28 10:31:04 ree-virtual-machine systemd[1]: Starting GNOME Display Manager...
3月 28 10:31:04 ree-virtual-machine systemd[1]: Started GNOME Display Manager.
3月 28 10:31:04 ree-virtual-machine gdm-launch-environment][973]: pam_unix(gdm-launch-environment:session): session opened for user gdm(uid=127) by (uid=0)
3月 28 10:37:45 ree-virtual-machine gdm-password][1531]: gkr-pam: unable to locate daemon control file
3月 28 10:37:45 ree-virtual-machine gdm-password][1531]: gkr-pam: stashed password to try later in open session
3月 28 10:37:45 ree-virtual-machine gdm-password][1531]: pam_unix(gdm-password:session): session opened for user ree(uid=1000) by (uid=0)
3月 28 10:37:45 ree-virtual-machine gdm-password][1531]: gkr-pam: gnome-keyring-daemon started properly and unlocked keyring
3月 28 10:37:51 ree-virtual-machine gdm3[964]: Gdm: Child process -1079 was already dead.
-- Boot 2a886fae77824755a4d8c5453e54eec8 --
3月 29 11:43:32 ree-virtual-machine systemd[1]: Starting GNOME Display Manager...
3月 29 11:43:32 ree-virtual-machine systemd[1]: Started GNOME Display Manager.
3月 29 11:43:33 ree-virtual-machine gdm-launch-environment][981]: pam_unix(gdm-launch-environment:session): session opened for user gdm(uid=127) by (uid=0)
3月 29 11:43:42 ree-virtual-machine gdm-password][1513]: gkr-pam: unable to locate daemon control file
3月 29 11:43:42 ree-virtual-machine gdm-password][1513]: gkr-pam: stashed password to try later in open session
3月 29 11:43:42 ree-virtual-machine gdm-password][1513]: pam_unix(gdm-password:session): session opened for user ree(uid=1000) by (uid=0)
3月 29 11:43:42 ree-virtual-machine gdm-password][1513]: gkr-pam: gnome-keyring-daemon started properly and unlocked keyring
3月 29 11:43:47 ree-virtual-machine gdm3[955]: Gdm: Child process -1090 was already dead.
3月 29 12:42:33 ree-virtual-machine systemd[1]: Stopping GNOME Display Manager...
3月 29 12:42:34 ree-virtual-machine gdm3[955]: Gdm: Failed to contact accountsservice: Error calling StartServiceByName for org.freedesktop.Accounts: Transaction for accounts-daemon.service/start is destructive (cryptsetup.target has 'stop' job queued, but 'start' is included in transaction).
3月 29 12:42:34 ree-virtual-machine systemd[1]: gdm.service: Main process exited, code=exited, status=1/FAILURE
3月 29 12:42:34 ree-virtual-machine systemd[1]: gdm.service: Failed with result 'exit-code'.
3月 29 12:42:34 ree-virtual-machine systemd[1]: Stopped GNOME Display Manager.
3月 29 12:42:34 ree-virtual-machine systemd[1]: gdm.service: Triggering OnFailure= dependencies.
3月 29 12:42:34 ree-virtual-machine systemd[1]: gdm.service: Failed to enqueue OnFailure= job, ignoring: Transaction for plymouth-quit.service/start is destructive (swap.target has 'stop' job queued, but 'start' is included in transaction).
-- Boot bb0991777ac541be83385906c043308d --
3月 29 12:42:42 ree-virtual-machine systemd[1]: Starting GNOME Display Manager...
3月 29 12:42:42 ree-virtual-machine systemd[1]: Started GNOME Display Manager.
3月 29 12:42:42 ree-virtual-machine gdm-launch-environment][1021]: pam_unix(gdm-launch-environment:session): session opened for user gdm(uid=127) by (uid=0)
3月 29 12:43:26 ree-virtual-machine gdm-password][1564]: gkr-pam: unable to locate daemon control file
3月 29 12:43:26 ree-virtual-machine gdm-password][1564]: gkr-pam: stashed password to try later in open session
3月 29 12:43:26 ree-virtual-machine gdm-password][1564]: pam_unix(gdm-password:session): session opened for user ree(uid=1000) by (uid=0)
3月 29 12:43:26 ree-virtual-machine gdm-password][1564]: gkr-pam: gnome-keyring-daemon started properly and unlocked keyring
3月 29 12:43:29 ree-virtual-machine gdm3[971]: Gdm: Child process -1113 was already dead.
3月 29 12:50:43 ree-virtual-machine systemd[1]: Stopping GNOME Display Manager...
3月 29 12:50:43 ree-virtual-machine gdm3[971]: Gdm: Failed to contact accountsservice: Error calling StartServiceByName for org.freedesktop.Accounts: Transaction for accounts-daemon.service/start is destructive (systemd-sysctl.service has 'stop' job queued, but 'start' is included in transaction).
3月 29 12:50:43 ree-virtual-machine systemd[1]: gdm.service: Main process exited, code=exited, status=1/FAILURE
3月 29 12:50:43 ree-virtual-machine systemd[1]: gdm.service: Failed with result 'exit-code'.
3月 29 12:50:43 ree-virtual-machine systemd[1]: Stopped GNOME Display Manager.
3月 29 12:50:43 ree-virtual-machine systemd[1]: gdm.service: Triggering OnFailure= dependencies.
3月 29 12:50:43 ree-virtual-machine systemd[1]: gdm.service: Failed to enqueue OnFailure= job, ignoring: Transaction for plymouth-quit.service/start is destructive (local-fs-pre.target has 'stop' job queued, but 'start' is included in transaction).
-- Boot d7712a95bc0b49358ac3d7c9a0282431 --
3月 29 13:18:47 ree-virtual-machine systemd[1]: Starting GNOME Display Manager...
3月 29 13:18:47 ree-virtual-machine systemd[1]: Started GNOME Display Manager.
3月 29 13:18:47 ree-virtual-machine gdm-launch-environment][1036]: pam_unix(gdm-launch-environment:session): session opened for user gdm(uid=127) by (uid=0)
3月 29 13:19:48 ree-virtual-machine gdm-password][1584]: gkr-pam: unable to locate daemon control file
3月 29 13:19:48 ree-virtual-machine gdm-password][1584]: gkr-pam: stashed password to try later in open session
3月 29 13:19:48 ree-virtual-machine gdm-password][1584]: pam_unix(gdm-password:session): session opened for user ree(uid=1000) by (uid=0)
3月 29 13:19:48 ree-virtual-machine gdm-password][1584]: gkr-pam: gnome-keyring-daemon started properly and unlocked keyring
3月 29 13:23:16 ree-virtual-machine systemd[1]: Stopping GNOME Display Manager...
3月 29 13:23:16 ree-virtual-machine systemd[1]: gdm.service: Deactivated successfully.
3月 29 13:23:16 ree-virtual-machine systemd[1]: Stopped GNOME Display Manager.
-- Boot 19b4dd46eb7b4597999d4311a7fcd580 --
3月 29 13:24:44 ree-virtual-machine systemd[1]: Starting GNOME Display Manager...
3月 29 13:24:44 ree-virtual-machine systemd[1]: Started GNOME Display Manager.
3月 29 13:24:44 ree-virtual-machine gdm-launch-environment][962]: pam_unix(gdm-launch-environment:session): session opened for user gdm(uid=127) by (uid=0)
3月 29 13:24:57 ree-virtual-machine gdm-password][1503]: gkr-pam: unable to locate daemon control file
3月 29 13:24:57 ree-virtual-machine gdm-password][1503]: gkr-pam: stashed password to try later in open session
3月 29 13:24:57 ree-virtual-machine gdm-password][1503]: pam_unix(gdm-password:session): session opened for user ree(uid=1000) by (uid=0)
3月 29 13:24:57 ree-virtual-machine gdm-password][1503]: gkr-pam: gnome-keyring-daemon started properly and unlocked keyring
-- Boot 9d814a28020a4d1b8dc1b211140df378 --
3月 30 14:04:52 ree-virtual-machine systemd[1]: Starting GNOME Display Manager...
3月 30 14:04:53 ree-virtual-machine systemd[1]: Started GNOME Display Manager.
3月 30 14:04:53 ree-virtual-machine gdm-launch-environment][982]: pam_unix(gdm-launch-environment:session): session opened for user gdm(uid=127) by (uid=0)
3月 30 14:05:15 ree-virtual-machine gdm-password][1523]: gkr-pam: unable to locate daemon control file
3月 30 14:05:15 ree-virtual-machine gdm-password][1523]: gkr-pam: stashed password to try later in open session
3月 30 14:05:15 ree-virtual-machine gdm-password][1523]: pam_unix(gdm-password:session): session opened for user ree(uid=1000) by (uid=0)
3月 30 14:05:15 ree-virtual-machine gdm-password][1523]: gkr-pam: gnome-keyring-daemon started properly and unlocked keyring
3月 30 14:05:19 ree-virtual-machine gdm3[973]: Gdm: Child process -1104 was already dead.
3月 30 14:58:38 ree-virtual-machine systemd[1]: Stopping GNOME Display Manager...
3月 30 14:58:39 ree-virtual-machine gdm3[973]: Gdm: GdmLocalDisplayFactory: Failed to issue method call: GDBus.Error:org.freedesktop.DBus.Error.NoReply: Message recipient disconnected from message bus without replying
3月 30 14:58:39 ree-virtual-machine gdm3[973]: Gdm: Freeing conversation 'gdm-password' with active job
3月 30 14:58:39 ree-virtual-machine systemd[1]: gdm.service: Deactivated successfully.
3月 30 14:58:39 ree-virtual-machine systemd[1]: Stopped GNOME Display Manager.
-- Boot 84aa09a898d145c7a959de6db29053d7 --
3月 30 15:02:21 ree-virtual-machine systemd[1]: Starting GNOME Display Manager...
3月 30 15:02:21 ree-virtual-machine systemd[1]: Started GNOME Display Manager.
3月 30 15:02:21 ree-virtual-machine gdm-launch-environment][979]: pam_unix(gdm-launch-environment:session): session opened for user gdm(uid=127) by (uid=0)
3月 30 15:02:30 ree-virtual-machine gdm-password][1518]: gkr-pam: unable to locate daemon control file
3月 30 15:02:30 ree-virtual-machine gdm-password][1518]: gkr-pam: stashed password to try later in open session
3月 30 15:02:30 ree-virtual-machine gdm-password][1518]: pam_unix(gdm-password:session): session opened for user ree(uid=1000) by (uid=0)
3月 30 15:02:30 ree-virtual-machine gdm-password][1518]: gkr-pam: gnome-keyring-daemon started properly and unlocked keyring
3月 30 15:02:34 ree-virtual-machine gdm3[970]: Gdm: Child process -1042 was already dead.
3月 30 15:02:52 ree-virtual-machine systemd[1]: Stopping GNOME Display Manager...
3月 30 15:02:52 ree-virtual-machine gdm3[970]: Gdm: GdmLocalDisplayFactory: Failed to issue method call: GDBus.Error:org.freedesktop.DBus.Error.NoReply: Message recipient disconnected from message bus without replying
3月 30 15:02:52 ree-virtual-machine gdm3[970]: Gdm: Freeing conversation 'gdm-password' with active job
3月 30 15:02:52 ree-virtual-machine systemd[1]: gdm.service: Deactivated successfully.
3月 30 15:02:52 ree-virtual-machine systemd[1]: Stopped GNOME Display Manager.
-- Boot aa4829cf4bad48fb9f7b1a4eb947f5c0 --
3月 30 15:03:27 ree-virtual-machine systemd[1]: Starting GNOME Display Manager...
3月 30 15:03:27 ree-virtual-machine systemd[1]: Started GNOME Display Manager.
3月 30 15:03:27 ree-virtual-machine gdm-launch-environment][1033]: pam_unix(gdm-launch-environment:session): session opened for user gdm(uid=127) by (uid=0)
3月 30 15:03:35 ree-virtual-machine gdm3[1022]: Gdm: Tried to look up non-existent conversation gdm-launch-environment
3月 30 15:03:35 ree-virtual-machine gdm3[1022]: Gdm: Freeing conversation 'gdm-launch-environment' with active job
3月 30 15:03:35 ree-virtual-machine systemd[1]: Stopping GNOME Display Manager...
3月 30 15:03:35 ree-virtual-machine gdm3[1022]: Gdm: Failed to contact accountsservice: Error calling StartServiceByName for org.freedesktop.Accounts: Transaction for accounts-daemon.service/start is destructive (poweroff.target has 'start' job queued, but 'stop' is included in transaction).
3月 30 15:03:36 ree-virtual-machine systemd[1]: gdm.service: Main process exited, code=exited, status=1/FAILURE
3月 30 15:03:36 ree-virtual-machine systemd[1]: gdm.service: Failed with result 'exit-code'.
3月 30 15:03:36 ree-virtual-machine systemd[1]: Stopped GNOME Display Manager.
3月 30 15:03:36 ree-virtual-machine systemd[1]: gdm.service: Triggering OnFailure= dependencies.
3月 30 15:03:36 ree-virtual-machine systemd[1]: gdm.service: Failed to enqueue OnFailure= job, ignoring: Transaction for plymouth-quit.service/start is destructive (systemd-tmpfiles-setup.service has 'stop' job queued, but 'start' is included in transaction).
-- Boot 00a7e42d2b624b439bea376a3bc361f1 --
3月 30 15:14:14 ree-virtual-machine systemd[1]: Starting GNOME Display Manager...
3月 30 15:14:14 ree-virtual-machine systemd[1]: Started GNOME Display Manager.
3月 30 15:14:14 ree-virtual-machine gdm-launch-environment][964]: pam_unix(gdm-launch-environment:session): session opened for user gdm(uid=127) by (uid=0)
3月 30 15:15:05 ree-virtual-machine gdm3[945]: Gdm: Tried to look up non-existent conversation gdm-launch-environment
3月 30 15:15:05 ree-virtual-machine gdm3[945]: Gdm: Freeing conversation 'gdm-launch-environment' with active job
3月 30 15:15:05 ree-virtual-machine systemd[1]: Stopping GNOME Display Manager...
3月 30 15:15:05 ree-virtual-machine gdm3[945]: Gdm: Failed to contact accountsservice: Error calling StartServiceByName for org.freedesktop.Accounts: Transaction for accounts-daemon.service/start is destructive (shutdown.target has 'start' job queued, but 'stop' is included in transaction).
3月 30 15:15:05 ree-virtual-machine systemd[1]: gdm.service: Main process exited, code=exited, status=1/FAILURE
3月 30 15:15:05 ree-virtual-machine systemd[1]: gdm.service: Failed with result 'exit-code'.
3月 30 15:15:05 ree-virtual-machine systemd[1]: Stopped GNOME Display Manager.
3月 30 15:15:05 ree-virtual-machine systemd[1]: gdm.service: Triggering OnFailure= dependencies.
3月 30 15:15:05 ree-virtual-machine systemd[1]: gdm.service: Failed to enqueue OnFailure= job, ignoring: Transaction for plymouth-quit.service/start is destructive (boot-efi.mount has 'stop' job queued, but 'start' is included in transaction).
-- Boot 1516c1af27714148858b849306510739 --
3月 30 15:23:25 ree-virtual-machine systemd[1]: Starting GNOME Display Manager...
3月 30 15:23:25 ree-virtual-machine systemd[1]: Started GNOME Display Manager.
3月 30 15:23:26 ree-virtual-machine gdm-launch-environment][953]: pam_unix(gdm-launch-environment:session): session opened for user gdm(uid=127) by (uid=0)
3月 30 15:23:46 ree-virtual-machine gdm-password][1495]: gkr-pam: unable to locate daemon control file
3月 30 15:23:46 ree-virtual-machine gdm-password][1495]: gkr-pam: stashed password to try later in open session
3月 30 15:23:46 ree-virtual-machine gdm-password][1495]: pam_unix(gdm-password:session): session opened for user ree(uid=1000) by (uid=0)
3月 30 15:23:46 ree-virtual-machine gdm-password][1495]: gkr-pam: gnome-keyring-daemon started properly and unlocked keyring
3月 30 15:23:55 ree-virtual-machine gdm3[939]: Gdm: Child process -1065 was already dead.
3月 30 15:38:16 ree-virtual-machine systemd[1]: Stopping GNOME Display Manager...
3月 30 15:38:16 ree-virtual-machine gdm3[939]: Gdm: Failed to list cached users: GDBus.Error:org.freedesktop.DBus.Error.ServiceUnknown: The name :1.4 was not provided by any .service files
3月 30 15:38:16 ree-virtual-machine systemd[1]: gdm.service: Main process exited, code=exited, status=1/FAILURE
3月 30 15:38:16 ree-virtual-machine systemd[1]: gdm.service: Failed with result 'exit-code'.
3月 30 15:38:16 ree-virtual-machine systemd[1]: Stopped GNOME Display Manager.
3月 30 15:38:16 ree-virtual-machine systemd[1]: gdm.service: Triggering OnFailure= dependencies.
3月 30 15:38:16 ree-virtual-machine systemd[1]: gdm.service: Failed to enqueue OnFailure= job, ignoring: Transaction for plymouth-quit.service/start is destructive (poweroff.target has 'start' job queued, but 'stop' is included in transaction).
-- Boot 9069828abd4b41e5829b4880b07ecdde --
3月 30 15:38:53 ree-virtual-machine systemd[1]: Starting GNOME Display Manager...
3月 30 15:38:53 ree-virtual-machine systemd[1]: Started GNOME Display Manager.
3月 30 15:38:53 ree-virtual-machine gdm-launch-environment][961]: pam_unix(gdm-launch-environment:session): session opened for user gdm(uid=127) by (uid=0)
3月 30 15:39:04 ree-virtual-machine gdm-password][1495]: gkr-pam: unable to locate daemon control file
3月 30 15:39:04 ree-virtual-machine gdm-password][1495]: gkr-pam: stashed password to try later in open session
3月 30 15:39:04 ree-virtual-machine gdm-password][1495]: pam_unix(gdm-password:session): session opened for user ree(uid=1000) by (uid=0)
3月 30 15:39:04 ree-virtual-machine gdm-password][1495]: gkr-pam: gnome-keyring-daemon started properly and unlocked keyring
3月 30 15:39:08 ree-virtual-machine gdm3[953]: Gdm: Child process -1075 was already dead.
-- Boot 76e16ebfbeab47788bc4dd8853d9fe7e --
3月 30 17:34:19 ree-virtual-machine systemd[1]: Starting GNOME Display Manager...
3月 30 17:34:19 ree-virtual-machine systemd[1]: Started GNOME Display Manager.
3月 30 17:34:19 ree-virtual-machine gdm-launch-environment][1034]: pam_unix(gdm-launch-environment:session): session opened for user gdm(uid=127) by (uid=0)
3月 30 17:34:32 ree-virtual-machine gdm-password][1579]: gkr-pam: unable to locate daemon control file
3月 30 17:34:32 ree-virtual-machine gdm-password][1579]: gkr-pam: stashed password to try later in open session
3月 30 17:34:32 ree-virtual-machine gdm-password][1579]: pam_unix(gdm-password:session): session opened for user ree(uid=1000) by (uid=0)
3月 30 17:34:32 ree-virtual-machine gdm-password][1579]: gkr-pam: gnome-keyring-daemon started properly and unlocked keyring
3月 30 17:34:37 ree-virtual-machine gdm3[1018]: Gdm: Child process -1161 was already dead.
3月 30 20:32:24 ree-virtual-machine systemd[1]: Stopping GNOME Display Manager...
3月 30 20:32:24 ree-virtual-machine gdm3[1018]: Gdm: GdmLocalDisplayFactory: Failed to issue method call: GDBus.Error:org.freedesktop.DBus.Error.NoReply: Message recipient disconnected from message bus without replying
3月 30 20:32:24 ree-virtual-machine gdm3[1018]: Gdm: Freeing conversation 'gdm-password' with active job
3月 30 20:32:24 ree-virtual-machine systemd[1]: gdm.service: Deactivated successfully.
3月 30 20:32:24 ree-virtual-machine systemd[1]: Stopped GNOME Display Manager.
-- Boot e249c720d58849269d73a22f14ee6fb9 --
3月 30 20:32:33 ree-virtual-machine systemd[1]: Starting GNOME Display Manager...
3月 30 20:32:33 ree-virtual-machine systemd[1]: Started GNOME Display Manager.
3月 30 20:32:33 ree-virtual-machine gdm-launch-environment][1024]: pam_unix(gdm-launch-environment:session): session opened for user gdm(uid=127) by (uid=0)
3月 30 20:32:43 ree-virtual-machine gdm-password][1513]: gkr-pam: unable to locate daemon control file
3月 30 20:32:43 ree-virtual-machine gdm-password][1513]: gkr-pam: stashed password to try later in open session
3月 30 20:32:43 ree-virtual-machine gdm-password][1513]: pam_unix(gdm-password:session): session opened for user ree(uid=1000) by (uid=0)
3月 30 20:32:43 ree-virtual-machine gdm-password][1513]: gkr-pam: gnome-keyring-daemon started properly and unlocked keyring
3月 30 20:32:47 ree-virtual-machine gdm3[999]: Gdm: Child process -1047 was already dead.
-- Boot 9ccccf2adff74839b8fba49d83281f8b --
3月 30 22:53:44 ree-virtual-machine systemd[1]: Starting GNOME Display Manager...
3月 30 22:53:44 ree-virtual-machine systemd[1]: Started GNOME Display Manager.
3月 30 22:53:44 ree-virtual-machine gdm-launch-environment][974]: pam_unix(gdm-launch-environment:session): session opened for user gdm(uid=127) by (uid=0)
3月 30 22:54:37 ree-virtual-machine gdm-password][1523]: gkr-pam: unable to locate daemon control file
3月 30 22:54:37 ree-virtual-machine gdm-password][1523]: gkr-pam: stashed password to try later in open session
3月 30 22:54:37 ree-virtual-machine gdm-password][1523]: pam_unix(gdm-password:session): session opened for user ree(uid=1000) by (uid=0)
3月 30 22:54:37 ree-virtual-machine gdm-password][1523]: gkr-pam: gnome-keyring-daemon started properly and unlocked keyring
3月 30 23:30:42 ree-virtual-machine systemd[1]: Stopping GNOME Display Manager...
3月 30 23:30:42 ree-virtual-machine gdm3[955]: Gdm: Failed to contact accountsservice: Error calling StartServiceByName for org.freedesktop.Accounts: Transaction for accounts-daemon.service/start is destructive (cryptsetup.target has 'stop' job queued, but 'start' is included in transaction).
3月 30 23:30:42 ree-virtual-machine systemd[1]: gdm.service: Main process exited, code=exited, status=1/FAILURE
3月 30 23:30:42 ree-virtual-machine systemd[1]: gdm.service: Failed with result 'exit-code'.
3月 30 23:30:42 ree-virtual-machine systemd[1]: Stopped GNOME Display Manager.
3月 30 23:30:42 ree-virtual-machine systemd[1]: gdm.service: Triggering OnFailure= dependencies.
3月 30 23:30:42 ree-virtual-machine systemd[1]: gdm.service: Failed to enqueue OnFailure= job, ignoring: Transaction for plymouth-quit.service/start is destructive (systemd-sysctl.service has 'stop' job queued, but 'start' is included in transaction).
-- Boot 308f7b0f7a274f0bb6200973f34667b6 --
3月 31 00:22:28 ree-virtual-machine systemd[1]: Starting GNOME Display Manager...
3月 31 00:22:28 ree-virtual-machine systemd[1]: Started GNOME Display Manager.
3月 31 00:22:28 ree-virtual-machine gdm-launch-environment][986]: pam_unix(gdm-launch-environment:session): session opened for user gdm(uid=127) by (uid=0)
3月 31 00:22:36 ree-virtual-machine gdm-password][1518]: gkr-pam: unable to locate daemon control file
3月 31 00:22:36 ree-virtual-machine gdm-password][1518]: gkr-pam: stashed password to try later in open session
3月 31 00:22:36 ree-virtual-machine gdm-password][1518]: pam_unix(gdm-password:session): session opened for user ree(uid=1000) by (uid=0)
3月 31 00:22:36 ree-virtual-machine gdm-password][1518]: gkr-pam: gnome-keyring-daemon started properly and unlocked keyring
3月 31 00:22:41 ree-virtual-machine gdm3[968]: Gdm: Child process -1052 was already dead.
3月 31 00:27:29 ree-virtual-machine systemd[1]: Stopping GNOME Display Manager...
3月 31 00:27:29 ree-virtual-machine gdm3[968]: Gdm: Failed to contact accountsservice: Error calling StartServiceByName for org.freedesktop.Accounts: Transaction for accounts-daemon.service/start is destructive (systemd-poweroff.service has 'start' job queued, but 'stop' is included in transaction).
3月 31 00:27:30 ree-virtual-machine systemd[1]: gdm.service: Main process exited, code=exited, status=1/FAILURE
3月 31 00:27:30 ree-virtual-machine systemd[1]: gdm.service: Failed with result 'exit-code'.
3月 31 00:27:30 ree-virtual-machine systemd[1]: Stopped GNOME Display Manager.
3月 31 00:27:30 ree-virtual-machine systemd[1]: gdm.service: Triggering OnFailure= dependencies.
3月 31 00:27:30 ree-virtual-machine systemd[1]: gdm.service: Failed to enqueue OnFailure= job, ignoring: Transaction for plymouth-quit.service/start is destructive (systemd-sysctl.service has 'stop' job queued, but 'start' is included in transaction).
-- Boot d85c7c53e5114994bc2f0f623b3af509 --
3月 31 19:12:16 ree-virtual-machine systemd[1]: Starting GNOME Display Manager...
3月 31 19:12:16 ree-virtual-machine systemd[1]: Started GNOME Display Manager.
3月 31 19:12:17 ree-virtual-machine gdm-launch-environment][972]: pam_unix(gdm-launch-environment:session): session opened for user gdm(uid=127) by (uid=0)
3月 31 19:12:24 ree-virtual-machine gdm-password][1506]: gkr-pam: unable to locate daemon control file
3月 31 19:12:24 ree-virtual-machine gdm-password][1506]: gkr-pam: stashed password to try later in open session
3月 31 19:12:24 ree-virtual-machine gdm-password][1506]: pam_unix(gdm-password:session): session opened for user ree(uid=1000) by (uid=0)
3月 31 19:12:24 ree-virtual-machine gdm-password][1506]: gkr-pam: gnome-keyring-daemon started properly and unlocked keyring
3月 31 19:12:28 ree-virtual-machine gdm3[956]: Gdm: Child process -1040 was already dead.
3月 31 19:35:33 ree-virtual-machine systemd[1]: Stopping GNOME Display Manager...
3月 31 19:35:33 ree-virtual-machine gdm3[956]: Gdm: Failed to list cached users: GDBus.Error:org.freedesktop.DBus.Error.ServiceUnknown: The name :1.5 was not provided by any .service files
3月 31 19:35:33 ree-virtual-machine systemd[1]: gdm.service: Main process exited, code=exited, status=1/FAILURE
3月 31 19:35:33 ree-virtual-machine systemd[1]: gdm.service: Failed with result 'exit-code'.
3月 31 19:35:33 ree-virtual-machine systemd[1]: Stopped GNOME Display Manager.
3月 31 19:35:33 ree-virtual-machine systemd[1]: gdm.service: Triggering OnFailure= dependencies.
3月 31 19:35:33 ree-virtual-machine systemd[1]: gdm.service: Failed to enqueue OnFailure= job, ignoring: Transaction for plymouth-quit.service/start is destructive (system-systemd\x2dfsck.slice has 'stop' job queued, but 'start' is included in transaction).
-- Boot 09785a07d95540b1ad518945fbcc300d --
3月 31 19:43:50 ree-virtual-machine systemd[1]: Starting GNOME Display Manager...
3月 31 19:43:50 ree-virtual-machine systemd[1]: Started GNOME Display Manager.
3月 31 19:43:50 ree-virtual-machine gdm-launch-environment][980]: pam_unix(gdm-launch-environment:session): session opened for user gdm(uid=127) by (uid=0)
3月 31 19:43:57 ree-virtual-machine gdm-password][1439]: gkr-pam: unable to locate daemon control file
3月 31 19:43:57 ree-virtual-machine gdm-password][1439]: gkr-pam: stashed password to try later in open session
3月 31 19:43:57 ree-virtual-machine gdm-password][1439]: pam_unix(gdm-password:session): session opened for user ree(uid=1000) by (uid=0)
3月 31 19:43:57 ree-virtual-machine gdm-password][1439]: gkr-pam: gnome-keyring-daemon started properly and unlocked keyring
3月 31 19:44:01 ree-virtual-machine gdm3[968]: Gdm: Child process -1035 was already dead.
3月 31 19:44:59 ree-virtual-machine systemd[1]: Stopping GNOME Display Manager...
3月 31 19:44:59 ree-virtual-machine gdm3[968]: Gdm: Failed to list cached users: GDBus.Error:org.freedesktop.DBus.Error.ServiceUnknown: The name :1.3 was not provided by any .service files
3月 31 19:44:59 ree-virtual-machine systemd[1]: gdm.service: Main process exited, code=exited, status=1/FAILURE
3月 31 19:44:59 ree-virtual-machine systemd[1]: gdm.service: Failed with result 'exit-code'.
3月 31 19:44:59 ree-virtual-machine systemd[1]: Stopped GNOME Display Manager.
3月 31 19:44:59 ree-virtual-machine systemd[1]: gdm.service: Triggering OnFailure= dependencies.
3月 31 19:44:59 ree-virtual-machine systemd[1]: gdm.service: Failed to enqueue OnFailure= job, ignoring: Transaction for plymouth-quit.service/start is destructive (systemd-fsck@dev-disk-by\x2duuid-B935\x2dD118.service has 'stop' job queued, but 'start' is included in transaction).
-- Boot 436dee14f55b451a880859c1f76478af --
3月 31 21:10:03 ree-virtual-machine systemd[1]: Starting GNOME Display Manager...
3月 31 21:10:03 ree-virtual-machine systemd[1]: Started GNOME Display Manager.
3月 31 21:10:03 ree-virtual-machine gdm-launch-environment][1000]: pam_unix(gdm-launch-environment:session): session opened for user gdm(uid=127) by (uid=0)
3月 31 21:10:22 ree-virtual-machine gdm-password][1507]: gkr-pam: unable to locate daemon control file
3月 31 21:10:22 ree-virtual-machine gdm-password][1507]: gkr-pam: stashed password to try later in open session
3月 31 21:10:22 ree-virtual-machine gdm-password][1507]: pam_unix(gdm-password:session): session opened for user ree(uid=1000) by (uid=0)
3月 31 21:10:23 ree-virtual-machine gdm-password][1507]: gkr-pam: gnome-keyring-daemon started properly and unlocked keyring
3月 31 21:10:27 ree-virtual-machine gdm3[969]: Gdm: Child process -1036 was already dead.
4月 03 22:12:10 ree-virtual-machine systemd[1]: Stopping GNOME Display Manager...
4月 03 22:12:10 ree-virtual-machine gdm3[969]: Gdm: GdmLocalDisplayFactory: Failed to issue method call: GDBus.Error:org.freedesktop.DBus.Error.NoReply: Message recipient disconnected from message bus without replying
4月 03 22:12:10 ree-virtual-machine gdm3[969]: Gdm: Freeing conversation 'gdm-password' with active job
4月 03 22:12:10 ree-virtual-machine systemd[1]: gdm.service: Deactivated successfully.
4月 03 22:12:10 ree-virtual-machine systemd[1]: Stopped GNOME Display Manager.
-- Boot e2fd3a66bd3b4bd68261cb94d3fee451 --
4月 04 12:20:47 ree-virtual-machine systemd[1]: Starting GNOME Display Manager...
4月 04 12:20:47 ree-virtual-machine systemd[1]: Started GNOME Display Manager.
4月 04 12:20:47 ree-virtual-machine gdm-launch-environment][991]: pam_unix(gdm-launch-environment:session): session opened for user gdm(uid=127) by (uid=0)
4月 04 12:20:55 ree-virtual-machine gdm-password][1514]: gkr-pam: unable to locate daemon control file
4月 04 12:20:55 ree-virtual-machine gdm-password][1514]: gkr-pam: stashed password to try later in open session
4月 04 12:20:55 ree-virtual-machine gdm-password][1514]: pam_unix(gdm-password:session): session opened for user ree(uid=1000) by (uid=0)
4月 04 12:20:55 ree-virtual-machine gdm-password][1514]: gkr-pam: gnome-keyring-daemon started properly and unlocked keyring
4月 04 17:35:37 ree-virtual-machine systemd[1]: Stopping GNOME Display Manager...
4月 04 17:35:37 ree-virtual-machine gdm3[975]: Gdm: Failed to list cached users: GDBus.Error:org.freedesktop.DBus.Error.ServiceUnknown: The name :1.3 was not provided by any .service files
4月 04 17:35:37 ree-virtual-machine systemd[1]: gdm.service: Main process exited, code=exited, status=1/FAILURE
4月 04 17:35:37 ree-virtual-machine systemd[1]: gdm.service: Failed with result 'exit-code'.
4月 04 17:35:37 ree-virtual-machine systemd[1]: Stopped GNOME Display Manager.
4月 04 17:35:37 ree-virtual-machine systemd[1]: gdm.service: Triggering OnFailure= dependencies.
4月 04 17:35:37 ree-virtual-machine systemd[1]: gdm.service: Failed to enqueue OnFailure= job, ignoring: Transaction for plymouth-quit.service/start is destructive (swapfile.swap has 'stop' job queued, but 'start' is included in transaction).
-- Boot 25dbee67bff049baa23eecea014b8763 --
4月 04 17:35:54 ree-virtual-machine systemd[1]: Starting GNOME Display Manager...
4月 04 17:35:54 ree-virtual-machine systemd[1]: Started GNOME Display Manager.
4月 04 17:35:54 ree-virtual-machine gdm-launch-environment][992]: pam_unix(gdm-launch-environment:session): session opened for user gdm(uid=127) by (uid=0)
4月 04 17:36:42 ree-virtual-machine gdm-password][1573]: gkr-pam: unable to locate daemon control file
4月 04 17:36:42 ree-virtual-machine gdm-password][1573]: gkr-pam: stashed password to try later in open session
4月 04 17:36:42 ree-virtual-machine gdm-password][1573]: pam_unix(gdm-password:session): session opened for user ree(uid=1000) by (uid=0)
4月 04 17:36:42 ree-virtual-machine gdm-password][1573]: gkr-pam: gnome-keyring-daemon started properly and unlocked keyring
4月 04 17:36:45 ree-virtual-machine gdm3[972]: Gdm: Child process -1073 was already dead.
4月 04 20:54:00 ree-virtual-machine systemd[1]: Stopping GNOME Display Manager...
4月 04 20:54:00 ree-virtual-machine gdm3[972]: Gdm: Failed to contact accountsservice: Error calling StartServiceByName for org.freedesktop.Accounts: Transaction for accounts-daemon.service/start is destructive (systemd-tmpfiles-setup.service has 'stop' job queued, but 'start' is included in transaction).
4月 04 20:54:00 ree-virtual-machine systemd[1]: gdm.service: Main process exited, code=exited, status=1/FAILURE
4月 04 20:54:00 ree-virtual-machine systemd[1]: gdm.service: Failed with result 'exit-code'.
4月 04 20:54:00 ree-virtual-machine systemd[1]: Stopped GNOME Display Manager.
4月 04 20:54:00 ree-virtual-machine systemd[1]: gdm.service: Triggering OnFailure= dependencies.
4月 04 20:54:00 ree-virtual-machine systemd[1]: gdm.service: Failed to enqueue OnFailure= job, ignoring: Transaction for plymouth-quit.service/start is destructive (shutdown.target has 'start' job queued, but 'stop' is included in transaction).
-- Boot 0d532a9de8ef4df1a92a1cc3f8ce562d --
4月 09 19:14:33 ree-virtual-machine systemd[1]: Starting GNOME Display Manager...
4月 09 19:14:33 ree-virtual-machine systemd[1]: Started GNOME Display Manager.
4月 09 19:14:34 ree-virtual-machine gdm-launch-environment][983]: pam_unix(gdm-launch-environment:session): session opened for user gdm(uid=127) by (uid=0)
4月 09 19:14:47 ree-virtual-machine gdm-password][1527]: gkr-pam: unable to locate daemon control file
4月 09 19:14:47 ree-virtual-machine gdm-password][1527]: gkr-pam: stashed password to try later in open session
4月 09 19:14:47 ree-virtual-machine gdm-password][1527]: pam_unix(gdm-password:session): session opened for user ree(uid=1000) by (uid=0)
4月 09 19:14:47 ree-virtual-machine gdm-password][1527]: gkr-pam: gnome-keyring-daemon started properly and unlocked keyring
4月 09 19:14:52 ree-virtual-machine gdm3[971]: Gdm: Child process -1056 was already dead.
4月 09 19:17:43 ree-virtual-machine systemd[1]: Stopping GNOME Display Manager...
4月 09 19:17:43 ree-virtual-machine gdm3[971]: Gdm: GdmLocalDisplayFactory: Failed to issue method call: GDBus.Error:org.freedesktop.DBus.Error.NoReply: Message recipient disconnected from message bus without replying
4月 09 19:17:43 ree-virtual-machine gdm3[971]: Gdm: Freeing conversation 'gdm-password' with active job
4月 09 19:17:43 ree-virtual-machine systemd[1]: gdm.service: Deactivated successfully.
4月 09 19:17:43 ree-virtual-machine systemd[1]: Stopped GNOME Display Manager.
-- Boot 66c095c2b40d4348bbbaa9bd9371fd5b --
4月 09 19:21:20 ree-virtual-machine systemd[1]: Starting GNOME Display Manager...
4月 09 19:21:20 ree-virtual-machine systemd[1]: Started GNOME Display Manager.
4月 09 19:21:20 ree-virtual-machine gdm-launch-environment][963]: pam_unix(gdm-launch-environment:session): session opened for user gdm(uid=127) by (uid=0)
4月 09 19:21:30 ree-virtual-machine gdm-password][1506]: gkr-pam: unable to locate daemon control file
4月 09 19:21:30 ree-virtual-machine gdm-password][1506]: gkr-pam: stashed password to try later in open session
4月 09 19:21:30 ree-virtual-machine gdm-password][1506]: pam_unix(gdm-password:session): session opened for user ree(uid=1000) by (uid=0)
4月 09 19:21:31 ree-virtual-machine gdm-password][1506]: gkr-pam: gnome-keyring-daemon started properly and unlocked keyring
4月 09 19:21:40 ree-virtual-machine gdm3[955]: Gdm: Child process -1088 was already dead.
4月 09 21:44:17 ree-virtual-machine systemd[1]: Stopping GNOME Display Manager...
4月 09 21:44:17 ree-virtual-machine gdm3[955]: Gdm: Failed to contact accountsservice: Error calling StartServiceByName for org.freedesktop.Accounts: Transaction for accounts-daemon.service/start is destructive (systemd-modules-load.service has 'stop' job queued, but 'start' is included in transaction).
4月 09 21:44:17 ree-virtual-machine systemd[1]: gdm.service: Main process exited, code=exited, status=1/FAILURE
4月 09 21:44:17 ree-virtual-machine systemd[1]: gdm.service: Failed with result 'exit-code'.
4月 09 21:44:17 ree-virtual-machine systemd[1]: Stopped GNOME Display Manager.
4月 09 21:44:17 ree-virtual-machine systemd[1]: gdm.service: Triggering OnFailure= dependencies.
4月 09 21:44:17 ree-virtual-machine systemd[1]: gdm.service: Failed to enqueue OnFailure= job, ignoring: Transaction for plymouth-quit.service/start is destructive (systemd-update-utmp.service has 'stop' job queued, but 'start' is included in transaction).
-- Boot 125b443d38b7450fbc1c404530e9dc9e --
4月 12 11:21:57 ree-virtual-machine systemd[1]: Starting GNOME Display Manager...
4月 12 11:21:57 ree-virtual-machine systemd[1]: Started GNOME Display Manager.
4月 12 11:21:58 ree-virtual-machine gdm-launch-environment][1060]: pam_unix(gdm-launch-environment:session): session opened for user gdm(uid=127) by (uid=0)
4月 12 11:22:01 ree-virtual-machine gdm3[1045]: Gdm: GdmDisplay: Session never registered, failing
4月 12 11:22:01 ree-virtual-machine gdm3[1045]: Gdm: GdmDisplay: Session never registered, failing
4月 12 11:22:01 ree-virtual-machine gdm-launch-environment][1399]: pam_unix(gdm-launch-environment:session): session opened for user gdm(uid=127) by (uid=0)
4月 12 11:28:21 ree-virtual-machine gdm-password][1732]: gkr-pam: unable to locate daemon control file
4月 12 11:28:21 ree-virtual-machine gdm-password][1732]: gkr-pam: stashed password to try later in open session
4月 12 11:28:21 ree-virtual-machine gdm-password][1732]: pam_unix(gdm-password:session): session opened for user ree(uid=1000) by (uid=0)
4月 12 11:28:21 ree-virtual-machine gdm-password][1732]: gkr-pam: gnome-keyring-daemon started properly and unlocked keyring
4月 12 12:31:43 ree-virtual-machine systemd[1]: Stopping GNOME Display Manager...
4月 12 12:31:43 ree-virtual-machine gdm3[1045]: Gdm: Failed to contact accountsservice: Error calling StartServiceByName for org.freedesktop.Accounts: Transaction for accounts-daemon.service/start is destructive (umount.target has 'start' job queued, but 'stop' is included in transaction).
4月 12 12:31:43 ree-virtual-machine systemd[1]: gdm.service: Main process exited, code=exited, status=1/FAILURE
4月 12 12:31:43 ree-virtual-machine systemd[1]: gdm.service: Failed with result 'exit-code'.
4月 12 12:31:43 ree-virtual-machine systemd[1]: Stopped GNOME Display Manager.
4月 12 12:31:43 ree-virtual-machine systemd[1]: gdm.service: Triggering OnFailure= dependencies.
4月 12 12:31:43 ree-virtual-machine systemd[1]: gdm.service: Failed to enqueue OnFailure= job, ignoring: Transaction for plymouth-quit.service/start is destructive (systemd-tmpfiles-setup-dev.service has 'stop' job queued, but 'start' is included in transaction).
-- Boot e043495edc834fd3b8de378cf5b742ab --
4月 12 12:32:38 ree-virtual-machine systemd[1]: Starting GNOME Display Manager...
4月 12 12:32:38 ree-virtual-machine systemd[1]: Started GNOME Display Manager.
4月 12 12:32:38 ree-virtual-machine gdm-launch-environment][977]: pam_unix(gdm-launch-environment:session): session opened for user gdm(uid=127) by (uid=0)
4月 12 12:33:35 ree-virtual-machine gdm-password][1522]: gkr-pam: unable to locate daemon control file
4月 12 12:33:35 ree-virtual-machine gdm-password][1522]: gkr-pam: stashed password to try later in open session
4月 12 12:33:35 ree-virtual-machine gdm-password][1522]: pam_unix(gdm-password:session): session opened for user ree(uid=1000) by (uid=0)
4月 12 12:33:35 ree-virtual-machine gdm-password][1522]: gkr-pam: gnome-keyring-daemon started properly and unlocked keyring
4月 12 13:58:16 ree-virtual-machine systemd[1]: Stopping GNOME Display Manager...
4月 12 13:58:16 ree-virtual-machine gdm3[963]: Gdm: Failed to contact accountsservice: Error calling StartServiceByName for org.freedesktop.Accounts: Transaction for accounts-daemon.service/start is destructive (boot-efi.mount has 'stop' job queued, but 'start' is included in transaction).
4月 12 13:58:16 ree-virtual-machine systemd[1]: gdm.service: Main process exited, code=exited, status=1/FAILURE
4月 12 13:58:16 ree-virtual-machine systemd[1]: gdm.service: Failed with result 'exit-code'.
4月 12 13:58:16 ree-virtual-machine systemd[1]: Stopped GNOME Display Manager.
4月 12 13:58:16 ree-virtual-machine systemd[1]: gdm.service: Triggering OnFailure= dependencies.
4月 12 13:58:16 ree-virtual-machine systemd[1]: gdm.service: Failed to enqueue OnFailure= job, ignoring: Transaction for plymouth-quit.service/start is destructive (systemd-tmpfiles-setup.service has 'stop' job queued, but 'start' is included in transaction).
-- Boot 9296bd89129642f58a1e422116180a89 --
4月 12 19:33:19 ree-virtual-machine systemd[1]: Starting GNOME Display Manager...
4月 12 19:33:19 ree-virtual-machine systemd[1]: Started GNOME Display Manager.
4月 12 19:33:19 ree-virtual-machine gdm-launch-environment][1047]: pam_unix(gdm-launch-environment:session): session opened for user gdm(uid=127) by (uid=0)
4月 12 19:33:30 ree-virtual-machine gdm-password][1585]: gkr-pam: unable to locate daemon control file
4月 12 19:33:30 ree-virtual-machine gdm-password][1585]: gkr-pam: stashed password to try later in open session
4月 12 19:33:30 ree-virtual-machine gdm-password][1585]: pam_unix(gdm-password:session): session opened for user ree(uid=1000) by (uid=0)
4月 12 19:33:30 ree-virtual-machine gdm-password][1585]: gkr-pam: gnome-keyring-daemon started properly and unlocked keyring
4月 12 19:33:34 ree-virtual-machine gdm3[1034]: Gdm: Child process -1111 was already dead.
4月 12 21:30:57 ree-virtual-machine systemd[1]: Stopping GNOME Display Manager...
4月 12 21:30:57 ree-virtual-machine gdm3[1034]: Gdm: GdmLocalDisplayFactory: Failed to issue method call: GDBus.Error:org.freedesktop.DBus.Error.NoReply: Message recipient disconnected from message bus without replying
4月 12 21:30:57 ree-virtual-machine gdm3[1034]: Gdm: Freeing conversation 'gdm-password' with active job
4月 12 21:30:57 ree-virtual-machine systemd[1]: gdm.service: Deactivated successfully.
4月 12 21:30:57 ree-virtual-machine systemd[1]: Stopped GNOME Display Manager.
-- Boot e44af90cbb3e49179059ad1de25c45d0 --
4月 12 21:31:07 ree-virtual-machine systemd[1]: Starting GNOME Display Manager...
4月 12 21:31:07 ree-virtual-machine systemd[1]: Started GNOME Display Manager.
4月 12 21:31:07 ree-virtual-machine gdm-launch-environment][1018]: pam_unix(gdm-launch-environment:session): session opened for user gdm(uid=127) by (uid=0)
4月 12 21:34:19 ree-virtual-machine gdm-password][1613]: gkr-pam: unable to locate daemon control file
4月 12 21:34:19 ree-virtual-machine gdm-password][1613]: gkr-pam: stashed password to try later in open session
4月 12 21:34:19 ree-virtual-machine gdm-password][1613]: pam_unix(gdm-password:session): session opened for user ree(uid=1000) by (uid=0)
4月 12 21:34:19 ree-virtual-machine gdm-password][1613]: gkr-pam: gnome-keyring-daemon started properly and unlocked keyring
4月 12 21:34:22 ree-virtual-machine gdm3[991]: Gdm: Child process -1045 was already dead.
4月 12 21:48:57 ree-virtual-machine systemd[1]: Stopping GNOME Display Manager...
4月 12 21:48:57 ree-virtual-machine systemd[1]: gdm.service: Main process exited, code=exited, status=1/FAILURE
4月 12 21:48:57 ree-virtual-machine systemd[1]: gdm.service: Failed with result 'exit-code'.
4月 12 21:48:57 ree-virtual-machine systemd[1]: Stopped GNOME Display Manager.
4月 12 21:48:57 ree-virtual-machine systemd[1]: gdm.service: Triggering OnFailure= dependencies.
4月 12 21:48:57 ree-virtual-machine systemd[1]: gdm.service: Failed to enqueue OnFailure= job, ignoring: Transaction for plymouth-quit.service/start is destructive (proc-sys-fs-binfmt_misc.automount has 'stop' job queued, but 'start' is included in transaction).
-- Boot 670c3aae65b84f6c8708951f52467260 --
4月 12 21:49:13 ree-virtual-machine systemd[1]: Starting GNOME Display Manager...
4月 12 21:49:13 ree-virtual-machine systemd[1]: Started GNOME Display Manager.
4月 12 21:49:13 ree-virtual-machine gdm-launch-environment][1016]: pam_unix(gdm-launch-environment:session): session opened for user gdm(uid=127) by (uid=0)
4月 12 21:49:22 ree-virtual-machine gdm-password][1526]: gkr-pam: unable to locate daemon control file
4月 12 21:49:22 ree-virtual-machine gdm-password][1526]: gkr-pam: stashed password to try later in open session
4月 12 21:49:22 ree-virtual-machine gdm-password][1526]: pam_unix(gdm-password:session): session opened for user ree(uid=1000) by (uid=0)
4月 12 21:49:22 ree-virtual-machine gdm-password][1526]: gkr-pam: gnome-keyring-daemon started properly and unlocked keyring
4月 12 21:49:25 ree-virtual-machine gdm3[1005]: Gdm: Child process -1044 was already dead.
4月 12 21:53:20 ree-virtual-machine systemd[1]: Stopping GNOME Display Manager...
4月 12 21:53:20 ree-virtual-machine gdm3[1005]: Gdm: GdmLocalDisplayFactory: Failed to issue method call: GDBus.Error:org.freedesktop.DBus.Error.NoReply: Message recipient disconnected from message bus without replying
4月 12 21:53:20 ree-virtual-machine gdm3[1005]: Gdm: Freeing conversation 'gdm-password' with active job
4月 12 21:53:21 ree-virtual-machine systemd[1]: gdm.service: Deactivated successfully.
4月 12 21:53:21 ree-virtual-machine systemd[1]: Stopped GNOME Display Manager.
-- Boot 73255c0c6dec4ce4bca99ec2ceb12507 --
4月 12 21:53:29 ree-virtual-machine systemd[1]: Starting GNOME Display Manager...
4月 12 21:53:29 ree-virtual-machine systemd[1]: Started GNOME Display Manager.
4月 12 21:53:29 ree-virtual-machine gdm-launch-environment][1017]: pam_unix(gdm-launch-environment:session): session opened for user gdm(uid=127) by (uid=0)
4月 12 21:53:48 ree-virtual-machine gdm-password][1524]: gkr-pam: unable to locate daemon control file
4月 12 21:53:48 ree-virtual-machine gdm-password][1524]: gkr-pam: stashed password to try later in open session
4月 12 21:53:48 ree-virtual-machine gdm-password][1524]: pam_unix(gdm-password:session): session opened for user ree(uid=1000) by (uid=0)
4月 12 21:53:48 ree-virtual-machine gdm-password][1524]: gkr-pam: gnome-keyring-daemon started properly and unlocked keyring
4月 12 21:53:51 ree-virtual-machine gdm3[1001]: Gdm: Child process -1041 was already dead.
4月 13 01:12:51 ree-virtual-machine systemd[1]: Stopping GNOME Display Manager...
4月 13 01:12:51 ree-virtual-machine gdm3[1001]: Gdm: GdmLocalDisplayFactory: Failed to issue method call: GDBus.Error:org.freedesktop.DBus.Error.NoReply: Message recipient disconnected from message bus without replying
4月 13 01:12:51 ree-virtual-machine gdm3[1001]: Gdm: Freeing conversation 'gdm-password' with active job
4月 13 01:12:51 ree-virtual-machine systemd[1]: gdm.service: Deactivated successfully.
4月 13 01:12:51 ree-virtual-machine systemd[1]: Stopped GNOME Display Manager.
-- Boot ab354c8c35ec46309c3d583c22d4722e --
4月 13 11:49:16 ree-virtual-machine systemd[1]: Starting GNOME Display Manager...
4月 13 11:49:16 ree-virtual-machine systemd[1]: Started GNOME Display Manager.
4月 13 11:49:16 ree-virtual-machine gdm-launch-environment][1077]: pam_unix(gdm-launch-environment:session): session opened for user gdm(uid=127) by (uid=0)
4月 13 11:49:40 ree-virtual-machine gdm-password][1767]: gkr-pam: unable to locate daemon control file
4月 13 11:49:40 ree-virtual-machine gdm-password][1767]: gkr-pam: stashed password to try later in open session
4月 13 11:49:40 ree-virtual-machine gdm-password][1767]: pam_unix(gdm-password:session): session opened for user ree(uid=1000) by (uid=0)
4月 13 11:49:40 ree-virtual-machine gdm-password][1767]: gkr-pam: gnome-keyring-daemon started properly and unlocked keyring
4月 13 20:22:12 ree-virtual-machine systemd[1]: Stopping GNOME Display Manager...
4月 13 20:22:12 ree-virtual-machine gdm3[1043]: Gdm: GdmLocalDisplayFactory: Failed to issue method call: GDBus.Error:org.freedesktop.DBus.Error.NoReply: Message recipient disconnected from message bus without replying
4月 13 20:22:12 ree-virtual-machine gdm3[1043]: Gdm: Freeing conversation 'gdm-password' with active job
4月 13 20:22:12 ree-virtual-machine systemd[1]: gdm.service: Deactivated successfully.
4月 13 20:22:12 ree-virtual-machine systemd[1]: Stopped GNOME Display Manager.
-- Boot 1223bb12cf164754a34338b3879bc416 --
4月 13 20:22:51 ree-virtual-machine systemd[1]: Starting GNOME Display Manager...
4月 13 20:22:52 ree-virtual-machine systemd[1]: Started GNOME Display Manager.
4月 13 20:22:52 ree-virtual-machine gdm-launch-environment][1041]: pam_unix(gdm-launch-environment:session): session opened for user gdm(uid=127) by (uid=0)
4月 13 20:23:40 ree-virtual-machine gdm-password][1599]: gkr-pam: unable to locate daemon control file
4月 13 20:23:40 ree-virtual-machine gdm-password][1599]: gkr-pam: stashed password to try later in open session
4月 13 20:23:41 ree-virtual-machine gdm-password][1599]: pam_unix(gdm-password:session): session opened for user ree(uid=1000) by (uid=0)
4月 13 20:23:41 ree-virtual-machine gdm-password][1599]: gkr-pam: gnome-keyring-daemon started properly and unlocked keyring
4月 13 20:23:45 ree-virtual-machine gdm3[1032]: Gdm: Child process -1098 was already dead.
4月 13 23:11:10 ree-virtual-machine systemd[1]: Stopping GNOME Display Manager...
4月 13 23:11:10 ree-virtual-machine gdm3[1032]: Gdm: Failed to contact accountsservice: Error calling StartServiceByName for org.freedesktop.Accounts: Transaction for accounts-daemon.service/start is destructive (umount.target has 'start' job queued, but 'stop' is included in transaction).
4月 13 23:11:11 ree-virtual-machine systemd[1]: gdm.service: Main process exited, code=exited, status=1/FAILURE
4月 13 23:11:11 ree-virtual-machine systemd[1]: gdm.service: Failed with result 'exit-code'.
4月 13 23:11:11 ree-virtual-machine systemd[1]: Stopped GNOME Display Manager.
4月 13 23:11:11 ree-virtual-machine systemd[1]: gdm.service: Triggering OnFailure= dependencies.
4月 13 23:11:11 ree-virtual-machine systemd[1]: gdm.service: Failed to enqueue OnFailure= job, ignoring: Transaction for plymouth-quit.service/start is destructive (cryptsetup.target has 'stop' job queued, but 'start' is included in transaction).
-- Boot eedc866258b546db86377bdd16f52c6c --
4月 13 23:33:00 ree-virtual-machine systemd[1]: Starting GNOME Display Manager...
4月 13 23:33:00 ree-virtual-machine systemd[1]: Started GNOME Display Manager.
4月 13 23:33:01 ree-virtual-machine gdm-launch-environment][1033]: pam_unix(gdm-launch-environment:session): session opened for user gdm(uid=127) by (uid=0)
4月 13 23:33:09 ree-virtual-machine gdm-password][1580]: gkr-pam: unable to locate daemon control file
4月 13 23:33:09 ree-virtual-machine gdm-password][1580]: gkr-pam: stashed password to try later in open session
4月 13 23:33:09 ree-virtual-machine gdm-password][1580]: pam_unix(gdm-password:session): session opened for user ree(uid=1000) by (uid=0)
4月 13 23:33:09 ree-virtual-machine gdm-password][1580]: gkr-pam: gnome-keyring-daemon started properly and unlocked keyring
4月 13 23:33:13 ree-virtual-machine gdm3[1025]: Gdm: Child process -1097 was already dead.
4月 14 01:45:07 ree-virtual-machine systemd[1]: Stopping GNOME Display Manager...
4月 14 01:45:07 ree-virtual-machine gdm3[1025]: Gdm: Failed to contact accountsservice: Error calling StartServiceByName for org.freedesktop.Accounts: Transaction for accounts-daemon.service/start is destructive (systemd-tmpfiles-setup.service has 'stop' job queued, but 'start' is included in transaction).
4月 14 01:45:07 ree-virtual-machine systemd[1]: gdm.service: Main process exited, code=exited, status=1/FAILURE
4月 14 01:45:07 ree-virtual-machine systemd[1]: gdm.service: Failed with result 'exit-code'.
4月 14 01:45:07 ree-virtual-machine systemd[1]: Stopped GNOME Display Manager.
4月 14 01:45:07 ree-virtual-machine systemd[1]: gdm.service: Triggering OnFailure= dependencies.
4月 14 01:45:07 ree-virtual-machine systemd[1]: gdm.service: Failed to enqueue OnFailure= job, ignoring: Transaction for plymouth-quit.service/start is destructive (systemd-poweroff.service has 'start' job queued, but 'stop' is included in transaction).
-- Boot 6336d5d01d9d47a1a84a86d400678bbe --
4月 14 18:40:04 ree-virtual-machine systemd[1]: Starting GNOME Display Manager...
4月 14 18:40:04 ree-virtual-machine systemd[1]: Started GNOME Display Manager.
4月 14 18:40:05 ree-virtual-machine gdm-launch-environment][1044]: pam_unix(gdm-launch-environment:session): session opened for user gdm(uid=127) by (uid=0)
4月 14 18:40:34 ree-virtual-machine gdm-password][1578]: gkr-pam: unable to locate daemon control file
4月 14 18:40:34 ree-virtual-machine gdm-password][1578]: gkr-pam: stashed password to try later in open session
4月 14 18:40:34 ree-virtual-machine gdm-password][1578]: pam_unix(gdm-password:session): session opened for user ree(uid=1000) by (uid=0)
4月 14 18:40:34 ree-virtual-machine gdm-password][1578]: gkr-pam: gnome-keyring-daemon started properly and unlocked keyring
4月 14 18:40:39 ree-virtual-machine gdm3[1025]: Gdm: Child process -1097 was already dead.
4月 14 19:24:32 ree-virtual-machine systemd[1]: Stopping GNOME Display Manager...
4月 14 19:24:32 ree-virtual-machine systemd[1]: gdm.service: Main process exited, code=exited, status=1/FAILURE
4月 14 19:24:32 ree-virtual-machine systemd[1]: gdm.service: Failed with result 'exit-code'.
4月 14 19:24:32 ree-virtual-machine systemd[1]: Stopped GNOME Display Manager.
4月 14 19:24:32 ree-virtual-machine systemd[1]: gdm.service: Triggering OnFailure= dependencies.
4月 14 19:24:32 ree-virtual-machine systemd[1]: gdm.service: Failed to enqueue OnFailure= job, ignoring: Transaction for plymouth-quit.service/start is destructive (systemd-remount-fs.service has 'stop' job queued, but 'start' is included in transaction).
-- Boot 00425514c17e404db4cc5611a8f55ed9 --
4月 14 21:28:23 ree-virtual-machine systemd[1]: Starting GNOME Display Manager...
4月 14 21:28:23 ree-virtual-machine systemd[1]: Started GNOME Display Manager.
4月 14 21:28:23 ree-virtual-machine gdm-launch-environment][1105]: pam_unix(gdm-launch-environment:session): session opened for user gdm(uid=127) by (uid=0)
4月 14 21:28:30 ree-virtual-machine gdm-password][1608]: gkr-pam: unable to locate daemon control file
4月 14 21:28:30 ree-virtual-machine gdm-password][1608]: gkr-pam: stashed password to try later in open session
4月 14 21:28:30 ree-virtual-machine gdm-password][1608]: pam_unix(gdm-password:session): session opened for user ree(uid=1000) by (uid=0)
4月 14 21:28:31 ree-virtual-machine gdm-password][1608]: gkr-pam: gnome-keyring-daemon started properly and unlocked keyring
4月 14 21:28:35 ree-virtual-machine gdm3[1094]: Gdm: Child process -1124 was already dead.
-- Boot ac6742caea064674b1504bee9f2e0abd --
4月 15 11:41:48 ree-virtual-machine systemd[1]: Starting GNOME Display Manager...
4月 15 11:41:48 ree-virtual-machine systemd[1]: Started GNOME Display Manager.
4月 15 11:41:48 ree-virtual-machine gdm-launch-environment][1033]: pam_unix(gdm-launch-environment:session): session opened for user gdm(uid=127) by (uid=0)
4月 15 11:42:08 ree-virtual-machine gdm-password][1764]: gkr-pam: unable to locate daemon control file
4月 15 11:42:08 ree-virtual-machine gdm-password][1764]: gkr-pam: stashed password to try later in open session
4月 15 11:42:08 ree-virtual-machine gdm-password][1764]: pam_unix(gdm-password:session): session opened for user ree(uid=1000) by (uid=0)
4月 15 11:42:09 ree-virtual-machine gdm-password][1764]: gkr-pam: gnome-keyring-daemon started properly and unlocked keyring
4月 15 11:42:13 ree-virtual-machine gdm3[1023]: Gdm: Child process -1107 was already dead.

