2月 20 18:38:52 ree-virtual-machine systemd[1]: Starting Network Manager Script Dispatcher Service...
2月 20 18:38:52 ree-virtual-machine systemd[1]: Started Network Manager Script Dispatcher Service.
2月 20 18:39:05 ree-virtual-machine systemd[1]: NetworkManager-dispatcher.service: Deactivated successfully.
-- Boot 59a08585a9874716bda9035a442e266a --
2月 20 18:52:56 ree-virtual-machine systemd[1]: Starting Network Manager Script Dispatcher Service...
2月 20 18:52:56 ree-virtual-machine systemd[1]: Started Network Manager Script Dispatcher Service.
2月 20 18:53:06 ree-virtual-machine systemd[1]: NetworkManager-dispatcher.service: Deactivated successfully.
-- Boot 4e50f35765d14836ba11bf87868d3690 --
2月 21 18:32:16 ree-virtual-machine systemd[1]: Starting Network Manager Script Dispatcher Service...
2月 21 18:32:16 ree-virtual-machine systemd[1]: Started Network Manager Script Dispatcher Service.
2月 21 18:32:27 ree-virtual-machine systemd[1]: NetworkManager-dispatcher.service: Deactivated successfully.
-- Boot 378ef5fc52a64e67810e6fa7a9ee31e6 --
2月 21 18:42:27 ree-virtual-machine systemd[1]: Starting Network Manager Script Dispatcher Service...
2月 21 18:42:27 ree-virtual-machine systemd[1]: Started Network Manager Script Dispatcher Service.
2月 21 18:42:39 ree-virtual-machine systemd[1]: NetworkManager-dispatcher.service: Deactivated successfully.
-- Boot 48d666794bf9483ca7ebe0e999848072 --
2月 21 19:01:45 ree-virtual-machine systemd[1]: Starting Network Manager Script Dispatcher Service...
2月 21 19:01:45 ree-virtual-machine systemd[1]: Started Network Manager Script Dispatcher Service.
2月 21 19:01:57 ree-virtual-machine systemd[1]: NetworkManager-dispatcher.service: Deactivated successfully.
-- Boot a0299816d1d24b8ab70b7c10b1502239 --
2月 21 19:02:37 ree-virtual-machine systemd[1]: Starting Network Manager Script Dispatcher Service...
2月 21 19:02:37 ree-virtual-machine systemd[1]: Started Network Manager Script Dispatcher Service.
2月 21 19:02:47 ree-virtual-machine systemd[1]: NetworkManager-dispatcher.service: Deactivated successfully.
-- Boot 7319c95352634624b166e30456e7d6e8 --
2月 21 19:17:56 ree-virtual-machine systemd[1]: Starting Network Manager Script Dispatcher Service...
2月 21 19:17:56 ree-virtual-machine systemd[1]: Started Network Manager Script Dispatcher Service.
2月 21 19:18:06 ree-virtual-machine systemd[1]: NetworkManager-dispatcher.service: Deactivated successfully.
-- Boot e6c010b640444a48974c34b34cbf889b --
2月 21 19:23:11 ree-virtual-machine systemd[1]: Starting Network Manager Script Dispatcher Service...
2月 21 19:23:11 ree-virtual-machine systemd[1]: Started Network Manager Script Dispatcher Service.
2月 21 19:23:22 ree-virtual-machine systemd[1]: NetworkManager-dispatcher.service: Deactivated successfully.
-- Boot 9ce45ab8fa0345b987fea497f44c5051 --
3月 10 20:00:45 ree-virtual-machine systemd[1]: Starting Network Manager Script Dispatcher Service...
3月 10 20:00:45 ree-virtual-machine systemd[1]: Started Network Manager Script Dispatcher Service.
3月 10 20:00:57 ree-virtual-machine systemd[1]: NetworkManager-dispatcher.service: Deactivated successfully.
-- Boot 78840721b8c14d03929c91da9cf2989f --
3月 15 11:06:35 ree-virtual-machine systemd[1]: Starting Network Manager Script Dispatcher Service...
3月 15 11:06:35 ree-virtual-machine systemd[1]: Started Network Manager Script Dispatcher Service.
3月 15 11:06:47 ree-virtual-machine systemd[1]: NetworkManager-dispatcher.service: Deactivated successfully.
-- Boot ca9b2e5e215f4f3fbeb8e0a2983e83e6 --
3月 22 19:20:01 ree-virtual-machine systemd[1]: Starting Network Manager Script Dispatcher Service...
3月 22 19:20:01 ree-virtual-machine systemd[1]: Started Network Manager Script Dispatcher Service.
3月 22 19:20:12 ree-virtual-machine systemd[1]: NetworkManager-dispatcher.service: Deactivated successfully.
-- Boot ee7967cec9534f4aa0162aa833ebf2b7 --
3月 22 19:56:29 ree-virtual-machine systemd[1]: Starting Network Manager Script Dispatcher Service...
3月 22 19:56:29 ree-virtual-machine systemd[1]: Started Network Manager Script Dispatcher Service.
3月 22 19:56:40 ree-virtual-machine systemd[1]: NetworkManager-dispatcher.service: Deactivated successfully.
3月 22 21:07:37 ree-virtual-machine systemd[1]: Starting Network Manager Script Dispatcher Service...
3月 22 21:07:37 ree-virtual-machine systemd[1]: Started Network Manager Script Dispatcher Service.
3月 22 21:07:48 ree-virtual-machine systemd[1]: NetworkManager-dispatcher.service: Deactivated successfully.
3月 22 21:14:04 ree-virtual-machine systemd[1]: Starting Network Manager Script Dispatcher Service...
3月 22 21:14:04 ree-virtual-machine systemd[1]: Started Network Manager Script Dispatcher Service.
3月 22 21:14:15 ree-virtual-machine systemd[1]: NetworkManager-dispatcher.service: Deactivated successfully.
3月 23 14:19:40 ree-virtual-machine systemd[1]: Starting Network Manager Script Dispatcher Service...
3月 23 14:19:40 ree-virtual-machine systemd[1]: Started Network Manager Script Dispatcher Service.
3月 23 14:19:53 ree-virtual-machine systemd[1]: NetworkManager-dispatcher.service: Deactivated successfully.
-- Boot 9e3eeb915f5e4d0aab1fa06627dc238a --
3月 25 22:03:00 ree-virtual-machine systemd[1]: Starting Network Manager Script Dispatcher Service...
3月 25 22:03:00 ree-virtual-machine systemd[1]: Started Network Manager Script Dispatcher Service.
3月 25 22:03:11 ree-virtual-machine systemd[1]: NetworkManager-dispatcher.service: Deactivated successfully.
3月 26 15:13:04 ree-virtual-machine systemd[1]: Starting Network Manager Script Dispatcher Service...
3月 26 15:13:04 ree-virtual-machine systemd[1]: Started Network Manager Script Dispatcher Service.
3月 26 15:13:18 ree-virtual-machine systemd[1]: NetworkManager-dispatcher.service: Deactivated successfully.
3月 26 18:51:15 ree-virtual-machine systemd[1]: Starting Network Manager Script Dispatcher Service...
3月 26 18:51:15 ree-virtual-machine systemd[1]: Started Network Manager Script Dispatcher Service.
3月 26 18:51:31 ree-virtual-machine systemd[1]: NetworkManager-dispatcher.service: Deactivated successfully.
3月 27 12:09:13 ree-virtual-machine systemd[1]: Starting Network Manager Script Dispatcher Service...
3月 27 12:09:13 ree-virtual-machine systemd[1]: Started Network Manager Script Dispatcher Service.
3月 27 12:10:14 ree-virtual-machine systemd[1]: NetworkManager-dispatcher.service: Deactivated successfully.
3月 27 12:10:15 ree-virtual-machine systemd[1]: Starting Network Manager Script Dispatcher Service...
3月 27 12:10:15 ree-virtual-machine systemd[1]: Started Network Manager Script Dispatcher Service.
3月 27 12:10:30 ree-virtual-machine systemd[1]: NetworkManager-dispatcher.service: Deactivated successfully.
3月 27 13:50:37 ree-virtual-machine systemd[1]: Starting Network Manager Script Dispatcher Service...
3月 27 13:50:37 ree-virtual-machine systemd[1]: Started Network Manager Script Dispatcher Service.
3月 27 13:50:48 ree-virtual-machine systemd[1]: NetworkManager-dispatcher.service: Deactivated successfully.
3月 27 16:20:04 ree-virtual-machine systemd[1]: Starting Network Manager Script Dispatcher Service...
3月 27 16:20:04 ree-virtual-machine systemd[1]: Started Network Manager Script Dispatcher Service.
3月 27 16:20:12 ree-virtual-machine systemd[1]: NetworkManager-dispatcher.service: Deactivated successfully.
3月 27 17:42:16 ree-virtual-machine systemd[1]: Starting Network Manager Script Dispatcher Service...
3月 27 17:42:16 ree-virtual-machine systemd[1]: Started Network Manager Script Dispatcher Service.
3月 27 17:42:27 ree-virtual-machine systemd[1]: NetworkManager-dispatcher.service: Deactivated successfully.
3月 27 19:27:36 ree-virtual-machine systemd[1]: Starting Network Manager Script Dispatcher Service...
3月 27 19:27:36 ree-virtual-machine systemd[1]: Started Network Manager Script Dispatcher Service.
3月 27 19:27:47 ree-virtual-machine systemd[1]: NetworkManager-dispatcher.service: Deactivated successfully.
3月 28 00:53:39 ree-virtual-machine systemd[1]: Starting Network Manager Script Dispatcher Service...
3月 28 00:53:39 ree-virtual-machine systemd[1]: Started Network Manager Script Dispatcher Service.
3月 28 00:53:48 ree-virtual-machine systemd[1]: NetworkManager-dispatcher.service: Deactivated successfully.
-- Boot cce731051b6244c4a03f32893ae3c956 --
3月 28 10:31:04 ree-virtual-machine systemd[1]: Starting Network Manager Script Dispatcher Service...
3月 28 10:31:04 ree-virtual-machine systemd[1]: Started Network Manager Script Dispatcher Service.
3月 28 10:31:15 ree-virtual-machine systemd[1]: NetworkManager-dispatcher.service: Deactivated successfully.
3月 28 11:46:24 ree-virtual-machine systemd[1]: Starting Network Manager Script Dispatcher Service...
3月 28 11:46:24 ree-virtual-machine systemd[1]: Started Network Manager Script Dispatcher Service.
3月 28 11:46:35 ree-virtual-machine systemd[1]: NetworkManager-dispatcher.service: Deactivated successfully.
3月 28 12:01:45 ree-virtual-machine systemd[1]: Starting Network Manager Script Dispatcher Service...
3月 28 12:01:45 ree-virtual-machine systemd[1]: Started Network Manager Script Dispatcher Service.
3月 28 12:01:56 ree-virtual-machine systemd[1]: NetworkManager-dispatcher.service: Deactivated successfully.
3月 28 12:52:05 ree-virtual-machine systemd[1]: Starting Network Manager Script Dispatcher Service...
3月 28 12:52:05 ree-virtual-machine systemd[1]: Started Network Manager Script Dispatcher Service.
3月 28 13:35:51 ree-virtual-machine systemd[1]: NetworkManager-dispatcher.service: Deactivated successfully.
3月 28 13:35:57 ree-virtual-machine systemd[1]: Starting Network Manager Script Dispatcher Service...
3月 28 13:35:57 ree-virtual-machine systemd[1]: Started Network Manager Script Dispatcher Service.
3月 28 13:36:06 ree-virtual-machine systemd[1]: NetworkManager-dispatcher.service: Deactivated successfully.
3月 28 16:30:56 ree-virtual-machine systemd[1]: Starting Network Manager Script Dispatcher Service...
3月 28 16:30:56 ree-virtual-machine systemd[1]: Started Network Manager Script Dispatcher Service.
3月 28 16:31:06 ree-virtual-machine systemd[1]: NetworkManager-dispatcher.service: Deactivated successfully.
3月 28 18:56:16 ree-virtual-machine systemd[1]: Starting Network Manager Script Dispatcher Service...
3月 28 18:56:16 ree-virtual-machine systemd[1]: Started Network Manager Script Dispatcher Service.
3月 28 18:56:27 ree-virtual-machine systemd[1]: NetworkManager-dispatcher.service: Deactivated successfully.
3月 28 20:16:36 ree-virtual-machine systemd[1]: Starting Network Manager Script Dispatcher Service...
3月 28 20:16:36 ree-virtual-machine systemd[1]: Started Network Manager Script Dispatcher Service.
3月 28 20:16:49 ree-virtual-machine systemd[1]: NetworkManager-dispatcher.service: Deactivated successfully.
3月 28 20:21:57 ree-virtual-machine systemd[1]: Starting Network Manager Script Dispatcher Service...
3月 28 20:21:57 ree-virtual-machine systemd[1]: Started Network Manager Script Dispatcher Service.
3月 28 20:22:07 ree-virtual-machine systemd[1]: NetworkManager-dispatcher.service: Deactivated successfully.
3月 29 00:32:37 ree-virtual-machine systemd[1]: Starting Network Manager Script Dispatcher Service...
3月 29 00:32:37 ree-virtual-machine systemd[1]: Started Network Manager Script Dispatcher Service.
3月 29 00:32:47 ree-virtual-machine systemd[1]: NetworkManager-dispatcher.service: Deactivated successfully.
3月 29 11:35:59 ree-virtual-machine systemd[1]: Starting Network Manager Script Dispatcher Service...
3月 29 11:35:59 ree-virtual-machine systemd[1]: Started Network Manager Script Dispatcher Service.
3月 29 11:36:10 ree-virtual-machine systemd[1]: NetworkManager-dispatcher.service: Deactivated successfully.
-- Boot 2a886fae77824755a4d8c5453e54eec8 --
3月 29 11:43:32 ree-virtual-machine systemd[1]: Starting Network Manager Script Dispatcher Service...
3月 29 11:43:32 ree-virtual-machine systemd[1]: Started Network Manager Script Dispatcher Service.
3月 29 11:43:43 ree-virtual-machine systemd[1]: NetworkManager-dispatcher.service: Deactivated successfully.
3月 29 12:01:33 ree-virtual-machine systemd[1]: Starting Network Manager Script Dispatcher Service...
3月 29 12:01:33 ree-virtual-machine systemd[1]: Started Network Manager Script Dispatcher Service.
3月 29 12:01:46 ree-virtual-machine systemd[1]: NetworkManager-dispatcher.service: Deactivated successfully.
-- Boot bb0991777ac541be83385906c043308d --
3月 29 12:42:42 ree-virtual-machine systemd[1]: Starting Network Manager Script Dispatcher Service...
3月 29 12:42:42 ree-virtual-machine systemd[1]: Started Network Manager Script Dispatcher Service.
3月 29 12:42:52 ree-virtual-machine systemd[1]: NetworkManager-dispatcher.service: Deactivated successfully.
3月 29 12:49:37 ree-virtual-machine systemd[1]: Starting Network Manager Script Dispatcher Service...
3月 29 12:49:37 ree-virtual-machine systemd[1]: Started Network Manager Script Dispatcher Service.
3月 29 12:49:49 ree-virtual-machine systemd[1]: NetworkManager-dispatcher.service: Deactivated successfully.
3月 29 12:50:23 ree-virtual-machine systemd[1]: Starting Network Manager Script Dispatcher Service...
3月 29 12:50:23 ree-virtual-machine systemd[1]: Started Network Manager Script Dispatcher Service.
3月 29 12:50:35 ree-virtual-machine systemd[1]: NetworkManager-dispatcher.service: Deactivated successfully.
-- Boot d7712a95bc0b49358ac3d7c9a0282431 --
3月 29 13:18:47 ree-virtual-machine systemd[1]: Starting Network Manager Script Dispatcher Service...
3月 29 13:18:47 ree-virtual-machine systemd[1]: Started Network Manager Script Dispatcher Service.
3月 29 13:18:59 ree-virtual-machine systemd[1]: NetworkManager-dispatcher.service: Deactivated successfully.
-- Boot 19b4dd46eb7b4597999d4311a7fcd580 --
3月 29 13:24:44 ree-virtual-machine systemd[1]: Starting Network Manager Script Dispatcher Service...
3月 29 13:24:44 ree-virtual-machine systemd[1]: Started Network Manager Script Dispatcher Service.
3月 29 13:24:55 ree-virtual-machine systemd[1]: NetworkManager-dispatcher.service: Deactivated successfully.
3月 29 13:55:43 ree-virtual-machine systemd[1]: Starting Network Manager Script Dispatcher Service...
3月 29 13:55:43 ree-virtual-machine systemd[1]: Started Network Manager Script Dispatcher Service.
3月 29 13:55:56 ree-virtual-machine systemd[1]: NetworkManager-dispatcher.service: Deactivated successfully.
3月 29 14:02:34 ree-virtual-machine systemd[1]: Starting Network Manager Script Dispatcher Service...
3月 29 14:02:34 ree-virtual-machine systemd[1]: Started Network Manager Script Dispatcher Service.
3月 29 14:02:49 ree-virtual-machine systemd[1]: NetworkManager-dispatcher.service: Deactivated successfully.
3月 29 14:22:59 ree-virtual-machine systemd[1]: Starting Network Manager Script Dispatcher Service...
3月 29 14:22:59 ree-virtual-machine systemd[1]: Started Network Manager Script Dispatcher Service.
3月 29 14:23:10 ree-virtual-machine systemd[1]: NetworkManager-dispatcher.service: Deactivated successfully.
-- Boot 9d814a28020a4d1b8dc1b211140df378 --
3月 30 14:04:53 ree-virtual-machine systemd[1]: Starting Network Manager Script Dispatcher Service...
3月 30 14:04:53 ree-virtual-machine systemd[1]: Started Network Manager Script Dispatcher Service.
3月 30 14:05:05 ree-virtual-machine systemd[1]: NetworkManager-dispatcher.service: Deactivated successfully.
-- Boot 84aa09a898d145c7a959de6db29053d7 --
3月 30 15:02:21 ree-virtual-machine systemd[1]: Starting Network Manager Script Dispatcher Service...
3月 30 15:02:21 ree-virtual-machine systemd[1]: Started Network Manager Script Dispatcher Service.
3月 30 15:02:33 ree-virtual-machine systemd[1]: NetworkManager-dispatcher.service: Deactivated successfully.
-- Boot aa4829cf4bad48fb9f7b1a4eb947f5c0 --
3月 30 15:03:27 ree-virtual-machine systemd[1]: Starting Network Manager Script Dispatcher Service...
3月 30 15:03:27 ree-virtual-machine systemd[1]: Started Network Manager Script Dispatcher Service.
3月 30 15:03:35 ree-virtual-machine nm-dispatcher[1037]: Caught signal 15, shutting down...
3月 30 15:03:35 ree-virtual-machine systemd[1]: Stopping Network Manager Script Dispatcher Service...
3月 30 15:03:35 ree-virtual-machine systemd[1]: NetworkManager-dispatcher.service: Deactivated successfully.
3月 30 15:03:35 ree-virtual-machine systemd[1]: Stopped Network Manager Script Dispatcher Service.
-- Boot 00a7e42d2b624b439bea376a3bc361f1 --
3月 30 15:14:14 ree-virtual-machine systemd[1]: Starting Network Manager Script Dispatcher Service...
3月 30 15:14:14 ree-virtual-machine systemd[1]: Started Network Manager Script Dispatcher Service.
3月 30 15:14:25 ree-virtual-machine systemd[1]: NetworkManager-dispatcher.service: Deactivated successfully.
-- Boot 1516c1af27714148858b849306510739 --
3月 30 15:23:25 ree-virtual-machine systemd[1]: Starting Network Manager Script Dispatcher Service...
3月 30 15:23:25 ree-virtual-machine systemd[1]: Started Network Manager Script Dispatcher Service.
3月 30 15:23:36 ree-virtual-machine systemd[1]: NetworkManager-dispatcher.service: Deactivated successfully.
3月 30 15:33:45 ree-virtual-machine systemd[1]: Starting Network Manager Script Dispatcher Service...
3月 30 15:33:45 ree-virtual-machine systemd[1]: Started Network Manager Script Dispatcher Service.
3月 30 15:33:56 ree-virtual-machine systemd[1]: NetworkManager-dispatcher.service: Deactivated successfully.
-- Boot 9069828abd4b41e5829b4880b07ecdde --
3月 30 15:38:53 ree-virtual-machine systemd[1]: Starting Network Manager Script Dispatcher Service...
3月 30 15:38:53 ree-virtual-machine systemd[1]: Started Network Manager Script Dispatcher Service.
3月 30 15:39:04 ree-virtual-machine systemd[1]: NetworkManager-dispatcher.service: Deactivated successfully.
-- Boot 76e16ebfbeab47788bc4dd8853d9fe7e --
3月 30 17:34:19 ree-virtual-machine systemd[1]: Starting Network Manager Script Dispatcher Service...
3月 30 17:34:19 ree-virtual-machine systemd[1]: Started Network Manager Script Dispatcher Service.
3月 30 17:34:31 ree-virtual-machine systemd[1]: NetworkManager-dispatcher.service: Deactivated successfully.
3月 30 18:09:40 ree-virtual-machine systemd[1]: Starting Network Manager Script Dispatcher Service...
3月 30 18:09:40 ree-virtual-machine systemd[1]: Started Network Manager Script Dispatcher Service.
3月 30 18:09:52 ree-virtual-machine systemd[1]: NetworkManager-dispatcher.service: Deactivated successfully.
3月 30 18:25:01 ree-virtual-machine systemd[1]: Starting Network Manager Script Dispatcher Service...
3月 30 18:25:01 ree-virtual-machine systemd[1]: Started Network Manager Script Dispatcher Service.
3月 30 18:25:12 ree-virtual-machine systemd[1]: NetworkManager-dispatcher.service: Deactivated successfully.
3月 30 20:25:56 ree-virtual-machine systemd[1]: Starting Network Manager Script Dispatcher Service...
3月 30 20:25:56 ree-virtual-machine systemd[1]: Started Network Manager Script Dispatcher Service.
3月 30 20:26:14 ree-virtual-machine systemd[1]: NetworkManager-dispatcher.service: Deactivated successfully.
-- Boot e249c720d58849269d73a22f14ee6fb9 --
3月 30 20:32:33 ree-virtual-machine systemd[1]: Starting Network Manager Script Dispatcher Service...
3月 30 20:32:33 ree-virtual-machine systemd[1]: Started Network Manager Script Dispatcher Service.
3月 30 20:32:46 ree-virtual-machine systemd[1]: NetworkManager-dispatcher.service: Deactivated successfully.
3月 30 21:12:57 ree-virtual-machine systemd[1]: Starting Network Manager Script Dispatcher Service...
3月 30 21:12:57 ree-virtual-machine systemd[1]: Started Network Manager Script Dispatcher Service.
3月 30 21:13:08 ree-virtual-machine systemd[1]: NetworkManager-dispatcher.service: Deactivated successfully.
-- Boot 9ccccf2adff74839b8fba49d83281f8b --
3月 30 22:53:44 ree-virtual-machine systemd[1]: Starting Network Manager Script Dispatcher Service...
3月 30 22:53:44 ree-virtual-machine systemd[1]: Started Network Manager Script Dispatcher Service.
3月 30 22:54:00 ree-virtual-machine systemd[1]: NetworkManager-dispatcher.service: Deactivated successfully.
-- Boot 308f7b0f7a274f0bb6200973f34667b6 --
3月 31 00:22:28 ree-virtual-machine systemd[1]: Starting Network Manager Script Dispatcher Service...
3月 31 00:22:28 ree-virtual-machine systemd[1]: Started Network Manager Script Dispatcher Service.
3月 31 00:22:42 ree-virtual-machine systemd[1]: NetworkManager-dispatcher.service: Deactivated successfully.
-- Boot d85c7c53e5114994bc2f0f623b3af509 --
3月 31 19:12:16 ree-virtual-machine systemd[1]: Starting Network Manager Script Dispatcher Service...
3月 31 19:12:16 ree-virtual-machine systemd[1]: Started Network Manager Script Dispatcher Service.
3月 31 19:12:29 ree-virtual-machine systemd[1]: NetworkManager-dispatcher.service: Deactivated successfully.
-- Boot 09785a07d95540b1ad518945fbcc300d --
3月 31 19:43:50 ree-virtual-machine systemd[1]: Starting Network Manager Script Dispatcher Service...
3月 31 19:43:50 ree-virtual-machine systemd[1]: Started Network Manager Script Dispatcher Service.
3月 31 19:44:05 ree-virtual-machine systemd[1]: NetworkManager-dispatcher.service: Deactivated successfully.
-- Boot 436dee14f55b451a880859c1f76478af --
3月 31 21:10:03 ree-virtual-machine systemd[1]: Starting Network Manager Script Dispatcher Service...
3月 31 21:10:03 ree-virtual-machine systemd[1]: Started Network Manager Script Dispatcher Service.
3月 31 21:10:17 ree-virtual-machine systemd[1]: NetworkManager-dispatcher.service: Deactivated successfully.
-- Boot e2fd3a66bd3b4bd68261cb94d3fee451 --
4月 04 12:20:47 ree-virtual-machine systemd[1]: Starting Network Manager Script Dispatcher Service...
4月 04 12:20:47 ree-virtual-machine systemd[1]: Started Network Manager Script Dispatcher Service.
4月 04 12:21:00 ree-virtual-machine systemd[1]: NetworkManager-dispatcher.service: Deactivated successfully.
-- Boot 25dbee67bff049baa23eecea014b8763 --
4月 04 17:35:54 ree-virtual-machine systemd[1]: Starting Network Manager Script Dispatcher Service...
4月 04 17:35:54 ree-virtual-machine systemd[1]: Started Network Manager Script Dispatcher Service.
4月 04 17:36:10 ree-virtual-machine systemd[1]: NetworkManager-dispatcher.service: Deactivated successfully.
4月 04 20:11:17 ree-virtual-machine systemd[1]: Starting Network Manager Script Dispatcher Service...
4月 04 20:11:17 ree-virtual-machine systemd[1]: Started Network Manager Script Dispatcher Service.
4月 04 20:11:28 ree-virtual-machine systemd[1]: NetworkManager-dispatcher.service: Deactivated successfully.
-- Boot 0d532a9de8ef4df1a92a1cc3f8ce562d --
4月 09 19:14:33 ree-virtual-machine systemd[1]: Starting Network Manager Script Dispatcher Service...
4月 09 19:14:33 ree-virtual-machine systemd[1]: Started Network Manager Script Dispatcher Service.
4月 09 19:14:47 ree-virtual-machine systemd[1]: NetworkManager-dispatcher.service: Deactivated successfully.
-- Boot 66c095c2b40d4348bbbaa9bd9371fd5b --
4月 09 19:21:20 ree-virtual-machine systemd[1]: Starting Network Manager Script Dispatcher Service...
4月 09 19:21:20 ree-virtual-machine systemd[1]: Started Network Manager Script Dispatcher Service.
4月 09 19:21:32 ree-virtual-machine systemd[1]: NetworkManager-dispatcher.service: Deactivated successfully.
-- Boot 125b443d38b7450fbc1c404530e9dc9e --
4月 12 11:21:57 ree-virtual-machine systemd[1]: Starting Network Manager Script Dispatcher Service...
4月 12 11:21:57 ree-virtual-machine systemd[1]: Started Network Manager Script Dispatcher Service.
4月 12 11:22:10 ree-virtual-machine systemd[1]: NetworkManager-dispatcher.service: Deactivated successfully.
-- Boot e043495edc834fd3b8de378cf5b742ab --
4月 12 12:32:38 ree-virtual-machine systemd[1]: Starting Network Manager Script Dispatcher Service...
4月 12 12:32:38 ree-virtual-machine systemd[1]: Started Network Manager Script Dispatcher Service.
4月 12 12:32:54 ree-virtual-machine systemd[1]: NetworkManager-dispatcher.service: Deactivated successfully.
4月 12 13:33:02 ree-virtual-machine systemd[1]: Starting Network Manager Script Dispatcher Service...
4月 12 13:33:02 ree-virtual-machine systemd[1]: Started Network Manager Script Dispatcher Service.
4月 12 13:33:14 ree-virtual-machine systemd[1]: NetworkManager-dispatcher.service: Deactivated successfully.
-- Boot 9296bd89129642f58a1e422116180a89 --
4月 12 19:33:19 ree-virtual-machine systemd[1]: Starting Network Manager Script Dispatcher Service...
4月 12 19:33:19 ree-virtual-machine systemd[1]: Started Network Manager Script Dispatcher Service.
4月 12 19:33:31 ree-virtual-machine systemd[1]: NetworkManager-dispatcher.service: Deactivated successfully.
-- Boot e44af90cbb3e49179059ad1de25c45d0 --
4月 12 21:31:07 ree-virtual-machine systemd[1]: Starting Network Manager Script Dispatcher Service...
4月 12 21:31:07 ree-virtual-machine systemd[1]: Started Network Manager Script Dispatcher Service.
4月 12 21:34:22 ree-virtual-machine systemd[1]: NetworkManager-dispatcher.service: Deactivated successfully.
-- Boot 670c3aae65b84f6c8708951f52467260 --
4月 12 21:49:13 ree-virtual-machine systemd[1]: Starting Network Manager Script Dispatcher Service...
4月 12 21:49:13 ree-virtual-machine systemd[1]: Started Network Manager Script Dispatcher Service.
4月 12 21:49:28 ree-virtual-machine systemd[1]: NetworkManager-dispatcher.service: Deactivated successfully.
-- Boot 73255c0c6dec4ce4bca99ec2ceb12507 --
4月 12 21:53:29 ree-virtual-machine systemd[1]: Starting Network Manager Script Dispatcher Service...
4月 12 21:53:29 ree-virtual-machine systemd[1]: Started Network Manager Script Dispatcher Service.
4月 12 21:53:42 ree-virtual-machine systemd[1]: NetworkManager-dispatcher.service: Deactivated successfully.
4月 12 23:53:52 ree-virtual-machine systemd[1]: Starting Network Manager Script Dispatcher Service...
4月 12 23:53:52 ree-virtual-machine systemd[1]: Started Network Manager Script Dispatcher Service.
4月 12 23:54:02 ree-virtual-machine systemd[1]: NetworkManager-dispatcher.service: Deactivated successfully.
-- Boot ab354c8c35ec46309c3d583c22d4722e --
4月 13 11:49:16 ree-virtual-machine systemd[1]: Starting Network Manager Script Dispatcher Service...
4月 13 11:49:16 ree-virtual-machine systemd[1]: Started Network Manager Script Dispatcher Service.
4月 13 11:49:29 ree-virtual-machine systemd[1]: NetworkManager-dispatcher.service: Deactivated successfully.
4月 13 13:29:39 ree-virtual-machine systemd[1]: Starting Network Manager Script Dispatcher Service...
4月 13 13:29:39 ree-virtual-machine systemd[1]: Started Network Manager Script Dispatcher Service.
4月 13 13:29:50 ree-virtual-machine systemd[1]: NetworkManager-dispatcher.service: Deactivated successfully.
4月 13 16:34:19 ree-virtual-machine systemd[1]: Starting Network Manager Script Dispatcher Service...
4月 13 16:34:19 ree-virtual-machine systemd[1]: Started Network Manager Script Dispatcher Service.
4月 13 16:34:29 ree-virtual-machine systemd[1]: NetworkManager-dispatcher.service: Deactivated successfully.
4月 13 20:21:05 ree-virtual-machine systemd[1]: Starting Network Manager Script Dispatcher Service...
4月 13 20:21:05 ree-virtual-machine systemd[1]: Started Network Manager Script Dispatcher Service.
4月 13 20:21:20 ree-virtual-machine systemd[1]: NetworkManager-dispatcher.service: Deactivated successfully.
-- Boot 1223bb12cf164754a34338b3879bc416 --
4月 13 20:22:52 ree-virtual-machine systemd[1]: Starting Network Manager Script Dispatcher Service...
4月 13 20:22:52 ree-virtual-machine systemd[1]: Started Network Manager Script Dispatcher Service.
4月 13 20:23:07 ree-virtual-machine systemd[1]: NetworkManager-dispatcher.service: Deactivated successfully.
4月 13 22:08:16 ree-virtual-machine systemd[1]: Starting Network Manager Script Dispatcher Service...
4月 13 22:08:16 ree-virtual-machine systemd[1]: Started Network Manager Script Dispatcher Service.
4月 13 22:08:26 ree-virtual-machine systemd[1]: NetworkManager-dispatcher.service: Deactivated successfully.
-- Boot eedc866258b546db86377bdd16f52c6c --
4月 13 23:33:00 ree-virtual-machine systemd[1]: Starting Network Manager Script Dispatcher Service...
4月 13 23:33:00 ree-virtual-machine systemd[1]: Started Network Manager Script Dispatcher Service.
4月 13 23:33:13 ree-virtual-machine systemd[1]: NetworkManager-dispatcher.service: Deactivated successfully.
4月 14 01:13:25 ree-virtual-machine systemd[1]: Starting Network Manager Script Dispatcher Service...
4月 14 01:13:25 ree-virtual-machine systemd[1]: Started Network Manager Script Dispatcher Service.
4月 14 01:13:36 ree-virtual-machine systemd[1]: NetworkManager-dispatcher.service: Deactivated successfully.
-- Boot 6336d5d01d9d47a1a84a86d400678bbe --
4月 14 18:40:04 ree-virtual-machine systemd[1]: Starting Network Manager Script Dispatcher Service...
4月 14 18:40:04 ree-virtual-machine systemd[1]: Started Network Manager Script Dispatcher Service.
4月 14 18:40:17 ree-virtual-machine systemd[1]: NetworkManager-dispatcher.service: Deactivated successfully.
-- Boot 00425514c17e404db4cc5611a8f55ed9 --
4月 14 21:28:23 ree-virtual-machine systemd[1]: Starting Network Manager Script Dispatcher Service...
4月 14 21:28:23 ree-virtual-machine systemd[1]: Started Network Manager Script Dispatcher Service.
4月 14 21:28:38 ree-virtual-machine systemd[1]: NetworkManager-dispatcher.service: Deactivated successfully.
4月 14 21:38:47 ree-virtual-machine systemd[1]: Starting Network Manager Script Dispatcher Service...
4月 14 21:38:47 ree-virtual-machine systemd[1]: Started Network Manager Script Dispatcher Service.
4月 14 21:38:57 ree-virtual-machine systemd[1]: NetworkManager-dispatcher.service: Deactivated successfully.
4月 14 23:24:07 ree-virtual-machine systemd[1]: Starting Network Manager Script Dispatcher Service...
4月 14 23:24:07 ree-virtual-machine systemd[1]: Started Network Manager Script Dispatcher Service.
4月 14 23:24:18 ree-virtual-machine systemd[1]: NetworkManager-dispatcher.service: Deactivated successfully.
4月 14 23:39:27 ree-virtual-machine systemd[1]: Starting Network Manager Script Dispatcher Service...
4月 14 23:39:27 ree-virtual-machine systemd[1]: Started Network Manager Script Dispatcher Service.
4月 14 23:39:37 ree-virtual-machine systemd[1]: NetworkManager-dispatcher.service: Deactivated successfully.
4月 15 00:29:47 ree-virtual-machine systemd[1]: Starting Network Manager Script Dispatcher Service...
4月 15 00:29:47 ree-virtual-machine systemd[1]: Started Network Manager Script Dispatcher Service.
4月 15 00:29:59 ree-virtual-machine systemd[1]: NetworkManager-dispatcher.service: Deactivated successfully.
4月 15 00:55:08 ree-virtual-machine systemd[1]: Starting Network Manager Script Dispatcher Service...
4月 15 00:55:08 ree-virtual-machine systemd[1]: Started Network Manager Script Dispatcher Service.
4月 15 00:55:20 ree-virtual-machine systemd[1]: NetworkManager-dispatcher.service: Deactivated successfully.
4月 15 02:25:29 ree-virtual-machine systemd[1]: Starting Network Manager Script Dispatcher Service...
4月 15 02:25:29 ree-virtual-machine systemd[1]: Started Network Manager Script Dispatcher Service.
4月 15 02:25:40 ree-virtual-machine systemd[1]: NetworkManager-dispatcher.service: Deactivated successfully.
-- Boot ac6742caea064674b1504bee9f2e0abd --
4月 15 11:41:48 ree-virtual-machine systemd[1]: Starting Network Manager Script Dispatcher Service...
4月 15 11:41:48 ree-virtual-machine systemd[1]: Started Network Manager Script Dispatcher Service.
4月 15 11:42:01 ree-virtual-machine systemd[1]: NetworkManager-dispatcher.service: Deactivated successfully.
4月 15 12:37:10 ree-virtual-machine systemd[1]: Starting Network Manager Script Dispatcher Service...
4月 15 12:37:10 ree-virtual-machine systemd[1]: Started Network Manager Script Dispatcher Service.
4月 15 12:37:22 ree-virtual-machine systemd[1]: NetworkManager-dispatcher.service: Deactivated successfully.
4月 15 13:17:31 ree-virtual-machine systemd[1]: Starting Network Manager Script Dispatcher Service...
4月 15 13:17:31 ree-virtual-machine systemd[1]: Started Network Manager Script Dispatcher Service.
4月 15 13:17:42 ree-virtual-machine systemd[1]: NetworkManager-dispatcher.service: Deactivated successfully.

