2月 20 18:38:52 ree-virtual-machine systemd[1]: Starting Hold until boot process finishes up...
2月 20 18:38:55 ree-virtual-machine systemd[1]: Finished Hold until boot process finishes up.
2月 20 18:52:48 ree-virtual-machine systemd[1]: plymouth-quit-wait.service: Deactivated successfully.
2月 20 18:52:48 ree-virtual-machine systemd[1]: Stopped Hold until boot process finishes up.
-- Boot 59a08585a9874716bda9035a442e266a --
2月 20 18:52:56 ree-virtual-machine systemd[1]: Starting Hold until boot process finishes up...
2月 20 18:52:58 ree-virtual-machine systemd[1]: Finished Hold until boot process finishes up.
-- Boot 4e50f35765d14836ba11bf87868d3690 --
2月 21 18:32:16 ree-virtual-machine systemd[1]: Starting Hold until boot process finishes up...
2月 21 18:32:19 ree-virtual-machine systemd[1]: Finished Hold until boot process finishes up.
2月 21 18:41:05 ree-virtual-machine systemd[1]: plymouth-quit-wait.service: Deactivated successfully.
2月 21 18:41:05 ree-virtual-machine systemd[1]: Stopped Hold until boot process finishes up.
-- Boot 378ef5fc52a64e67810e6fa7a9ee31e6 --
2月 21 18:42:26 ree-virtual-machine systemd[1]: Starting Hold until boot process finishes up...
2月 21 18:42:29 ree-virtual-machine systemd[1]: Finished Hold until boot process finishes up.
2月 21 19:01:35 ree-virtual-machine systemd[1]: plymouth-quit-wait.service: Deactivated successfully.
2月 21 19:01:35 ree-virtual-machine systemd[1]: Stopped Hold until boot process finishes up.
-- Boot 48d666794bf9483ca7ebe0e999848072 --
2月 21 19:01:45 ree-virtual-machine systemd[1]: Starting Hold until boot process finishes up...
2月 21 19:01:47 ree-virtual-machine systemd[1]: Finished Hold until boot process finishes up.
2月 21 19:02:28 ree-virtual-machine systemd[1]: plymouth-quit-wait.service: Deactivated successfully.
2月 21 19:02:28 ree-virtual-machine systemd[1]: Stopped Hold until boot process finishes up.
-- Boot a0299816d1d24b8ab70b7c10b1502239 --
2月 21 19:02:37 ree-virtual-machine systemd[1]: Starting Hold until boot process finishes up...
2月 21 19:02:39 ree-virtual-machine systemd[1]: Finished Hold until boot process finishes up.
2月 21 19:17:46 ree-virtual-machine systemd[1]: plymouth-quit-wait.service: Deactivated successfully.
2月 21 19:17:46 ree-virtual-machine systemd[1]: Stopped Hold until boot process finishes up.
-- Boot 7319c95352634624b166e30456e7d6e8 --
2月 21 19:17:56 ree-virtual-machine systemd[1]: Starting Hold until boot process finishes up...
2月 21 19:17:58 ree-virtual-machine systemd[1]: Finished Hold until boot process finishes up.
2月 21 19:23:02 ree-virtual-machine systemd[1]: plymouth-quit-wait.service: Deactivated successfully.
2月 21 19:23:02 ree-virtual-machine systemd[1]: Stopped Hold until boot process finishes up.
-- Boot e6c010b640444a48974c34b34cbf889b --
2月 21 19:23:11 ree-virtual-machine systemd[1]: Starting Hold until boot process finishes up...
2月 21 19:23:13 ree-virtual-machine systemd[1]: Finished Hold until boot process finishes up.
2月 21 19:50:53 ree-virtual-machine systemd[1]: plymouth-quit-wait.service: Deactivated successfully.
2月 21 19:50:53 ree-virtual-machine systemd[1]: Stopped Hold until boot process finishes up.
-- Boot 9ce45ab8fa0345b987fea497f44c5051 --
3月 10 20:00:45 ree-virtual-machine systemd[1]: Starting Hold until boot process finishes up...
3月 10 20:00:48 ree-virtual-machine systemd[1]: Finished Hold until boot process finishes up.
3月 10 20:30:58 ree-virtual-machine systemd[1]: plymouth-quit-wait.service: Deactivated successfully.
3月 10 20:30:58 ree-virtual-machine systemd[1]: Stopped Hold until boot process finishes up.
-- Boot 78840721b8c14d03929c91da9cf2989f --
3月 15 11:06:35 ree-virtual-machine systemd[1]: Starting Hold until boot process finishes up...
3月 15 11:06:39 ree-virtual-machine systemd[1]: Finished Hold until boot process finishes up.
3月 15 11:27:13 ree-virtual-machine systemd[1]: plymouth-quit-wait.service: Deactivated successfully.
3月 15 11:27:13 ree-virtual-machine systemd[1]: Stopped Hold until boot process finishes up.
-- Boot ca9b2e5e215f4f3fbeb8e0a2983e83e6 --
3月 22 19:20:01 ree-virtual-machine systemd[1]: Starting Hold until boot process finishes up...
3月 22 19:20:05 ree-virtual-machine systemd[1]: Finished Hold until boot process finishes up.
3月 22 19:56:18 ree-virtual-machine systemd[1]: plymouth-quit-wait.service: Deactivated successfully.
3月 22 19:56:18 ree-virtual-machine systemd[1]: Stopped Hold until boot process finishes up.
-- Boot ee7967cec9534f4aa0162aa833ebf2b7 --
3月 22 19:56:29 ree-virtual-machine systemd[1]: Starting Hold until boot process finishes up...
3月 22 19:56:31 ree-virtual-machine systemd[1]: Finished Hold until boot process finishes up.
-- Boot 9e3eeb915f5e4d0aab1fa06627dc238a --
3月 25 22:03:00 ree-virtual-machine systemd[1]: Starting Hold until boot process finishes up...
3月 25 22:03:04 ree-virtual-machine systemd[1]: Finished Hold until boot process finishes up.
-- Boot cce731051b6244c4a03f32893ae3c956 --
3月 28 10:31:04 ree-virtual-machine systemd[1]: Starting Hold until boot process finishes up...
3月 28 10:31:08 ree-virtual-machine systemd[1]: Finished Hold until boot process finishes up.
-- Boot 2a886fae77824755a4d8c5453e54eec8 --
3月 29 11:43:32 ree-virtual-machine systemd[1]: Starting Hold until boot process finishes up...
3月 29 11:43:36 ree-virtual-machine systemd[1]: Finished Hold until boot process finishes up.
3月 29 12:42:33 ree-virtual-machine systemd[1]: plymouth-quit-wait.service: Deactivated successfully.
3月 29 12:42:33 ree-virtual-machine systemd[1]: Stopped Hold until boot process finishes up.
-- Boot bb0991777ac541be83385906c043308d --
3月 29 12:42:42 ree-virtual-machine systemd[1]: Starting Hold until boot process finishes up...
3月 29 12:42:44 ree-virtual-machine systemd[1]: Finished Hold until boot process finishes up.
3月 29 12:50:43 ree-virtual-machine systemd[1]: plymouth-quit-wait.service: Deactivated successfully.
3月 29 12:50:43 ree-virtual-machine systemd[1]: Stopped Hold until boot process finishes up.
-- Boot d7712a95bc0b49358ac3d7c9a0282431 --
3月 29 13:18:47 ree-virtual-machine systemd[1]: Starting Hold until boot process finishes up...
3月 29 13:18:51 ree-virtual-machine systemd[1]: Finished Hold until boot process finishes up.
3月 29 13:23:16 ree-virtual-machine systemd[1]: plymouth-quit-wait.service: Deactivated successfully.
3月 29 13:23:16 ree-virtual-machine systemd[1]: Stopped Hold until boot process finishes up.
-- Boot 19b4dd46eb7b4597999d4311a7fcd580 --
3月 29 13:24:44 ree-virtual-machine systemd[1]: Starting Hold until boot process finishes up...
3月 29 13:24:48 ree-virtual-machine systemd[1]: Finished Hold until boot process finishes up.
-- Boot 9d814a28020a4d1b8dc1b211140df378 --
3月 30 14:04:52 ree-virtual-machine systemd[1]: Starting Hold until boot process finishes up...
3月 30 14:04:58 ree-virtual-machine systemd[1]: Finished Hold until boot process finishes up.
3月 30 14:58:38 ree-virtual-machine systemd[1]: plymouth-quit-wait.service: Deactivated successfully.
3月 30 14:58:39 ree-virtual-machine systemd[1]: Stopped Hold until boot process finishes up.
-- Boot 84aa09a898d145c7a959de6db29053d7 --
3月 30 15:02:21 ree-virtual-machine systemd[1]: Starting Hold until boot process finishes up...
3月 30 15:02:24 ree-virtual-machine systemd[1]: Finished Hold until boot process finishes up.
3月 30 15:02:52 ree-virtual-machine systemd[1]: plymouth-quit-wait.service: Deactivated successfully.
3月 30 15:02:52 ree-virtual-machine systemd[1]: Stopped Hold until boot process finishes up.
-- Boot aa4829cf4bad48fb9f7b1a4eb947f5c0 --
3月 30 15:03:27 ree-virtual-machine systemd[1]: Starting Hold until boot process finishes up...
3月 30 15:03:31 ree-virtual-machine systemd[1]: Finished Hold until boot process finishes up.
3月 30 15:03:35 ree-virtual-machine systemd[1]: plymouth-quit-wait.service: Deactivated successfully.
3月 30 15:03:35 ree-virtual-machine systemd[1]: Stopped Hold until boot process finishes up.
-- Boot 00a7e42d2b624b439bea376a3bc361f1 --
3月 30 15:14:14 ree-virtual-machine systemd[1]: Starting Hold until boot process finishes up...
3月 30 15:14:17 ree-virtual-machine systemd[1]: Finished Hold until boot process finishes up.
3月 30 15:15:05 ree-virtual-machine systemd[1]: plymouth-quit-wait.service: Deactivated successfully.
3月 30 15:15:05 ree-virtual-machine systemd[1]: Stopped Hold until boot process finishes up.
-- Boot 1516c1af27714148858b849306510739 --
3月 30 15:23:25 ree-virtual-machine systemd[1]: Starting Hold until boot process finishes up...
3月 30 15:23:29 ree-virtual-machine systemd[1]: Finished Hold until boot process finishes up.
3月 30 15:38:16 ree-virtual-machine systemd[1]: plymouth-quit-wait.service: Deactivated successfully.
3月 30 15:38:16 ree-virtual-machine systemd[1]: Stopped Hold until boot process finishes up.
-- Boot 9069828abd4b41e5829b4880b07ecdde --
3月 30 15:38:53 ree-virtual-machine systemd[1]: Starting Hold until boot process finishes up...
3月 30 15:38:56 ree-virtual-machine systemd[1]: Finished Hold until boot process finishes up.
-- Boot 76e16ebfbeab47788bc4dd8853d9fe7e --
3月 30 17:34:19 ree-virtual-machine systemd[1]: Starting Hold until boot process finishes up...
3月 30 17:34:23 ree-virtual-machine systemd[1]: Finished Hold until boot process finishes up.
3月 30 20:32:24 ree-virtual-machine systemd[1]: plymouth-quit-wait.service: Deactivated successfully.
3月 30 20:32:24 ree-virtual-machine systemd[1]: Stopped Hold until boot process finishes up.
-- Boot e249c720d58849269d73a22f14ee6fb9 --
3月 30 20:32:33 ree-virtual-machine systemd[1]: Starting Hold until boot process finishes up...
3月 30 20:32:36 ree-virtual-machine systemd[1]: Finished Hold until boot process finishes up.
-- Boot 9ccccf2adff74839b8fba49d83281f8b --
3月 30 22:53:44 ree-virtual-machine systemd[1]: Starting Hold until boot process finishes up...
3月 30 22:53:48 ree-virtual-machine systemd[1]: Finished Hold until boot process finishes up.
3月 30 23:30:42 ree-virtual-machine systemd[1]: plymouth-quit-wait.service: Deactivated successfully.
3月 30 23:30:42 ree-virtual-machine systemd[1]: Stopped Hold until boot process finishes up.
-- Boot 308f7b0f7a274f0bb6200973f34667b6 --
3月 31 00:22:28 ree-virtual-machine systemd[1]: Starting Hold until boot process finishes up...
3月 31 00:22:32 ree-virtual-machine systemd[1]: Finished Hold until boot process finishes up.
3月 31 00:27:29 ree-virtual-machine systemd[1]: plymouth-quit-wait.service: Deactivated successfully.
3月 31 00:27:29 ree-virtual-machine systemd[1]: Stopped Hold until boot process finishes up.
-- Boot d85c7c53e5114994bc2f0f623b3af509 --
3月 31 19:12:16 ree-virtual-machine systemd[1]: Starting Hold until boot process finishes up...
3月 31 19:12:20 ree-virtual-machine systemd[1]: Finished Hold until boot process finishes up.
3月 31 19:35:33 ree-virtual-machine systemd[1]: plymouth-quit-wait.service: Deactivated successfully.
3月 31 19:35:33 ree-virtual-machine systemd[1]: Stopped Hold until boot process finishes up.
-- Boot 09785a07d95540b1ad518945fbcc300d --
3月 31 19:43:50 ree-virtual-machine systemd[1]: Starting Hold until boot process finishes up...
3月 31 19:43:53 ree-virtual-machine systemd[1]: Finished Hold until boot process finishes up.
3月 31 19:44:59 ree-virtual-machine systemd[1]: plymouth-quit-wait.service: Deactivated successfully.
3月 31 19:44:59 ree-virtual-machine systemd[1]: Stopped Hold until boot process finishes up.
-- Boot 436dee14f55b451a880859c1f76478af --
3月 31 21:10:03 ree-virtual-machine systemd[1]: Starting Hold until boot process finishes up...
3月 31 21:10:06 ree-virtual-machine systemd[1]: Finished Hold until boot process finishes up.
4月 03 22:12:10 ree-virtual-machine systemd[1]: plymouth-quit-wait.service: Deactivated successfully.
4月 03 22:12:10 ree-virtual-machine systemd[1]: Stopped Hold until boot process finishes up.
-- Boot e2fd3a66bd3b4bd68261cb94d3fee451 --
4月 04 12:20:47 ree-virtual-machine systemd[1]: Starting Hold until boot process finishes up...
4月 04 12:20:50 ree-virtual-machine systemd[1]: Finished Hold until boot process finishes up.
4月 04 17:35:37 ree-virtual-machine systemd[1]: plymouth-quit-wait.service: Deactivated successfully.
4月 04 17:35:37 ree-virtual-machine systemd[1]: Stopped Hold until boot process finishes up.
-- Boot 25dbee67bff049baa23eecea014b8763 --
4月 04 17:35:54 ree-virtual-machine systemd[1]: Starting Hold until boot process finishes up...
4月 04 17:35:57 ree-virtual-machine systemd[1]: Finished Hold until boot process finishes up.
4月 04 20:54:00 ree-virtual-machine systemd[1]: plymouth-quit-wait.service: Deactivated successfully.
4月 04 20:54:00 ree-virtual-machine systemd[1]: Stopped Hold until boot process finishes up.
-- Boot 0d532a9de8ef4df1a92a1cc3f8ce562d --
4月 09 19:14:33 ree-virtual-machine systemd[1]: Starting Hold until boot process finishes up...
4月 09 19:14:37 ree-virtual-machine systemd[1]: Finished Hold until boot process finishes up.
4月 09 19:17:43 ree-virtual-machine systemd[1]: plymouth-quit-wait.service: Deactivated successfully.
4月 09 19:17:43 ree-virtual-machine systemd[1]: Stopped Hold until boot process finishes up.
-- Boot 66c095c2b40d4348bbbaa9bd9371fd5b --
4月 09 19:21:20 ree-virtual-machine systemd[1]: Starting Hold until boot process finishes up...
4月 09 19:21:25 ree-virtual-machine systemd[1]: Finished Hold until boot process finishes up.
4月 09 21:44:17 ree-virtual-machine systemd[1]: plymouth-quit-wait.service: Deactivated successfully.
4月 09 21:44:17 ree-virtual-machine systemd[1]: Stopped Hold until boot process finishes up.
-- Boot 125b443d38b7450fbc1c404530e9dc9e --
4月 12 11:21:57 ree-virtual-machine systemd[1]: Starting Hold until boot process finishes up...
4月 12 11:22:01 ree-virtual-machine systemd[1]: Finished Hold until boot process finishes up.
4月 12 12:31:43 ree-virtual-machine systemd[1]: plymouth-quit-wait.service: Deactivated successfully.
4月 12 12:31:43 ree-virtual-machine systemd[1]: Stopped Hold until boot process finishes up.
-- Boot e043495edc834fd3b8de378cf5b742ab --
4月 12 12:32:38 ree-virtual-machine systemd[1]: Starting Hold until boot process finishes up...
4月 12 12:32:42 ree-virtual-machine systemd[1]: Finished Hold until boot process finishes up.
4月 12 13:58:16 ree-virtual-machine systemd[1]: plymouth-quit-wait.service: Deactivated successfully.
4月 12 13:58:16 ree-virtual-machine systemd[1]: Stopped Hold until boot process finishes up.
-- Boot 9296bd89129642f58a1e422116180a89 --
4月 12 19:33:19 ree-virtual-machine systemd[1]: Starting Hold until boot process finishes up...
4月 12 19:33:22 ree-virtual-machine systemd[1]: Finished Hold until boot process finishes up.
4月 12 21:30:57 ree-virtual-machine systemd[1]: plymouth-quit-wait.service: Deactivated successfully.
4月 12 21:30:57 ree-virtual-machine systemd[1]: Stopped Hold until boot process finishes up.
-- Boot e44af90cbb3e49179059ad1de25c45d0 --
4月 12 21:31:07 ree-virtual-machine systemd[1]: Starting Hold until boot process finishes up...
4月 12 21:31:09 ree-virtual-machine systemd[1]: Finished Hold until boot process finishes up.
4月 12 21:48:57 ree-virtual-machine systemd[1]: plymouth-quit-wait.service: Deactivated successfully.
4月 12 21:48:57 ree-virtual-machine systemd[1]: Stopped Hold until boot process finishes up.
-- Boot 670c3aae65b84f6c8708951f52467260 --
4月 12 21:49:13 ree-virtual-machine systemd[1]: Starting Hold until boot process finishes up...
4月 12 21:49:16 ree-virtual-machine systemd[1]: Finished Hold until boot process finishes up.
4月 12 21:53:20 ree-virtual-machine systemd[1]: plymouth-quit-wait.service: Deactivated successfully.
4月 12 21:53:20 ree-virtual-machine systemd[1]: Stopped Hold until boot process finishes up.
-- Boot 73255c0c6dec4ce4bca99ec2ceb12507 --
4月 12 21:53:29 ree-virtual-machine systemd[1]: Starting Hold until boot process finishes up...
4月 12 21:53:31 ree-virtual-machine systemd[1]: Finished Hold until boot process finishes up.
4月 13 01:12:51 ree-virtual-machine systemd[1]: plymouth-quit-wait.service: Deactivated successfully.
4月 13 01:12:51 ree-virtual-machine systemd[1]: Stopped Hold until boot process finishes up.
-- Boot ab354c8c35ec46309c3d583c22d4722e --
4月 13 11:49:16 ree-virtual-machine systemd[1]: Starting Hold until boot process finishes up...
4月 13 11:49:21 ree-virtual-machine systemd[1]: Finished Hold until boot process finishes up.
4月 13 20:22:12 ree-virtual-machine systemd[1]: plymouth-quit-wait.service: Deactivated successfully.
4月 13 20:22:12 ree-virtual-machine systemd[1]: Stopped Hold until boot process finishes up.
-- Boot 1223bb12cf164754a34338b3879bc416 --
4月 13 20:22:51 ree-virtual-machine systemd[1]: Starting Hold until boot process finishes up...
4月 13 20:22:55 ree-virtual-machine systemd[1]: Finished Hold until boot process finishes up.
4月 13 23:11:10 ree-virtual-machine systemd[1]: plymouth-quit-wait.service: Deactivated successfully.
4月 13 23:11:10 ree-virtual-machine systemd[1]: Stopped Hold until boot process finishes up.
-- Boot eedc866258b546db86377bdd16f52c6c --
4月 13 23:33:00 ree-virtual-machine systemd[1]: Starting Hold until boot process finishes up...
4月 13 23:33:04 ree-virtual-machine systemd[1]: Finished Hold until boot process finishes up.
4月 14 01:45:07 ree-virtual-machine systemd[1]: plymouth-quit-wait.service: Deactivated successfully.
4月 14 01:45:07 ree-virtual-machine systemd[1]: Stopped Hold until boot process finishes up.
-- Boot 6336d5d01d9d47a1a84a86d400678bbe --
4月 14 18:40:04 ree-virtual-machine systemd[1]: Starting Hold until boot process finishes up...
4月 14 18:40:09 ree-virtual-machine systemd[1]: Finished Hold until boot process finishes up.
4月 14 19:24:32 ree-virtual-machine systemd[1]: plymouth-quit-wait.service: Deactivated successfully.
4月 14 19:24:32 ree-virtual-machine systemd[1]: Stopped Hold until boot process finishes up.
-- Boot 00425514c17e404db4cc5611a8f55ed9 --
4月 14 21:28:23 ree-virtual-machine systemd[1]: Starting Hold until boot process finishes up...
4月 14 21:28:26 ree-virtual-machine systemd[1]: Finished Hold until boot process finishes up.
-- Boot ac6742caea064674b1504bee9f2e0abd --
4月 15 11:41:48 ree-virtual-machine systemd[1]: Starting Hold until boot process finishes up...
4月 15 11:41:51 ree-virtual-machine systemd[1]: Finished Hold until boot process finishes up.

