2月 20 18:38:52 ree-virtual-machine systemd[1]: Starting User Login Management...
2月 20 18:38:52 ree-virtual-machine systemd-logind[913]: New seat seat0.
2月 20 18:38:52 ree-virtual-machine systemd-logind[913]: Watching system buttons on /dev/input/event0 (Power Button)
2月 20 18:38:52 ree-virtual-machine systemd-logind[913]: Watching system buttons on /dev/input/event1 (AT Translated Set 2 keyboard)
2月 20 18:38:52 ree-virtual-machine systemd[1]: Started User Login Management.
2月 20 18:38:52 ree-virtual-machine systemd-logind[913]: New session c1 of user gdm.
2月 20 18:40:15 ree-virtual-machine systemd-logind[913]: New session 2 of user ree.
2月 20 18:40:19 ree-virtual-machine systemd-logind[913]: Session c1 logged out. Waiting for processes to exit.
2月 20 18:40:19 ree-virtual-machine systemd-logind[913]: Removed session c1.
2月 20 18:52:48 ree-virtual-machine systemd-logind[913]: System is rebooting.
2月 20 18:52:48 ree-virtual-machine systemd-logind[913]: Session 2 logged out. Waiting for processes to exit.
2月 20 18:52:48 ree-virtual-machine systemd[1]: Stopping User Login Management...
2月 20 18:52:48 ree-virtual-machine systemd-logind[913]: Removed session 2.
2月 20 18:52:48 ree-virtual-machine systemd[1]: systemd-logind.service: Deactivated successfully.
2月 20 18:52:48 ree-virtual-machine systemd[1]: Stopped User Login Management.
-- Boot 59a08585a9874716bda9035a442e266a --
2月 20 18:52:56 ree-virtual-machine systemd[1]: Starting User Login Management...
2月 20 18:52:56 ree-virtual-machine systemd-logind[885]: New seat seat0.
2月 20 18:52:56 ree-virtual-machine systemd-logind[885]: Watching system buttons on /dev/input/event0 (Power Button)
2月 20 18:52:56 ree-virtual-machine systemd-logind[885]: Watching system buttons on /dev/input/event1 (AT Translated Set 2 keyboard)
2月 20 18:52:56 ree-virtual-machine systemd[1]: Started User Login Management.
2月 20 18:52:56 ree-virtual-machine systemd-logind[885]: New session c1 of user gdm.
2月 20 18:54:22 ree-virtual-machine systemd-logind[885]: New session 2 of user ree.
2月 20 18:54:24 ree-virtual-machine systemd-logind[885]: Session c1 logged out. Waiting for processes to exit.
2月 20 18:54:24 ree-virtual-machine systemd-logind[885]: Removed session c1.
-- Boot 4e50f35765d14836ba11bf87868d3690 --
2月 21 18:32:15 ree-virtual-machine systemd[1]: Starting User Login Management...
2月 21 18:32:16 ree-virtual-machine systemd-logind[900]: New seat seat0.
2月 21 18:32:16 ree-virtual-machine systemd-logind[900]: Watching system buttons on /dev/input/event0 (Power Button)
2月 21 18:32:16 ree-virtual-machine systemd-logind[900]: Watching system buttons on /dev/input/event1 (AT Translated Set 2 keyboard)
2月 21 18:32:16 ree-virtual-machine systemd[1]: Started User Login Management.
2月 21 18:32:16 ree-virtual-machine systemd-logind[900]: New session c1 of user gdm.
2月 21 18:32:32 ree-virtual-machine systemd-logind[900]: New session 2 of user ree.
2月 21 18:32:36 ree-virtual-machine systemd-logind[900]: Session c1 logged out. Waiting for processes to exit.
2月 21 18:32:37 ree-virtual-machine systemd-logind[900]: Removed session c1.
2月 21 18:41:05 ree-virtual-machine systemd-logind[900]: System is rebooting.
2月 21 18:41:05 ree-virtual-machine systemd-logind[900]: Session 2 logged out. Waiting for processes to exit.
2月 21 18:41:05 ree-virtual-machine systemd[1]: Stopping User Login Management...
2月 21 18:41:05 ree-virtual-machine systemd-logind[900]: Removed session 2.
2月 21 18:41:05 ree-virtual-machine systemd[1]: systemd-logind.service: Deactivated successfully.
2月 21 18:41:05 ree-virtual-machine systemd[1]: Stopped User Login Management.
-- Boot 378ef5fc52a64e67810e6fa7a9ee31e6 --
2月 21 18:42:26 ree-virtual-machine systemd[1]: Starting User Login Management...
2月 21 18:42:26 ree-virtual-machine systemd-logind[863]: New seat seat0.
2月 21 18:42:26 ree-virtual-machine systemd-logind[863]: Watching system buttons on /dev/input/event0 (Power Button)
2月 21 18:42:26 ree-virtual-machine systemd-logind[863]: Watching system buttons on /dev/input/event1 (AT Translated Set 2 keyboard)
2月 21 18:42:26 ree-virtual-machine systemd[1]: Started User Login Management.
2月 21 18:42:27 ree-virtual-machine systemd-logind[863]: New session c1 of user gdm.
2月 21 18:42:33 ree-virtual-machine systemd-logind[863]: New session 2 of user ree.
2月 21 18:42:36 ree-virtual-machine systemd-logind[863]: Session c1 logged out. Waiting for processes to exit.
2月 21 18:42:36 ree-virtual-machine systemd-logind[863]: Removed session c1.
2月 21 19:01:35 ree-virtual-machine systemd-logind[863]: System is rebooting.
2月 21 19:01:35 ree-virtual-machine systemd-logind[863]: Session 2 logged out. Waiting for processes to exit.
2月 21 19:01:35 ree-virtual-machine systemd[1]: Stopping User Login Management...
2月 21 19:01:35 ree-virtual-machine systemd-logind[863]: Removed session 2.
2月 21 19:01:35 ree-virtual-machine systemd[1]: systemd-logind.service: Deactivated successfully.
2月 21 19:01:35 ree-virtual-machine systemd[1]: Stopped User Login Management.
-- Boot 48d666794bf9483ca7ebe0e999848072 --
2月 21 19:01:44 ree-virtual-machine systemd[1]: Starting User Login Management...
2月 21 19:01:45 ree-virtual-machine systemd-logind[906]: New seat seat0.
2月 21 19:01:45 ree-virtual-machine systemd-logind[906]: Watching system buttons on /dev/input/event0 (Power Button)
2月 21 19:01:45 ree-virtual-machine systemd-logind[906]: Watching system buttons on /dev/input/event1 (AT Translated Set 2 keyboard)
2月 21 19:01:45 ree-virtual-machine systemd[1]: Started User Login Management.
2月 21 19:01:45 ree-virtual-machine systemd-logind[906]: New session c1 of user gdm.
2月 21 19:01:52 ree-virtual-machine systemd-logind[906]: New session 2 of user ree.
2月 21 19:01:54 ree-virtual-machine systemd-logind[906]: Session c1 logged out. Waiting for processes to exit.
2月 21 19:01:54 ree-virtual-machine systemd-logind[906]: Removed session c1.
2月 21 19:02:28 ree-virtual-machine systemd-logind[906]: System is rebooting.
2月 21 19:02:28 ree-virtual-machine systemd-logind[906]: Session 2 logged out. Waiting for processes to exit.
2月 21 19:02:28 ree-virtual-machine systemd[1]: Stopping User Login Management...
2月 21 19:02:28 ree-virtual-machine systemd-logind[906]: Removed session 2.
2月 21 19:02:28 ree-virtual-machine systemd[1]: systemd-logind.service: Deactivated successfully.
2月 21 19:02:28 ree-virtual-machine systemd[1]: Stopped User Login Management.
-- Boot a0299816d1d24b8ab70b7c10b1502239 --
2月 21 19:02:36 ree-virtual-machine systemd[1]: Starting User Login Management...
2月 21 19:02:37 ree-virtual-machine systemd-logind[922]: New seat seat0.
2月 21 19:02:37 ree-virtual-machine systemd-logind[922]: Watching system buttons on /dev/input/event0 (Power Button)
2月 21 19:02:37 ree-virtual-machine systemd-logind[922]: Watching system buttons on /dev/input/event1 (AT Translated Set 2 keyboard)
2月 21 19:02:37 ree-virtual-machine systemd[1]: Started User Login Management.
2月 21 19:02:37 ree-virtual-machine systemd-logind[922]: New session c1 of user gdm.
2月 21 19:02:44 ree-virtual-machine systemd-logind[922]: New session 2 of user ree.
2月 21 19:02:47 ree-virtual-machine systemd-logind[922]: Session c1 logged out. Waiting for processes to exit.
2月 21 19:02:47 ree-virtual-machine systemd-logind[922]: Removed session c1.
2月 21 19:17:46 ree-virtual-machine systemd-logind[922]: Creating /run/nologin, blocking further logins...
2月 21 19:17:46 ree-virtual-machine systemd-logind[922]: System is rebooting.
2月 21 19:17:46 ree-virtual-machine systemd-logind[922]: Session 2 logged out. Waiting for processes to exit.
2月 21 19:17:46 ree-virtual-machine systemd-logind[922]: Removed session 2.
2月 21 19:17:46 ree-virtual-machine systemd[1]: Stopping User Login Management...
2月 21 19:17:46 ree-virtual-machine systemd[1]: systemd-logind.service: Deactivated successfully.
2月 21 19:17:46 ree-virtual-machine systemd[1]: Stopped User Login Management.
-- Boot 7319c95352634624b166e30456e7d6e8 --
2月 21 19:17:55 ree-virtual-machine systemd[1]: Starting User Login Management...
2月 21 19:17:56 ree-virtual-machine systemd-logind[880]: New seat seat0.
2月 21 19:17:56 ree-virtual-machine systemd-logind[880]: Watching system buttons on /dev/input/event0 (Power Button)
2月 21 19:17:56 ree-virtual-machine systemd-logind[880]: Watching system buttons on /dev/input/event1 (AT Translated Set 2 keyboard)
2月 21 19:17:56 ree-virtual-machine systemd[1]: Started User Login Management.
2月 21 19:17:56 ree-virtual-machine systemd-logind[880]: New session c1 of user gdm.
2月 21 19:18:39 ree-virtual-machine systemd-logind[880]: New session 2 of user ree.
2月 21 19:18:42 ree-virtual-machine systemd-logind[880]: Session c1 logged out. Waiting for processes to exit.
2月 21 19:18:42 ree-virtual-machine systemd-logind[880]: Removed session c1.
2月 21 19:23:02 ree-virtual-machine systemd-logind[880]: System is rebooting.
2月 21 19:23:02 ree-virtual-machine systemd-logind[880]: Session 2 logged out. Waiting for processes to exit.
2月 21 19:23:02 ree-virtual-machine systemd-logind[880]: Removed session 2.
2月 21 19:23:03 ree-virtual-machine systemd[1]: Stopping User Login Management...
2月 21 19:23:03 ree-virtual-machine systemd[1]: systemd-logind.service: Deactivated successfully.
2月 21 19:23:03 ree-virtual-machine systemd[1]: Stopped User Login Management.
-- Boot e6c010b640444a48974c34b34cbf889b --
2月 21 19:23:10 ree-virtual-machine systemd[1]: Starting User Login Management...
2月 21 19:23:11 ree-virtual-machine systemd-logind[839]: New seat seat0.
2月 21 19:23:11 ree-virtual-machine systemd-logind[839]: Watching system buttons on /dev/input/event0 (Power Button)
2月 21 19:23:11 ree-virtual-machine systemd-logind[839]: Watching system buttons on /dev/input/event1 (AT Translated Set 2 keyboard)
2月 21 19:23:11 ree-virtual-machine systemd[1]: Started User Login Management.
2月 21 19:23:11 ree-virtual-machine systemd-logind[839]: New session c1 of user gdm.
2月 21 19:23:28 ree-virtual-machine systemd-logind[839]: New session 2 of user ree.
2月 21 19:23:31 ree-virtual-machine systemd-logind[839]: Session c1 logged out. Waiting for processes to exit.
2月 21 19:23:31 ree-virtual-machine systemd-logind[839]: Removed session c1.
2月 21 19:28:39 ree-virtual-machine systemd-logind[839]: Session 2 logged out. Waiting for processes to exit.
2月 21 19:28:39 ree-virtual-machine systemd-logind[839]: Removed session 2.
2月 21 19:28:39 ree-virtual-machine systemd-logind[839]: New session c2 of user gdm.
2月 21 19:28:45 ree-virtual-machine systemd-logind[839]: New session 5 of user ree.
2月 21 19:28:48 ree-virtual-machine systemd-logind[839]: Session c2 logged out. Waiting for processes to exit.
2月 21 19:28:48 ree-virtual-machine systemd-logind[839]: Removed session c2.
2月 21 19:50:53 ree-virtual-machine systemd-logind[839]: Session 5 logged out. Waiting for processes to exit.
2月 21 19:50:53 ree-virtual-machine systemd[1]: Stopping User Login Management...
2月 21 19:50:53 ree-virtual-machine systemd-logind[839]: Removed session 5.
2月 21 19:50:53 ree-virtual-machine systemd[1]: systemd-logind.service: Deactivated successfully.
2月 21 19:50:53 ree-virtual-machine systemd[1]: Stopped User Login Management.
-- Boot 9ce45ab8fa0345b987fea497f44c5051 --
3月 10 20:00:44 ree-virtual-machine systemd[1]: Starting User Login Management...
3月 10 20:00:45 ree-virtual-machine systemd-logind[842]: New seat seat0.
3月 10 20:00:45 ree-virtual-machine systemd-logind[842]: Watching system buttons on /dev/input/event0 (Power Button)
3月 10 20:00:45 ree-virtual-machine systemd-logind[842]: Watching system buttons on /dev/input/event1 (AT Translated Set 2 keyboard)
3月 10 20:00:45 ree-virtual-machine systemd[1]: Started User Login Management.
3月 10 20:00:45 ree-virtual-machine systemd-logind[842]: New session c1 of user gdm.
3月 10 20:00:58 ree-virtual-machine systemd-logind[842]: New session 2 of user ree.
3月 10 20:01:03 ree-virtual-machine systemd-logind[842]: Session c1 logged out. Waiting for processes to exit.
3月 10 20:01:03 ree-virtual-machine systemd-logind[842]: Removed session c1.
3月 10 20:03:46 ree-virtual-machine systemd-logind[842]: Session 2 logged out. Waiting for processes to exit.
3月 10 20:03:46 ree-virtual-machine systemd-logind[842]: Removed session 2.
3月 10 20:03:46 ree-virtual-machine systemd-logind[842]: New session c2 of user gdm.
3月 10 20:03:54 ree-virtual-machine systemd-logind[842]: New session 5 of user ree.
3月 10 20:03:57 ree-virtual-machine systemd-logind[842]: Session c2 logged out. Waiting for processes to exit.
3月 10 20:03:57 ree-virtual-machine systemd-logind[842]: Removed session c2.
3月 10 20:30:58 ree-virtual-machine systemd-logind[842]: System is powering down.
3月 10 20:30:58 ree-virtual-machine systemd-logind[842]: Session 5 logged out. Waiting for processes to exit.
3月 10 20:30:58 ree-virtual-machine systemd[1]: Stopping User Login Management...
3月 10 20:30:58 ree-virtual-machine systemd-logind[842]: Removed session 5.
3月 10 20:30:58 ree-virtual-machine systemd[1]: systemd-logind.service: Deactivated successfully.
3月 10 20:30:58 ree-virtual-machine systemd[1]: Stopped User Login Management.
-- Boot 78840721b8c14d03929c91da9cf2989f --
3月 15 11:06:35 ree-virtual-machine systemd[1]: Starting User Login Management...
3月 15 11:06:35 ree-virtual-machine systemd-logind[881]: New seat seat0.
3月 15 11:06:35 ree-virtual-machine systemd-logind[881]: Watching system buttons on /dev/input/event0 (Power Button)
3月 15 11:06:35 ree-virtual-machine systemd-logind[881]: Watching system buttons on /dev/input/event1 (AT Translated Set 2 keyboard)
3月 15 11:06:35 ree-virtual-machine systemd[1]: Started User Login Management.
3月 15 11:06:36 ree-virtual-machine systemd-logind[881]: New session c1 of user gdm.
3月 15 11:09:29 ree-virtual-machine systemd-logind[881]: New session 2 of user ree.
3月 15 11:09:34 ree-virtual-machine systemd-logind[881]: Session c1 logged out. Waiting for processes to exit.
3月 15 11:09:34 ree-virtual-machine systemd-logind[881]: Removed session c1.
3月 15 11:27:13 ree-virtual-machine systemd-logind[881]: System is powering down.
3月 15 11:27:13 ree-virtual-machine systemd-logind[881]: Session 2 logged out. Waiting for processes to exit.
3月 15 11:27:13 ree-virtual-machine systemd[1]: Stopping User Login Management...
3月 15 11:27:13 ree-virtual-machine systemd-logind[881]: Removed session 2.
3月 15 11:27:14 ree-virtual-machine systemd[1]: systemd-logind.service: Deactivated successfully.
3月 15 11:27:14 ree-virtual-machine systemd[1]: Stopped User Login Management.
-- Boot ca9b2e5e215f4f3fbeb8e0a2983e83e6 --
3月 22 19:19:57 ree-virtual-machine systemd[1]: Starting User Login Management...
3月 22 19:20:00 ree-virtual-machine systemd-logind[819]: New seat seat0.
3月 22 19:20:00 ree-virtual-machine systemd-logind[819]: Watching system buttons on /dev/input/event0 (Power Button)
3月 22 19:20:00 ree-virtual-machine systemd-logind[819]: Watching system buttons on /dev/input/event1 (AT Translated Set 2 keyboard)
3月 22 19:20:00 ree-virtual-machine systemd[1]: Started User Login Management.
3月 22 19:20:01 ree-virtual-machine systemd-logind[819]: New session c1 of user gdm.
3月 22 19:20:53 ree-virtual-machine systemd-logind[819]: New session 2 of user ree.
3月 22 19:20:57 ree-virtual-machine systemd-logind[819]: Session c1 logged out. Waiting for processes to exit.
3月 22 19:20:57 ree-virtual-machine systemd-logind[819]: Removed session c1.
3月 22 19:56:18 ree-virtual-machine systemd-logind[819]: System is rebooting.
3月 22 19:56:18 ree-virtual-machine systemd-logind[819]: Session 2 logged out. Waiting for processes to exit.
3月 22 19:56:18 ree-virtual-machine systemd[1]: Stopping User Login Management...
3月 22 19:56:18 ree-virtual-machine systemd-logind[819]: Removed session 2.
3月 22 19:56:18 ree-virtual-machine systemd[1]: systemd-logind.service: Deactivated successfully.
3月 22 19:56:18 ree-virtual-machine systemd[1]: Stopped User Login Management.
-- Boot ee7967cec9534f4aa0162aa833ebf2b7 --
3月 22 19:56:29 ree-virtual-machine systemd[1]: Starting User Login Management...
3月 22 19:56:29 ree-virtual-machine systemd-logind[932]: New seat seat0.
3月 22 19:56:29 ree-virtual-machine systemd-logind[932]: Watching system buttons on /dev/input/event0 (Power Button)
3月 22 19:56:29 ree-virtual-machine systemd-logind[932]: Watching system buttons on /dev/input/event1 (AT Translated Set 2 keyboard)
3月 22 19:56:29 ree-virtual-machine systemd[1]: Started User Login Management.
3月 22 19:56:29 ree-virtual-machine systemd-logind[932]: New session c1 of user gdm.
3月 22 19:56:46 ree-virtual-machine systemd-logind[932]: New session 2 of user ree.
3月 22 19:56:49 ree-virtual-machine systemd-logind[932]: Session c1 logged out. Waiting for processes to exit.
3月 22 19:56:49 ree-virtual-machine systemd-logind[932]: Removed session c1.
-- Boot 9e3eeb915f5e4d0aab1fa06627dc238a --
3月 25 22:03:00 ree-virtual-machine systemd[1]: Starting User Login Management...
3月 25 22:03:00 ree-virtual-machine systemd-logind[861]: New seat seat0.
3月 25 22:03:00 ree-virtual-machine systemd-logind[861]: Watching system buttons on /dev/input/event0 (Power Button)
3月 25 22:03:00 ree-virtual-machine systemd-logind[861]: Watching system buttons on /dev/input/event1 (AT Translated Set 2 keyboard)
3月 25 22:03:00 ree-virtual-machine systemd[1]: Started User Login Management.
3月 25 22:03:00 ree-virtual-machine systemd-logind[861]: New session c1 of user gdm.
3月 25 22:03:09 ree-virtual-machine systemd-logind[861]: New session 2 of user ree.
3月 25 22:03:13 ree-virtual-machine systemd-logind[861]: Session c1 logged out. Waiting for processes to exit.
3月 25 22:03:13 ree-virtual-machine systemd-logind[861]: Removed session c1.
-- Boot cce731051b6244c4a03f32893ae3c956 --
3月 28 10:31:04 ree-virtual-machine systemd[1]: Starting User Login Management...
3月 28 10:31:04 ree-virtual-machine systemd-logind[879]: New seat seat0.
3月 28 10:31:04 ree-virtual-machine systemd-logind[879]: Watching system buttons on /dev/input/event0 (Power Button)
3月 28 10:31:04 ree-virtual-machine systemd-logind[879]: Watching system buttons on /dev/input/event1 (AT Translated Set 2 keyboard)
3月 28 10:31:04 ree-virtual-machine systemd[1]: Started User Login Management.
3月 28 10:31:04 ree-virtual-machine systemd-logind[879]: New session c1 of user gdm.
3月 28 10:37:45 ree-virtual-machine systemd-logind[879]: New session 2 of user ree.
3月 28 10:37:51 ree-virtual-machine systemd-logind[879]: Session c1 logged out. Waiting for processes to exit.
3月 28 10:37:51 ree-virtual-machine systemd-logind[879]: Removed session c1.
3月 29 11:36:13 ree-virtual-machine systemd-logind[879]: Delay lock is active (UID 1000/ree, PID 1717/gnome-shell) but inhibitor timeout is reached.
-- Boot 2a886fae77824755a4d8c5453e54eec8 --
3月 29 11:43:32 ree-virtual-machine systemd[1]: Starting User Login Management...
3月 29 11:43:32 ree-virtual-machine systemd-logind[848]: New seat seat0.
3月 29 11:43:32 ree-virtual-machine systemd-logind[848]: Watching system buttons on /dev/input/event0 (Power Button)
3月 29 11:43:32 ree-virtual-machine systemd-logind[848]: Watching system buttons on /dev/input/event1 (AT Translated Set 2 keyboard)
3月 29 11:43:32 ree-virtual-machine systemd[1]: Started User Login Management.
3月 29 11:43:33 ree-virtual-machine systemd-logind[848]: New session c1 of user gdm.
3月 29 11:43:42 ree-virtual-machine systemd-logind[848]: New session 2 of user ree.
3月 29 11:43:47 ree-virtual-machine systemd-logind[848]: Session c1 logged out. Waiting for processes to exit.
3月 29 11:43:47 ree-virtual-machine systemd-logind[848]: Removed session c1.
3月 29 12:42:33 ree-virtual-machine systemd-logind[848]: System is rebooting.
3月 29 12:42:34 ree-virtual-machine systemd-logind[848]: Session 2 logged out. Waiting for processes to exit.
3月 29 12:42:34 ree-virtual-machine systemd[1]: Stopping User Login Management...
3月 29 12:42:34 ree-virtual-machine systemd-logind[848]: Removed session 2.
3月 29 12:42:34 ree-virtual-machine systemd[1]: systemd-logind.service: Deactivated successfully.
3月 29 12:42:34 ree-virtual-machine systemd[1]: Stopped User Login Management.
-- Boot bb0991777ac541be83385906c043308d --
3月 29 12:42:42 ree-virtual-machine systemd[1]: Starting User Login Management...
3月 29 12:42:42 ree-virtual-machine systemd-logind[871]: New seat seat0.
3月 29 12:42:42 ree-virtual-machine systemd-logind[871]: Watching system buttons on /dev/input/event0 (Power Button)
3月 29 12:42:42 ree-virtual-machine systemd-logind[871]: Watching system buttons on /dev/input/event1 (AT Translated Set 2 keyboard)
3月 29 12:42:42 ree-virtual-machine systemd[1]: Started User Login Management.
3月 29 12:42:42 ree-virtual-machine systemd-logind[871]: New session c1 of user gdm.
3月 29 12:43:26 ree-virtual-machine systemd-logind[871]: New session 2 of user ree.
3月 29 12:43:29 ree-virtual-machine systemd-logind[871]: Session c1 logged out. Waiting for processes to exit.
3月 29 12:43:29 ree-virtual-machine systemd-logind[871]: Removed session c1.
3月 29 12:50:43 ree-virtual-machine systemd-logind[871]: System is powering down.
3月 29 12:50:43 ree-virtual-machine systemd-logind[871]: Session 2 logged out. Waiting for processes to exit.
3月 29 12:50:43 ree-virtual-machine systemd[1]: Stopping User Login Management...
3月 29 12:50:43 ree-virtual-machine systemd-logind[871]: Removed session 2.
3月 29 12:50:43 ree-virtual-machine systemd[1]: systemd-logind.service: Deactivated successfully.
3月 29 12:50:43 ree-virtual-machine systemd[1]: Stopped User Login Management.
-- Boot d7712a95bc0b49358ac3d7c9a0282431 --
3月 29 13:18:47 ree-virtual-machine systemd[1]: Starting User Login Management...
3月 29 13:18:47 ree-virtual-machine systemd-logind[943]: New seat seat0.
3月 29 13:18:47 ree-virtual-machine systemd-logind[943]: Watching system buttons on /dev/input/event0 (Power Button)
3月 29 13:18:47 ree-virtual-machine systemd-logind[943]: Watching system buttons on /dev/input/event1 (AT Translated Set 2 keyboard)
3月 29 13:18:47 ree-virtual-machine systemd[1]: Started User Login Management.
3月 29 13:18:47 ree-virtual-machine systemd-logind[943]: New session c1 of user gdm.
3月 29 13:19:48 ree-virtual-machine systemd-logind[943]: New session 2 of user ree.
3月 29 13:19:52 ree-virtual-machine systemd-logind[943]: Session c1 logged out. Waiting for processes to exit.
3月 29 13:19:52 ree-virtual-machine systemd-logind[943]: Removed session c1.
3月 29 13:23:15 ree-virtual-machine systemd-logind[943]: System is powering down.
3月 29 13:23:16 ree-virtual-machine systemd-logind[943]: Session 2 logged out. Waiting for processes to exit.
3月 29 13:23:16 ree-virtual-machine systemd[1]: Stopping User Login Management...
3月 29 13:23:16 ree-virtual-machine systemd-logind[943]: Removed session 2.
3月 29 13:23:16 ree-virtual-machine systemd[1]: systemd-logind.service: Deactivated successfully.
3月 29 13:23:16 ree-virtual-machine systemd[1]: Stopped User Login Management.
-- Boot 19b4dd46eb7b4597999d4311a7fcd580 --
3月 29 13:24:44 ree-virtual-machine systemd[1]: Starting User Login Management...
3月 29 13:24:44 ree-virtual-machine systemd-logind[796]: New seat seat0.
3月 29 13:24:44 ree-virtual-machine systemd-logind[796]: Watching system buttons on /dev/input/event0 (Power Button)
3月 29 13:24:44 ree-virtual-machine systemd-logind[796]: Watching system buttons on /dev/input/event1 (AT Translated Set 2 keyboard)
3月 29 13:24:44 ree-virtual-machine systemd[1]: Started User Login Management.
3月 29 13:24:44 ree-virtual-machine systemd-logind[796]: New session c1 of user gdm.
3月 29 13:24:57 ree-virtual-machine systemd-logind[796]: New session 2 of user ree.
3月 29 13:25:00 ree-virtual-machine systemd-logind[796]: Session c1 logged out. Waiting for processes to exit.
3月 29 13:25:01 ree-virtual-machine systemd-logind[796]: Removed session c1.
-- Boot 9d814a28020a4d1b8dc1b211140df378 --
3月 30 14:04:52 ree-virtual-machine systemd[1]: Starting User Login Management...
3月 30 14:04:52 ree-virtual-machine systemd-logind[872]: New seat seat0.
3月 30 14:04:52 ree-virtual-machine systemd-logind[872]: Watching system buttons on /dev/input/event0 (Power Button)
3月 30 14:04:52 ree-virtual-machine systemd-logind[872]: Watching system buttons on /dev/input/event1 (AT Translated Set 2 keyboard)
3月 30 14:04:52 ree-virtual-machine systemd[1]: Started User Login Management.
3月 30 14:04:53 ree-virtual-machine systemd-logind[872]: New session c1 of user gdm.
3月 30 14:05:15 ree-virtual-machine systemd-logind[872]: New session 2 of user ree.
3月 30 14:05:19 ree-virtual-machine systemd-logind[872]: Session c1 logged out. Waiting for processes to exit.
3月 30 14:05:19 ree-virtual-machine systemd-logind[872]: Removed session c1.
3月 30 14:58:38 ree-virtual-machine systemd-logind[872]: System is powering down.
3月 30 14:58:39 ree-virtual-machine systemd[1]: Stopping User Login Management...
3月 30 14:58:39 ree-virtual-machine systemd-logind[872]: Session 2 logged out. Waiting for processes to exit.
3月 30 14:58:39 ree-virtual-machine systemd[1]: systemd-logind.service: Deactivated successfully.
3月 30 14:58:39 ree-virtual-machine systemd[1]: Stopped User Login Management.
-- Boot 84aa09a898d145c7a959de6db29053d7 --
3月 30 15:02:21 ree-virtual-machine systemd[1]: Starting User Login Management...
3月 30 15:02:21 ree-virtual-machine systemd-logind[889]: New seat seat0.
3月 30 15:02:21 ree-virtual-machine systemd-logind[889]: Watching system buttons on /dev/input/event0 (Power Button)
3月 30 15:02:21 ree-virtual-machine systemd-logind[889]: Watching system buttons on /dev/input/event1 (AT Translated Set 2 keyboard)
3月 30 15:02:21 ree-virtual-machine systemd[1]: Started User Login Management.
3月 30 15:02:21 ree-virtual-machine systemd-logind[889]: New session c1 of user gdm.
3月 30 15:02:30 ree-virtual-machine systemd-logind[889]: New session 2 of user ree.
3月 30 15:02:34 ree-virtual-machine systemd-logind[889]: Session c1 logged out. Waiting for processes to exit.
3月 30 15:02:34 ree-virtual-machine systemd-logind[889]: Removed session c1.
3月 30 15:02:52 ree-virtual-machine systemd-logind[889]: System is powering down.
3月 30 15:02:52 ree-virtual-machine systemd-logind[889]: Session 2 logged out. Waiting for processes to exit.
3月 30 15:02:52 ree-virtual-machine systemd[1]: Stopping User Login Management...
3月 30 15:02:52 ree-virtual-machine systemd-logind[889]: Removed session 2.
3月 30 15:02:52 ree-virtual-machine systemd[1]: systemd-logind.service: Deactivated successfully.
3月 30 15:02:52 ree-virtual-machine systemd[1]: Stopped User Login Management.
-- Boot aa4829cf4bad48fb9f7b1a4eb947f5c0 --
3月 30 15:03:27 ree-virtual-machine systemd[1]: Starting User Login Management...
3月 30 15:03:27 ree-virtual-machine systemd-logind[947]: New seat seat0.
3月 30 15:03:27 ree-virtual-machine systemd-logind[947]: Watching system buttons on /dev/input/event0 (Power Button)
3月 30 15:03:27 ree-virtual-machine systemd-logind[947]: Watching system buttons on /dev/input/event1 (AT Translated Set 2 keyboard)
3月 30 15:03:27 ree-virtual-machine systemd[1]: Started User Login Management.
3月 30 15:03:27 ree-virtual-machine systemd-logind[947]: New session c1 of user gdm.
3月 30 15:03:35 ree-virtual-machine systemd-logind[947]: System is powering down.
3月 30 15:03:35 ree-virtual-machine systemd-logind[947]: Session c1 logged out. Waiting for processes to exit.
3月 30 15:03:35 ree-virtual-machine systemd[1]: Stopping User Login Management...
3月 30 15:03:35 ree-virtual-machine systemd-logind[947]: Removed session c1.
3月 30 15:03:36 ree-virtual-machine systemd[1]: systemd-logind.service: Deactivated successfully.
3月 30 15:03:36 ree-virtual-machine systemd[1]: Stopped User Login Management.
-- Boot 00a7e42d2b624b439bea376a3bc361f1 --
3月 30 15:14:14 ree-virtual-machine systemd[1]: Starting User Login Management...
3月 30 15:14:14 ree-virtual-machine systemd-logind[864]: New seat seat0.
3月 30 15:14:14 ree-virtual-machine systemd-logind[864]: Watching system buttons on /dev/input/event0 (Power Button)
3月 30 15:14:14 ree-virtual-machine systemd-logind[864]: Watching system buttons on /dev/input/event1 (AT Translated Set 2 keyboard)
3月 30 15:14:14 ree-virtual-machine systemd[1]: Started User Login Management.
3月 30 15:14:14 ree-virtual-machine systemd-logind[864]: New session c1 of user gdm.
3月 30 15:15:05 ree-virtual-machine systemd-logind[864]: System is powering down.
3月 30 15:15:05 ree-virtual-machine systemd-logind[864]: Session c1 logged out. Waiting for processes to exit.
3月 30 15:15:05 ree-virtual-machine systemd[1]: Stopping User Login Management...
3月 30 15:15:05 ree-virtual-machine systemd-logind[864]: Removed session c1.
3月 30 15:15:06 ree-virtual-machine systemd[1]: systemd-logind.service: Deactivated successfully.
3月 30 15:15:06 ree-virtual-machine systemd[1]: Stopped User Login Management.
-- Boot 1516c1af27714148858b849306510739 --
3月 30 15:23:25 ree-virtual-machine systemd[1]: Starting User Login Management...
3月 30 15:23:25 ree-virtual-machine systemd-logind[859]: New seat seat0.
3月 30 15:23:25 ree-virtual-machine systemd-logind[859]: Watching system buttons on /dev/input/event0 (Power Button)
3月 30 15:23:25 ree-virtual-machine systemd-logind[859]: Watching system buttons on /dev/input/event1 (AT Translated Set 2 keyboard)
3月 30 15:23:25 ree-virtual-machine systemd[1]: Started User Login Management.
3月 30 15:23:26 ree-virtual-machine systemd-logind[859]: New session c1 of user gdm.
3月 30 15:23:46 ree-virtual-machine systemd-logind[859]: New session 2 of user ree.
3月 30 15:23:54 ree-virtual-machine systemd-logind[859]: Session c1 logged out. Waiting for processes to exit.
3月 30 15:23:54 ree-virtual-machine systemd-logind[859]: Removed session c1.
3月 30 15:38:16 ree-virtual-machine systemd-logind[859]: System is powering down.
3月 30 15:38:16 ree-virtual-machine systemd-logind[859]: Session 2 logged out. Waiting for processes to exit.
3月 30 15:38:16 ree-virtual-machine systemd[1]: Stopping User Login Management...
3月 30 15:38:16 ree-virtual-machine systemd-logind[859]: Removed session 2.
3月 30 15:38:16 ree-virtual-machine systemd[1]: systemd-logind.service: Deactivated successfully.
3月 30 15:38:16 ree-virtual-machine systemd[1]: Stopped User Login Management.
-- Boot 9069828abd4b41e5829b4880b07ecdde --
3月 30 15:38:53 ree-virtual-machine systemd[1]: Starting User Login Management...
3月 30 15:38:53 ree-virtual-machine systemd-logind[858]: New seat seat0.
3月 30 15:38:53 ree-virtual-machine systemd-logind[858]: Watching system buttons on /dev/input/event0 (Power Button)
3月 30 15:38:53 ree-virtual-machine systemd-logind[858]: Watching system buttons on /dev/input/event1 (AT Translated Set 2 keyboard)
3月 30 15:38:53 ree-virtual-machine systemd[1]: Started User Login Management.
3月 30 15:38:53 ree-virtual-machine systemd-logind[858]: New session c1 of user gdm.
3月 30 15:39:04 ree-virtual-machine systemd-logind[858]: New session 2 of user ree.
3月 30 15:39:08 ree-virtual-machine systemd-logind[858]: Session c1 logged out. Waiting for processes to exit.
3月 30 15:39:08 ree-virtual-machine systemd-logind[858]: Removed session c1.
-- Boot 76e16ebfbeab47788bc4dd8853d9fe7e --
3月 30 17:34:19 ree-virtual-machine systemd[1]: Starting User Login Management...
3月 30 17:34:19 ree-virtual-machine systemd-logind[902]: New seat seat0.
3月 30 17:34:19 ree-virtual-machine systemd-logind[902]: Watching system buttons on /dev/input/event0 (Power Button)
3月 30 17:34:19 ree-virtual-machine systemd-logind[902]: Watching system buttons on /dev/input/event1 (AT Translated Set 2 keyboard)
3月 30 17:34:19 ree-virtual-machine systemd[1]: Started User Login Management.
3月 30 17:34:19 ree-virtual-machine systemd-logind[902]: New session c1 of user gdm.
3月 30 17:34:32 ree-virtual-machine systemd-logind[902]: New session 2 of user ree.
3月 30 17:34:37 ree-virtual-machine systemd-logind[902]: Session c1 logged out. Waiting for processes to exit.
3月 30 17:34:37 ree-virtual-machine systemd-logind[902]: Removed session c1.
3月 30 20:32:24 ree-virtual-machine systemd-logind[902]: System is rebooting.
3月 30 20:32:24 ree-virtual-machine systemd-logind[902]: Session 2 logged out. Waiting for processes to exit.
3月 30 20:32:24 ree-virtual-machine systemd[1]: Stopping User Login Management...
3月 30 20:32:24 ree-virtual-machine systemd-logind[902]: Removed session 2.
3月 30 20:32:24 ree-virtual-machine systemd[1]: systemd-logind.service: Deactivated successfully.
3月 30 20:32:24 ree-virtual-machine systemd[1]: Stopped User Login Management.
-- Boot e249c720d58849269d73a22f14ee6fb9 --
3月 30 20:32:33 ree-virtual-machine systemd[1]: Starting User Login Management...
3月 30 20:32:33 ree-virtual-machine systemd-logind[908]: New seat seat0.
3月 30 20:32:33 ree-virtual-machine systemd-logind[908]: Watching system buttons on /dev/input/event0 (Power Button)
3月 30 20:32:33 ree-virtual-machine systemd-logind[908]: Watching system buttons on /dev/input/event1 (AT Translated Set 2 keyboard)
3月 30 20:32:33 ree-virtual-machine systemd[1]: Started User Login Management.
3月 30 20:32:33 ree-virtual-machine systemd-logind[908]: New session c1 of user gdm.
3月 30 20:32:43 ree-virtual-machine systemd-logind[908]: New session 2 of user ree.
3月 30 20:32:47 ree-virtual-machine systemd-logind[908]: Session c1 logged out. Waiting for processes to exit.
3月 30 20:32:47 ree-virtual-machine systemd-logind[908]: Removed session c1.
3月 30 21:31:17 ree-virtual-machine systemd-logind[908]: New session 6 of user ree.
-- Boot 9ccccf2adff74839b8fba49d83281f8b --
3月 30 22:53:44 ree-virtual-machine systemd[1]: Starting User Login Management...
3月 30 22:53:44 ree-virtual-machine systemd-logind[869]: New seat seat0.
3月 30 22:53:44 ree-virtual-machine systemd-logind[869]: Watching system buttons on /dev/input/event0 (Power Button)
3月 30 22:53:44 ree-virtual-machine systemd-logind[869]: Watching system buttons on /dev/input/event1 (AT Translated Set 2 keyboard)
3月 30 22:53:44 ree-virtual-machine systemd[1]: Started User Login Management.
3月 30 22:53:44 ree-virtual-machine systemd-logind[869]: New session c1 of user gdm.
3月 30 22:54:37 ree-virtual-machine systemd-logind[869]: New session 2 of user ree.
3月 30 22:54:40 ree-virtual-machine systemd-logind[869]: Session c1 logged out. Waiting for processes to exit.
3月 30 22:54:41 ree-virtual-machine systemd-logind[869]: Removed session c1.
3月 30 22:55:23 ree-virtual-machine systemd-logind[869]: New session 4 of user ree.
3月 30 23:30:42 ree-virtual-machine systemd-logind[869]: System is powering down.
3月 30 23:30:42 ree-virtual-machine systemd-logind[869]: Session 2 logged out. Waiting for processes to exit.
3月 30 23:30:42 ree-virtual-machine systemd-logind[869]: Removed session 2.
3月 30 23:30:42 ree-virtual-machine systemd-logind[869]: Session 4 logged out. Waiting for processes to exit.
3月 30 23:30:42 ree-virtual-machine systemd[1]: Stopping User Login Management...
3月 30 23:30:42 ree-virtual-machine systemd-logind[869]: Removed session 4.
3月 30 23:30:42 ree-virtual-machine systemd[1]: systemd-logind.service: Deactivated successfully.
3月 30 23:30:42 ree-virtual-machine systemd[1]: Stopped User Login Management.
-- Boot 308f7b0f7a274f0bb6200973f34667b6 --
3月 31 00:22:28 ree-virtual-machine systemd[1]: Starting User Login Management...
3月 31 00:22:28 ree-virtual-machine systemd-logind[884]: New seat seat0.
3月 31 00:22:28 ree-virtual-machine systemd-logind[884]: Watching system buttons on /dev/input/event0 (Power Button)
3月 31 00:22:28 ree-virtual-machine systemd-logind[884]: Watching system buttons on /dev/input/event1 (AT Translated Set 2 keyboard)
3月 31 00:22:28 ree-virtual-machine systemd[1]: Started User Login Management.
3月 31 00:22:28 ree-virtual-machine systemd-logind[884]: New session c1 of user gdm.
3月 31 00:22:36 ree-virtual-machine systemd-logind[884]: New session 2 of user ree.
3月 31 00:22:41 ree-virtual-machine systemd-logind[884]: Session c1 logged out. Waiting for processes to exit.
3月 31 00:22:41 ree-virtual-machine systemd-logind[884]: Removed session c1.
3月 31 00:24:02 ree-virtual-machine systemd-logind[884]: New session 4 of user ree.
3月 31 00:27:29 ree-virtual-machine systemd-logind[884]: System is powering down.
3月 31 00:27:29 ree-virtual-machine systemd-logind[884]: Session 2 logged out. Waiting for processes to exit.
3月 31 00:27:29 ree-virtual-machine systemd-logind[884]: Removed session 2.
3月 31 00:27:30 ree-virtual-machine systemd-logind[884]: Session 4 logged out. Waiting for processes to exit.
3月 31 00:27:30 ree-virtual-machine systemd[1]: Stopping User Login Management...
3月 31 00:27:30 ree-virtual-machine systemd-logind[884]: Removed session 4.
3月 31 00:27:30 ree-virtual-machine systemd[1]: systemd-logind.service: Deactivated successfully.
3月 31 00:27:30 ree-virtual-machine systemd[1]: Stopped User Login Management.
-- Boot d85c7c53e5114994bc2f0f623b3af509 --
3月 31 19:12:16 ree-virtual-machine systemd[1]: Starting User Login Management...
3月 31 19:12:16 ree-virtual-machine systemd-logind[875]: New seat seat0.
3月 31 19:12:16 ree-virtual-machine systemd-logind[875]: Watching system buttons on /dev/input/event0 (Power Button)
3月 31 19:12:16 ree-virtual-machine systemd-logind[875]: Watching system buttons on /dev/input/event1 (AT Translated Set 2 keyboard)
3月 31 19:12:16 ree-virtual-machine systemd[1]: Started User Login Management.
3月 31 19:12:17 ree-virtual-machine systemd-logind[875]: New session c1 of user gdm.
3月 31 19:12:24 ree-virtual-machine systemd-logind[875]: New session 2 of user ree.
3月 31 19:12:28 ree-virtual-machine systemd-logind[875]: Session c1 logged out. Waiting for processes to exit.
3月 31 19:12:28 ree-virtual-machine systemd-logind[875]: Removed session c1.
3月 31 19:13:00 ree-virtual-machine systemd-logind[875]: New session 4 of user ree.
3月 31 19:35:33 ree-virtual-machine systemd-logind[875]: System is powering down.
3月 31 19:35:33 ree-virtual-machine systemd-logind[875]: Session 2 logged out. Waiting for processes to exit.
3月 31 19:35:33 ree-virtual-machine systemd[1]: Stopping User Login Management...
3月 31 19:35:33 ree-virtual-machine systemd-logind[875]: Removed session 2.
3月 31 19:35:33 ree-virtual-machine systemd-logind[875]: Session 4 logged out. Waiting for processes to exit.
3月 31 19:35:33 ree-virtual-machine systemd[1]: systemd-logind.service: Deactivated successfully.
3月 31 19:35:33 ree-virtual-machine systemd[1]: Stopped User Login Management.
-- Boot 09785a07d95540b1ad518945fbcc300d --
3月 31 19:43:50 ree-virtual-machine systemd[1]: Starting User Login Management...
3月 31 19:43:50 ree-virtual-machine systemd-logind[877]: New seat seat0.
3月 31 19:43:50 ree-virtual-machine systemd-logind[877]: Watching system buttons on /dev/input/event0 (Power Button)
3月 31 19:43:50 ree-virtual-machine systemd-logind[877]: Watching system buttons on /dev/input/event1 (AT Translated Set 2 keyboard)
3月 31 19:43:50 ree-virtual-machine systemd[1]: Started User Login Management.
3月 31 19:43:50 ree-virtual-machine systemd-logind[877]: New session c1 of user gdm.
3月 31 19:43:57 ree-virtual-machine systemd-logind[877]: New session 2 of user ree.
3月 31 19:44:01 ree-virtual-machine systemd-logind[877]: Session c1 logged out. Waiting for processes to exit.
3月 31 19:44:01 ree-virtual-machine systemd-logind[877]: Removed session c1.
3月 31 19:44:59 ree-virtual-machine systemd-logind[877]: System is powering down.
3月 31 19:44:59 ree-virtual-machine systemd-logind[877]: Session 2 logged out. Waiting for processes to exit.
3月 31 19:44:59 ree-virtual-machine systemd[1]: Stopping User Login Management...
3月 31 19:44:59 ree-virtual-machine systemd-logind[877]: Removed session 2.
3月 31 19:44:59 ree-virtual-machine systemd[1]: systemd-logind.service: Deactivated successfully.
3月 31 19:44:59 ree-virtual-machine systemd[1]: Stopped User Login Management.
-- Boot 436dee14f55b451a880859c1f76478af --
3月 31 21:10:03 ree-virtual-machine systemd[1]: Starting User Login Management...
3月 31 21:10:03 ree-virtual-machine systemd-logind[889]: New seat seat0.
3月 31 21:10:03 ree-virtual-machine systemd-logind[889]: Watching system buttons on /dev/input/event0 (Power Button)
3月 31 21:10:03 ree-virtual-machine systemd-logind[889]: Watching system buttons on /dev/input/event1 (AT Translated Set 2 keyboard)
3月 31 21:10:03 ree-virtual-machine systemd[1]: Started User Login Management.
3月 31 21:10:03 ree-virtual-machine systemd-logind[889]: New session c1 of user gdm.
3月 31 21:10:22 ree-virtual-machine systemd-logind[889]: New session 2 of user ree.
3月 31 21:10:26 ree-virtual-machine systemd-logind[889]: Session c1 logged out. Waiting for processes to exit.
3月 31 21:10:27 ree-virtual-machine systemd-logind[889]: Removed session c1.
3月 31 21:16:39 ree-virtual-machine systemd-logind[889]: New session 4 of user ree.
4月 03 22:12:10 ree-virtual-machine systemd-logind[889]: System is powering down.
4月 03 22:12:10 ree-virtual-machine systemd-logind[889]: Session 2 logged out. Waiting for processes to exit.
4月 03 22:12:10 ree-virtual-machine systemd[1]: Stopping User Login Management...
4月 03 22:12:10 ree-virtual-machine systemd-logind[889]: Session 4 logged out. Waiting for processes to exit.
4月 03 22:12:10 ree-virtual-machine systemd[1]: systemd-logind.service: Deactivated successfully.
4月 03 22:12:10 ree-virtual-machine systemd[1]: Stopped User Login Management.
-- Boot e2fd3a66bd3b4bd68261cb94d3fee451 --
4月 04 12:20:46 ree-virtual-machine systemd[1]: Starting User Login Management...
4月 04 12:20:46 ree-virtual-machine systemd-logind[846]: New seat seat0.
4月 04 12:20:46 ree-virtual-machine systemd-logind[846]: Watching system buttons on /dev/input/event0 (Power Button)
4月 04 12:20:46 ree-virtual-machine systemd-logind[846]: Watching system buttons on /dev/input/event1 (AT Translated Set 2 keyboard)
4月 04 12:20:47 ree-virtual-machine systemd[1]: Started User Login Management.
4月 04 12:20:47 ree-virtual-machine systemd-logind[846]: New session c1 of user gdm.
4月 04 12:20:55 ree-virtual-machine systemd-logind[846]: New session 2 of user ree.
4月 04 12:20:58 ree-virtual-machine systemd-logind[846]: Session c1 logged out. Waiting for processes to exit.
4月 04 12:20:58 ree-virtual-machine systemd-logind[846]: Removed session c1.
4月 04 12:25:32 ree-virtual-machine systemd-logind[846]: New session 4 of user ree.
4月 04 17:33:47 ree-virtual-machine systemd-logind[846]: New session 6 of user ree.
4月 04 17:35:37 ree-virtual-machine systemd-logind[846]: System is rebooting.
4月 04 17:35:37 ree-virtual-machine systemd-logind[846]: Session 2 logged out. Waiting for processes to exit.
4月 04 17:35:37 ree-virtual-machine systemd-logind[846]: Session 6 logged out. Waiting for processes to exit.
4月 04 17:35:37 ree-virtual-machine systemd[1]: Stopping User Login Management...
4月 04 17:35:37 ree-virtual-machine systemd-logind[846]: Session 4 logged out. Waiting for processes to exit.
4月 04 17:35:37 ree-virtual-machine systemd[1]: systemd-logind.service: Deactivated successfully.
4月 04 17:35:37 ree-virtual-machine systemd[1]: Stopped User Login Management.
-- Boot 25dbee67bff049baa23eecea014b8763 --
4月 04 17:35:54 ree-virtual-machine systemd[1]: Starting User Login Management...
4月 04 17:35:54 ree-virtual-machine systemd-logind[893]: New seat seat0.
4月 04 17:35:54 ree-virtual-machine systemd-logind[893]: Watching system buttons on /dev/input/event0 (Power Button)
4月 04 17:35:54 ree-virtual-machine systemd-logind[893]: Watching system buttons on /dev/input/event1 (AT Translated Set 2 keyboard)
4月 04 17:35:54 ree-virtual-machine systemd[1]: Started User Login Management.
4月 04 17:35:54 ree-virtual-machine systemd-logind[893]: New session c1 of user gdm.
4月 04 17:36:42 ree-virtual-machine systemd-logind[893]: New session 2 of user ree.
4月 04 17:36:45 ree-virtual-machine systemd-logind[893]: Session c1 logged out. Waiting for processes to exit.
4月 04 17:36:45 ree-virtual-machine systemd-logind[893]: Removed session c1.
4月 04 17:40:42 ree-virtual-machine systemd-logind[893]: New session 4 of user ree.
4月 04 20:54:00 ree-virtual-machine systemd-logind[893]: System is powering down.
4月 04 20:54:00 ree-virtual-machine systemd-logind[893]: Session 2 logged out. Waiting for processes to exit.
4月 04 20:54:00 ree-virtual-machine systemd-logind[893]: Removed session 2.
4月 04 20:54:00 ree-virtual-machine systemd-logind[893]: Session 4 logged out. Waiting for processes to exit.
4月 04 20:54:00 ree-virtual-machine systemd[1]: Stopping User Login Management...
4月 04 20:54:00 ree-virtual-machine systemd-logind[893]: Removed session 4.
4月 04 20:54:00 ree-virtual-machine systemd[1]: systemd-logind.service: Deactivated successfully.
4月 04 20:54:00 ree-virtual-machine systemd[1]: Stopped User Login Management.
-- Boot 0d532a9de8ef4df1a92a1cc3f8ce562d --
4月 09 19:14:33 ree-virtual-machine systemd[1]: Starting User Login Management...
4月 09 19:14:33 ree-virtual-machine systemd-logind[847]: New seat seat0.
4月 09 19:14:33 ree-virtual-machine systemd-logind[847]: Watching system buttons on /dev/input/event0 (Power Button)
4月 09 19:14:33 ree-virtual-machine systemd-logind[847]: Watching system buttons on /dev/input/event1 (AT Translated Set 2 keyboard)
4月 09 19:14:33 ree-virtual-machine systemd[1]: Started User Login Management.
4月 09 19:14:34 ree-virtual-machine systemd-logind[847]: New session c1 of user gdm.
4月 09 19:14:47 ree-virtual-machine systemd-logind[847]: New session 2 of user ree.
4月 09 19:14:52 ree-virtual-machine systemd-logind[847]: Session c1 logged out. Waiting for processes to exit.
4月 09 19:14:52 ree-virtual-machine systemd-logind[847]: Removed session c1.
4月 09 19:17:43 ree-virtual-machine systemd-logind[847]: System is powering down.
4月 09 19:17:43 ree-virtual-machine systemd[1]: Stopping User Login Management...
4月 09 19:17:43 ree-virtual-machine systemd-logind[847]: Session 2 logged out. Waiting for processes to exit.
4月 09 19:17:43 ree-virtual-machine systemd[1]: systemd-logind.service: Deactivated successfully.
4月 09 19:17:43 ree-virtual-machine systemd[1]: Stopped User Login Management.
-- Boot 66c095c2b40d4348bbbaa9bd9371fd5b --
4月 09 19:21:20 ree-virtual-machine systemd[1]: Starting User Login Management...
4月 09 19:21:20 ree-virtual-machine systemd-logind[882]: New seat seat0.
4月 09 19:21:20 ree-virtual-machine systemd-logind[882]: Watching system buttons on /dev/input/event0 (Power Button)
4月 09 19:21:20 ree-virtual-machine systemd-logind[882]: Watching system buttons on /dev/input/event1 (AT Translated Set 2 keyboard)
4月 09 19:21:20 ree-virtual-machine systemd[1]: Started User Login Management.
4月 09 19:21:20 ree-virtual-machine systemd-logind[882]: New session c1 of user gdm.
4月 09 19:21:30 ree-virtual-machine systemd-logind[882]: New session 2 of user ree.
4月 09 19:21:40 ree-virtual-machine systemd-logind[882]: Session c1 logged out. Waiting for processes to exit.
4月 09 19:21:40 ree-virtual-machine systemd-logind[882]: Removed session c1.
4月 09 19:22:11 ree-virtual-machine systemd-logind[882]: New session 4 of user ree.
4月 09 21:44:17 ree-virtual-machine systemd-logind[882]: System is powering down.
4月 09 21:44:17 ree-virtual-machine systemd-logind[882]: Session 2 logged out. Waiting for processes to exit.
4月 09 21:44:17 ree-virtual-machine systemd[1]: Stopping User Login Management...
4月 09 21:44:17 ree-virtual-machine systemd-logind[882]: Removed session 2.
4月 09 21:44:17 ree-virtual-machine systemd-logind[882]: Session 4 logged out. Waiting for processes to exit.
4月 09 21:44:17 ree-virtual-machine systemd[1]: systemd-logind.service: Deactivated successfully.
4月 09 21:44:17 ree-virtual-machine systemd[1]: Stopped User Login Management.
-- Boot 125b443d38b7450fbc1c404530e9dc9e --
4月 12 11:21:57 ree-virtual-machine systemd[1]: Starting User Login Management...
4月 12 11:21:57 ree-virtual-machine systemd-logind[939]: New seat seat0.
4月 12 11:21:57 ree-virtual-machine systemd-logind[939]: Watching system buttons on /dev/input/event0 (Power Button)
4月 12 11:21:57 ree-virtual-machine systemd-logind[939]: Watching system buttons on /dev/input/event1 (AT Translated Set 2 keyboard)
4月 12 11:21:57 ree-virtual-machine systemd[1]: Started User Login Management.
4月 12 11:21:58 ree-virtual-machine systemd-logind[939]: New session c1 of user gdm.
4月 12 11:22:01 ree-virtual-machine systemd-logind[939]: Session c1 logged out. Waiting for processes to exit.
4月 12 11:22:01 ree-virtual-machine systemd-logind[939]: Removed session c1.
4月 12 11:22:01 ree-virtual-machine systemd-logind[939]: New session c2 of user gdm.
4月 12 11:28:21 ree-virtual-machine systemd-logind[939]: New session 2 of user ree.
4月 12 11:28:28 ree-virtual-machine systemd-logind[939]: Session c2 logged out. Waiting for processes to exit.
4月 12 11:28:28 ree-virtual-machine systemd-logind[939]: Removed session c2.
4月 12 11:30:21 ree-virtual-machine systemd-logind[939]: New session 5 of user ree.
4月 12 12:31:43 ree-virtual-machine systemd-logind[939]: System is powering down.
4月 12 12:31:43 ree-virtual-machine systemd-logind[939]: Session 2 logged out. Waiting for processes to exit.
4月 12 12:31:43 ree-virtual-machine systemd-logind[939]: Session 5 logged out. Waiting for processes to exit.
4月 12 12:31:43 ree-virtual-machine systemd-logind[939]: Removed session 5.
4月 12 12:31:45 ree-virtual-machine systemd[1]: Stopping User Login Management...
4月 12 12:31:45 ree-virtual-machine systemd-logind[939]: Removed session 2.
4月 12 12:31:45 ree-virtual-machine systemd[1]: systemd-logind.service: Deactivated successfully.
4月 12 12:31:45 ree-virtual-machine systemd[1]: Stopped User Login Management.
-- Boot e043495edc834fd3b8de378cf5b742ab --
4月 12 12:32:37 ree-virtual-machine systemd[1]: Starting User Login Management...
4月 12 12:32:38 ree-virtual-machine systemd-logind[872]: New seat seat0.
4月 12 12:32:38 ree-virtual-machine systemd-logind[872]: Watching system buttons on /dev/input/event0 (Power Button)
4月 12 12:32:38 ree-virtual-machine systemd-logind[872]: Watching system buttons on /dev/input/event1 (AT Translated Set 2 keyboard)
4月 12 12:32:38 ree-virtual-machine systemd[1]: Started User Login Management.
4月 12 12:32:38 ree-virtual-machine systemd-logind[872]: New session c1 of user gdm.
4月 12 12:33:35 ree-virtual-machine systemd-logind[872]: New session 2 of user ree.
4月 12 12:33:39 ree-virtual-machine systemd-logind[872]: Session c1 logged out. Waiting for processes to exit.
4月 12 12:33:39 ree-virtual-machine systemd-logind[872]: Removed session c1.
4月 12 12:33:54 ree-virtual-machine systemd-logind[872]: New session 4 of user ree.
4月 12 13:58:16 ree-virtual-machine systemd-logind[872]: System is powering down.
4月 12 13:58:16 ree-virtual-machine systemd-logind[872]: Session 2 logged out. Waiting for processes to exit.
4月 12 13:58:16 ree-virtual-machine systemd-logind[872]: Removed session 2.
4月 12 13:58:16 ree-virtual-machine systemd[1]: Stopping User Login Management...
4月 12 13:58:16 ree-virtual-machine systemd-logind[872]: Session 4 logged out. Waiting for processes to exit.
4月 12 13:58:16 ree-virtual-machine systemd[1]: systemd-logind.service: Deactivated successfully.
4月 12 13:58:16 ree-virtual-machine systemd[1]: Stopped User Login Management.
-- Boot 9296bd89129642f58a1e422116180a89 --
4月 12 19:33:18 ree-virtual-machine systemd[1]: Starting User Login Management...
4月 12 19:33:18 ree-virtual-machine systemd-logind[946]: New seat seat0.
4月 12 19:33:18 ree-virtual-machine systemd-logind[946]: Watching system buttons on /dev/input/event0 (Power Button)
4月 12 19:33:18 ree-virtual-machine systemd-logind[946]: Watching system buttons on /dev/input/event1 (AT Translated Set 2 keyboard)
4月 12 19:33:18 ree-virtual-machine systemd[1]: Started User Login Management.
4月 12 19:33:19 ree-virtual-machine systemd-logind[946]: New session c1 of user gdm.
4月 12 19:33:30 ree-virtual-machine systemd-logind[946]: New session 2 of user ree.
4月 12 19:33:34 ree-virtual-machine systemd-logind[946]: Session c1 logged out. Waiting for processes to exit.
4月 12 19:33:34 ree-virtual-machine systemd-logind[946]: Removed session c1.
4月 12 19:34:27 ree-virtual-machine systemd-logind[946]: New session 4 of user ree.
4月 12 21:13:27 ree-virtual-machine systemd-logind[946]: Session 4 logged out. Waiting for processes to exit.
4月 12 21:13:27 ree-virtual-machine systemd-logind[946]: Removed session 4.
4月 12 21:20:01 ree-virtual-machine systemd-logind[946]: New session 8 of user root.
4月 12 21:24:24 ree-virtual-machine systemd-logind[946]: Session 8 logged out. Waiting for processes to exit.
4月 12 21:24:24 ree-virtual-machine systemd-logind[946]: Removed session 8.
4月 12 21:25:03 ree-virtual-machine systemd-logind[946]: New session 10 of user root.
4月 12 21:28:05 ree-virtual-machine systemd-logind[946]: Session 10 logged out. Waiting for processes to exit.
4月 12 21:28:05 ree-virtual-machine systemd-logind[946]: Removed session 10.
4月 12 21:30:57 ree-virtual-machine systemd-logind[946]: System is rebooting.
4月 12 21:30:57 ree-virtual-machine systemd-logind[946]: Session 2 logged out. Waiting for processes to exit.
4月 12 21:30:57 ree-virtual-machine systemd[1]: Stopping User Login Management...
4月 12 21:30:57 ree-virtual-machine systemd-logind[946]: Removed session 2.
4月 12 21:30:57 ree-virtual-machine systemd[1]: systemd-logind.service: Deactivated successfully.
4月 12 21:30:57 ree-virtual-machine systemd[1]: Stopped User Login Management.
-- Boot e44af90cbb3e49179059ad1de25c45d0 --
4月 12 21:31:07 ree-virtual-machine systemd[1]: Starting User Login Management...
4月 12 21:31:07 ree-virtual-machine systemd-logind[875]: New seat seat0.
4月 12 21:31:07 ree-virtual-machine systemd-logind[875]: Watching system buttons on /dev/input/event0 (Power Button)
4月 12 21:31:07 ree-virtual-machine systemd-logind[875]: Watching system buttons on /dev/input/event1 (AT Translated Set 2 keyboard)
4月 12 21:31:07 ree-virtual-machine systemd[1]: Started User Login Management.
4月 12 21:31:07 ree-virtual-machine systemd-logind[875]: New session c1 of user gdm.
4月 12 21:34:19 ree-virtual-machine systemd-logind[875]: New session 2 of user ree.
4月 12 21:34:22 ree-virtual-machine systemd-logind[875]: Session c1 logged out. Waiting for processes to exit.
4月 12 21:34:22 ree-virtual-machine systemd-logind[875]: Removed session c1.
4月 12 21:44:55 ree-virtual-machine systemd-logind[875]: New session 4 of user root.
4月 12 21:47:14 ree-virtual-machine systemd-logind[875]: Session 4 logged out. Waiting for processes to exit.
4月 12 21:47:14 ree-virtual-machine systemd-logind[875]: Removed session 4.
4月 12 21:48:57 ree-virtual-machine systemd-logind[875]: System is rebooting.
4月 12 21:48:57 ree-virtual-machine systemd-logind[875]: Session 2 logged out. Waiting for processes to exit.
4月 12 21:48:57 ree-virtual-machine systemd[1]: Stopping User Login Management...
4月 12 21:48:57 ree-virtual-machine systemd-logind[875]: Removed session 2.
4月 12 21:48:57 ree-virtual-machine systemd[1]: systemd-logind.service: Deactivated successfully.
4月 12 21:48:57 ree-virtual-machine systemd[1]: Stopped User Login Management.
-- Boot 670c3aae65b84f6c8708951f52467260 --
4月 12 21:49:13 ree-virtual-machine systemd[1]: Starting User Login Management...
4月 12 21:49:13 ree-virtual-machine systemd-logind[925]: New seat seat0.
4月 12 21:49:13 ree-virtual-machine systemd-logind[925]: Watching system buttons on /dev/input/event0 (Power Button)
4月 12 21:49:13 ree-virtual-machine systemd-logind[925]: Watching system buttons on /dev/input/event1 (AT Translated Set 2 keyboard)
4月 12 21:49:13 ree-virtual-machine systemd[1]: Started User Login Management.
4月 12 21:49:13 ree-virtual-machine systemd-logind[925]: New session c1 of user gdm.
4月 12 21:49:22 ree-virtual-machine systemd-logind[925]: New session 2 of user ree.
4月 12 21:49:25 ree-virtual-machine systemd-logind[925]: Session c1 logged out. Waiting for processes to exit.
4月 12 21:49:25 ree-virtual-machine systemd-logind[925]: Removed session c1.
4月 12 21:53:20 ree-virtual-machine systemd-logind[925]: System is rebooting.
4月 12 21:53:20 ree-virtual-machine systemd-logind[925]: Session 2 logged out. Waiting for processes to exit.
4月 12 21:53:20 ree-virtual-machine systemd[1]: Stopping User Login Management...
4月 12 21:53:20 ree-virtual-machine systemd-logind[925]: Removed session 2.
4月 12 21:53:21 ree-virtual-machine systemd[1]: systemd-logind.service: Deactivated successfully.
4月 12 21:53:21 ree-virtual-machine systemd[1]: Stopped User Login Management.
-- Boot 73255c0c6dec4ce4bca99ec2ceb12507 --
4月 12 21:53:28 ree-virtual-machine systemd[1]: Starting User Login Management...
4月 12 21:53:29 ree-virtual-machine systemd-logind[862]: New seat seat0.
4月 12 21:53:29 ree-virtual-machine systemd-logind[862]: Watching system buttons on /dev/input/event0 (Power Button)
4月 12 21:53:29 ree-virtual-machine systemd-logind[862]: Watching system buttons on /dev/input/event1 (AT Translated Set 2 keyboard)
4月 12 21:53:29 ree-virtual-machine systemd[1]: Started User Login Management.
4月 12 21:53:29 ree-virtual-machine systemd-logind[862]: New session c1 of user gdm.
4月 12 21:53:48 ree-virtual-machine systemd-logind[862]: New session 2 of user ree.
4月 12 21:53:51 ree-virtual-machine systemd-logind[862]: Session c1 logged out. Waiting for processes to exit.
4月 12 21:53:51 ree-virtual-machine systemd-logind[862]: Removed session c1.
4月 12 21:55:03 ree-virtual-machine systemd-logind[862]: New session 4 of user root.
4月 13 01:12:51 ree-virtual-machine systemd-logind[862]: System is powering down.
4月 13 01:12:51 ree-virtual-machine systemd-logind[862]: Session 4 logged out. Waiting for processes to exit.
4月 13 01:12:51 ree-virtual-machine systemd-logind[862]: Session 2 logged out. Waiting for processes to exit.
4月 13 01:12:51 ree-virtual-machine systemd[1]: Stopping User Login Management...
4月 13 01:12:51 ree-virtual-machine systemd-logind[862]: Removed session 2.
4月 13 01:12:51 ree-virtual-machine systemd[1]: systemd-logind.service: Deactivated successfully.
4月 13 01:12:51 ree-virtual-machine systemd[1]: Stopped User Login Management.
-- Boot ab354c8c35ec46309c3d583c22d4722e --
4月 13 11:49:15 ree-virtual-machine systemd[1]: Starting User Login Management...
4月 13 11:49:16 ree-virtual-machine systemd-logind[948]: New seat seat0.
4月 13 11:49:16 ree-virtual-machine systemd-logind[948]: Watching system buttons on /dev/input/event0 (Power Button)
4月 13 11:49:16 ree-virtual-machine systemd-logind[948]: Watching system buttons on /dev/input/event1 (AT Translated Set 2 keyboard)
4月 13 11:49:16 ree-virtual-machine systemd[1]: Started User Login Management.
4月 13 11:49:16 ree-virtual-machine systemd-logind[948]: New session c1 of user gdm.
4月 13 11:49:33 ree-virtual-machine systemd-logind[948]: New session 2 of user root.
4月 13 11:49:40 ree-virtual-machine systemd-logind[948]: New session 4 of user ree.
4月 13 11:49:44 ree-virtual-machine systemd-logind[948]: Session c1 logged out. Waiting for processes to exit.
4月 13 11:49:44 ree-virtual-machine systemd-logind[948]: Removed session c1.
4月 13 20:22:12 ree-virtual-machine systemd-logind[948]: System is powering down.
4月 13 20:22:12 ree-virtual-machine systemd-logind[948]: Session 2 logged out. Waiting for processes to exit.
4月 13 20:22:12 ree-virtual-machine systemd[1]: Stopping User Login Management...
4月 13 20:22:12 ree-virtual-machine systemd-logind[948]: Session 4 logged out. Waiting for processes to exit.
4月 13 20:22:12 ree-virtual-machine systemd[1]: systemd-logind.service: Deactivated successfully.
4月 13 20:22:12 ree-virtual-machine systemd[1]: Stopped User Login Management.
-- Boot 1223bb12cf164754a34338b3879bc416 --
4月 13 20:22:51 ree-virtual-machine systemd[1]: Starting User Login Management...
4月 13 20:22:51 ree-virtual-machine systemd-logind[942]: New seat seat0.
4月 13 20:22:51 ree-virtual-machine systemd-logind[942]: Watching system buttons on /dev/input/event0 (Power Button)
4月 13 20:22:51 ree-virtual-machine systemd-logind[942]: Watching system buttons on /dev/input/event1 (AT Translated Set 2 keyboard)
4月 13 20:22:51 ree-virtual-machine systemd[1]: Started User Login Management.
4月 13 20:22:52 ree-virtual-machine systemd-logind[942]: New session c1 of user gdm.
4月 13 20:23:41 ree-virtual-machine systemd-logind[942]: New session 2 of user ree.
4月 13 20:23:45 ree-virtual-machine systemd-logind[942]: Session c1 logged out. Waiting for processes to exit.
4月 13 20:23:45 ree-virtual-machine systemd-logind[942]: Removed session c1.
4月 13 20:24:22 ree-virtual-machine systemd-logind[942]: New session 4 of user root.
4月 13 23:11:10 ree-virtual-machine systemd-logind[942]: System is powering down.
4月 13 23:11:10 ree-virtual-machine systemd-logind[942]: Session 2 logged out. Waiting for processes to exit.
4月 13 23:11:10 ree-virtual-machine systemd-logind[942]: Session 4 logged out. Waiting for processes to exit.
4月 13 23:11:10 ree-virtual-machine systemd[1]: Stopping User Login Management...
4月 13 23:11:10 ree-virtual-machine systemd-logind[942]: Removed session 2.
4月 13 23:11:11 ree-virtual-machine systemd[1]: systemd-logind.service: Deactivated successfully.
4月 13 23:11:11 ree-virtual-machine systemd[1]: Stopped User Login Management.
-- Boot eedc866258b546db86377bdd16f52c6c --
4月 13 23:33:00 ree-virtual-machine systemd[1]: Starting User Login Management...
4月 13 23:33:00 ree-virtual-machine systemd-logind[944]: New seat seat0.
4月 13 23:33:00 ree-virtual-machine systemd-logind[944]: Watching system buttons on /dev/input/event0 (Power Button)
4月 13 23:33:00 ree-virtual-machine systemd-logind[944]: Watching system buttons on /dev/input/event1 (AT Translated Set 2 keyboard)
4月 13 23:33:00 ree-virtual-machine systemd[1]: Started User Login Management.
4月 13 23:33:01 ree-virtual-machine systemd-logind[944]: New session c1 of user gdm.
4月 13 23:33:09 ree-virtual-machine systemd-logind[944]: New session 2 of user ree.
4月 13 23:33:13 ree-virtual-machine systemd-logind[944]: Session c1 logged out. Waiting for processes to exit.
4月 13 23:33:13 ree-virtual-machine systemd-logind[944]: Removed session c1.
4月 13 23:33:14 ree-virtual-machine systemd-logind[944]: New session 4 of user root.
4月 14 00:08:49 ree-virtual-machine systemd-logind[944]: Session 4 logged out. Waiting for processes to exit.
4月 14 00:08:49 ree-virtual-machine systemd-logind[944]: Removed session 4.
4月 14 00:08:54 ree-virtual-machine systemd-logind[944]: New session 6 of user root.
4月 14 00:09:26 ree-virtual-machine systemd-logind[944]: Session 6 logged out. Waiting for processes to exit.
4月 14 00:09:26 ree-virtual-machine systemd-logind[944]: Removed session 6.
4月 14 00:09:48 ree-virtual-machine systemd-logind[944]: New session 7 of user root.
4月 14 00:29:28 ree-virtual-machine systemd-logind[944]: Session 7 logged out. Waiting for processes to exit.
4月 14 00:29:28 ree-virtual-machine systemd-logind[944]: Removed session 7.
4月 14 00:29:46 ree-virtual-machine systemd-logind[944]: New session 10 of user root.
4月 14 01:45:07 ree-virtual-machine systemd-logind[944]: System is powering down.
4月 14 01:45:07 ree-virtual-machine systemd-logind[944]: Session 10 logged out. Waiting for processes to exit.
4月 14 01:45:07 ree-virtual-machine systemd-logind[944]: Session 2 logged out. Waiting for processes to exit.
4月 14 01:45:07 ree-virtual-machine systemd[1]: Stopping User Login Management...
4月 14 01:45:07 ree-virtual-machine systemd-logind[944]: Removed session 2.
4月 14 01:45:08 ree-virtual-machine systemd[1]: systemd-logind.service: Deactivated successfully.
4月 14 01:45:08 ree-virtual-machine systemd[1]: Stopped User Login Management.
-- Boot 6336d5d01d9d47a1a84a86d400678bbe --
4月 14 18:40:04 ree-virtual-machine systemd[1]: Starting User Login Management...
4月 14 18:40:04 ree-virtual-machine systemd-logind[940]: New seat seat0.
4月 14 18:40:04 ree-virtual-machine systemd-logind[940]: Watching system buttons on /dev/input/event0 (Power Button)
4月 14 18:40:04 ree-virtual-machine systemd-logind[940]: Watching system buttons on /dev/input/event1 (AT Translated Set 2 keyboard)
4月 14 18:40:04 ree-virtual-machine systemd[1]: Started User Login Management.
4月 14 18:40:05 ree-virtual-machine systemd-logind[940]: New session c1 of user gdm.
4月 14 18:40:34 ree-virtual-machine systemd-logind[940]: New session 2 of user ree.
4月 14 18:40:39 ree-virtual-machine systemd-logind[940]: Session c1 logged out. Waiting for processes to exit.
4月 14 18:40:39 ree-virtual-machine systemd-logind[940]: Removed session c1.
4月 14 18:41:20 ree-virtual-machine systemd-logind[940]: New session 4 of user ree.
4月 14 19:24:32 ree-virtual-machine systemd-logind[940]: System is powering down.
4月 14 19:24:32 ree-virtual-machine systemd-logind[940]: Session 2 logged out. Waiting for processes to exit.
4月 14 19:24:32 ree-virtual-machine systemd-logind[940]: Removed session 2.
4月 14 19:24:32 ree-virtual-machine systemd[1]: Stopping User Login Management...
4月 14 19:24:32 ree-virtual-machine systemd-logind[940]: Session 4 logged out. Waiting for processes to exit.
4月 14 19:24:32 ree-virtual-machine systemd[1]: systemd-logind.service: Deactivated successfully.
4月 14 19:24:32 ree-virtual-machine systemd[1]: Stopped User Login Management.
-- Boot 00425514c17e404db4cc5611a8f55ed9 --
4月 14 21:28:23 ree-virtual-machine systemd[1]: Starting User Login Management...
4月 14 21:28:23 ree-virtual-machine systemd-logind[952]: New seat seat0.
4月 14 21:28:23 ree-virtual-machine systemd-logind[952]: Watching system buttons on /dev/input/event0 (Power Button)
4月 14 21:28:23 ree-virtual-machine systemd-logind[952]: Watching system buttons on /dev/input/event1 (AT Translated Set 2 keyboard)
4月 14 21:28:23 ree-virtual-machine systemd[1]: Started User Login Management.
4月 14 21:28:23 ree-virtual-machine systemd-logind[952]: New session c1 of user gdm.
4月 14 21:28:30 ree-virtual-machine systemd-logind[952]: New session 2 of user ree.
4月 14 21:28:35 ree-virtual-machine systemd-logind[952]: Session c1 logged out. Waiting for processes to exit.
4月 14 21:28:35 ree-virtual-machine systemd-logind[952]: Removed session c1.
4月 14 21:33:07 ree-virtual-machine systemd-logind[952]: New session 5 of user root.
4月 15 02:03:54 ree-virtual-machine systemd-logind[952]: Session 5 logged out. Waiting for processes to exit.
4月 15 02:03:54 ree-virtual-machine systemd-logind[952]: Removed session 5.
4月 15 02:04:05 ree-virtual-machine systemd-logind[952]: New session 13 of user root.
4月 15 02:05:18 ree-virtual-machine systemd-logind[952]: Session 13 logged out. Waiting for processes to exit.
4月 15 02:05:18 ree-virtual-machine systemd-logind[952]: Removed session 13.
4月 15 02:05:28 ree-virtual-machine systemd-logind[952]: New session 15 of user root.
4月 15 03:22:20 ree-virtual-machine systemd-logind[952]: System is powering down.
-- Boot ac6742caea064674b1504bee9f2e0abd --
4月 15 11:41:47 ree-virtual-machine systemd[1]: Starting User Login Management...
4月 15 11:41:48 ree-virtual-machine systemd-logind[933]: New seat seat0.
4月 15 11:41:48 ree-virtual-machine systemd-logind[933]: Watching system buttons on /dev/input/event0 (Power Button)
4月 15 11:41:48 ree-virtual-machine systemd-logind[933]: Watching system buttons on /dev/input/event1 (AT Translated Set 2 keyboard)
4月 15 11:41:48 ree-virtual-machine systemd[1]: Started User Login Management.
4月 15 11:41:48 ree-virtual-machine systemd-logind[933]: New session c1 of user gdm.
4月 15 11:42:02 ree-virtual-machine systemd-logind[933]: New session 2 of user root.
4月 15 11:42:08 ree-virtual-machine systemd-logind[933]: New session 4 of user ree.
4月 15 11:42:13 ree-virtual-machine systemd-logind[933]: Session c1 logged out. Waiting for processes to exit.
4月 15 11:42:13 ree-virtual-machine systemd-logind[933]: Removed session c1.

