-- Logs begin at Sat 2022-01-08 18:32:32 CST, end at Fri 2023-04-21 17:17:40 CST. --
1月 09 21:32:59 ubuntu systemd[1]: Stopping ACPI event daemon...
1月 09 21:32:59 ubuntu systemd[1]: acpid.service: Succeeded.
1月 09 21:32:59 ubuntu systemd[1]: Stopped ACPI event daemon.
-- Reboot --
1月 09 21:33:15 ubuntu systemd[1]: Started ACPI event daemon.
1月 09 21:33:15 ubuntu acpid[859]: starting up with netlink and the input layer
1月 09 21:33:15 ubuntu acpid[859]: 8 rules loaded
1月 09 21:33:15 ubuntu acpid[859]: waiting for events: event logging is off
-- Reboot --
3月 22 14:03:02 ubuntu systemd[1]: Started ACPI event daemon.
3月 22 14:03:02 ubuntu acpid[856]: starting up with netlink and the input layer
3月 22 14:03:02 ubuntu acpid[856]: 8 rules loaded
3月 22 14:03:02 ubuntu acpid[856]: waiting for events: event logging is off
3月 22 14:13:28 ubuntu systemd[1]: Stopping ACPI event daemon...
3月 22 14:13:28 ubuntu systemd[1]: acpid.service: Succeeded.
3月 22 14:13:28 ubuntu systemd[1]: Stopped ACPI event daemon.
-- Reboot --
3月 22 14:13:42 ubuntu systemd[1]: Started ACPI event daemon.
3月 22 14:13:42 ubuntu acpid[870]: starting up with netlink and the input layer
3月 22 14:13:42 ubuntu acpid[870]: 8 rules loaded
3月 22 14:13:42 ubuntu acpid[870]: waiting for events: event logging is off
3月 22 14:22:48 ubuntu systemd[1]: Stopping ACPI event daemon...
3月 22 14:22:48 ubuntu systemd[1]: acpid.service: Succeeded.
3月 22 14:22:48 ubuntu systemd[1]: Stopped ACPI event daemon.
-- Reboot --
3月 22 16:13:10 ubuntu systemd[1]: Started ACPI event daemon.
3月 22 16:13:10 ubuntu acpid[872]: starting up with netlink and the input layer
3月 22 16:13:10 ubuntu acpid[872]: 8 rules loaded
3月 22 16:13:10 ubuntu acpid[872]: waiting for events: event logging is off
3月 22 17:37:59 ubuntu systemd[1]: Stopping ACPI event daemon...
3月 22 17:37:59 ubuntu systemd[1]: acpid.service: Succeeded.
3月 22 17:37:59 ubuntu systemd[1]: Stopped ACPI event daemon.
-- Reboot --
3月 25 10:18:04 ubuntu systemd[1]: Started ACPI event daemon.
3月 25 10:18:04 ubuntu acpid[900]: starting up with netlink and the input layer
3月 25 10:18:04 ubuntu acpid[900]: 8 rules loaded
3月 25 10:18:04 ubuntu acpid[900]: waiting for events: event logging is off
3月 25 10:36:28 ubuntu systemd[1]: Stopping ACPI event daemon...
3月 25 10:36:28 ubuntu systemd[1]: acpid.service: Succeeded.
3月 25 10:36:28 ubuntu systemd[1]: Stopped ACPI event daemon.
-- Reboot --
3月 25 10:45:15 ubuntu systemd[1]: Started ACPI event daemon.
3月 25 10:45:15 ubuntu acpid[900]: starting up with netlink and the input layer
3月 25 10:45:15 ubuntu acpid[900]: 8 rules loaded
3月 25 10:45:15 ubuntu acpid[900]: waiting for events: event logging is off
-- Reboot --
3月 28 10:02:53 ubuntu systemd[1]: Started ACPI event daemon.
3月 28 10:02:53 ubuntu acpid[892]: starting up with netlink and the input layer
3月 28 10:02:53 ubuntu acpid[892]: 8 rules loaded
3月 28 10:02:53 ubuntu acpid[892]: waiting for events: event logging is off
-- Reboot --
3月 28 14:59:43 ubuntu systemd[1]: Started ACPI event daemon.
3月 28 14:59:44 ubuntu acpid[891]: starting up with netlink and the input layer
3月 28 14:59:44 ubuntu acpid[891]: 8 rules loaded
3月 28 14:59:44 ubuntu acpid[891]: waiting for events: event logging is off
3月 28 15:53:53 ubuntu systemd[1]: Stopping ACPI event daemon...
3月 28 15:53:54 ubuntu systemd[1]: acpid.service: Succeeded.
3月 28 15:53:54 ubuntu systemd[1]: Stopped ACPI event daemon.
-- Reboot --
3月 28 16:17:45 ubuntu systemd[1]: Started ACPI event daemon.
3月 28 16:17:45 ubuntu acpid[792]: starting up with netlink and the input layer
3月 28 16:17:45 ubuntu acpid[792]: 8 rules loaded
3月 28 16:17:45 ubuntu acpid[792]: waiting for events: event logging is off
3月 28 17:29:19 ubuntu systemd[1]: Stopping ACPI event daemon...
3月 28 17:29:20 ubuntu systemd[1]: acpid.service: Succeeded.
3月 28 17:29:20 ubuntu systemd[1]: Stopped ACPI event daemon.
-- Reboot --
4月 01 10:14:20 ubuntu systemd[1]: Started ACPI event daemon.
4月 01 10:14:20 ubuntu acpid[846]: starting up with netlink and the input layer
4月 01 10:14:20 ubuntu acpid[846]: 8 rules loaded
4月 01 10:14:20 ubuntu acpid[846]: waiting for events: event logging is off
4月 01 10:24:19 ubuntu systemd[1]: Stopping ACPI event daemon...
4月 01 10:24:19 ubuntu systemd[1]: acpid.service: Succeeded.
4月 01 10:24:19 ubuntu systemd[1]: Stopped ACPI event daemon.
-- Reboot --
4月 01 10:25:02 ubuntu systemd[1]: Started ACPI event daemon.
4月 01 10:25:05 ubuntu acpid[843]: starting up with netlink and the input layer
4月 01 10:25:05 ubuntu acpid[843]: 8 rules loaded
4月 01 10:25:05 ubuntu acpid[843]: waiting for events: event logging is off
4月 01 12:03:43 ubuntu systemd[1]: Stopping ACPI event daemon...
4月 01 12:03:43 ubuntu systemd[1]: acpid.service: Succeeded.
4月 01 12:03:43 ubuntu systemd[1]: Stopped ACPI event daemon.
-- Reboot --
4月 02 08:51:51 ubuntu systemd[1]: Started ACPI event daemon.
4月 02 08:51:51 ubuntu acpid[845]: starting up with netlink and the input layer
4月 02 08:51:51 ubuntu acpid[845]: 8 rules loaded
4月 02 08:51:51 ubuntu acpid[845]: waiting for events: event logging is off
-- Reboot --
4月 02 09:04:36 ubuntu systemd[1]: Started ACPI event daemon.
4月 02 09:04:36 ubuntu acpid[844]: starting up with netlink and the input layer
4月 02 09:04:36 ubuntu acpid[844]: 8 rules loaded
4月 02 09:04:36 ubuntu acpid[844]: waiting for events: event logging is off
-- Reboot --
4月 02 09:10:27 ubuntu systemd[1]: Started ACPI event daemon.
4月 02 09:10:27 ubuntu acpid[846]: starting up with netlink and the input layer
4月 02 09:10:27 ubuntu acpid[846]: 8 rules loaded
4月 02 09:10:27 ubuntu acpid[846]: waiting for events: event logging is off
4月 02 09:29:37 ubuntu systemd[1]: Stopping ACPI event daemon...
4月 02 09:29:37 ubuntu systemd[1]: acpid.service: Succeeded.
4月 02 09:29:37 ubuntu systemd[1]: Stopped ACPI event daemon.
-- Reboot --
4月 02 17:22:59 ubuntu systemd[1]: Started ACPI event daemon.
4月 02 17:22:59 ubuntu acpid[769]: starting up with netlink and the input layer
4月 02 17:22:59 ubuntu acpid[769]: 8 rules loaded
4月 02 17:22:59 ubuntu acpid[769]: waiting for events: event logging is off
4月 02 17:51:13 ubuntu systemd[1]: Stopping ACPI event daemon...
4月 02 17:51:13 ubuntu systemd[1]: acpid.service: Succeeded.
4月 02 17:51:13 ubuntu systemd[1]: Stopped ACPI event daemon.
-- Reboot --
4月 02 17:51:28 ubuntu systemd[1]: Started ACPI event daemon.
4月 02 17:51:33 ubuntu acpid[847]: starting up with netlink and the input layer
4月 02 17:51:33 ubuntu acpid[847]: 8 rules loaded
4月 02 17:51:33 ubuntu acpid[847]: waiting for events: event logging is off
-- Reboot --
4月 06 08:17:16 ubuntu systemd[1]: Started ACPI event daemon.
4月 06 08:17:17 ubuntu acpid[842]: starting up with netlink and the input layer
4月 06 08:17:17 ubuntu acpid[842]: 8 rules loaded
4月 06 08:17:17 ubuntu acpid[842]: waiting for events: event logging is off
4月 06 10:26:21 ubuntu systemd[1]: Stopping ACPI event daemon...
4月 06 10:26:21 ubuntu systemd[1]: acpid.service: Succeeded.
4月 06 10:26:21 ubuntu systemd[1]: Stopped ACPI event daemon.
-- Reboot --
4月 13 08:09:37 ubuntu systemd[1]: Started ACPI event daemon.
4月 13 08:09:38 ubuntu acpid[790]: starting up with netlink and the input layer
4月 13 08:09:38 ubuntu acpid[790]: 8 rules loaded
4月 13 08:09:38 ubuntu acpid[790]: waiting for events: event logging is off
4月 13 08:30:00 ubuntu systemd[1]: Stopping ACPI event daemon...
4月 13 08:30:00 ubuntu systemd[1]: acpid.service: Succeeded.
4月 13 08:30:00 ubuntu systemd[1]: Stopped ACPI event daemon.
-- Reboot --
4月 13 08:30:19 ubuntu systemd[1]: Started ACPI event daemon.
4月 13 08:30:19 ubuntu acpid[832]: starting up with netlink and the input layer
4月 13 08:30:19 ubuntu acpid[832]: 8 rules loaded
4月 13 08:30:19 ubuntu acpid[832]: waiting for events: event logging is off
-- Reboot --
4月 13 10:23:38 ubuntu systemd[1]: Started ACPI event daemon.
4月 13 10:23:38 ubuntu acpid[846]: starting up with netlink and the input layer
4月 13 10:23:38 ubuntu acpid[846]: 8 rules loaded
4月 13 10:23:38 ubuntu acpid[846]: waiting for events: event logging is off
-- Reboot --
4月 13 14:46:33 ubuntu systemd[1]: Started ACPI event daemon.
4月 13 14:46:33 ubuntu acpid[774]: starting up with netlink and the input layer
4月 13 14:46:33 ubuntu acpid[774]: 8 rules loaded
4月 13 14:46:33 ubuntu acpid[774]: waiting for events: event logging is off
4月 13 15:21:57 ubuntu systemd[1]: Stopping ACPI event daemon...
4月 13 15:21:57 ubuntu systemd[1]: acpid.service: Succeeded.
4月 13 15:21:57 ubuntu systemd[1]: Stopped ACPI event daemon.
-- Reboot --
4月 15 10:16:59 ubuntu systemd[1]: Started ACPI event daemon.
4月 15 10:17:00 ubuntu acpid[791]: starting up with netlink and the input layer
4月 15 10:17:00 ubuntu acpid[791]: 8 rules loaded
4月 15 10:17:00 ubuntu acpid[791]: waiting for events: event logging is off
-- Reboot --
4月 20 08:14:44 ubuntu systemd[1]: Started ACPI event daemon.
4月 20 08:14:44 ubuntu acpid[845]: starting up with netlink and the input layer
4月 20 08:14:44 ubuntu acpid[845]: 8 rules loaded
4月 20 08:14:44 ubuntu acpid[845]: waiting for events: event logging is off
4月 20 08:22:49 ubuntu systemd[1]: Stopping ACPI event daemon...
4月 20 08:22:49 ubuntu systemd[1]: acpid.service: Succeeded.
4月 20 08:22:49 ubuntu systemd[1]: Stopped ACPI event daemon.
-- Reboot --
4月 20 08:23:05 ubuntu systemd[1]: Started ACPI event daemon.
4月 20 08:23:05 ubuntu acpid[796]: starting up with netlink and the input layer
4月 20 08:23:05 ubuntu acpid[796]: 8 rules loaded
4月 20 08:23:05 ubuntu acpid[796]: waiting for events: event logging is off
-- Reboot --
4月 27 08:18:20 ubuntu systemd[1]: Started ACPI event daemon.
4月 27 08:18:20 ubuntu acpid[776]: starting up with netlink and the input layer
4月 27 08:18:20 ubuntu acpid[776]: 8 rules loaded
4月 27 08:18:20 ubuntu acpid[776]: waiting for events: event logging is off
4月 27 10:50:15 ubuntu systemd[1]: Stopping ACPI event daemon...
4月 27 10:50:15 ubuntu systemd[1]: acpid.service: Succeeded.
4月 27 10:50:15 ubuntu systemd[1]: Stopped ACPI event daemon.
-- Reboot --
4月 27 11:07:08 ubuntu systemd[1]: Started ACPI event daemon.
4月 27 11:07:08 ubuntu acpid[844]: starting up with netlink and the input layer
4月 27 11:07:08 ubuntu acpid[844]: 8 rules loaded
4月 27 11:07:08 ubuntu acpid[844]: waiting for events: event logging is off
4月 27 11:20:10 ubuntu systemd[1]: Stopping ACPI event daemon...
4月 27 11:20:10 ubuntu systemd[1]: acpid.service: Succeeded.
4月 27 11:20:10 ubuntu systemd[1]: Stopped ACPI event daemon.
-- Reboot --
4月 27 14:11:31 ubuntu systemd[1]: Started ACPI event daemon.
4月 27 14:11:31 ubuntu acpid[837]: starting up with netlink and the input layer
4月 27 14:11:31 ubuntu acpid[837]: 8 rules loaded
4月 27 14:11:31 ubuntu acpid[837]: waiting for events: event logging is off
4月 27 15:04:59 ubuntu systemd[1]: Stopping ACPI event daemon...
4月 27 15:04:59 ubuntu systemd[1]: acpid.service: Succeeded.
4月 27 15:04:59 ubuntu systemd[1]: Stopped ACPI event daemon.
-- Reboot --
4月 27 15:05:19 ubuntu systemd[1]: Started ACPI event daemon.
4月 27 15:05:19 ubuntu acpid[802]: starting up with netlink and the input layer
4月 27 15:05:19 ubuntu acpid[802]: 8 rules loaded
4月 27 15:05:19 ubuntu acpid[802]: waiting for events: event logging is off
4月 27 16:02:17 ubuntu systemd[1]: Stopping ACPI event daemon...
4月 27 16:02:17 ubuntu systemd[1]: acpid.service: Succeeded.
4月 27 16:02:17 ubuntu systemd[1]: Stopped ACPI event daemon.
-- Reboot --
4月 28 21:00:45 ubuntu systemd[1]: Started ACPI event daemon.
4月 28 21:00:46 ubuntu acpid[860]: starting up with netlink and the input layer
4月 28 21:00:46 ubuntu acpid[860]: 8 rules loaded
4月 28 21:00:46 ubuntu acpid[860]: waiting for events: event logging is off
4月 28 21:01:50 ubuntu systemd[1]: Stopping ACPI event daemon...
4月 28 21:01:50 ubuntu systemd[1]: acpid.service: Succeeded.
4月 28 21:01:50 ubuntu systemd[1]: Stopped ACPI event daemon.
-- Reboot --
5月 06 10:06:15 ubuntu systemd[1]: Started ACPI event daemon.
5月 06 10:06:15 ubuntu acpid[858]: starting up with netlink and the input layer
5月 06 10:06:15 ubuntu acpid[858]: 8 rules loaded
5月 06 10:06:15 ubuntu acpid[858]: waiting for events: event logging is off
5月 06 10:17:22 ubuntu systemd[1]: Stopping ACPI event daemon...
5月 06 10:17:23 ubuntu systemd[1]: acpid.service: Succeeded.
5月 06 10:17:23 ubuntu systemd[1]: Stopped ACPI event daemon.
-- Reboot --
5月 06 10:17:39 ubuntu systemd[1]: Started ACPI event daemon.
5月 06 10:17:46 ubuntu acpid[788]: starting up with netlink and the input layer
5月 06 10:17:46 ubuntu acpid[788]: 8 rules loaded
5月 06 10:17:46 ubuntu acpid[788]: waiting for events: event logging is off
5月 06 11:20:32 ubuntu systemd[1]: Stopping ACPI event daemon...
5月 06 11:20:32 ubuntu systemd[1]: acpid.service: Succeeded.
5月 06 11:20:32 ubuntu systemd[1]: Stopped ACPI event daemon.
-- Reboot --
5月 07 08:13:43 ubuntu systemd[1]: Started ACPI event daemon.
5月 07 08:13:43 ubuntu acpid[812]: starting up with netlink and the input layer
5月 07 08:13:43 ubuntu acpid[812]: 8 rules loaded
5月 07 08:13:43 ubuntu acpid[812]: waiting for events: event logging is off
-- Reboot --
5月 08 14:53:45 ubuntu systemd[1]: Started ACPI event daemon.
5月 08 14:53:46 ubuntu acpid[792]: starting up with netlink and the input layer
5月 08 14:53:46 ubuntu acpid[792]: 8 rules loaded
5月 08 14:53:46 ubuntu acpid[792]: waiting for events: event logging is off
5月 08 14:55:07 ubuntu systemd[1]: Stopping ACPI event daemon...
5月 08 14:55:08 ubuntu systemd[1]: acpid.service: Succeeded.
5月 08 14:55:08 ubuntu systemd[1]: Stopped ACPI event daemon.
-- Reboot --
5月 08 15:54:09 ubuntu systemd[1]: Started ACPI event daemon.
5月 08 15:54:10 ubuntu acpid[788]: starting up with netlink and the input layer
5月 08 15:54:10 ubuntu acpid[788]: 8 rules loaded
5月 08 15:54:10 ubuntu acpid[788]: waiting for events: event logging is off
5月 08 16:26:55 ubuntu systemd[1]: Stopping ACPI event daemon...
5月 08 16:26:55 ubuntu systemd[1]: acpid.service: Succeeded.
5月 08 16:26:55 ubuntu systemd[1]: Stopped ACPI event daemon.
-- Reboot --
5月 08 16:27:21 ubuntu systemd[1]: Started ACPI event daemon.
5月 08 16:27:21 ubuntu acpid[809]: starting up with netlink and the input layer
5月 08 16:27:21 ubuntu acpid[809]: 8 rules loaded
5月 08 16:27:21 ubuntu acpid[809]: waiting for events: event logging is off
5月 08 17:02:55 ubuntu systemd[1]: Stopping ACPI event daemon...
5月 08 17:02:55 ubuntu systemd[1]: acpid.service: Succeeded.
5月 08 17:02:55 ubuntu systemd[1]: Stopped ACPI event daemon.
-- Reboot --
5月 14 20:51:42 ubuntu systemd[1]: Started ACPI event daemon.
5月 14 20:51:42 ubuntu acpid[811]: starting up with netlink and the input layer
5月 14 20:51:42 ubuntu acpid[811]: 8 rules loaded
5月 14 20:51:42 ubuntu acpid[811]: waiting for events: event logging is off
-- Reboot --
5月 15 00:06:13 ubuntu systemd[1]: Started ACPI event daemon.
5月 15 00:06:13 ubuntu acpid[804]: starting up with netlink and the input layer
5月 15 00:06:13 ubuntu acpid[804]: 8 rules loaded
5月 15 00:06:13 ubuntu acpid[804]: waiting for events: event logging is off
5月 15 00:09:00 ubuntu systemd[1]: Stopping ACPI event daemon...
5月 15 00:09:00 ubuntu systemd[1]: acpid.service: Succeeded.
5月 15 00:09:00 ubuntu systemd[1]: Stopped ACPI event daemon.
-- Reboot --
5月 15 00:15:05 ubuntu systemd[1]: Started ACPI event daemon.
5月 15 00:15:05 ubuntu acpid[865]: starting up with netlink and the input layer
5月 15 00:15:05 ubuntu acpid[865]: 8 rules loaded
5月 15 00:15:05 ubuntu acpid[865]: waiting for events: event logging is off
5月 15 00:17:56 ubuntu systemd[1]: Stopping ACPI event daemon...
5月 15 00:17:56 ubuntu systemd[1]: acpid.service: Succeeded.
5月 15 00:17:56 ubuntu systemd[1]: Stopped ACPI event daemon.
-- Reboot --
5月 15 10:43:39 ubuntu systemd[1]: Started ACPI event daemon.
5月 15 10:43:39 ubuntu acpid[863]: starting up with netlink and the input layer
5月 15 10:43:39 ubuntu acpid[863]: 8 rules loaded
5月 15 10:43:39 ubuntu acpid[863]: waiting for events: event logging is off
5月 15 13:21:32 ubuntu systemd[1]: Stopping ACPI event daemon...
5月 15 13:21:32 ubuntu systemd[1]: acpid.service: Succeeded.
5月 15 13:21:32 ubuntu systemd[1]: Stopped ACPI event daemon.
-- Reboot --
5月 15 15:15:40 ubuntu systemd[1]: Started ACPI event daemon.
5月 15 15:15:40 ubuntu acpid[811]: starting up with netlink and the input layer
5月 15 15:15:40 ubuntu acpid[811]: 8 rules loaded
5月 15 15:15:40 ubuntu acpid[811]: waiting for events: event logging is off
5月 15 15:16:43 ubuntu systemd[1]: Stopping ACPI event daemon...
5月 15 15:16:43 ubuntu systemd[1]: acpid.service: Succeeded.
5月 15 15:16:43 ubuntu systemd[1]: Stopped ACPI event daemon.
-- Reboot --
5月 15 16:28:26 ubuntu systemd[1]: Started ACPI event daemon.
5月 15 16:28:26 ubuntu acpid[812]: starting up with netlink and the input layer
5月 15 16:28:26 ubuntu acpid[812]: 8 rules loaded
5月 15 16:28:26 ubuntu acpid[812]: waiting for events: event logging is off
5月 15 17:59:27 ubuntu systemd[1]: Stopping ACPI event daemon...
5月 15 17:59:27 ubuntu systemd[1]: acpid.service: Succeeded.
5月 15 17:59:27 ubuntu systemd[1]: Stopped ACPI event daemon.
-- Reboot --
5月 15 21:27:13 ubuntu systemd[1]: Started ACPI event daemon.
5月 15 21:27:13 ubuntu acpid[810]: starting up with netlink and the input layer
5月 15 21:27:13 ubuntu acpid[810]: 8 rules loaded
5月 15 21:27:13 ubuntu acpid[810]: waiting for events: event logging is off
5月 15 22:59:14 ubuntu systemd[1]: Stopping ACPI event daemon...
5月 15 22:59:14 ubuntu systemd[1]: acpid.service: Succeeded.
5月 15 22:59:14 ubuntu systemd[1]: Stopped ACPI event daemon.
-- Reboot --
5月 31 15:28:44 ubuntu systemd[1]: Started ACPI event daemon.
5月 31 15:28:44 ubuntu acpid[808]: starting up with netlink and the input layer
5月 31 15:28:44 ubuntu acpid[808]: 8 rules loaded
5月 31 15:28:44 ubuntu acpid[808]: waiting for events: event logging is off
5月 31 16:19:37 ubuntu systemd[1]: Stopping ACPI event daemon...
5月 31 16:19:37 ubuntu systemd[1]: acpid.service: Succeeded.
5月 31 16:19:37 ubuntu systemd[1]: Stopped ACPI event daemon.
-- Reboot --
5月 31 16:19:54 ubuntu systemd[1]: Started ACPI event daemon.
5月 31 16:19:54 ubuntu acpid[860]: starting up with netlink and the input layer
5月 31 16:19:54 ubuntu acpid[860]: 8 rules loaded
5月 31 16:19:54 ubuntu acpid[860]: waiting for events: event logging is off
-- Reboot --
5月 31 21:00:55 ubuntu systemd[1]: Started ACPI event daemon.
5月 31 21:00:56 ubuntu acpid[840]: starting up with netlink and the input layer
5月 31 21:00:56 ubuntu acpid[840]: 8 rules loaded
5月 31 21:00:56 ubuntu acpid[840]: waiting for events: event logging is off
-- Reboot --
6月 01 23:20:20 ubuntu systemd[1]: Started ACPI event daemon.
6月 01 23:20:20 ubuntu acpid[856]: starting up with netlink and the input layer
6月 01 23:20:20 ubuntu acpid[856]: 8 rules loaded
6月 01 23:20:20 ubuntu acpid[856]: waiting for events: event logging is off
6月 02 00:27:49 ubuntu systemd[1]: Stopping ACPI event daemon...
6月 02 00:27:49 ubuntu systemd[1]: acpid.service: Succeeded.
6月 02 00:27:49 ubuntu systemd[1]: Stopped ACPI event daemon.
-- Reboot --
6月 06 14:12:34 ubuntu systemd[1]: Started ACPI event daemon.
6月 06 14:12:35 ubuntu acpid[860]: starting up with netlink and the input layer
6月 06 14:12:35 ubuntu acpid[860]: 8 rules loaded
6月 06 14:12:35 ubuntu acpid[860]: waiting for events: event logging is off
6月 06 15:33:45 ubuntu systemd[1]: Stopping ACPI event daemon...
6月 06 15:33:46 ubuntu systemd[1]: acpid.service: Succeeded.
6月 06 15:33:46 ubuntu systemd[1]: Stopped ACPI event daemon.
-- Reboot --
6月 06 15:39:28 ubuntu systemd[1]: Started ACPI event daemon.
6月 06 15:39:29 ubuntu acpid[859]: starting up with netlink and the input layer
6月 06 15:39:29 ubuntu acpid[859]: 8 rules loaded
6月 06 15:39:29 ubuntu acpid[859]: waiting for events: event logging is off
6月 06 15:42:24 ubuntu systemd[1]: Stopping ACPI event daemon...
6月 06 15:42:24 ubuntu systemd[1]: acpid.service: Succeeded.
6月 06 15:42:24 ubuntu systemd[1]: Stopped ACPI event daemon.
-- Reboot --
6月 06 15:44:08 ubuntu systemd[1]: Started ACPI event daemon.
6月 06 15:44:09 ubuntu acpid[797]: starting up with netlink and the input layer
6月 06 15:44:09 ubuntu acpid[797]: 8 rules loaded
6月 06 15:44:09 ubuntu acpid[797]: waiting for events: event logging is off
-- Reboot --
6月 15 14:08:49 ubuntu systemd[1]: Started ACPI event daemon.
6月 15 14:08:49 ubuntu acpid[858]: starting up with netlink and the input layer
6月 15 14:08:49 ubuntu acpid[858]: 8 rules loaded
6月 15 14:08:49 ubuntu acpid[858]: waiting for events: event logging is off
6月 15 16:32:38 ubuntu systemd[1]: Stopping ACPI event daemon...
6月 15 16:32:38 ubuntu systemd[1]: acpid.service: Succeeded.
6月 15 16:32:38 ubuntu systemd[1]: Stopped ACPI event daemon.
-- Reboot --
6月 16 14:48:28 ubuntu systemd[1]: Started ACPI event daemon.
6月 16 14:48:28 ubuntu acpid[801]: starting up with netlink and the input layer
6月 16 14:48:28 ubuntu acpid[801]: 8 rules loaded
6月 16 14:48:28 ubuntu acpid[801]: waiting for events: event logging is off
-- Reboot --
2月 25 16:36:14 ubuntu systemd[1]: Started ACPI event daemon.
2月 25 16:36:14 ubuntu acpid[802]: starting up with netlink and the input layer
2月 25 16:36:14 ubuntu acpid[802]: 8 rules loaded
2月 25 16:36:14 ubuntu acpid[802]: waiting for events: event logging is off
-- Reboot --
3月 27 17:52:48 ubuntu systemd[1]: Started ACPI event daemon.
3月 27 17:52:49 ubuntu acpid[797]: starting up with netlink and the input layer
3月 27 17:52:49 ubuntu acpid[797]: 8 rules loaded
3月 27 17:52:49 ubuntu acpid[797]: waiting for events: event logging is off
-- Reboot --
3月 30 14:05:42 ubuntu systemd[1]: Started ACPI event daemon.
3月 30 14:05:43 ubuntu acpid[796]: starting up with netlink and the input layer
3月 30 14:05:43 ubuntu acpid[796]: 8 rules loaded
3月 30 14:05:43 ubuntu acpid[796]: waiting for events: event logging is off
3月 30 14:44:04 ubuntu systemd[1]: Stopping ACPI event daemon...
3月 30 14:44:04 ubuntu systemd[1]: acpid.service: Succeeded.
3月 30 14:44:04 ubuntu systemd[1]: Stopped ACPI event daemon.
-- Reboot --
3月 30 14:44:33 ubuntu systemd[1]: Started ACPI event daemon.
3月 30 14:44:33 ubuntu acpid[799]: starting up with netlink and the input layer
3月 30 14:44:33 ubuntu acpid[799]: 8 rules loaded
3月 30 14:44:33 ubuntu acpid[799]: waiting for events: event logging is off
3月 30 14:51:17 ubuntu systemd[1]: Stopping ACPI event daemon...
3月 30 14:51:17 ubuntu systemd[1]: acpid.service: Succeeded.
3月 30 14:51:17 ubuntu systemd[1]: Stopped ACPI event daemon.
-- Reboot --
3月 30 15:12:19 ubuntu systemd[1]: Started ACPI event daemon.
3月 30 15:12:19 ubuntu acpid[798]: starting up with netlink and the input layer
3月 30 15:12:19 ubuntu acpid[798]: 8 rules loaded
3月 30 15:12:19 ubuntu acpid[798]: waiting for events: event logging is off
3月 30 15:12:58 ubuntu systemd[1]: Stopping ACPI event daemon...
3月 30 15:12:58 ubuntu systemd[1]: acpid.service: Succeeded.
3月 30 15:12:58 ubuntu systemd[1]: Stopped ACPI event daemon.
-- Reboot --
3月 30 15:18:40 ubuntu systemd[1]: Started ACPI event daemon.
3月 30 15:18:40 ubuntu acpid[796]: starting up with netlink and the input layer
3月 30 15:18:40 ubuntu acpid[796]: 8 rules loaded
3月 30 15:18:40 ubuntu acpid[796]: waiting for events: event logging is off
3月 30 15:19:57 ubuntu systemd[1]: Stopping ACPI event daemon...
3月 30 15:19:57 ubuntu systemd[1]: acpid.service: Succeeded.
3月 30 15:19:57 ubuntu systemd[1]: Stopped ACPI event daemon.
-- Reboot --
3月 30 22:57:13 ubuntu systemd[1]: Started ACPI event daemon.
3月 30 22:57:14 ubuntu acpid[851]: starting up with netlink and the input layer
3月 30 22:57:14 ubuntu acpid[851]: 8 rules loaded
3月 30 22:57:14 ubuntu acpid[851]: waiting for events: event logging is off
3月 30 22:59:12 ubuntu systemd[1]: Stopping ACPI event daemon...
3月 30 22:59:12 ubuntu systemd[1]: acpid.service: Succeeded.
3月 30 22:59:12 ubuntu systemd[1]: Stopped ACPI event daemon.
-- Reboot --
3月 30 23:00:45 ubuntu systemd[1]: Started ACPI event daemon.
3月 30 23:00:45 ubuntu acpid[800]: starting up with netlink and the input layer
3月 30 23:00:45 ubuntu acpid[800]: 8 rules loaded
3月 30 23:00:45 ubuntu acpid[800]: waiting for events: event logging is off
3月 30 23:02:22 ubuntu systemd[1]: Stopping ACPI event daemon...
3月 30 23:02:22 ubuntu systemd[1]: acpid.service: Succeeded.
3月 30 23:02:22 ubuntu systemd[1]: Stopped ACPI event daemon.
-- Reboot --
3月 30 23:05:26 ubuntu systemd[1]: Started ACPI event daemon.
3月 30 23:05:26 ubuntu acpid[838]: starting up with netlink and the input layer
3月 30 23:05:26 ubuntu acpid[838]: 8 rules loaded
3月 30 23:05:26 ubuntu acpid[838]: waiting for events: event logging is off
3月 30 23:14:08 ubuntu systemd[1]: Stopping ACPI event daemon...
3月 30 23:14:09 ubuntu systemd[1]: acpid.service: Succeeded.
3月 30 23:14:09 ubuntu systemd[1]: Stopped ACPI event daemon.
-- Reboot --
3月 31 18:40:19 ubuntu systemd[1]: Started ACPI event daemon.
3月 31 18:40:20 ubuntu acpid[859]: starting up with netlink and the input layer
3月 31 18:40:20 ubuntu acpid[859]: 8 rules loaded
3月 31 18:40:20 ubuntu acpid[859]: waiting for events: event logging is off
3月 31 18:53:35 ubuntu systemd[1]: Stopping ACPI event daemon...
3月 31 18:53:35 ubuntu systemd[1]: acpid.service: Succeeded.
3月 31 18:53:35 ubuntu systemd[1]: Stopped ACPI event daemon.
-- Reboot --
3月 31 18:54:16 ubuntu systemd[1]: Started ACPI event daemon.
3月 31 18:54:17 ubuntu acpid[855]: starting up with netlink and the input layer
3月 31 18:54:17 ubuntu acpid[855]: 8 rules loaded
3月 31 18:54:17 ubuntu acpid[855]: waiting for events: event logging is off
3月 31 19:01:42 ubuntu systemd[1]: Stopping ACPI event daemon...
3月 31 19:01:42 ubuntu systemd[1]: acpid.service: Succeeded.
3月 31 19:01:42 ubuntu systemd[1]: Stopped ACPI event daemon.
-- Reboot --
3月 31 19:04:01 ubuntu systemd[1]: Started ACPI event daemon.
3月 31 19:04:01 ubuntu acpid[801]: starting up with netlink and the input layer
3月 31 19:04:01 ubuntu acpid[801]: 8 rules loaded
3月 31 19:04:01 ubuntu acpid[801]: waiting for events: event logging is off
3月 31 19:26:10 ubuntu systemd[1]: Stopping ACPI event daemon...
3月 31 19:26:10 ubuntu systemd[1]: acpid.service: Succeeded.
3月 31 19:26:10 ubuntu systemd[1]: Stopped ACPI event daemon.
-- Reboot --
3月 31 19:27:35 ubuntu systemd[1]: Started ACPI event daemon.
3月 31 19:27:36 ubuntu acpid[851]: starting up with netlink and the input layer
3月 31 19:27:36 ubuntu acpid[851]: 8 rules loaded
3月 31 19:27:36 ubuntu acpid[851]: waiting for events: event logging is off
-- Reboot --
3月 31 19:43:30 ubuntu systemd[1]: Started ACPI event daemon.
3月 31 19:43:31 ubuntu acpid[796]: starting up with netlink and the input layer
3月 31 19:43:31 ubuntu acpid[796]: 8 rules loaded
3月 31 19:43:31 ubuntu acpid[796]: waiting for events: event logging is off
3月 31 19:57:56 ubuntu systemd[1]: Stopping ACPI event daemon...
3月 31 19:57:56 ubuntu systemd[1]: acpid.service: Succeeded.
3月 31 19:57:56 ubuntu systemd[1]: Stopped ACPI event daemon.
-- Reboot --
3月 31 19:58:19 ubuntu systemd[1]: Started ACPI event daemon.
3月 31 19:58:20 ubuntu acpid[838]: starting up with netlink and the input layer
3月 31 19:58:20 ubuntu acpid[838]: 8 rules loaded
3月 31 19:58:20 ubuntu acpid[838]: waiting for events: event logging is off
3月 31 20:09:57 ubuntu systemd[1]: Stopping ACPI event daemon...
3月 31 20:09:57 ubuntu systemd[1]: acpid.service: Succeeded.
3月 31 20:09:57 ubuntu systemd[1]: Stopped ACPI event daemon.
-- Reboot --
3月 31 20:24:35 ubuntu systemd[1]: Started ACPI event daemon.
3月 31 20:24:35 ubuntu acpid[853]: starting up with netlink and the input layer
3月 31 20:24:35 ubuntu acpid[853]: 8 rules loaded
3月 31 20:24:35 ubuntu acpid[853]: waiting for events: event logging is off
3月 31 21:06:51 ubuntu systemd[1]: Stopping ACPI event daemon...
3月 31 21:06:51 ubuntu systemd[1]: acpid.service: Succeeded.
3月 31 21:06:51 ubuntu systemd[1]: Stopped ACPI event daemon.
-- Reboot --
4月 02 17:05:04 ubuntu systemd[1]: Started ACPI event daemon.
4月 02 17:05:04 ubuntu acpid[849]: starting up with netlink and the input layer
4月 02 17:05:04 ubuntu acpid[849]: 8 rules loaded
4月 02 17:05:04 ubuntu acpid[849]: waiting for events: event logging is off
4月 02 17:13:52 ubuntu systemd[1]: Stopping ACPI event daemon...
4月 02 17:13:52 ubuntu systemd[1]: acpid.service: Succeeded.
4月 02 17:13:52 ubuntu systemd[1]: Stopped ACPI event daemon.
-- Reboot --
4月 14 20:21:36 ubuntu systemd[1]: Started ACPI event daemon.
4月 14 20:21:37 ubuntu acpid[784]: starting up with netlink and the input layer
4月 14 20:21:37 ubuntu acpid[784]: 8 rules loaded
4月 14 20:21:37 ubuntu acpid[784]: waiting for events: event logging is off
4月 14 20:54:39 ubuntu systemd[1]: Stopping ACPI event daemon...
4月 14 20:54:40 ubuntu systemd[1]: acpid.service: Succeeded.
4月 14 20:54:40 ubuntu systemd[1]: Stopped ACPI event daemon.
-- Reboot --
4月 14 20:55:48 ubuntu systemd[1]: Started ACPI event daemon.
4月 14 20:55:48 ubuntu acpid[847]: starting up with netlink and the input layer
4月 14 20:55:48 ubuntu acpid[847]: 8 rules loaded
4月 14 20:55:48 ubuntu acpid[847]: waiting for events: event logging is off
-- Reboot --
4月 15 22:30:52 ubuntu systemd[1]: Started ACPI event daemon.
4月 15 22:30:52 ubuntu acpid[850]: starting up with netlink and the input layer
4月 15 22:30:52 ubuntu acpid[850]: 8 rules loaded
4月 15 22:30:52 ubuntu acpid[850]: waiting for events: event logging is off
4月 15 22:43:24 ubuntu systemd[1]: Stopping ACPI event daemon...
4月 15 22:43:25 ubuntu systemd[1]: acpid.service: Succeeded.
4月 15 22:43:25 ubuntu systemd[1]: Stopped ACPI event daemon.
-- Reboot --
4月 15 22:43:42 ubuntu systemd[1]: Started ACPI event daemon.
4月 15 22:43:42 ubuntu acpid[857]: starting up with netlink and the input layer
4月 15 22:43:42 ubuntu acpid[857]: 8 rules loaded
4月 15 22:43:42 ubuntu acpid[857]: waiting for events: event logging is off
4月 15 23:08:20 ubuntu systemd[1]: Stopping ACPI event daemon...
4月 15 23:08:20 ubuntu systemd[1]: acpid.service: Succeeded.
4月 15 23:08:20 ubuntu systemd[1]: Stopped ACPI event daemon.
-- Reboot --
4月 19 18:41:04 ubuntu systemd[1]: Started ACPI event daemon.
4月 19 18:41:05 ubuntu acpid[800]: starting up with netlink and the input layer
4月 19 18:41:05 ubuntu acpid[800]: 8 rules loaded
4月 19 18:41:05 ubuntu acpid[800]: waiting for events: event logging is off
4月 19 19:04:21 ubuntu systemd[1]: Stopping ACPI event daemon...
4月 19 19:04:21 ubuntu systemd[1]: acpid.service: Succeeded.
4月 19 19:04:21 ubuntu systemd[1]: Stopped ACPI event daemon.
-- Reboot --
4月 19 19:16:16 ubuntu systemd[1]: Started ACPI event daemon.
4月 19 19:16:16 ubuntu acpid[850]: starting up with netlink and the input layer
4月 19 19:16:16 ubuntu acpid[850]: 8 rules loaded
4月 19 19:16:16 ubuntu acpid[850]: waiting for events: event logging is off
4月 19 19:25:49 ubuntu systemd[1]: Stopping ACPI event daemon...
4月 19 19:25:49 ubuntu systemd[1]: acpid.service: Succeeded.
4月 19 19:25:49 ubuntu systemd[1]: Stopped ACPI event daemon.
-- Reboot --
4月 21 14:58:06 ubuntu systemd[1]: Started ACPI event daemon.
4月 21 14:58:07 ubuntu acpid[831]: starting up with netlink and the input layer
4月 21 14:58:07 ubuntu acpid[831]: 8 rules loaded
4月 21 14:58:07 ubuntu acpid[831]: waiting for events: event logging is off

