-- Logs begin at Sat 2022-01-08 18:32:32 CST, end at Fri 2023-04-21 17:17:40 CST. --
5月 08 16:12:13 ubuntu systemd[1]: Starting The Apache HTTP Server...
5月 08 16:12:13 ubuntu apachectl[4134]: AH00558: apache2: Could not reliably determine the server's fully qualified domain name, using 127.0.1.1. Set the 'ServerName' directive globally to suppress this message
5月 08 16:12:13 ubuntu systemd[1]: Started The Apache HTTP Server.
5月 08 16:15:41 ubuntu systemd[1]: Stopping The Apache HTTP Server...
5月 08 16:15:41 ubuntu apachectl[12629]: AH00558: apache2: Could not reliably determine the server's fully qualified domain name, using 127.0.1.1. Set the 'ServerName' directive globally to suppress this message
5月 08 16:15:41 ubuntu systemd[1]: apache2.service: Succeeded.
5月 08 16:15:41 ubuntu systemd[1]: Stopped The Apache HTTP Server.
5月 08 16:15:41 ubuntu systemd[1]: Starting The Apache HTTP Server...
5月 08 16:15:41 ubuntu apachectl[12635]: AH00558: apache2: Could not reliably determine the server's fully qualified domain name, using 127.0.1.1. Set the 'ServerName' directive globally to suppress this message
5月 08 16:15:41 ubuntu systemd[1]: Started The Apache HTTP Server.
5月 08 16:15:41 ubuntu systemd[1]: Stopping The Apache HTTP Server...
5月 08 16:15:41 ubuntu apachectl[12691]: AH00558: apache2: Could not reliably determine the server's fully qualified domain name, using 127.0.1.1. Set the 'ServerName' directive globally to suppress this message
5月 08 16:15:41 ubuntu systemd[1]: apache2.service: Succeeded.
5月 08 16:15:41 ubuntu systemd[1]: Stopped The Apache HTTP Server.
5月 08 16:15:41 ubuntu systemd[1]: Starting The Apache HTTP Server...
5月 08 16:15:41 ubuntu apachectl[12697]: AH00558: apache2: Could not reliably determine the server's fully qualified domain name, using 127.0.1.1. Set the 'ServerName' directive globally to suppress this message
5月 08 16:15:41 ubuntu systemd[1]: Started The Apache HTTP Server.
5月 08 16:26:55 ubuntu systemd[1]: Stopping The Apache HTTP Server...
5月 08 16:26:55 ubuntu apachectl[14759]: AH00558: apache2: Could not reliably determine the server's fully qualified domain name, using 127.0.1.1. Set the 'ServerName' directive globally to suppress this message
5月 08 16:26:55 ubuntu systemd[1]: apache2.service: Succeeded.
5月 08 16:26:55 ubuntu systemd[1]: Stopped The Apache HTTP Server.
-- Reboot --
5月 08 16:27:21 ubuntu systemd[1]: Starting The Apache HTTP Server...
5月 08 16:27:21 ubuntu apachectl[917]: AH00558: apache2: Could not reliably determine the server's fully qualified domain name, using 127.0.1.1. Set the 'ServerName' directive globally to suppress this message
5月 08 16:27:21 ubuntu systemd[1]: Started The Apache HTTP Server.
5月 08 17:02:55 ubuntu systemd[1]: Stopping The Apache HTTP Server...
5月 08 17:02:55 ubuntu apachectl[6709]: AH00558: apache2: Could not reliably determine the server's fully qualified domain name, using 127.0.1.1. Set the 'ServerName' directive globally to suppress this message
5月 08 17:02:55 ubuntu systemd[1]: apache2.service: Succeeded.
5月 08 17:02:55 ubuntu systemd[1]: Stopped The Apache HTTP Server.
-- Reboot --
5月 14 20:51:43 ubuntu systemd[1]: Starting The Apache HTTP Server...
5月 14 20:51:43 ubuntu apachectl[945]: AH00558: apache2: Could not reliably determine the server's fully qualified domain name, using 127.0.1.1. Set the 'ServerName' directive globally to suppress this message
5月 14 20:51:43 ubuntu systemd[1]: Started The Apache HTTP Server.
-- Reboot --
5月 15 00:06:13 ubuntu systemd[1]: Starting The Apache HTTP Server...
5月 15 00:06:13 ubuntu apachectl[946]: AH00558: apache2: Could not reliably determine the server's fully qualified domain name, using 127.0.1.1. Set the 'ServerName' directive globally to suppress this message
5月 15 00:06:13 ubuntu systemd[1]: Started The Apache HTTP Server.
5月 15 00:09:00 ubuntu systemd[1]: Stopping The Apache HTTP Server...
5月 15 00:09:00 ubuntu apachectl[3652]: AH00558: apache2: Could not reliably determine the server's fully qualified domain name, using 127.0.1.1. Set the 'ServerName' directive globally to suppress this message
5月 15 00:09:00 ubuntu systemd[1]: apache2.service: Succeeded.
5月 15 00:09:00 ubuntu systemd[1]: Stopped The Apache HTTP Server.
-- Reboot --
5月 15 00:15:06 ubuntu systemd[1]: Starting The Apache HTTP Server...
5月 15 00:15:06 ubuntu apachectl[970]: AH00558: apache2: Could not reliably determine the server's fully qualified domain name, using 127.0.1.1. Set the 'ServerName' directive globally to suppress this message
5月 15 00:15:06 ubuntu systemd[1]: Started The Apache HTTP Server.
5月 15 00:17:56 ubuntu systemd[1]: Stopping The Apache HTTP Server...
5月 15 00:17:56 ubuntu apachectl[3059]: AH00558: apache2: Could not reliably determine the server's fully qualified domain name, using 127.0.1.1. Set the 'ServerName' directive globally to suppress this message
5月 15 00:17:56 ubuntu systemd[1]: apache2.service: Succeeded.
5月 15 00:17:56 ubuntu systemd[1]: Stopped The Apache HTTP Server.
-- Reboot --
5月 15 10:43:40 ubuntu systemd[1]: Starting The Apache HTTP Server...
5月 15 10:43:40 ubuntu apachectl[998]: AH00558: apache2: Could not reliably determine the server's fully qualified domain name, using 127.0.1.1. Set the 'ServerName' directive globally to suppress this message
5月 15 10:43:40 ubuntu systemd[1]: Started The Apache HTTP Server.
5月 15 13:21:32 ubuntu systemd[1]: Stopping The Apache HTTP Server...
5月 15 13:21:32 ubuntu apachectl[16128]: AH00558: apache2: Could not reliably determine the server's fully qualified domain name, using 127.0.1.1. Set the 'ServerName' directive globally to suppress this message
5月 15 13:21:32 ubuntu systemd[1]: apache2.service: Succeeded.
5月 15 13:21:32 ubuntu systemd[1]: Stopped The Apache HTTP Server.
-- Reboot --
5月 15 15:15:41 ubuntu systemd[1]: Starting The Apache HTTP Server...
5月 15 15:15:41 ubuntu apachectl[935]: AH00558: apache2: Could not reliably determine the server's fully qualified domain name, using 127.0.1.1. Set the 'ServerName' directive globally to suppress this message
5月 15 15:15:41 ubuntu systemd[1]: Started The Apache HTTP Server.
5月 15 15:16:43 ubuntu systemd[1]: Stopping The Apache HTTP Server...
5月 15 15:16:43 ubuntu apachectl[3338]: AH00558: apache2: Could not reliably determine the server's fully qualified domain name, using 127.0.1.1. Set the 'ServerName' directive globally to suppress this message
5月 15 15:16:43 ubuntu systemd[1]: apache2.service: Succeeded.
5月 15 15:16:43 ubuntu systemd[1]: Stopped The Apache HTTP Server.
-- Reboot --
5月 15 16:28:27 ubuntu systemd[1]: Starting The Apache HTTP Server...
5月 15 16:28:27 ubuntu apachectl[932]: AH00558: apache2: Could not reliably determine the server's fully qualified domain name, using 127.0.1.1. Set the 'ServerName' directive globally to suppress this message
5月 15 16:28:27 ubuntu systemd[1]: Started The Apache HTTP Server.
5月 15 17:59:27 ubuntu systemd[1]: Stopping The Apache HTTP Server...
5月 15 17:59:27 ubuntu apachectl[4498]: AH00558: apache2: Could not reliably determine the server's fully qualified domain name, using 127.0.1.1. Set the 'ServerName' directive globally to suppress this message
5月 15 17:59:27 ubuntu systemd[1]: apache2.service: Succeeded.
5月 15 17:59:27 ubuntu systemd[1]: Stopped The Apache HTTP Server.
-- Reboot --
5月 15 21:27:13 ubuntu systemd[1]: Starting The Apache HTTP Server...
5月 15 21:27:14 ubuntu apachectl[941]: AH00558: apache2: Could not reliably determine the server's fully qualified domain name, using 127.0.1.1. Set the 'ServerName' directive globally to suppress this message
5月 15 21:27:14 ubuntu systemd[1]: Started The Apache HTTP Server.
5月 15 22:59:14 ubuntu systemd[1]: Stopping The Apache HTTP Server...
5月 15 22:59:14 ubuntu apachectl[4646]: AH00558: apache2: Could not reliably determine the server's fully qualified domain name, using 127.0.1.1. Set the 'ServerName' directive globally to suppress this message
5月 15 22:59:14 ubuntu systemd[1]: apache2.service: Succeeded.
5月 15 22:59:14 ubuntu systemd[1]: Stopped The Apache HTTP Server.
-- Reboot --
5月 31 15:28:45 ubuntu systemd[1]: Starting The Apache HTTP Server...
5月 31 15:28:45 ubuntu apachectl[945]: AH00558: apache2: Could not reliably determine the server's fully qualified domain name, using 127.0.1.1. Set the 'ServerName' directive globally to suppress this message
5月 31 15:28:45 ubuntu systemd[1]: Started The Apache HTTP Server.
5月 31 16:19:37 ubuntu systemd[1]: Stopping The Apache HTTP Server...
5月 31 16:19:37 ubuntu apachectl[38667]: AH00558: apache2: Could not reliably determine the server's fully qualified domain name, using 127.0.1.1. Set the 'ServerName' directive globally to suppress this message
5月 31 16:19:37 ubuntu systemd[1]: apache2.service: Succeeded.
5月 31 16:19:37 ubuntu systemd[1]: Stopped The Apache HTTP Server.
-- Reboot --
5月 31 16:19:54 ubuntu systemd[1]: Starting The Apache HTTP Server...
5月 31 16:19:54 ubuntu apachectl[1005]: AH00558: apache2: Could not reliably determine the server's fully qualified domain name, using 127.0.1.1. Set the 'ServerName' directive globally to suppress this message
5月 31 16:19:54 ubuntu systemd[1]: Started The Apache HTTP Server.
-- Reboot --
5月 31 21:00:56 ubuntu systemd[1]: Starting The Apache HTTP Server...
5月 31 21:00:56 ubuntu apachectl[955]: AH00558: apache2: Could not reliably determine the server's fully qualified domain name, using 127.0.1.1. Set the 'ServerName' directive globally to suppress this message
5月 31 21:00:56 ubuntu systemd[1]: Started The Apache HTTP Server.
-- Reboot --
6月 01 23:20:21 ubuntu systemd[1]: Starting The Apache HTTP Server...
6月 01 23:20:23 ubuntu apachectl[992]: AH00558: apache2: Could not reliably determine the server's fully qualified domain name, using 127.0.1.1. Set the 'ServerName' directive globally to suppress this message
6月 01 23:20:23 ubuntu systemd[1]: Started The Apache HTTP Server.
6月 02 00:00:22 ubuntu systemd[1]: Reloading The Apache HTTP Server.
6月 02 00:00:22 ubuntu apachectl[9951]: AH00558: apache2: Could not reliably determine the server's fully qualified domain name, using 127.0.1.1. Set the 'ServerName' directive globally to suppress this message
6月 02 00:00:22 ubuntu systemd[1]: Reloaded The Apache HTTP Server.
6月 02 00:27:49 ubuntu systemd[1]: Stopping The Apache HTTP Server...
6月 02 00:27:49 ubuntu apachectl[10711]: AH00558: apache2: Could not reliably determine the server's fully qualified domain name, using 127.0.1.1. Set the 'ServerName' directive globally to suppress this message
6月 02 00:27:50 ubuntu systemd[1]: apache2.service: Succeeded.
6月 02 00:27:50 ubuntu systemd[1]: Stopped The Apache HTTP Server.
-- Reboot --
6月 06 14:12:35 ubuntu systemd[1]: Starting The Apache HTTP Server...
6月 06 14:12:36 ubuntu apachectl[988]: AH00558: apache2: Could not reliably determine the server's fully qualified domain name, using 127.0.1.1. Set the 'ServerName' directive globally to suppress this message
6月 06 14:12:36 ubuntu systemd[1]: Started The Apache HTTP Server.
6月 06 15:33:45 ubuntu systemd[1]: Stopping The Apache HTTP Server...
6月 06 15:33:46 ubuntu apachectl[14596]: AH00558: apache2: Could not reliably determine the server's fully qualified domain name, using 127.0.1.1. Set the 'ServerName' directive globally to suppress this message
6月 06 15:33:46 ubuntu systemd[1]: apache2.service: Succeeded.
6月 06 15:33:46 ubuntu systemd[1]: Stopped The Apache HTTP Server.
-- Reboot --
6月 06 15:39:29 ubuntu systemd[1]: Starting The Apache HTTP Server...
6月 06 15:39:29 ubuntu apachectl[973]: AH00558: apache2: Could not reliably determine the server's fully qualified domain name, using 127.0.1.1. Set the 'ServerName' directive globally to suppress this message
6月 06 15:39:29 ubuntu systemd[1]: Started The Apache HTTP Server.
6月 06 15:42:24 ubuntu systemd[1]: Stopping The Apache HTTP Server...
6月 06 15:42:24 ubuntu apachectl[3662]: AH00558: apache2: Could not reliably determine the server's fully qualified domain name, using 127.0.1.1. Set the 'ServerName' directive globally to suppress this message
6月 06 15:42:24 ubuntu systemd[1]: apache2.service: Succeeded.
6月 06 15:42:24 ubuntu systemd[1]: Stopped The Apache HTTP Server.
-- Reboot --
6月 06 15:44:10 ubuntu systemd[1]: Starting The Apache HTTP Server...
6月 06 15:44:11 ubuntu apachectl[918]: AH00558: apache2: Could not reliably determine the server's fully qualified domain name, using 127.0.1.1. Set the 'ServerName' directive globally to suppress this message
6月 06 15:44:11 ubuntu systemd[1]: Started The Apache HTTP Server.
-- Reboot --
6月 15 14:08:50 ubuntu systemd[1]: Starting The Apache HTTP Server...
6月 15 14:08:51 ubuntu apachectl[987]: AH00558: apache2: Could not reliably determine the server's fully qualified domain name, using 127.0.1.1. Set the 'ServerName' directive globally to suppress this message
6月 15 14:08:51 ubuntu systemd[1]: Started The Apache HTTP Server.
6月 15 16:32:38 ubuntu systemd[1]: Stopping The Apache HTTP Server...
6月 15 16:32:38 ubuntu apachectl[7309]: AH00558: apache2: Could not reliably determine the server's fully qualified domain name, using 127.0.1.1. Set the 'ServerName' directive globally to suppress this message
6月 15 16:32:39 ubuntu systemd[1]: apache2.service: Succeeded.
6月 15 16:32:39 ubuntu systemd[1]: Stopped The Apache HTTP Server.
-- Reboot --
6月 16 14:48:28 ubuntu systemd[1]: Starting The Apache HTTP Server...
6月 16 14:48:29 ubuntu apachectl[931]: AH00558: apache2: Could not reliably determine the server's fully qualified domain name, using 127.0.1.1. Set the 'ServerName' directive globally to suppress this message
6月 16 14:48:29 ubuntu systemd[1]: Started The Apache HTTP Server.
-- Reboot --
2月 25 16:36:14 ubuntu systemd[1]: Starting The Apache HTTP Server...
2月 25 16:36:15 ubuntu apachectl[929]: AH00558: apache2: Could not reliably determine the server's fully qualified domain name, using 127.0.1.1. Set the 'ServerName' directive globally to suppress this message
2月 25 16:36:15 ubuntu systemd[1]: Started The Apache HTTP Server.
-- Reboot --
3月 27 17:52:49 ubuntu systemd[1]: Starting The Apache HTTP Server...
3月 27 17:52:49 ubuntu apachectl[918]: AH00558: apache2: Could not reliably determine the server's fully qualified domain name, using 127.0.1.1. Set the 'ServerName' directive globally to suppress this message
3月 27 17:52:49 ubuntu systemd[1]: Started The Apache HTTP Server.
-- Reboot --
3月 30 14:05:43 ubuntu systemd[1]: Starting The Apache HTTP Server...
3月 30 14:05:43 ubuntu apachectl[936]: AH00558: apache2: Could not reliably determine the server's fully qualified domain name, using 127.0.1.1. Set the 'ServerName' directive globally to suppress this message
3月 30 14:06:07 ubuntu systemd[1]: Started The Apache HTTP Server.
3月 30 14:43:07 ubuntu systemd[1]: Stopping The Apache HTTP Server...
3月 30 14:43:07 ubuntu apachectl[10223]: AH00558: apache2: Could not reliably determine the server's fully qualified domain name, using 127.0.1.1. Set the 'ServerName' directive globally to suppress this message
3月 30 14:43:07 ubuntu systemd[1]: apache2.service: Succeeded.
3月 30 14:43:07 ubuntu systemd[1]: Stopped The Apache HTTP Server.
3月 30 14:43:07 ubuntu systemd[1]: Starting The Apache HTTP Server...
3月 30 14:43:07 ubuntu apachectl[10230]: AH00558: apache2: Could not reliably determine the server's fully qualified domain name, using 127.0.1.1. Set the 'ServerName' directive globally to suppress this message
3月 30 14:43:07 ubuntu systemd[1]: Started The Apache HTTP Server.
3月 30 14:44:04 ubuntu systemd[1]: Stopping The Apache HTTP Server...
3月 30 14:44:04 ubuntu apachectl[13564]: AH00558: apache2: Could not reliably determine the server's fully qualified domain name, using 127.0.1.1. Set the 'ServerName' directive globally to suppress this message
3月 30 14:44:04 ubuntu systemd[1]: apache2.service: Succeeded.
3月 30 14:44:04 ubuntu systemd[1]: Stopped The Apache HTTP Server.
-- Reboot --
3月 30 14:44:33 ubuntu systemd[1]: Starting The Apache HTTP Server...
3月 30 14:44:34 ubuntu apachectl[910]: AH00558: apache2: Could not reliably determine the server's fully qualified domain name, using 127.0.1.1. Set the 'ServerName' directive globally to suppress this message
3月 30 14:44:34 ubuntu systemd[1]: Started The Apache HTTP Server.
3月 30 14:51:17 ubuntu systemd[1]: Stopping The Apache HTTP Server...
3月 30 14:51:17 ubuntu apachectl[4129]: AH00558: apache2: Could not reliably determine the server's fully qualified domain name, using 127.0.1.1. Set the 'ServerName' directive globally to suppress this message
3月 30 14:51:17 ubuntu systemd[1]: apache2.service: Succeeded.
3月 30 14:51:17 ubuntu systemd[1]: Stopped The Apache HTTP Server.
-- Reboot --
3月 30 15:12:20 ubuntu systemd[1]: Starting The Apache HTTP Server...
3月 30 15:12:20 ubuntu apachectl[924]: AH00558: apache2: Could not reliably determine the server's fully qualified domain name, using 127.0.1.1. Set the 'ServerName' directive globally to suppress this message
3月 30 15:12:20 ubuntu systemd[1]: Started The Apache HTTP Server.
3月 30 15:12:58 ubuntu systemd[1]: Stopping The Apache HTTP Server...
3月 30 15:12:58 ubuntu apachectl[2619]: AH00558: apache2: Could not reliably determine the server's fully qualified domain name, using 127.0.1.1. Set the 'ServerName' directive globally to suppress this message
3月 30 15:12:58 ubuntu systemd[1]: apache2.service: Succeeded.
3月 30 15:12:58 ubuntu systemd[1]: Stopped The Apache HTTP Server.
-- Reboot --
3月 30 15:18:40 ubuntu systemd[1]: Starting The Apache HTTP Server...
3月 30 15:18:41 ubuntu apachectl[920]: AH00558: apache2: Could not reliably determine the server's fully qualified domain name, using 127.0.1.1. Set the 'ServerName' directive globally to suppress this message
3月 30 15:18:41 ubuntu systemd[1]: Started The Apache HTTP Server.
3月 30 15:19:57 ubuntu systemd[1]: Stopping The Apache HTTP Server...
3月 30 15:19:58 ubuntu apachectl[2799]: AH00558: apache2: Could not reliably determine the server's fully qualified domain name, using 127.0.1.1. Set the 'ServerName' directive globally to suppress this message
3月 30 15:19:59 ubuntu systemd[1]: apache2.service: Succeeded.
3月 30 15:19:59 ubuntu systemd[1]: Stopped The Apache HTTP Server.
-- Reboot --
3月 30 22:57:14 ubuntu systemd[1]: Starting The Apache HTTP Server...
3月 30 22:57:14 ubuntu apachectl[973]: AH00558: apache2: Could not reliably determine the server's fully qualified domain name, using 127.0.1.1. Set the 'ServerName' directive globally to suppress this message
3月 30 22:57:14 ubuntu systemd[1]: Started The Apache HTTP Server.
3月 30 22:59:12 ubuntu systemd[1]: Stopping The Apache HTTP Server...
3月 30 22:59:12 ubuntu apachectl[3177]: AH00558: apache2: Could not reliably determine the server's fully qualified domain name, using 127.0.1.1. Set the 'ServerName' directive globally to suppress this message
3月 30 22:59:12 ubuntu systemd[1]: apache2.service: Succeeded.
3月 30 22:59:12 ubuntu systemd[1]: Stopped The Apache HTTP Server.
-- Reboot --
3月 30 23:00:45 ubuntu systemd[1]: Starting The Apache HTTP Server...
3月 30 23:00:46 ubuntu apachectl[924]: AH00558: apache2: Could not reliably determine the server's fully qualified domain name, using 127.0.1.1. Set the 'ServerName' directive globally to suppress this message
3月 30 23:00:46 ubuntu systemd[1]: Started The Apache HTTP Server.
3月 30 23:02:22 ubuntu systemd[1]: Stopping The Apache HTTP Server...
3月 30 23:02:22 ubuntu apachectl[2764]: AH00558: apache2: Could not reliably determine the server's fully qualified domain name, using 127.0.1.1. Set the 'ServerName' directive globally to suppress this message
3月 30 23:02:23 ubuntu systemd[1]: apache2.service: Succeeded.
3月 30 23:02:23 ubuntu systemd[1]: Stopped The Apache HTTP Server.
-- Reboot --
3月 30 23:05:26 ubuntu systemd[1]: Starting The Apache HTTP Server...
3月 30 23:05:27 ubuntu apachectl[939]: AH00558: apache2: Could not reliably determine the server's fully qualified domain name, using 127.0.1.1. Set the 'ServerName' directive globally to suppress this message
3月 30 23:05:27 ubuntu systemd[1]: Started The Apache HTTP Server.
3月 30 23:14:08 ubuntu systemd[1]: Stopping The Apache HTTP Server...
3月 30 23:14:09 ubuntu apachectl[4123]: AH00558: apache2: Could not reliably determine the server's fully qualified domain name, using 127.0.1.1. Set the 'ServerName' directive globally to suppress this message
3月 30 23:14:09 ubuntu systemd[1]: apache2.service: Succeeded.
3月 30 23:14:09 ubuntu systemd[1]: Stopped The Apache HTTP Server.
-- Reboot --
3月 31 18:40:20 ubuntu systemd[1]: Starting The Apache HTTP Server...
3月 31 18:40:20 ubuntu apachectl[1000]: AH00558: apache2: Could not reliably determine the server's fully qualified domain name, using 127.0.1.1. Set the 'ServerName' directive globally to suppress this message
3月 31 18:40:20 ubuntu systemd[1]: Started The Apache HTTP Server.
3月 31 18:53:35 ubuntu systemd[1]: Stopping The Apache HTTP Server...
3月 31 18:53:35 ubuntu apachectl[16489]: AH00558: apache2: Could not reliably determine the server's fully qualified domain name, using 127.0.1.1. Set the 'ServerName' directive globally to suppress this message
3月 31 18:53:35 ubuntu systemd[1]: apache2.service: Succeeded.
3月 31 18:53:35 ubuntu systemd[1]: Stopped The Apache HTTP Server.
-- Reboot --
3月 31 18:54:17 ubuntu systemd[1]: Starting The Apache HTTP Server...
3月 31 18:54:18 ubuntu apachectl[977]: AH00558: apache2: Could not reliably determine the server's fully qualified domain name, using 127.0.1.1. Set the 'ServerName' directive globally to suppress this message
3月 31 18:54:18 ubuntu systemd[1]: Started The Apache HTTP Server.
3月 31 19:01:42 ubuntu systemd[1]: Stopping The Apache HTTP Server...
3月 31 19:01:42 ubuntu apachectl[3415]: AH00558: apache2: Could not reliably determine the server's fully qualified domain name, using 127.0.1.1. Set the 'ServerName' directive globally to suppress this message
3月 31 19:01:42 ubuntu systemd[1]: apache2.service: Succeeded.
3月 31 19:01:42 ubuntu systemd[1]: Stopped The Apache HTTP Server.
-- Reboot --
3月 31 19:04:01 ubuntu systemd[1]: Starting The Apache HTTP Server...
3月 31 19:04:02 ubuntu apachectl[902]: AH00558: apache2: Could not reliably determine the server's fully qualified domain name, using 127.0.1.1. Set the 'ServerName' directive globally to suppress this message
3月 31 19:04:02 ubuntu systemd[1]: Started The Apache HTTP Server.
3月 31 19:26:10 ubuntu systemd[1]: Stopping The Apache HTTP Server...
3月 31 19:26:10 ubuntu apachectl[4071]: AH00558: apache2: Could not reliably determine the server's fully qualified domain name, using 127.0.1.1. Set the 'ServerName' directive globally to suppress this message
3月 31 19:26:10 ubuntu systemd[1]: apache2.service: Succeeded.
3月 31 19:26:10 ubuntu systemd[1]: Stopped The Apache HTTP Server.
-- Reboot --
3月 31 19:27:36 ubuntu systemd[1]: Starting The Apache HTTP Server...
3月 31 19:27:36 ubuntu apachectl[963]: AH00558: apache2: Could not reliably determine the server's fully qualified domain name, using 127.0.1.1. Set the 'ServerName' directive globally to suppress this message
3月 31 19:27:36 ubuntu systemd[1]: Started The Apache HTTP Server.
-- Reboot --
3月 31 19:43:31 ubuntu systemd[1]: Starting The Apache HTTP Server...
3月 31 19:43:31 ubuntu apachectl[909]: AH00558: apache2: Could not reliably determine the server's fully qualified domain name, using 127.0.1.1. Set the 'ServerName' directive globally to suppress this message
3月 31 19:43:31 ubuntu systemd[1]: Started The Apache HTTP Server.
3月 31 19:57:56 ubuntu systemd[1]: Stopping The Apache HTTP Server...
3月 31 19:57:56 ubuntu apachectl[50007]: AH00558: apache2: Could not reliably determine the server's fully qualified domain name, using 127.0.1.1. Set the 'ServerName' directive globally to suppress this message
3月 31 19:57:56 ubuntu systemd[1]: apache2.service: Succeeded.
3月 31 19:57:56 ubuntu systemd[1]: Stopped The Apache HTTP Server.
-- Reboot --
3月 31 19:58:20 ubuntu systemd[1]: Starting The Apache HTTP Server...
3月 31 19:58:20 ubuntu apachectl[945]: AH00558: apache2: Could not reliably determine the server's fully qualified domain name, using 127.0.1.1. Set the 'ServerName' directive globally to suppress this message
3月 31 19:58:20 ubuntu systemd[1]: Started The Apache HTTP Server.
3月 31 20:09:57 ubuntu systemd[1]: Stopping The Apache HTTP Server...
3月 31 20:09:57 ubuntu apachectl[3906]: AH00558: apache2: Could not reliably determine the server's fully qualified domain name, using 127.0.1.1. Set the 'ServerName' directive globally to suppress this message
3月 31 20:09:57 ubuntu systemd[1]: apache2.service: Succeeded.
3月 31 20:09:57 ubuntu systemd[1]: Stopped The Apache HTTP Server.
-- Reboot --
3月 31 20:24:35 ubuntu systemd[1]: Starting The Apache HTTP Server...
3月 31 20:24:35 ubuntu apachectl[958]: AH00558: apache2: Could not reliably determine the server's fully qualified domain name, using 127.0.1.1. Set the 'ServerName' directive globally to suppress this message
3月 31 20:24:35 ubuntu systemd[1]: Started The Apache HTTP Server.
3月 31 21:06:51 ubuntu systemd[1]: Stopping The Apache HTTP Server...
3月 31 21:06:51 ubuntu apachectl[4445]: AH00558: apache2: Could not reliably determine the server's fully qualified domain name, using 127.0.1.1. Set the 'ServerName' directive globally to suppress this message
3月 31 21:06:51 ubuntu systemd[1]: apache2.service: Succeeded.
3月 31 21:06:51 ubuntu systemd[1]: Stopped The Apache HTTP Server.
-- Reboot --
4月 02 17:05:04 ubuntu systemd[1]: Starting The Apache HTTP Server...
4月 02 17:05:05 ubuntu apachectl[971]: AH00558: apache2: Could not reliably determine the server's fully qualified domain name, using 127.0.1.1. Set the 'ServerName' directive globally to suppress this message
4月 02 17:05:05 ubuntu systemd[1]: Started The Apache HTTP Server.
4月 02 17:05:06 ubuntu systemd[1]: Reloading The Apache HTTP Server.
4月 02 17:05:07 ubuntu apachectl[1210]: AH00558: apache2: Could not reliably determine the server's fully qualified domain name, using 127.0.1.1. Set the 'ServerName' directive globally to suppress this message
4月 02 17:05:07 ubuntu systemd[1]: Reloaded The Apache HTTP Server.
4月 02 17:13:52 ubuntu systemd[1]: Stopping The Apache HTTP Server...
4月 02 17:13:52 ubuntu apachectl[5945]: AH00558: apache2: Could not reliably determine the server's fully qualified domain name, using 127.0.1.1. Set the 'ServerName' directive globally to suppress this message
4月 02 17:13:52 ubuntu systemd[1]: apache2.service: Succeeded.
4月 02 17:13:52 ubuntu systemd[1]: Stopped The Apache HTTP Server.
-- Reboot --
4月 14 20:21:37 ubuntu systemd[1]: Starting The Apache HTTP Server...
4月 14 20:21:40 ubuntu apachectl[915]: AH00558: apache2: Could not reliably determine the server's fully qualified domain name, using 127.0.1.1. Set the 'ServerName' directive globally to suppress this message
4月 14 20:21:40 ubuntu systemd[1]: Started The Apache HTTP Server.
4月 14 20:54:39 ubuntu systemd[1]: Stopping The Apache HTTP Server...
4月 14 20:54:40 ubuntu apachectl[10930]: AH00558: apache2: Could not reliably determine the server's fully qualified domain name, using 127.0.1.1. Set the 'ServerName' directive globally to suppress this message
4月 14 20:54:40 ubuntu systemd[1]: apache2.service: Succeeded.
4月 14 20:54:40 ubuntu systemd[1]: Stopped The Apache HTTP Server.
-- Reboot --
4月 14 20:55:49 ubuntu systemd[1]: Starting The Apache HTTP Server...
4月 14 20:55:49 ubuntu apachectl[956]: AH00558: apache2: Could not reliably determine the server's fully qualified domain name, using 127.0.1.1. Set the 'ServerName' directive globally to suppress this message
4月 14 20:55:49 ubuntu systemd[1]: Started The Apache HTTP Server.
-- Reboot --
4月 15 22:31:07 ubuntu systemd[1]: Starting The Apache HTTP Server...
4月 15 22:31:07 ubuntu apachectl[1004]: AH00558: apache2: Could not reliably determine the server's fully qualified domain name, using 127.0.1.1. Set the 'ServerName' directive globally to suppress this message
4月 15 22:31:07 ubuntu systemd[1]: Started The Apache HTTP Server.
4月 15 22:43:24 ubuntu systemd[1]: Stopping The Apache HTTP Server...
4月 15 22:43:25 ubuntu apachectl[6070]: AH00558: apache2: Could not reliably determine the server's fully qualified domain name, using 127.0.1.1. Set the 'ServerName' directive globally to suppress this message
4月 15 22:43:25 ubuntu systemd[1]: apache2.service: Succeeded.
4月 15 22:43:25 ubuntu systemd[1]: Stopped The Apache HTTP Server.
-- Reboot --
4月 15 22:43:42 ubuntu systemd[1]: Starting The Apache HTTP Server...
4月 15 22:43:42 ubuntu apachectl[969]: AH00558: apache2: Could not reliably determine the server's fully qualified domain name, using 127.0.1.1. Set the 'ServerName' directive globally to suppress this message
4月 15 22:43:42 ubuntu systemd[1]: Started The Apache HTTP Server.
4月 15 23:08:20 ubuntu systemd[1]: Stopping The Apache HTTP Server...
4月 15 23:08:20 ubuntu apachectl[5510]: AH00558: apache2: Could not reliably determine the server's fully qualified domain name, using 127.0.1.1. Set the 'ServerName' directive globally to suppress this message
4月 15 23:08:20 ubuntu systemd[1]: apache2.service: Succeeded.
4月 15 23:08:20 ubuntu systemd[1]: Stopped The Apache HTTP Server.
-- Reboot --
4月 19 18:41:05 ubuntu systemd[1]: Starting The Apache HTTP Server...
4月 19 18:41:05 ubuntu apachectl[956]: AH00558: apache2: Could not reliably determine the server's fully qualified domain name, using 127.0.1.1. Set the 'ServerName' directive globally to suppress this message
4月 19 18:41:05 ubuntu systemd[1]: Started The Apache HTTP Server.
4月 19 19:04:21 ubuntu systemd[1]: Stopping The Apache HTTP Server...
4月 19 19:04:21 ubuntu apachectl[5317]: AH00558: apache2: Could not reliably determine the server's fully qualified domain name, using 127.0.1.1. Set the 'ServerName' directive globally to suppress this message
4月 19 19:04:21 ubuntu systemd[1]: apache2.service: Succeeded.
4月 19 19:04:21 ubuntu systemd[1]: Stopped The Apache HTTP Server.
-- Reboot --
4月 19 19:16:16 ubuntu systemd[1]: Starting The Apache HTTP Server...
4月 19 19:16:16 ubuntu apachectl[1000]: AH00558: apache2: Could not reliably determine the server's fully qualified domain name, using 127.0.1.1. Set the 'ServerName' directive globally to suppress this message
4月 19 19:16:16 ubuntu systemd[1]: Started The Apache HTTP Server.
4月 19 19:25:49 ubuntu systemd[1]: Stopping The Apache HTTP Server...
4月 19 19:25:49 ubuntu apachectl[4700]: AH00558: apache2: Could not reliably determine the server's fully qualified domain name, using 127.0.1.1. Set the 'ServerName' directive globally to suppress this message
4月 19 19:25:50 ubuntu systemd[1]: apache2.service: Succeeded.
4月 19 19:25:50 ubuntu systemd[1]: Stopped The Apache HTTP Server.
-- Reboot --
4月 21 14:58:07 ubuntu systemd[1]: Starting The Apache HTTP Server...
4月 21 14:58:07 ubuntu apachectl[984]: AH00558: apache2: Could not reliably determine the server's fully qualified domain name, using 127.0.1.1. Set the 'ServerName' directive globally to suppress this message
4月 21 14:58:07 ubuntu systemd[1]: Started The Apache HTTP Server.

