-- Logs begin at Sat 2022-01-08 18:32:32 CST, end at Fri 2023-04-21 17:17:40 CST. --
1月 09 17:30:01 ubuntu CRON[4748]: pam_unix(cron:session): session opened for user root by (uid=0)
1月 09 17:30:01 ubuntu CRON[4748]: pam_unix(cron:session): session closed for user root
1月 09 18:17:01 ubuntu CRON[6142]: pam_unix(cron:session): session opened for user root by (uid=0)
1月 09 18:17:01 ubuntu CRON[6143]: (root) CMD (   cd / && run-parts --report /etc/cron.hourly)
1月 09 18:17:01 ubuntu CRON[6142]: pam_unix(cron:session): session closed for user root
1月 09 18:30:01 ubuntu CRON[8127]: pam_unix(cron:session): session opened for user root by (uid=0)
1月 09 18:30:01 ubuntu CRON[8128]: (root) CMD ([ -x /etc/init.d/anacron ] && if [ ! -d /run/systemd/system ]; then /usr/sbin/invoke-rc.d anacron start >/dev/null; fi)
1月 09 18:30:01 ubuntu CRON[8127]: pam_unix(cron:session): session closed for user root
1月 09 19:30:01 ubuntu CRON[10920]: pam_unix(cron:session): session opened for user root by (uid=0)
1月 09 19:30:01 ubuntu CRON[10921]: (root) CMD ([ -x /etc/init.d/anacron ] && if [ ! -d /run/systemd/system ]; then /usr/sbin/invoke-rc.d anacron start >/dev/null; fi)
1月 09 19:30:01 ubuntu CRON[10920]: pam_unix(cron:session): session closed for user root
1月 09 20:17:01 ubuntu CRON[14140]: pam_unix(cron:session): session opened for user root by (uid=0)
1月 09 20:17:01 ubuntu CRON[14141]: (root) CMD (   cd / && run-parts --report /etc/cron.hourly)
1月 09 20:17:01 ubuntu CRON[14140]: pam_unix(cron:session): session closed for user root
1月 09 20:30:01 ubuntu CRON[14771]: pam_unix(cron:session): session opened for user root by (uid=0)
1月 09 20:30:01 ubuntu CRON[14771]: pam_unix(cron:session): session closed for user root
1月 09 21:17:01 ubuntu CRON[15359]: pam_unix(cron:session): session opened for user root by (uid=0)
1月 09 21:17:01 ubuntu CRON[15359]: pam_unix(cron:session): session closed for user root
1月 09 21:30:01 ubuntu CRON[15751]: pam_unix(cron:session): session opened for user root by (uid=0)
1月 09 21:30:01 ubuntu CRON[15752]: (root) CMD ([ -x /etc/init.d/anacron ] && if [ ! -d /run/systemd/system ]; then /usr/sbin/invoke-rc.d anacron start >/dev/null; fi)
1月 09 21:30:01 ubuntu CRON[15751]: pam_unix(cron:session): session closed for user root
1月 09 21:32:59 ubuntu systemd[1]: Stopping Regular background program processing daemon...
1月 09 21:32:59 ubuntu systemd[1]: cron.service: Succeeded.
1月 09 21:32:59 ubuntu systemd[1]: Stopped Regular background program processing daemon.
-- Reboot --
1月 09 21:33:15 ubuntu systemd[1]: Started Regular background program processing daemon.
1月 09 21:33:15 ubuntu cron[864]: (CRON) INFO (pidfile fd = 3)
1月 09 21:33:15 ubuntu cron[864]: (CRON) INFO (Running @reboot jobs)
1月 09 22:17:01 ubuntu CRON[3965]: pam_unix(cron:session): session opened for user root by (uid=0)
1月 09 22:17:01 ubuntu CRON[3966]: (root) CMD (   cd / && run-parts --report /etc/cron.hourly)
1月 09 22:17:01 ubuntu CRON[3965]: pam_unix(cron:session): session closed for user root
1月 09 22:30:01 ubuntu CRON[3987]: pam_unix(cron:session): session opened for user root by (uid=0)
1月 09 22:30:01 ubuntu CRON[3987]: pam_unix(cron:session): session closed for user root
-- Reboot --
3月 22 14:03:02 ubuntu systemd[1]: Started Regular background program processing daemon.
3月 22 14:03:02 ubuntu cron[860]: (CRON) INFO (pidfile fd = 3)
3月 22 14:03:02 ubuntu cron[860]: (CRON) INFO (Running @reboot jobs)
3月 22 14:13:28 ubuntu systemd[1]: Stopping Regular background program processing daemon...
3月 22 14:13:28 ubuntu systemd[1]: cron.service: Succeeded.
3月 22 14:13:28 ubuntu systemd[1]: Stopped Regular background program processing daemon.
-- Reboot --
3月 22 14:13:42 ubuntu systemd[1]: Started Regular background program processing daemon.
3月 22 14:13:42 ubuntu cron[874]: (CRON) INFO (pidfile fd = 3)
3月 22 14:13:42 ubuntu cron[874]: (CRON) INFO (Running @reboot jobs)
3月 22 14:17:01 ubuntu CRON[3042]: pam_unix(cron:session): session opened for user root by (uid=0)
3月 22 14:17:01 ubuntu CRON[3043]: (root) CMD (   cd / && run-parts --report /etc/cron.hourly)
3月 22 14:17:01 ubuntu CRON[3042]: pam_unix(cron:session): session closed for user root
3月 22 14:22:48 ubuntu systemd[1]: Stopping Regular background program processing daemon...
3月 22 14:22:48 ubuntu systemd[1]: cron.service: Succeeded.
3月 22 14:22:48 ubuntu systemd[1]: Stopped Regular background program processing daemon.
-- Reboot --
3月 22 16:13:10 ubuntu systemd[1]: Started Regular background program processing daemon.
3月 22 16:13:10 ubuntu cron[876]: (CRON) INFO (pidfile fd = 3)
3月 22 16:13:10 ubuntu cron[876]: (CRON) INFO (Running @reboot jobs)
3月 22 16:17:01 ubuntu CRON[2750]: pam_unix(cron:session): session opened for user root by (uid=0)
3月 22 16:17:01 ubuntu CRON[2751]: (root) CMD (   cd / && run-parts --report /etc/cron.hourly)
3月 22 16:17:01 ubuntu CRON[2750]: pam_unix(cron:session): session closed for user root
3月 22 16:30:01 ubuntu CRON[2817]: pam_unix(cron:session): session opened for user root by (uid=0)
3月 22 16:30:01 ubuntu CRON[2818]: (root) CMD ([ -x /etc/init.d/anacron ] && if [ ! -d /run/systemd/system ]; then /usr/sbin/invoke-rc.d anacron start >/dev/null; fi)
3月 22 16:30:01 ubuntu CRON[2817]: pam_unix(cron:session): session closed for user root
3月 22 17:17:01 ubuntu CRON[3750]: pam_unix(cron:session): session opened for user root by (uid=0)
3月 22 17:17:01 ubuntu CRON[3751]: (root) CMD (   cd / && run-parts --report /etc/cron.hourly)
3月 22 17:17:01 ubuntu CRON[3750]: pam_unix(cron:session): session closed for user root
3月 22 17:30:01 ubuntu CRON[3828]: pam_unix(cron:session): session opened for user root by (uid=0)
3月 22 17:30:01 ubuntu CRON[3829]: (root) CMD ([ -x /etc/init.d/anacron ] && if [ ! -d /run/systemd/system ]; then /usr/sbin/invoke-rc.d anacron start >/dev/null; fi)
3月 22 17:30:01 ubuntu CRON[3828]: pam_unix(cron:session): session closed for user root
3月 22 17:37:59 ubuntu systemd[1]: Stopping Regular background program processing daemon...
3月 22 17:37:59 ubuntu systemd[1]: cron.service: Succeeded.
3月 22 17:37:59 ubuntu systemd[1]: Stopped Regular background program processing daemon.
-- Reboot --
3月 25 10:18:04 ubuntu systemd[1]: Started Regular background program processing daemon.
3月 25 10:18:04 ubuntu cron[907]: (CRON) INFO (pidfile fd = 3)
3月 25 10:18:04 ubuntu cron[907]: (CRON) INFO (Running @reboot jobs)
3月 25 10:30:01 ubuntu CRON[6525]: pam_unix(cron:session): session opened for user root by (uid=0)
3月 25 10:30:01 ubuntu CRON[6526]: (root) CMD ([ -x /etc/init.d/anacron ] && if [ ! -d /run/systemd/system ]; then /usr/sbin/invoke-rc.d anacron start >/dev/null; fi)
3月 25 10:30:01 ubuntu CRON[6525]: pam_unix(cron:session): session closed for user root
3月 25 10:36:28 ubuntu systemd[1]: Stopping Regular background program processing daemon...
3月 25 10:36:28 ubuntu systemd[1]: cron.service: Succeeded.
3月 25 10:36:28 ubuntu systemd[1]: Stopped Regular background program processing daemon.
-- Reboot --
3月 25 10:45:15 ubuntu systemd[1]: Started Regular background program processing daemon.
3月 25 10:45:15 ubuntu cron[906]: (CRON) INFO (pidfile fd = 3)
3月 25 10:45:15 ubuntu cron[906]: (CRON) INFO (Running @reboot jobs)
3月 25 11:17:01 ubuntu CRON[3232]: pam_unix(cron:session): session opened for user root by (uid=0)
3月 25 11:17:01 ubuntu CRON[3233]: (root) CMD (   cd / && run-parts --report /etc/cron.hourly)
3月 25 11:17:01 ubuntu CRON[3232]: pam_unix(cron:session): session closed for user root
3月 25 11:30:01 ubuntu CRON[3243]: pam_unix(cron:session): session opened for user root by (uid=0)
3月 25 11:30:01 ubuntu CRON[3244]: (root) CMD ([ -x /etc/init.d/anacron ] && if [ ! -d /run/systemd/system ]; then /usr/sbin/invoke-rc.d anacron start >/dev/null; fi)
3月 25 11:30:01 ubuntu CRON[3243]: pam_unix(cron:session): session closed for user root
-- Reboot --
3月 28 10:02:53 ubuntu systemd[1]: Started Regular background program processing daemon.
3月 28 10:02:53 ubuntu cron[896]: (CRON) INFO (pidfile fd = 3)
3月 28 10:02:53 ubuntu cron[896]: (CRON) INFO (Running @reboot jobs)
-- Reboot --
3月 28 14:59:43 ubuntu systemd[1]: Started Regular background program processing daemon.
3月 28 14:59:43 ubuntu cron[895]: (CRON) INFO (pidfile fd = 3)
3月 28 14:59:43 ubuntu cron[895]: (CRON) INFO (Running @reboot jobs)
3月 28 15:17:01 ubuntu CRON[3679]: pam_unix(cron:session): session opened for user root by (uid=0)
3月 28 15:17:01 ubuntu CRON[3680]: (root) CMD (   cd / && run-parts --report /etc/cron.hourly)
3月 28 15:17:01 ubuntu CRON[3679]: pam_unix(cron:session): session closed for user root
3月 28 15:30:01 ubuntu CRON[3862]: pam_unix(cron:session): session opened for user root by (uid=0)
3月 28 15:30:01 ubuntu CRON[3863]: (root) CMD ([ -x /etc/init.d/anacron ] && if [ ! -d /run/systemd/system ]; then /usr/sbin/invoke-rc.d anacron start >/dev/null; fi)
3月 28 15:30:01 ubuntu CRON[3862]: pam_unix(cron:session): session closed for user root
3月 28 15:53:54 ubuntu systemd[1]: Stopping Regular background program processing daemon...
3月 28 15:53:54 ubuntu systemd[1]: cron.service: Succeeded.
3月 28 15:53:54 ubuntu systemd[1]: Stopped Regular background program processing daemon.
-- Reboot --
3月 28 16:17:45 ubuntu systemd[1]: Started Regular background program processing daemon.
3月 28 16:17:45 ubuntu cron[802]: (CRON) INFO (pidfile fd = 3)
3月 28 16:17:45 ubuntu cron[802]: (CRON) INFO (Running @reboot jobs)
3月 28 16:30:01 ubuntu CRON[3092]: pam_unix(cron:session): session opened for user root by (uid=0)
3月 28 16:30:01 ubuntu CRON[3093]: (root) CMD ([ -x /etc/init.d/anacron ] && if [ ! -d /run/systemd/system ]; then /usr/sbin/invoke-rc.d anacron start >/dev/null; fi)
3月 28 16:30:01 ubuntu CRON[3092]: pam_unix(cron:session): session closed for user root
3月 28 17:17:01 ubuntu CRON[3719]: pam_unix(cron:session): session opened for user root by (uid=0)
3月 28 17:17:01 ubuntu CRON[3720]: (root) CMD (   cd / && run-parts --report /etc/cron.hourly)
3月 28 17:17:01 ubuntu CRON[3719]: pam_unix(cron:session): session closed for user root
3月 28 17:29:19 ubuntu systemd[1]: Stopping Regular background program processing daemon...
3月 28 17:29:20 ubuntu systemd[1]: cron.service: Succeeded.
3月 28 17:29:20 ubuntu systemd[1]: Stopped Regular background program processing daemon.
-- Reboot --
4月 01 10:14:20 ubuntu systemd[1]: Started Regular background program processing daemon.
4月 01 10:14:20 ubuntu cron[850]: (CRON) INFO (pidfile fd = 3)
4月 01 10:14:20 ubuntu cron[850]: (CRON) INFO (Running @reboot jobs)
4月 01 10:17:01 ubuntu CRON[4311]: pam_unix(cron:session): session opened for user root by (uid=0)
4月 01 10:17:01 ubuntu CRON[4312]: (root) CMD (   cd / && run-parts --report /etc/cron.hourly)
4月 01 10:17:01 ubuntu CRON[4311]: pam_unix(cron:session): session closed for user root
4月 01 10:24:19 ubuntu systemd[1]: Stopping Regular background program processing daemon...
4月 01 10:24:19 ubuntu systemd[1]: cron.service: Succeeded.
4月 01 10:24:19 ubuntu systemd[1]: Stopped Regular background program processing daemon.
-- Reboot --
4月 01 10:25:02 ubuntu systemd[1]: Started Regular background program processing daemon.
4月 01 10:25:02 ubuntu cron[847]: (CRON) INFO (pidfile fd = 3)
4月 01 10:25:02 ubuntu cron[847]: (CRON) INFO (Running @reboot jobs)
4月 01 10:30:01 ubuntu CRON[2973]: pam_unix(cron:session): session opened for user root by (uid=0)
4月 01 10:30:01 ubuntu CRON[2974]: (root) CMD ([ -x /etc/init.d/anacron ] && if [ ! -d /run/systemd/system ]; then /usr/sbin/invoke-rc.d anacron start >/dev/null; fi)
4月 01 10:30:01 ubuntu CRON[2973]: pam_unix(cron:session): session closed for user root
4月 01 11:17:01 ubuntu CRON[3117]: pam_unix(cron:session): session opened for user root by (uid=0)
4月 01 11:17:01 ubuntu CRON[3118]: (root) CMD (   cd / && run-parts --report /etc/cron.hourly)
4月 01 11:17:01 ubuntu CRON[3117]: pam_unix(cron:session): session closed for user root
4月 01 11:30:01 ubuntu CRON[3167]: pam_unix(cron:session): session opened for user root by (uid=0)
4月 01 11:30:01 ubuntu CRON[3168]: (root) CMD ([ -x /etc/init.d/anacron ] && if [ ! -d /run/systemd/system ]; then /usr/sbin/invoke-rc.d anacron start >/dev/null; fi)
4月 01 11:30:01 ubuntu CRON[3167]: pam_unix(cron:session): session closed for user root
4月 01 12:03:43 ubuntu systemd[1]: Stopping Regular background program processing daemon...
4月 01 12:03:43 ubuntu systemd[1]: cron.service: Succeeded.
4月 01 12:03:43 ubuntu systemd[1]: Stopped Regular background program processing daemon.
-- Reboot --
4月 02 08:51:51 ubuntu systemd[1]: Started Regular background program processing daemon.
4月 02 08:51:51 ubuntu cron[849]: (CRON) INFO (pidfile fd = 3)
4月 02 08:51:51 ubuntu cron[849]: (CRON) INFO (Running @reboot jobs)
-- Reboot --
4月 02 09:04:36 ubuntu systemd[1]: Started Regular background program processing daemon.
4月 02 09:04:36 ubuntu cron[849]: (CRON) INFO (pidfile fd = 3)
4月 02 09:04:36 ubuntu cron[849]: (CRON) INFO (Running @reboot jobs)
-- Reboot --
4月 02 09:10:27 ubuntu systemd[1]: Started Regular background program processing daemon.
4月 02 09:10:27 ubuntu cron[850]: (CRON) INFO (pidfile fd = 3)
4月 02 09:10:27 ubuntu cron[850]: (CRON) INFO (Running @reboot jobs)
4月 02 09:17:01 ubuntu CRON[2707]: pam_unix(cron:session): session opened for user root by (uid=0)
4月 02 09:17:01 ubuntu CRON[2708]: (root) CMD (   cd / && run-parts --report /etc/cron.hourly)
4月 02 09:17:01 ubuntu CRON[2707]: pam_unix(cron:session): session closed for user root
4月 02 09:29:37 ubuntu systemd[1]: Stopping Regular background program processing daemon...
4月 02 09:29:37 ubuntu systemd[1]: cron.service: Succeeded.
4月 02 09:29:37 ubuntu systemd[1]: Stopped Regular background program processing daemon.
-- Reboot --
4月 02 17:22:59 ubuntu systemd[1]: Started Regular background program processing daemon.
4月 02 17:22:59 ubuntu cron[775]: (CRON) INFO (pidfile fd = 3)
4月 02 17:22:59 ubuntu cron[775]: (CRON) INFO (Running @reboot jobs)
4月 02 17:30:01 ubuntu CRON[2624]: pam_unix(cron:session): session opened for user root by (uid=0)
4月 02 17:30:01 ubuntu CRON[2625]: (root) CMD ([ -x /etc/init.d/anacron ] && if [ ! -d /run/systemd/system ]; then /usr/sbin/invoke-rc.d anacron start >/dev/null; fi)
4月 02 17:30:01 ubuntu CRON[2624]: pam_unix(cron:session): session closed for user root
4月 02 17:51:13 ubuntu systemd[1]: Stopping Regular background program processing daemon...
4月 02 17:51:13 ubuntu systemd[1]: cron.service: Succeeded.
4月 02 17:51:13 ubuntu systemd[1]: Stopped Regular background program processing daemon.
-- Reboot --
4月 02 17:51:28 ubuntu systemd[1]: Started Regular background program processing daemon.
4月 02 17:51:28 ubuntu cron[853]: (CRON) INFO (pidfile fd = 3)
4月 02 17:51:28 ubuntu cron[853]: (CRON) INFO (Running @reboot jobs)
-- Reboot --
4月 06 08:17:16 ubuntu systemd[1]: Started Regular background program processing daemon.
4月 06 08:17:16 ubuntu cron[847]: (CRON) INFO (pidfile fd = 3)
4月 06 08:17:16 ubuntu cron[847]: (CRON) INFO (Running @reboot jobs)
4月 06 08:30:01 ubuntu CRON[3833]: pam_unix(cron:session): session opened for user root by (uid=0)
4月 06 08:30:01 ubuntu CRON[3834]: (root) CMD ([ -x /etc/init.d/anacron ] && if [ ! -d /run/systemd/system ]; then /usr/sbin/invoke-rc.d anacron start >/dev/null; fi)
4月 06 08:30:01 ubuntu CRON[3833]: pam_unix(cron:session): session closed for user root
4月 06 09:17:01 ubuntu CRON[4586]: pam_unix(cron:session): session opened for user root by (uid=0)
4月 06 09:17:01 ubuntu CRON[4587]: (root) CMD (   cd / && run-parts --report /etc/cron.hourly)
4月 06 09:17:01 ubuntu CRON[4586]: pam_unix(cron:session): session closed for user root
4月 06 09:30:01 ubuntu CRON[4632]: pam_unix(cron:session): session opened for user root by (uid=0)
4月 06 09:30:01 ubuntu CRON[4633]: (root) CMD ([ -x /etc/init.d/anacron ] && if [ ! -d /run/systemd/system ]; then /usr/sbin/invoke-rc.d anacron start >/dev/null; fi)
4月 06 09:30:01 ubuntu CRON[4632]: pam_unix(cron:session): session closed for user root
4月 06 10:26:21 ubuntu systemd[1]: Stopping Regular background program processing daemon...
4月 06 10:26:21 ubuntu systemd[1]: cron.service: Succeeded.
4月 06 10:26:21 ubuntu systemd[1]: Stopped Regular background program processing daemon.
-- Reboot --
4月 13 08:09:37 ubuntu systemd[1]: Started Regular background program processing daemon.
4月 13 08:09:37 ubuntu cron[794]: (CRON) INFO (pidfile fd = 3)
4月 13 08:09:37 ubuntu cron[794]: (CRON) INFO (Running @reboot jobs)
4月 13 08:17:01 ubuntu CRON[4043]: pam_unix(cron:session): session opened for user root by (uid=0)
4月 13 08:17:01 ubuntu CRON[4044]: (root) CMD (   cd / && run-parts --report /etc/cron.hourly)
4月 13 08:17:01 ubuntu CRON[4043]: pam_unix(cron:session): session closed for user root
4月 13 08:30:00 ubuntu systemd[1]: Stopping Regular background program processing daemon...
4月 13 08:30:00 ubuntu systemd[1]: cron.service: Succeeded.
4月 13 08:30:00 ubuntu systemd[1]: Stopped Regular background program processing daemon.
-- Reboot --
4月 13 08:30:19 ubuntu systemd[1]: Started Regular background program processing daemon.
4月 13 08:30:19 ubuntu cron[836]: (CRON) INFO (pidfile fd = 3)
4月 13 08:30:19 ubuntu cron[836]: (CRON) INFO (Running @reboot jobs)
4月 13 09:17:01 ubuntu CRON[3491]: pam_unix(cron:session): session opened for user root by (uid=0)
4月 13 09:17:01 ubuntu CRON[3492]: (root) CMD (   cd / && run-parts --report /etc/cron.hourly)
4月 13 09:17:01 ubuntu CRON[3491]: pam_unix(cron:session): session closed for user root
4月 13 09:30:01 ubuntu CRON[3659]: pam_unix(cron:session): session opened for user root by (uid=0)
4月 13 09:30:01 ubuntu CRON[3660]: (root) CMD ([ -x /etc/init.d/anacron ] && if [ ! -d /run/systemd/system ]; then /usr/sbin/invoke-rc.d anacron start >/dev/null; fi)
4月 13 09:30:01 ubuntu CRON[3659]: pam_unix(cron:session): session closed for user root
-- Reboot --
4月 13 10:23:38 ubuntu systemd[1]: Started Regular background program processing daemon.
4月 13 10:23:38 ubuntu cron[850]: (CRON) INFO (pidfile fd = 3)
4月 13 10:23:38 ubuntu cron[850]: (CRON) INFO (Running @reboot jobs)
-- Reboot --
4月 13 14:46:33 ubuntu systemd[1]: Started Regular background program processing daemon.
4月 13 14:46:33 ubuntu cron[781]: (CRON) INFO (pidfile fd = 3)
4月 13 14:46:33 ubuntu cron[781]: (CRON) INFO (Running @reboot jobs)
4月 13 15:17:01 ubuntu CRON[3154]: pam_unix(cron:session): session opened for user root by (uid=0)
4月 13 15:17:01 ubuntu CRON[3155]: (root) CMD (   cd / && run-parts --report /etc/cron.hourly)
4月 13 15:17:01 ubuntu CRON[3154]: pam_unix(cron:session): session closed for user root
4月 13 15:21:57 ubuntu systemd[1]: Stopping Regular background program processing daemon...
4月 13 15:21:57 ubuntu systemd[1]: cron.service: Succeeded.
4月 13 15:21:57 ubuntu systemd[1]: Stopped Regular background program processing daemon.
-- Reboot --
4月 15 10:16:59 ubuntu systemd[1]: Started Regular background program processing daemon.
4月 15 10:16:59 ubuntu cron[795]: (CRON) INFO (pidfile fd = 3)
4月 15 10:16:59 ubuntu cron[795]: (CRON) INFO (Running @reboot jobs)
4月 15 10:17:01 ubuntu CRON[1171]: pam_unix(cron:session): session opened for user root by (uid=0)
4月 15 10:17:01 ubuntu CRON[1173]: (root) CMD (   cd / && run-parts --report /etc/cron.hourly)
4月 15 10:17:01 ubuntu CRON[1171]: pam_unix(cron:session): session closed for user root
-- Reboot --
4月 20 08:14:44 ubuntu systemd[1]: Started Regular background program processing daemon.
4月 20 08:14:44 ubuntu cron[849]: (CRON) INFO (pidfile fd = 3)
4月 20 08:14:44 ubuntu cron[849]: (CRON) INFO (Running @reboot jobs)
4月 20 08:17:01 ubuntu CRON[3175]: pam_unix(cron:session): session opened for user root by (uid=0)
4月 20 08:17:01 ubuntu CRON[3177]: (root) CMD (   cd / && run-parts --report /etc/cron.hourly)
4月 20 08:17:01 ubuntu CRON[3175]: pam_unix(cron:session): session closed for user root
4月 20 08:22:49 ubuntu systemd[1]: Stopping Regular background program processing daemon...
4月 20 08:22:49 ubuntu systemd[1]: cron.service: Succeeded.
4月 20 08:22:49 ubuntu systemd[1]: Stopped Regular background program processing daemon.
-- Reboot --
4月 20 08:23:05 ubuntu systemd[1]: Started Regular background program processing daemon.
4月 20 08:23:05 ubuntu cron[806]: (CRON) INFO (pidfile fd = 3)
4月 20 08:23:05 ubuntu cron[806]: (CRON) INFO (Running @reboot jobs)
4月 20 08:30:01 ubuntu CRON[2458]: pam_unix(cron:session): session opened for user root by (uid=0)
4月 20 08:30:01 ubuntu CRON[2459]: (root) CMD ([ -x /etc/init.d/anacron ] && if [ ! -d /run/systemd/system ]; then /usr/sbin/invoke-rc.d anacron start >/dev/null; fi)
4月 20 08:30:01 ubuntu CRON[2458]: pam_unix(cron:session): session closed for user root
-- Reboot --
4月 27 08:18:20 ubuntu systemd[1]: Started Regular background program processing daemon.
4月 27 08:18:20 ubuntu cron[780]: (CRON) INFO (pidfile fd = 3)
4月 27 08:18:20 ubuntu cron[780]: (CRON) INFO (Running @reboot jobs)
4月 27 08:30:01 ubuntu CRON[5940]: pam_unix(cron:session): session opened for user root by (uid=0)
4月 27 08:30:01 ubuntu CRON[5941]: (root) CMD ([ -x /etc/init.d/anacron ] && if [ ! -d /run/systemd/system ]; then /usr/sbin/invoke-rc.d anacron start >/dev/null; fi)
4月 27 08:30:01 ubuntu CRON[5940]: pam_unix(cron:session): session closed for user root
4月 27 09:17:01 ubuntu CRON[7919]: pam_unix(cron:session): session opened for user root by (uid=0)
4月 27 09:17:01 ubuntu CRON[7920]: (root) CMD (   cd / && run-parts --report /etc/cron.hourly)
4月 27 09:17:01 ubuntu CRON[7919]: pam_unix(cron:session): session closed for user root
4月 27 09:30:01 ubuntu CRON[8102]: pam_unix(cron:session): session opened for user root by (uid=0)
4月 27 09:30:01 ubuntu CRON[8103]: (root) CMD ([ -x /etc/init.d/anacron ] && if [ ! -d /run/systemd/system ]; then /usr/sbin/invoke-rc.d anacron start >/dev/null; fi)
4月 27 09:30:01 ubuntu CRON[8102]: pam_unix(cron:session): session closed for user root
4月 27 10:17:01 ubuntu CRON[10222]: pam_unix(cron:session): session opened for user root by (uid=0)
4月 27 10:17:01 ubuntu CRON[10223]: (root) CMD (   cd / && run-parts --report /etc/cron.hourly)
4月 27 10:17:01 ubuntu CRON[10222]: pam_unix(cron:session): session closed for user root
4月 27 10:30:01 ubuntu CRON[10744]: pam_unix(cron:session): session opened for user root by (uid=0)
4月 27 10:30:01 ubuntu CRON[10744]: pam_unix(cron:session): session closed for user root
4月 27 10:50:15 ubuntu systemd[1]: Stopping Regular background program processing daemon...
4月 27 10:50:15 ubuntu systemd[1]: cron.service: Succeeded.
4月 27 10:50:15 ubuntu systemd[1]: Stopped Regular background program processing daemon.
-- Reboot --
4月 27 11:07:08 ubuntu systemd[1]: Started Regular background program processing daemon.
4月 27 11:07:08 ubuntu cron[850]: (CRON) INFO (pidfile fd = 3)
4月 27 11:07:08 ubuntu cron[850]: (CRON) INFO (Running @reboot jobs)
4月 27 11:17:01 ubuntu CRON[3917]: pam_unix(cron:session): session opened for user root by (uid=0)
4月 27 11:17:01 ubuntu CRON[3918]: (root) CMD (   cd / && run-parts --report /etc/cron.hourly)
4月 27 11:17:01 ubuntu CRON[3917]: pam_unix(cron:session): session closed for user root
4月 27 11:20:10 ubuntu systemd[1]: Stopping Regular background program processing daemon...
4月 27 11:20:10 ubuntu systemd[1]: cron.service: Succeeded.
4月 27 11:20:10 ubuntu systemd[1]: Stopped Regular background program processing daemon.
-- Reboot --
4月 27 14:11:31 ubuntu systemd[1]: Started Regular background program processing daemon.
4月 27 14:11:31 ubuntu cron[842]: (CRON) INFO (pidfile fd = 3)
4月 27 14:11:31 ubuntu cron[842]: (CRON) INFO (Running @reboot jobs)
4月 27 14:17:01 ubuntu CRON[3197]: pam_unix(cron:session): session opened for user root by (uid=0)
4月 27 14:17:01 ubuntu CRON[3198]: (root) CMD (   cd / && run-parts --report /etc/cron.hourly)
4月 27 14:17:01 ubuntu CRON[3197]: pam_unix(cron:session): session closed for user root
4月 27 14:30:01 ubuntu CRON[3519]: pam_unix(cron:session): session opened for user root by (uid=0)
4月 27 14:30:01 ubuntu CRON[3520]: (root) CMD ([ -x /etc/init.d/anacron ] && if [ ! -d /run/systemd/system ]; then /usr/sbin/invoke-rc.d anacron start >/dev/null; fi)
4月 27 14:30:01 ubuntu CRON[3519]: pam_unix(cron:session): session closed for user root
4月 27 15:04:59 ubuntu systemd[1]: Stopping Regular background program processing daemon...
4月 27 15:04:59 ubuntu systemd[1]: cron.service: Succeeded.
4月 27 15:04:59 ubuntu systemd[1]: Stopped Regular background program processing daemon.
-- Reboot --
4月 27 15:05:19 ubuntu systemd[1]: Started Regular background program processing daemon.
4月 27 15:05:19 ubuntu cron[807]: (CRON) INFO (pidfile fd = 3)
4月 27 15:05:19 ubuntu cron[807]: (CRON) INFO (Running @reboot jobs)
4月 27 15:17:01 ubuntu CRON[3831]: pam_unix(cron:session): session opened for user root by (uid=0)
4月 27 15:17:01 ubuntu CRON[3832]: (root) CMD (   cd / && run-parts --report /etc/cron.hourly)
4月 27 15:17:01 ubuntu CRON[3831]: pam_unix(cron:session): session closed for user root
4月 27 15:30:01 ubuntu CRON[4157]: pam_unix(cron:session): session opened for user root by (uid=0)
4月 27 15:30:01 ubuntu CRON[4158]: (root) CMD ([ -x /etc/init.d/anacron ] && if [ ! -d /run/systemd/system ]; then /usr/sbin/invoke-rc.d anacron start >/dev/null; fi)
4月 27 15:30:01 ubuntu CRON[4157]: pam_unix(cron:session): session closed for user root
4月 27 16:02:17 ubuntu systemd[1]: Stopping Regular background program processing daemon...
4月 27 16:02:17 ubuntu systemd[1]: cron.service: Succeeded.
4月 27 16:02:17 ubuntu systemd[1]: Stopped Regular background program processing daemon.
-- Reboot --
4月 28 21:00:45 ubuntu systemd[1]: Started Regular background program processing daemon.
4月 28 21:00:46 ubuntu cron[866]: (CRON) INFO (pidfile fd = 3)
4月 28 21:00:46 ubuntu cron[866]: (CRON) INFO (Running @reboot jobs)
4月 28 21:01:50 ubuntu systemd[1]: Stopping Regular background program processing daemon...
4月 28 21:01:50 ubuntu systemd[1]: cron.service: Succeeded.
4月 28 21:01:50 ubuntu systemd[1]: Stopped Regular background program processing daemon.
-- Reboot --
5月 06 10:06:15 ubuntu systemd[1]: Started Regular background program processing daemon.
5月 06 10:06:15 ubuntu cron[862]: (CRON) INFO (pidfile fd = 3)
5月 06 10:06:15 ubuntu cron[862]: (CRON) INFO (Running @reboot jobs)
5月 06 10:17:01 ubuntu CRON[29846]: pam_unix(cron:session): session opened for user root by (uid=0)
5月 06 10:17:01 ubuntu CRON[29876]: (root) CMD (   cd / && run-parts --report /etc/cron.hourly)
5月 06 10:17:01 ubuntu CRON[29846]: pam_unix(cron:session): session closed for user root
5月 06 10:17:23 ubuntu systemd[1]: Stopping Regular background program processing daemon...
5月 06 10:17:23 ubuntu systemd[1]: cron.service: Succeeded.
5月 06 10:17:23 ubuntu systemd[1]: Stopped Regular background program processing daemon.
-- Reboot --
5月 06 10:17:39 ubuntu systemd[1]: Started Regular background program processing daemon.
5月 06 10:17:39 ubuntu cron[792]: (CRON) INFO (pidfile fd = 3)
5月 06 10:17:39 ubuntu cron[792]: (CRON) INFO (Running @reboot jobs)
5月 06 10:30:01 ubuntu CRON[3384]: pam_unix(cron:session): session opened for user root by (uid=0)
5月 06 10:30:01 ubuntu CRON[3385]: (root) CMD ([ -x /etc/init.d/anacron ] && if [ ! -d /run/systemd/system ]; then /usr/sbin/invoke-rc.d anacron start >/dev/null; fi)
5月 06 10:30:01 ubuntu CRON[3384]: pam_unix(cron:session): session closed for user root
5月 06 11:17:01 ubuntu CRON[4368]: pam_unix(cron:session): session opened for user root by (uid=0)
5月 06 11:17:01 ubuntu CRON[4369]: (root) CMD (   cd / && run-parts --report /etc/cron.hourly)
5月 06 11:17:01 ubuntu CRON[4368]: pam_unix(cron:session): session closed for user root
5月 06 11:20:32 ubuntu systemd[1]: Stopping Regular background program processing daemon...
5月 06 11:20:32 ubuntu systemd[1]: cron.service: Succeeded.
5月 06 11:20:32 ubuntu systemd[1]: Stopped Regular background program processing daemon.
-- Reboot --
5月 07 08:13:43 ubuntu systemd[1]: Started Regular background program processing daemon.
5月 07 08:13:43 ubuntu cron[820]: (CRON) INFO (pidfile fd = 3)
5月 07 08:13:43 ubuntu cron[820]: (CRON) INFO (Running @reboot jobs)
5月 07 08:17:01 ubuntu CRON[3710]: pam_unix(cron:session): session opened for user root by (uid=0)
5月 07 08:17:01 ubuntu CRON[3711]: (root) CMD (   cd / && run-parts --report /etc/cron.hourly)
5月 07 08:17:01 ubuntu CRON[3710]: pam_unix(cron:session): session closed for user root
5月 07 08:30:01 ubuntu CRON[3936]: pam_unix(cron:session): session opened for user root by (uid=0)
5月 07 08:30:01 ubuntu CRON[3937]: (root) CMD ([ -x /etc/init.d/anacron ] && if [ ! -d /run/systemd/system ]; then /usr/sbin/invoke-rc.d anacron start >/dev/null; fi)
5月 07 08:30:01 ubuntu CRON[3936]: pam_unix(cron:session): session closed for user root
5月 07 09:17:01 ubuntu CRON[6372]: pam_unix(cron:session): session opened for user root by (uid=0)
5月 07 09:17:01 ubuntu CRON[6373]: (root) CMD (   cd / && run-parts --report /etc/cron.hourly)
5月 07 09:17:01 ubuntu CRON[6372]: pam_unix(cron:session): session closed for user root
5月 07 09:30:01 ubuntu CRON[6424]: pam_unix(cron:session): session opened for user root by (uid=0)
5月 07 09:30:01 ubuntu CRON[6425]: (root) CMD ([ -x /etc/init.d/anacron ] && if [ ! -d /run/systemd/system ]; then /usr/sbin/invoke-rc.d anacron start >/dev/null; fi)
5月 07 09:30:01 ubuntu CRON[6424]: pam_unix(cron:session): session closed for user root
-- Reboot --
5月 08 14:53:45 ubuntu systemd[1]: Started Regular background program processing daemon.
5月 08 14:53:45 ubuntu cron[800]: (CRON) INFO (pidfile fd = 3)
5月 08 14:53:45 ubuntu cron[800]: (CRON) INFO (Running @reboot jobs)
5月 08 14:55:07 ubuntu systemd[1]: Stopping Regular background program processing daemon...
5月 08 14:55:08 ubuntu systemd[1]: cron.service: Succeeded.
5月 08 14:55:08 ubuntu systemd[1]: Stopped Regular background program processing daemon.
-- Reboot --
5月 08 15:54:09 ubuntu systemd[1]: Started Regular background program processing daemon.
5月 08 15:54:09 ubuntu cron[796]: (CRON) INFO (pidfile fd = 3)
5月 08 15:54:09 ubuntu cron[796]: (CRON) INFO (Running @reboot jobs)
5月 08 16:17:01 ubuntu CRON[13053]: pam_unix(cron:session): session opened for user root by (uid=0)
5月 08 16:17:01 ubuntu CRON[13054]: (root) CMD (   cd / && run-parts --report /etc/cron.hourly)
5月 08 16:17:01 ubuntu CRON[13053]: pam_unix(cron:session): session closed for user root
5月 08 16:26:55 ubuntu systemd[1]: Stopping Regular background program processing daemon...
5月 08 16:26:55 ubuntu systemd[1]: cron.service: Succeeded.
5月 08 16:26:55 ubuntu systemd[1]: Stopped Regular background program processing daemon.
-- Reboot --
5月 08 16:27:21 ubuntu systemd[1]: Started Regular background program processing daemon.
5月 08 16:27:21 ubuntu cron[818]: (CRON) INFO (pidfile fd = 3)
5月 08 16:27:21 ubuntu cron[818]: (CRON) INFO (Running @reboot jobs)
5月 08 16:30:01 ubuntu CRON[2906]: pam_unix(cron:session): session opened for user root by (uid=0)
5月 08 16:30:01 ubuntu CRON[2907]: (root) CMD ([ -x /etc/init.d/anacron ] && if [ ! -d /run/systemd/system ]; then /usr/sbin/invoke-rc.d anacron start >/dev/null; fi)
5月 08 16:30:01 ubuntu CRON[2906]: pam_unix(cron:session): session closed for user root
5月 08 16:39:01 ubuntu CRON[3643]: pam_unix(cron:session): session opened for user root by (uid=0)
5月 08 16:39:01 ubuntu CRON[3644]: (root) CMD (  [ -x /usr/lib/php/sessionclean ] && if [ ! -d /run/systemd/system ]; then /usr/lib/php/sessionclean; fi)
5月 08 16:39:01 ubuntu CRON[3643]: pam_unix(cron:session): session closed for user root
5月 08 17:02:55 ubuntu systemd[1]: Stopping Regular background program processing daemon...
5月 08 17:02:55 ubuntu systemd[1]: cron.service: Succeeded.
5月 08 17:02:55 ubuntu systemd[1]: Stopped Regular background program processing daemon.
-- Reboot --
5月 14 20:51:42 ubuntu systemd[1]: Started Regular background program processing daemon.
5月 14 20:51:42 ubuntu cron[817]: (CRON) INFO (pidfile fd = 3)
5月 14 20:51:42 ubuntu cron[817]: (CRON) INFO (Running @reboot jobs)
5月 14 21:09:01 ubuntu CRON[5052]: pam_unix(cron:session): session opened for user root by (uid=0)
5月 14 21:09:01 ubuntu CRON[5052]: pam_unix(cron:session): session closed for user root
5月 14 21:17:01 ubuntu CRON[5115]: pam_unix(cron:session): session opened for user root by (uid=0)
5月 14 21:17:01 ubuntu CRON[5116]: (root) CMD (   cd / && run-parts --report /etc/cron.hourly)
5月 14 21:17:01 ubuntu CRON[5115]: pam_unix(cron:session): session closed for user root
5月 14 21:30:01 ubuntu CRON[5140]: pam_unix(cron:session): session opened for user root by (uid=0)
5月 14 21:30:01 ubuntu CRON[5141]: (root) CMD ([ -x /etc/init.d/anacron ] && if [ ! -d /run/systemd/system ]; then /usr/sbin/invoke-rc.d anacron start >/dev/null; fi)
5月 14 21:30:01 ubuntu CRON[5140]: pam_unix(cron:session): session closed for user root
5月 14 21:39:01 ubuntu CRON[7093]: pam_unix(cron:session): session opened for user root by (uid=0)
5月 14 21:39:01 ubuntu CRON[7094]: (root) CMD (  [ -x /usr/lib/php/sessionclean ] && if [ ! -d /run/systemd/system ]; then /usr/lib/php/sessionclean; fi)
5月 14 21:39:01 ubuntu CRON[7093]: pam_unix(cron:session): session closed for user root
-- Reboot --
5月 15 00:06:13 ubuntu systemd[1]: Started Regular background program processing daemon.
5月 15 00:06:13 ubuntu cron[810]: (CRON) INFO (pidfile fd = 3)
5月 15 00:06:13 ubuntu cron[810]: (CRON) INFO (Running @reboot jobs)
5月 15 00:09:00 ubuntu systemd[1]: Stopping Regular background program processing daemon...
5月 15 00:09:00 ubuntu systemd[1]: cron.service: Succeeded.
5月 15 00:09:00 ubuntu systemd[1]: Stopped Regular background program processing daemon.
-- Reboot --
5月 15 00:15:05 ubuntu systemd[1]: Started Regular background program processing daemon.
5月 15 00:15:05 ubuntu cron[873]: (CRON) INFO (pidfile fd = 3)
5月 15 00:15:05 ubuntu cron[873]: (CRON) INFO (Running @reboot jobs)
5月 15 00:17:01 ubuntu CRON[2921]: pam_unix(cron:session): session opened for user root by (uid=0)
5月 15 00:17:01 ubuntu CRON[2922]: (root) CMD (   cd / && run-parts --report /etc/cron.hourly)
5月 15 00:17:01 ubuntu CRON[2921]: pam_unix(cron:session): session closed for user root
5月 15 00:17:56 ubuntu systemd[1]: Stopping Regular background program processing daemon...
5月 15 00:17:56 ubuntu systemd[1]: cron.service: Succeeded.
5月 15 00:17:56 ubuntu systemd[1]: Stopped Regular background program processing daemon.
-- Reboot --
5月 15 10:43:39 ubuntu systemd[1]: Started Regular background program processing daemon.
5月 15 10:43:39 ubuntu cron[868]: (CRON) INFO (pidfile fd = 3)
5月 15 10:43:39 ubuntu cron[868]: (CRON) INFO (Running @reboot jobs)
5月 15 11:09:01 ubuntu CRON[13232]: pam_unix(cron:session): session opened for user root by (uid=0)
5月 15 11:09:01 ubuntu CRON[13233]: (root) CMD (  [ -x /usr/lib/php/sessionclean ] && if [ ! -d /run/systemd/system ]; then /usr/lib/php/sessionclean; fi)
5月 15 11:09:01 ubuntu CRON[13232]: pam_unix(cron:session): session closed for user root
5月 15 11:17:01 ubuntu CRON[14260]: pam_unix(cron:session): session opened for user root by (uid=0)
5月 15 11:17:01 ubuntu CRON[14261]: (root) CMD (   cd / && run-parts --report /etc/cron.hourly)
5月 15 11:17:01 ubuntu CRON[14260]: pam_unix(cron:session): session closed for user root
5月 15 11:30:01 ubuntu CRON[14709]: pam_unix(cron:session): session opened for user root by (uid=0)
5月 15 11:30:01 ubuntu CRON[14710]: (root) CMD ([ -x /etc/init.d/anacron ] && if [ ! -d /run/systemd/system ]; then /usr/sbin/invoke-rc.d anacron start >/dev/null; fi)
5月 15 11:30:01 ubuntu CRON[14709]: pam_unix(cron:session): session closed for user root
5月 15 11:39:01 ubuntu CRON[14804]: pam_unix(cron:session): session opened for user root by (uid=0)
5月 15 11:39:01 ubuntu CRON[14805]: (root) CMD (  [ -x /usr/lib/php/sessionclean ] && if [ ! -d /run/systemd/system ]; then /usr/lib/php/sessionclean; fi)
5月 15 11:39:01 ubuntu CRON[14804]: pam_unix(cron:session): session closed for user root
5月 15 12:09:01 ubuntu CRON[15009]: pam_unix(cron:session): session opened for user root by (uid=0)
5月 15 12:09:01 ubuntu CRON[15010]: (root) CMD (  [ -x /usr/lib/php/sessionclean ] && if [ ! -d /run/systemd/system ]; then /usr/lib/php/sessionclean; fi)
5月 15 12:09:01 ubuntu CRON[15009]: pam_unix(cron:session): session closed for user root
5月 15 12:17:01 ubuntu CRON[15044]: pam_unix(cron:session): session opened for user root by (uid=0)
5月 15 12:17:01 ubuntu CRON[15044]: pam_unix(cron:session): session closed for user root
5月 15 12:30:01 ubuntu CRON[15109]: pam_unix(cron:session): session opened for user root by (uid=0)
5月 15 12:30:01 ubuntu CRON[15110]: (root) CMD ([ -x /etc/init.d/anacron ] && if [ ! -d /run/systemd/system ]; then /usr/sbin/invoke-rc.d anacron start >/dev/null; fi)
5月 15 12:30:01 ubuntu CRON[15109]: pam_unix(cron:session): session closed for user root
5月 15 12:39:01 ubuntu CRON[15202]: pam_unix(cron:session): session opened for user root by (uid=0)
5月 15 12:39:01 ubuntu CRON[15203]: (root) CMD (  [ -x /usr/lib/php/sessionclean ] && if [ ! -d /run/systemd/system ]; then /usr/lib/php/sessionclean; fi)
5月 15 12:39:01 ubuntu CRON[15202]: pam_unix(cron:session): session closed for user root
5月 15 13:09:01 ubuntu CRON[15605]: pam_unix(cron:session): session opened for user root by (uid=0)
5月 15 13:09:01 ubuntu CRON[15606]: (root) CMD (  [ -x /usr/lib/php/sessionclean ] && if [ ! -d /run/systemd/system ]; then /usr/lib/php/sessionclean; fi)
5月 15 13:09:01 ubuntu CRON[15605]: pam_unix(cron:session): session closed for user root
5月 15 13:17:01 ubuntu CRON[15890]: pam_unix(cron:session): session opened for user root by (uid=0)
5月 15 13:17:01 ubuntu CRON[15891]: (root) CMD (   cd / && run-parts --report /etc/cron.hourly)
5月 15 13:17:01 ubuntu CRON[15890]: pam_unix(cron:session): session closed for user root
5月 15 13:21:32 ubuntu systemd[1]: Stopping Regular background program processing daemon...
5月 15 13:21:32 ubuntu systemd[1]: cron.service: Succeeded.
5月 15 13:21:32 ubuntu systemd[1]: Stopped Regular background program processing daemon.
-- Reboot --
5月 15 15:15:40 ubuntu systemd[1]: Started Regular background program processing daemon.
5月 15 15:15:40 ubuntu cron[821]: (CRON) INFO (pidfile fd = 3)
5月 15 15:15:40 ubuntu cron[821]: (CRON) INFO (Running @reboot jobs)
5月 15 15:16:43 ubuntu systemd[1]: Stopping Regular background program processing daemon...
5月 15 15:16:43 ubuntu systemd[1]: cron.service: Succeeded.
5月 15 15:16:43 ubuntu systemd[1]: Stopped Regular background program processing daemon.
-- Reboot --
5月 15 16:28:26 ubuntu systemd[1]: Started Regular background program processing daemon.
5月 15 16:28:26 ubuntu cron[821]: (CRON) INFO (pidfile fd = 3)
5月 15 16:28:26 ubuntu cron[821]: (CRON) INFO (Running @reboot jobs)
5月 15 16:30:01 ubuntu CRON[3049]: pam_unix(cron:session): session opened for user root by (uid=0)
5月 15 16:30:01 ubuntu CRON[3050]: (root) CMD ([ -x /etc/init.d/anacron ] && if [ ! -d /run/systemd/system ]; then /usr/sbin/invoke-rc.d anacron start >/dev/null; fi)
5月 15 16:30:01 ubuntu CRON[3049]: pam_unix(cron:session): session closed for user root
5月 15 16:39:01 ubuntu CRON[3079]: pam_unix(cron:session): session opened for user root by (uid=0)
5月 15 16:39:01 ubuntu CRON[3079]: pam_unix(cron:session): session closed for user root
5月 15 17:09:01 ubuntu CRON[3800]: pam_unix(cron:session): session opened for user root by (uid=0)
5月 15 17:09:01 ubuntu CRON[3801]: (root) CMD (  [ -x /usr/lib/php/sessionclean ] && if [ ! -d /run/systemd/system ]; then /usr/lib/php/sessionclean; fi)
5月 15 17:09:01 ubuntu CRON[3800]: pam_unix(cron:session): session closed for user root
5月 15 17:17:01 ubuntu CRON[3968]: pam_unix(cron:session): session opened for user root by (uid=0)
5月 15 17:17:01 ubuntu CRON[3969]: (root) CMD (   cd / && run-parts --report /etc/cron.hourly)
5月 15 17:17:01 ubuntu CRON[3968]: pam_unix(cron:session): session closed for user root
5月 15 17:30:01 ubuntu CRON[4115]: pam_unix(cron:session): session opened for user root by (uid=0)
5月 15 17:30:01 ubuntu CRON[4116]: (root) CMD ([ -x /etc/init.d/anacron ] && if [ ! -d /run/systemd/system ]; then /usr/sbin/invoke-rc.d anacron start >/dev/null; fi)
5月 15 17:30:01 ubuntu CRON[4115]: pam_unix(cron:session): session closed for user root
5月 15 17:39:01 ubuntu CRON[4258]: pam_unix(cron:session): session opened for user root by (uid=0)
5月 15 17:39:01 ubuntu CRON[4259]: (root) CMD (  [ -x /usr/lib/php/sessionclean ] && if [ ! -d /run/systemd/system ]; then /usr/lib/php/sessionclean; fi)
5月 15 17:39:01 ubuntu CRON[4258]: pam_unix(cron:session): session closed for user root
5月 15 17:59:27 ubuntu systemd[1]: Stopping Regular background program processing daemon...
5月 15 17:59:27 ubuntu systemd[1]: cron.service: Succeeded.
5月 15 17:59:27 ubuntu systemd[1]: Stopped Regular background program processing daemon.
-- Reboot --
5月 15 21:27:13 ubuntu systemd[1]: Started Regular background program processing daemon.
5月 15 21:27:13 ubuntu cron[817]: (CRON) INFO (pidfile fd = 3)
5月 15 21:27:13 ubuntu cron[817]: (CRON) INFO (Running @reboot jobs)
5月 15 21:30:01 ubuntu CRON[3422]: pam_unix(cron:session): session opened for user root by (uid=0)
5月 15 21:30:01 ubuntu CRON[3423]: (root) CMD ([ -x /etc/init.d/anacron ] && if [ ! -d /run/systemd/system ]; then /usr/sbin/invoke-rc.d anacron start >/dev/null; fi)
5月 15 21:30:01 ubuntu CRON[3422]: pam_unix(cron:session): session closed for user root
5月 15 21:39:01 ubuntu CRON[3850]: pam_unix(cron:session): session opened for user root by (uid=0)
5月 15 21:39:01 ubuntu CRON[3850]: pam_unix(cron:session): session closed for user root
5月 15 22:09:01 ubuntu CRON[4068]: pam_unix(cron:session): session opened for user root by (uid=0)
5月 15 22:09:01 ubuntu CRON[4069]: (root) CMD (  [ -x /usr/lib/php/sessionclean ] && if [ ! -d /run/systemd/system ]; then /usr/lib/php/sessionclean; fi)
5月 15 22:09:01 ubuntu CRON[4068]: pam_unix(cron:session): session closed for user root
5月 15 22:17:01 ubuntu CRON[4172]: pam_unix(cron:session): session opened for user root by (uid=0)
5月 15 22:17:01 ubuntu CRON[4173]: (root) CMD (   cd / && run-parts --report /etc/cron.hourly)
5月 15 22:17:01 ubuntu CRON[4172]: pam_unix(cron:session): session closed for user root
5月 15 22:30:01 ubuntu CRON[4277]: pam_unix(cron:session): session opened for user root by (uid=0)
5月 15 22:30:01 ubuntu CRON[4277]: pam_unix(cron:session): session closed for user root
5月 15 22:39:01 ubuntu CRON[4345]: pam_unix(cron:session): session opened for user root by (uid=0)
5月 15 22:39:01 ubuntu CRON[4346]: (root) CMD (  [ -x /usr/lib/php/sessionclean ] && if [ ! -d /run/systemd/system ]; then /usr/lib/php/sessionclean; fi)
5月 15 22:39:01 ubuntu CRON[4345]: pam_unix(cron:session): session closed for user root
5月 15 22:59:14 ubuntu systemd[1]: Stopping Regular background program processing daemon...
5月 15 22:59:14 ubuntu systemd[1]: cron.service: Succeeded.
5月 15 22:59:14 ubuntu systemd[1]: Stopped Regular background program processing daemon.
-- Reboot --
5月 31 15:28:44 ubuntu systemd[1]: Started Regular background program processing daemon.
5月 31 15:28:44 ubuntu cron[815]: (CRON) INFO (pidfile fd = 3)
5月 31 15:28:44 ubuntu cron[815]: (CRON) INFO (Running @reboot jobs)
5月 31 15:30:01 ubuntu CRON[1629]: pam_unix(cron:session): session opened for user root by (uid=0)
5月 31 15:30:01 ubuntu CRON[1630]: (root) CMD ([ -x /etc/init.d/anacron ] && if [ ! -d /run/systemd/system ]; then /usr/sbin/invoke-rc.d anacron start >/dev/null; fi)
5月 31 15:30:01 ubuntu CRON[1629]: pam_unix(cron:session): session closed for user root
5月 31 15:39:01 ubuntu CRON[4187]: pam_unix(cron:session): session opened for user root by (uid=0)
5月 31 15:39:01 ubuntu CRON[4188]: (root) CMD (  [ -x /usr/lib/php/sessionclean ] && if [ ! -d /run/systemd/system ]; then /usr/lib/php/sessionclean; fi)
5月 31 15:39:01 ubuntu CRON[4187]: pam_unix(cron:session): session closed for user root
5月 31 16:09:01 ubuntu CRON[17586]: pam_unix(cron:session): session opened for user root by (uid=0)
5月 31 16:09:01 ubuntu CRON[17587]: (root) CMD (  [ -x /usr/lib/php/sessionclean ] && if [ ! -d /run/systemd/system ]; then /usr/lib/php/sessionclean; fi)
5月 31 16:09:01 ubuntu CRON[17586]: pam_unix(cron:session): session closed for user root
5月 31 16:17:01 ubuntu CRON[17645]: pam_unix(cron:session): session opened for user root by (uid=0)
5月 31 16:17:01 ubuntu CRON[17646]: (root) CMD (   cd / && run-parts --report /etc/cron.hourly)
5月 31 16:17:01 ubuntu CRON[17645]: pam_unix(cron:session): session closed for user root
5月 31 16:19:37 ubuntu systemd[1]: Stopping Regular background program processing daemon...
5月 31 16:19:37 ubuntu systemd[1]: cron.service: Succeeded.
5月 31 16:19:37 ubuntu systemd[1]: Stopped Regular background program processing daemon.
-- Reboot --
5月 31 16:19:54 ubuntu systemd[1]: Started Regular background program processing daemon.
5月 31 16:19:54 ubuntu cron[868]: (CRON) INFO (pidfile fd = 3)
5月 31 16:19:54 ubuntu cron[868]: (CRON) INFO (Running @reboot jobs)
5月 31 16:30:01 ubuntu CRON[2989]: pam_unix(cron:session): session opened for user root by (uid=0)
5月 31 16:30:01 ubuntu CRON[2989]: pam_unix(cron:session): session closed for user root
5月 31 16:39:01 ubuntu CRON[3953]: pam_unix(cron:session): session opened for user root by (uid=0)
5月 31 16:39:01 ubuntu CRON[3954]: (root) CMD (  [ -x /usr/lib/php/sessionclean ] && if [ ! -d /run/systemd/system ]; then /usr/lib/php/sessionclean; fi)
5月 31 16:39:01 ubuntu CRON[3953]: pam_unix(cron:session): session closed for user root
5月 31 17:09:01 ubuntu CRON[6501]: pam_unix(cron:session): session opened for user root by (uid=0)
5月 31 17:09:01 ubuntu CRON[6502]: (root) CMD (  [ -x /usr/lib/php/sessionclean ] && if [ ! -d /run/systemd/system ]; then /usr/lib/php/sessionclean; fi)
5月 31 17:09:01 ubuntu CRON[6501]: pam_unix(cron:session): session closed for user root
5月 31 17:17:01 ubuntu CRON[6741]: pam_unix(cron:session): session opened for user root by (uid=0)
5月 31 17:17:01 ubuntu CRON[6742]: (root) CMD (   cd / && run-parts --report /etc/cron.hourly)
5月 31 17:17:01 ubuntu CRON[6741]: pam_unix(cron:session): session closed for user root
5月 31 17:30:01 ubuntu CRON[7066]: pam_unix(cron:session): session opened for user root by (uid=0)
5月 31 17:30:01 ubuntu CRON[7067]: (root) CMD ([ -x /etc/init.d/anacron ] && if [ ! -d /run/systemd/system ]; then /usr/sbin/invoke-rc.d anacron start >/dev/null; fi)
5月 31 17:30:01 ubuntu CRON[7066]: pam_unix(cron:session): session closed for user root
5月 31 17:39:01 ubuntu CRON[7531]: pam_unix(cron:session): session opened for user root by (uid=0)
5月 31 17:39:01 ubuntu CRON[7532]: (root) CMD (  [ -x /usr/lib/php/sessionclean ] && if [ ! -d /run/systemd/system ]; then /usr/lib/php/sessionclean; fi)
5月 31 17:39:01 ubuntu CRON[7531]: pam_unix(cron:session): session closed for user root
5月 31 18:09:01 ubuntu CRON[8321]: pam_unix(cron:session): session opened for user root by (uid=0)
5月 31 18:09:01 ubuntu CRON[8322]: (root) CMD (  [ -x /usr/lib/php/sessionclean ] && if [ ! -d /run/systemd/system ]; then /usr/lib/php/sessionclean; fi)
5月 31 18:09:01 ubuntu CRON[8321]: pam_unix(cron:session): session closed for user root
5月 31 18:17:01 ubuntu CRON[8611]: pam_unix(cron:session): session opened for user root by (uid=0)
5月 31 18:17:01 ubuntu CRON[8612]: (root) CMD (   cd / && run-parts --report /etc/cron.hourly)
5月 31 18:17:01 ubuntu CRON[8611]: pam_unix(cron:session): session closed for user root
5月 31 18:30:01 ubuntu CRON[9527]: pam_unix(cron:session): session opened for user root by (uid=0)
5月 31 18:30:01 ubuntu CRON[9528]: (root) CMD ([ -x /etc/init.d/anacron ] && if [ ! -d /run/systemd/system ]; then /usr/sbin/invoke-rc.d anacron start >/dev/null; fi)
5月 31 18:30:01 ubuntu CRON[9527]: pam_unix(cron:session): session closed for user root
-- Reboot --
5月 31 21:00:55 ubuntu systemd[1]: Started Regular background program processing daemon.
5月 31 21:00:55 ubuntu cron[844]: (CRON) INFO (pidfile fd = 3)
5月 31 21:00:55 ubuntu cron[844]: (CRON) INFO (Running @reboot jobs)
5月 31 21:09:02 ubuntu CRON[4709]: pam_unix(cron:session): session opened for user root by (uid=0)
5月 31 21:09:02 ubuntu CRON[4710]: (root) CMD (  [ -x /usr/lib/php/sessionclean ] && if [ ! -d /run/systemd/system ]; then /usr/lib/php/sessionclean; fi)
5月 31 21:09:02 ubuntu CRON[4709]: pam_unix(cron:session): session closed for user root
5月 31 21:17:01 ubuntu CRON[6095]: pam_unix(cron:session): session opened for user root by (uid=0)
5月 31 21:17:01 ubuntu CRON[6096]: (root) CMD (   cd / && run-parts --report /etc/cron.hourly)
5月 31 21:17:01 ubuntu CRON[6095]: pam_unix(cron:session): session closed for user root
5月 31 21:30:01 ubuntu CRON[6512]: pam_unix(cron:session): session opened for user root by (uid=0)
5月 31 21:30:01 ubuntu CRON[6513]: (root) CMD ([ -x /etc/init.d/anacron ] && if [ ! -d /run/systemd/system ]; then /usr/sbin/invoke-rc.d anacron start >/dev/null; fi)
5月 31 21:30:01 ubuntu CRON[6512]: pam_unix(cron:session): session closed for user root
5月 31 21:39:01 ubuntu CRON[7442]: pam_unix(cron:session): session opened for user root by (uid=0)
5月 31 21:39:01 ubuntu CRON[7443]: (root) CMD (  [ -x /usr/lib/php/sessionclean ] && if [ ! -d /run/systemd/system ]; then /usr/lib/php/sessionclean; fi)
5月 31 21:39:01 ubuntu CRON[7442]: pam_unix(cron:session): session closed for user root
5月 31 22:09:01 ubuntu CRON[9840]: pam_unix(cron:session): session opened for user root by (uid=0)
5月 31 22:09:01 ubuntu CRON[9841]: (root) CMD (  [ -x /usr/lib/php/sessionclean ] && if [ ! -d /run/systemd/system ]; then /usr/lib/php/sessionclean; fi)
5月 31 22:09:01 ubuntu CRON[9840]: pam_unix(cron:session): session closed for user root
5月 31 22:17:01 ubuntu CRON[10191]: pam_unix(cron:session): session opened for user root by (uid=0)
5月 31 22:17:01 ubuntu CRON[10192]: (root) CMD (   cd / && run-parts --report /etc/cron.hourly)
5月 31 22:17:01 ubuntu CRON[10191]: pam_unix(cron:session): session closed for user root
5月 31 22:30:01 ubuntu CRON[10601]: pam_unix(cron:session): session opened for user root by (uid=0)
5月 31 22:30:01 ubuntu CRON[10602]: (root) CMD ([ -x /etc/init.d/anacron ] && if [ ! -d /run/systemd/system ]; then /usr/sbin/invoke-rc.d anacron start >/dev/null; fi)
5月 31 22:30:01 ubuntu CRON[10601]: pam_unix(cron:session): session closed for user root
5月 31 22:39:01 ubuntu CRON[10676]: pam_unix(cron:session): session opened for user root by (uid=0)
5月 31 22:39:01 ubuntu CRON[10677]: (root) CMD (  [ -x /usr/lib/php/sessionclean ] && if [ ! -d /run/systemd/system ]; then /usr/lib/php/sessionclean; fi)
5月 31 22:39:01 ubuntu CRON[10676]: pam_unix(cron:session): session closed for user root
-- Reboot --
6月 01 23:20:20 ubuntu systemd[1]: Started Regular background program processing daemon.
6月 01 23:20:20 ubuntu cron[864]: (CRON) INFO (pidfile fd = 3)
6月 01 23:20:20 ubuntu cron[864]: (CRON) INFO (Running @reboot jobs)
6月 01 23:30:01 ubuntu CRON[6172]: pam_unix(cron:session): session opened for user root by (uid=0)
6月 01 23:30:01 ubuntu CRON[6173]: (root) CMD ([ -x /etc/init.d/anacron ] && if [ ! -d /run/systemd/system ]; then /usr/sbin/invoke-rc.d anacron start >/dev/null; fi)
6月 01 23:30:01 ubuntu CRON[6172]: pam_unix(cron:session): session closed for user root
6月 01 23:39:01 ubuntu CRON[8645]: pam_unix(cron:session): session opened for user root by (uid=0)
6月 01 23:39:01 ubuntu CRON[8646]: (root) CMD (  [ -x /usr/lib/php/sessionclean ] && if [ ! -d /run/systemd/system ]; then /usr/lib/php/sessionclean; fi)
6月 01 23:39:01 ubuntu CRON[8645]: pam_unix(cron:session): session closed for user root
6月 02 00:09:01 ubuntu CRON[10110]: pam_unix(cron:session): session opened for user root by (uid=0)
6月 02 00:09:01 ubuntu CRON[10111]: (root) CMD (  [ -x /usr/lib/php/sessionclean ] && if [ ! -d /run/systemd/system ]; then /usr/lib/php/sessionclean; fi)
6月 02 00:09:01 ubuntu CRON[10110]: pam_unix(cron:session): session closed for user root
6月 02 00:17:01 ubuntu CRON[10431]: pam_unix(cron:session): session opened for user root by (uid=0)
6月 02 00:17:01 ubuntu CRON[10432]: (root) CMD (   cd / && run-parts --report /etc/cron.hourly)
6月 02 00:17:01 ubuntu CRON[10431]: pam_unix(cron:session): session closed for user root
6月 02 00:27:49 ubuntu systemd[1]: Stopping Regular background program processing daemon...
6月 02 00:27:49 ubuntu systemd[1]: cron.service: Succeeded.
6月 02 00:27:49 ubuntu systemd[1]: Stopped Regular background program processing daemon.
-- Reboot --
6月 06 14:12:34 ubuntu systemd[1]: Started Regular background program processing daemon.
6月 06 14:12:34 ubuntu cron[864]: (CRON) INFO (pidfile fd = 3)
6月 06 14:12:34 ubuntu cron[864]: (CRON) INFO (Running @reboot jobs)
6月 06 14:17:01 ubuntu CRON[5491]: pam_unix(cron:session): session opened for user root by (uid=0)
6月 06 14:17:01 ubuntu CRON[5492]: (root) CMD (   cd / && run-parts --report /etc/cron.hourly)
6月 06 14:17:01 ubuntu CRON[5491]: pam_unix(cron:session): session closed for user root
6月 06 14:30:01 ubuntu CRON[6886]: pam_unix(cron:session): session opened for user root by (uid=0)
6月 06 14:30:01 ubuntu CRON[6887]: (root) CMD ([ -x /etc/init.d/anacron ] && if [ ! -d /run/systemd/system ]; then /usr/sbin/invoke-rc.d anacron start >/dev/null; fi)
6月 06 14:30:02 ubuntu CRON[6886]: pam_unix(cron:session): session closed for user root
6月 06 14:39:01 ubuntu CRON[7923]: pam_unix(cron:session): session opened for user root by (uid=0)
6月 06 14:39:01 ubuntu CRON[7924]: (root) CMD (  [ -x /usr/lib/php/sessionclean ] && if [ ! -d /run/systemd/system ]; then /usr/lib/php/sessionclean; fi)
6月 06 14:39:01 ubuntu CRON[7923]: pam_unix(cron:session): session closed for user root
6月 06 15:09:01 ubuntu CRON[11943]: pam_unix(cron:session): session opened for user root by (uid=0)
6月 06 15:09:01 ubuntu CRON[11944]: (root) CMD (  [ -x /usr/lib/php/sessionclean ] && if [ ! -d /run/systemd/system ]; then /usr/lib/php/sessionclean; fi)
6月 06 15:09:01 ubuntu CRON[11943]: pam_unix(cron:session): session closed for user root
6月 06 15:17:01 ubuntu CRON[12932]: pam_unix(cron:session): session opened for user root by (uid=0)
6月 06 15:17:01 ubuntu CRON[12933]: (root) CMD (   cd / && run-parts --report /etc/cron.hourly)
6月 06 15:17:01 ubuntu CRON[12932]: pam_unix(cron:session): session closed for user root
6月 06 15:30:01 ubuntu CRON[13988]: pam_unix(cron:session): session opened for user root by (uid=0)
6月 06 15:30:01 ubuntu CRON[13989]: (root) CMD ([ -x /etc/init.d/anacron ] && if [ ! -d /run/systemd/system ]; then /usr/sbin/invoke-rc.d anacron start >/dev/null; fi)
6月 06 15:30:01 ubuntu CRON[13988]: pam_unix(cron:session): session closed for user root
6月 06 15:33:45 ubuntu systemd[1]: Stopping Regular background program processing daemon...
6月 06 15:33:45 ubuntu systemd[1]: cron.service: Succeeded.
6月 06 15:33:45 ubuntu systemd[1]: Stopped Regular background program processing daemon.
-- Reboot --
6月 06 15:39:28 ubuntu systemd[1]: Started Regular background program processing daemon.
6月 06 15:39:28 ubuntu cron[867]: (CRON) INFO (pidfile fd = 3)
6月 06 15:39:28 ubuntu cron[867]: (CRON) INFO (Running @reboot jobs)
6月 06 15:42:24 ubuntu systemd[1]: Stopping Regular background program processing daemon...
6月 06 15:42:24 ubuntu systemd[1]: cron.service: Succeeded.
6月 06 15:42:24 ubuntu systemd[1]: Stopped Regular background program processing daemon.
-- Reboot --
6月 06 15:44:09 ubuntu systemd[1]: Started Regular background program processing daemon.
6月 06 15:44:09 ubuntu cron[802]: (CRON) INFO (pidfile fd = 3)
6月 06 15:44:09 ubuntu cron[802]: (CRON) INFO (Running @reboot jobs)
-- Reboot --
6月 15 14:08:49 ubuntu systemd[1]: Started Regular background program processing daemon.
6月 15 14:08:49 ubuntu cron[863]: (CRON) INFO (pidfile fd = 3)
6月 15 14:08:49 ubuntu cron[863]: (CRON) INFO (Running @reboot jobs)
6月 15 14:09:06 ubuntu CRON[1517]: pam_unix(cron:session): session opened for user root by (uid=0)
6月 15 14:09:06 ubuntu CRON[1518]: (root) CMD (  [ -x /usr/lib/php/sessionclean ] && if [ ! -d /run/systemd/system ]; then /usr/lib/php/sessionclean; fi)
6月 15 14:09:06 ubuntu CRON[1517]: pam_unix(cron:session): session closed for user root
6月 15 14:17:01 ubuntu CRON[1974]: pam_unix(cron:session): session opened for user root by (uid=0)
6月 15 14:17:01 ubuntu CRON[1975]: (root) CMD (   cd / && run-parts --report /etc/cron.hourly)
6月 15 14:17:01 ubuntu CRON[1974]: pam_unix(cron:session): session closed for user root
6月 15 14:30:01 ubuntu CRON[2455]: pam_unix(cron:session): session opened for user root by (uid=0)
6月 15 14:30:01 ubuntu CRON[2456]: (root) CMD ([ -x /etc/init.d/anacron ] && if [ ! -d /run/systemd/system ]; then /usr/sbin/invoke-rc.d anacron start >/dev/null; fi)
6月 15 14:30:01 ubuntu CRON[2455]: pam_unix(cron:session): session closed for user root
6月 15 14:39:01 ubuntu CRON[2476]: pam_unix(cron:session): session opened for user root by (uid=0)
6月 15 14:39:01 ubuntu CRON[2477]: (root) CMD (  [ -x /usr/lib/php/sessionclean ] && if [ ! -d /run/systemd/system ]; then /usr/lib/php/sessionclean; fi)
6月 15 14:39:01 ubuntu CRON[2476]: pam_unix(cron:session): session closed for user root
6月 15 15:09:01 ubuntu CRON[2675]: pam_unix(cron:session): session opened for user root by (uid=0)
6月 15 15:09:01 ubuntu CRON[2676]: (root) CMD (  [ -x /usr/lib/php/sessionclean ] && if [ ! -d /run/systemd/system ]; then /usr/lib/php/sessionclean; fi)
6月 15 15:09:01 ubuntu CRON[2675]: pam_unix(cron:session): session closed for user root
6月 15 15:17:01 ubuntu CRON[6119]: pam_unix(cron:session): session opened for user root by (uid=0)
6月 15 15:17:01 ubuntu CRON[6120]: (root) CMD (   cd / && run-parts --report /etc/cron.hourly)
6月 15 15:17:01 ubuntu CRON[6119]: pam_unix(cron:session): session closed for user root
6月 15 15:30:01 ubuntu CRON[6826]: pam_unix(cron:session): session opened for user root by (uid=0)
6月 15 15:30:01 ubuntu CRON[6827]: (root) CMD ([ -x /etc/init.d/anacron ] && if [ ! -d /run/systemd/system ]; then /usr/sbin/invoke-rc.d anacron start >/dev/null; fi)
6月 15 15:30:01 ubuntu CRON[6826]: pam_unix(cron:session): session closed for user root
6月 15 15:39:01 ubuntu CRON[6854]: pam_unix(cron:session): session opened for user root by (uid=0)
6月 15 15:39:01 ubuntu CRON[6855]: (root) CMD (  [ -x /usr/lib/php/sessionclean ] && if [ ! -d /run/systemd/system ]; then /usr/lib/php/sessionclean; fi)
6月 15 15:39:01 ubuntu CRON[6854]: pam_unix(cron:session): session closed for user root
6月 15 16:09:01 ubuntu CRON[7102]: pam_unix(cron:session): session opened for user root by (uid=0)
6月 15 16:09:01 ubuntu CRON[7103]: (root) CMD (  [ -x /usr/lib/php/sessionclean ] && if [ ! -d /run/systemd/system ]; then /usr/lib/php/sessionclean; fi)
6月 15 16:09:01 ubuntu CRON[7102]: pam_unix(cron:session): session closed for user root
6月 15 16:17:01 ubuntu CRON[7192]: pam_unix(cron:session): session opened for user root by (uid=0)
6月 15 16:17:01 ubuntu CRON[7193]: (root) CMD (   cd / && run-parts --report /etc/cron.hourly)
6月 15 16:17:01 ubuntu CRON[7192]: pam_unix(cron:session): session closed for user root
6月 15 16:30:01 ubuntu CRON[7251]: pam_unix(cron:session): session opened for user root by (uid=0)
6月 15 16:30:01 ubuntu CRON[7252]: (root) CMD ([ -x /etc/init.d/anacron ] && if [ ! -d /run/systemd/system ]; then /usr/sbin/invoke-rc.d anacron start >/dev/null; fi)
6月 15 16:30:01 ubuntu CRON[7251]: pam_unix(cron:session): session closed for user root
6月 15 16:32:38 ubuntu systemd[1]: Stopping Regular background program processing daemon...
6月 15 16:32:38 ubuntu systemd[1]: cron.service: Succeeded.
6月 15 16:32:38 ubuntu systemd[1]: Stopped Regular background program processing daemon.
-- Reboot --
6月 16 14:48:28 ubuntu systemd[1]: Started Regular background program processing daemon.
6月 16 14:48:28 ubuntu cron[805]: (CRON) INFO (pidfile fd = 3)
6月 16 14:48:28 ubuntu cron[805]: (CRON) INFO (Running @reboot jobs)
6月 16 15:09:01 ubuntu CRON[4996]: pam_unix(cron:session): session opened for user root by (uid=0)
6月 16 15:09:01 ubuntu CRON[4997]: (root) CMD (  [ -x /usr/lib/php/sessionclean ] && if [ ! -d /run/systemd/system ]; then /usr/lib/php/sessionclean; fi)
6月 16 15:09:01 ubuntu CRON[4996]: pam_unix(cron:session): session closed for user root
6月 16 15:17:01 ubuntu CRON[5485]: pam_unix(cron:session): session opened for user root by (uid=0)
6月 16 15:17:01 ubuntu CRON[5486]: (root) CMD (   cd / && run-parts --report /etc/cron.hourly)
6月 16 15:17:01 ubuntu CRON[5485]: pam_unix(cron:session): session closed for user root
-- Reboot --
2月 25 16:36:14 ubuntu systemd[1]: Started Regular background program processing daemon.
2月 25 16:36:14 ubuntu cron[806]: (CRON) INFO (pidfile fd = 3)
2月 25 16:36:14 ubuntu cron[806]: (CRON) INFO (Running @reboot jobs)
2月 25 16:39:01 ubuntu CRON[5214]: pam_unix(cron:session): session opened for user root by (uid=0)
2月 25 16:39:01 ubuntu CRON[5215]: (root) CMD (  [ -x /usr/lib/php/sessionclean ] && if [ ! -d /run/systemd/system ]; then /usr/lib/php/sessionclean; fi)
2月 25 16:39:01 ubuntu CRON[5214]: pam_unix(cron:session): session closed for user root
2月 25 17:09:01 ubuntu CRON[8075]: pam_unix(cron:session): session opened for user root by (uid=0)
2月 25 17:09:01 ubuntu CRON[8076]: (root) CMD (  [ -x /usr/lib/php/sessionclean ] && if [ ! -d /run/systemd/system ]; then /usr/lib/php/sessionclean; fi)
2月 25 17:09:01 ubuntu CRON[8075]: pam_unix(cron:session): session closed for user root
2月 25 17:17:01 ubuntu CRON[8159]: pam_unix(cron:session): session opened for user root by (uid=0)
2月 25 17:17:01 ubuntu CRON[8160]: (root) CMD (   cd / && run-parts --report /etc/cron.hourly)
2月 25 17:17:01 ubuntu CRON[8159]: pam_unix(cron:session): session closed for user root
2月 25 17:30:01 ubuntu CRON[8397]: pam_unix(cron:session): session opened for user root by (uid=0)
2月 25 17:30:01 ubuntu CRON[8398]: (root) CMD ([ -x /etc/init.d/anacron ] && if [ ! -d /run/systemd/system ]; then /usr/sbin/invoke-rc.d anacron start >/dev/null; fi)
2月 25 17:30:02 ubuntu CRON[8397]: pam_unix(cron:session): session closed for user root
-- Reboot --
3月 27 17:52:48 ubuntu systemd[1]: Started Regular background program processing daemon.
3月 27 17:52:48 ubuntu cron[803]: (CRON) INFO (pidfile fd = 3)
3月 27 17:52:48 ubuntu cron[803]: (CRON) INFO (Running @reboot jobs)
-- Reboot --
3月 30 14:05:42 ubuntu systemd[1]: Started Regular background program processing daemon.
3月 30 14:05:42 ubuntu cron[800]: (CRON) INFO (pidfile fd = 3)
3月 30 14:05:42 ubuntu cron[800]: (CRON) INFO (Running @reboot jobs)
3月 30 14:09:01 ubuntu CRON[1941]: pam_unix(cron:session): session opened for user root by (uid=0)
3月 30 14:09:01 ubuntu CRON[1942]: (root) CMD (  [ -x /usr/lib/php/sessionclean ] && if [ ! -d /run/systemd/system ]; then /usr/lib/php/sessionclean; fi)
3月 30 14:09:01 ubuntu CRON[1941]: pam_unix(cron:session): session closed for user root
3月 30 14:17:01 ubuntu CRON[4796]: pam_unix(cron:session): session opened for user root by (uid=0)
3月 30 14:17:01 ubuntu CRON[4797]: (root) CMD (   cd / && run-parts --report /etc/cron.hourly)
3月 30 14:17:01 ubuntu CRON[4796]: pam_unix(cron:session): session closed for user root
3月 30 14:30:01 ubuntu CRON[6043]: pam_unix(cron:session): session opened for user root by (uid=0)
3月 30 14:30:01 ubuntu CRON[6044]: (root) CMD ([ -x /etc/init.d/anacron ] && if [ ! -d /run/systemd/system ]; then /usr/sbin/invoke-rc.d anacron start >/dev/null; fi)
3月 30 14:30:01 ubuntu CRON[6043]: pam_unix(cron:session): session closed for user root
3月 30 14:39:01 ubuntu CRON[6223]: pam_unix(cron:session): session opened for user root by (uid=0)
3月 30 14:39:01 ubuntu CRON[6224]: (root) CMD (  [ -x /usr/lib/php/sessionclean ] && if [ ! -d /run/systemd/system ]; then /usr/lib/php/sessionclean; fi)
3月 30 14:39:01 ubuntu CRON[6223]: pam_unix(cron:session): session closed for user root
3月 30 14:44:04 ubuntu systemd[1]: Stopping Regular background program processing daemon...
3月 30 14:44:04 ubuntu systemd[1]: cron.service: Succeeded.
3月 30 14:44:04 ubuntu systemd[1]: Stopped Regular background program processing daemon.
-- Reboot --
3月 30 14:44:33 ubuntu systemd[1]: Started Regular background program processing daemon.
3月 30 14:44:33 ubuntu cron[803]: (CRON) INFO (pidfile fd = 3)
3月 30 14:44:33 ubuntu cron[803]: (CRON) INFO (Running @reboot jobs)
3月 30 14:51:17 ubuntu systemd[1]: Stopping Regular background program processing daemon...
3月 30 14:51:17 ubuntu systemd[1]: cron.service: Succeeded.
3月 30 14:51:17 ubuntu systemd[1]: Stopped Regular background program processing daemon.
-- Reboot --
3月 30 15:12:19 ubuntu systemd[1]: Started Regular background program processing daemon.
3月 30 15:12:19 ubuntu cron[803]: (CRON) INFO (pidfile fd = 3)
3月 30 15:12:19 ubuntu cron[803]: (CRON) INFO (Running @reboot jobs)
3月 30 15:12:58 ubuntu systemd[1]: Stopping Regular background program processing daemon...
3月 30 15:12:58 ubuntu systemd[1]: cron.service: Succeeded.
3月 30 15:12:58 ubuntu systemd[1]: Stopped Regular background program processing daemon.
-- Reboot --
3月 30 15:18:40 ubuntu systemd[1]: Started Regular background program processing daemon.
3月 30 15:18:40 ubuntu cron[802]: (CRON) INFO (pidfile fd = 3)
3月 30 15:18:40 ubuntu cron[802]: (CRON) INFO (Running @reboot jobs)
3月 30 15:19:57 ubuntu systemd[1]: Stopping Regular background program processing daemon...
3月 30 15:19:57 ubuntu systemd[1]: cron.service: Succeeded.
3月 30 15:19:57 ubuntu systemd[1]: Stopped Regular background program processing daemon.
-- Reboot --
3月 30 22:57:13 ubuntu systemd[1]: Started Regular background program processing daemon.
3月 30 22:57:13 ubuntu cron[855]: (CRON) INFO (pidfile fd = 3)
3月 30 22:57:13 ubuntu cron[855]: (CRON) INFO (Running @reboot jobs)
3月 30 22:59:12 ubuntu systemd[1]: Stopping Regular background program processing daemon...
3月 30 22:59:12 ubuntu systemd[1]: cron.service: Succeeded.
3月 30 22:59:12 ubuntu systemd[1]: Stopped Regular background program processing daemon.
-- Reboot --
3月 30 23:00:45 ubuntu systemd[1]: Started Regular background program processing daemon.
3月 30 23:00:45 ubuntu cron[806]: (CRON) INFO (pidfile fd = 3)
3月 30 23:00:45 ubuntu cron[806]: (CRON) INFO (Running @reboot jobs)
3月 30 23:02:22 ubuntu systemd[1]: Stopping Regular background program processing daemon...
3月 30 23:02:22 ubuntu systemd[1]: cron.service: Succeeded.
3月 30 23:02:22 ubuntu systemd[1]: Stopped Regular background program processing daemon.
-- Reboot --
3月 30 23:05:26 ubuntu systemd[1]: Started Regular background program processing daemon.
3月 30 23:05:26 ubuntu cron[848]: (CRON) INFO (pidfile fd = 3)
3月 30 23:05:26 ubuntu cron[848]: (CRON) INFO (Running @reboot jobs)
3月 30 23:09:01 ubuntu CRON[3910]: pam_unix(cron:session): session opened for user root by (uid=0)
3月 30 23:09:01 ubuntu CRON[3911]: (root) CMD (  [ -x /usr/lib/php/sessionclean ] && if [ ! -d /run/systemd/system ]; then /usr/lib/php/sessionclean; fi)
3月 30 23:09:01 ubuntu CRON[3910]: pam_unix(cron:session): session closed for user root
3月 30 23:14:08 ubuntu systemd[1]: Stopping Regular background program processing daemon...
3月 30 23:14:09 ubuntu systemd[1]: cron.service: Succeeded.
3月 30 23:14:09 ubuntu systemd[1]: Stopped Regular background program processing daemon.
-- Reboot --
3月 31 18:40:19 ubuntu systemd[1]: Started Regular background program processing daemon.
3月 31 18:40:19 ubuntu cron[863]: (CRON) INFO (pidfile fd = 3)
3月 31 18:40:19 ubuntu cron[863]: (CRON) INFO (Running @reboot jobs)
3月 31 18:53:35 ubuntu systemd[1]: Stopping Regular background program processing daemon...
3月 31 18:53:35 ubuntu systemd[1]: cron.service: Succeeded.
3月 31 18:53:35 ubuntu systemd[1]: Stopped Regular background program processing daemon.
-- Reboot --
3月 31 18:54:16 ubuntu systemd[1]: Started Regular background program processing daemon.
3月 31 18:54:16 ubuntu cron[859]: (CRON) INFO (pidfile fd = 3)
3月 31 18:54:16 ubuntu cron[859]: (CRON) INFO (Running @reboot jobs)
3月 31 19:01:42 ubuntu systemd[1]: Stopping Regular background program processing daemon...
3月 31 19:01:42 ubuntu systemd[1]: cron.service: Succeeded.
3月 31 19:01:42 ubuntu systemd[1]: Stopped Regular background program processing daemon.
-- Reboot --
3月 31 19:04:01 ubuntu systemd[1]: Started Regular background program processing daemon.
3月 31 19:04:01 ubuntu cron[805]: (CRON) INFO (pidfile fd = 3)
3月 31 19:04:01 ubuntu cron[805]: (CRON) INFO (Running @reboot jobs)
3月 31 19:09:01 ubuntu CRON[3313]: pam_unix(cron:session): session opened for user root by (uid=0)
3月 31 19:09:01 ubuntu CRON[3314]: (root) CMD (  [ -x /usr/lib/php/sessionclean ] && if [ ! -d /run/systemd/system ]; then /usr/lib/php/sessionclean; fi)
3月 31 19:09:01 ubuntu CRON[3313]: pam_unix(cron:session): session closed for user root
3月 31 19:17:01 ubuntu CRON[3654]: pam_unix(cron:session): session opened for user root by (uid=0)
3月 31 19:17:01 ubuntu CRON[3655]: (root) CMD (   cd / && run-parts --report /etc/cron.hourly)
3月 31 19:17:01 ubuntu CRON[3654]: pam_unix(cron:session): session closed for user root
3月 31 19:26:10 ubuntu systemd[1]: Stopping Regular background program processing daemon...
3月 31 19:26:10 ubuntu systemd[1]: cron.service: Succeeded.
3月 31 19:26:10 ubuntu systemd[1]: Stopped Regular background program processing daemon.
-- Reboot --
3月 31 19:27:35 ubuntu cron[860]: (CRON) INFO (pidfile fd = 3)
3月 31 19:27:35 ubuntu systemd[1]: Started Regular background program processing daemon.
3月 31 19:27:35 ubuntu cron[860]: (CRON) INFO (Running @reboot jobs)
3月 31 19:30:01 ubuntu CRON[2888]: pam_unix(cron:session): session opened for user root by (uid=0)
3月 31 19:30:01 ubuntu CRON[2889]: (root) CMD ([ -x /etc/init.d/anacron ] && if [ ! -d /run/systemd/system ]; then /usr/sbin/invoke-rc.d anacron start >/dev/null; fi)
3月 31 19:30:01 ubuntu CRON[2888]: pam_unix(cron:session): session closed for user root
3月 31 19:39:01 ubuntu CRON[3810]: pam_unix(cron:session): session opened for user root by (uid=0)
3月 31 19:39:01 ubuntu CRON[3810]: pam_unix(cron:session): session closed for user root
-- Reboot --
3月 31 19:43:30 ubuntu systemd[1]: Started Regular background program processing daemon.
3月 31 19:43:30 ubuntu cron[800]: (CRON) INFO (pidfile fd = 3)
3月 31 19:43:30 ubuntu cron[800]: (CRON) INFO (Running @reboot jobs)
3月 31 19:57:56 ubuntu systemd[1]: Stopping Regular background program processing daemon...
3月 31 19:57:56 ubuntu systemd[1]: cron.service: Succeeded.
3月 31 19:57:56 ubuntu systemd[1]: Stopped Regular background program processing daemon.
-- Reboot --
3月 31 19:58:19 ubuntu systemd[1]: Started Regular background program processing daemon.
3月 31 19:58:19 ubuntu cron[842]: (CRON) INFO (pidfile fd = 3)
3月 31 19:58:20 ubuntu cron[842]: (CRON) INFO (Running @reboot jobs)
3月 31 20:09:01 ubuntu CRON[3790]: pam_unix(cron:session): session opened for user root by (uid=0)
3月 31 20:09:01 ubuntu CRON[3791]: (root) CMD (  [ -x /usr/lib/php/sessionclean ] && if [ ! -d /run/systemd/system ]; then /usr/lib/php/sessionclean; fi)
3月 31 20:09:01 ubuntu CRON[3790]: pam_unix(cron:session): session closed for user root
3月 31 20:09:57 ubuntu systemd[1]: Stopping Regular background program processing daemon...
3月 31 20:09:57 ubuntu systemd[1]: cron.service: Succeeded.
3月 31 20:09:57 ubuntu systemd[1]: Stopped Regular background program processing daemon.
-- Reboot --
3月 31 20:24:35 ubuntu systemd[1]: Started Regular background program processing daemon.
3月 31 20:24:35 ubuntu cron[858]: (CRON) INFO (pidfile fd = 3)
3月 31 20:24:35 ubuntu cron[858]: (CRON) INFO (Running @reboot jobs)
3月 31 20:30:01 ubuntu CRON[3316]: pam_unix(cron:session): session opened for user root by (uid=0)
3月 31 20:30:01 ubuntu CRON[3317]: (root) CMD ([ -x /etc/init.d/anacron ] && if [ ! -d /run/systemd/system ]; then /usr/sbin/invoke-rc.d anacron start >/dev/null; fi)
3月 31 20:30:01 ubuntu CRON[3316]: pam_unix(cron:session): session closed for user root
3月 31 20:39:01 ubuntu CRON[3421]: pam_unix(cron:session): session opened for user root by (uid=0)
3月 31 20:39:01 ubuntu CRON[3422]: (root) CMD (  [ -x /usr/lib/php/sessionclean ] && if [ ! -d /run/systemd/system ]; then /usr/lib/php/sessionclean; fi)
3月 31 20:39:01 ubuntu CRON[3421]: pam_unix(cron:session): session closed for user root
3月 31 21:06:51 ubuntu systemd[1]: Stopping Regular background program processing daemon...
3月 31 21:06:51 ubuntu systemd[1]: cron.service: Succeeded.
3月 31 21:06:51 ubuntu systemd[1]: Stopped Regular background program processing daemon.
-- Reboot --
4月 02 17:05:04 ubuntu systemd[1]: Started Regular background program processing daemon.
4月 02 17:05:04 ubuntu cron[855]: (CRON) INFO (pidfile fd = 3)
4月 02 17:05:04 ubuntu cron[855]: (CRON) INFO (Running @reboot jobs)
4月 02 17:09:01 ubuntu CRON[5575]: pam_unix(cron:session): session opened for user root by (uid=0)
4月 02 17:09:01 ubuntu CRON[5576]: (root) CMD (  [ -x /usr/lib/php/sessionclean ] && if [ ! -d /run/systemd/system ]; then /usr/lib/php/sessionclean; fi)
4月 02 17:09:01 ubuntu CRON[5575]: pam_unix(cron:session): session closed for user root
4月 02 17:13:52 ubuntu systemd[1]: Stopping Regular background program processing daemon...
4月 02 17:13:52 ubuntu systemd[1]: cron.service: Succeeded.
4月 02 17:13:52 ubuntu systemd[1]: Stopped Regular background program processing daemon.
-- Reboot --
4月 14 20:21:36 ubuntu systemd[1]: Started Regular background program processing daemon.
4月 14 20:21:36 ubuntu cron[788]: (CRON) INFO (pidfile fd = 3)
4月 14 20:21:36 ubuntu cron[788]: (CRON) INFO (Running @reboot jobs)
4月 14 20:30:02 ubuntu CRON[9280]: pam_unix(cron:session): session opened for user root by (uid=0)
4月 14 20:30:02 ubuntu CRON[9281]: (root) CMD ([ -x /etc/init.d/anacron ] && if [ ! -d /run/systemd/system ]; then /usr/sbin/invoke-rc.d anacron start >/dev/null; fi)
4月 14 20:30:02 ubuntu CRON[9280]: pam_unix(cron:session): session closed for user root
4月 14 20:39:01 ubuntu CRON[9764]: pam_unix(cron:session): session opened for user root by (uid=0)
4月 14 20:39:01 ubuntu CRON[9765]: (root) CMD (  [ -x /usr/lib/php/sessionclean ] && if [ ! -d /run/systemd/system ]; then /usr/lib/php/sessionclean; fi)
4月 14 20:39:01 ubuntu CRON[9764]: pam_unix(cron:session): session closed for user root
4月 14 20:54:40 ubuntu systemd[1]: Stopping Regular background program processing daemon...
4月 14 20:54:40 ubuntu systemd[1]: cron.service: Succeeded.
4月 14 20:54:40 ubuntu systemd[1]: Stopped Regular background program processing daemon.
-- Reboot --
4月 14 20:55:48 ubuntu systemd[1]: Started Regular background program processing daemon.
4月 14 20:55:48 ubuntu cron[856]: (CRON) INFO (pidfile fd = 3)
4月 14 20:55:48 ubuntu cron[856]: (CRON) INFO (Running @reboot jobs)
4月 14 21:09:01 ubuntu CRON[5745]: pam_unix(cron:session): session opened for user root by (uid=0)
4月 14 21:09:01 ubuntu CRON[5746]: (root) CMD (  [ -x /usr/lib/php/sessionclean ] && if [ ! -d /run/systemd/system ]; then /usr/lib/php/sessionclean; fi)
4月 14 21:09:01 ubuntu CRON[5745]: pam_unix(cron:session): session closed for user root
-- Reboot --
4月 15 22:30:52 ubuntu systemd[1]: Started Regular background program processing daemon.
4月 15 22:30:52 ubuntu cron[856]: (CRON) INFO (pidfile fd = 3)
4月 15 22:30:52 ubuntu cron[856]: (CRON) INFO (Running @reboot jobs)
4月 15 22:39:01 ubuntu CRON[5411]: pam_unix(cron:session): session opened for user root by (uid=0)
4月 15 22:39:01 ubuntu CRON[5412]: (root) CMD (  [ -x /usr/lib/php/sessionclean ] && if [ ! -d /run/systemd/system ]; then /usr/lib/php/sessionclean; fi)
4月 15 22:39:01 ubuntu CRON[5411]: pam_unix(cron:session): session closed for user root
4月 15 22:43:25 ubuntu systemd[1]: Stopping Regular background program processing daemon...
4月 15 22:43:25 ubuntu systemd[1]: cron.service: Succeeded.
4月 15 22:43:25 ubuntu systemd[1]: Stopped Regular background program processing daemon.
-- Reboot --
4月 15 22:43:42 ubuntu systemd[1]: Started Regular background program processing daemon.
4月 15 22:43:42 ubuntu cron[861]: (CRON) INFO (pidfile fd = 3)
4月 15 22:43:42 ubuntu cron[861]: (CRON) INFO (Running @reboot jobs)
4月 15 23:08:20 ubuntu systemd[1]: Stopping Regular background program processing daemon...
4月 15 23:08:20 ubuntu systemd[1]: cron.service: Succeeded.
4月 15 23:08:20 ubuntu systemd[1]: Stopped Regular background program processing daemon.
-- Reboot --
4月 19 18:41:04 ubuntu systemd[1]: Started Regular background program processing daemon.
4月 19 18:41:04 ubuntu cron[806]: (CRON) INFO (pidfile fd = 3)
4月 19 18:41:05 ubuntu cron[806]: (CRON) INFO (Running @reboot jobs)
4月 19 19:04:21 ubuntu systemd[1]: Stopping Regular background program processing daemon...
4月 19 19:04:21 ubuntu systemd[1]: cron.service: Succeeded.
4月 19 19:04:21 ubuntu systemd[1]: Stopped Regular background program processing daemon.
-- Reboot --
4月 19 19:16:16 ubuntu cron[862]: (CRON) INFO (pidfile fd = 3)
4月 19 19:16:16 ubuntu systemd[1]: Started Regular background program processing daemon.
4月 19 19:16:16 ubuntu cron[862]: (CRON) INFO (Running @reboot jobs)
4月 19 19:17:00 ubuntu CRON[1944]: pam_unix(cron:session): session opened for user root by (uid=0)
4月 19 19:17:00 ubuntu CRON[1945]: (root) CMD (   cd / && run-parts --report /etc/cron.hourly)
4月 19 19:17:00 ubuntu CRON[1944]: pam_unix(cron:session): session closed for user root
4月 19 19:25:49 ubuntu systemd[1]: Stopping Regular background program processing daemon...
4月 19 19:25:49 ubuntu systemd[1]: cron.service: Succeeded.
4月 19 19:25:49 ubuntu systemd[1]: Stopped Regular background program processing daemon.
-- Reboot --
4月 21 14:58:06 ubuntu systemd[1]: Started Regular background program processing daemon.
4月 21 14:58:06 ubuntu cron[841]: (CRON) INFO (pidfile fd = 3)
4月 21 14:58:06 ubuntu cron[841]: (CRON) INFO (Running @reboot jobs)
4月 21 15:09:01 ubuntu CRON[6599]: pam_unix(cron:session): session opened for user root by (uid=0)
4月 21 15:09:01 ubuntu CRON[6600]: (root) CMD (  [ -x /usr/lib/php/sessionclean ] && if [ ! -d /run/systemd/system ]; then /usr/lib/php/sessionclean; fi)
4月 21 15:09:01 ubuntu CRON[6599]: pam_unix(cron:session): session closed for user root
4月 21 15:17:02 ubuntu CRON[6935]: pam_unix(cron:session): session opened for user root by (uid=0)
4月 21 15:17:02 ubuntu CRON[6936]: (root) CMD (   cd / && run-parts --report /etc/cron.hourly)
4月 21 15:17:02 ubuntu CRON[6935]: pam_unix(cron:session): session closed for user root
4月 21 15:30:01 ubuntu CRON[24247]: pam_unix(cron:session): session opened for user root by (uid=0)
4月 21 15:30:01 ubuntu CRON[24248]: (root) CMD ([ -x /etc/init.d/anacron ] && if [ ! -d /run/systemd/system ]; then /usr/sbin/invoke-rc.d anacron start >/dev/null; fi)
4月 21 15:30:01 ubuntu CRON[24247]: pam_unix(cron:session): session closed for user root
4月 21 15:39:01 ubuntu CRON[25855]: pam_unix(cron:session): session opened for user root by (uid=0)
4月 21 15:39:01 ubuntu CRON[25856]: (root) CMD (  [ -x /usr/lib/php/sessionclean ] && if [ ! -d /run/systemd/system ]; then /usr/lib/php/sessionclean; fi)
4月 21 15:39:01 ubuntu CRON[25855]: pam_unix(cron:session): session closed for user root
4月 21 16:09:01 ubuntu CRON[44179]: pam_unix(cron:session): session opened for user root by (uid=0)
4月 21 16:09:01 ubuntu CRON[44179]: pam_unix(cron:session): session closed for user root
4月 21 16:17:01 ubuntu CRON[44337]: pam_unix(cron:session): session opened for user root by (uid=0)
4月 21 16:17:01 ubuntu CRON[44338]: (root) CMD (   cd / && run-parts --report /etc/cron.hourly)
4月 21 16:17:01 ubuntu CRON[44337]: pam_unix(cron:session): session closed for user root
4月 21 16:30:01 ubuntu CRON[44644]: pam_unix(cron:session): session opened for user root by (uid=0)
4月 21 16:30:01 ubuntu CRON[44645]: (root) CMD ([ -x /etc/init.d/anacron ] && if [ ! -d /run/systemd/system ]; then /usr/sbin/invoke-rc.d anacron start >/dev/null; fi)
4月 21 16:30:01 ubuntu CRON[44644]: pam_unix(cron:session): session closed for user root
4月 21 16:39:01 ubuntu CRON[46975]: pam_unix(cron:session): session opened for user root by (uid=0)
4月 21 16:39:01 ubuntu CRON[46975]: pam_unix(cron:session): session closed for user root
4月 21 17:09:01 ubuntu CRON[49447]: pam_unix(cron:session): session opened for user root by (uid=0)
4月 21 17:09:01 ubuntu CRON[49447]: pam_unix(cron:session): session closed for user root
4月 21 17:17:01 ubuntu CRON[51571]: pam_unix(cron:session): session opened for user root by (uid=0)
4月 21 17:17:01 ubuntu CRON[51572]: (root) CMD (   cd / && run-parts --report /etc/cron.hourly)
4月 21 17:17:01 ubuntu CRON[51571]: pam_unix(cron:session): session closed for user root

