-- Logs begin at Sat 2022-01-08 18:32:32 CST, end at Fri 2023-04-21 17:17:40 CST. --
1月 09 21:33:15 ubuntu systemd[1]: Starting Detect the available GPUs and deal with any system changes...
1月 09 21:33:15 ubuntu systemd[1]: gpu-manager.service: Succeeded.
1月 09 21:33:15 ubuntu systemd[1]: Finished Detect the available GPUs and deal with any system changes.
-- Reboot --
3月 22 14:03:02 ubuntu systemd[1]: Starting Detect the available GPUs and deal with any system changes...
3月 22 14:03:02 ubuntu systemd[1]: gpu-manager.service: Succeeded.
3月 22 14:03:02 ubuntu systemd[1]: Finished Detect the available GPUs and deal with any system changes.
-- Reboot --
3月 22 14:13:42 ubuntu systemd[1]: Starting Detect the available GPUs and deal with any system changes...
3月 22 14:13:42 ubuntu systemd[1]: gpu-manager.service: Succeeded.
3月 22 14:13:42 ubuntu systemd[1]: Finished Detect the available GPUs and deal with any system changes.
-- Reboot --
3月 22 16:13:10 ubuntu systemd[1]: Starting Detect the available GPUs and deal with any system changes...
3月 22 16:13:10 ubuntu systemd[1]: gpu-manager.service: Succeeded.
3月 22 16:13:10 ubuntu systemd[1]: Finished Detect the available GPUs and deal with any system changes.
-- Reboot --
3月 25 10:18:04 ubuntu systemd[1]: Starting Detect the available GPUs and deal with any system changes...
3月 25 10:18:04 ubuntu systemd[1]: gpu-manager.service: Succeeded.
3月 25 10:18:04 ubuntu systemd[1]: Finished Detect the available GPUs and deal with any system changes.
-- Reboot --
3月 25 10:45:15 ubuntu systemd[1]: Starting Detect the available GPUs and deal with any system changes...
3月 25 10:45:15 ubuntu systemd[1]: gpu-manager.service: Succeeded.
3月 25 10:45:15 ubuntu systemd[1]: Finished Detect the available GPUs and deal with any system changes.
-- Reboot --
3月 28 10:02:53 ubuntu systemd[1]: Starting Detect the available GPUs and deal with any system changes...
3月 28 10:02:53 ubuntu systemd[1]: gpu-manager.service: Succeeded.
3月 28 10:02:53 ubuntu systemd[1]: Finished Detect the available GPUs and deal with any system changes.
-- Reboot --
3月 28 14:59:43 ubuntu systemd[1]: Starting Detect the available GPUs and deal with any system changes...
3月 28 14:59:44 ubuntu systemd[1]: gpu-manager.service: Succeeded.
3月 28 14:59:44 ubuntu systemd[1]: Finished Detect the available GPUs and deal with any system changes.
-- Reboot --
3月 28 16:17:45 ubuntu systemd[1]: Starting Detect the available GPUs and deal with any system changes...
3月 28 16:17:45 ubuntu systemd[1]: gpu-manager.service: Succeeded.
3月 28 16:17:45 ubuntu systemd[1]: Finished Detect the available GPUs and deal with any system changes.
-- Reboot --
4月 01 10:14:20 ubuntu systemd[1]: Starting Detect the available GPUs and deal with any system changes...
4月 01 10:14:20 ubuntu systemd[1]: gpu-manager.service: Succeeded.
4月 01 10:14:20 ubuntu systemd[1]: Finished Detect the available GPUs and deal with any system changes.
-- Reboot --
4月 01 10:25:04 ubuntu systemd[1]: Starting Detect the available GPUs and deal with any system changes...
4月 01 10:25:05 ubuntu systemd[1]: gpu-manager.service: Succeeded.
4月 01 10:25:05 ubuntu systemd[1]: Finished Detect the available GPUs and deal with any system changes.
-- Reboot --
4月 02 08:51:51 ubuntu systemd[1]: Starting Detect the available GPUs and deal with any system changes...
4月 02 08:51:51 ubuntu systemd[1]: gpu-manager.service: Succeeded.
4月 02 08:51:51 ubuntu systemd[1]: Finished Detect the available GPUs and deal with any system changes.
-- Reboot --
4月 02 09:04:36 ubuntu systemd[1]: Starting Detect the available GPUs and deal with any system changes...
4月 02 09:04:37 ubuntu systemd[1]: gpu-manager.service: Succeeded.
4月 02 09:04:37 ubuntu systemd[1]: Finished Detect the available GPUs and deal with any system changes.
-- Reboot --
4月 02 09:10:27 ubuntu systemd[1]: Starting Detect the available GPUs and deal with any system changes...
4月 02 09:10:27 ubuntu systemd[1]: gpu-manager.service: Succeeded.
4月 02 09:10:27 ubuntu systemd[1]: Finished Detect the available GPUs and deal with any system changes.
-- Reboot --
4月 02 17:22:59 ubuntu systemd[1]: Starting Detect the available GPUs and deal with any system changes...
4月 02 17:23:00 ubuntu systemd[1]: gpu-manager.service: Succeeded.
4月 02 17:23:00 ubuntu systemd[1]: Finished Detect the available GPUs and deal with any system changes.
-- Reboot --
4月 02 17:51:33 ubuntu systemd[1]: Starting Detect the available GPUs and deal with any system changes...
4月 02 17:51:33 ubuntu systemd[1]: gpu-manager.service: Succeeded.
4月 02 17:51:33 ubuntu systemd[1]: Finished Detect the available GPUs and deal with any system changes.
-- Reboot --
4月 06 08:17:16 ubuntu systemd[1]: Starting Detect the available GPUs and deal with any system changes...
4月 06 08:17:17 ubuntu systemd[1]: gpu-manager.service: Succeeded.
4月 06 08:17:17 ubuntu systemd[1]: Finished Detect the available GPUs and deal with any system changes.
-- Reboot --
4月 13 08:09:37 ubuntu systemd[1]: Starting Detect the available GPUs and deal with any system changes...
4月 13 08:09:38 ubuntu systemd[1]: gpu-manager.service: Succeeded.
4月 13 08:09:38 ubuntu systemd[1]: Finished Detect the available GPUs and deal with any system changes.
-- Reboot --
4月 13 08:30:19 ubuntu systemd[1]: Starting Detect the available GPUs and deal with any system changes...
4月 13 08:30:20 ubuntu systemd[1]: gpu-manager.service: Succeeded.
4月 13 08:30:20 ubuntu systemd[1]: Finished Detect the available GPUs and deal with any system changes.
-- Reboot --
4月 13 10:23:38 ubuntu systemd[1]: Starting Detect the available GPUs and deal with any system changes...
4月 13 10:23:38 ubuntu systemd[1]: gpu-manager.service: Succeeded.
4月 13 10:23:38 ubuntu systemd[1]: Finished Detect the available GPUs and deal with any system changes.
-- Reboot --
4月 13 14:46:33 ubuntu systemd[1]: Starting Detect the available GPUs and deal with any system changes...
4月 13 14:46:33 ubuntu systemd[1]: gpu-manager.service: Succeeded.
4月 13 14:46:33 ubuntu systemd[1]: Finished Detect the available GPUs and deal with any system changes.
-- Reboot --
4月 15 10:16:59 ubuntu systemd[1]: Starting Detect the available GPUs and deal with any system changes...
4月 15 10:17:00 ubuntu systemd[1]: gpu-manager.service: Succeeded.
4月 15 10:17:00 ubuntu systemd[1]: Finished Detect the available GPUs and deal with any system changes.
-- Reboot --
4月 20 08:14:44 ubuntu systemd[1]: Starting Detect the available GPUs and deal with any system changes...
4月 20 08:14:45 ubuntu systemd[1]: gpu-manager.service: Succeeded.
4月 20 08:14:45 ubuntu systemd[1]: Finished Detect the available GPUs and deal with any system changes.
-- Reboot --
4月 20 08:23:05 ubuntu systemd[1]: Starting Detect the available GPUs and deal with any system changes...
4月 20 08:23:05 ubuntu systemd[1]: gpu-manager.service: Succeeded.
4月 20 08:23:05 ubuntu systemd[1]: Finished Detect the available GPUs and deal with any system changes.
-- Reboot --
4月 27 08:18:20 ubuntu systemd[1]: Starting Detect the available GPUs and deal with any system changes...
4月 27 08:18:20 ubuntu systemd[1]: gpu-manager.service: Succeeded.
4月 27 08:18:20 ubuntu systemd[1]: Finished Detect the available GPUs and deal with any system changes.
-- Reboot --
4月 27 11:07:08 ubuntu systemd[1]: Starting Detect the available GPUs and deal with any system changes...
4月 27 11:07:09 ubuntu systemd[1]: gpu-manager.service: Succeeded.
4月 27 11:07:09 ubuntu systemd[1]: Finished Detect the available GPUs and deal with any system changes.
-- Reboot --
4月 27 14:11:31 ubuntu systemd[1]: Starting Detect the available GPUs and deal with any system changes...
4月 27 14:11:31 ubuntu systemd[1]: gpu-manager.service: Succeeded.
4月 27 14:11:31 ubuntu systemd[1]: Finished Detect the available GPUs and deal with any system changes.
-- Reboot --
4月 27 15:05:19 ubuntu systemd[1]: Starting Detect the available GPUs and deal with any system changes...
4月 27 15:05:19 ubuntu systemd[1]: gpu-manager.service: Succeeded.
4月 27 15:05:19 ubuntu systemd[1]: Finished Detect the available GPUs and deal with any system changes.
-- Reboot --
4月 28 21:00:46 ubuntu systemd[1]: Starting Detect the available GPUs and deal with any system changes...
4月 28 21:00:46 ubuntu systemd[1]: gpu-manager.service: Succeeded.
4月 28 21:00:46 ubuntu systemd[1]: Finished Detect the available GPUs and deal with any system changes.
-- Reboot --
5月 06 10:06:15 ubuntu systemd[1]: Starting Detect the available GPUs and deal with any system changes...
5月 06 10:06:15 ubuntu systemd[1]: gpu-manager.service: Succeeded.
5月 06 10:06:15 ubuntu systemd[1]: Finished Detect the available GPUs and deal with any system changes.
-- Reboot --
5月 06 10:17:46 ubuntu systemd[1]: Starting Detect the available GPUs and deal with any system changes...
5月 06 10:17:46 ubuntu systemd[1]: gpu-manager.service: Succeeded.
5月 06 10:17:46 ubuntu systemd[1]: Finished Detect the available GPUs and deal with any system changes.
-- Reboot --
5月 07 08:13:43 ubuntu systemd[1]: Starting Detect the available GPUs and deal with any system changes...
5月 07 08:13:43 ubuntu systemd[1]: gpu-manager.service: Succeeded.
5月 07 08:13:43 ubuntu systemd[1]: Finished Detect the available GPUs and deal with any system changes.
-- Reboot --
5月 08 14:53:45 ubuntu systemd[1]: Starting Detect the available GPUs and deal with any system changes...
5月 08 14:53:46 ubuntu systemd[1]: gpu-manager.service: Succeeded.
5月 08 14:53:46 ubuntu systemd[1]: Finished Detect the available GPUs and deal with any system changes.
-- Reboot --
5月 08 15:54:10 ubuntu systemd[1]: Starting Detect the available GPUs and deal with any system changes...
5月 08 15:54:10 ubuntu systemd[1]: gpu-manager.service: Succeeded.
5月 08 15:54:10 ubuntu systemd[1]: Finished Detect the available GPUs and deal with any system changes.
-- Reboot --
5月 08 16:27:21 ubuntu systemd[1]: Starting Detect the available GPUs and deal with any system changes...
5月 08 16:27:21 ubuntu systemd[1]: gpu-manager.service: Succeeded.
5月 08 16:27:21 ubuntu systemd[1]: Finished Detect the available GPUs and deal with any system changes.
-- Reboot --
5月 14 20:51:42 ubuntu systemd[1]: Starting Detect the available GPUs and deal with any system changes...
5月 14 20:51:42 ubuntu systemd[1]: gpu-manager.service: Succeeded.
5月 14 20:51:42 ubuntu systemd[1]: Finished Detect the available GPUs and deal with any system changes.
-- Reboot --
5月 15 00:06:13 ubuntu systemd[1]: Starting Detect the available GPUs and deal with any system changes...
5月 15 00:06:13 ubuntu systemd[1]: gpu-manager.service: Succeeded.
5月 15 00:06:13 ubuntu systemd[1]: Finished Detect the available GPUs and deal with any system changes.
-- Reboot --
5月 15 00:15:05 ubuntu systemd[1]: Starting Detect the available GPUs and deal with any system changes...
5月 15 00:15:05 ubuntu systemd[1]: gpu-manager.service: Succeeded.
5月 15 00:15:05 ubuntu systemd[1]: Finished Detect the available GPUs and deal with any system changes.
-- Reboot --
5月 15 10:43:39 ubuntu systemd[1]: Starting Detect the available GPUs and deal with any system changes...
5月 15 10:43:39 ubuntu systemd[1]: gpu-manager.service: Succeeded.
5月 15 10:43:39 ubuntu systemd[1]: Finished Detect the available GPUs and deal with any system changes.
-- Reboot --
5月 15 15:15:40 ubuntu systemd[1]: Starting Detect the available GPUs and deal with any system changes...
5月 15 15:15:41 ubuntu systemd[1]: gpu-manager.service: Succeeded.
5月 15 15:15:41 ubuntu systemd[1]: Finished Detect the available GPUs and deal with any system changes.
-- Reboot --
5月 15 16:28:26 ubuntu systemd[1]: Starting Detect the available GPUs and deal with any system changes...
5月 15 16:28:26 ubuntu systemd[1]: gpu-manager.service: Succeeded.
5月 15 16:28:26 ubuntu systemd[1]: Finished Detect the available GPUs and deal with any system changes.
-- Reboot --
5月 15 21:27:13 ubuntu systemd[1]: Starting Detect the available GPUs and deal with any system changes...
5月 15 21:27:13 ubuntu systemd[1]: gpu-manager.service: Succeeded.
5月 15 21:27:13 ubuntu systemd[1]: Finished Detect the available GPUs and deal with any system changes.
-- Reboot --
5月 31 15:28:44 ubuntu systemd[1]: Starting Detect the available GPUs and deal with any system changes...
5月 31 15:28:45 ubuntu systemd[1]: gpu-manager.service: Succeeded.
5月 31 15:28:45 ubuntu systemd[1]: Finished Detect the available GPUs and deal with any system changes.
-- Reboot --
5月 31 16:19:54 ubuntu systemd[1]: Starting Detect the available GPUs and deal with any system changes...
5月 31 16:19:54 ubuntu systemd[1]: gpu-manager.service: Succeeded.
5月 31 16:19:54 ubuntu systemd[1]: Finished Detect the available GPUs and deal with any system changes.
-- Reboot --
5月 31 21:00:56 ubuntu systemd[1]: Starting Detect the available GPUs and deal with any system changes...
5月 31 21:00:56 ubuntu systemd[1]: gpu-manager.service: Succeeded.
5月 31 21:00:56 ubuntu systemd[1]: Finished Detect the available GPUs and deal with any system changes.
-- Reboot --
6月 01 23:20:20 ubuntu systemd[1]: Starting Detect the available GPUs and deal with any system changes...
6月 01 23:20:21 ubuntu systemd[1]: gpu-manager.service: Succeeded.
6月 01 23:20:21 ubuntu systemd[1]: Finished Detect the available GPUs and deal with any system changes.
-- Reboot --
6月 06 14:12:34 ubuntu systemd[1]: Starting Detect the available GPUs and deal with any system changes...
6月 06 14:12:35 ubuntu systemd[1]: gpu-manager.service: Succeeded.
6月 06 14:12:35 ubuntu systemd[1]: Finished Detect the available GPUs and deal with any system changes.
-- Reboot --
6月 06 15:39:28 ubuntu systemd[1]: Starting Detect the available GPUs and deal with any system changes...
6月 06 15:39:29 ubuntu systemd[1]: gpu-manager.service: Succeeded.
6月 06 15:39:29 ubuntu systemd[1]: Finished Detect the available GPUs and deal with any system changes.
-- Reboot --
6月 06 15:44:09 ubuntu systemd[1]: Starting Detect the available GPUs and deal with any system changes...
6月 06 15:44:09 ubuntu systemd[1]: gpu-manager.service: Succeeded.
6月 06 15:44:09 ubuntu systemd[1]: Finished Detect the available GPUs and deal with any system changes.
-- Reboot --
6月 15 14:08:49 ubuntu systemd[1]: Starting Detect the available GPUs and deal with any system changes...
6月 15 14:08:49 ubuntu systemd[1]: gpu-manager.service: Succeeded.
6月 15 14:08:49 ubuntu systemd[1]: Finished Detect the available GPUs and deal with any system changes.
-- Reboot --
6月 16 14:48:28 ubuntu systemd[1]: Starting Detect the available GPUs and deal with any system changes...
6月 16 14:48:28 ubuntu systemd[1]: gpu-manager.service: Succeeded.
6月 16 14:48:28 ubuntu systemd[1]: Finished Detect the available GPUs and deal with any system changes.
-- Reboot --
2月 25 16:36:14 ubuntu systemd[1]: Starting Detect the available GPUs and deal with any system changes...
2月 25 16:36:14 ubuntu systemd[1]: gpu-manager.service: Succeeded.
2月 25 16:36:14 ubuntu systemd[1]: Finished Detect the available GPUs and deal with any system changes.
-- Reboot --
3月 27 17:52:48 ubuntu systemd[1]: Starting Detect the available GPUs and deal with any system changes...
3月 27 17:52:49 ubuntu systemd[1]: gpu-manager.service: Succeeded.
3月 27 17:52:49 ubuntu systemd[1]: Finished Detect the available GPUs and deal with any system changes.
-- Reboot --
3月 30 14:05:42 ubuntu systemd[1]: Starting Detect the available GPUs and deal with any system changes...
3月 30 14:05:43 ubuntu systemd[1]: gpu-manager.service: Succeeded.
3月 30 14:05:43 ubuntu systemd[1]: Finished Detect the available GPUs and deal with any system changes.
-- Reboot --
3月 30 14:44:33 ubuntu systemd[1]: Starting Detect the available GPUs and deal with any system changes...
3月 30 14:44:33 ubuntu systemd[1]: gpu-manager.service: Succeeded.
3月 30 14:44:33 ubuntu systemd[1]: Finished Detect the available GPUs and deal with any system changes.
-- Reboot --
3月 30 15:12:19 ubuntu systemd[1]: Starting Detect the available GPUs and deal with any system changes...
3月 30 15:12:19 ubuntu systemd[1]: gpu-manager.service: Succeeded.
3月 30 15:12:19 ubuntu systemd[1]: Finished Detect the available GPUs and deal with any system changes.
-- Reboot --
3月 30 15:18:40 ubuntu systemd[1]: Starting Detect the available GPUs and deal with any system changes...
3月 30 15:18:40 ubuntu systemd[1]: gpu-manager.service: Succeeded.
3月 30 15:18:40 ubuntu systemd[1]: Finished Detect the available GPUs and deal with any system changes.
-- Reboot --
3月 30 22:57:13 ubuntu systemd[1]: Starting Detect the available GPUs and deal with any system changes...
3月 30 22:57:14 ubuntu systemd[1]: gpu-manager.service: Succeeded.
3月 30 22:57:14 ubuntu systemd[1]: Finished Detect the available GPUs and deal with any system changes.
-- Reboot --
3月 30 23:00:45 ubuntu systemd[1]: Starting Detect the available GPUs and deal with any system changes...
3月 30 23:00:45 ubuntu systemd[1]: gpu-manager.service: Succeeded.
3月 30 23:00:45 ubuntu systemd[1]: Finished Detect the available GPUs and deal with any system changes.
-- Reboot --
3月 30 23:05:26 ubuntu systemd[1]: Starting Detect the available GPUs and deal with any system changes...
3月 30 23:05:26 ubuntu systemd[1]: gpu-manager.service: Succeeded.
3月 30 23:05:26 ubuntu systemd[1]: Finished Detect the available GPUs and deal with any system changes.
-- Reboot --
3月 31 18:40:19 ubuntu systemd[1]: Starting Detect the available GPUs and deal with any system changes...
3月 31 18:40:20 ubuntu systemd[1]: gpu-manager.service: Succeeded.
3月 31 18:40:20 ubuntu systemd[1]: Finished Detect the available GPUs and deal with any system changes.
-- Reboot --
3月 31 18:54:16 ubuntu systemd[1]: Starting Detect the available GPUs and deal with any system changes...
3月 31 18:54:17 ubuntu systemd[1]: gpu-manager.service: Succeeded.
3月 31 18:54:17 ubuntu systemd[1]: Finished Detect the available GPUs and deal with any system changes.
-- Reboot --
3月 31 19:04:01 ubuntu systemd[1]: Starting Detect the available GPUs and deal with any system changes...
3月 31 19:04:01 ubuntu systemd[1]: gpu-manager.service: Succeeded.
3月 31 19:04:01 ubuntu systemd[1]: Finished Detect the available GPUs and deal with any system changes.
-- Reboot --
3月 31 19:27:35 ubuntu systemd[1]: Starting Detect the available GPUs and deal with any system changes...
3月 31 19:27:36 ubuntu systemd[1]: gpu-manager.service: Succeeded.
3月 31 19:27:36 ubuntu systemd[1]: Finished Detect the available GPUs and deal with any system changes.
-- Reboot --
3月 31 19:43:30 ubuntu systemd[1]: Starting Detect the available GPUs and deal with any system changes...
3月 31 19:43:31 ubuntu systemd[1]: gpu-manager.service: Succeeded.
3月 31 19:43:31 ubuntu systemd[1]: Finished Detect the available GPUs and deal with any system changes.
-- Reboot --
3月 31 19:58:19 ubuntu systemd[1]: Starting Detect the available GPUs and deal with any system changes...
3月 31 19:58:20 ubuntu systemd[1]: gpu-manager.service: Succeeded.
3月 31 19:58:20 ubuntu systemd[1]: Finished Detect the available GPUs and deal with any system changes.
-- Reboot --
3月 31 20:24:35 ubuntu systemd[1]: Starting Detect the available GPUs and deal with any system changes...
3月 31 20:24:35 ubuntu systemd[1]: gpu-manager.service: Succeeded.
3月 31 20:24:35 ubuntu systemd[1]: Finished Detect the available GPUs and deal with any system changes.
-- Reboot --
4月 02 17:05:04 ubuntu systemd[1]: Starting Detect the available GPUs and deal with any system changes...
4月 02 17:05:04 ubuntu systemd[1]: gpu-manager.service: Succeeded.
4月 02 17:05:04 ubuntu systemd[1]: Finished Detect the available GPUs and deal with any system changes.
-- Reboot --
4月 14 20:21:36 ubuntu systemd[1]: Starting Detect the available GPUs and deal with any system changes...
4月 14 20:21:37 ubuntu systemd[1]: gpu-manager.service: Succeeded.
4月 14 20:21:37 ubuntu systemd[1]: Finished Detect the available GPUs and deal with any system changes.
-- Reboot --
4月 14 20:55:48 ubuntu systemd[1]: Starting Detect the available GPUs and deal with any system changes...
4月 14 20:55:49 ubuntu systemd[1]: gpu-manager.service: Succeeded.
4月 14 20:55:49 ubuntu systemd[1]: Finished Detect the available GPUs and deal with any system changes.
-- Reboot --
4月 15 22:30:52 ubuntu systemd[1]: Starting Detect the available GPUs and deal with any system changes...
4月 15 22:31:07 ubuntu systemd[1]: gpu-manager.service: Succeeded.
4月 15 22:31:07 ubuntu systemd[1]: Finished Detect the available GPUs and deal with any system changes.
-- Reboot --
4月 15 22:43:42 ubuntu systemd[1]: Starting Detect the available GPUs and deal with any system changes...
4月 15 22:43:42 ubuntu systemd[1]: gpu-manager.service: Succeeded.
4月 15 22:43:42 ubuntu systemd[1]: Finished Detect the available GPUs and deal with any system changes.
-- Reboot --
4月 19 18:41:05 ubuntu systemd[1]: Starting Detect the available GPUs and deal with any system changes...
4月 19 18:41:05 ubuntu systemd[1]: gpu-manager.service: Succeeded.
4月 19 18:41:05 ubuntu systemd[1]: Finished Detect the available GPUs and deal with any system changes.
-- Reboot --
4月 19 19:16:16 ubuntu systemd[1]: Starting Detect the available GPUs and deal with any system changes...
4月 19 19:16:16 ubuntu systemd[1]: gpu-manager.service: Succeeded.
4月 19 19:16:16 ubuntu systemd[1]: Finished Detect the available GPUs and deal with any system changes.
-- Reboot --
4月 21 14:58:06 ubuntu systemd[1]: Starting Detect the available GPUs and deal with any system changes...
4月 21 14:58:07 ubuntu systemd[1]: gpu-manager.service: Succeeded.
4月 21 14:58:07 ubuntu systemd[1]: Finished Detect the available GPUs and deal with any system changes.

