-- Logs begin at Sat 2022-01-08 18:32:32 CST, end at Fri 2023-04-21 17:17:40 CST. --
1月 09 21:32:59 ubuntu systemd[1]: Stopping Tool to automatically collect and submit kernel crash signatures...
1月 09 21:32:59 ubuntu systemd[1]: kerneloops.service: Succeeded.
1月 09 21:32:59 ubuntu systemd[1]: Stopped Tool to automatically collect and submit kernel crash signatures.
-- Reboot --
1月 09 21:33:15 ubuntu systemd[1]: Starting Tool to automatically collect and submit kernel crash signatures...
1月 09 21:33:15 ubuntu systemd[1]: kerneloops.service: Found left-over process 1011 (kerneloops) in control group while starting unit. Ignoring.
1月 09 21:33:15 ubuntu systemd[1]: This usually indicates unclean termination of a previous run, or service implementation deficiencies.
1月 09 21:33:15 ubuntu systemd[1]: Started Tool to automatically collect and submit kernel crash signatures.
-- Reboot --
3月 22 14:03:02 ubuntu systemd[1]: Starting Tool to automatically collect and submit kernel crash signatures...
3月 22 14:03:02 ubuntu systemd[1]: kerneloops.service: Found left-over process 1035 (kerneloops) in control group while starting unit. Ignoring.
3月 22 14:03:02 ubuntu systemd[1]: This usually indicates unclean termination of a previous run, or service implementation deficiencies.
3月 22 14:03:02 ubuntu systemd[1]: Started Tool to automatically collect and submit kernel crash signatures.
3月 22 14:13:28 ubuntu systemd[1]: Stopping Tool to automatically collect and submit kernel crash signatures...
3月 22 14:13:28 ubuntu systemd[1]: kerneloops.service: Succeeded.
3月 22 14:13:28 ubuntu systemd[1]: Stopped Tool to automatically collect and submit kernel crash signatures.
-- Reboot --
3月 22 14:13:42 ubuntu systemd[1]: Starting Tool to automatically collect and submit kernel crash signatures...
3月 22 14:13:42 ubuntu systemd[1]: kerneloops.service: Found left-over process 1032 (kerneloops) in control group while starting unit. Ignoring.
3月 22 14:13:42 ubuntu systemd[1]: This usually indicates unclean termination of a previous run, or service implementation deficiencies.
3月 22 14:13:42 ubuntu systemd[1]: Started Tool to automatically collect and submit kernel crash signatures.
3月 22 14:22:48 ubuntu systemd[1]: Stopping Tool to automatically collect and submit kernel crash signatures...
3月 22 14:22:48 ubuntu systemd[1]: kerneloops.service: Succeeded.
3月 22 14:22:48 ubuntu systemd[1]: Stopped Tool to automatically collect and submit kernel crash signatures.
-- Reboot --
3月 22 16:13:10 ubuntu systemd[1]: Starting Tool to automatically collect and submit kernel crash signatures...
3月 22 16:13:10 ubuntu systemd[1]: kerneloops.service: Found left-over process 1061 (kerneloops) in control group while starting unit. Ignoring.
3月 22 16:13:10 ubuntu systemd[1]: This usually indicates unclean termination of a previous run, or service implementation deficiencies.
3月 22 16:13:10 ubuntu systemd[1]: Started Tool to automatically collect and submit kernel crash signatures.
3月 22 17:37:59 ubuntu systemd[1]: Stopping Tool to automatically collect and submit kernel crash signatures...
3月 22 17:37:59 ubuntu systemd[1]: kerneloops.service: Succeeded.
3月 22 17:37:59 ubuntu systemd[1]: Stopped Tool to automatically collect and submit kernel crash signatures.
-- Reboot --
3月 25 10:18:06 ubuntu systemd[1]: Starting Tool to automatically collect and submit kernel crash signatures...
3月 25 10:18:06 ubuntu systemd[1]: kerneloops.service: Found left-over process 1099 (kerneloops) in control group while starting unit. Ignoring.
3月 25 10:18:06 ubuntu systemd[1]: This usually indicates unclean termination of a previous run, or service implementation deficiencies.
3月 25 10:18:06 ubuntu systemd[1]: Started Tool to automatically collect and submit kernel crash signatures.
3月 25 10:36:28 ubuntu systemd[1]: Stopping Tool to automatically collect and submit kernel crash signatures...
3月 25 10:36:28 ubuntu systemd[1]: kerneloops.service: Succeeded.
3月 25 10:36:28 ubuntu systemd[1]: Stopped Tool to automatically collect and submit kernel crash signatures.
-- Reboot --
3月 25 10:45:18 ubuntu systemd[1]: Starting Tool to automatically collect and submit kernel crash signatures...
3月 25 10:45:18 ubuntu systemd[1]: kerneloops.service: Found left-over process 1208 (kerneloops) in control group while starting unit. Ignoring.
3月 25 10:45:18 ubuntu systemd[1]: This usually indicates unclean termination of a previous run, or service implementation deficiencies.
3月 25 10:45:18 ubuntu systemd[1]: Started Tool to automatically collect and submit kernel crash signatures.
-- Reboot --
3月 28 10:02:55 ubuntu systemd[1]: Starting Tool to automatically collect and submit kernel crash signatures...
3月 28 10:02:55 ubuntu systemd[1]: kerneloops.service: Found left-over process 1118 (kerneloops) in control group while starting unit. Ignoring.
3月 28 10:02:55 ubuntu systemd[1]: This usually indicates unclean termination of a previous run, or service implementation deficiencies.
3月 28 10:02:55 ubuntu systemd[1]: Started Tool to automatically collect and submit kernel crash signatures.
-- Reboot --
3月 28 14:59:45 ubuntu systemd[1]: Starting Tool to automatically collect and submit kernel crash signatures...
3月 28 14:59:47 ubuntu systemd[1]: kerneloops.service: Found left-over process 1038 (kerneloops) in control group while starting unit. Ignoring.
3月 28 14:59:47 ubuntu systemd[1]: This usually indicates unclean termination of a previous run, or service implementation deficiencies.
3月 28 14:59:47 ubuntu systemd[1]: Started Tool to automatically collect and submit kernel crash signatures.
3月 28 15:53:54 ubuntu systemd[1]: Stopping Tool to automatically collect and submit kernel crash signatures...
3月 28 15:53:54 ubuntu systemd[1]: kerneloops.service: Succeeded.
3月 28 15:53:54 ubuntu systemd[1]: Stopped Tool to automatically collect and submit kernel crash signatures.
-- Reboot --
3月 28 16:17:50 ubuntu systemd[1]: Starting Tool to automatically collect and submit kernel crash signatures...
3月 28 16:17:50 ubuntu systemd[1]: kerneloops.service: Found left-over process 985 (kerneloops) in control group while starting unit. Ignoring.
3月 28 16:17:50 ubuntu systemd[1]: This usually indicates unclean termination of a previous run, or service implementation deficiencies.
3月 28 16:17:50 ubuntu systemd[1]: Started Tool to automatically collect and submit kernel crash signatures.
3月 28 17:29:19 ubuntu systemd[1]: Stopping Tool to automatically collect and submit kernel crash signatures...
3月 28 17:29:20 ubuntu systemd[1]: kerneloops.service: Succeeded.
3月 28 17:29:20 ubuntu systemd[1]: Stopped Tool to automatically collect and submit kernel crash signatures.
-- Reboot --
4月 01 10:14:25 ubuntu systemd[1]: Starting Tool to automatically collect and submit kernel crash signatures...
4月 01 10:14:25 ubuntu systemd[1]: kerneloops.service: Found left-over process 1062 (kerneloops) in control group while starting unit. Ignoring.
4月 01 10:14:25 ubuntu systemd[1]: This usually indicates unclean termination of a previous run, or service implementation deficiencies.
4月 01 10:14:25 ubuntu systemd[1]: Started Tool to automatically collect and submit kernel crash signatures.
4月 01 10:24:19 ubuntu systemd[1]: Stopping Tool to automatically collect and submit kernel crash signatures...
4月 01 10:24:19 ubuntu systemd[1]: kerneloops.service: Succeeded.
4月 01 10:24:19 ubuntu systemd[1]: Stopped Tool to automatically collect and submit kernel crash signatures.
-- Reboot --
4月 01 10:25:06 ubuntu systemd[1]: Starting Tool to automatically collect and submit kernel crash signatures...
4月 01 10:25:06 ubuntu systemd[1]: kerneloops.service: Found left-over process 1002 (kerneloops) in control group while starting unit. Ignoring.
4月 01 10:25:06 ubuntu systemd[1]: This usually indicates unclean termination of a previous run, or service implementation deficiencies.
4月 01 10:25:06 ubuntu systemd[1]: Started Tool to automatically collect and submit kernel crash signatures.
4月 01 12:03:43 ubuntu systemd[1]: Stopping Tool to automatically collect and submit kernel crash signatures...
4月 01 12:03:43 ubuntu systemd[1]: kerneloops.service: Succeeded.
4月 01 12:03:43 ubuntu systemd[1]: Stopped Tool to automatically collect and submit kernel crash signatures.
-- Reboot --
4月 02 08:51:55 ubuntu systemd[1]: Starting Tool to automatically collect and submit kernel crash signatures...
4月 02 08:51:55 ubuntu systemd[1]: kerneloops.service: Found left-over process 1041 (kerneloops) in control group while starting unit. Ignoring.
4月 02 08:51:55 ubuntu systemd[1]: This usually indicates unclean termination of a previous run, or service implementation deficiencies.
4月 02 08:51:55 ubuntu systemd[1]: Started Tool to automatically collect and submit kernel crash signatures.
-- Reboot --
4月 02 09:04:43 ubuntu systemd[1]: Starting Tool to automatically collect and submit kernel crash signatures...
4月 02 09:04:43 ubuntu systemd[1]: kerneloops.service: Found left-over process 1015 (kerneloops) in control group while starting unit. Ignoring.
4月 02 09:04:43 ubuntu systemd[1]: This usually indicates unclean termination of a previous run, or service implementation deficiencies.
4月 02 09:04:43 ubuntu systemd[1]: Started Tool to automatically collect and submit kernel crash signatures.
-- Reboot --
4月 02 09:10:28 ubuntu systemd[1]: Starting Tool to automatically collect and submit kernel crash signatures...
4月 02 09:10:28 ubuntu systemd[1]: kerneloops.service: Found left-over process 988 (kerneloops) in control group while starting unit. Ignoring.
4月 02 09:10:28 ubuntu systemd[1]: This usually indicates unclean termination of a previous run, or service implementation deficiencies.
4月 02 09:10:28 ubuntu systemd[1]: Started Tool to automatically collect and submit kernel crash signatures.
4月 02 09:29:37 ubuntu systemd[1]: Stopping Tool to automatically collect and submit kernel crash signatures...
4月 02 09:29:37 ubuntu systemd[1]: kerneloops.service: Succeeded.
4月 02 09:29:37 ubuntu systemd[1]: Stopped Tool to automatically collect and submit kernel crash signatures.
-- Reboot --
4月 02 17:23:04 ubuntu systemd[1]: Starting Tool to automatically collect and submit kernel crash signatures...
4月 02 17:23:05 ubuntu systemd[1]: kerneloops.service: Found left-over process 932 (kerneloops) in control group while starting unit. Ignoring.
4月 02 17:23:05 ubuntu systemd[1]: This usually indicates unclean termination of a previous run, or service implementation deficiencies.
4月 02 17:23:05 ubuntu systemd[1]: Started Tool to automatically collect and submit kernel crash signatures.
4月 02 17:51:13 ubuntu systemd[1]: Stopping Tool to automatically collect and submit kernel crash signatures...
4月 02 17:51:14 ubuntu systemd[1]: kerneloops.service: Succeeded.
4月 02 17:51:14 ubuntu systemd[1]: Stopped Tool to automatically collect and submit kernel crash signatures.
-- Reboot --
4月 02 17:51:33 ubuntu systemd[1]: Starting Tool to automatically collect and submit kernel crash signatures...
4月 02 17:51:33 ubuntu systemd[1]: kerneloops.service: Found left-over process 1009 (kerneloops) in control group while starting unit. Ignoring.
4月 02 17:51:33 ubuntu systemd[1]: This usually indicates unclean termination of a previous run, or service implementation deficiencies.
4月 02 17:51:33 ubuntu systemd[1]: Started Tool to automatically collect and submit kernel crash signatures.
-- Reboot --
4月 06 08:17:22 ubuntu systemd[1]: Starting Tool to automatically collect and submit kernel crash signatures...
4月 06 08:17:22 ubuntu systemd[1]: kerneloops.service: Found left-over process 1065 (kerneloops) in control group while starting unit. Ignoring.
4月 06 08:17:22 ubuntu systemd[1]: This usually indicates unclean termination of a previous run, or service implementation deficiencies.
4月 06 08:17:22 ubuntu systemd[1]: Started Tool to automatically collect and submit kernel crash signatures.
4月 06 10:26:21 ubuntu systemd[1]: Stopping Tool to automatically collect and submit kernel crash signatures...
4月 06 10:26:21 ubuntu systemd[1]: kerneloops.service: Succeeded.
4月 06 10:26:21 ubuntu systemd[1]: Stopped Tool to automatically collect and submit kernel crash signatures.
-- Reboot --
4月 13 08:09:48 ubuntu systemd[1]: Starting Tool to automatically collect and submit kernel crash signatures...
4月 13 08:09:48 ubuntu systemd[1]: kerneloops.service: Found left-over process 986 (kerneloops) in control group while starting unit. Ignoring.
4月 13 08:09:48 ubuntu systemd[1]: This usually indicates unclean termination of a previous run, or service implementation deficiencies.
4月 13 08:09:48 ubuntu systemd[1]: Started Tool to automatically collect and submit kernel crash signatures.
4月 13 08:30:00 ubuntu systemd[1]: Stopping Tool to automatically collect and submit kernel crash signatures...
4月 13 08:30:00 ubuntu systemd[1]: kerneloops.service: Succeeded.
4月 13 08:30:00 ubuntu systemd[1]: Stopped Tool to automatically collect and submit kernel crash signatures.
-- Reboot --
4月 13 08:30:20 ubuntu systemd[1]: Starting Tool to automatically collect and submit kernel crash signatures...
4月 13 08:30:20 ubuntu systemd[1]: kerneloops.service: Found left-over process 992 (kerneloops) in control group while starting unit. Ignoring.
4月 13 08:30:20 ubuntu systemd[1]: This usually indicates unclean termination of a previous run, or service implementation deficiencies.
4月 13 08:30:20 ubuntu systemd[1]: Started Tool to automatically collect and submit kernel crash signatures.
-- Reboot --
4月 13 10:23:41 ubuntu systemd[1]: Starting Tool to automatically collect and submit kernel crash signatures...
4月 13 10:23:41 ubuntu systemd[1]: kerneloops.service: Found left-over process 1008 (kerneloops) in control group while starting unit. Ignoring.
4月 13 10:23:41 ubuntu systemd[1]: This usually indicates unclean termination of a previous run, or service implementation deficiencies.
4月 13 10:23:42 ubuntu systemd[1]: Started Tool to automatically collect and submit kernel crash signatures.
-- Reboot --
4月 13 14:46:33 ubuntu systemd[1]: Starting Tool to automatically collect and submit kernel crash signatures...
4月 13 14:46:33 ubuntu systemd[1]: kerneloops.service: Found left-over process 970 (kerneloops) in control group while starting unit. Ignoring.
4月 13 14:46:33 ubuntu systemd[1]: This usually indicates unclean termination of a previous run, or service implementation deficiencies.
4月 13 14:46:33 ubuntu systemd[1]: Started Tool to automatically collect and submit kernel crash signatures.
4月 13 15:21:57 ubuntu systemd[1]: Stopping Tool to automatically collect and submit kernel crash signatures...
4月 13 15:21:57 ubuntu systemd[1]: kerneloops.service: Succeeded.
4月 13 15:21:57 ubuntu systemd[1]: Stopped Tool to automatically collect and submit kernel crash signatures.
-- Reboot --
4月 15 10:17:00 ubuntu systemd[1]: Starting Tool to automatically collect and submit kernel crash signatures...
4月 15 10:17:00 ubuntu systemd[1]: kerneloops.service: Found left-over process 952 (kerneloops) in control group while starting unit. Ignoring.
4月 15 10:17:00 ubuntu systemd[1]: This usually indicates unclean termination of a previous run, or service implementation deficiencies.
4月 15 10:17:00 ubuntu systemd[1]: Started Tool to automatically collect and submit kernel crash signatures.
-- Reboot --
4月 20 08:14:47 ubuntu systemd[1]: Starting Tool to automatically collect and submit kernel crash signatures...
4月 20 08:14:47 ubuntu systemd[1]: kerneloops.service: Found left-over process 1057 (kerneloops) in control group while starting unit. Ignoring.
4月 20 08:14:47 ubuntu systemd[1]: This usually indicates unclean termination of a previous run, or service implementation deficiencies.
4月 20 08:14:47 ubuntu systemd[1]: Started Tool to automatically collect and submit kernel crash signatures.
4月 20 08:22:49 ubuntu systemd[1]: Stopping Tool to automatically collect and submit kernel crash signatures...
4月 20 08:22:49 ubuntu systemd[1]: kerneloops.service: Succeeded.
4月 20 08:22:49 ubuntu systemd[1]: Stopped Tool to automatically collect and submit kernel crash signatures.
-- Reboot --
4月 20 08:23:06 ubuntu systemd[1]: Starting Tool to automatically collect and submit kernel crash signatures...
4月 20 08:23:06 ubuntu systemd[1]: kerneloops.service: Found left-over process 956 (kerneloops) in control group while starting unit. Ignoring.
4月 20 08:23:06 ubuntu systemd[1]: This usually indicates unclean termination of a previous run, or service implementation deficiencies.
4月 20 08:23:06 ubuntu systemd[1]: Started Tool to automatically collect and submit kernel crash signatures.
-- Reboot --
4月 27 08:18:22 ubuntu systemd[1]: Starting Tool to automatically collect and submit kernel crash signatures...
4月 27 08:18:22 ubuntu systemd[1]: kerneloops.service: Found left-over process 964 (kerneloops) in control group while starting unit. Ignoring.
4月 27 08:18:22 ubuntu systemd[1]: This usually indicates unclean termination of a previous run, or service implementation deficiencies.
4月 27 08:18:22 ubuntu systemd[1]: Started Tool to automatically collect and submit kernel crash signatures.
4月 27 10:50:15 ubuntu systemd[1]: Stopping Tool to automatically collect and submit kernel crash signatures...
4月 27 10:50:16 ubuntu systemd[1]: kerneloops.service: Succeeded.
4月 27 10:50:16 ubuntu systemd[1]: Stopped Tool to automatically collect and submit kernel crash signatures.
-- Reboot --
4月 27 11:07:10 ubuntu systemd[1]: Starting Tool to automatically collect and submit kernel crash signatures...
4月 27 11:07:10 ubuntu systemd[1]: kerneloops.service: Found left-over process 1015 (kerneloops) in control group while starting unit. Ignoring.
4月 27 11:07:10 ubuntu systemd[1]: This usually indicates unclean termination of a previous run, or service implementation deficiencies.
4月 27 11:07:10 ubuntu systemd[1]: Started Tool to automatically collect and submit kernel crash signatures.
4月 27 11:20:10 ubuntu systemd[1]: Stopping Tool to automatically collect and submit kernel crash signatures...
4月 27 11:20:10 ubuntu systemd[1]: kerneloops.service: Succeeded.
4月 27 11:20:10 ubuntu systemd[1]: Stopped Tool to automatically collect and submit kernel crash signatures.
-- Reboot --
4月 27 14:11:31 ubuntu systemd[1]: Starting Tool to automatically collect and submit kernel crash signatures...
4月 27 14:11:31 ubuntu systemd[1]: kerneloops.service: Found left-over process 1011 (kerneloops) in control group while starting unit. Ignoring.
4月 27 14:11:31 ubuntu systemd[1]: This usually indicates unclean termination of a previous run, or service implementation deficiencies.
4月 27 14:11:31 ubuntu systemd[1]: Started Tool to automatically collect and submit kernel crash signatures.
4月 27 15:04:59 ubuntu systemd[1]: Stopping Tool to automatically collect and submit kernel crash signatures...
4月 27 15:04:59 ubuntu systemd[1]: kerneloops.service: Succeeded.
4月 27 15:04:59 ubuntu systemd[1]: Stopped Tool to automatically collect and submit kernel crash signatures.
-- Reboot --
4月 27 15:05:19 ubuntu systemd[1]: Starting Tool to automatically collect and submit kernel crash signatures...
4月 27 15:05:19 ubuntu systemd[1]: kerneloops.service: Found left-over process 960 (kerneloops) in control group while starting unit. Ignoring.
4月 27 15:05:19 ubuntu systemd[1]: This usually indicates unclean termination of a previous run, or service implementation deficiencies.
4月 27 15:05:19 ubuntu systemd[1]: Started Tool to automatically collect and submit kernel crash signatures.
4月 27 16:02:17 ubuntu systemd[1]: Stopping Tool to automatically collect and submit kernel crash signatures...
4月 27 16:02:17 ubuntu systemd[1]: kerneloops.service: Succeeded.
4月 27 16:02:17 ubuntu systemd[1]: Stopped Tool to automatically collect and submit kernel crash signatures.
-- Reboot --
4月 28 21:00:49 ubuntu systemd[1]: Starting Tool to automatically collect and submit kernel crash signatures...
4月 28 21:00:49 ubuntu systemd[1]: kerneloops.service: Found left-over process 1072 (kerneloops) in control group while starting unit. Ignoring.
4月 28 21:00:49 ubuntu systemd[1]: This usually indicates unclean termination of a previous run, or service implementation deficiencies.
4月 28 21:00:50 ubuntu systemd[1]: Started Tool to automatically collect and submit kernel crash signatures.
4月 28 21:01:50 ubuntu systemd[1]: Stopping Tool to automatically collect and submit kernel crash signatures...
4月 28 21:01:50 ubuntu systemd[1]: kerneloops.service: Succeeded.
4月 28 21:01:50 ubuntu systemd[1]: Stopped Tool to automatically collect and submit kernel crash signatures.
-- Reboot --
5月 06 10:06:18 ubuntu systemd[1]: Starting Tool to automatically collect and submit kernel crash signatures...
5月 06 10:06:18 ubuntu systemd[1]: kerneloops.service: Found left-over process 1085 (kerneloops) in control group while starting unit. Ignoring.
5月 06 10:06:18 ubuntu systemd[1]: This usually indicates unclean termination of a previous run, or service implementation deficiencies.
5月 06 10:06:18 ubuntu systemd[1]: Started Tool to automatically collect and submit kernel crash signatures.
5月 06 10:17:23 ubuntu systemd[1]: Stopping Tool to automatically collect and submit kernel crash signatures...
5月 06 10:17:23 ubuntu systemd[1]: kerneloops.service: Succeeded.
5月 06 10:17:23 ubuntu systemd[1]: Stopped Tool to automatically collect and submit kernel crash signatures.
-- Reboot --
5月 06 10:17:46 ubuntu systemd[1]: Starting Tool to automatically collect and submit kernel crash signatures...
5月 06 10:17:46 ubuntu systemd[1]: kerneloops.service: Found left-over process 946 (kerneloops) in control group while starting unit. Ignoring.
5月 06 10:17:46 ubuntu systemd[1]: This usually indicates unclean termination of a previous run, or service implementation deficiencies.
5月 06 10:17:46 ubuntu systemd[1]: Started Tool to automatically collect and submit kernel crash signatures.
5月 06 11:20:32 ubuntu systemd[1]: Stopping Tool to automatically collect and submit kernel crash signatures...
5月 06 11:20:32 ubuntu systemd[1]: kerneloops.service: Succeeded.
5月 06 11:20:32 ubuntu systemd[1]: Stopped Tool to automatically collect and submit kernel crash signatures.
-- Reboot --
5月 07 08:13:51 ubuntu systemd[1]: Starting Tool to automatically collect and submit kernel crash signatures...
5月 07 08:13:51 ubuntu systemd[1]: kerneloops.service: Found left-over process 983 (kerneloops) in control group while starting unit. Ignoring.
5月 07 08:13:51 ubuntu systemd[1]: This usually indicates unclean termination of a previous run, or service implementation deficiencies.
5月 07 08:13:51 ubuntu systemd[1]: Started Tool to automatically collect and submit kernel crash signatures.
-- Reboot --
5月 08 14:53:46 ubuntu systemd[1]: Starting Tool to automatically collect and submit kernel crash signatures...
5月 08 14:53:54 ubuntu systemd[1]: kerneloops.service: Found left-over process 969 (kerneloops) in control group while starting unit. Ignoring.
5月 08 14:53:54 ubuntu systemd[1]: This usually indicates unclean termination of a previous run, or service implementation deficiencies.
5月 08 14:53:55 ubuntu systemd[1]: Started Tool to automatically collect and submit kernel crash signatures.
5月 08 14:55:08 ubuntu systemd[1]: Stopping Tool to automatically collect and submit kernel crash signatures...
5月 08 14:55:08 ubuntu systemd[1]: kerneloops.service: Succeeded.
5月 08 14:55:08 ubuntu systemd[1]: Stopped Tool to automatically collect and submit kernel crash signatures.
-- Reboot --
5月 08 15:54:22 ubuntu systemd[1]: Starting Tool to automatically collect and submit kernel crash signatures...
5月 08 15:54:22 ubuntu systemd[1]: kerneloops.service: Found left-over process 981 (kerneloops) in control group while starting unit. Ignoring.
5月 08 15:54:22 ubuntu systemd[1]: This usually indicates unclean termination of a previous run, or service implementation deficiencies.
5月 08 15:54:22 ubuntu systemd[1]: Started Tool to automatically collect and submit kernel crash signatures.
5月 08 16:26:55 ubuntu systemd[1]: Stopping Tool to automatically collect and submit kernel crash signatures...
5月 08 16:26:55 ubuntu systemd[1]: kerneloops.service: Succeeded.
5月 08 16:26:55 ubuntu systemd[1]: Stopped Tool to automatically collect and submit kernel crash signatures.
-- Reboot --
5月 08 16:27:22 ubuntu systemd[1]: Starting Tool to automatically collect and submit kernel crash signatures...
5月 08 16:27:22 ubuntu systemd[1]: kerneloops.service: Found left-over process 991 (kerneloops) in control group while starting unit. Ignoring.
5月 08 16:27:22 ubuntu systemd[1]: This usually indicates unclean termination of a previous run, or service implementation deficiencies.
5月 08 16:27:22 ubuntu systemd[1]: Started Tool to automatically collect and submit kernel crash signatures.
5月 08 17:02:55 ubuntu systemd[1]: Stopping Tool to automatically collect and submit kernel crash signatures...
5月 08 17:02:55 ubuntu systemd[1]: kerneloops.service: Succeeded.
5月 08 17:02:55 ubuntu systemd[1]: Stopped Tool to automatically collect and submit kernel crash signatures.
-- Reboot --
5月 14 20:51:43 ubuntu systemd[1]: Starting Tool to automatically collect and submit kernel crash signatures...
5月 14 20:51:43 ubuntu systemd[1]: kerneloops.service: Found left-over process 1054 (kerneloops) in control group while starting unit. Ignoring.
5月 14 20:51:43 ubuntu systemd[1]: This usually indicates unclean termination of a previous run, or service implementation deficiencies.
5月 14 20:51:43 ubuntu systemd[1]: Started Tool to automatically collect and submit kernel crash signatures.
-- Reboot --
5月 15 00:06:16 ubuntu systemd[1]: Starting Tool to automatically collect and submit kernel crash signatures...
5月 15 00:06:16 ubuntu systemd[1]: kerneloops.service: Found left-over process 1085 (kerneloops) in control group while starting unit. Ignoring.
5月 15 00:06:16 ubuntu systemd[1]: This usually indicates unclean termination of a previous run, or service implementation deficiencies.
5月 15 00:06:16 ubuntu systemd[1]: Started Tool to automatically collect and submit kernel crash signatures.
5月 15 00:09:00 ubuntu systemd[1]: Stopping Tool to automatically collect and submit kernel crash signatures...
5月 15 00:09:00 ubuntu systemd[1]: kerneloops.service: Succeeded.
5月 15 00:09:00 ubuntu systemd[1]: Stopped Tool to automatically collect and submit kernel crash signatures.
-- Reboot --
5月 15 00:15:09 ubuntu systemd[1]: Starting Tool to automatically collect and submit kernel crash signatures...
5月 15 00:15:09 ubuntu systemd[1]: kerneloops.service: Found left-over process 1058 (kerneloops) in control group while starting unit. Ignoring.
5月 15 00:15:09 ubuntu systemd[1]: This usually indicates unclean termination of a previous run, or service implementation deficiencies.
5月 15 00:15:09 ubuntu systemd[1]: Started Tool to automatically collect and submit kernel crash signatures.
5月 15 00:17:56 ubuntu systemd[1]: Stopping Tool to automatically collect and submit kernel crash signatures...
5月 15 00:17:56 ubuntu systemd[1]: kerneloops.service: Succeeded.
5月 15 00:17:56 ubuntu systemd[1]: Stopped Tool to automatically collect and submit kernel crash signatures.
-- Reboot --
5月 15 10:43:49 ubuntu systemd[1]: Starting Tool to automatically collect and submit kernel crash signatures...
5月 15 10:43:49 ubuntu systemd[1]: kerneloops.service: Found left-over process 1563 (kerneloops) in control group while starting unit. Ignoring.
5月 15 10:43:49 ubuntu systemd[1]: This usually indicates unclean termination of a previous run, or service implementation deficiencies.
5月 15 10:43:49 ubuntu systemd[1]: Started Tool to automatically collect and submit kernel crash signatures.
5月 15 13:21:32 ubuntu systemd[1]: Stopping Tool to automatically collect and submit kernel crash signatures...
5月 15 13:21:32 ubuntu systemd[1]: kerneloops.service: Succeeded.
5月 15 13:21:32 ubuntu systemd[1]: Stopped Tool to automatically collect and submit kernel crash signatures.
-- Reboot --
5月 15 15:15:41 ubuntu systemd[1]: Starting Tool to automatically collect and submit kernel crash signatures...
5月 15 15:15:41 ubuntu systemd[1]: kerneloops.service: Found left-over process 1020 (kerneloops) in control group while starting unit. Ignoring.
5月 15 15:15:41 ubuntu systemd[1]: This usually indicates unclean termination of a previous run, or service implementation deficiencies.
5月 15 15:15:41 ubuntu systemd[1]: Started Tool to automatically collect and submit kernel crash signatures.
5月 15 15:16:43 ubuntu systemd[1]: Stopping Tool to automatically collect and submit kernel crash signatures...
5月 15 15:16:43 ubuntu systemd[1]: kerneloops.service: Succeeded.
5月 15 15:16:43 ubuntu systemd[1]: Stopped Tool to automatically collect and submit kernel crash signatures.
-- Reboot --
5月 15 16:28:27 ubuntu systemd[1]: Starting Tool to automatically collect and submit kernel crash signatures...
5月 15 16:28:27 ubuntu systemd[1]: kerneloops.service: Found left-over process 1074 (kerneloops) in control group while starting unit. Ignoring.
5月 15 16:28:27 ubuntu systemd[1]: This usually indicates unclean termination of a previous run, or service implementation deficiencies.
5月 15 16:28:27 ubuntu systemd[1]: Started Tool to automatically collect and submit kernel crash signatures.
5月 15 17:59:27 ubuntu systemd[1]: Stopping Tool to automatically collect and submit kernel crash signatures...
5月 15 17:59:27 ubuntu systemd[1]: kerneloops.service: Succeeded.
5月 15 17:59:27 ubuntu systemd[1]: Stopped Tool to automatically collect and submit kernel crash signatures.
-- Reboot --
5月 15 21:27:14 ubuntu systemd[1]: Starting Tool to automatically collect and submit kernel crash signatures...
5月 15 21:27:14 ubuntu systemd[1]: kerneloops.service: Found left-over process 1034 (kerneloops) in control group while starting unit. Ignoring.
5月 15 21:27:14 ubuntu systemd[1]: This usually indicates unclean termination of a previous run, or service implementation deficiencies.
5月 15 21:27:14 ubuntu systemd[1]: Started Tool to automatically collect and submit kernel crash signatures.
5月 15 22:59:14 ubuntu systemd[1]: Stopping Tool to automatically collect and submit kernel crash signatures...
5月 15 22:59:14 ubuntu systemd[1]: kerneloops.service: Succeeded.
5月 15 22:59:14 ubuntu systemd[1]: Stopped Tool to automatically collect and submit kernel crash signatures.
-- Reboot --
5月 31 15:28:45 ubuntu systemd[1]: Starting Tool to automatically collect and submit kernel crash signatures...
5月 31 15:28:45 ubuntu systemd[1]: kerneloops.service: Found left-over process 1070 (kerneloops) in control group while starting unit. Ignoring.
5月 31 15:28:45 ubuntu systemd[1]: This usually indicates unclean termination of a previous run, or service implementation deficiencies.
5月 31 15:28:45 ubuntu systemd[1]: Started Tool to automatically collect and submit kernel crash signatures.
5月 31 16:19:37 ubuntu systemd[1]: Stopping Tool to automatically collect and submit kernel crash signatures...
5月 31 16:19:37 ubuntu systemd[1]: kerneloops.service: Succeeded.
5月 31 16:19:37 ubuntu systemd[1]: Stopped Tool to automatically collect and submit kernel crash signatures.
-- Reboot --
5月 31 16:19:54 ubuntu systemd[1]: Starting Tool to automatically collect and submit kernel crash signatures...
5月 31 16:19:54 ubuntu systemd[1]: kerneloops.service: Found left-over process 1043 (kerneloops) in control group while starting unit. Ignoring.
5月 31 16:19:54 ubuntu systemd[1]: This usually indicates unclean termination of a previous run, or service implementation deficiencies.
5月 31 16:19:54 ubuntu systemd[1]: Started Tool to automatically collect and submit kernel crash signatures.
-- Reboot --
5月 31 21:00:57 ubuntu systemd[1]: Starting Tool to automatically collect and submit kernel crash signatures...
5月 31 21:00:57 ubuntu systemd[1]: kerneloops.service: Found left-over process 1069 (kerneloops) in control group while starting unit. Ignoring.
5月 31 21:00:57 ubuntu systemd[1]: This usually indicates unclean termination of a previous run, or service implementation deficiencies.
5月 31 21:00:57 ubuntu systemd[1]: Started Tool to automatically collect and submit kernel crash signatures.
-- Reboot --
6月 01 23:20:25 ubuntu systemd[1]: Starting Tool to automatically collect and submit kernel crash signatures...
6月 01 23:20:25 ubuntu systemd[1]: kerneloops.service: Found left-over process 1142 (kerneloops) in control group while starting unit. Ignoring.
6月 01 23:20:25 ubuntu systemd[1]: This usually indicates unclean termination of a previous run, or service implementation deficiencies.
6月 01 23:20:25 ubuntu systemd[1]: Started Tool to automatically collect and submit kernel crash signatures.
6月 02 00:27:49 ubuntu systemd[1]: Stopping Tool to automatically collect and submit kernel crash signatures...
6月 02 00:27:49 ubuntu systemd[1]: kerneloops.service: Succeeded.
6月 02 00:27:49 ubuntu systemd[1]: Stopped Tool to automatically collect and submit kernel crash signatures.
-- Reboot --
6月 06 14:12:36 ubuntu systemd[1]: Starting Tool to automatically collect and submit kernel crash signatures...
6月 06 14:12:36 ubuntu systemd[1]: kerneloops.service: Found left-over process 1099 (kerneloops) in control group while starting unit. Ignoring.
6月 06 14:12:36 ubuntu systemd[1]: This usually indicates unclean termination of a previous run, or service implementation deficiencies.
6月 06 14:12:36 ubuntu systemd[1]: Started Tool to automatically collect and submit kernel crash signatures.
6月 06 15:33:45 ubuntu systemd[1]: Stopping Tool to automatically collect and submit kernel crash signatures...
6月 06 15:33:46 ubuntu systemd[1]: kerneloops.service: Succeeded.
6月 06 15:33:46 ubuntu systemd[1]: Stopped Tool to automatically collect and submit kernel crash signatures.
-- Reboot --
6月 06 15:39:36 ubuntu systemd[1]: Starting Tool to automatically collect and submit kernel crash signatures...
6月 06 15:39:36 ubuntu systemd[1]: kerneloops.service: Found left-over process 1085 (kerneloops) in control group while starting unit. Ignoring.
6月 06 15:39:36 ubuntu systemd[1]: This usually indicates unclean termination of a previous run, or service implementation deficiencies.
6月 06 15:39:36 ubuntu systemd[1]: Started Tool to automatically collect and submit kernel crash signatures.
6月 06 15:42:24 ubuntu systemd[1]: Stopping Tool to automatically collect and submit kernel crash signatures...
6月 06 15:42:24 ubuntu systemd[1]: kerneloops.service: Succeeded.
6月 06 15:42:24 ubuntu systemd[1]: Stopped Tool to automatically collect and submit kernel crash signatures.
-- Reboot --
6月 06 15:44:18 ubuntu systemd[1]: Starting Tool to automatically collect and submit kernel crash signatures...
6月 06 15:44:18 ubuntu systemd[1]: kerneloops.service: Found left-over process 994 (kerneloops) in control group while starting unit. Ignoring.
6月 06 15:44:18 ubuntu systemd[1]: This usually indicates unclean termination of a previous run, or service implementation deficiencies.
6月 06 15:44:18 ubuntu systemd[1]: Started Tool to automatically collect and submit kernel crash signatures.
-- Reboot --
6月 15 14:08:57 ubuntu systemd[1]: Starting Tool to automatically collect and submit kernel crash signatures...
6月 15 14:08:58 ubuntu systemd[1]: kerneloops.service: Found left-over process 1132 (kerneloops) in control group while starting unit. Ignoring.
6月 15 14:08:58 ubuntu systemd[1]: This usually indicates unclean termination of a previous run, or service implementation deficiencies.
6月 15 14:08:58 ubuntu systemd[1]: Started Tool to automatically collect and submit kernel crash signatures.
6月 15 16:32:38 ubuntu systemd[1]: Stopping Tool to automatically collect and submit kernel crash signatures...
6月 15 16:32:38 ubuntu systemd[1]: kerneloops.service: Succeeded.
6月 15 16:32:38 ubuntu systemd[1]: Stopped Tool to automatically collect and submit kernel crash signatures.
-- Reboot --
6月 16 14:48:29 ubuntu systemd[1]: Starting Tool to automatically collect and submit kernel crash signatures...
6月 16 14:48:29 ubuntu systemd[1]: kerneloops.service: Found left-over process 1035 (kerneloops) in control group while starting unit. Ignoring.
6月 16 14:48:29 ubuntu systemd[1]: This usually indicates unclean termination of a previous run, or service implementation deficiencies.
6月 16 14:48:29 ubuntu systemd[1]: Started Tool to automatically collect and submit kernel crash signatures.
-- Reboot --
2月 25 16:36:15 ubuntu systemd[1]: Starting Tool to automatically collect and submit kernel crash signatures...
2月 25 16:36:15 ubuntu systemd[1]: kerneloops.service: Found left-over process 1045 (kerneloops) in control group while starting unit. Ignoring.
2月 25 16:36:15 ubuntu systemd[1]: This usually indicates unclean termination of a previous run, or service implementation deficiencies.
2月 25 16:36:15 ubuntu systemd[1]: Started Tool to automatically collect and submit kernel crash signatures.
-- Reboot --
3月 27 17:52:50 ubuntu systemd[1]: Starting Tool to automatically collect and submit kernel crash signatures...
3月 27 17:52:50 ubuntu systemd[1]: kerneloops.service: Found left-over process 1043 (kerneloops) in control group while starting unit. Ignoring.
3月 27 17:52:50 ubuntu systemd[1]: This usually indicates unclean termination of a previous run, or service implementation deficiencies.
3月 27 17:52:50 ubuntu systemd[1]: Started Tool to automatically collect and submit kernel crash signatures.
-- Reboot --
3月 30 14:06:07 ubuntu systemd[1]: Starting Tool to automatically collect and submit kernel crash signatures...
3月 30 14:06:08 ubuntu systemd[1]: kerneloops.service: Found left-over process 1069 (kerneloops) in control group while starting unit. Ignoring.
3月 30 14:06:08 ubuntu systemd[1]: This usually indicates unclean termination of a previous run, or service implementation deficiencies.
3月 30 14:06:08 ubuntu systemd[1]: Started Tool to automatically collect and submit kernel crash signatures.
3月 30 14:44:04 ubuntu systemd[1]: Stopping Tool to automatically collect and submit kernel crash signatures...
3月 30 14:44:04 ubuntu systemd[1]: kerneloops.service: Succeeded.
3月 30 14:44:04 ubuntu systemd[1]: Stopped Tool to automatically collect and submit kernel crash signatures.
-- Reboot --
3月 30 14:44:34 ubuntu systemd[1]: Starting Tool to automatically collect and submit kernel crash signatures...
3月 30 14:44:34 ubuntu systemd[1]: kerneloops.service: Found left-over process 998 (kerneloops) in control group while starting unit. Ignoring.
3月 30 14:44:34 ubuntu systemd[1]: This usually indicates unclean termination of a previous run, or service implementation deficiencies.
3月 30 14:44:34 ubuntu systemd[1]: Started Tool to automatically collect and submit kernel crash signatures.
3月 30 14:51:17 ubuntu systemd[1]: Stopping Tool to automatically collect and submit kernel crash signatures...
3月 30 14:51:17 ubuntu systemd[1]: kerneloops.service: Succeeded.
3月 30 14:51:17 ubuntu systemd[1]: Stopped Tool to automatically collect and submit kernel crash signatures.
-- Reboot --
3月 30 15:12:20 ubuntu systemd[1]: Starting Tool to automatically collect and submit kernel crash signatures...
3月 30 15:12:20 ubuntu systemd[1]: kerneloops.service: Found left-over process 1019 (kerneloops) in control group while starting unit. Ignoring.
3月 30 15:12:20 ubuntu systemd[1]: This usually indicates unclean termination of a previous run, or service implementation deficiencies.
3月 30 15:12:20 ubuntu systemd[1]: Started Tool to automatically collect and submit kernel crash signatures.
3月 30 15:12:58 ubuntu systemd[1]: Stopping Tool to automatically collect and submit kernel crash signatures...
3月 30 15:12:58 ubuntu systemd[1]: kerneloops.service: Succeeded.
3月 30 15:12:58 ubuntu systemd[1]: Stopped Tool to automatically collect and submit kernel crash signatures.
-- Reboot --
3月 30 15:18:41 ubuntu systemd[1]: Starting Tool to automatically collect and submit kernel crash signatures...
3月 30 15:18:41 ubuntu systemd[1]: kerneloops.service: Found left-over process 958 (kerneloops) in control group while starting unit. Ignoring.
3月 30 15:18:41 ubuntu systemd[1]: This usually indicates unclean termination of a previous run, or service implementation deficiencies.
3月 30 15:18:41 ubuntu systemd[1]: Started Tool to automatically collect and submit kernel crash signatures.
3月 30 15:19:57 ubuntu systemd[1]: Stopping Tool to automatically collect and submit kernel crash signatures...
3月 30 15:19:58 ubuntu systemd[1]: kerneloops.service: Succeeded.
3月 30 15:19:58 ubuntu systemd[1]: Stopped Tool to automatically collect and submit kernel crash signatures.
-- Reboot --
3月 30 22:57:17 ubuntu systemd[1]: Starting Tool to automatically collect and submit kernel crash signatures...
3月 30 22:57:17 ubuntu systemd[1]: kerneloops.service: Found left-over process 1337 (kerneloops) in control group while starting unit. Ignoring.
3月 30 22:57:17 ubuntu systemd[1]: This usually indicates unclean termination of a previous run, or service implementation deficiencies.
3月 30 22:57:17 ubuntu systemd[1]: Started Tool to automatically collect and submit kernel crash signatures.
3月 30 22:59:12 ubuntu systemd[1]: Stopping Tool to automatically collect and submit kernel crash signatures...
3月 30 22:59:12 ubuntu systemd[1]: kerneloops.service: Succeeded.
3月 30 22:59:12 ubuntu systemd[1]: Stopped Tool to automatically collect and submit kernel crash signatures.
-- Reboot --
3月 30 23:00:50 ubuntu systemd[1]: Starting Tool to automatically collect and submit kernel crash signatures...
3月 30 23:00:50 ubuntu systemd[1]: kerneloops.service: Found left-over process 1412 (kerneloops) in control group while starting unit. Ignoring.
3月 30 23:00:50 ubuntu systemd[1]: This usually indicates unclean termination of a previous run, or service implementation deficiencies.
3月 30 23:00:50 ubuntu systemd[1]: Started Tool to automatically collect and submit kernel crash signatures.
3月 30 23:02:22 ubuntu systemd[1]: Stopping Tool to automatically collect and submit kernel crash signatures...
3月 30 23:02:22 ubuntu systemd[1]: kerneloops.service: Succeeded.
3月 30 23:02:22 ubuntu systemd[1]: Stopped Tool to automatically collect and submit kernel crash signatures.
-- Reboot --
3月 30 23:05:29 ubuntu systemd[1]: Starting Tool to automatically collect and submit kernel crash signatures...
3月 30 23:05:29 ubuntu systemd[1]: kerneloops.service: Found left-over process 1205 (kerneloops) in control group while starting unit. Ignoring.
3月 30 23:05:29 ubuntu systemd[1]: This usually indicates unclean termination of a previous run, or service implementation deficiencies.
3月 30 23:05:29 ubuntu systemd[1]: Started Tool to automatically collect and submit kernel crash signatures.
3月 30 23:14:09 ubuntu systemd[1]: Stopping Tool to automatically collect and submit kernel crash signatures...
3月 30 23:14:09 ubuntu systemd[1]: kerneloops.service: Succeeded.
3月 30 23:14:09 ubuntu systemd[1]: Stopped Tool to automatically collect and submit kernel crash signatures.
-- Reboot --
3月 31 18:40:23 ubuntu systemd[1]: Starting Tool to automatically collect and submit kernel crash signatures...
3月 31 18:40:23 ubuntu systemd[1]: kerneloops.service: Found left-over process 1318 (kerneloops) in control group while starting unit. Ignoring.
3月 31 18:40:23 ubuntu systemd[1]: This usually indicates unclean termination of a previous run, or service implementation deficiencies.
3月 31 18:40:23 ubuntu systemd[1]: Started Tool to automatically collect and submit kernel crash signatures.
3月 31 18:53:35 ubuntu systemd[1]: Stopping Tool to automatically collect and submit kernel crash signatures...
3月 31 18:53:35 ubuntu systemd[1]: kerneloops.service: Succeeded.
3月 31 18:53:35 ubuntu systemd[1]: Stopped Tool to automatically collect and submit kernel crash signatures.
-- Reboot --
3月 31 18:54:23 ubuntu systemd[1]: Starting Tool to automatically collect and submit kernel crash signatures...
3月 31 18:54:23 ubuntu systemd[1]: kerneloops.service: Found left-over process 1413 (kerneloops) in control group while starting unit. Ignoring.
3月 31 18:54:23 ubuntu systemd[1]: This usually indicates unclean termination of a previous run, or service implementation deficiencies.
3月 31 18:54:23 ubuntu systemd[1]: Started Tool to automatically collect and submit kernel crash signatures.
3月 31 19:01:42 ubuntu systemd[1]: Stopping Tool to automatically collect and submit kernel crash signatures...
3月 31 19:01:42 ubuntu systemd[1]: kerneloops.service: Succeeded.
3月 31 19:01:42 ubuntu systemd[1]: Stopped Tool to automatically collect and submit kernel crash signatures.
-- Reboot --
3月 31 19:04:02 ubuntu systemd[1]: Starting Tool to automatically collect and submit kernel crash signatures...
3月 31 19:04:02 ubuntu systemd[1]: kerneloops.service: Found left-over process 1023 (kerneloops) in control group while starting unit. Ignoring.
3月 31 19:04:02 ubuntu systemd[1]: This usually indicates unclean termination of a previous run, or service implementation deficiencies.
3月 31 19:04:02 ubuntu systemd[1]: Started Tool to automatically collect and submit kernel crash signatures.
3月 31 19:26:10 ubuntu systemd[1]: Stopping Tool to automatically collect and submit kernel crash signatures...
3月 31 19:26:10 ubuntu systemd[1]: kerneloops.service: Succeeded.
3月 31 19:26:10 ubuntu systemd[1]: Stopped Tool to automatically collect and submit kernel crash signatures.
-- Reboot --
3月 31 19:27:42 ubuntu systemd[1]: Starting Tool to automatically collect and submit kernel crash signatures...
3月 31 19:27:42 ubuntu systemd[1]: kerneloops.service: Found left-over process 1397 (kerneloops) in control group while starting unit. Ignoring.
3月 31 19:27:42 ubuntu systemd[1]: This usually indicates unclean termination of a previous run, or service implementation deficiencies.
3月 31 19:27:42 ubuntu systemd[1]: Started Tool to automatically collect and submit kernel crash signatures.
-- Reboot --
3月 31 19:43:33 ubuntu systemd[1]: Starting Tool to automatically collect and submit kernel crash signatures...
3月 31 19:43:33 ubuntu systemd[1]: kerneloops.service: Found left-over process 1155 (kerneloops) in control group while starting unit. Ignoring.
3月 31 19:43:33 ubuntu systemd[1]: This usually indicates unclean termination of a previous run, or service implementation deficiencies.
3月 31 19:43:33 ubuntu systemd[1]: Started Tool to automatically collect and submit kernel crash signatures.
3月 31 19:57:56 ubuntu systemd[1]: Stopping Tool to automatically collect and submit kernel crash signatures...
3月 31 19:57:56 ubuntu systemd[1]: kerneloops.service: Succeeded.
3月 31 19:57:56 ubuntu systemd[1]: Stopped Tool to automatically collect and submit kernel crash signatures.
-- Reboot --
3月 31 19:58:24 ubuntu systemd[1]: Starting Tool to automatically collect and submit kernel crash signatures...
3月 31 19:58:24 ubuntu systemd[1]: kerneloops.service: Found left-over process 1461 (kerneloops) in control group while starting unit. Ignoring.
3月 31 19:58:24 ubuntu systemd[1]: This usually indicates unclean termination of a previous run, or service implementation deficiencies.
3月 31 19:58:24 ubuntu systemd[1]: Started Tool to automatically collect and submit kernel crash signatures.
3月 31 20:09:57 ubuntu systemd[1]: Stopping Tool to automatically collect and submit kernel crash signatures...
3月 31 20:09:57 ubuntu systemd[1]: kerneloops.service: Succeeded.
3月 31 20:09:57 ubuntu systemd[1]: Stopped Tool to automatically collect and submit kernel crash signatures.
-- Reboot --
3月 31 20:24:37 ubuntu systemd[1]: Starting Tool to automatically collect and submit kernel crash signatures...
3月 31 20:24:37 ubuntu systemd[1]: kerneloops.service: Found left-over process 1058 (kerneloops) in control group while starting unit. Ignoring.
3月 31 20:24:37 ubuntu systemd[1]: This usually indicates unclean termination of a previous run, or service implementation deficiencies.
3月 31 20:24:37 ubuntu systemd[1]: Started Tool to automatically collect and submit kernel crash signatures.
3月 31 21:06:51 ubuntu systemd[1]: Stopping Tool to automatically collect and submit kernel crash signatures...
3月 31 21:06:51 ubuntu systemd[1]: kerneloops.service: Succeeded.
3月 31 21:06:51 ubuntu systemd[1]: Stopped Tool to automatically collect and submit kernel crash signatures.
-- Reboot --
4月 02 17:05:09 ubuntu systemd[1]: Starting Tool to automatically collect and submit kernel crash signatures...
4月 02 17:05:09 ubuntu systemd[1]: kerneloops.service: Found left-over process 1447 (kerneloops) in control group while starting unit. Ignoring.
4月 02 17:05:09 ubuntu systemd[1]: This usually indicates unclean termination of a previous run, or service implementation deficiencies.
4月 02 17:05:09 ubuntu systemd[1]: Started Tool to automatically collect and submit kernel crash signatures.
4月 02 17:13:52 ubuntu systemd[1]: Stopping Tool to automatically collect and submit kernel crash signatures...
4月 02 17:13:52 ubuntu systemd[1]: kerneloops.service: Succeeded.
4月 02 17:13:52 ubuntu systemd[1]: Stopped Tool to automatically collect and submit kernel crash signatures.
-- Reboot --
4月 14 20:21:44 ubuntu systemd[1]: Starting Tool to automatically collect and submit kernel crash signatures...
4月 14 20:21:44 ubuntu systemd[1]: kerneloops.service: Found left-over process 1299 (kerneloops) in control group while starting unit. Ignoring.
4月 14 20:21:44 ubuntu systemd[1]: This usually indicates unclean termination of a previous run, or service implementation deficiencies.
4月 14 20:21:44 ubuntu systemd[1]: Started Tool to automatically collect and submit kernel crash signatures.
4月 14 20:54:40 ubuntu systemd[1]: Stopping Tool to automatically collect and submit kernel crash signatures...
4月 14 20:54:40 ubuntu systemd[1]: kerneloops.service: Succeeded.
4月 14 20:54:40 ubuntu systemd[1]: Stopped Tool to automatically collect and submit kernel crash signatures.
-- Reboot --
4月 14 20:55:54 ubuntu systemd[1]: Starting Tool to automatically collect and submit kernel crash signatures...
4月 14 20:55:54 ubuntu systemd[1]: kerneloops.service: Found left-over process 1304 (kerneloops) in control group while starting unit. Ignoring.
4月 14 20:55:54 ubuntu systemd[1]: This usually indicates unclean termination of a previous run, or service implementation deficiencies.
4月 14 20:55:55 ubuntu systemd[1]: Started Tool to automatically collect and submit kernel crash signatures.
-- Reboot --
4月 15 22:31:10 ubuntu systemd[1]: Starting Tool to automatically collect and submit kernel crash signatures...
4月 15 22:31:10 ubuntu systemd[1]: kerneloops.service: Found left-over process 1254 (kerneloops) in control group while starting unit. Ignoring.
4月 15 22:31:10 ubuntu systemd[1]: This usually indicates unclean termination of a previous run, or service implementation deficiencies.
4月 15 22:31:10 ubuntu systemd[1]: Started Tool to automatically collect and submit kernel crash signatures.
4月 15 22:43:25 ubuntu systemd[1]: Stopping Tool to automatically collect and submit kernel crash signatures...
4月 15 22:43:25 ubuntu systemd[1]: kerneloops.service: Succeeded.
4月 15 22:43:25 ubuntu systemd[1]: Stopped Tool to automatically collect and submit kernel crash signatures.
-- Reboot --
4月 15 22:43:48 ubuntu systemd[1]: Starting Tool to automatically collect and submit kernel crash signatures...
4月 15 22:43:48 ubuntu systemd[1]: kerneloops.service: Found left-over process 1488 (kerneloops) in control group while starting unit. Ignoring.
4月 15 22:43:48 ubuntu systemd[1]: This usually indicates unclean termination of a previous run, or service implementation deficiencies.
4月 15 22:43:48 ubuntu systemd[1]: Started Tool to automatically collect and submit kernel crash signatures.
4月 15 23:08:20 ubuntu systemd[1]: Stopping Tool to automatically collect and submit kernel crash signatures...
4月 15 23:08:20 ubuntu systemd[1]: kerneloops.service: Succeeded.
4月 15 23:08:20 ubuntu systemd[1]: Stopped Tool to automatically collect and submit kernel crash signatures.
-- Reboot --
4月 19 18:41:07 ubuntu systemd[1]: Starting Tool to automatically collect and submit kernel crash signatures...
4月 19 18:41:07 ubuntu systemd[1]: kerneloops.service: Found left-over process 1222 (kerneloops) in control group while starting unit. Ignoring.
4月 19 18:41:07 ubuntu systemd[1]: This usually indicates unclean termination of a previous run, or service implementation deficiencies.
4月 19 18:41:07 ubuntu systemd[1]: Started Tool to automatically collect and submit kernel crash signatures.
4月 19 19:04:21 ubuntu systemd[1]: Stopping Tool to automatically collect and submit kernel crash signatures...
4月 19 19:04:21 ubuntu systemd[1]: kerneloops.service: Succeeded.
4月 19 19:04:21 ubuntu systemd[1]: Stopped Tool to automatically collect and submit kernel crash signatures.
-- Reboot --
4月 19 19:16:17 ubuntu systemd[1]: Starting Tool to automatically collect and submit kernel crash signatures...
4月 19 19:16:17 ubuntu systemd[1]: kerneloops.service: Found left-over process 1098 (kerneloops) in control group while starting unit. Ignoring.
4月 19 19:16:17 ubuntu systemd[1]: This usually indicates unclean termination of a previous run, or service implementation deficiencies.
4月 19 19:16:17 ubuntu systemd[1]: Started Tool to automatically collect and submit kernel crash signatures.
4月 19 19:25:49 ubuntu systemd[1]: Stopping Tool to automatically collect and submit kernel crash signatures...
4月 19 19:25:50 ubuntu systemd[1]: kerneloops.service: Succeeded.
4月 19 19:25:50 ubuntu systemd[1]: Stopped Tool to automatically collect and submit kernel crash signatures.
-- Reboot --
4月 21 14:58:37 ubuntu systemd[1]: Starting Tool to automatically collect and submit kernel crash signatures...
4月 21 14:58:37 ubuntu systemd[1]: kerneloops.service: Found left-over process 2276 (kerneloops) in control group while starting unit. Ignoring.
4月 21 14:58:37 ubuntu systemd[1]: This usually indicates unclean termination of a previous run, or service implementation deficiencies.
4月 21 14:58:37 ubuntu systemd[1]: Started Tool to automatically collect and submit kernel crash signatures.

