-- Logs begin at Sat 2022-01-08 18:32:32 CST, end at Fri 2023-04-21 17:17:40 CST. --
1月 09 21:32:59 ubuntu systemd[1]: Stopping Modem Manager...
1月 09 21:32:59 ubuntu ModemManager[949]: <info>  caught signal, shutting down...
1月 09 21:32:59 ubuntu ModemManager[949]: <info>  ModemManager is shut down
1月 09 21:32:59 ubuntu systemd[1]: ModemManager.service: Succeeded.
1月 09 21:32:59 ubuntu systemd[1]: Stopped Modem Manager.
-- Reboot --
1月 09 21:33:15 ubuntu systemd[1]: Starting Modem Manager...
1月 09 21:33:15 ubuntu ModemManager[951]: <info>  ModemManager (version 1.16.6) starting in system bus...
1月 09 21:33:15 ubuntu systemd[1]: Started Modem Manager.
1月 09 21:33:18 ubuntu ModemManager[951]: <info>  [base-manager] couldn't check support for device '/sys/devices/pci0000:00/0000:00:11.0/0000:02:01.0': not supported by any plugin
-- Reboot --
3月 22 14:03:02 ubuntu systemd[1]: Starting Modem Manager...
3月 22 14:03:02 ubuntu ModemManager[973]: <info>  ModemManager (version 1.16.6) starting in system bus...
3月 22 14:03:02 ubuntu systemd[1]: Started Modem Manager.
3月 22 14:03:05 ubuntu ModemManager[973]: <info>  [base-manager] couldn't check support for device '/sys/devices/pci0000:00/0000:00:11.0/0000:02:01.0': not supported by any plugin
3月 22 14:09:28 ubuntu ModemManager[973]: <info>  [base-manager] couldn't check support for device '/sys/devices/pci0000:00/0000:00:11.0/0000:02:01.0': not supported by any plugin
3月 22 14:12:16 ubuntu ModemManager[973]: <info>  caught signal, shutting down...
3月 22 14:12:16 ubuntu systemd[1]: Stopping Modem Manager...
3月 22 14:12:16 ubuntu ModemManager[973]: <info>  ModemManager is shut down
3月 22 14:12:16 ubuntu systemd[1]: ModemManager.service: Succeeded.
3月 22 14:12:16 ubuntu systemd[1]: Stopped Modem Manager.
3月 22 14:12:16 ubuntu systemd[1]: Starting Modem Manager...
3月 22 14:12:16 ubuntu ModemManager[23461]: <info>  ModemManager (version 1.16.6) starting in system bus...
3月 22 14:12:16 ubuntu systemd[1]: Started Modem Manager.
3月 22 14:12:18 ubuntu ModemManager[23461]: <info>  [base-manager] couldn't check support for device '/sys/devices/pci0000:00/0000:00:11.0/0000:02:01.0': not supported by any plugin
3月 22 14:13:28 ubuntu systemd[1]: Stopping Modem Manager...
3月 22 14:13:28 ubuntu ModemManager[23461]: <info>  caught signal, shutting down...
3月 22 14:13:28 ubuntu ModemManager[23461]: <info>  ModemManager is shut down
3月 22 14:13:28 ubuntu systemd[1]: ModemManager.service: Succeeded.
3月 22 14:13:28 ubuntu systemd[1]: Stopped Modem Manager.
-- Reboot --
3月 22 14:13:42 ubuntu systemd[1]: Starting Modem Manager...
3月 22 14:13:42 ubuntu ModemManager[970]: <info>  ModemManager (version 1.16.6) starting in system bus...
3月 22 14:13:42 ubuntu systemd[1]: Started Modem Manager.
3月 22 14:13:45 ubuntu ModemManager[970]: <info>  [base-manager] couldn't check support for device '/sys/devices/pci0000:00/0000:00:11.0/0000:02:01.0': not supported by any plugin
3月 22 14:22:48 ubuntu systemd[1]: Stopping Modem Manager...
3月 22 14:22:48 ubuntu ModemManager[970]: <info>  caught signal, shutting down...
3月 22 14:22:48 ubuntu ModemManager[970]: <info>  ModemManager is shut down
3月 22 14:22:48 ubuntu systemd[1]: ModemManager.service: Succeeded.
3月 22 14:22:48 ubuntu systemd[1]: Stopped Modem Manager.
-- Reboot --
3月 22 16:13:10 ubuntu systemd[1]: Starting Modem Manager...
3月 22 16:13:10 ubuntu ModemManager[965]: <info>  ModemManager (version 1.16.6) starting in system bus...
3月 22 16:13:10 ubuntu systemd[1]: Started Modem Manager.
3月 22 16:13:13 ubuntu ModemManager[965]: <info>  [base-manager] couldn't check support for device '/sys/devices/pci0000:00/0000:00:11.0/0000:02:01.0': not supported by any plugin
3月 22 17:37:59 ubuntu ModemManager[965]: <info>  caught signal, shutting down...
3月 22 17:37:59 ubuntu systemd[1]: Stopping Modem Manager...
3月 22 17:37:59 ubuntu ModemManager[965]: <info>  ModemManager is shut down
3月 22 17:37:59 ubuntu systemd[1]: ModemManager.service: Succeeded.
3月 22 17:37:59 ubuntu systemd[1]: Stopped Modem Manager.
-- Reboot --
3月 25 10:18:05 ubuntu systemd[1]: Starting Modem Manager...
3月 25 10:18:05 ubuntu ModemManager[1011]: <info>  ModemManager (version 1.16.6) starting in system bus...
3月 25 10:18:05 ubuntu systemd[1]: Started Modem Manager.
3月 25 10:18:08 ubuntu ModemManager[1011]: <info>  [base-manager] couldn't check support for device '/sys/devices/pci0000:00/0000:00:11.0/0000:02:01.0': not supported by any plugin
3月 25 10:36:28 ubuntu ModemManager[1011]: <info>  caught signal, shutting down...
3月 25 10:36:28 ubuntu systemd[1]: Stopping Modem Manager...
3月 25 10:36:28 ubuntu ModemManager[1011]: <info>  ModemManager is shut down
3月 25 10:36:28 ubuntu systemd[1]: ModemManager.service: Succeeded.
3月 25 10:36:28 ubuntu systemd[1]: Stopped Modem Manager.
-- Reboot --
3月 25 10:45:16 ubuntu systemd[1]: Starting Modem Manager...
3月 25 10:45:16 ubuntu ModemManager[979]: <info>  ModemManager (version 1.16.6) starting in system bus...
3月 25 10:45:16 ubuntu systemd[1]: Started Modem Manager.
3月 25 10:45:19 ubuntu ModemManager[979]: <info>  [base-manager] couldn't check support for device '/sys/devices/pci0000:00/0000:00:11.0/0000:02:01.0': not supported by any plugin
-- Reboot --
3月 28 10:02:54 ubuntu systemd[1]: Starting Modem Manager...
3月 28 10:02:54 ubuntu ModemManager[1003]: <info>  ModemManager (version 1.16.6) starting in system bus...
3月 28 10:02:54 ubuntu systemd[1]: Started Modem Manager.
3月 28 10:02:57 ubuntu ModemManager[1003]: <info>  [base-manager] couldn't check support for device '/sys/devices/pci0000:00/0000:00:11.0/0000:02:01.0': not supported by any plugin
-- Reboot --
3月 28 14:59:44 ubuntu systemd[1]: Starting Modem Manager...
3月 28 14:59:44 ubuntu ModemManager[970]: <info>  ModemManager (version 1.16.6) starting in system bus...
3月 28 14:59:44 ubuntu systemd[1]: Started Modem Manager.
3月 28 14:59:50 ubuntu ModemManager[970]: <info>  [base-manager] couldn't check support for device '/sys/devices/pci0000:00/0000:00:11.0/0000:02:01.0': not supported by any plugin
3月 28 15:53:53 ubuntu ModemManager[970]: <info>  caught signal, shutting down...
3月 28 15:53:53 ubuntu ModemManager[970]: <info>  ModemManager is shut down
3月 28 15:53:53 ubuntu systemd[1]: Stopping Modem Manager...
3月 28 15:53:54 ubuntu systemd[1]: ModemManager.service: Succeeded.
3月 28 15:53:54 ubuntu systemd[1]: Stopped Modem Manager.
-- Reboot --
3月 28 16:17:46 ubuntu systemd[1]: Starting Modem Manager...
3月 28 16:17:46 ubuntu ModemManager[877]: <info>  ModemManager (version 1.16.6) starting in system bus...
3月 28 16:17:46 ubuntu systemd[1]: Started Modem Manager.
3月 28 16:17:52 ubuntu ModemManager[877]: <info>  [base-manager] couldn't check support for device '/sys/devices/pci0000:00/0000:00:11.0/0000:02:01.0': not supported by any plugin
3月 28 17:29:19 ubuntu ModemManager[877]: <info>  caught signal, shutting down...
3月 28 17:29:19 ubuntu systemd[1]: Stopping Modem Manager...
3月 28 17:29:19 ubuntu ModemManager[877]: <info>  ModemManager is shut down
3月 28 17:29:20 ubuntu systemd[1]: ModemManager.service: Succeeded.
3月 28 17:29:20 ubuntu systemd[1]: Stopped Modem Manager.
-- Reboot --
4月 01 10:14:21 ubuntu systemd[1]: Starting Modem Manager...
4月 01 10:14:22 ubuntu ModemManager[953]: <info>  ModemManager (version 1.16.6) starting in system bus...
4月 01 10:14:25 ubuntu systemd[1]: Started Modem Manager.
4月 01 10:14:28 ubuntu ModemManager[953]: <info>  [base-manager] couldn't check support for device '/sys/devices/pci0000:00/0000:00:11.0/0000:02:01.0': not supported by any plugin
4月 01 10:24:19 ubuntu systemd[1]: Stopping Modem Manager...
4月 01 10:24:19 ubuntu ModemManager[953]: <info>  caught signal, shutting down...
4月 01 10:24:19 ubuntu ModemManager[953]: <info>  ModemManager is shut down
4月 01 10:24:19 ubuntu systemd[1]: ModemManager.service: Succeeded.
4月 01 10:24:19 ubuntu systemd[1]: Stopped Modem Manager.
-- Reboot --
4月 01 10:25:05 ubuntu systemd[1]: Starting Modem Manager...
4月 01 10:25:05 ubuntu ModemManager[923]: <info>  ModemManager (version 1.16.6) starting in system bus...
4月 01 10:25:05 ubuntu systemd[1]: Started Modem Manager.
4月 01 10:25:08 ubuntu ModemManager[923]: <info>  [base-manager] couldn't check support for device '/sys/devices/pci0000:00/0000:00:11.0/0000:02:01.0': not supported by any plugin
4月 01 12:03:43 ubuntu ModemManager[923]: <info>  caught signal, shutting down...
4月 01 12:03:43 ubuntu systemd[1]: Stopping Modem Manager...
4月 01 12:03:43 ubuntu ModemManager[923]: <info>  ModemManager is shut down
4月 01 12:03:43 ubuntu systemd[1]: ModemManager.service: Succeeded.
4月 01 12:03:43 ubuntu systemd[1]: Stopped Modem Manager.
-- Reboot --
4月 02 08:51:51 ubuntu systemd[1]: Starting Modem Manager...
4月 02 08:51:51 ubuntu ModemManager[919]: <info>  ModemManager (version 1.16.6) starting in system bus...
4月 02 08:51:52 ubuntu systemd[1]: Started Modem Manager.
4月 02 08:51:57 ubuntu ModemManager[919]: <info>  [base-manager] couldn't check support for device '/sys/devices/pci0000:00/0000:00:11.0/0000:02:01.0': not supported by any plugin
-- Reboot --
4月 02 09:04:37 ubuntu systemd[1]: Starting Modem Manager...
4月 02 09:04:37 ubuntu ModemManager[913]: <info>  ModemManager (version 1.16.6) starting in system bus...
4月 02 09:04:37 ubuntu systemd[1]: Started Modem Manager.
4月 02 09:04:44 ubuntu ModemManager[913]: <info>  [base-manager] couldn't check support for device '/sys/devices/pci0000:00/0000:00:11.0/0000:02:01.0': not supported by any plugin
-- Reboot --
4月 02 09:10:27 ubuntu systemd[1]: Starting Modem Manager...
4月 02 09:10:28 ubuntu ModemManager[913]: <info>  ModemManager (version 1.16.6) starting in system bus...
4月 02 09:10:28 ubuntu systemd[1]: Started Modem Manager.
4月 02 09:10:34 ubuntu ModemManager[913]: <info>  [base-manager] couldn't check support for device '/sys/devices/pci0000:00/0000:00:11.0/0000:02:01.0': not supported by any plugin
4月 02 09:29:37 ubuntu ModemManager[913]: <info>  caught signal, shutting down...
4月 02 09:29:37 ubuntu systemd[1]: Stopping Modem Manager...
4月 02 09:29:37 ubuntu ModemManager[913]: <info>  ModemManager is shut down
4月 02 09:29:37 ubuntu systemd[1]: ModemManager.service: Succeeded.
4月 02 09:29:37 ubuntu systemd[1]: Stopped Modem Manager.
-- Reboot --
4月 02 17:22:59 ubuntu systemd[1]: Starting Modem Manager...
4月 02 17:23:00 ubuntu ModemManager[838]: <info>  ModemManager (version 1.16.6) starting in system bus...
4月 02 17:23:00 ubuntu systemd[1]: Started Modem Manager.
4月 02 17:23:07 ubuntu ModemManager[838]: <info>  [base-manager] couldn't check support for device '/sys/devices/pci0000:00/0000:00:11.0/0000:02:01.0': not supported by any plugin
4月 02 17:51:13 ubuntu ModemManager[838]: <info>  caught signal, shutting down...
4月 02 17:51:13 ubuntu systemd[1]: Stopping Modem Manager...
4月 02 17:51:13 ubuntu ModemManager[838]: <info>  ModemManager is shut down
4月 02 17:51:13 ubuntu systemd[1]: ModemManager.service: Succeeded.
4月 02 17:51:13 ubuntu systemd[1]: Stopped Modem Manager.
-- Reboot --
4月 02 17:51:33 ubuntu systemd[1]: Starting Modem Manager...
4月 02 17:51:33 ubuntu ModemManager[930]: <info>  ModemManager (version 1.16.6) starting in system bus...
4月 02 17:51:33 ubuntu systemd[1]: Started Modem Manager.
4月 02 17:51:36 ubuntu ModemManager[930]: <info>  [base-manager] couldn't check support for device '/sys/devices/pci0000:00/0000:00:11.0/0000:02:01.0': not supported by any plugin
-- Reboot --
4月 06 08:17:17 ubuntu systemd[1]: Starting Modem Manager...
4月 06 08:17:17 ubuntu ModemManager[933]: <info>  ModemManager (version 1.16.6) starting in system bus...
4月 06 08:17:18 ubuntu systemd[1]: Started Modem Manager.
4月 06 08:17:24 ubuntu ModemManager[933]: <info>  [base-manager] couldn't check support for device '/sys/devices/pci0000:00/0000:00:11.0/0000:02:01.0': not supported by any plugin
4月 06 10:26:21 ubuntu systemd[1]: Stopping Modem Manager...
4月 06 10:26:21 ubuntu ModemManager[933]: <info>  caught signal, shutting down...
4月 06 10:26:21 ubuntu ModemManager[933]: <info>  ModemManager is shut down
4月 06 10:26:21 ubuntu systemd[1]: ModemManager.service: Succeeded.
4月 06 10:26:21 ubuntu systemd[1]: Stopped Modem Manager.
-- Reboot --
4月 13 08:09:38 ubuntu systemd[1]: Starting Modem Manager...
4月 13 08:09:38 ubuntu ModemManager[884]: <info>  ModemManager (version 1.16.6) starting in system bus...
4月 13 08:09:38 ubuntu systemd[1]: Started Modem Manager.
4月 13 08:09:50 ubuntu ModemManager[884]: <info>  [base-manager] couldn't check support for device '/sys/devices/pci0000:00/0000:00:11.0/0000:02:01.0': not supported by any plugin
4月 13 08:30:00 ubuntu ModemManager[884]: <info>  caught signal, shutting down...
4月 13 08:30:00 ubuntu systemd[1]: Stopping Modem Manager...
4月 13 08:30:00 ubuntu ModemManager[884]: <info>  ModemManager is shut down
4月 13 08:30:00 ubuntu systemd[1]: ModemManager.service: Succeeded.
4月 13 08:30:00 ubuntu systemd[1]: Stopped Modem Manager.
-- Reboot --
4月 13 08:30:19 ubuntu systemd[1]: Starting Modem Manager...
4月 13 08:30:20 ubuntu ModemManager[903]: <info>  ModemManager (version 1.16.6) starting in system bus...
4月 13 08:30:20 ubuntu systemd[1]: Started Modem Manager.
4月 13 08:30:22 ubuntu ModemManager[903]: <info>  [base-manager] couldn't check support for device '/sys/devices/pci0000:00/0000:00:11.0/0000:02:01.0': not supported by any plugin
-- Reboot --
4月 13 10:23:39 ubuntu systemd[1]: Starting Modem Manager...
4月 13 10:23:39 ubuntu ModemManager[914]: <info>  ModemManager (version 1.16.6) starting in system bus...
4月 13 10:23:40 ubuntu systemd[1]: Started Modem Manager.
4月 13 10:23:43 ubuntu ModemManager[914]: <info>  [base-manager] couldn't check support for device '/sys/devices/pci0000:00/0000:00:11.0/0000:02:01.0': not supported by any plugin
-- Reboot --
4月 13 14:46:33 ubuntu systemd[1]: Starting Modem Manager...
4月 13 14:46:33 ubuntu ModemManager[852]: <info>  ModemManager (version 1.16.6) starting in system bus...
4月 13 14:46:33 ubuntu systemd[1]: Started Modem Manager.
4月 13 14:46:36 ubuntu ModemManager[852]: <info>  [base-manager] couldn't check support for device '/sys/devices/pci0000:00/0000:00:11.0/0000:02:01.0': not supported by any plugin
4月 13 15:21:57 ubuntu ModemManager[852]: <info>  caught signal, shutting down...
4月 13 15:21:57 ubuntu systemd[1]: Stopping Modem Manager...
4月 13 15:21:57 ubuntu ModemManager[852]: <info>  ModemManager is shut down
4月 13 15:21:57 ubuntu systemd[1]: ModemManager.service: Succeeded.
4月 13 15:21:57 ubuntu systemd[1]: Stopped Modem Manager.
-- Reboot --
4月 15 10:17:00 ubuntu systemd[1]: Starting Modem Manager...
4月 15 10:17:00 ubuntu ModemManager[888]: <info>  ModemManager (version 1.16.6) starting in system bus...
4月 15 10:17:00 ubuntu systemd[1]: Started Modem Manager.
4月 15 10:17:03 ubuntu ModemManager[888]: <info>  [base-manager] couldn't check support for device '/sys/devices/pci0000:00/0000:00:11.0/0000:02:01.0': not supported by any plugin
-- Reboot --
4月 20 08:14:45 ubuntu systemd[1]: Starting Modem Manager...
4月 20 08:14:45 ubuntu ModemManager[935]: <info>  ModemManager (version 1.16.6) starting in system bus...
4月 20 08:14:46 ubuntu systemd[1]: Started Modem Manager.
4月 20 08:14:48 ubuntu ModemManager[935]: <info>  [base-manager] couldn't check support for device '/sys/devices/pci0000:00/0000:00:11.0/0000:02:01.0': not supported by any plugin
4月 20 08:22:49 ubuntu ModemManager[935]: <info>  caught signal, shutting down...
4月 20 08:22:49 ubuntu systemd[1]: Stopping Modem Manager...
4月 20 08:22:49 ubuntu ModemManager[935]: <info>  ModemManager is shut down
4月 20 08:22:49 ubuntu systemd[1]: ModemManager.service: Succeeded.
4月 20 08:22:49 ubuntu systemd[1]: Stopped Modem Manager.
-- Reboot --
4月 20 08:23:05 ubuntu systemd[1]: Starting Modem Manager...
4月 20 08:23:05 ubuntu ModemManager[886]: <info>  ModemManager (version 1.16.6) starting in system bus...
4月 20 08:23:05 ubuntu systemd[1]: Started Modem Manager.
4月 20 08:23:08 ubuntu ModemManager[886]: <info>  [base-manager] couldn't check support for device '/sys/devices/pci0000:00/0000:00:11.0/0000:02:01.0': not supported by any plugin
-- Reboot --
4月 27 08:18:21 ubuntu systemd[1]: Starting Modem Manager...
4月 27 08:18:21 ubuntu ModemManager[861]: <info>  ModemManager (version 1.16.6) starting in system bus...
4月 27 08:18:21 ubuntu systemd[1]: Started Modem Manager.
4月 27 08:18:24 ubuntu ModemManager[861]: <info>  [base-manager] couldn't check support for device '/sys/devices/pci0000:00/0000:00:11.0/0000:02:01.0': not supported by any plugin
4月 27 10:50:15 ubuntu ModemManager[861]: <info>  caught signal, shutting down...
4月 27 10:50:15 ubuntu systemd[1]: Stopping Modem Manager...
4月 27 10:50:15 ubuntu ModemManager[861]: <info>  ModemManager is shut down
4月 27 10:50:15 ubuntu systemd[1]: ModemManager.service: Succeeded.
4月 27 10:50:15 ubuntu systemd[1]: Stopped Modem Manager.
-- Reboot --
4月 27 11:07:09 ubuntu systemd[1]: Starting Modem Manager...
4月 27 11:07:09 ubuntu ModemManager[914]: <info>  ModemManager (version 1.16.6) starting in system bus...
4月 27 11:07:09 ubuntu systemd[1]: Started Modem Manager.
4月 27 11:07:12 ubuntu ModemManager[914]: <info>  [base-manager] couldn't check support for device '/sys/devices/pci0000:00/0000:00:11.0/0000:02:01.0': not supported by any plugin
4月 27 11:20:10 ubuntu ModemManager[914]: <info>  caught signal, shutting down...
4月 27 11:20:10 ubuntu systemd[1]: Stopping Modem Manager...
4月 27 11:20:10 ubuntu ModemManager[914]: <info>  ModemManager is shut down
4月 27 11:20:10 ubuntu systemd[1]: ModemManager.service: Succeeded.
4月 27 11:20:10 ubuntu systemd[1]: Stopped Modem Manager.
-- Reboot --
4月 27 14:11:31 ubuntu systemd[1]: Starting Modem Manager...
4月 27 14:11:31 ubuntu ModemManager[915]: <info>  ModemManager (version 1.16.6) starting in system bus...
4月 27 14:11:31 ubuntu systemd[1]: Started Modem Manager.
4月 27 14:11:34 ubuntu ModemManager[915]: <info>  [base-manager] couldn't check support for device '/sys/devices/pci0000:00/0000:00:11.0/0000:02:01.0': not supported by any plugin
4月 27 15:04:59 ubuntu ModemManager[915]: <info>  caught signal, shutting down...
4月 27 15:04:59 ubuntu systemd[1]: Stopping Modem Manager...
4月 27 15:04:59 ubuntu ModemManager[915]: <info>  ModemManager is shut down
4月 27 15:04:59 ubuntu systemd[1]: ModemManager.service: Succeeded.
4月 27 15:04:59 ubuntu systemd[1]: Stopped Modem Manager.
-- Reboot --
4月 27 15:05:19 ubuntu systemd[1]: Starting Modem Manager...
4月 27 15:05:19 ubuntu ModemManager[888]: <info>  ModemManager (version 1.16.6) starting in system bus...
4月 27 15:05:19 ubuntu systemd[1]: Started Modem Manager.
4月 27 15:05:22 ubuntu ModemManager[888]: <info>  [base-manager] couldn't check support for device '/sys/devices/pci0000:00/0000:00:11.0/0000:02:01.0': not supported by any plugin
4月 27 16:02:17 ubuntu systemd[1]: Stopping Modem Manager...
4月 27 16:02:17 ubuntu ModemManager[888]: <info>  caught signal, shutting down...
4月 27 16:02:17 ubuntu ModemManager[888]: <info>  ModemManager is shut down
4月 27 16:02:17 ubuntu systemd[1]: ModemManager.service: Succeeded.
4月 27 16:02:17 ubuntu systemd[1]: Stopped Modem Manager.
-- Reboot --
4月 28 21:00:46 ubuntu systemd[1]: Starting Modem Manager...
4月 28 21:00:47 ubuntu ModemManager[944]: <info>  ModemManager (version 1.16.6) starting in system bus...
4月 28 21:00:47 ubuntu systemd[1]: Started Modem Manager.
4月 28 21:00:51 ubuntu ModemManager[944]: <info>  [base-manager] couldn't check support for device '/sys/devices/pci0000:00/0000:00:11.0/0000:02:01.0': not supported by any plugin
4月 28 21:01:50 ubuntu ModemManager[944]: <info>  caught signal, shutting down...
4月 28 21:01:50 ubuntu systemd[1]: Stopping Modem Manager...
4月 28 21:01:50 ubuntu ModemManager[944]: <info>  ModemManager is shut down
4月 28 21:01:50 ubuntu systemd[1]: ModemManager.service: Succeeded.
4月 28 21:01:50 ubuntu systemd[1]: Stopped Modem Manager.
-- Reboot --
5月 06 10:06:15 ubuntu systemd[1]: Starting Modem Manager...
5月 06 10:06:15 ubuntu ModemManager[927]: <info>  ModemManager (version 1.16.6) starting in system bus...
5月 06 10:06:15 ubuntu systemd[1]: Started Modem Manager.
5月 06 10:06:20 ubuntu ModemManager[927]: <info>  [base-manager] couldn't check support for device '/sys/devices/pci0000:00/0000:00:11.0/0000:02:01.0': not supported by any plugin
5月 06 10:17:22 ubuntu systemd[1]: Stopping Modem Manager...
5月 06 10:17:22 ubuntu ModemManager[927]: <info>  caught signal, shutting down...
5月 06 10:17:22 ubuntu ModemManager[927]: <info>  ModemManager is shut down
5月 06 10:17:23 ubuntu systemd[1]: ModemManager.service: Succeeded.
5月 06 10:17:23 ubuntu systemd[1]: Stopped Modem Manager.
-- Reboot --
5月 06 10:17:46 ubuntu systemd[1]: Starting Modem Manager...
5月 06 10:17:46 ubuntu ModemManager[872]: <info>  ModemManager (version 1.16.6) starting in system bus...
5月 06 10:17:46 ubuntu systemd[1]: Started Modem Manager.
5月 06 10:17:49 ubuntu ModemManager[872]: <info>  [base-manager] couldn't check support for device '/sys/devices/pci0000:00/0000:00:11.0/0000:02:01.0': not supported by any plugin
5月 06 11:20:32 ubuntu ModemManager[872]: <info>  caught signal, shutting down...
5月 06 11:20:32 ubuntu ModemManager[872]: <info>  ModemManager is shut down
5月 06 11:20:32 ubuntu systemd[1]: Stopping Modem Manager...
5月 06 11:20:32 ubuntu systemd[1]: ModemManager.service: Succeeded.
5月 06 11:20:32 ubuntu systemd[1]: Stopped Modem Manager.
-- Reboot --
5月 07 08:13:43 ubuntu systemd[1]: Starting Modem Manager...
5月 07 08:13:43 ubuntu ModemManager[903]: <info>  ModemManager (version 1.16.6) starting in system bus...
5月 07 08:13:43 ubuntu systemd[1]: Started Modem Manager.
5月 07 08:13:53 ubuntu ModemManager[903]: <info>  [base-manager] couldn't check support for device '/sys/devices/pci0000:00/0000:00:11.0/0000:02:01.0': not supported by any plugin
-- Reboot --
5月 08 14:53:46 ubuntu systemd[1]: Starting Modem Manager...
5月 08 14:53:46 ubuntu ModemManager[886]: <info>  ModemManager (version 1.16.6) starting in system bus...
5月 08 14:53:46 ubuntu systemd[1]: Started Modem Manager.
5月 08 14:53:57 ubuntu ModemManager[886]: <info>  [base-manager] couldn't check support for device '/sys/devices/pci0000:00/0000:00:11.0/0000:02:01.0': not supported by any plugin
5月 08 14:55:07 ubuntu ModemManager[886]: <info>  caught signal, shutting down...
5月 08 14:55:07 ubuntu ModemManager[886]: <info>  ModemManager is shut down
5月 08 14:55:07 ubuntu systemd[1]: Stopping Modem Manager...
5月 08 14:55:08 ubuntu systemd[1]: ModemManager.service: Succeeded.
5月 08 14:55:08 ubuntu systemd[1]: Stopped Modem Manager.
-- Reboot --
5月 08 15:54:10 ubuntu systemd[1]: Starting Modem Manager...
5月 08 15:54:10 ubuntu ModemManager[861]: <info>  ModemManager (version 1.16.6) starting in system bus...
5月 08 15:54:11 ubuntu systemd[1]: Started Modem Manager.
5月 08 15:54:24 ubuntu ModemManager[861]: <info>  [base-manager] couldn't check support for device '/sys/devices/pci0000:00/0000:00:11.0/0000:02:01.0': not supported by any plugin
5月 08 16:26:55 ubuntu systemd[1]: Stopping Modem Manager...
5月 08 16:26:55 ubuntu ModemManager[861]: <info>  caught signal, shutting down...
5月 08 16:26:55 ubuntu ModemManager[861]: <info>  ModemManager is shut down
5月 08 16:26:55 ubuntu systemd[1]: ModemManager.service: Succeeded.
5月 08 16:26:55 ubuntu systemd[1]: Stopped Modem Manager.
-- Reboot --
5月 08 16:27:21 ubuntu systemd[1]: Starting Modem Manager...
5月 08 16:27:21 ubuntu ModemManager[920]: <info>  ModemManager (version 1.16.6) starting in system bus...
5月 08 16:27:21 ubuntu systemd[1]: Started Modem Manager.
5月 08 16:27:24 ubuntu ModemManager[920]: <info>  [base-manager] couldn't check support for device '/sys/devices/pci0000:00/0000:00:11.0/0000:02:01.0': not supported by any plugin
5月 08 16:39:26 ubuntu systemd[1]: Stopping Modem Manager...
5月 08 16:39:26 ubuntu ModemManager[920]: <info>  caught signal, shutting down...
5月 08 16:39:26 ubuntu ModemManager[920]: <info>  ModemManager is shut down
5月 08 16:39:26 ubuntu systemd[1]: ModemManager.service: Succeeded.
5月 08 16:39:26 ubuntu systemd[1]: Stopped Modem Manager.
5月 08 16:39:26 ubuntu systemd[1]: Starting Modem Manager...
5月 08 16:39:26 ubuntu ModemManager[4548]: <info>  ModemManager (version 1.18.6) starting in system bus...
5月 08 16:39:27 ubuntu systemd[1]: Started Modem Manager.
5月 08 16:39:29 ubuntu ModemManager[4548]: <info>  [base-manager] couldn't check support for device '/sys/devices/pci0000:00/0000:00:11.0/0000:02:01.0': not supported by any plugin
5月 08 17:02:55 ubuntu ModemManager[4548]: <info>  caught signal, shutting down...
5月 08 17:02:55 ubuntu systemd[1]: Stopping Modem Manager...
5月 08 17:02:55 ubuntu ModemManager[4548]: <info>  ModemManager is shut down
5月 08 17:02:55 ubuntu systemd[1]: ModemManager.service: Succeeded.
5月 08 17:02:55 ubuntu systemd[1]: Stopped Modem Manager.
-- Reboot --
5月 14 20:51:43 ubuntu systemd[1]: Starting Modem Manager...
5月 14 20:51:43 ubuntu ModemManager[918]: <info>  ModemManager (version 1.18.6) starting in system bus...
5月 14 20:51:43 ubuntu systemd[1]: Started Modem Manager.
5月 14 20:51:55 ubuntu ModemManager[918]: <info>  [base-manager] couldn't check support for device '/sys/devices/pci0000:00/0000:00:11.0/0000:02:01.0': not supported by any plugin
-- Reboot --
5月 15 00:06:13 ubuntu systemd[1]: Starting Modem Manager...
5月 15 00:06:13 ubuntu ModemManager[912]: <info>  ModemManager (version 1.18.6) starting in system bus...
5月 15 00:06:13 ubuntu systemd[1]: Started Modem Manager.
5月 15 00:06:18 ubuntu ModemManager[912]: <info>  [base-manager] couldn't check support for device '/sys/devices/pci0000:00/0000:00:11.0/0000:02:01.0': not supported by any plugin
5月 15 00:09:00 ubuntu ModemManager[912]: <info>  caught signal, shutting down...
5月 15 00:09:00 ubuntu systemd[1]: Stopping Modem Manager...
5月 15 00:09:00 ubuntu ModemManager[912]: <info>  ModemManager is shut down
5月 15 00:09:00 ubuntu systemd[1]: ModemManager.service: Succeeded.
5月 15 00:09:00 ubuntu systemd[1]: Stopped Modem Manager.
-- Reboot --
5月 15 00:15:06 ubuntu systemd[1]: Starting Modem Manager...
5月 15 00:15:06 ubuntu ModemManager[945]: <info>  ModemManager (version 1.18.6) starting in system bus...
5月 15 00:15:06 ubuntu systemd[1]: Started Modem Manager.
5月 15 00:15:11 ubuntu ModemManager[945]: <info>  [base-manager] couldn't check support for device '/sys/devices/pci0000:00/0000:00:11.0/0000:02:01.0': not supported by any plugin
5月 15 00:17:56 ubuntu ModemManager[945]: <info>  caught signal, shutting down...
5月 15 00:17:56 ubuntu systemd[1]: Stopping Modem Manager...
5月 15 00:17:56 ubuntu ModemManager[945]: <info>  ModemManager is shut down
5月 15 00:17:56 ubuntu systemd[1]: ModemManager.service: Succeeded.
5月 15 00:17:56 ubuntu systemd[1]: Stopped Modem Manager.
-- Reboot --
5月 15 10:43:39 ubuntu systemd[1]: Starting Modem Manager...
5月 15 10:43:40 ubuntu ModemManager[942]: <info>  ModemManager (version 1.18.6) starting in system bus...
5月 15 10:43:40 ubuntu systemd[1]: Started Modem Manager.
5月 15 10:43:45 ubuntu ModemManager[942]: <info>  [base-manager] couldn't check support for device '/sys/devices/pci0000:00/0000:00:11.0/0000:02:01.0': not supported by any plugin
5月 15 13:21:32 ubuntu ModemManager[942]: <info>  caught signal, shutting down...
5月 15 13:21:32 ubuntu systemd[1]: Stopping Modem Manager...
5月 15 13:21:32 ubuntu ModemManager[942]: <info>  ModemManager is shut down
5月 15 13:21:32 ubuntu systemd[1]: ModemManager.service: Succeeded.
5月 15 13:21:32 ubuntu systemd[1]: Stopped Modem Manager.
-- Reboot --
5月 15 15:15:41 ubuntu systemd[1]: Starting Modem Manager...
5月 15 15:15:41 ubuntu ModemManager[906]: <info>  ModemManager (version 1.18.6) starting in system bus...
5月 15 15:15:41 ubuntu systemd[1]: Started Modem Manager.
5月 15 15:15:44 ubuntu ModemManager[906]: <info>  [base-manager] couldn't check support for device '/sys/devices/pci0000:00/0000:00:11.0/0000:02:01.0': not supported by any plugin
5月 15 15:16:43 ubuntu ModemManager[906]: <info>  caught signal, shutting down...
5月 15 15:16:43 ubuntu systemd[1]: Stopping Modem Manager...
5月 15 15:16:43 ubuntu ModemManager[906]: <info>  ModemManager is shut down
5月 15 15:16:43 ubuntu systemd[1]: ModemManager.service: Succeeded.
5月 15 15:16:43 ubuntu systemd[1]: Stopped Modem Manager.
-- Reboot --
5月 15 16:28:27 ubuntu systemd[1]: Starting Modem Manager...
5月 15 16:28:27 ubuntu ModemManager[908]: <info>  ModemManager (version 1.18.6) starting in system bus...
5月 15 16:28:27 ubuntu systemd[1]: Started Modem Manager.
5月 15 16:28:30 ubuntu ModemManager[908]: <info>  [base-manager] couldn't check support for device '/sys/devices/pci0000:00/0000:00:11.0/0000:02:01.0': not supported by any plugin
5月 15 17:59:27 ubuntu systemd[1]: Stopping Modem Manager...
5月 15 17:59:27 ubuntu ModemManager[908]: <info>  caught signal, shutting down...
5月 15 17:59:27 ubuntu ModemManager[908]: <info>  ModemManager is shut down
5月 15 17:59:27 ubuntu systemd[1]: ModemManager.service: Succeeded.
5月 15 17:59:27 ubuntu systemd[1]: Stopped Modem Manager.
-- Reboot --
5月 15 21:27:13 ubuntu systemd[1]: Starting Modem Manager...
5月 15 21:27:13 ubuntu ModemManager[897]: <info>  ModemManager (version 1.18.6) starting in system bus...
5月 15 21:27:14 ubuntu systemd[1]: Started Modem Manager.
5月 15 21:27:16 ubuntu ModemManager[897]: <info>  [base-manager] couldn't check support for device '/sys/devices/pci0000:00/0000:00:11.0/0000:02:01.0': not supported by any plugin
5月 15 22:59:14 ubuntu ModemManager[897]: <info>  caught signal, shutting down...
5月 15 22:59:14 ubuntu ModemManager[897]: <info>  ModemManager is shut down
5月 15 22:59:14 ubuntu systemd[1]: Stopping Modem Manager...
5月 15 22:59:14 ubuntu systemd[1]: ModemManager.service: Succeeded.
5月 15 22:59:14 ubuntu systemd[1]: Stopped Modem Manager.
-- Reboot --
5月 31 15:28:45 ubuntu systemd[1]: Starting Modem Manager...
5月 31 15:28:45 ubuntu ModemManager[914]: <info>  ModemManager (version 1.18.6) starting in system bus...
5月 31 15:28:45 ubuntu systemd[1]: Started Modem Manager.
5月 31 15:28:48 ubuntu ModemManager[914]: <info>  [base-manager] couldn't check support for device '/sys/devices/pci0000:00/0000:00:11.0/0000:02:01.0': not supported by any plugin
5月 31 16:19:37 ubuntu ModemManager[914]: <info>  caught signal, shutting down...
5月 31 16:19:37 ubuntu ModemManager[914]: <info>  ModemManager is shut down
5月 31 16:19:37 ubuntu systemd[1]: Stopping Modem Manager...
5月 31 16:19:37 ubuntu systemd[1]: ModemManager.service: Succeeded.
5月 31 16:19:37 ubuntu systemd[1]: Stopped Modem Manager.
-- Reboot --
5月 31 16:19:54 ubuntu systemd[1]: Starting Modem Manager...
5月 31 16:19:54 ubuntu ModemManager[924]: <info>  ModemManager (version 1.18.6) starting in system bus...
5月 31 16:19:54 ubuntu systemd[1]: Started Modem Manager.
5月 31 16:19:57 ubuntu ModemManager[924]: <info>  [base-manager] couldn't check support for device '/sys/devices/pci0000:00/0000:00:11.0/0000:02:01.0': not supported by any plugin
-- Reboot --
5月 31 21:00:56 ubuntu systemd[1]: Starting Modem Manager...
5月 31 21:00:56 ubuntu ModemManager[923]: <info>  ModemManager (version 1.18.6) starting in system bus...
5月 31 21:00:56 ubuntu systemd[1]: Started Modem Manager.
5月 31 21:00:59 ubuntu ModemManager[923]: <info>  [base-manager] couldn't check support for device '/sys/devices/pci0000:00/0000:00:11.0/0000:02:01.0': not supported by any plugin
-- Reboot --
6月 01 23:20:21 ubuntu systemd[1]: Starting Modem Manager...
6月 01 23:20:22 ubuntu ModemManager[960]: <info>  ModemManager (version 1.18.6) starting in system bus...
6月 01 23:20:23 ubuntu systemd[1]: Started Modem Manager.
6月 01 23:20:25 ubuntu ModemManager[960]: <info>  [base-manager] couldn't check support for device '/sys/devices/pci0000:00/0000:00:11.0/0000:02:01.0': not supported by any plugin
6月 02 00:27:49 ubuntu ModemManager[960]: <info>  caught signal, shutting down...
6月 02 00:27:49 ubuntu systemd[1]: Stopping Modem Manager...
6月 02 00:27:49 ubuntu ModemManager[960]: <info>  ModemManager is shut down
6月 02 00:27:49 ubuntu systemd[1]: ModemManager.service: Succeeded.
6月 02 00:27:49 ubuntu systemd[1]: Stopped Modem Manager.
-- Reboot --
6月 06 14:12:35 ubuntu systemd[1]: Starting Modem Manager...
6月 06 14:12:35 ubuntu ModemManager[964]: <info>  ModemManager (version 1.18.6) starting in system bus...
6月 06 14:12:36 ubuntu systemd[1]: Started Modem Manager.
6月 06 14:12:38 ubuntu ModemManager[964]: <info>  [base-manager] couldn't check support for device '/sys/devices/pci0000:00/0000:00:11.0/0000:02:01.0': not supported by any plugin
6月 06 15:33:45 ubuntu ModemManager[964]: <info>  caught signal, shutting down...
6月 06 15:33:45 ubuntu systemd[1]: Stopping Modem Manager...
6月 06 15:33:45 ubuntu ModemManager[964]: <info>  ModemManager is shut down
6月 06 15:33:45 ubuntu systemd[1]: ModemManager.service: Succeeded.
6月 06 15:33:45 ubuntu systemd[1]: Stopped Modem Manager.
-- Reboot --
6月 06 15:39:29 ubuntu systemd[1]: Starting Modem Manager...
6月 06 15:39:29 ubuntu ModemManager[946]: <info>  ModemManager (version 1.18.6) starting in system bus...
6月 06 15:39:29 ubuntu systemd[1]: Started Modem Manager.
6月 06 15:39:38 ubuntu ModemManager[946]: <info>  [base-manager] couldn't check support for device '/sys/devices/pci0000:00/0000:00:11.0/0000:02:01.0': not supported by any plugin
6月 06 15:42:24 ubuntu ModemManager[946]: <info>  caught signal, shutting down...
6月 06 15:42:24 ubuntu ModemManager[946]: <info>  ModemManager is shut down
6月 06 15:42:24 ubuntu systemd[1]: Stopping Modem Manager...
6月 06 15:42:24 ubuntu systemd[1]: ModemManager.service: Succeeded.
6月 06 15:42:24 ubuntu systemd[1]: Stopped Modem Manager.
-- Reboot --
6月 06 15:44:10 ubuntu systemd[1]: Starting Modem Manager...
6月 06 15:44:10 ubuntu ModemManager[870]: <info>  ModemManager (version 1.18.6) starting in system bus...
6月 06 15:44:11 ubuntu systemd[1]: Started Modem Manager.
6月 06 15:44:20 ubuntu ModemManager[870]: <info>  [base-manager] couldn't check support for device '/sys/devices/pci0000:00/0000:00:11.0/0000:02:01.0': not supported by any plugin
-- Reboot --
6月 15 14:08:50 ubuntu systemd[1]: Starting Modem Manager...
6月 15 14:08:50 ubuntu ModemManager[962]: <info>  ModemManager (version 1.18.6) starting in system bus...
6月 15 14:08:50 ubuntu systemd[1]: Started Modem Manager.
6月 15 14:08:59 ubuntu ModemManager[962]: <info>  [base-manager] couldn't check support for device '/sys/devices/pci0000:00/0000:00:11.0/0000:02:01.0': not supported by any plugin
6月 15 14:17:35 ubuntu ModemManager[962]: <info>  [base-manager] couldn't check support for device '/sys/devices/pci0000:00/0000:00:11.0/0000:02:01.0': not supported by any plugin
6月 15 16:32:38 ubuntu systemd[1]: Stopping Modem Manager...
6月 15 16:32:38 ubuntu ModemManager[962]: <info>  caught signal, shutting down...
6月 15 16:32:38 ubuntu ModemManager[962]: <info>  ModemManager is shut down
6月 15 16:32:38 ubuntu systemd[1]: ModemManager.service: Succeeded.
6月 15 16:32:38 ubuntu systemd[1]: Stopped Modem Manager.
-- Reboot --
6月 16 14:48:28 ubuntu systemd[1]: Starting Modem Manager...
6月 16 14:48:28 ubuntu ModemManager[898]: <info>  ModemManager (version 1.18.6) starting in system bus...
6月 16 14:48:29 ubuntu systemd[1]: Started Modem Manager.
6月 16 14:48:31 ubuntu ModemManager[898]: <info>  [base-manager] couldn't check support for device '/sys/devices/pci0000:00/0000:00:11.0/0000:02:01.0': not supported by any plugin
-- Reboot --
2月 25 16:36:14 ubuntu systemd[1]: Starting Modem Manager...
2月 25 16:36:14 ubuntu ModemManager[899]: <info>  ModemManager (version 1.18.6) starting in system bus...
2月 25 16:36:15 ubuntu systemd[1]: Started Modem Manager.
2月 25 16:36:20 ubuntu ModemManager[899]: <info>  [base-manager] couldn't check support for device '/sys/devices/pci0000:00/0000:00:11.0/0000:02:01.0': not supported by any plugin
-- Reboot --
3月 27 17:52:49 ubuntu systemd[1]: Starting Modem Manager...
3月 27 17:52:49 ubuntu ModemManager[893]: <info>  ModemManager (version 1.18.6) starting in system bus...
3月 27 17:52:49 ubuntu systemd[1]: Started Modem Manager.
3月 27 17:52:52 ubuntu ModemManager[893]: <info>  [base-manager] couldn't check support for device '/sys/devices/pci0000:00/0000:00:11.0/0000:02:01.0': not supported by any plugin
-- Reboot --
3月 30 14:05:43 ubuntu systemd[1]: Starting Modem Manager...
3月 30 14:05:43 ubuntu ModemManager[907]: <info>  ModemManager (version 1.18.6) starting in system bus...
3月 30 14:05:43 ubuntu systemd[1]: Started Modem Manager.
3月 30 14:06:10 ubuntu ModemManager[907]: <info>  [base-manager] couldn't check support for device '/sys/devices/pci0000:00/0000:00:11.0/0000:02:01.0': not supported by any plugin
3月 30 14:43:22 ubuntu ModemManager[907]: <info>  [base-manager] couldn't check support for device '/sys/devices/pci0000:00/0000:00:11.0/0000:02:01.0': not supported by any plugin
3月 30 14:44:04 ubuntu ModemManager[907]: <info>  caught signal, shutting down...
3月 30 14:44:04 ubuntu ModemManager[907]: <info>  ModemManager is shut down
3月 30 14:44:04 ubuntu systemd[1]: Stopping Modem Manager...
3月 30 14:44:04 ubuntu systemd[1]: ModemManager.service: Succeeded.
3月 30 14:44:04 ubuntu systemd[1]: Stopped Modem Manager.
-- Reboot --
3月 30 14:44:33 ubuntu systemd[1]: Starting Modem Manager...
3月 30 14:44:33 ubuntu ModemManager[874]: <info>  ModemManager (version 1.18.6) starting in system bus...
3月 30 14:44:34 ubuntu systemd[1]: Started Modem Manager.
3月 30 14:44:36 ubuntu ModemManager[874]: <info>  [base-manager] couldn't check support for device '/sys/devices/pci0000:00/0000:00:11.0/0000:02:01.0': not supported by any plugin
3月 30 14:51:17 ubuntu ModemManager[874]: <info>  caught signal, shutting down...
3月 30 14:51:17 ubuntu ModemManager[874]: <info>  ModemManager is shut down
3月 30 14:51:17 ubuntu systemd[1]: Stopping Modem Manager...
3月 30 14:51:17 ubuntu systemd[1]: ModemManager.service: Succeeded.
3月 30 14:51:17 ubuntu systemd[1]: Stopped Modem Manager.
-- Reboot --
3月 30 15:12:19 ubuntu systemd[1]: Starting Modem Manager...
3月 30 15:12:20 ubuntu ModemManager[883]: <info>  ModemManager (version 1.18.6) starting in system bus...
3月 30 15:12:20 ubuntu systemd[1]: Started Modem Manager.
3月 30 15:12:22 ubuntu ModemManager[883]: <info>  [base-manager] couldn't check support for device '/sys/devices/pci0000:00/0000:00:11.0/0000:02:01.0': not supported by any plugin
3月 30 15:12:58 ubuntu ModemManager[883]: <info>  caught signal, shutting down...
3月 30 15:12:58 ubuntu systemd[1]: Stopping Modem Manager...
3月 30 15:12:58 ubuntu ModemManager[883]: <info>  ModemManager is shut down
3月 30 15:12:58 ubuntu systemd[1]: ModemManager.service: Succeeded.
3月 30 15:12:58 ubuntu systemd[1]: Stopped Modem Manager.
-- Reboot --
3月 30 15:18:40 ubuntu systemd[1]: Starting Modem Manager...
3月 30 15:18:40 ubuntu ModemManager[871]: <info>  ModemManager (version 1.18.6) starting in system bus...
3月 30 15:18:40 ubuntu systemd[1]: Started Modem Manager.
3月 30 15:18:43 ubuntu ModemManager[871]: <info>  [base-manager] couldn't check support for device '/sys/devices/pci0000:00/0000:00:11.0/0000:02:01.0': not supported by any plugin
3月 30 15:19:57 ubuntu ModemManager[871]: <info>  caught signal, shutting down...
3月 30 15:19:57 ubuntu systemd[1]: Stopping Modem Manager...
3月 30 15:19:57 ubuntu ModemManager[871]: <info>  ModemManager is shut down
3月 30 15:19:57 ubuntu systemd[1]: ModemManager.service: Succeeded.
3月 30 15:19:57 ubuntu systemd[1]: Stopped Modem Manager.
-- Reboot --
3月 30 22:57:14 ubuntu systemd[1]: Starting Modem Manager...
3月 30 22:57:14 ubuntu ModemManager[945]: <info>  ModemManager (version 1.18.6) starting in system bus...
3月 30 22:57:14 ubuntu systemd[1]: Started Modem Manager.
3月 30 22:57:16 ubuntu ModemManager[945]: <info>  [base-manager] couldn't check support for device '/sys/devices/pci0000:00/0000:00:11.0/0000:02:01.0': not supported by any plugin
3月 30 22:59:12 ubuntu ModemManager[945]: <info>  caught signal, shutting down...
3月 30 22:59:12 ubuntu systemd[1]: Stopping Modem Manager...
3月 30 22:59:12 ubuntu ModemManager[945]: <info>  ModemManager is shut down
3月 30 22:59:12 ubuntu systemd[1]: ModemManager.service: Succeeded.
3月 30 22:59:12 ubuntu systemd[1]: Stopped Modem Manager.
-- Reboot --
3月 30 23:00:45 ubuntu systemd[1]: Starting Modem Manager...
3月 30 23:00:45 ubuntu ModemManager[873]: <info>  ModemManager (version 1.18.6) starting in system bus...
3月 30 23:00:46 ubuntu systemd[1]: Started Modem Manager.
3月 30 23:00:48 ubuntu ModemManager[873]: <info>  [base-manager] couldn't check support for device '/sys/devices/pci0000:00/0000:00:11.0/0000:02:01.0': not supported by any plugin
3月 30 23:02:22 ubuntu ModemManager[873]: <info>  caught signal, shutting down...
3月 30 23:02:22 ubuntu systemd[1]: Stopping Modem Manager...
3月 30 23:02:22 ubuntu ModemManager[873]: <info>  ModemManager is shut down
3月 30 23:02:22 ubuntu systemd[1]: ModemManager.service: Succeeded.
3月 30 23:02:22 ubuntu systemd[1]: Stopped Modem Manager.
-- Reboot --
3月 30 23:05:26 ubuntu systemd[1]: Starting Modem Manager...
3月 30 23:05:26 ubuntu ModemManager[911]: <info>  ModemManager (version 1.18.6) starting in system bus...
3月 30 23:05:27 ubuntu systemd[1]: Started Modem Manager.
3月 30 23:05:29 ubuntu ModemManager[911]: <info>  [base-manager] couldn't check support for device '/sys/devices/pci0000:00/0000:00:11.0/0000:02:01.0': not supported by any plugin
3月 30 23:14:08 ubuntu ModemManager[911]: <info>  caught signal, shutting down...
3月 30 23:14:08 ubuntu systemd[1]: Stopping Modem Manager...
3月 30 23:14:08 ubuntu ModemManager[911]: <info>  ModemManager is shut down
3月 30 23:14:09 ubuntu systemd[1]: ModemManager.service: Succeeded.
3月 30 23:14:09 ubuntu systemd[1]: Stopped Modem Manager.
-- Reboot --
3月 31 18:40:20 ubuntu systemd[1]: Starting Modem Manager...
3月 31 18:40:20 ubuntu ModemManager[968]: <info>  ModemManager (version 1.18.6) starting in system bus...
3月 31 18:40:20 ubuntu systemd[1]: Started Modem Manager.
3月 31 18:40:23 ubuntu ModemManager[968]: <info>  [base-manager] couldn't check support for device '/sys/devices/pci0000:00/0000:00:11.0/0000:02:01.0': not supported by any plugin
3月 31 18:53:35 ubuntu ModemManager[968]: <info>  caught signal, shutting down...
3月 31 18:53:35 ubuntu systemd[1]: Stopping Modem Manager...
3月 31 18:53:35 ubuntu ModemManager[968]: <info>  ModemManager is shut down
3月 31 18:53:35 ubuntu systemd[1]: ModemManager.service: Succeeded.
3月 31 18:53:35 ubuntu systemd[1]: Stopped Modem Manager.
-- Reboot --
3月 31 18:54:17 ubuntu systemd[1]: Starting Modem Manager...
3月 31 18:54:17 ubuntu ModemManager[927]: <info>  ModemManager (version 1.18.6) starting in system bus...
3月 31 18:54:18 ubuntu systemd[1]: Started Modem Manager.
3月 31 18:54:21 ubuntu ModemManager[927]: <info>  [base-manager] couldn't check support for device '/sys/devices/pci0000:00/0000:00:11.0/0000:02:01.0': not supported by any plugin
3月 31 19:01:42 ubuntu ModemManager[927]: <info>  caught signal, shutting down...
3月 31 19:01:42 ubuntu systemd[1]: Stopping Modem Manager...
3月 31 19:01:42 ubuntu ModemManager[927]: <info>  ModemManager is shut down
3月 31 19:01:42 ubuntu systemd[1]: ModemManager.service: Succeeded.
3月 31 19:01:42 ubuntu systemd[1]: Stopped Modem Manager.
-- Reboot --
3月 31 19:04:01 ubuntu systemd[1]: Starting Modem Manager...
3月 31 19:04:01 ubuntu ModemManager[879]: <info>  ModemManager (version 1.18.6) starting in system bus...
3月 31 19:04:01 ubuntu systemd[1]: Started Modem Manager.
3月 31 19:04:04 ubuntu ModemManager[879]: <info>  [base-manager] couldn't check support for device '/sys/devices/pci0000:00/0000:00:11.0/0000:02:01.0': not supported by any plugin
3月 31 19:26:10 ubuntu ModemManager[879]: <info>  caught signal, shutting down...
3月 31 19:26:10 ubuntu ModemManager[879]: <info>  ModemManager is shut down
3月 31 19:26:10 ubuntu systemd[1]: Stopping Modem Manager...
3月 31 19:26:10 ubuntu systemd[1]: ModemManager.service: Succeeded.
3月 31 19:26:10 ubuntu systemd[1]: Stopped Modem Manager.
-- Reboot --
3月 31 19:27:36 ubuntu systemd[1]: Starting Modem Manager...
3月 31 19:27:36 ubuntu ModemManager[923]: <info>  ModemManager (version 1.18.6) starting in system bus...
3月 31 19:27:36 ubuntu systemd[1]: Started Modem Manager.
3月 31 19:27:40 ubuntu ModemManager[923]: <info>  [base-manager] couldn't check support for device '/sys/devices/pci0000:00/0000:00:11.0/0000:02:01.0': not supported by any plugin
-- Reboot --
3月 31 19:43:31 ubuntu systemd[1]: Starting Modem Manager...
3月 31 19:43:31 ubuntu ModemManager[870]: <info>  ModemManager (version 1.18.6) starting in system bus...
3月 31 19:43:31 ubuntu systemd[1]: Started Modem Manager.
3月 31 19:43:33 ubuntu ModemManager[870]: <info>  [base-manager] couldn't check support for device '/sys/devices/pci0000:00/0000:00:11.0/0000:02:01.0': not supported by any plugin
3月 31 19:57:56 ubuntu ModemManager[870]: <info>  caught signal, shutting down...
3月 31 19:57:56 ubuntu systemd[1]: Stopping Modem Manager...
3月 31 19:57:56 ubuntu ModemManager[870]: <info>  ModemManager is shut down
3月 31 19:57:56 ubuntu systemd[1]: ModemManager.service: Succeeded.
3月 31 19:57:56 ubuntu systemd[1]: Stopped Modem Manager.
-- Reboot --
3月 31 19:58:20 ubuntu systemd[1]: Starting Modem Manager...
3月 31 19:58:20 ubuntu ModemManager[901]: <info>  ModemManager (version 1.18.6) starting in system bus...
3月 31 19:58:20 ubuntu systemd[1]: Started Modem Manager.
3月 31 19:58:22 ubuntu ModemManager[901]: <info>  [base-manager] couldn't check support for device '/sys/devices/pci0000:00/0000:00:11.0/0000:02:01.0': not supported by any plugin
3月 31 20:09:57 ubuntu ModemManager[901]: <info>  caught signal, shutting down...
3月 31 20:09:57 ubuntu systemd[1]: Stopping Modem Manager...
3月 31 20:09:57 ubuntu ModemManager[901]: <info>  ModemManager is shut down
3月 31 20:09:57 ubuntu systemd[1]: ModemManager.service: Succeeded.
3月 31 20:09:57 ubuntu systemd[1]: Stopped Modem Manager.
-- Reboot --
3月 31 20:24:35 ubuntu systemd[1]: Starting Modem Manager...
3月 31 20:24:35 ubuntu ModemManager[933]: <info>  ModemManager (version 1.18.6) starting in system bus...
3月 31 20:24:35 ubuntu systemd[1]: Started Modem Manager.
3月 31 20:24:39 ubuntu ModemManager[933]: <info>  [base-manager] couldn't check support for device '/sys/devices/pci0000:00/0000:00:11.0/0000:02:01.0': not supported by any plugin
3月 31 21:06:51 ubuntu ModemManager[933]: <info>  caught signal, shutting down...
3月 31 21:06:51 ubuntu systemd[1]: Stopping Modem Manager...
3月 31 21:06:51 ubuntu ModemManager[933]: <info>  ModemManager is shut down
3月 31 21:06:51 ubuntu systemd[1]: ModemManager.service: Succeeded.
3月 31 21:06:51 ubuntu systemd[1]: Stopped Modem Manager.
-- Reboot --
4月 02 17:05:04 ubuntu systemd[1]: Starting Modem Manager...
4月 02 17:05:04 ubuntu ModemManager[946]: <info>  ModemManager (version 1.18.6) starting in system bus...
4月 02 17:05:05 ubuntu systemd[1]: Started Modem Manager.
4月 02 17:05:07 ubuntu ModemManager[946]: <info>  [base-manager] couldn't check support for device '/sys/devices/pci0000:00/0000:00:11.0/0000:02:01.0': not supported by any plugin
4月 02 17:13:52 ubuntu ModemManager[946]: <info>  caught signal, shutting down...
4月 02 17:13:52 ubuntu ModemManager[946]: <info>  ModemManager is shut down
4月 02 17:13:52 ubuntu systemd[1]: Stopping Modem Manager...
4月 02 17:13:52 ubuntu systemd[1]: ModemManager.service: Succeeded.
4月 02 17:13:52 ubuntu systemd[1]: Stopped Modem Manager.
-- Reboot --
4月 14 20:21:37 ubuntu systemd[1]: Starting Modem Manager...
4月 14 20:21:37 ubuntu ModemManager[883]: <info>  ModemManager (version 1.18.6) starting in system bus...
4月 14 20:21:37 ubuntu systemd[1]: Started Modem Manager.
4月 14 20:21:42 ubuntu ModemManager[883]: <info>  [base-manager] couldn't check support for device '/sys/devices/pci0000:00/0000:00:11.0/0000:02:01.0': not supported by any plugin
4月 14 20:54:39 ubuntu ModemManager[883]: <info>  caught signal, shutting down...
4月 14 20:54:40 ubuntu ModemManager[883]: <info>  ModemManager is shut down
4月 14 20:54:39 ubuntu systemd[1]: Stopping Modem Manager...
4月 14 20:54:40 ubuntu systemd[1]: ModemManager.service: Succeeded.
4月 14 20:54:40 ubuntu systemd[1]: Stopped Modem Manager.
-- Reboot --
4月 14 20:55:49 ubuntu systemd[1]: Starting Modem Manager...
4月 14 20:55:49 ubuntu ModemManager[923]: <info>  ModemManager (version 1.18.6) starting in system bus...
4月 14 20:55:49 ubuntu systemd[1]: Started Modem Manager.
4月 14 20:55:52 ubuntu ModemManager[923]: <info>  [base-manager] couldn't check support for device '/sys/devices/pci0000:00/0000:00:11.0/0000:02:01.0': not supported by any plugin
-- Reboot --
4月 15 22:31:07 ubuntu systemd[1]: Starting Modem Manager...
4月 15 22:31:07 ubuntu ModemManager[976]: <info>  ModemManager (version 1.18.6) starting in system bus...
4月 15 22:31:07 ubuntu systemd[1]: Started Modem Manager.
4月 15 22:31:10 ubuntu ModemManager[976]: <info>  [base-manager] couldn't check support for device '/sys/devices/pci0000:00/0000:00:11.0/0000:02:01.0': not supported by any plugin
4月 15 22:43:24 ubuntu ModemManager[976]: <info>  caught signal, shutting down...
4月 15 22:43:24 ubuntu systemd[1]: Stopping Modem Manager...
4月 15 22:43:25 ubuntu ModemManager[976]: <info>  ModemManager is shut down
4月 15 22:43:25 ubuntu systemd[1]: ModemManager.service: Succeeded.
4月 15 22:43:25 ubuntu systemd[1]: Stopped Modem Manager.
-- Reboot --
4月 15 22:43:42 ubuntu systemd[1]: Starting Modem Manager...
4月 15 22:43:42 ubuntu ModemManager[931]: <info>  ModemManager (version 1.18.6) starting in system bus...
4月 15 22:43:42 ubuntu systemd[1]: Started Modem Manager.
4月 15 22:43:45 ubuntu ModemManager[931]: <info>  [base-manager] couldn't check support for device '/sys/devices/pci0000:00/0000:00:11.0/0000:02:01.0': not supported by any plugin
4月 15 23:08:20 ubuntu systemd[1]: Stopping Modem Manager...
4月 15 23:08:20 ubuntu ModemManager[931]: <info>  caught signal, shutting down...
4月 15 23:08:20 ubuntu ModemManager[931]: <info>  ModemManager is shut down
4月 15 23:08:20 ubuntu systemd[1]: ModemManager.service: Succeeded.
4月 15 23:08:20 ubuntu systemd[1]: Stopped Modem Manager.
-- Reboot --
4月 19 18:41:05 ubuntu systemd[1]: Starting Modem Manager...
4月 19 18:41:05 ubuntu ModemManager[908]: <info>  ModemManager (version 1.18.6) starting in system bus...
4月 19 18:41:05 ubuntu systemd[1]: Started Modem Manager.
4月 19 18:41:08 ubuntu ModemManager[908]: <info>  [base-manager] couldn't check support for device '/sys/devices/pci0000:00/0000:00:11.0/0000:02:01.0': not supported by any plugin
4月 19 19:04:21 ubuntu ModemManager[908]: <info>  caught signal, shutting down...
4月 19 19:04:21 ubuntu ModemManager[908]: <info>  ModemManager is shut down
4月 19 19:04:21 ubuntu systemd[1]: Stopping Modem Manager...
4月 19 19:04:21 ubuntu systemd[1]: ModemManager.service: Succeeded.
4月 19 19:04:21 ubuntu systemd[1]: Stopped Modem Manager.
-- Reboot --
4月 19 19:16:16 ubuntu systemd[1]: Starting Modem Manager...
4月 19 19:16:16 ubuntu ModemManager[977]: <info>  ModemManager (version 1.18.6) starting in system bus...
4月 19 19:16:16 ubuntu systemd[1]: Started Modem Manager.
4月 19 19:16:19 ubuntu ModemManager[977]: <info>  [base-manager] couldn't check support for device '/sys/devices/pci0000:00/0000:00:11.0/0000:02:01.0': not supported by any plugin
4月 19 19:25:49 ubuntu ModemManager[977]: <info>  caught signal, shutting down...
4月 19 19:25:49 ubuntu ModemManager[977]: <info>  ModemManager is shut down
4月 19 19:25:49 ubuntu systemd[1]: Stopping Modem Manager...
4月 19 19:25:50 ubuntu systemd[1]: ModemManager.service: Succeeded.
4月 19 19:25:50 ubuntu systemd[1]: Stopped Modem Manager.
-- Reboot --
4月 21 14:58:07 ubuntu systemd[1]: Starting Modem Manager...
4月 21 14:58:07 ubuntu ModemManager[939]: <info>  ModemManager (version 1.18.6) starting in system bus...
4月 21 14:58:07 ubuntu systemd[1]: Started Modem Manager.
4月 21 14:58:10 ubuntu ModemManager[939]: <info>  [base-manager] couldn't check support for device '/sys/devices/pci0000:00/0000:00:11.0/0000:02:01.0': not supported by any plugin

