-- Logs begin at Sat 2022-01-08 18:32:32 CST, end at Fri 2023-04-21 17:17:40 CST. --
1月 09 21:33:13 ubuntu systemd[1]: Starting Flush Journal to Persistent Storage...
1月 09 21:33:13 ubuntu systemd[1]: Finished Flush Journal to Persistent Storage.
-- Reboot --
3月 22 14:03:00 ubuntu systemd[1]: Starting Flush Journal to Persistent Storage...
3月 22 14:03:00 ubuntu systemd[1]: Finished Flush Journal to Persistent Storage.
3月 22 14:12:09 ubuntu systemd[1]: Stopping Flush Journal to Persistent Storage...
3月 22 14:12:09 ubuntu systemd[1]: systemd-journal-flush.service: Succeeded.
3月 22 14:12:09 ubuntu systemd[1]: Stopped Flush Journal to Persistent Storage.
3月 22 14:12:09 ubuntu systemd[1]: Starting Flush Journal to Persistent Storage...
3月 22 14:12:09 ubuntu systemd[1]: Finished Flush Journal to Persistent Storage.
-- Reboot --
3月 22 14:13:40 ubuntu systemd[1]: Starting Flush Journal to Persistent Storage...
3月 22 14:13:40 ubuntu systemd[1]: Finished Flush Journal to Persistent Storage.
-- Reboot --
3月 22 16:13:08 ubuntu systemd[1]: Starting Flush Journal to Persistent Storage...
3月 22 16:13:08 ubuntu systemd[1]: Finished Flush Journal to Persistent Storage.
-- Reboot --
3月 25 10:17:57 ubuntu systemd[1]: Starting Flush Journal to Persistent Storage...
3月 25 10:17:57 ubuntu systemd[1]: Finished Flush Journal to Persistent Storage.
-- Reboot --
3月 25 10:45:09 ubuntu systemd[1]: Starting Flush Journal to Persistent Storage...
3月 25 10:45:09 ubuntu systemd[1]: Finished Flush Journal to Persistent Storage.
-- Reboot --
3月 28 10:02:47 ubuntu systemd[1]: Starting Flush Journal to Persistent Storage...
3月 28 10:02:47 ubuntu systemd[1]: Finished Flush Journal to Persistent Storage.
-- Reboot --
3月 28 14:59:38 ubuntu systemd[1]: Starting Flush Journal to Persistent Storage...
3月 28 14:59:38 ubuntu systemd[1]: Finished Flush Journal to Persistent Storage.
-- Reboot --
3月 28 16:17:37 ubuntu systemd[1]: Starting Flush Journal to Persistent Storage...
3月 28 16:17:38 ubuntu systemd[1]: Finished Flush Journal to Persistent Storage.
-- Reboot --
4月 01 10:14:12 ubuntu systemd[1]: Starting Flush Journal to Persistent Storage...
4月 01 10:14:12 ubuntu systemd[1]: Finished Flush Journal to Persistent Storage.
4月 01 10:21:53 ubuntu systemd[1]: Stopping Flush Journal to Persistent Storage...
4月 01 10:21:53 ubuntu systemd[1]: systemd-journal-flush.service: Succeeded.
4月 01 10:21:53 ubuntu systemd[1]: Stopped Flush Journal to Persistent Storage.
4月 01 10:21:54 ubuntu systemd[1]: Starting Flush Journal to Persistent Storage...
4月 01 10:21:54 ubuntu systemd[1]: Finished Flush Journal to Persistent Storage.
-- Reboot --
4月 01 10:24:54 ubuntu systemd[1]: Starting Flush Journal to Persistent Storage...
4月 01 10:24:54 ubuntu systemd[1]: Finished Flush Journal to Persistent Storage.
-- Reboot --
4月 02 08:51:49 ubuntu systemd[1]: Starting Flush Journal to Persistent Storage...
4月 02 08:51:49 ubuntu systemd[1]: Finished Flush Journal to Persistent Storage.
-- Reboot --
4月 02 09:04:28 ubuntu systemd[1]: Starting Flush Journal to Persistent Storage...
4月 02 09:04:28 ubuntu systemd[1]: Finished Flush Journal to Persistent Storage.
-- Reboot --
4月 02 09:10:25 ubuntu systemd[1]: Starting Flush Journal to Persistent Storage...
4月 02 09:10:25 ubuntu systemd[1]: Finished Flush Journal to Persistent Storage.
-- Reboot --
4月 02 17:22:57 ubuntu systemd[1]: Starting Flush Journal to Persistent Storage...
4月 02 17:22:57 ubuntu systemd[1]: Finished Flush Journal to Persistent Storage.
-- Reboot --
4月 02 17:51:26 ubuntu systemd[1]: Starting Flush Journal to Persistent Storage...
4月 02 17:51:27 ubuntu systemd[1]: Finished Flush Journal to Persistent Storage.
-- Reboot --
4月 06 08:17:07 ubuntu systemd[1]: Starting Flush Journal to Persistent Storage...
4月 06 08:17:07 ubuntu systemd[1]: Finished Flush Journal to Persistent Storage.
-- Reboot --
4月 13 08:09:35 ubuntu systemd[1]: Starting Flush Journal to Persistent Storage...
4月 13 08:09:35 ubuntu systemd[1]: Finished Flush Journal to Persistent Storage.
-- Reboot --
4月 13 08:30:17 ubuntu systemd[1]: Starting Flush Journal to Persistent Storage...
4月 13 08:30:17 ubuntu systemd[1]: Finished Flush Journal to Persistent Storage.
-- Reboot --
4月 13 10:23:22 ubuntu systemd[1]: Starting Flush Journal to Persistent Storage...
4月 13 10:23:23 ubuntu systemd[1]: Finished Flush Journal to Persistent Storage.
-- Reboot --
4月 13 14:46:30 ubuntu systemd[1]: Starting Flush Journal to Persistent Storage...
4月 13 14:46:30 ubuntu systemd[1]: Finished Flush Journal to Persistent Storage.
-- Reboot --
4月 15 10:16:57 ubuntu systemd[1]: Starting Flush Journal to Persistent Storage...
4月 15 10:16:57 ubuntu systemd[1]: Finished Flush Journal to Persistent Storage.
-- Reboot --
4月 20 08:14:36 ubuntu systemd[1]: Starting Flush Journal to Persistent Storage...
4月 20 08:14:37 ubuntu systemd[1]: Finished Flush Journal to Persistent Storage.
-- Reboot --
4月 20 08:23:03 ubuntu systemd[1]: Starting Flush Journal to Persistent Storage...
4月 20 08:23:03 ubuntu systemd[1]: Finished Flush Journal to Persistent Storage.
-- Reboot --
4月 27 08:18:11 ubuntu systemd[1]: Starting Flush Journal to Persistent Storage...
4月 27 08:18:12 ubuntu systemd[1]: Finished Flush Journal to Persistent Storage.
-- Reboot --
4月 27 11:06:59 ubuntu systemd[1]: Starting Flush Journal to Persistent Storage...
4月 27 11:06:59 ubuntu systemd[1]: Finished Flush Journal to Persistent Storage.
-- Reboot --
4月 27 14:11:28 ubuntu systemd[1]: Starting Flush Journal to Persistent Storage...
4月 27 14:11:28 ubuntu systemd[1]: Finished Flush Journal to Persistent Storage.
-- Reboot --
4月 27 15:05:16 ubuntu systemd[1]: Starting Flush Journal to Persistent Storage...
4月 27 15:05:16 ubuntu systemd[1]: Finished Flush Journal to Persistent Storage.
-- Reboot --
4月 28 21:00:36 ubuntu systemd[1]: Starting Flush Journal to Persistent Storage...
4月 28 21:00:36 ubuntu systemd[1]: Finished Flush Journal to Persistent Storage.
-- Reboot --
5月 06 10:06:10 ubuntu systemd[1]: Starting Flush Journal to Persistent Storage...
5月 06 10:06:10 ubuntu systemd[1]: Finished Flush Journal to Persistent Storage.
5月 06 10:16:36 ubuntu systemd[1]: Stopping Flush Journal to Persistent Storage...
5月 06 10:16:36 ubuntu systemd[1]: systemd-journal-flush.service: Succeeded.
5月 06 10:16:36 ubuntu systemd[1]: Stopped Flush Journal to Persistent Storage.
5月 06 10:16:36 ubuntu systemd[1]: Starting Flush Journal to Persistent Storage...
5月 06 10:16:36 ubuntu systemd[1]: Finished Flush Journal to Persistent Storage.
-- Reboot --
5月 06 10:17:36 ubuntu systemd[1]: Starting Flush Journal to Persistent Storage...
5月 06 10:17:37 ubuntu systemd[1]: Finished Flush Journal to Persistent Storage.
-- Reboot --
5月 07 08:13:40 ubuntu systemd[1]: Starting Flush Journal to Persistent Storage...
5月 07 08:13:40 ubuntu systemd[1]: Finished Flush Journal to Persistent Storage.
-- Reboot --
5月 08 14:53:42 ubuntu systemd[1]: Starting Flush Journal to Persistent Storage...
5月 08 14:53:43 ubuntu systemd[1]: Finished Flush Journal to Persistent Storage.
-- Reboot --
5月 08 15:54:00 ubuntu systemd[1]: Starting Flush Journal to Persistent Storage...
5月 08 15:54:01 ubuntu systemd[1]: Finished Flush Journal to Persistent Storage.
-- Reboot --
5月 08 16:27:08 ubuntu systemd[1]: Starting Flush Journal to Persistent Storage...
5月 08 16:27:09 ubuntu systemd[1]: Finished Flush Journal to Persistent Storage.
-- Reboot --
5月 14 20:51:40 ubuntu systemd[1]: Starting Flush Journal to Persistent Storage...
5月 14 20:51:40 ubuntu systemd[1]: Finished Flush Journal to Persistent Storage.
-- Reboot --
5月 15 00:06:10 ubuntu systemd[1]: Starting Flush Journal to Persistent Storage...
5月 15 00:06:10 ubuntu systemd[1]: Finished Flush Journal to Persistent Storage.
-- Reboot --
5月 15 00:15:03 ubuntu systemd[1]: Starting Flush Journal to Persistent Storage...
5月 15 00:15:03 ubuntu systemd[1]: Finished Flush Journal to Persistent Storage.
-- Reboot --
5月 15 10:43:37 ubuntu systemd[1]: Starting Flush Journal to Persistent Storage...
5月 15 10:43:37 ubuntu systemd[1]: Finished Flush Journal to Persistent Storage.
-- Reboot --
5月 15 15:15:38 ubuntu systemd[1]: Starting Flush Journal to Persistent Storage...
5月 15 15:15:38 ubuntu systemd[1]: Finished Flush Journal to Persistent Storage.
-- Reboot --
5月 15 16:28:24 ubuntu systemd[1]: Starting Flush Journal to Persistent Storage...
5月 15 16:28:24 ubuntu systemd[1]: Finished Flush Journal to Persistent Storage.
-- Reboot --
5月 15 21:27:11 ubuntu systemd[1]: Starting Flush Journal to Persistent Storage...
5月 15 21:27:11 ubuntu systemd[1]: Finished Flush Journal to Persistent Storage.
-- Reboot --
5月 31 15:28:42 ubuntu systemd[1]: Starting Flush Journal to Persistent Storage...
5月 31 15:28:42 ubuntu systemd[1]: Finished Flush Journal to Persistent Storage.
-- Reboot --
5月 31 16:19:51 ubuntu systemd[1]: Starting Flush Journal to Persistent Storage...
5月 31 16:19:52 ubuntu systemd[1]: Finished Flush Journal to Persistent Storage.
-- Reboot --
5月 31 21:00:52 ubuntu systemd[1]: Starting Flush Journal to Persistent Storage...
5月 31 21:00:52 ubuntu systemd[1]: Finished Flush Journal to Persistent Storage.
-- Reboot --
6月 01 23:20:06 ubuntu systemd[1]: Starting Flush Journal to Persistent Storage...
6月 01 23:20:07 ubuntu systemd[1]: Finished Flush Journal to Persistent Storage.
-- Reboot --
6月 06 14:12:25 ubuntu systemd[1]: Starting Flush Journal to Persistent Storage...
6月 06 14:12:25 ubuntu systemd[1]: Finished Flush Journal to Persistent Storage.
-- Reboot --
6月 06 15:39:19 ubuntu systemd[1]: Starting Flush Journal to Persistent Storage...
6月 06 15:39:19 ubuntu systemd[1]: Finished Flush Journal to Persistent Storage.
-- Reboot --
6月 06 15:43:55 ubuntu systemd[1]: Starting Flush Journal to Persistent Storage...
6月 06 15:43:55 ubuntu systemd[1]: Finished Flush Journal to Persistent Storage.
-- Reboot --
6月 15 14:08:41 ubuntu systemd[1]: Starting Flush Journal to Persistent Storage...
6月 15 14:08:41 ubuntu systemd[1]: Finished Flush Journal to Persistent Storage.
-- Reboot --
6月 16 14:48:25 ubuntu systemd[1]: Starting Flush Journal to Persistent Storage...
6月 16 14:48:25 ubuntu systemd[1]: Finished Flush Journal to Persistent Storage.
-- Reboot --
2月 25 16:36:11 ubuntu systemd[1]: Starting Flush Journal to Persistent Storage...
2月 25 16:36:11 ubuntu systemd[1]: Finished Flush Journal to Persistent Storage.
-- Reboot --
3月 27 17:52:45 ubuntu systemd[1]: Starting Flush Journal to Persistent Storage...
3月 27 17:52:45 ubuntu systemd[1]: Finished Flush Journal to Persistent Storage.
-- Reboot --
3月 30 14:05:39 ubuntu systemd[1]: Starting Flush Journal to Persistent Storage...
3月 30 14:05:39 ubuntu systemd[1]: Finished Flush Journal to Persistent Storage.
-- Reboot --
3月 30 14:44:31 ubuntu systemd[1]: Starting Flush Journal to Persistent Storage...
3月 30 14:44:31 ubuntu systemd[1]: Finished Flush Journal to Persistent Storage.
-- Reboot --
3月 30 15:12:17 ubuntu systemd[1]: Starting Flush Journal to Persistent Storage...
3月 30 15:12:17 ubuntu systemd[1]: Finished Flush Journal to Persistent Storage.
-- Reboot --
3月 30 15:18:38 ubuntu systemd[1]: Starting Flush Journal to Persistent Storage...
3月 30 15:18:38 ubuntu systemd[1]: Finished Flush Journal to Persistent Storage.
-- Reboot --
3月 30 22:57:11 ubuntu systemd[1]: Starting Flush Journal to Persistent Storage...
3月 30 22:57:11 ubuntu systemd[1]: Finished Flush Journal to Persistent Storage.
-- Reboot --
3月 30 23:00:43 ubuntu systemd[1]: Starting Flush Journal to Persistent Storage...
3月 30 23:00:43 ubuntu systemd[1]: Finished Flush Journal to Persistent Storage.
-- Reboot --
3月 30 23:05:24 ubuntu systemd[1]: Starting Flush Journal to Persistent Storage...
3月 30 23:05:24 ubuntu systemd[1]: Finished Flush Journal to Persistent Storage.
-- Reboot --
3月 31 18:40:17 ubuntu systemd[1]: Starting Flush Journal to Persistent Storage...
3月 31 18:40:17 ubuntu systemd[1]: Finished Flush Journal to Persistent Storage.
-- Reboot --
3月 31 18:54:07 ubuntu systemd[1]: Starting Flush Journal to Persistent Storage...
3月 31 18:54:08 ubuntu systemd[1]: Finished Flush Journal to Persistent Storage.
-- Reboot --
3月 31 19:03:58 ubuntu systemd[1]: Starting Flush Journal to Persistent Storage...
3月 31 19:03:58 ubuntu systemd[1]: Finished Flush Journal to Persistent Storage.
-- Reboot --
3月 31 19:27:33 ubuntu systemd[1]: Starting Flush Journal to Persistent Storage...
3月 31 19:27:33 ubuntu systemd[1]: Finished Flush Journal to Persistent Storage.
-- Reboot --
3月 31 19:43:28 ubuntu systemd[1]: Starting Flush Journal to Persistent Storage...
3月 31 19:43:28 ubuntu systemd[1]: Finished Flush Journal to Persistent Storage.
3月 31 19:55:18 ubuntu systemd[1]: Stopping Flush Journal to Persistent Storage...
3月 31 19:55:18 ubuntu systemd[1]: systemd-journal-flush.service: Succeeded.
3月 31 19:55:18 ubuntu systemd[1]: Stopped Flush Journal to Persistent Storage.
3月 31 19:55:18 ubuntu systemd[1]: Starting Flush Journal to Persistent Storage...
3月 31 19:55:18 ubuntu systemd[1]: Finished Flush Journal to Persistent Storage.
-- Reboot --
3月 31 19:58:12 ubuntu systemd[1]: Starting Flush Journal to Persistent Storage...
3月 31 19:58:12 ubuntu systemd[1]: Finished Flush Journal to Persistent Storage.
-- Reboot --
3月 31 20:24:32 ubuntu systemd[1]: Starting Flush Journal to Persistent Storage...
3月 31 20:24:32 ubuntu systemd[1]: Finished Flush Journal to Persistent Storage.
-- Reboot --
4月 02 17:05:01 ubuntu systemd[1]: Starting Flush Journal to Persistent Storage...
4月 02 17:05:02 ubuntu systemd[1]: Finished Flush Journal to Persistent Storage.
-- Reboot --
4月 14 20:21:33 ubuntu systemd[1]: Starting Flush Journal to Persistent Storage...
4月 14 20:21:34 ubuntu systemd[1]: Finished Flush Journal to Persistent Storage.
-- Reboot --
4月 14 20:55:24 ubuntu systemd[1]: Starting Flush Journal to Persistent Storage...
4月 14 20:55:24 ubuntu systemd[1]: Finished Flush Journal to Persistent Storage.
-- Reboot --
4月 15 22:30:49 ubuntu systemd[1]: Starting Flush Journal to Persistent Storage...
4月 15 22:30:49 ubuntu systemd[1]: Finished Flush Journal to Persistent Storage.
-- Reboot --
4月 15 22:43:39 ubuntu systemd[1]: Starting Flush Journal to Persistent Storage...
4月 15 22:43:40 ubuntu systemd[1]: Finished Flush Journal to Persistent Storage.
-- Reboot --
4月 19 18:41:02 ubuntu systemd[1]: Starting Flush Journal to Persistent Storage...
4月 19 18:41:02 ubuntu systemd[1]: Finished Flush Journal to Persistent Storage.
-- Reboot --
4月 19 19:16:13 ubuntu systemd[1]: Starting Flush Journal to Persistent Storage...
4月 19 19:16:13 ubuntu systemd[1]: Finished Flush Journal to Persistent Storage.
-- Reboot --
4月 21 14:58:03 ubuntu systemd[1]: Starting Flush Journal to Persistent Storage...
4月 21 14:58:04 ubuntu systemd[1]: Finished Flush Journal to Persistent Storage.

