-- Logs begin at Sat 2022-01-08 18:32:32 CST, end at Fri 2023-04-21 17:17:40 CST. --
1月 09 21:32:59 ubuntu systemd[1]: Stopping Load/Save Random Seed...
1月 09 21:32:59 ubuntu systemd[1]: systemd-random-seed.service: Succeeded.
1月 09 21:32:59 ubuntu systemd[1]: Stopped Load/Save Random Seed.
-- Reboot --
3月 22 14:13:28 ubuntu systemd[1]: Stopping Load/Save Random Seed...
3月 22 14:13:28 ubuntu systemd[1]: systemd-random-seed.service: Succeeded.
3月 22 14:13:28 ubuntu systemd[1]: Stopped Load/Save Random Seed.
-- Reboot --
3月 22 14:22:48 ubuntu systemd[1]: Stopping Load/Save Random Seed...
3月 22 14:22:48 ubuntu systemd[1]: systemd-random-seed.service: Succeeded.
3月 22 14:22:48 ubuntu systemd[1]: Stopped Load/Save Random Seed.
-- Reboot --
3月 22 17:37:59 ubuntu systemd[1]: Stopping Load/Save Random Seed...
3月 22 17:37:59 ubuntu systemd[1]: systemd-random-seed.service: Succeeded.
3月 22 17:37:59 ubuntu systemd[1]: Stopped Load/Save Random Seed.
-- Reboot --
3月 25 10:36:28 ubuntu systemd[1]: Stopping Load/Save Random Seed...
3月 25 10:36:28 ubuntu systemd[1]: systemd-random-seed.service: Succeeded.
3月 25 10:36:28 ubuntu systemd[1]: Stopped Load/Save Random Seed.
-- Reboot --
3月 28 15:53:54 ubuntu systemd[1]: Stopping Load/Save Random Seed...
3月 28 15:53:54 ubuntu systemd[1]: systemd-random-seed.service: Succeeded.
3月 28 15:53:54 ubuntu systemd[1]: Stopped Load/Save Random Seed.
-- Reboot --
3月 28 17:29:19 ubuntu systemd[1]: Stopping Load/Save Random Seed...
3月 28 17:29:20 ubuntu systemd[1]: systemd-random-seed.service: Succeeded.
3月 28 17:29:20 ubuntu systemd[1]: Stopped Load/Save Random Seed.
-- Reboot --
4月 01 10:24:19 ubuntu systemd[1]: Stopping Load/Save Random Seed...
4月 01 10:24:19 ubuntu systemd[1]: systemd-random-seed.service: Succeeded.
4月 01 10:24:19 ubuntu systemd[1]: Stopped Load/Save Random Seed.
-- Reboot --
4月 01 12:03:43 ubuntu systemd[1]: Stopping Load/Save Random Seed...
4月 01 12:03:43 ubuntu systemd[1]: systemd-random-seed.service: Succeeded.
4月 01 12:03:43 ubuntu systemd[1]: Stopped Load/Save Random Seed.
-- Reboot --
4月 02 09:29:37 ubuntu systemd[1]: Stopping Load/Save Random Seed...
4月 02 09:29:37 ubuntu systemd[1]: systemd-random-seed.service: Succeeded.
4月 02 09:29:37 ubuntu systemd[1]: Stopped Load/Save Random Seed.
-- Reboot --
4月 02 17:51:13 ubuntu systemd[1]: Stopping Load/Save Random Seed...
4月 02 17:51:14 ubuntu systemd[1]: systemd-random-seed.service: Succeeded.
4月 02 17:51:14 ubuntu systemd[1]: Stopped Load/Save Random Seed.
-- Reboot --
4月 06 10:26:21 ubuntu systemd[1]: Stopping Load/Save Random Seed...
4月 06 10:26:21 ubuntu systemd[1]: systemd-random-seed.service: Succeeded.
4月 06 10:26:21 ubuntu systemd[1]: Stopped Load/Save Random Seed.
-- Reboot --
4月 13 08:30:00 ubuntu systemd[1]: Stopping Load/Save Random Seed...
4月 13 08:30:00 ubuntu systemd[1]: systemd-random-seed.service: Succeeded.
4月 13 08:30:00 ubuntu systemd[1]: Stopped Load/Save Random Seed.
-- Reboot --
4月 13 15:21:57 ubuntu systemd[1]: Stopping Load/Save Random Seed...
4月 13 15:21:57 ubuntu systemd[1]: systemd-random-seed.service: Succeeded.
4月 13 15:21:57 ubuntu systemd[1]: Stopped Load/Save Random Seed.
-- Reboot --
4月 20 08:22:49 ubuntu systemd[1]: Stopping Load/Save Random Seed...
4月 20 08:22:49 ubuntu systemd[1]: systemd-random-seed.service: Succeeded.
4月 20 08:22:49 ubuntu systemd[1]: Stopped Load/Save Random Seed.
-- Reboot --
4月 27 10:50:15 ubuntu systemd[1]: Stopping Load/Save Random Seed...
4月 27 10:50:16 ubuntu systemd[1]: systemd-random-seed.service: Succeeded.
4月 27 10:50:16 ubuntu systemd[1]: Stopped Load/Save Random Seed.
-- Reboot --
4月 27 11:20:10 ubuntu systemd[1]: Stopping Load/Save Random Seed...
4月 27 11:20:10 ubuntu systemd[1]: systemd-random-seed.service: Succeeded.
4月 27 11:20:10 ubuntu systemd[1]: Stopped Load/Save Random Seed.
-- Reboot --
4月 27 15:04:59 ubuntu systemd[1]: Stopping Load/Save Random Seed...
4月 27 15:04:59 ubuntu systemd[1]: systemd-random-seed.service: Succeeded.
4月 27 15:04:59 ubuntu systemd[1]: Stopped Load/Save Random Seed.
-- Reboot --
4月 27 16:02:17 ubuntu systemd[1]: Stopping Load/Save Random Seed...
4月 27 16:02:17 ubuntu systemd[1]: systemd-random-seed.service: Succeeded.
4月 27 16:02:17 ubuntu systemd[1]: Stopped Load/Save Random Seed.
-- Reboot --
4月 28 21:01:50 ubuntu systemd[1]: Stopping Load/Save Random Seed...
4月 28 21:01:50 ubuntu systemd[1]: systemd-random-seed.service: Succeeded.
4月 28 21:01:50 ubuntu systemd[1]: Stopped Load/Save Random Seed.
-- Reboot --
5月 06 10:17:23 ubuntu systemd[1]: Stopping Load/Save Random Seed...
5月 06 10:17:23 ubuntu systemd[1]: systemd-random-seed.service: Succeeded.
5月 06 10:17:23 ubuntu systemd[1]: Stopped Load/Save Random Seed.
-- Reboot --
5月 06 11:20:32 ubuntu systemd[1]: Stopping Load/Save Random Seed...
5月 06 11:20:32 ubuntu systemd[1]: systemd-random-seed.service: Succeeded.
5月 06 11:20:32 ubuntu systemd[1]: Stopped Load/Save Random Seed.
-- Reboot --
5月 08 14:55:08 ubuntu systemd[1]: Stopping Load/Save Random Seed...
5月 08 14:55:08 ubuntu systemd[1]: systemd-random-seed.service: Succeeded.
5月 08 14:55:08 ubuntu systemd[1]: Stopped Load/Save Random Seed.
-- Reboot --
5月 08 16:26:55 ubuntu systemd[1]: Stopping Load/Save Random Seed...
5月 08 16:26:55 ubuntu systemd[1]: systemd-random-seed.service: Succeeded.
5月 08 16:26:55 ubuntu systemd[1]: Stopped Load/Save Random Seed.
-- Reboot --
5月 08 17:02:55 ubuntu systemd[1]: Stopping Load/Save Random Seed...
5月 08 17:02:55 ubuntu systemd[1]: systemd-random-seed.service: Succeeded.
5月 08 17:02:55 ubuntu systemd[1]: Stopped Load/Save Random Seed.
-- Reboot --
5月 15 00:09:00 ubuntu systemd[1]: Stopping Load/Save Random Seed...
5月 15 00:09:00 ubuntu systemd[1]: systemd-random-seed.service: Succeeded.
5月 15 00:09:00 ubuntu systemd[1]: Stopped Load/Save Random Seed.
-- Reboot --
5月 15 00:17:56 ubuntu systemd[1]: Stopping Load/Save Random Seed...
5月 15 00:17:56 ubuntu systemd[1]: systemd-random-seed.service: Succeeded.
5月 15 00:17:56 ubuntu systemd[1]: Stopped Load/Save Random Seed.
-- Reboot --
5月 15 13:21:32 ubuntu systemd[1]: Stopping Load/Save Random Seed...
5月 15 13:21:32 ubuntu systemd[1]: systemd-random-seed.service: Succeeded.
5月 15 13:21:32 ubuntu systemd[1]: Stopped Load/Save Random Seed.
-- Reboot --
5月 15 15:16:43 ubuntu systemd[1]: Stopping Load/Save Random Seed...
5月 15 15:16:43 ubuntu systemd[1]: systemd-random-seed.service: Succeeded.
5月 15 15:16:43 ubuntu systemd[1]: Stopped Load/Save Random Seed.
-- Reboot --
5月 15 17:59:27 ubuntu systemd[1]: Stopping Load/Save Random Seed...
5月 15 17:59:27 ubuntu systemd[1]: systemd-random-seed.service: Succeeded.
5月 15 17:59:27 ubuntu systemd[1]: Stopped Load/Save Random Seed.
-- Reboot --
5月 15 22:59:14 ubuntu systemd[1]: Stopping Load/Save Random Seed...
5月 15 22:59:14 ubuntu systemd[1]: systemd-random-seed.service: Succeeded.
5月 15 22:59:14 ubuntu systemd[1]: Stopped Load/Save Random Seed.
-- Reboot --
5月 31 16:19:37 ubuntu systemd[1]: Stopping Load/Save Random Seed...
5月 31 16:19:37 ubuntu systemd[1]: systemd-random-seed.service: Succeeded.
5月 31 16:19:37 ubuntu systemd[1]: Stopped Load/Save Random Seed.
-- Reboot --
6月 02 00:27:49 ubuntu systemd[1]: Stopping Load/Save Random Seed...
6月 02 00:27:49 ubuntu systemd[1]: systemd-random-seed.service: Succeeded.
6月 02 00:27:49 ubuntu systemd[1]: Stopped Load/Save Random Seed.
-- Reboot --
6月 06 15:33:45 ubuntu systemd[1]: Stopping Load/Save Random Seed...
6月 06 15:33:46 ubuntu systemd[1]: systemd-random-seed.service: Succeeded.
6月 06 15:33:46 ubuntu systemd[1]: Stopped Load/Save Random Seed.
-- Reboot --
6月 06 15:42:24 ubuntu systemd[1]: Stopping Load/Save Random Seed...
6月 06 15:42:24 ubuntu systemd[1]: systemd-random-seed.service: Succeeded.
6月 06 15:42:24 ubuntu systemd[1]: Stopped Load/Save Random Seed.
-- Reboot --
6月 15 16:32:38 ubuntu systemd[1]: Stopping Load/Save Random Seed...
6月 15 16:32:38 ubuntu systemd[1]: systemd-random-seed.service: Succeeded.
6月 15 16:32:38 ubuntu systemd[1]: Stopped Load/Save Random Seed.
-- Reboot --
3月 30 14:44:04 ubuntu systemd[1]: Stopping Load/Save Random Seed...
3月 30 14:44:04 ubuntu systemd[1]: systemd-random-seed.service: Succeeded.
3月 30 14:44:04 ubuntu systemd[1]: Stopped Load/Save Random Seed.
-- Reboot --
3月 30 14:51:17 ubuntu systemd[1]: Stopping Load/Save Random Seed...
3月 30 14:51:17 ubuntu systemd[1]: systemd-random-seed.service: Succeeded.
3月 30 14:51:17 ubuntu systemd[1]: Stopped Load/Save Random Seed.
-- Reboot --
3月 30 15:12:58 ubuntu systemd[1]: Stopping Load/Save Random Seed...
3月 30 15:12:58 ubuntu systemd[1]: systemd-random-seed.service: Succeeded.
3月 30 15:12:58 ubuntu systemd[1]: Stopped Load/Save Random Seed.
-- Reboot --
3月 30 15:19:57 ubuntu systemd[1]: Stopping Load/Save Random Seed...
3月 30 15:19:58 ubuntu systemd[1]: systemd-random-seed.service: Succeeded.
3月 30 15:19:58 ubuntu systemd[1]: Stopped Load/Save Random Seed.
-- Reboot --
3月 30 22:59:12 ubuntu systemd[1]: Stopping Load/Save Random Seed...
3月 30 22:59:12 ubuntu systemd[1]: systemd-random-seed.service: Succeeded.
3月 30 22:59:12 ubuntu systemd[1]: Stopped Load/Save Random Seed.
-- Reboot --
3月 30 23:02:22 ubuntu systemd[1]: Stopping Load/Save Random Seed...
3月 30 23:02:22 ubuntu systemd[1]: systemd-random-seed.service: Succeeded.
3月 30 23:02:22 ubuntu systemd[1]: Stopped Load/Save Random Seed.
-- Reboot --
3月 30 23:14:09 ubuntu systemd[1]: Stopping Load/Save Random Seed...
3月 30 23:14:09 ubuntu systemd[1]: systemd-random-seed.service: Succeeded.
3月 30 23:14:09 ubuntu systemd[1]: Stopped Load/Save Random Seed.
-- Reboot --
3月 31 18:53:35 ubuntu systemd[1]: Stopping Load/Save Random Seed...
3月 31 18:53:35 ubuntu systemd[1]: systemd-random-seed.service: Succeeded.
3月 31 18:53:35 ubuntu systemd[1]: Stopped Load/Save Random Seed.
-- Reboot --
3月 31 19:01:42 ubuntu systemd[1]: Stopping Load/Save Random Seed...
3月 31 19:01:43 ubuntu systemd[1]: systemd-random-seed.service: Succeeded.
3月 31 19:01:43 ubuntu systemd[1]: Stopped Load/Save Random Seed.
-- Reboot --
3月 31 19:26:10 ubuntu systemd[1]: Stopping Load/Save Random Seed...
3月 31 19:26:10 ubuntu systemd[1]: systemd-random-seed.service: Succeeded.
3月 31 19:26:10 ubuntu systemd[1]: Stopped Load/Save Random Seed.
-- Reboot --
3月 31 19:57:56 ubuntu systemd[1]: Stopping Load/Save Random Seed...
3月 31 19:57:56 ubuntu systemd[1]: systemd-random-seed.service: Succeeded.
3月 31 19:57:56 ubuntu systemd[1]: Stopped Load/Save Random Seed.
-- Reboot --
3月 31 20:09:57 ubuntu systemd[1]: Stopping Load/Save Random Seed...
3月 31 20:09:57 ubuntu systemd[1]: systemd-random-seed.service: Succeeded.
3月 31 20:09:57 ubuntu systemd[1]: Stopped Load/Save Random Seed.
-- Reboot --
3月 31 21:06:51 ubuntu systemd[1]: Stopping Load/Save Random Seed...
3月 31 21:06:51 ubuntu systemd[1]: systemd-random-seed.service: Succeeded.
3月 31 21:06:51 ubuntu systemd[1]: Stopped Load/Save Random Seed.
-- Reboot --
4月 02 17:13:52 ubuntu systemd[1]: Stopping Load/Save Random Seed...
4月 02 17:13:52 ubuntu systemd[1]: systemd-random-seed.service: Succeeded.
4月 02 17:13:52 ubuntu systemd[1]: Stopped Load/Save Random Seed.
-- Reboot --
4月 14 20:54:40 ubuntu systemd[1]: Stopping Load/Save Random Seed...
4月 14 20:54:40 ubuntu systemd[1]: systemd-random-seed.service: Succeeded.
4月 14 20:54:40 ubuntu systemd[1]: Stopped Load/Save Random Seed.
-- Reboot --
4月 15 22:43:25 ubuntu systemd[1]: Stopping Load/Save Random Seed...
4月 15 22:43:25 ubuntu systemd[1]: systemd-random-seed.service: Succeeded.
4月 15 22:43:25 ubuntu systemd[1]: Stopped Load/Save Random Seed.
-- Reboot --
4月 15 23:08:20 ubuntu systemd[1]: Stopping Load/Save Random Seed...
4月 15 23:08:20 ubuntu systemd[1]: systemd-random-seed.service: Succeeded.
4月 15 23:08:20 ubuntu systemd[1]: Stopped Load/Save Random Seed.
-- Reboot --
4月 19 19:04:21 ubuntu systemd[1]: Stopping Load/Save Random Seed...
4月 19 19:04:21 ubuntu systemd[1]: systemd-random-seed.service: Succeeded.
4月 19 19:04:21 ubuntu systemd[1]: Stopped Load/Save Random Seed.
-- Reboot --
4月 19 19:25:49 ubuntu systemd[1]: Stopping Load/Save Random Seed...
4月 19 19:25:50 ubuntu systemd[1]: systemd-random-seed.service: Succeeded.
4月 19 19:25:50 ubuntu systemd[1]: Stopped Load/Save Random Seed.

