-- Logs begin at Sat 2022-01-08 18:32:32 CST, end at Fri 2023-04-21 17:17:40 CST. --
1月 09 17:18:23 ubuntu systemd[1]: systemd-localed.service: Succeeded.
1月 09 19:08:52 ubuntu systemd[1]: Starting Locale Service...
1月 09 19:08:52 ubuntu systemd[1]: Started Locale Service.
1月 09 19:09:22 ubuntu systemd[1]: systemd-localed.service: Succeeded.
-- Reboot --
1月 09 21:33:17 ubuntu systemd[1]: Starting Locale Service...
1月 09 21:33:17 ubuntu systemd[1]: Started Locale Service.
1月 09 21:33:58 ubuntu systemd[1]: systemd-localed.service: Succeeded.
-- Reboot --
3月 22 14:03:05 ubuntu systemd[1]: Starting Locale Service...
3月 22 14:03:05 ubuntu systemd[1]: Started Locale Service.
3月 22 14:03:49 ubuntu systemd[1]: systemd-localed.service: Succeeded.
-- Reboot --
3月 22 14:13:44 ubuntu systemd[1]: Starting Locale Service...
3月 22 14:13:44 ubuntu systemd[1]: Started Locale Service.
3月 22 14:14:15 ubuntu systemd[1]: systemd-localed.service: Succeeded.
3月 22 14:16:14 ubuntu systemd[1]: Starting Locale Service...
3月 22 14:16:14 ubuntu systemd[1]: Started Locale Service.
3月 22 14:16:44 ubuntu systemd[1]: systemd-localed.service: Succeeded.
-- Reboot --
3月 22 16:13:12 ubuntu systemd[1]: Starting Locale Service...
3月 22 16:13:12 ubuntu systemd[1]: Started Locale Service.
3月 22 16:13:45 ubuntu systemd[1]: systemd-localed.service: Succeeded.
3月 22 16:13:50 ubuntu systemd[1]: Starting Locale Service...
3月 22 16:13:51 ubuntu systemd[1]: Started Locale Service.
3月 22 16:14:21 ubuntu systemd[1]: systemd-localed.service: Succeeded.
-- Reboot --
3月 25 10:18:10 ubuntu systemd[1]: Starting Locale Service...
3月 25 10:18:10 ubuntu systemd[1]: Started Locale Service.
3月 25 10:19:04 ubuntu systemd[1]: systemd-localed.service: Succeeded.
-- Reboot --
3月 25 10:45:21 ubuntu systemd[1]: Starting Locale Service...
3月 25 10:45:21 ubuntu systemd[1]: Started Locale Service.
3月 25 10:46:12 ubuntu systemd[1]: systemd-localed.service: Succeeded.
-- Reboot --
3月 28 10:02:59 ubuntu systemd[1]: Starting Locale Service...
3月 28 10:02:59 ubuntu systemd[1]: Started Locale Service.
3月 28 10:03:49 ubuntu systemd[1]: systemd-localed.service: Succeeded.
-- Reboot --
3月 28 14:59:52 ubuntu systemd[1]: Starting Locale Service...
3月 28 14:59:52 ubuntu systemd[1]: Started Locale Service.
3月 28 15:00:38 ubuntu systemd[1]: systemd-localed.service: Succeeded.
-- Reboot --
3月 28 16:17:56 ubuntu systemd[1]: Starting Locale Service...
3月 28 16:17:56 ubuntu systemd[1]: Started Locale Service.
3月 28 16:18:26 ubuntu systemd[1]: systemd-localed.service: Succeeded.
3月 28 16:18:44 ubuntu systemd[1]: Starting Locale Service...
3月 28 16:18:44 ubuntu systemd[1]: Started Locale Service.
3月 28 16:19:14 ubuntu systemd[1]: systemd-localed.service: Succeeded.
-- Reboot --
4月 01 10:14:32 ubuntu systemd[1]: Starting Locale Service...
4月 01 10:14:32 ubuntu systemd[1]: Started Locale Service.
4月 01 10:15:27 ubuntu systemd[1]: systemd-localed.service: Succeeded.
-- Reboot --
4月 01 10:25:10 ubuntu systemd[1]: Starting Locale Service...
4月 01 10:25:10 ubuntu systemd[1]: Started Locale Service.
4月 01 10:26:00 ubuntu systemd[1]: systemd-localed.service: Succeeded.
-- Reboot --
4月 02 08:51:58 ubuntu systemd[1]: Starting Locale Service...
4月 02 08:51:58 ubuntu systemd[1]: Started Locale Service.
4月 02 08:52:46 ubuntu systemd[1]: systemd-localed.service: Succeeded.
-- Reboot --
4月 02 09:04:49 ubuntu systemd[1]: Starting Locale Service...
4月 02 09:04:49 ubuntu systemd[1]: Started Locale Service.
4月 02 09:05:19 ubuntu systemd[1]: systemd-localed.service: Succeeded.
-- Reboot --
4月 02 09:10:34 ubuntu systemd[1]: Starting Locale Service...
4月 02 09:10:34 ubuntu systemd[1]: Started Locale Service.
4月 02 09:11:01 ubuntu systemd[1]: systemd-localed.service: Succeeded.
4月 02 09:11:27 ubuntu systemd[1]: Starting Locale Service...
4月 02 09:11:27 ubuntu systemd[1]: Started Locale Service.
4月 02 09:11:57 ubuntu systemd[1]: systemd-localed.service: Succeeded.
-- Reboot --
4月 02 17:23:07 ubuntu systemd[1]: Starting Locale Service...
4月 02 17:23:07 ubuntu systemd[1]: Started Locale Service.
4月 02 17:23:45 ubuntu systemd[1]: systemd-localed.service: Succeeded.
-- Reboot --
4月 02 17:51:35 ubuntu systemd[1]: Starting Locale Service...
4月 02 17:51:35 ubuntu systemd[1]: Started Locale Service.
4月 02 17:52:12 ubuntu systemd[1]: systemd-localed.service: Succeeded.
-- Reboot --
4月 06 08:17:29 ubuntu systemd[1]: Starting Locale Service...
4月 06 08:17:29 ubuntu systemd[1]: Started Locale Service.
4月 06 08:17:55 ubuntu systemd[1]: systemd-localed.service: Succeeded.
4月 06 08:18:05 ubuntu systemd[1]: Starting Locale Service...
4月 06 08:18:06 ubuntu systemd[1]: Started Locale Service.
4月 06 08:18:36 ubuntu systemd[1]: systemd-localed.service: Succeeded.
-- Reboot --
4月 13 08:09:51 ubuntu systemd[1]: Starting Locale Service...
4月 13 08:09:51 ubuntu systemd[1]: Started Locale Service.
4月 13 08:10:41 ubuntu systemd[1]: systemd-localed.service: Succeeded.
-- Reboot --
4月 13 08:30:22 ubuntu systemd[1]: Starting Locale Service...
4月 13 08:30:22 ubuntu systemd[1]: Started Locale Service.
4月 13 08:31:05 ubuntu systemd[1]: systemd-localed.service: Succeeded.
-- Reboot --
4月 13 10:23:50 ubuntu systemd[1]: Starting Locale Service...
4月 13 10:23:51 ubuntu systemd[1]: Started Locale Service.
4月 13 10:24:52 ubuntu systemd[1]: systemd-localed.service: Succeeded.
-- Reboot --
4月 13 14:46:36 ubuntu systemd[1]: Starting Locale Service...
4月 13 14:46:36 ubuntu systemd[1]: Started Locale Service.
4月 13 14:47:09 ubuntu systemd[1]: systemd-localed.service: Succeeded.
4月 13 14:47:23 ubuntu systemd[1]: Starting Locale Service...
4月 13 14:47:23 ubuntu systemd[1]: Started Locale Service.
4月 13 14:47:53 ubuntu systemd[1]: systemd-localed.service: Succeeded.
-- Reboot --
4月 15 10:17:03 ubuntu systemd[1]: Starting Locale Service...
4月 15 10:17:03 ubuntu systemd[1]: Started Locale Service.
4月 15 10:17:34 ubuntu systemd[1]: systemd-localed.service: Succeeded.
4月 15 10:19:05 ubuntu systemd[1]: Starting Locale Service...
4月 15 10:19:05 ubuntu systemd[1]: Started Locale Service.
4月 15 10:19:35 ubuntu systemd[1]: systemd-localed.service: Succeeded.
-- Reboot --
4月 20 08:14:53 ubuntu systemd[1]: Starting Locale Service...
4月 20 08:14:53 ubuntu systemd[1]: Started Locale Service.
4月 20 08:15:26 ubuntu systemd[1]: systemd-localed.service: Succeeded.
4月 20 08:15:54 ubuntu systemd[1]: Starting Locale Service...
4月 20 08:15:55 ubuntu systemd[1]: Started Locale Service.
4月 20 08:16:25 ubuntu systemd[1]: systemd-localed.service: Succeeded.
-- Reboot --
4月 20 08:23:07 ubuntu systemd[1]: Starting Locale Service...
4月 20 08:23:07 ubuntu systemd[1]: Started Locale Service.
4月 20 08:23:52 ubuntu systemd[1]: systemd-localed.service: Succeeded.
-- Reboot --
4月 27 08:18:28 ubuntu systemd[1]: Starting Locale Service...
4月 27 08:18:29 ubuntu systemd[1]: Started Locale Service.
4月 27 08:19:24 ubuntu systemd[1]: systemd-localed.service: Succeeded.
-- Reboot --
4月 27 11:07:17 ubuntu systemd[1]: Starting Locale Service...
4月 27 11:07:17 ubuntu systemd[1]: Started Locale Service.
4月 27 11:08:04 ubuntu systemd[1]: systemd-localed.service: Succeeded.
-- Reboot --
4月 27 14:11:34 ubuntu systemd[1]: Starting Locale Service...
4月 27 14:11:34 ubuntu systemd[1]: Started Locale Service.
4月 27 14:12:17 ubuntu systemd[1]: systemd-localed.service: Succeeded.
-- Reboot --
4月 27 15:05:21 ubuntu systemd[1]: Starting Locale Service...
4月 27 15:05:21 ubuntu systemd[1]: Started Locale Service.
4月 27 15:05:52 ubuntu systemd[1]: systemd-localed.service: Succeeded.
4月 27 15:05:56 ubuntu systemd[1]: Starting Locale Service...
4月 27 15:05:57 ubuntu systemd[1]: Started Locale Service.
4月 27 15:06:27 ubuntu systemd[1]: systemd-localed.service: Succeeded.
-- Reboot --
4月 28 21:00:56 ubuntu systemd[1]: Starting Locale Service...
4月 28 21:00:56 ubuntu systemd[1]: Started Locale Service.
4月 28 21:01:48 ubuntu systemd[1]: systemd-localed.service: Succeeded.
-- Reboot --
5月 06 10:06:20 ubuntu systemd[1]: Starting Locale Service...
5月 06 10:06:20 ubuntu systemd[1]: Started Locale Service.
5月 06 10:06:58 ubuntu systemd[1]: systemd-localed.service: Succeeded.
-- Reboot --
5月 06 10:17:48 ubuntu systemd[1]: Starting Locale Service...
5月 06 10:17:48 ubuntu systemd[1]: Started Locale Service.
5月 06 10:18:28 ubuntu systemd[1]: systemd-localed.service: Succeeded.
-- Reboot --
5月 07 08:13:54 ubuntu systemd[1]: Starting Locale Service...
5月 07 08:13:54 ubuntu systemd[1]: Started Locale Service.
5月 07 08:14:29 ubuntu systemd[1]: systemd-localed.service: Succeeded.
-- Reboot --
5月 08 14:53:57 ubuntu systemd[1]: Starting Locale Service...
5月 08 14:53:57 ubuntu systemd[1]: Started Locale Service.
5月 08 14:54:31 ubuntu systemd[1]: systemd-localed.service: Succeeded.
-- Reboot --
5月 08 15:54:28 ubuntu systemd[1]: Starting Locale Service...
5月 08 15:54:28 ubuntu systemd[1]: Started Locale Service.
5月 08 15:55:20 ubuntu systemd[1]: systemd-localed.service: Succeeded.
-- Reboot --
5月 08 16:27:24 ubuntu systemd[1]: Starting Locale Service...
5月 08 16:27:24 ubuntu systemd[1]: Started Locale Service.
5月 08 16:27:55 ubuntu systemd[1]: systemd-localed.service: Succeeded.
-- Reboot --
5月 14 20:51:57 ubuntu systemd[1]: Starting Locale Service...
5月 14 20:51:57 ubuntu systemd[1]: Started Locale Service.
5月 14 20:52:41 ubuntu systemd[1]: systemd-localed.service: Succeeded.
-- Reboot --
5月 15 00:06:19 ubuntu systemd[1]: Starting Locale Service...
5月 15 00:06:19 ubuntu systemd[1]: Started Locale Service.
5月 15 00:06:48 ubuntu systemd[1]: systemd-localed.service: Succeeded.
5月 15 00:06:58 ubuntu systemd[1]: Starting Locale Service...
5月 15 00:06:58 ubuntu systemd[1]: Started Locale Service.
5月 15 00:07:28 ubuntu systemd[1]: systemd-localed.service: Succeeded.
-- Reboot --
5月 15 00:15:12 ubuntu systemd[1]: Starting Locale Service...
5月 15 00:15:12 ubuntu systemd[1]: Started Locale Service.
5月 15 00:15:59 ubuntu systemd[1]: systemd-localed.service: Succeeded.
-- Reboot --
5月 15 10:43:46 ubuntu systemd[1]: Starting Locale Service...
5月 15 10:43:47 ubuntu systemd[1]: Started Locale Service.
5月 15 10:44:39 ubuntu systemd[1]: systemd-localed.service: Succeeded.
-- Reboot --
5月 15 15:15:45 ubuntu systemd[1]: Starting Locale Service...
5月 15 15:15:45 ubuntu systemd[1]: Started Locale Service.
5月 15 15:16:30 ubuntu systemd[1]: systemd-localed.service: Succeeded.
-- Reboot --
5月 15 16:28:30 ubuntu systemd[1]: Starting Locale Service...
5月 15 16:28:31 ubuntu systemd[1]: Started Locale Service.
5月 15 16:29:17 ubuntu systemd[1]: systemd-localed.service: Succeeded.
-- Reboot --
5月 15 21:27:18 ubuntu systemd[1]: Starting Locale Service...
5月 15 21:27:18 ubuntu systemd[1]: Started Locale Service.
5月 15 21:28:14 ubuntu systemd[1]: systemd-localed.service: Succeeded.
-- Reboot --
5月 31 15:28:49 ubuntu systemd[1]: Starting Locale Service...
5月 31 15:28:49 ubuntu systemd[1]: Started Locale Service.
5月 31 15:29:20 ubuntu systemd[1]: systemd-localed.service: Succeeded.
5月 31 15:30:22 ubuntu systemd[1]: Starting Locale Service...
5月 31 15:30:22 ubuntu systemd[1]: Started Locale Service.
5月 31 15:30:52 ubuntu systemd[1]: systemd-localed.service: Succeeded.
-- Reboot --
5月 31 16:19:56 ubuntu systemd[1]: Starting Locale Service...
5月 31 16:19:56 ubuntu systemd[1]: Started Locale Service.
5月 31 16:20:41 ubuntu systemd[1]: systemd-localed.service: Succeeded.
-- Reboot --
5月 31 21:01:01 ubuntu systemd[1]: Starting Locale Service...
5月 31 21:01:01 ubuntu systemd[1]: Started Locale Service.
5月 31 21:01:54 ubuntu systemd[1]: systemd-localed.service: Succeeded.
-- Reboot --
6月 01 23:20:38 ubuntu systemd[1]: Starting Locale Service...
6月 01 23:20:38 ubuntu systemd[1]: Started Locale Service.
6月 01 23:21:16 ubuntu systemd[1]: systemd-localed.service: Succeeded.
6月 01 23:21:52 ubuntu systemd[1]: Starting Locale Service...
6月 01 23:21:53 ubuntu systemd[1]: Started Locale Service.
6月 01 23:22:23 ubuntu systemd[1]: systemd-localed.service: Succeeded.
-- Reboot --
6月 06 14:12:41 ubuntu systemd[1]: Starting Locale Service...
6月 06 14:12:41 ubuntu systemd[1]: Started Locale Service.
6月 06 14:13:20 ubuntu systemd[1]: systemd-localed.service: Succeeded.
-- Reboot --
6月 06 15:39:40 ubuntu systemd[1]: Starting Locale Service...
6月 06 15:39:40 ubuntu systemd[1]: Started Locale Service.
6月 06 15:40:20 ubuntu systemd[1]: systemd-localed.service: Succeeded.
-- Reboot --
6月 06 15:44:30 ubuntu systemd[1]: Starting Locale Service...
6月 06 15:44:31 ubuntu systemd[1]: Started Locale Service.
6月 06 15:45:28 ubuntu systemd[1]: systemd-localed.service: Succeeded.
-- Reboot --
6月 15 14:09:05 ubuntu systemd[1]: Starting Locale Service...
6月 15 14:09:06 ubuntu systemd[1]: Started Locale Service.
6月 15 14:09:40 ubuntu systemd[1]: systemd-localed.service: Succeeded.
6月 15 15:13:41 ubuntu systemd[1]: Starting Locale Service...
6月 15 15:13:42 ubuntu systemd[1]: Started Locale Service.
6月 15 15:14:12 ubuntu systemd[1]: systemd-localed.service: Succeeded.
-- Reboot --
6月 16 14:48:33 ubuntu systemd[1]: Starting Locale Service...
6月 16 14:48:33 ubuntu systemd[1]: Started Locale Service.
6月 16 14:49:19 ubuntu systemd[1]: systemd-localed.service: Succeeded.
-- Reboot --
2月 25 16:36:22 ubuntu systemd[1]: Starting Locale Service...
2月 25 16:36:22 ubuntu systemd[1]: Started Locale Service.
2月 25 16:37:18 ubuntu systemd[1]: systemd-localed.service: Succeeded.
2月 25 16:37:35 ubuntu systemd[1]: Starting Locale Service...
2月 25 16:37:36 ubuntu systemd[1]: Started Locale Service.
2月 25 16:37:46 ubuntu systemd-localed[3510]: Changed locale to LANG=en_US.UTF-8, LANGUAGE=zh_CN:en, LC_NUMERIC=zh_CN.UTF-8, LC_TIME=zh_CN.UTF-8, LC_MONETARY=zh_CN.UTF-8, LC_PAPER=zh_CN.UTF-8, LC_IDENTIFICATION=zh_CN.UTF-8, LC_NAME=zh_CN.UTF-8, LC_ADDRESS=zh_CN.UTF-8, LC_TELEPHONE=zh_CN.UTF-8, LC_MEASUREMENT=zh_CN.UTF-8.
2月 25 16:38:53 ubuntu systemd[1]: systemd-localed.service: Succeeded.
-- Reboot --
3月 27 17:52:53 ubuntu systemd[1]: Starting Locale Service...
3月 27 17:52:53 ubuntu systemd[1]: Started Locale Service.
3月 27 17:53:18 ubuntu systemd[1]: systemd-localed.service: Succeeded.
3月 27 17:59:13 ubuntu systemd[1]: Starting Locale Service...
3月 27 17:59:13 ubuntu systemd[1]: Started Locale Service.
3月 27 17:59:44 ubuntu systemd[1]: systemd-localed.service: Succeeded.
3月 27 18:00:15 ubuntu systemd[1]: Starting Locale Service...
3月 27 18:00:15 ubuntu systemd[1]: Started Locale Service.
3月 27 18:00:45 ubuntu systemd[1]: systemd-localed.service: Succeeded.
3月 27 18:08:15 ubuntu systemd[1]: Starting Locale Service...
3月 27 18:08:15 ubuntu systemd[1]: Started Locale Service.
-- Reboot --
3月 30 14:06:13 ubuntu systemd[1]: Starting Locale Service...
3月 30 14:06:13 ubuntu systemd[1]: Started Locale Service.
3月 30 14:06:18 ubuntu systemd[1]: systemd-localed.service: Succeeded.
3月 30 14:15:39 ubuntu systemd[1]: Starting Locale Service...
3月 30 14:15:39 ubuntu systemd[1]: Started Locale Service.
3月 30 14:16:09 ubuntu systemd[1]: systemd-localed.service: Succeeded.
3月 30 14:43:07 ubuntu systemd[1]: Starting Locale Service...
3月 30 14:43:08 ubuntu systemd[1]: Started Locale Service.
3月 30 14:43:38 ubuntu systemd[1]: systemd-localed.service: Succeeded.
3月 30 14:43:59 ubuntu systemd[1]: Starting Locale Service...
3月 30 14:43:59 ubuntu systemd[1]: Started Locale Service.
3月 30 14:44:04 ubuntu systemd[1]: Stopping Locale Service...
3月 30 14:44:04 ubuntu systemd[1]: systemd-localed.service: Succeeded.
3月 30 14:44:04 ubuntu systemd[1]: Stopped Locale Service.
-- Reboot --
3月 30 14:44:36 ubuntu systemd[1]: Starting Locale Service...
3月 30 14:44:36 ubuntu systemd[1]: Started Locale Service.
3月 30 14:45:21 ubuntu systemd[1]: systemd-localed.service: Succeeded.
-- Reboot --
3月 30 15:12:23 ubuntu systemd[1]: Starting Locale Service...
3月 30 15:12:23 ubuntu systemd[1]: Started Locale Service.
3月 30 15:12:58 ubuntu systemd[1]: Stopping Locale Service...
3月 30 15:12:58 ubuntu systemd[1]: systemd-localed.service: Succeeded.
3月 30 15:12:58 ubuntu systemd[1]: Stopped Locale Service.
-- Reboot --
3月 30 15:18:44 ubuntu systemd[1]: Starting Locale Service...
3月 30 15:18:44 ubuntu systemd[1]: Started Locale Service.
3月 30 15:19:41 ubuntu systemd[1]: systemd-localed.service: Succeeded.
-- Reboot --
3月 30 22:57:18 ubuntu systemd[1]: Starting Locale Service...
3月 30 22:57:18 ubuntu systemd[1]: Started Locale Service.
3月 30 22:57:48 ubuntu systemd[1]: systemd-localed.service: Succeeded.
3月 30 22:57:49 ubuntu systemd[1]: Starting Locale Service...
3月 30 22:57:50 ubuntu systemd[1]: Started Locale Service.
3月 30 22:58:20 ubuntu systemd[1]: systemd-localed.service: Succeeded.
3月 30 22:58:46 ubuntu systemd[1]: Starting Locale Service...
3月 30 22:58:46 ubuntu systemd[1]: Started Locale Service.
3月 30 22:59:12 ubuntu systemd[1]: Stopping Locale Service...
3月 30 22:59:12 ubuntu systemd[1]: systemd-localed.service: Succeeded.
3月 30 22:59:12 ubuntu systemd[1]: Stopped Locale Service.
-- Reboot --
3月 30 23:00:49 ubuntu systemd[1]: Starting Locale Service...
3月 30 23:00:49 ubuntu systemd[1]: Started Locale Service.
3月 30 23:01:43 ubuntu systemd[1]: systemd-localed.service: Succeeded.
-- Reboot --
3月 30 23:05:30 ubuntu systemd[1]: Starting Locale Service...
3月 30 23:05:30 ubuntu systemd[1]: Started Locale Service.
3月 30 23:06:13 ubuntu systemd[1]: systemd-localed.service: Succeeded.
-- Reboot --
3月 31 18:40:24 ubuntu systemd[1]: Starting Locale Service...
3月 31 18:40:24 ubuntu systemd[1]: Started Locale Service.
3月 31 18:41:06 ubuntu systemd[1]: systemd-localed.service: Succeeded.
3月 31 18:42:28 ubuntu systemd[1]: Starting Locale Service...
3月 31 18:42:28 ubuntu systemd[1]: Started Locale Service.
3月 31 18:42:59 ubuntu systemd[1]: systemd-localed.service: Succeeded.
3月 31 18:53:30 ubuntu systemd[1]: Starting Locale Service...
3月 31 18:53:30 ubuntu systemd[1]: Started Locale Service.
3月 31 18:53:35 ubuntu systemd[1]: Stopping Locale Service...
3月 31 18:53:35 ubuntu systemd[1]: systemd-localed.service: Succeeded.
3月 31 18:53:35 ubuntu systemd[1]: Stopped Locale Service.
-- Reboot --
3月 31 18:54:22 ubuntu systemd[1]: Starting Locale Service...
3月 31 18:54:22 ubuntu systemd[1]: Started Locale Service.
3月 31 18:55:06 ubuntu systemd[1]: systemd-localed.service: Succeeded.
-- Reboot --
3月 31 19:04:05 ubuntu systemd[1]: Starting Locale Service...
3月 31 19:04:05 ubuntu systemd[1]: Started Locale Service.
3月 31 19:04:51 ubuntu systemd[1]: systemd-localed.service: Succeeded.
-- Reboot --
3月 31 19:27:41 ubuntu systemd[1]: Starting Locale Service...
3月 31 19:27:41 ubuntu systemd[1]: Started Locale Service.
3月 31 19:28:32 ubuntu systemd[1]: systemd-localed.service: Succeeded.
-- Reboot --
3月 31 19:43:34 ubuntu systemd[1]: Starting Locale Service...
3月 31 19:43:34 ubuntu systemd[1]: Started Locale Service.
3月 31 19:44:20 ubuntu systemd[1]: systemd-localed.service: Succeeded.
-- Reboot --
3月 31 19:58:22 ubuntu systemd[1]: Starting Locale Service...
3月 31 19:58:22 ubuntu systemd[1]: Started Locale Service.
3月 31 19:58:53 ubuntu systemd[1]: systemd-localed.service: Succeeded.
3月 31 20:02:39 ubuntu systemd[1]: Starting Locale Service...
3月 31 20:02:39 ubuntu systemd[1]: Started Locale Service.
3月 31 20:03:09 ubuntu systemd[1]: systemd-localed.service: Succeeded.
-- Reboot --
3月 31 20:24:40 ubuntu systemd[1]: Starting Locale Service...
3月 31 20:24:40 ubuntu systemd[1]: Started Locale Service.
3月 31 20:25:37 ubuntu systemd[1]: systemd-localed.service: Succeeded.
-- Reboot --
4月 02 17:05:08 ubuntu systemd[1]: Starting Locale Service...
4月 02 17:05:09 ubuntu systemd[1]: Started Locale Service.
4月 02 17:05:49 ubuntu systemd[1]: systemd-localed.service: Succeeded.
-- Reboot --
4月 14 20:21:45 ubuntu systemd[1]: Starting Locale Service...
4月 14 20:21:45 ubuntu systemd[1]: Started Locale Service.
4月 14 20:22:21 ubuntu systemd[1]: systemd-localed.service: Succeeded.
-- Reboot --
4月 14 20:55:56 ubuntu systemd[1]: Starting Locale Service...
4月 14 20:55:56 ubuntu systemd[1]: Started Locale Service.
4月 14 20:56:15 ubuntu systemd[1]: systemd-localed.service: Succeeded.
4月 14 20:56:36 ubuntu systemd[1]: Starting Locale Service...
4月 14 20:56:36 ubuntu systemd[1]: Started Locale Service.
4月 14 20:57:06 ubuntu systemd[1]: systemd-localed.service: Succeeded.
-- Reboot --
4月 15 22:31:11 ubuntu systemd[1]: Starting Locale Service...
4月 15 22:31:11 ubuntu systemd[1]: Started Locale Service.
4月 15 22:31:43 ubuntu systemd[1]: systemd-localed.service: Succeeded.
4月 15 22:32:10 ubuntu systemd[1]: Starting Locale Service...
4月 15 22:32:10 ubuntu systemd[1]: Started Locale Service.
4月 15 22:32:41 ubuntu systemd[1]: systemd-localed.service: Succeeded.
-- Reboot --
4月 15 22:43:44 ubuntu systemd[1]: Starting Locale Service...
4月 15 22:43:44 ubuntu systemd[1]: Started Locale Service.
4月 15 22:44:16 ubuntu systemd[1]: systemd-localed.service: Succeeded.
4月 15 22:57:40 ubuntu systemd[1]: Starting Locale Service...
4月 15 22:57:40 ubuntu systemd[1]: Started Locale Service.
4月 15 22:58:10 ubuntu systemd[1]: systemd-localed.service: Succeeded.
-- Reboot --
4月 19 18:41:09 ubuntu systemd[1]: Starting Locale Service...
4月 19 18:41:09 ubuntu systemd[1]: Started Locale Service.
4月 19 18:41:41 ubuntu systemd[1]: systemd-localed.service: Succeeded.
4月 19 18:42:55 ubuntu systemd[1]: Starting Locale Service...
4月 19 18:42:55 ubuntu systemd[1]: Started Locale Service.
4月 19 18:43:25 ubuntu systemd[1]: systemd-localed.service: Succeeded.
-- Reboot --
4月 19 19:16:20 ubuntu systemd[1]: Starting Locale Service...
4月 19 19:16:20 ubuntu systemd[1]: Started Locale Service.
4月 19 19:16:51 ubuntu systemd[1]: systemd-localed.service: Succeeded.
4月 19 19:17:01 ubuntu systemd[1]: Starting Locale Service...
4月 19 19:17:01 ubuntu systemd[1]: Started Locale Service.
4月 19 19:17:31 ubuntu systemd[1]: systemd-localed.service: Succeeded.
-- Reboot --
4月 21 14:58:11 ubuntu systemd[1]: Starting Locale Service...
4月 21 14:58:11 ubuntu systemd[1]: Started Locale Service.
4月 21 14:58:57 ubuntu systemd[1]: systemd-localed.service: Succeeded.

