-- Logs begin at Sat 2022-01-08 18:32:32 CST, end at Fri 2023-04-21 17:17:40 CST. --
1月 09 21:32:59 ubuntu systemd[1]: Stopping Daemon for power management...
1月 09 21:32:59 ubuntu systemd[1]: upower.service: Succeeded.
1月 09 21:32:59 ubuntu systemd[1]: Stopped Daemon for power management.
-- Reboot --
1月 09 21:33:16 ubuntu systemd[1]: Starting Daemon for power management...
1月 09 21:33:16 ubuntu systemd[1]: Started Daemon for power management.
-- Reboot --
3月 22 14:03:04 ubuntu systemd[1]: Starting Daemon for power management...
3月 22 14:03:04 ubuntu systemd[1]: Started Daemon for power management.
3月 22 14:09:25 ubuntu upowerd[1244]: treating change event as add on /sys/devices/pci0000:00/0000:00:11.0/0000:02:00.0/usb2
3月 22 14:09:25 ubuntu upowerd[1244]: treating change event as add on /sys/devices/pci0000:00/0000:00:11.0/0000:02:03.0/usb1
3月 22 14:09:25 ubuntu upowerd[1244]: treating change event as add on /sys/devices/pci0000:00/0000:00:11.0/0000:02:03.0/usb1/1-0:1.0
3月 22 14:09:25 ubuntu upowerd[1244]: treating change event as add on /sys/devices/pci0000:00/0000:00:11.0/0000:02:00.0/usb2/2-0:1.0
3月 22 14:09:25 ubuntu upowerd[1244]: treating change event as add on /sys/devices/pci0000:00/0000:00:11.0/0000:02:00.0/usb2/2-1
3月 22 14:09:25 ubuntu upowerd[1244]: treating change event as add on /sys/devices/pci0000:00/0000:00:11.0/0000:02:00.0/usb2/2-2
3月 22 14:09:25 ubuntu upowerd[1244]: treating change event as add on /sys/devices/pci0000:00/0000:00:11.0/0000:02:00.0/usb2/2-1/2-1:1.0
3月 22 14:09:25 ubuntu upowerd[1244]: treating change event as add on /sys/devices/pci0000:00/0000:00:11.0/0000:02:00.0/usb2/2-1/2-1:1.0/0003:0E0F:0003.0001
3月 22 14:09:25 ubuntu upowerd[1244]: treating change event as add on /sys/devices/pci0000:00/0000:00:11.0/0000:02:00.0/usb2/2-2/2-2:1.0
3月 22 14:13:28 ubuntu systemd[1]: Stopping Daemon for power management...
3月 22 14:13:28 ubuntu systemd[1]: upower.service: Succeeded.
3月 22 14:13:28 ubuntu systemd[1]: Stopped Daemon for power management.
-- Reboot --
3月 22 14:13:43 ubuntu systemd[1]: Starting Daemon for power management...
3月 22 14:13:43 ubuntu systemd[1]: Started Daemon for power management.
3月 22 14:22:48 ubuntu systemd[1]: Stopping Daemon for power management...
3月 22 14:22:48 ubuntu systemd[1]: upower.service: Succeeded.
3月 22 14:22:48 ubuntu systemd[1]: Stopped Daemon for power management.
-- Reboot --
3月 22 16:13:11 ubuntu systemd[1]: Starting Daemon for power management...
3月 22 16:13:11 ubuntu systemd[1]: Started Daemon for power management.
3月 22 17:37:59 ubuntu systemd[1]: Stopping Daemon for power management...
3月 22 17:37:59 ubuntu systemd[1]: upower.service: Succeeded.
3月 22 17:37:59 ubuntu systemd[1]: Stopped Daemon for power management.
-- Reboot --
3月 25 10:18:08 ubuntu systemd[1]: Starting Daemon for power management...
3月 25 10:18:08 ubuntu systemd[1]: Started Daemon for power management.
3月 25 10:36:28 ubuntu systemd[1]: Stopping Daemon for power management...
3月 25 10:36:28 ubuntu systemd[1]: upower.service: Succeeded.
3月 25 10:36:28 ubuntu systemd[1]: Stopped Daemon for power management.
-- Reboot --
3月 25 10:45:18 ubuntu systemd[1]: Starting Daemon for power management...
3月 25 10:45:18 ubuntu systemd[1]: Started Daemon for power management.
-- Reboot --
3月 28 10:02:57 ubuntu systemd[1]: Starting Daemon for power management...
3月 28 10:02:57 ubuntu systemd[1]: Started Daemon for power management.
-- Reboot --
3月 28 14:59:49 ubuntu systemd[1]: Starting Daemon for power management...
3月 28 14:59:49 ubuntu systemd[1]: Started Daemon for power management.
3月 28 15:53:54 ubuntu systemd[1]: Stopping Daemon for power management...
3月 28 15:53:54 ubuntu systemd[1]: upower.service: Succeeded.
3月 28 15:53:54 ubuntu systemd[1]: Stopped Daemon for power management.
-- Reboot --
3月 28 16:17:53 ubuntu systemd[1]: Starting Daemon for power management...
3月 28 16:17:53 ubuntu systemd[1]: Started Daemon for power management.
3月 28 17:29:20 ubuntu systemd[1]: Stopping Daemon for power management...
3月 28 17:29:20 ubuntu systemd[1]: upower.service: Succeeded.
3月 28 17:29:20 ubuntu systemd[1]: Stopped Daemon for power management.
-- Reboot --
4月 01 10:14:29 ubuntu systemd[1]: Starting Daemon for power management...
4月 01 10:14:29 ubuntu systemd[1]: Started Daemon for power management.
4月 01 10:24:19 ubuntu systemd[1]: Stopping Daemon for power management...
4月 01 10:24:19 ubuntu systemd[1]: upower.service: Succeeded.
4月 01 10:24:19 ubuntu systemd[1]: Stopped Daemon for power management.
-- Reboot --
4月 01 10:25:08 ubuntu systemd[1]: Starting Daemon for power management...
4月 01 10:25:08 ubuntu systemd[1]: Started Daemon for power management.
4月 01 12:03:43 ubuntu systemd[1]: Stopping Daemon for power management...
4月 01 12:03:43 ubuntu systemd[1]: upower.service: Succeeded.
4月 01 12:03:43 ubuntu systemd[1]: Stopped Daemon for power management.
-- Reboot --
4月 02 08:51:56 ubuntu systemd[1]: Starting Daemon for power management...
4月 02 08:51:56 ubuntu systemd[1]: Started Daemon for power management.
-- Reboot --
4月 02 09:04:46 ubuntu systemd[1]: Starting Daemon for power management...
4月 02 09:04:46 ubuntu systemd[1]: Started Daemon for power management.
-- Reboot --
4月 02 09:10:33 ubuntu systemd[1]: Starting Daemon for power management...
4月 02 09:10:33 ubuntu systemd[1]: Started Daemon for power management.
4月 02 09:29:37 ubuntu systemd[1]: Stopping Daemon for power management...
4月 02 09:29:37 ubuntu systemd[1]: upower.service: Succeeded.
4月 02 09:29:37 ubuntu systemd[1]: Stopped Daemon for power management.
-- Reboot --
4月 02 17:23:06 ubuntu systemd[1]: Starting Daemon for power management...
4月 02 17:23:06 ubuntu systemd[1]: Started Daemon for power management.
4月 02 17:51:13 ubuntu systemd[1]: Stopping Daemon for power management...
4月 02 17:51:13 ubuntu systemd[1]: upower.service: Succeeded.
4月 02 17:51:13 ubuntu systemd[1]: Stopped Daemon for power management.
-- Reboot --
4月 02 17:51:34 ubuntu systemd[1]: Starting Daemon for power management...
4月 02 17:51:34 ubuntu systemd[1]: Started Daemon for power management.
-- Reboot --
4月 06 08:17:26 ubuntu systemd[1]: Starting Daemon for power management...
4月 06 08:17:26 ubuntu systemd[1]: Started Daemon for power management.
4月 06 10:26:21 ubuntu systemd[1]: Stopping Daemon for power management...
4月 06 10:26:21 ubuntu systemd[1]: upower.service: Succeeded.
4月 06 10:26:21 ubuntu systemd[1]: Stopped Daemon for power management.
-- Reboot --
4月 13 08:09:49 ubuntu systemd[1]: Starting Daemon for power management...
4月 13 08:09:49 ubuntu systemd[1]: Started Daemon for power management.
4月 13 08:30:00 ubuntu systemd[1]: Stopping Daemon for power management...
4月 13 08:30:00 ubuntu systemd[1]: upower.service: Succeeded.
4月 13 08:30:00 ubuntu systemd[1]: Stopped Daemon for power management.
-- Reboot --
4月 13 08:30:21 ubuntu systemd[1]: Starting Daemon for power management...
4月 13 08:30:21 ubuntu systemd[1]: Started Daemon for power management.
-- Reboot --
4月 13 10:23:46 ubuntu systemd[1]: Starting Daemon for power management...
4月 13 10:23:46 ubuntu systemd[1]: Started Daemon for power management.
-- Reboot --
4月 13 14:46:35 ubuntu systemd[1]: Starting Daemon for power management...
4月 13 14:46:35 ubuntu systemd[1]: Started Daemon for power management.
4月 13 15:21:57 ubuntu systemd[1]: Stopping Daemon for power management...
4月 13 15:21:57 ubuntu systemd[1]: upower.service: Succeeded.
4月 13 15:21:57 ubuntu systemd[1]: Stopped Daemon for power management.
-- Reboot --
4月 15 10:17:01 ubuntu systemd[1]: Starting Daemon for power management...
4月 15 10:17:02 ubuntu systemd[1]: Started Daemon for power management.
-- Reboot --
4月 20 08:14:50 ubuntu systemd[1]: Starting Daemon for power management...
4月 20 08:14:50 ubuntu systemd[1]: Started Daemon for power management.
4月 20 08:22:49 ubuntu systemd[1]: Stopping Daemon for power management...
4月 20 08:22:49 ubuntu systemd[1]: upower.service: Succeeded.
4月 20 08:22:49 ubuntu systemd[1]: Stopped Daemon for power management.
-- Reboot --
4月 20 08:23:07 ubuntu systemd[1]: Starting Daemon for power management...
4月 20 08:23:07 ubuntu systemd[1]: Started Daemon for power management.
-- Reboot --
4月 27 08:18:25 ubuntu systemd[1]: Starting Daemon for power management...
4月 27 08:18:25 ubuntu systemd[1]: Started Daemon for power management.
4月 27 10:50:15 ubuntu systemd[1]: Stopping Daemon for power management...
4月 27 10:50:16 ubuntu systemd[1]: upower.service: Succeeded.
4月 27 10:50:16 ubuntu systemd[1]: Stopped Daemon for power management.
-- Reboot --
4月 27 11:07:14 ubuntu systemd[1]: Starting Daemon for power management...
4月 27 11:07:14 ubuntu systemd[1]: Started Daemon for power management.
4月 27 11:20:10 ubuntu systemd[1]: Stopping Daemon for power management...
4月 27 11:20:10 ubuntu systemd[1]: upower.service: Succeeded.
4月 27 11:20:10 ubuntu systemd[1]: Stopped Daemon for power management.
-- Reboot --
4月 27 14:11:33 ubuntu systemd[1]: Starting Daemon for power management...
4月 27 14:11:33 ubuntu systemd[1]: Started Daemon for power management.
4月 27 15:04:59 ubuntu systemd[1]: Stopping Daemon for power management...
4月 27 15:04:59 ubuntu systemd[1]: upower.service: Succeeded.
4月 27 15:04:59 ubuntu systemd[1]: Stopped Daemon for power management.
-- Reboot --
4月 27 15:05:20 ubuntu systemd[1]: Starting Daemon for power management...
4月 27 15:05:20 ubuntu systemd[1]: Started Daemon for power management.
4月 27 16:02:17 ubuntu systemd[1]: Stopping Daemon for power management...
4月 27 16:02:17 ubuntu systemd[1]: upower.service: Succeeded.
4月 27 16:02:17 ubuntu systemd[1]: Stopped Daemon for power management.
-- Reboot --
4月 28 21:00:52 ubuntu systemd[1]: Starting Daemon for power management...
4月 28 21:00:53 ubuntu systemd[1]: Started Daemon for power management.
4月 28 21:01:50 ubuntu systemd[1]: Stopping Daemon for power management...
4月 28 21:01:50 ubuntu systemd[1]: upower.service: Succeeded.
4月 28 21:01:50 ubuntu systemd[1]: Stopped Daemon for power management.
-- Reboot --
5月 06 10:06:19 ubuntu systemd[1]: Starting Daemon for power management...
5月 06 10:06:19 ubuntu systemd[1]: Started Daemon for power management.
5月 06 10:17:23 ubuntu systemd[1]: Stopping Daemon for power management...
5月 06 10:17:23 ubuntu systemd[1]: upower.service: Succeeded.
5月 06 10:17:23 ubuntu systemd[1]: Stopped Daemon for power management.
-- Reboot --
5月 06 10:17:47 ubuntu systemd[1]: Starting Daemon for power management...
5月 06 10:17:47 ubuntu systemd[1]: Started Daemon for power management.
5月 06 11:20:32 ubuntu systemd[1]: Stopping Daemon for power management...
5月 06 11:20:32 ubuntu systemd[1]: upower.service: Succeeded.
5月 06 11:20:32 ubuntu systemd[1]: Stopped Daemon for power management.
-- Reboot --
5月 07 08:13:52 ubuntu systemd[1]: Starting Daemon for power management...
5月 07 08:13:52 ubuntu systemd[1]: Started Daemon for power management.
-- Reboot --
5月 08 14:53:56 ubuntu systemd[1]: Starting Daemon for power management...
5月 08 14:53:56 ubuntu systemd[1]: Started Daemon for power management.
5月 08 14:55:08 ubuntu systemd[1]: Stopping Daemon for power management...
5月 08 14:55:08 ubuntu systemd[1]: upower.service: Succeeded.
5月 08 14:55:08 ubuntu systemd[1]: Stopped Daemon for power management.
-- Reboot --
5月 08 15:54:25 ubuntu systemd[1]: Starting Daemon for power management...
5月 08 15:54:25 ubuntu systemd[1]: Started Daemon for power management.
5月 08 16:26:55 ubuntu systemd[1]: Stopping Daemon for power management...
5月 08 16:26:55 ubuntu systemd[1]: upower.service: Succeeded.
5月 08 16:26:55 ubuntu systemd[1]: Stopped Daemon for power management.
-- Reboot --
5月 08 16:27:23 ubuntu systemd[1]: Starting Daemon for power management...
5月 08 16:27:23 ubuntu systemd[1]: Started Daemon for power management.
5月 08 17:02:55 ubuntu systemd[1]: Stopping Daemon for power management...
5月 08 17:02:55 ubuntu systemd[1]: upower.service: Succeeded.
5月 08 17:02:55 ubuntu systemd[1]: Stopped Daemon for power management.
-- Reboot --
5月 14 20:51:55 ubuntu systemd[1]: Starting Daemon for power management...
5月 14 20:51:55 ubuntu systemd[1]: Started Daemon for power management.
-- Reboot --
5月 15 00:06:17 ubuntu systemd[1]: Starting Daemon for power management...
5月 15 00:06:18 ubuntu systemd[1]: Started Daemon for power management.
5月 15 00:09:00 ubuntu systemd[1]: Stopping Daemon for power management...
5月 15 00:09:00 ubuntu systemd[1]: upower.service: Succeeded.
5月 15 00:09:00 ubuntu systemd[1]: Stopped Daemon for power management.
-- Reboot --
5月 15 00:15:10 ubuntu systemd[1]: Starting Daemon for power management...
5月 15 00:15:10 ubuntu systemd[1]: Started Daemon for power management.
5月 15 00:17:56 ubuntu systemd[1]: Stopping Daemon for power management...
5月 15 00:17:56 ubuntu systemd[1]: upower.service: Succeeded.
5月 15 00:17:56 ubuntu systemd[1]: Stopped Daemon for power management.
-- Reboot --
5月 15 10:43:45 ubuntu systemd[1]: Starting Daemon for power management...
5月 15 10:43:45 ubuntu systemd[1]: Started Daemon for power management.
5月 15 13:21:32 ubuntu systemd[1]: Stopping Daemon for power management...
5月 15 13:21:32 ubuntu systemd[1]: upower.service: Succeeded.
5月 15 13:21:32 ubuntu systemd[1]: Stopped Daemon for power management.
-- Reboot --
5月 15 15:15:43 ubuntu systemd[1]: Starting Daemon for power management...
5月 15 15:15:43 ubuntu systemd[1]: Started Daemon for power management.
5月 15 15:16:43 ubuntu systemd[1]: Stopping Daemon for power management...
5月 15 15:16:43 ubuntu systemd[1]: upower.service: Succeeded.
5月 15 15:16:43 ubuntu systemd[1]: Stopped Daemon for power management.
-- Reboot --
5月 15 16:28:29 ubuntu systemd[1]: Starting Daemon for power management...
5月 15 16:28:29 ubuntu systemd[1]: Started Daemon for power management.
5月 15 17:59:27 ubuntu systemd[1]: Stopping Daemon for power management...
5月 15 17:59:27 ubuntu systemd[1]: upower.service: Succeeded.
5月 15 17:59:27 ubuntu systemd[1]: Stopped Daemon for power management.
-- Reboot --
5月 15 21:27:16 ubuntu systemd[1]: Starting Daemon for power management...
5月 15 21:27:16 ubuntu systemd[1]: Started Daemon for power management.
5月 15 22:59:14 ubuntu systemd[1]: Stopping Daemon for power management...
5月 15 22:59:14 ubuntu systemd[1]: upower.service: Succeeded.
5月 15 22:59:14 ubuntu systemd[1]: Stopped Daemon for power management.
-- Reboot --
5月 31 15:28:47 ubuntu systemd[1]: Starting Daemon for power management...
5月 31 15:28:47 ubuntu systemd[1]: Started Daemon for power management.
5月 31 16:19:37 ubuntu systemd[1]: Stopping Daemon for power management...
5月 31 16:19:37 ubuntu systemd[1]: upower.service: Succeeded.
5月 31 16:19:37 ubuntu systemd[1]: Stopped Daemon for power management.
-- Reboot --
5月 31 16:19:55 ubuntu systemd[1]: Starting Daemon for power management...
5月 31 16:19:55 ubuntu systemd[1]: Started Daemon for power management.
-- Reboot --
5月 31 21:00:59 ubuntu systemd[1]: Starting Daemon for power management...
5月 31 21:00:59 ubuntu systemd[1]: Started Daemon for power management.
-- Reboot --
6月 01 23:20:32 ubuntu systemd[1]: Starting Daemon for power management...
6月 01 23:20:32 ubuntu systemd[1]: Started Daemon for power management.
6月 02 00:27:49 ubuntu systemd[1]: Stopping Daemon for power management...
6月 02 00:27:49 ubuntu systemd[1]: upower.service: Succeeded.
6月 02 00:27:49 ubuntu systemd[1]: Stopped Daemon for power management.
-- Reboot --
6月 06 14:12:38 ubuntu systemd[1]: Starting Daemon for power management...
6月 06 14:12:39 ubuntu systemd[1]: Started Daemon for power management.
6月 06 15:33:45 ubuntu systemd[1]: Stopping Daemon for power management...
6月 06 15:33:46 ubuntu systemd[1]: upower.service: Succeeded.
6月 06 15:33:46 ubuntu systemd[1]: Stopped Daemon for power management.
-- Reboot --
6月 06 15:39:38 ubuntu systemd[1]: Starting Daemon for power management...
6月 06 15:39:38 ubuntu systemd[1]: Started Daemon for power management.
6月 06 15:42:24 ubuntu systemd[1]: Stopping Daemon for power management...
6月 06 15:42:24 ubuntu systemd[1]: upower.service: Succeeded.
6月 06 15:42:24 ubuntu systemd[1]: Stopped Daemon for power management.
-- Reboot --
6月 06 15:44:23 ubuntu systemd[1]: Starting Daemon for power management...
6月 06 15:44:24 ubuntu systemd[1]: Started Daemon for power management.
-- Reboot --
6月 15 14:09:01 ubuntu systemd[1]: Starting Daemon for power management...
6月 15 14:09:02 ubuntu systemd[1]: Started Daemon for power management.
6月 15 14:17:32 ubuntu upowerd[1370]: treating change event as add on /sys/devices/pci0000:00/0000:00:11.0/0000:02:03.0/usb1
6月 15 14:17:32 ubuntu upowerd[1370]: treating change event as add on /sys/devices/pci0000:00/0000:00:11.0/0000:02:00.0/usb2
6月 15 14:17:32 ubuntu upowerd[1370]: treating change event as add on /sys/devices/pci0000:00/0000:00:11.0/0000:02:03.0/usb1/1-0:1.0
6月 15 14:17:32 ubuntu upowerd[1370]: treating change event as add on /sys/devices/pci0000:00/0000:00:11.0/0000:02:00.0/usb2/2-0:1.0
6月 15 14:17:32 ubuntu upowerd[1370]: treating change event as add on /sys/devices/pci0000:00/0000:00:11.0/0000:02:00.0/usb2/2-2
6月 15 14:17:32 ubuntu upowerd[1370]: treating change event as add on /sys/devices/pci0000:00/0000:00:11.0/0000:02:00.0/usb2/2-1
6月 15 14:17:32 ubuntu upowerd[1370]: treating change event as add on /sys/devices/pci0000:00/0000:00:11.0/0000:02:00.0/usb2/2-2/2-2:1.0
6月 15 14:17:32 ubuntu upowerd[1370]: treating change event as add on /sys/devices/pci0000:00/0000:00:11.0/0000:02:00.0/usb2/2-1/2-1:1.0
6月 15 14:17:32 ubuntu upowerd[1370]: treating change event as add on /sys/devices/pci0000:00/0000:00:11.0/0000:02:00.0/usb2/2-1/2-1:1.0/0003:0E0F:0003.0001
6月 15 14:17:34 ubuntu upowerd[1370]: treating change event as add on /sys/devices/pci0000:00/0000:00:11.0/0000:02:03.0/usb1
6月 15 14:17:34 ubuntu upowerd[1370]: treating change event as add on /sys/devices/pci0000:00/0000:00:11.0/0000:02:00.0/usb2
6月 15 14:17:34 ubuntu upowerd[1370]: treating change event as add on /sys/devices/pci0000:00/0000:00:11.0/0000:02:00.0/usb2/2-0:1.0
6月 15 14:17:34 ubuntu upowerd[1370]: treating change event as add on /sys/devices/pci0000:00/0000:00:11.0/0000:02:00.0/usb2/2-2
6月 15 14:17:34 ubuntu upowerd[1370]: treating change event as add on /sys/devices/pci0000:00/0000:00:11.0/0000:02:03.0/usb1/1-0:1.0
6月 15 14:17:34 ubuntu upowerd[1370]: treating change event as add on /sys/devices/pci0000:00/0000:00:11.0/0000:02:00.0/usb2/2-1
6月 15 14:17:34 ubuntu upowerd[1370]: treating change event as add on /sys/devices/pci0000:00/0000:00:11.0/0000:02:00.0/usb2/2-2/2-2:1.0
6月 15 14:17:35 ubuntu upowerd[1370]: treating change event as add on /sys/devices/pci0000:00/0000:00:11.0/0000:02:00.0/usb2/2-1/2-1:1.0
6月 15 14:17:35 ubuntu upowerd[1370]: treating change event as add on /sys/devices/pci0000:00/0000:00:11.0/0000:02:00.0/usb2/2-1/2-1:1.0/0003:0E0F:0003.0001
6月 15 14:17:35 ubuntu upowerd[1370]: treating change event as add on /sys/devices/platform/i8042/serio1/input/input3
6月 15 14:17:35 ubuntu upowerd[1370]: treating change event as add on /sys/devices/platform/i8042/serio0/input/input1
6月 15 14:17:35 ubuntu upowerd[1370]: treating change event as add on /sys/devices/LNXSYSTM:00/LNXPWRBN:00/input/input0
6月 15 14:17:35 ubuntu upowerd[1370]: treating change event as add on /sys/devices/platform/i8042/serio1/input/input3/mouse1
6月 15 14:17:35 ubuntu upowerd[1370]: treating change event as add on /sys/devices/platform/i8042/serio1/input/input4
6月 15 14:17:35 ubuntu upowerd[1370]: treating change event as add on /sys/devices/virtual/input/mice
6月 15 14:17:35 ubuntu upowerd[1370]: treating change event as add on /sys/devices/pci0000:00/0000:00:11.0/0000:02:00.0/usb2/2-1/2-1:1.0/0003:0E0F:0003.0001/input/input5
6月 15 14:17:35 ubuntu upowerd[1370]: treating change event as add on /sys/devices/platform/i8042/serio1/input/input4/mouse0
6月 15 14:17:35 ubuntu upowerd[1370]: treating change event as add on /sys/devices/pci0000:00/0000:00:11.0/0000:02:00.0/usb2/2-1/2-1:1.0/0003:0E0F:0003.0001/input/input5/mouse2
6月 15 14:17:35 ubuntu upowerd[1370]: treating change event as add on /sys/devices/platform/i8042/serio1/input/input3/event3
6月 15 14:17:35 ubuntu upowerd[1370]: treating change event as add on /sys/devices/pci0000:00/0000:00:11.0/0000:02:00.0/usb2/2-1/2-1:1.0/0003:0E0F:0003.0001/input/input5/event4
6月 15 14:17:35 ubuntu upowerd[1370]: treating change event as add on /sys/devices/LNXSYSTM:00/LNXPWRBN:00/input/input0/event0
6月 15 14:17:35 ubuntu upowerd[1370]: treating change event as add on /sys/devices/platform/i8042/serio1/input/input4/event2
6月 15 14:17:35 ubuntu upowerd[1370]: treating change event as add on /sys/devices/platform/i8042/serio0/input/input1/event1
6月 15 16:32:38 ubuntu systemd[1]: Stopping Daemon for power management...
6月 15 16:32:38 ubuntu systemd[1]: upower.service: Succeeded.
6月 15 16:32:38 ubuntu systemd[1]: Stopped Daemon for power management.
-- Reboot --
6月 16 14:48:31 ubuntu systemd[1]: Starting Daemon for power management...
6月 16 14:48:31 ubuntu systemd[1]: Started Daemon for power management.
-- Reboot --
2月 25 16:36:20 ubuntu systemd[1]: Starting Daemon for power management...
2月 25 16:36:20 ubuntu systemd[1]: Started Daemon for power management.
-- Reboot --
3月 27 17:52:52 ubuntu systemd[1]: Starting Daemon for power management...
3月 27 17:52:52 ubuntu systemd[1]: Started Daemon for power management.
-- Reboot --
3月 30 14:06:10 ubuntu systemd[1]: Starting Daemon for power management...
3月 30 14:06:10 ubuntu systemd[1]: Started Daemon for power management.
3月 30 14:43:18 ubuntu upowerd[1257]: treating change event as add on /sys/devices/LNXSYSTM:00/LNXPWRBN:00/input/input0
3月 30 14:43:18 ubuntu upowerd[1257]: treating change event as add on /sys/devices/LNXSYSTM:00/LNXPWRBN:00/input/input0/event0
3月 30 14:43:19 ubuntu upowerd[1257]: treating change event as add on /sys/devices/pci0000:00/0000:00:11.0/0000:02:00.0/usb2
3月 30 14:43:19 ubuntu upowerd[1257]: treating change event as add on /sys/devices/pci0000:00/0000:00:11.0/0000:02:03.0/usb1
3月 30 14:43:19 ubuntu upowerd[1257]: treating change event as add on /sys/devices/pci0000:00/0000:00:11.0/0000:02:00.0/usb2/2-2
3月 30 14:43:19 ubuntu upowerd[1257]: treating change event as add on /sys/devices/pci0000:00/0000:00:11.0/0000:02:00.0/usb2/2-1
3月 30 14:43:19 ubuntu upowerd[1257]: treating change event as add on /sys/devices/pci0000:00/0000:00:11.0/0000:02:03.0/usb1/1-0:1.0
3月 30 14:43:19 ubuntu upowerd[1257]: treating change event as add on /sys/devices/pci0000:00/0000:00:11.0/0000:02:00.0/usb2/2-0:1.0
3月 30 14:43:19 ubuntu upowerd[1257]: treating change event as add on /sys/devices/pci0000:00/0000:00:11.0/0000:02:00.0/usb2/2-1/2-1:1.0
3月 30 14:43:19 ubuntu upowerd[1257]: treating change event as add on /sys/devices/pci0000:00/0000:00:11.0/0000:02:00.0/usb2/2-2/2-2:1.0
3月 30 14:43:19 ubuntu upowerd[1257]: treating change event as add on /sys/devices/pci0000:00/0000:00:11.0/0000:02:00.0/usb2/2-1/2-1:1.0/0003:0E0F:0003.0001
3月 30 14:43:19 ubuntu upowerd[1257]: treating change event as add on /sys/devices/pci0000:00/0000:00:11.0/0000:02:00.0/usb2/2-1/2-1:1.0/0003:0E0F:0003.0001/input/input3
3月 30 14:43:20 ubuntu upowerd[1257]: treating change event as add on /sys/devices/pci0000:00/0000:00:11.0/0000:02:00.0/usb2/2-1/2-1:1.0/0003:0E0F:0003.0001/input/input3/mouse0
3月 30 14:43:20 ubuntu upowerd[1257]: treating change event as add on /sys/devices/pci0000:00/0000:00:11.0/0000:02:00.0/usb2/2-1/2-1:1.0/0003:0E0F:0003.0001/input/input3/event2
3月 30 14:43:20 ubuntu upowerd[1257]: treating change event as add on /sys/devices/platform/i8042/serio1/input/input4
3月 30 14:43:20 ubuntu upowerd[1257]: treating change event as add on /sys/devices/platform/i8042/serio1/input/input4/mouse2
3月 30 14:43:20 ubuntu upowerd[1257]: treating change event as add on /sys/devices/platform/i8042/serio1/input/input5
3月 30 14:43:20 ubuntu upowerd[1257]: treating change event as add on /sys/devices/platform/i8042/serio1/input/input5/mouse1
3月 30 14:43:20 ubuntu upowerd[1257]: treating change event as add on /sys/devices/platform/i8042/serio0/input/input1
3月 30 14:43:20 ubuntu upowerd[1257]: treating change event as add on /sys/devices/platform/i8042/serio1/input/input4/event4
3月 30 14:43:20 ubuntu upowerd[1257]: treating change event as add on /sys/devices/platform/i8042/serio0/input/input1/event1
3月 30 14:43:20 ubuntu upowerd[1257]: treating change event as add on /sys/devices/platform/i8042/serio1/input/input5/event3
3月 30 14:43:20 ubuntu upowerd[1257]: treating change event as add on /sys/devices/virtual/input/mice
3月 30 14:44:04 ubuntu systemd[1]: Stopping Daemon for power management...
3月 30 14:44:04 ubuntu systemd[1]: upower.service: Succeeded.
3月 30 14:44:04 ubuntu systemd[1]: Stopped Daemon for power management.
-- Reboot --
3月 30 14:44:35 ubuntu systemd[1]: Starting Daemon for power management...
3月 30 14:44:35 ubuntu systemd[1]: Started Daemon for power management.
3月 30 14:51:17 ubuntu systemd[1]: Stopping Daemon for power management...
3月 30 14:51:17 ubuntu systemd[1]: upower.service: Succeeded.
3月 30 14:51:17 ubuntu systemd[1]: Stopped Daemon for power management.
-- Reboot --
3月 30 15:12:22 ubuntu systemd[1]: Starting Daemon for power management...
3月 30 15:12:22 ubuntu systemd[1]: Started Daemon for power management.
3月 30 15:12:58 ubuntu systemd[1]: Stopping Daemon for power management...
3月 30 15:12:58 ubuntu systemd[1]: upower.service: Succeeded.
3月 30 15:12:58 ubuntu systemd[1]: Stopped Daemon for power management.
-- Reboot --
3月 30 15:18:43 ubuntu systemd[1]: Starting Daemon for power management...
3月 30 15:18:43 ubuntu systemd[1]: Started Daemon for power management.
3月 30 15:19:57 ubuntu systemd[1]: Stopping Daemon for power management...
3月 30 15:19:57 ubuntu systemd[1]: upower.service: Succeeded.
3月 30 15:19:57 ubuntu systemd[1]: Stopped Daemon for power management.
-- Reboot --
3月 30 22:57:16 ubuntu systemd[1]: Starting Daemon for power management...
3月 30 22:57:16 ubuntu systemd[1]: Started Daemon for power management.
3月 30 22:59:12 ubuntu systemd[1]: Stopping Daemon for power management...
3月 30 22:59:12 ubuntu systemd[1]: upower.service: Succeeded.
3月 30 22:59:12 ubuntu systemd[1]: Stopped Daemon for power management.
-- Reboot --
3月 30 23:00:47 ubuntu systemd[1]: Starting Daemon for power management...
3月 30 23:00:47 ubuntu systemd[1]: Started Daemon for power management.
3月 30 23:02:22 ubuntu systemd[1]: Stopping Daemon for power management...
3月 30 23:02:22 ubuntu systemd[1]: upower.service: Succeeded.
3月 30 23:02:22 ubuntu systemd[1]: Stopped Daemon for power management.
-- Reboot --
3月 30 23:05:29 ubuntu systemd[1]: Starting Daemon for power management...
3月 30 23:05:29 ubuntu systemd[1]: Started Daemon for power management.
3月 30 23:14:09 ubuntu systemd[1]: Stopping Daemon for power management...
3月 30 23:14:09 ubuntu systemd[1]: upower.service: Succeeded.
3月 30 23:14:09 ubuntu systemd[1]: Stopped Daemon for power management.
-- Reboot --
3月 31 18:40:23 ubuntu systemd[1]: Starting Daemon for power management...
3月 31 18:40:23 ubuntu systemd[1]: Started Daemon for power management.
3月 31 18:53:35 ubuntu systemd[1]: Stopping Daemon for power management...
3月 31 18:53:35 ubuntu systemd[1]: upower.service: Succeeded.
3月 31 18:53:35 ubuntu systemd[1]: Stopped Daemon for power management.
-- Reboot --
3月 31 18:54:20 ubuntu systemd[1]: Starting Daemon for power management...
3月 31 18:54:21 ubuntu systemd[1]: Started Daemon for power management.
3月 31 19:01:42 ubuntu systemd[1]: Stopping Daemon for power management...
3月 31 19:01:42 ubuntu systemd[1]: upower.service: Succeeded.
3月 31 19:01:42 ubuntu systemd[1]: Stopped Daemon for power management.
-- Reboot --
3月 31 19:04:04 ubuntu systemd[1]: Starting Daemon for power management...
3月 31 19:04:04 ubuntu systemd[1]: Started Daemon for power management.
3月 31 19:26:10 ubuntu systemd[1]: Stopping Daemon for power management...
3月 31 19:26:10 ubuntu systemd[1]: upower.service: Succeeded.
3月 31 19:26:10 ubuntu systemd[1]: Stopped Daemon for power management.
-- Reboot --
3月 31 19:27:39 ubuntu systemd[1]: Starting Daemon for power management...
3月 31 19:27:39 ubuntu systemd[1]: Started Daemon for power management.
-- Reboot --
3月 31 19:43:33 ubuntu systemd[1]: Starting Daemon for power management...
3月 31 19:43:33 ubuntu systemd[1]: Started Daemon for power management.
3月 31 19:57:56 ubuntu systemd[1]: Stopping Daemon for power management...
3月 31 19:57:56 ubuntu systemd[1]: upower.service: Succeeded.
3月 31 19:57:56 ubuntu systemd[1]: Stopped Daemon for power management.
-- Reboot --
3月 31 19:58:21 ubuntu systemd[1]: Starting Daemon for power management...
3月 31 19:58:21 ubuntu systemd[1]: Started Daemon for power management.
3月 31 20:09:57 ubuntu systemd[1]: Stopping Daemon for power management...
3月 31 20:09:57 ubuntu systemd[1]: upower.service: Succeeded.
3月 31 20:09:57 ubuntu systemd[1]: Stopped Daemon for power management.
-- Reboot --
3月 31 20:24:38 ubuntu systemd[1]: Starting Daemon for power management...
3月 31 20:24:38 ubuntu systemd[1]: Started Daemon for power management.
3月 31 21:06:51 ubuntu systemd[1]: Stopping Daemon for power management...
3月 31 21:06:51 ubuntu systemd[1]: upower.service: Succeeded.
3月 31 21:06:51 ubuntu systemd[1]: Stopped Daemon for power management.
-- Reboot --
4月 02 17:05:07 ubuntu systemd[1]: Starting Daemon for power management...
4月 02 17:05:07 ubuntu systemd[1]: Started Daemon for power management.
4月 02 17:13:52 ubuntu systemd[1]: Stopping Daemon for power management...
4月 02 17:13:52 ubuntu systemd[1]: upower.service: Succeeded.
4月 02 17:13:52 ubuntu systemd[1]: Stopped Daemon for power management.
-- Reboot --
4月 14 20:21:43 ubuntu systemd[1]: Starting Daemon for power management...
4月 14 20:21:43 ubuntu systemd[1]: Started Daemon for power management.
4月 14 20:54:40 ubuntu systemd[1]: Stopping Daemon for power management...
4月 14 20:54:40 ubuntu systemd[1]: upower.service: Succeeded.
4月 14 20:54:40 ubuntu systemd[1]: Stopped Daemon for power management.
-- Reboot --
4月 14 20:55:52 ubuntu systemd[1]: Starting Daemon for power management...
4月 14 20:55:53 ubuntu systemd[1]: Started Daemon for power management.
-- Reboot --
4月 15 22:31:10 ubuntu systemd[1]: Starting Daemon for power management...
4月 15 22:31:10 ubuntu systemd[1]: Started Daemon for power management.
4月 15 22:43:25 ubuntu systemd[1]: Stopping Daemon for power management...
4月 15 22:43:25 ubuntu systemd[1]: upower.service: Succeeded.
4月 15 22:43:25 ubuntu systemd[1]: Stopped Daemon for power management.
-- Reboot --
4月 15 22:43:43 ubuntu systemd[1]: Starting Daemon for power management...
4月 15 22:43:43 ubuntu systemd[1]: Started Daemon for power management.
4月 15 23:08:20 ubuntu systemd[1]: Stopping Daemon for power management...
4月 15 23:08:20 ubuntu systemd[1]: upower.service: Succeeded.
4月 15 23:08:20 ubuntu systemd[1]: Stopped Daemon for power management.
-- Reboot --
4月 19 18:41:07 ubuntu systemd[1]: Starting Daemon for power management...
4月 19 18:41:07 ubuntu systemd[1]: Started Daemon for power management.
4月 19 19:04:21 ubuntu systemd[1]: Stopping Daemon for power management...
4月 19 19:04:21 ubuntu systemd[1]: upower.service: Succeeded.
4月 19 19:04:21 ubuntu systemd[1]: Stopped Daemon for power management.
-- Reboot --
4月 19 19:16:18 ubuntu systemd[1]: Starting Daemon for power management...
4月 19 19:16:18 ubuntu systemd[1]: Started Daemon for power management.
4月 19 19:25:49 ubuntu systemd[1]: Stopping Daemon for power management...
4月 19 19:25:50 ubuntu systemd[1]: upower.service: Succeeded.
4月 19 19:25:50 ubuntu systemd[1]: Stopped Daemon for power management.
-- Reboot --
4月 21 14:58:10 ubuntu systemd[1]: Starting Daemon for power management...
4月 21 14:58:10 ubuntu systemd[1]: Started Daemon for power management.

