-- Logs begin at Sat 2022-01-08 18:32:32 CST, end at Sat 2023-04-15 23:05:42 CST. --
1月 09 17:22:35 ubuntu anacron[846]: Job `cron.daily' started
1月 09 17:22:35 ubuntu cracklib[4609]: no dictionary update necessary.
1月 09 17:22:35 ubuntu anacron[846]: Job `cron.daily' terminated
1月 09 17:22:35 ubuntu anacron[846]: Normal exit (1 job run)
1月 09 17:22:35 ubuntu systemd[1]: anacron.service: Succeeded.
1月 09 17:32:46 ubuntu systemd[1]: Started Run anacron jobs.
1月 09 17:32:46 ubuntu anacron[5001]: Anacron 2.3 started on 2022-01-09
1月 09 17:32:46 ubuntu anacron[5001]: Normal exit (0 jobs run)
1月 09 17:32:46 ubuntu systemd[1]: anacron.service: Succeeded.
1月 09 18:32:23 ubuntu systemd[1]: Started Run anacron jobs.
1月 09 18:32:23 ubuntu anacron[8243]: Anacron 2.3 started on 2022-01-09
1月 09 18:32:23 ubuntu anacron[8243]: Normal exit (0 jobs run)
1月 09 18:32:23 ubuntu systemd[1]: anacron.service: Succeeded.
1月 09 19:31:13 ubuntu systemd[1]: Started Run anacron jobs.
1月 09 19:31:13 ubuntu anacron[10930]: Anacron 2.3 started on 2022-01-09
1月 09 19:31:13 ubuntu anacron[10930]: Normal exit (0 jobs run)
1月 09 19:31:13 ubuntu systemd[1]: anacron.service: Succeeded.
1月 09 20:31:01 ubuntu systemd[1]: Started Run anacron jobs.
1月 09 20:31:01 ubuntu anacron[14783]: Anacron 2.3 started on 2022-01-09
1月 09 20:31:01 ubuntu anacron[14783]: Normal exit (0 jobs run)
1月 09 20:31:01 ubuntu systemd[1]: anacron.service: Succeeded.
-- Reboot --
1月 09 21:33:15 ubuntu systemd[1]: Started Run anacron jobs.
1月 09 21:33:15 ubuntu anacron[860]: Anacron 2.3 started on 2022-01-09
1月 09 21:33:15 ubuntu anacron[860]: Normal exit (0 jobs run)
1月 09 21:33:15 ubuntu systemd[1]: anacron.service: Succeeded.
1月 09 21:35:19 ubuntu systemd[1]: Started Run anacron jobs.
1月 09 21:35:19 ubuntu anacron[3382]: Anacron 2.3 started on 2022-01-09
1月 09 21:35:19 ubuntu anacron[3382]: Normal exit (0 jobs run)
1月 09 21:35:19 ubuntu systemd[1]: anacron.service: Succeeded.
1月 09 22:32:28 ubuntu systemd[1]: Started Run anacron jobs.
1月 09 22:32:28 ubuntu anacron[3990]: Anacron 2.3 started on 2022-01-09
1月 09 22:32:28 ubuntu anacron[3990]: Normal exit (0 jobs run)
1月 09 22:32:28 ubuntu systemd[1]: anacron.service: Succeeded.
-- Reboot --
3月 22 14:03:02 ubuntu systemd[1]: Started Run anacron jobs.
3月 22 14:03:02 ubuntu anacron[857]: Anacron 2.3 started on 2022-03-22
3月 22 14:03:02 ubuntu anacron[857]: Will run job `cron.daily' in 5 min.
3月 22 14:03:02 ubuntu anacron[857]: Will run job `cron.weekly' in 10 min.
3月 22 14:03:02 ubuntu anacron[857]: Will run job `cron.monthly' in 15 min.
3月 22 14:03:02 ubuntu anacron[857]: Jobs will be executed sequentially
3月 22 14:08:02 ubuntu anacron[857]: Job `cron.daily' started
3月 22 14:08:02 ubuntu anacron[3741]: Updated timestamp for job `cron.daily' to 2022-03-22
3月 22 14:08:02 ubuntu cracklib[3768]: no dictionary update necessary.
3月 22 14:08:02 ubuntu anacron[857]: Job `cron.daily' terminated
3月 22 14:13:02 ubuntu anacron[857]: Job `cron.weekly' started
3月 22 14:13:02 ubuntu anacron[39878]: Updated timestamp for job `cron.weekly' to 2022-03-22
3月 22 14:13:02 ubuntu anacron[857]: Job `cron.weekly' terminated
3月 22 14:13:28 ubuntu anacron[857]: Received SIGUSR1
3月 22 14:13:28 ubuntu anacron[857]: Exited
3月 22 14:13:28 ubuntu systemd[1]: Stopping Run anacron jobs...
3月 22 14:13:28 ubuntu systemd[1]: anacron.service: Killing process 39881 (update-notifier) with signal SIGKILL.
3月 22 14:13:28 ubuntu systemd[1]: anacron.service: Killing process 39883 (sleep) with signal SIGKILL.
3月 22 14:13:28 ubuntu systemd[1]: anacron.service: Succeeded.
3月 22 14:13:28 ubuntu systemd[1]: Stopped Run anacron jobs.
-- Reboot --
3月 22 14:13:42 ubuntu systemd[1]: Started Run anacron jobs.
3月 22 14:13:42 ubuntu anacron[871]: Anacron 2.3 started on 2022-03-22
3月 22 14:13:42 ubuntu anacron[871]: Will run job `cron.monthly' in 15 min.
3月 22 14:13:42 ubuntu anacron[871]: Jobs will be executed sequentially
3月 22 14:22:48 ubuntu anacron[871]: Received SIGUSR1
3月 22 14:22:48 ubuntu anacron[871]: Exited
3月 22 14:22:48 ubuntu systemd[1]: Stopping Run anacron jobs...
3月 22 14:22:48 ubuntu systemd[1]: anacron.service: Succeeded.
3月 22 14:22:48 ubuntu systemd[1]: Stopped Run anacron jobs.
-- Reboot --
3月 22 16:13:10 ubuntu systemd[1]: Started Run anacron jobs.
3月 22 16:13:10 ubuntu anacron[873]: Anacron 2.3 started on 2022-03-22
3月 22 16:13:10 ubuntu anacron[873]: Will run job `cron.monthly' in 15 min.
3月 22 16:13:10 ubuntu anacron[873]: Jobs will be executed sequentially
3月 22 16:28:11 ubuntu anacron[873]: Job `cron.monthly' started
3月 22 16:28:11 ubuntu anacron[873]: Job `cron.monthly' terminated
3月 22 16:28:11 ubuntu systemd[1]: anacron.service: Succeeded.
3月 22 16:28:11 ubuntu anacron[873]: Normal exit (1 job run)
3月 22 16:33:12 ubuntu systemd[1]: Started Run anacron jobs.
3月 22 16:33:12 ubuntu anacron[2865]: Anacron 2.3 started on 2022-03-22
3月 22 16:33:12 ubuntu anacron[2865]: Normal exit (0 jobs run)
3月 22 16:33:12 ubuntu systemd[1]: anacron.service: Succeeded.
3月 22 17:31:38 ubuntu systemd[1]: Started Run anacron jobs.
3月 22 17:31:38 ubuntu anacron[3834]: Anacron 2.3 started on 2022-03-22
3月 22 17:31:38 ubuntu anacron[3834]: Normal exit (0 jobs run)
3月 22 17:31:38 ubuntu systemd[1]: anacron.service: Succeeded.
-- Reboot --
3月 25 10:18:04 ubuntu systemd[1]: Started Run anacron jobs.
3月 25 10:18:04 ubuntu anacron[901]: Anacron 2.3 started on 2022-03-25
3月 25 10:18:04 ubuntu anacron[901]: Will run job `cron.daily' in 5 min.
3月 25 10:18:04 ubuntu anacron[901]: Jobs will be executed sequentially
3月 25 10:23:03 ubuntu anacron[901]: Job `cron.daily' started
3月 25 10:23:04 ubuntu anacron[901]: Job `cron.daily' terminated
3月 25 10:23:04 ubuntu anacron[901]: Normal exit (1 job run)
3月 25 10:23:04 ubuntu systemd[1]: anacron.service: Succeeded.
3月 25 10:34:04 ubuntu systemd[1]: Started Run anacron jobs.
3月 25 10:34:04 ubuntu anacron[6542]: Anacron 2.3 started on 2022-03-25
3月 25 10:34:04 ubuntu anacron[6542]: Normal exit (0 jobs run)
3月 25 10:34:04 ubuntu systemd[1]: anacron.service: Succeeded.
-- Reboot --
3月 25 10:45:15 ubuntu systemd[1]: Started Run anacron jobs.
3月 25 10:45:15 ubuntu anacron[901]: Anacron 2.3 started on 2022-03-25
3月 25 10:45:15 ubuntu anacron[901]: Normal exit (0 jobs run)
3月 25 10:45:15 ubuntu systemd[1]: anacron.service: Succeeded.
3月 25 11:33:01 ubuntu systemd[1]: Started Run anacron jobs.
3月 25 11:33:01 ubuntu anacron[3260]: Anacron 2.3 started on 2022-03-25
3月 25 11:33:01 ubuntu anacron[3260]: Normal exit (0 jobs run)
3月 25 11:33:01 ubuntu systemd[1]: anacron.service: Succeeded.
-- Reboot --
3月 28 10:02:53 ubuntu systemd[1]: Started Run anacron jobs.
3月 28 10:02:53 ubuntu anacron[893]: Anacron 2.3 started on 2022-03-28
3月 28 10:02:53 ubuntu anacron[893]: Will run job `cron.daily' in 5 min.
3月 28 10:02:53 ubuntu anacron[893]: Jobs will be executed sequentially
-- Reboot --
3月 28 14:59:43 ubuntu systemd[1]: Started Run anacron jobs.
3月 28 14:59:43 ubuntu anacron[892]: Anacron 2.3 started on 2022-03-28
3月 28 14:59:43 ubuntu anacron[892]: Will run job `cron.daily' in 5 min.
3月 28 14:59:43 ubuntu anacron[892]: Jobs will be executed sequentially
3月 28 15:04:43 ubuntu anacron[892]: Job `cron.daily' started
3月 28 15:04:43 ubuntu anacron[3317]: Updated timestamp for job `cron.daily' to 2022-03-28
3月 28 15:04:43 ubuntu cracklib[3344]: no dictionary update necessary.
3月 28 15:04:43 ubuntu anacron[892]: Job `cron.daily' terminated
3月 28 15:04:43 ubuntu anacron[892]: Normal exit (1 job run)
3月 28 15:04:43 ubuntu systemd[1]: anacron.service: Succeeded.
3月 28 15:33:53 ubuntu systemd[1]: Started Run anacron jobs.
3月 28 15:33:53 ubuntu anacron[3949]: Anacron 2.3 started on 2022-03-28
3月 28 15:33:53 ubuntu anacron[3949]: Normal exit (0 jobs run)
3月 28 15:33:53 ubuntu systemd[1]: anacron.service: Succeeded.
-- Reboot --
3月 28 16:17:45 ubuntu systemd[1]: Started Run anacron jobs.
3月 28 16:17:45 ubuntu anacron[793]: Anacron 2.3 started on 2022-03-28
3月 28 16:17:45 ubuntu anacron[793]: Normal exit (0 jobs run)
3月 28 16:17:45 ubuntu systemd[1]: anacron.service: Succeeded.
3月 28 16:31:17 ubuntu systemd[1]: Started Run anacron jobs.
3月 28 16:31:17 ubuntu anacron[3139]: Anacron 2.3 started on 2022-03-28
3月 28 16:31:17 ubuntu anacron[3139]: Normal exit (0 jobs run)
3月 28 16:31:17 ubuntu systemd[1]: anacron.service: Succeeded.
-- Reboot --
4月 01 10:14:20 ubuntu systemd[1]: Started Run anacron jobs.
4月 01 10:14:20 ubuntu anacron[847]: Anacron 2.3 started on 2022-04-01
4月 01 10:14:20 ubuntu anacron[847]: Will run job `cron.daily' in 5 min.
4月 01 10:14:20 ubuntu anacron[847]: Will run job `cron.weekly' in 10 min.
4月 01 10:14:20 ubuntu anacron[847]: Jobs will be executed sequentially
4月 01 10:19:20 ubuntu anacron[847]: Job `cron.daily' started
4月 01 10:19:20 ubuntu anacron[4395]: Updated timestamp for job `cron.daily' to 2022-04-01
4月 01 10:19:20 ubuntu anacron[847]: Job `cron.daily' terminated
4月 01 10:24:19 ubuntu anacron[847]: Received SIGUSR1
4月 01 10:24:19 ubuntu anacron[847]: Exited
4月 01 10:24:19 ubuntu systemd[1]: Stopping Run anacron jobs...
4月 01 10:24:19 ubuntu systemd[1]: anacron.service: Succeeded.
4月 01 10:24:19 ubuntu systemd[1]: Stopped Run anacron jobs.
-- Reboot --
4月 01 10:25:02 ubuntu systemd[1]: Started Run anacron jobs.
4月 01 10:25:02 ubuntu anacron[844]: Anacron 2.3 started on 2022-04-01
4月 01 10:25:02 ubuntu anacron[844]: Will run job `cron.weekly' in 10 min.
4月 01 10:25:02 ubuntu anacron[844]: Jobs will be executed sequentially
4月 01 10:35:01 ubuntu anacron[844]: Job `cron.weekly' started
4月 01 10:35:01 ubuntu anacron[844]: Job `cron.weekly' terminated
4月 01 10:35:01 ubuntu anacron[844]: Normal exit (1 job run)
4月 01 10:35:01 ubuntu systemd[1]: anacron.service: Killing process 3016 (update-notifier) with signal SIGKILL.
4月 01 10:35:01 ubuntu systemd[1]: anacron.service: Killing process 3017 (update-notifier) with signal SIGKILL.
4月 01 10:35:01 ubuntu systemd[1]: anacron.service: Killing process 3016 (update-notifier) with signal SIGKILL.
4月 01 10:35:01 ubuntu systemd[1]: anacron.service: Killing process 3017 (update-notifier) with signal SIGKILL.
4月 01 10:35:01 ubuntu systemd[1]: anacron.service: Succeeded.
4月 01 11:33:11 ubuntu systemd[1]: Started Run anacron jobs.
4月 01 11:33:11 ubuntu anacron[3893]: Anacron 2.3 started on 2022-04-01
4月 01 11:33:11 ubuntu anacron[3893]: Normal exit (0 jobs run)
4月 01 11:33:11 ubuntu systemd[1]: anacron.service: Succeeded.
-- Reboot --
4月 02 08:51:51 ubuntu systemd[1]: Started Run anacron jobs.
4月 02 08:51:51 ubuntu anacron[846]: Anacron 2.3 started on 2022-04-02
4月 02 08:51:51 ubuntu anacron[846]: Will run job `cron.daily' in 5 min.
4月 02 08:51:51 ubuntu anacron[846]: Jobs will be executed sequentially
-- Reboot --
4月 02 09:04:36 ubuntu systemd[1]: Started Run anacron jobs.
4月 02 09:04:36 ubuntu anacron[845]: Anacron 2.3 started on 2022-04-02
4月 02 09:04:36 ubuntu anacron[845]: Will run job `cron.daily' in 5 min.
4月 02 09:04:36 ubuntu anacron[845]: Jobs will be executed sequentially
-- Reboot --
4月 02 09:10:27 ubuntu systemd[1]: Started Run anacron jobs.
4月 02 09:10:27 ubuntu anacron[847]: Anacron 2.3 started on 2022-04-02
4月 02 09:10:27 ubuntu anacron[847]: Will run job `cron.daily' in 5 min.
4月 02 09:10:27 ubuntu anacron[847]: Jobs will be executed sequentially
4月 02 09:15:27 ubuntu anacron[847]: Job `cron.daily' started
4月 02 09:15:27 ubuntu cracklib[2620]: no dictionary update necessary.
4月 02 09:15:27 ubuntu anacron[847]: Job `cron.daily' terminated
4月 02 09:15:27 ubuntu anacron[847]: Normal exit (1 job run)
4月 02 09:15:27 ubuntu systemd[1]: anacron.service: Succeeded.
-- Reboot --
4月 02 17:22:59 ubuntu systemd[1]: Started Run anacron jobs.
4月 02 17:22:59 ubuntu anacron[770]: Anacron 2.3 started on 2022-04-02
4月 02 17:22:59 ubuntu anacron[770]: Normal exit (0 jobs run)
4月 02 17:22:59 ubuntu systemd[1]: anacron.service: Succeeded.
4月 02 17:24:48 ubuntu systemd[1]: Started Run anacron jobs.
4月 02 17:24:48 ubuntu anacron[2589]: Anacron 2.3 started on 2022-04-02
4月 02 17:24:48 ubuntu anacron[2589]: Normal exit (0 jobs run)
4月 02 17:24:48 ubuntu systemd[1]: anacron.service: Succeeded.
4月 02 17:33:43 ubuntu systemd[1]: Started Run anacron jobs.
4月 02 17:33:43 ubuntu anacron[2638]: Anacron 2.3 started on 2022-04-02
4月 02 17:33:43 ubuntu anacron[2638]: Normal exit (0 jobs run)
4月 02 17:33:43 ubuntu systemd[1]: anacron.service: Succeeded.
-- Reboot --
4月 02 17:51:28 ubuntu systemd[1]: Started Run anacron jobs.
4月 02 17:51:28 ubuntu anacron[848]: Anacron 2.3 started on 2022-04-02
4月 02 17:51:28 ubuntu anacron[848]: Normal exit (0 jobs run)
4月 02 17:51:33 ubuntu systemd[1]: anacron.service: Succeeded.
-- Reboot --
4月 06 08:17:16 ubuntu systemd[1]: Started Run anacron jobs.
4月 06 08:17:16 ubuntu anacron[843]: Anacron 2.3 started on 2022-04-06
4月 06 08:17:16 ubuntu anacron[843]: Will run job `cron.daily' in 5 min.
4月 06 08:17:16 ubuntu anacron[843]: Jobs will be executed sequentially
4月 06 08:22:11 ubuntu anacron[843]: Job `cron.daily' started
4月 06 08:22:11 ubuntu anacron[843]: Job `cron.daily' terminated
4月 06 08:22:11 ubuntu anacron[843]: Normal exit (1 job run)
4月 06 08:22:11 ubuntu systemd[1]: anacron.service: Succeeded.
4月 06 08:30:44 ubuntu systemd[1]: Started Run anacron jobs.
4月 06 08:30:44 ubuntu anacron[3836]: Anacron 2.3 started on 2022-04-06
4月 06 08:30:44 ubuntu anacron[3836]: Normal exit (0 jobs run)
4月 06 08:30:44 ubuntu systemd[1]: anacron.service: Succeeded.
4月 06 09:30:44 ubuntu systemd[1]: Started Run anacron jobs.
4月 06 09:30:44 ubuntu anacron[4634]: Anacron 2.3 started on 2022-04-06
4月 06 09:30:44 ubuntu anacron[4634]: Normal exit (0 jobs run)
4月 06 09:30:44 ubuntu systemd[1]: anacron.service: Succeeded.
-- Reboot --
4月 13 08:09:37 ubuntu systemd[1]: Started Run anacron jobs.
4月 13 08:09:37 ubuntu anacron[791]: Anacron 2.3 started on 2022-04-13
4月 13 08:09:37 ubuntu anacron[791]: Will run job `cron.daily' in 5 min.
4月 13 08:09:37 ubuntu anacron[791]: Will run job `cron.weekly' in 10 min.
4月 13 08:09:37 ubuntu anacron[791]: Jobs will be executed sequentially
4月 13 08:14:47 ubuntu anacron[791]: Job `cron.daily' started
4月 13 08:14:47 ubuntu anacron[3887]: Updated timestamp for job `cron.daily' to 2022-04-13
4月 13 08:14:47 ubuntu anacron[791]: Job `cron.daily' terminated
4月 13 08:19:37 ubuntu anacron[791]: Job `cron.weekly' started
4月 13 08:19:37 ubuntu anacron[791]: Job `cron.weekly' terminated
4月 13 08:19:37 ubuntu anacron[791]: Normal exit (2 jobs run)
4月 13 08:19:37 ubuntu systemd[1]: anacron.service: Killing process 4054 (update-notifier) with signal SIGKILL.
4月 13 08:19:37 ubuntu systemd[1]: anacron.service: Killing process 4055 (update-notifier) with signal SIGKILL.
4月 13 08:19:37 ubuntu systemd[1]: anacron.service: Killing process 4054 (update-notifier) with signal SIGKILL.
4月 13 08:19:37 ubuntu systemd[1]: anacron.service: Killing process 4055 (update-notifier) with signal SIGKILL.
4月 13 08:19:37 ubuntu systemd[1]: anacron.service: Succeeded.
-- Reboot --
4月 13 08:30:19 ubuntu systemd[1]: Started Run anacron jobs.
4月 13 08:30:19 ubuntu anacron[833]: Anacron 2.3 started on 2022-04-13
4月 13 08:30:19 ubuntu anacron[833]: Normal exit (0 jobs run)
4月 13 08:30:19 ubuntu systemd[1]: anacron.service: Succeeded.
4月 13 08:31:35 ubuntu systemd[1]: Started Run anacron jobs.
4月 13 08:31:35 ubuntu anacron[2918]: Anacron 2.3 started on 2022-04-13
4月 13 08:31:35 ubuntu anacron[2918]: Normal exit (0 jobs run)
4月 13 08:31:35 ubuntu systemd[1]: anacron.service: Succeeded.
4月 13 09:34:09 ubuntu systemd[1]: Started Run anacron jobs.
4月 13 09:34:09 ubuntu anacron[3731]: Anacron 2.3 started on 2022-04-13
4月 13 09:34:09 ubuntu anacron[3731]: Normal exit (0 jobs run)
4月 13 09:34:09 ubuntu systemd[1]: anacron.service: Succeeded.
-- Reboot --
4月 13 10:23:38 ubuntu systemd[1]: Started Run anacron jobs.
4月 13 10:23:38 ubuntu anacron[847]: Anacron 2.3 started on 2022-04-13
4月 13 10:23:38 ubuntu anacron[847]: Normal exit (0 jobs run)
4月 13 10:23:38 ubuntu systemd[1]: anacron.service: Succeeded.
-- Reboot --
4月 13 14:46:33 ubuntu systemd[1]: Started Run anacron jobs.
4月 13 14:46:33 ubuntu anacron[775]: Anacron 2.3 started on 2022-04-13
4月 13 14:46:33 ubuntu anacron[775]: Normal exit (0 jobs run)
4月 13 14:46:33 ubuntu systemd[1]: anacron.service: Succeeded.
4月 13 14:51:27 ubuntu systemd[1]: Started Run anacron jobs.
4月 13 14:51:27 ubuntu anacron[3090]: Anacron 2.3 started on 2022-04-13
4月 13 14:51:27 ubuntu anacron[3090]: Normal exit (0 jobs run)
4月 13 14:51:27 ubuntu systemd[1]: anacron.service: Succeeded.
-- Reboot --
4月 15 10:16:59 ubuntu systemd[1]: Started Run anacron jobs.
4月 15 10:16:59 ubuntu anacron[792]: Anacron 2.3 started on 2022-04-15
4月 15 10:16:59 ubuntu anacron[792]: Will run job `cron.daily' in 5 min.
4月 15 10:16:59 ubuntu anacron[792]: Jobs will be executed sequentially
-- Reboot --
4月 20 08:14:44 ubuntu systemd[1]: Started Run anacron jobs.
4月 20 08:14:44 ubuntu anacron[846]: Anacron 2.3 started on 2022-04-20
4月 20 08:14:44 ubuntu anacron[846]: Will run job `cron.daily' in 5 min.
4月 20 08:14:44 ubuntu anacron[846]: Will run job `cron.weekly' in 10 min.
4月 20 08:14:44 ubuntu anacron[846]: Jobs will be executed sequentially
4月 20 08:19:42 ubuntu anacron[846]: Job `cron.daily' started
4月 20 08:19:43 ubuntu anacron[846]: Job `cron.daily' terminated
4月 20 08:22:49 ubuntu anacron[846]: Received SIGUSR1
4月 20 08:22:49 ubuntu anacron[846]: Exited
4月 20 08:22:49 ubuntu systemd[1]: Stopping Run anacron jobs...
4月 20 08:22:49 ubuntu systemd[1]: anacron.service: Succeeded.
4月 20 08:22:49 ubuntu systemd[1]: Stopped Run anacron jobs.
-- Reboot --
4月 20 08:23:05 ubuntu systemd[1]: Started Run anacron jobs.
4月 20 08:23:05 ubuntu anacron[797]: Anacron 2.3 started on 2022-04-20
4月 20 08:23:05 ubuntu anacron[797]: Will run job `cron.weekly' in 10 min.
4月 20 08:23:05 ubuntu anacron[797]: Jobs will be executed sequentially
4月 20 08:33:05 ubuntu anacron[797]: Job `cron.weekly' started
4月 20 08:33:05 ubuntu anacron[797]: Job `cron.weekly' terminated
4月 20 08:33:05 ubuntu anacron[797]: Normal exit (1 job run)
4月 20 08:33:05 ubuntu systemd[1]: anacron.service: Killing process 2567 (update-notifier) with signal SIGKILL.
4月 20 08:33:05 ubuntu systemd[1]: anacron.service: Killing process 2568 (update-notifier) with signal SIGKILL.
4月 20 08:33:05 ubuntu systemd[1]: anacron.service: Killing process 2567 (update-notifier) with signal SIGKILL.
4月 20 08:33:05 ubuntu systemd[1]: anacron.service: Killing process 2568 (update-notifier) with signal SIGKILL.
4月 20 08:33:05 ubuntu systemd[1]: anacron.service: Succeeded.
-- Reboot --
4月 27 08:18:20 ubuntu systemd[1]: Started Run anacron jobs.
4月 27 08:18:20 ubuntu anacron[777]: Anacron 2.3 started on 2022-04-27
4月 27 08:18:20 ubuntu anacron[777]: Will run job `cron.daily' in 5 min.
4月 27 08:18:20 ubuntu anacron[777]: Will run job `cron.weekly' in 10 min.
4月 27 08:18:20 ubuntu anacron[777]: Will run job `cron.monthly' in 15 min.
4月 27 08:18:20 ubuntu anacron[777]: Jobs will be executed sequentially
4月 27 08:23:19 ubuntu anacron[777]: Job `cron.daily' started
4月 27 08:23:19 ubuntu anacron[3351]: Updated timestamp for job `cron.daily' to 2022-04-27
4月 27 08:23:19 ubuntu anacron[777]: Job `cron.daily' terminated
4月 27 08:28:20 ubuntu anacron[777]: Job `cron.weekly' started
4月 27 08:28:20 ubuntu anacron[5859]: Updated timestamp for job `cron.weekly' to 2022-04-27
4月 27 08:28:20 ubuntu anacron[777]: Job `cron.weekly' terminated
4月 27 08:33:20 ubuntu anacron[777]: Job `cron.monthly' started
4月 27 08:33:20 ubuntu anacron[777]: Job `cron.monthly' terminated
4月 27 08:33:20 ubuntu anacron[777]: Normal exit (3 jobs run)
4月 27 08:33:20 ubuntu anacron[5970]: Updated timestamp for job `cron.monthly' to 2022-04-27
4月 27 08:33:20 ubuntu systemd[1]: anacron.service: Killing process 5862 (update-notifier) with signal SIGKILL.
4月 27 08:33:20 ubuntu systemd[1]: anacron.service: Killing process 5864 (sleep) with signal SIGKILL.
4月 27 08:33:20 ubuntu systemd[1]: anacron.service: Killing process 5862 (update-notifier) with signal SIGKILL.
4月 27 08:33:20 ubuntu systemd[1]: anacron.service: Killing process 5864 (sleep) with signal SIGKILL.
4月 27 08:33:20 ubuntu systemd[1]: anacron.service: Succeeded.
4月 27 08:33:20 ubuntu systemd[1]: anacron.service: Found left-over process 5862 (update-notifier) in control group while starting unit. Ignoring.
4月 27 08:33:20 ubuntu systemd[1]: This usually indicates unclean termination of a previous run, or service implementation deficiencies.
4月 27 08:33:20 ubuntu systemd[1]: anacron.service: Found left-over process 5864 (sleep) in control group while starting unit. Ignoring.
4月 27 08:33:20 ubuntu systemd[1]: This usually indicates unclean termination of a previous run, or service implementation deficiencies.
4月 27 08:33:20 ubuntu systemd[1]: Started Run anacron jobs.
4月 27 08:33:20 ubuntu anacron[5971]: Anacron 2.3 started on 2022-04-27
4月 27 08:33:20 ubuntu anacron[5971]: Normal exit (0 jobs run)
4月 27 08:33:20 ubuntu systemd[1]: anacron.service: Succeeded.
4月 27 09:35:04 ubuntu systemd[1]: Started Run anacron jobs.
4月 27 09:35:04 ubuntu anacron[8227]: Anacron 2.3 started on 2022-04-27
4月 27 09:35:04 ubuntu anacron[8227]: Normal exit (0 jobs run)
4月 27 09:35:04 ubuntu systemd[1]: anacron.service: Succeeded.
4月 27 10:31:04 ubuntu systemd[1]: Started Run anacron jobs.
4月 27 10:31:04 ubuntu anacron[10748]: Anacron 2.3 started on 2022-04-27
4月 27 10:31:04 ubuntu anacron[10748]: Normal exit (0 jobs run)
4月 27 10:31:04 ubuntu systemd[1]: anacron.service: Succeeded.
-- Reboot --
4月 27 11:07:08 ubuntu systemd[1]: Started Run anacron jobs.
4月 27 11:07:08 ubuntu anacron[845]: Anacron 2.3 started on 2022-04-27
4月 27 11:07:08 ubuntu anacron[845]: Normal exit (0 jobs run)
4月 27 11:07:08 ubuntu systemd[1]: anacron.service: Succeeded.
-- Reboot --
4月 27 14:11:31 ubuntu systemd[1]: Started Run anacron jobs.
4月 27 14:11:31 ubuntu anacron[838]: Anacron 2.3 started on 2022-04-27
4月 27 14:11:31 ubuntu anacron[838]: Normal exit (0 jobs run)
4月 27 14:11:31 ubuntu systemd[1]: anacron.service: Succeeded.
4月 27 14:15:11 ubuntu systemd[1]: Started Run anacron jobs.
4月 27 14:15:11 ubuntu anacron[3021]: Anacron 2.3 started on 2022-04-27
4月 27 14:15:11 ubuntu anacron[3021]: Normal exit (0 jobs run)
4月 27 14:15:11 ubuntu systemd[1]: anacron.service: Succeeded.
4月 27 14:31:14 ubuntu systemd[1]: Started Run anacron jobs.
4月 27 14:31:14 ubuntu anacron[3544]: Anacron 2.3 started on 2022-04-27
4月 27 14:31:14 ubuntu anacron[3544]: Normal exit (0 jobs run)
4月 27 14:31:14 ubuntu systemd[1]: anacron.service: Succeeded.
-- Reboot --
4月 27 15:05:19 ubuntu systemd[1]: Started Run anacron jobs.
4月 27 15:05:19 ubuntu anacron[803]: Anacron 2.3 started on 2022-04-27
4月 27 15:05:19 ubuntu anacron[803]: Normal exit (0 jobs run)
4月 27 15:05:19 ubuntu systemd[1]: anacron.service: Succeeded.
4月 27 15:30:21 ubuntu systemd[1]: Started Run anacron jobs.
4月 27 15:30:21 ubuntu anacron[4160]: Anacron 2.3 started on 2022-04-27
4月 27 15:30:21 ubuntu anacron[4160]: Normal exit (0 jobs run)
4月 27 15:30:21 ubuntu systemd[1]: anacron.service: Succeeded.
-- Reboot --
4月 28 21:00:45 ubuntu systemd[1]: Started Run anacron jobs.
4月 28 21:00:45 ubuntu anacron[861]: Anacron 2.3 started on 2022-04-28
4月 28 21:00:45 ubuntu anacron[861]: Will run job `cron.daily' in 5 min.
4月 28 21:00:45 ubuntu anacron[861]: Jobs will be executed sequentially
4月 28 21:01:50 ubuntu anacron[861]: Received SIGUSR1
4月 28 21:01:50 ubuntu anacron[861]: Exited
4月 28 21:01:50 ubuntu systemd[1]: Stopping Run anacron jobs...
4月 28 21:01:50 ubuntu systemd[1]: anacron.service: Succeeded.
4月 28 21:01:50 ubuntu systemd[1]: Stopped Run anacron jobs.
-- Reboot --
5月 06 10:06:15 ubuntu systemd[1]: Started Run anacron jobs.
5月 06 10:06:15 ubuntu anacron[859]: Anacron 2.3 started on 2022-05-06
5月 06 10:06:15 ubuntu anacron[859]: Will run job `cron.daily' in 5 min.
5月 06 10:06:15 ubuntu anacron[859]: Will run job `cron.weekly' in 10 min.
5月 06 10:06:15 ubuntu anacron[859]: Jobs will be executed sequentially
5月 06 10:11:09 ubuntu anacron[859]: Job `cron.daily' started
5月 06 10:11:10 ubuntu anacron[859]: Job `cron.daily' terminated
5月 06 10:16:15 ubuntu anacron[859]: Job `cron.weekly' started
5月 06 10:16:15 ubuntu anacron[12334]: Updated timestamp for job `cron.weekly' to 2022-05-06
5月 06 10:16:15 ubuntu anacron[859]: Job `cron.weekly' terminated
5月 06 10:16:15 ubuntu anacron[859]: Normal exit (2 jobs run)
5月 06 10:16:15 ubuntu systemd[1]: anacron.service: Killing process 12337 (update-notifier) with signal SIGKILL.
5月 06 10:16:15 ubuntu systemd[1]: anacron.service: Killing process 12338 (update-notifier) with signal SIGKILL.
5月 06 10:16:15 ubuntu systemd[1]: anacron.service: Killing process 12338 (update-notifier) with signal SIGKILL.
5月 06 10:16:15 ubuntu systemd[1]: anacron.service: Succeeded.
-- Reboot --
5月 06 10:17:39 ubuntu systemd[1]: Started Run anacron jobs.
5月 06 10:17:39 ubuntu anacron[789]: Anacron 2.3 started on 2022-05-06
5月 06 10:17:39 ubuntu anacron[789]: Normal exit (0 jobs run)
5月 06 10:17:46 ubuntu systemd[1]: anacron.service: Succeeded.
5月 06 10:34:17 ubuntu systemd[1]: Started Run anacron jobs.
5月 06 10:34:17 ubuntu anacron[3444]: Anacron 2.3 started on 2022-05-06
5月 06 10:34:17 ubuntu anacron[3444]: Normal exit (0 jobs run)
5月 06 10:34:17 ubuntu systemd[1]: anacron.service: Succeeded.
-- Reboot --
5月 07 08:13:43 ubuntu systemd[1]: Started Run anacron jobs.
5月 07 08:13:43 ubuntu anacron[813]: Anacron 2.3 started on 2022-05-07
5月 07 08:13:43 ubuntu anacron[813]: Will run job `cron.daily' in 5 min.
5月 07 08:13:43 ubuntu anacron[813]: Jobs will be executed sequentially
5月 07 08:18:42 ubuntu anacron[813]: Job `cron.daily' started
5月 07 08:18:42 ubuntu anacron[813]: Job `cron.daily' terminated
5月 07 08:18:42 ubuntu anacron[813]: Normal exit (1 job run)
5月 07 08:18:42 ubuntu systemd[1]: anacron.service: Succeeded.
5月 07 08:32:41 ubuntu systemd[1]: Started Run anacron jobs.
5月 07 08:32:41 ubuntu anacron[3939]: Anacron 2.3 started on 2022-05-07
5月 07 08:32:41 ubuntu anacron[3939]: Normal exit (0 jobs run)
5月 07 08:32:41 ubuntu systemd[1]: anacron.service: Succeeded.
5月 07 09:31:25 ubuntu systemd[1]: Started Run anacron jobs.
5月 07 09:31:25 ubuntu anacron[6438]: Anacron 2.3 started on 2022-05-07
5月 07 09:31:25 ubuntu anacron[6438]: Normal exit (0 jobs run)
5月 07 09:31:25 ubuntu systemd[1]: anacron.service: Succeeded.
-- Reboot --
5月 08 14:53:45 ubuntu systemd[1]: Started Run anacron jobs.
5月 08 14:53:45 ubuntu anacron[793]: Anacron 2.3 started on 2022-05-08
5月 08 14:53:45 ubuntu anacron[793]: Will run job `cron.daily' in 5 min.
5月 08 14:53:45 ubuntu anacron[793]: Jobs will be executed sequentially
5月 08 14:55:07 ubuntu anacron[793]: Received SIGUSR1
5月 08 14:55:07 ubuntu systemd[1]: Stopping Run anacron jobs...
5月 08 14:55:07 ubuntu anacron[793]: Exited
5月 08 14:55:08 ubuntu systemd[1]: anacron.service: Succeeded.
5月 08 14:55:08 ubuntu systemd[1]: Stopped Run anacron jobs.
-- Reboot --
5月 08 15:54:09 ubuntu systemd[1]: Started Run anacron jobs.
5月 08 15:54:09 ubuntu anacron[789]: Anacron 2.3 started on 2022-05-08
5月 08 15:54:09 ubuntu anacron[789]: Will run job `cron.daily' in 5 min.
5月 08 15:54:09 ubuntu anacron[789]: Jobs will be executed sequentially
5月 08 15:59:10 ubuntu anacron[789]: Job `cron.daily' started
5月 08 15:59:10 ubuntu anacron[3351]: Updated timestamp for job `cron.daily' to 2022-05-08
5月 08 15:59:10 ubuntu cracklib[3378]: no dictionary update necessary.
5月 08 15:59:11 ubuntu anacron[789]: Job `cron.daily' terminated
5月 08 15:59:11 ubuntu anacron[789]: Normal exit (1 job run)
5月 08 15:59:11 ubuntu systemd[1]: anacron.service: Succeeded.
-- Reboot --
5月 08 16:27:21 ubuntu systemd[1]: Started Run anacron jobs.
5月 08 16:27:21 ubuntu anacron[810]: Anacron 2.3 started on 2022-05-08
5月 08 16:27:21 ubuntu anacron[810]: Normal exit (0 jobs run)
5月 08 16:27:21 ubuntu systemd[1]: anacron.service: Succeeded.
5月 08 16:32:50 ubuntu systemd[1]: Started Run anacron jobs.
5月 08 16:32:50 ubuntu anacron[3075]: Anacron 2.3 started on 2022-05-08
5月 08 16:32:50 ubuntu anacron[3075]: Normal exit (0 jobs run)
5月 08 16:32:50 ubuntu systemd[1]: anacron.service: Succeeded.
-- Reboot --
5月 14 20:51:42 ubuntu systemd[1]: Started Run anacron jobs.
5月 14 20:51:42 ubuntu anacron[813]: Anacron 2.3 started on 2022-05-14
5月 14 20:51:42 ubuntu anacron[813]: Will run job `cron.daily' in 5 min.
5月 14 20:51:42 ubuntu anacron[813]: Will run job `cron.weekly' in 10 min.
5月 14 20:51:42 ubuntu anacron[813]: Jobs will be executed sequentially
5月 14 20:56:50 ubuntu anacron[813]: Job `cron.daily' started
5月 14 20:56:50 ubuntu anacron[813]: Job `cron.daily' terminated
5月 14 21:01:42 ubuntu anacron[813]: Job `cron.weekly' started
5月 14 21:01:42 ubuntu anacron[813]: Job `cron.weekly' terminated
5月 14 21:01:42 ubuntu anacron[813]: Normal exit (2 jobs run)
5月 14 21:01:42 ubuntu systemd[1]: anacron.service: Killing process 5008 (update-notifier) with signal SIGKILL.
5月 14 21:01:42 ubuntu systemd[1]: anacron.service: Killing process 5009 (update-notifier) with signal SIGKILL.
5月 14 21:01:42 ubuntu systemd[1]: anacron.service: Killing process 5008 (update-notifier) with signal SIGKILL.
5月 14 21:01:42 ubuntu systemd[1]: anacron.service: Killing process 5009 (update-notifier) with signal SIGKILL.
5月 14 21:01:42 ubuntu systemd[1]: anacron.service: Succeeded.
5月 14 21:31:09 ubuntu systemd[1]: Started Run anacron jobs.
5月 14 21:31:09 ubuntu anacron[6376]: Anacron 2.3 started on 2022-05-14
5月 14 21:31:09 ubuntu anacron[6376]: Normal exit (0 jobs run)
5月 14 21:31:09 ubuntu systemd[1]: anacron.service: Succeeded.
-- Reboot --
5月 15 00:06:13 ubuntu systemd[1]: Started Run anacron jobs.
5月 15 00:06:13 ubuntu anacron[807]: Anacron 2.3 started on 2022-05-15
5月 15 00:06:13 ubuntu anacron[807]: Will run job `cron.daily' in 5 min.
5月 15 00:06:13 ubuntu anacron[807]: Jobs will be executed sequentially
5月 15 00:09:00 ubuntu anacron[807]: Received SIGUSR1
5月 15 00:09:00 ubuntu anacron[807]: Exited
5月 15 00:09:00 ubuntu systemd[1]: Stopping Run anacron jobs...
5月 15 00:09:00 ubuntu systemd[1]: anacron.service: Succeeded.
5月 15 00:09:00 ubuntu systemd[1]: Stopped Run anacron jobs.
-- Reboot --
5月 15 00:15:05 ubuntu systemd[1]: Started Run anacron jobs.
5月 15 00:15:05 ubuntu anacron[866]: Anacron 2.3 started on 2022-05-15
5月 15 00:15:05 ubuntu anacron[866]: Will run job `cron.daily' in 5 min.
5月 15 00:15:05 ubuntu anacron[866]: Jobs will be executed sequentially
5月 15 00:17:56 ubuntu anacron[866]: Received SIGUSR1
5月 15 00:17:56 ubuntu anacron[866]: Exited
5月 15 00:17:56 ubuntu systemd[1]: Stopping Run anacron jobs...
5月 15 00:17:56 ubuntu systemd[1]: anacron.service: Succeeded.
5月 15 00:17:56 ubuntu systemd[1]: Stopped Run anacron jobs.
-- Reboot --
5月 15 10:43:39 ubuntu systemd[1]: Started Run anacron jobs.
5月 15 10:43:39 ubuntu anacron[864]: Anacron 2.3 started on 2022-05-15
5月 15 10:43:39 ubuntu anacron[864]: Will run job `cron.daily' in 5 min.
5月 15 10:43:39 ubuntu anacron[864]: Jobs will be executed sequentially
5月 15 10:48:40 ubuntu anacron[864]: Job `cron.daily' started
5月 15 10:48:40 ubuntu anacron[864]: Job `cron.daily' terminated
5月 15 10:48:40 ubuntu anacron[864]: Normal exit (1 job run)
5月 15 10:48:40 ubuntu systemd[1]: anacron.service: Succeeded.
5月 15 11:33:25 ubuntu systemd[1]: Started Run anacron jobs.
5月 15 11:33:25 ubuntu anacron[14725]: Anacron 2.3 started on 2022-05-15
5月 15 11:33:25 ubuntu anacron[14725]: Normal exit (0 jobs run)
5月 15 11:33:25 ubuntu systemd[1]: anacron.service: Succeeded.
5月 15 12:34:34 ubuntu systemd[1]: Started Run anacron jobs.
5月 15 12:34:34 ubuntu anacron[15130]: Anacron 2.3 started on 2022-05-15
5月 15 12:34:34 ubuntu anacron[15130]: Normal exit (0 jobs run)
5月 15 12:34:34 ubuntu systemd[1]: anacron.service: Succeeded.
-- Reboot --
5月 15 15:15:40 ubuntu systemd[1]: Started Run anacron jobs.
5月 15 15:15:40 ubuntu anacron[815]: Anacron 2.3 started on 2022-05-15
5月 15 15:15:40 ubuntu anacron[815]: Normal exit (0 jobs run)
5月 15 15:15:41 ubuntu systemd[1]: anacron.service: Succeeded.
5月 15 15:15:52 ubuntu systemd[1]: Started Run anacron jobs.
5月 15 15:15:53 ubuntu anacron[1585]: Anacron 2.3 started on 2022-05-15
5月 15 15:15:53 ubuntu anacron[1585]: Normal exit (0 jobs run)
5月 15 15:15:53 ubuntu systemd[1]: anacron.service: Succeeded.
-- Reboot --
5月 15 16:28:26 ubuntu systemd[1]: Started Run anacron jobs.
5月 15 16:28:26 ubuntu anacron[813]: Anacron 2.3 started on 2022-05-15
5月 15 16:28:26 ubuntu anacron[813]: Normal exit (0 jobs run)
5月 15 16:28:26 ubuntu systemd[1]: anacron.service: Succeeded.
5月 15 16:33:28 ubuntu systemd[1]: Started Run anacron jobs.
5月 15 16:33:28 ubuntu systemd[1]: anacron.service: Succeeded.
5月 15 17:34:49 ubuntu systemd[1]: Started Run anacron jobs.
5月 15 17:34:49 ubuntu anacron[4228]: Anacron 2.3 started on 2022-05-15
5月 15 17:34:49 ubuntu anacron[4228]: Normal exit (0 jobs run)
5月 15 17:34:49 ubuntu systemd[1]: anacron.service: Succeeded.
-- Reboot --
5月 15 21:27:13 ubuntu systemd[1]: Started Run anacron jobs.
5月 15 21:27:13 ubuntu anacron[811]: Anacron 2.3 started on 2022-05-15
5月 15 21:27:13 ubuntu anacron[811]: Normal exit (0 jobs run)
5月 15 21:27:13 ubuntu systemd[1]: anacron.service: Succeeded.
5月 15 21:28:43 ubuntu anacron[3178]: Anacron 2.3 started on 2022-05-15
5月 15 21:28:43 ubuntu anacron[3178]: Normal exit (0 jobs run)
5月 15 21:28:43 ubuntu systemd[1]: Started Run anacron jobs.
5月 15 21:28:43 ubuntu systemd[1]: anacron.service: Succeeded.
5月 15 21:32:35 ubuntu systemd[1]: Started Run anacron jobs.
5月 15 21:32:35 ubuntu anacron[3588]: Anacron 2.3 started on 2022-05-15
5月 15 21:32:35 ubuntu anacron[3588]: Normal exit (0 jobs run)
5月 15 21:32:35 ubuntu systemd[1]: anacron.service: Succeeded.
5月 15 22:35:21 ubuntu systemd[1]: Started Run anacron jobs.
5月 15 22:35:21 ubuntu anacron[4312]: Anacron 2.3 started on 2022-05-15
5月 15 22:35:21 ubuntu systemd[1]: anacron.service: Succeeded.
5月 15 22:35:21 ubuntu anacron[4312]: Normal exit (0 jobs run)
-- Reboot --
5月 31 15:28:44 ubuntu systemd[1]: Started Run anacron jobs.
5月 31 15:28:44 ubuntu anacron[809]: Anacron 2.3 started on 2022-05-31
5月 31 15:28:44 ubuntu anacron[809]: Will run job `cron.daily' in 5 min.
5月 31 15:28:44 ubuntu anacron[809]: Will run job `cron.weekly' in 10 min.
5月 31 15:28:44 ubuntu anacron[809]: Will run job `cron.monthly' in 15 min.
5月 31 15:28:44 ubuntu anacron[809]: Jobs will be executed sequentially
5月 31 15:33:44 ubuntu anacron[809]: Job `cron.daily' started
5月 31 15:33:44 ubuntu anacron[809]: Job `cron.daily' terminated
5月 31 15:38:44 ubuntu anacron[809]: Job `cron.weekly' started
5月 31 15:38:44 ubuntu anacron[809]: Job `cron.weekly' terminated
5月 31 15:43:44 ubuntu anacron[809]: Job `cron.monthly' started
5月 31 15:43:44 ubuntu anacron[809]: Job `cron.monthly' terminated
5月 31 15:43:44 ubuntu anacron[809]: Normal exit (3 jobs run)
5月 31 15:43:44 ubuntu systemd[1]: anacron.service: Killing process 4183 (update-notifier) with signal SIGKILL.
5月 31 15:43:44 ubuntu systemd[1]: anacron.service: Killing process 4185 (sleep) with signal SIGKILL.
5月 31 15:43:44 ubuntu systemd[1]: anacron.service: Killing process 4183 (update-notifier) with signal SIGKILL.
5月 31 15:43:44 ubuntu systemd[1]: anacron.service: Killing process 4185 (sleep) with signal SIGKILL.
5月 31 15:43:44 ubuntu systemd[1]: anacron.service: Succeeded.
-- Reboot --
5月 31 16:19:54 ubuntu systemd[1]: Started Run anacron jobs.
5月 31 16:19:54 ubuntu anacron[861]: Anacron 2.3 started on 2022-05-31
5月 31 16:19:54 ubuntu anacron[861]: Normal exit (0 jobs run)
5月 31 16:19:54 ubuntu systemd[1]: anacron.service: Succeeded.
5月 31 16:34:21 ubuntu systemd[1]: Started Run anacron jobs.
5月 31 16:34:21 ubuntu anacron[3923]: Anacron 2.3 started on 2022-05-31
5月 31 16:34:21 ubuntu anacron[3923]: Normal exit (0 jobs run)
5月 31 16:34:21 ubuntu systemd[1]: anacron.service: Succeeded.
5月 31 17:32:30 ubuntu systemd[1]: Started Run anacron jobs.
5月 31 17:32:30 ubuntu anacron[7327]: Anacron 2.3 started on 2022-05-31
5月 31 17:32:30 ubuntu anacron[7327]: Normal exit (0 jobs run)
5月 31 17:32:30 ubuntu systemd[1]: anacron.service: Succeeded.
-- Reboot --
5月 31 21:00:55 ubuntu systemd[1]: Started Run anacron jobs.
5月 31 21:00:56 ubuntu anacron[841]: Anacron 2.3 started on 2022-05-31
5月 31 21:00:56 ubuntu anacron[841]: Normal exit (0 jobs run)
5月 31 21:00:56 ubuntu systemd[1]: anacron.service: Succeeded.
5月 31 21:05:44 ubuntu systemd[1]: Started Run anacron jobs.
5月 31 21:05:44 ubuntu anacron[4348]: Anacron 2.3 started on 2022-05-31
5月 31 21:05:44 ubuntu anacron[4348]: Normal exit (0 jobs run)
5月 31 21:05:44 ubuntu systemd[1]: anacron.service: Succeeded.
5月 31 21:32:32 ubuntu systemd[1]: Started Run anacron jobs.
5月 31 21:32:32 ubuntu anacron[6736]: Anacron 2.3 started on 2022-05-31
5月 31 21:32:32 ubuntu anacron[6736]: Normal exit (0 jobs run)
5月 31 21:32:32 ubuntu systemd[1]: anacron.service: Succeeded.
5月 31 22:32:54 ubuntu systemd[1]: Started Run anacron jobs.
5月 31 22:32:54 ubuntu anacron[10643]: Anacron 2.3 started on 2022-05-31
5月 31 22:32:54 ubuntu anacron[10643]: Normal exit (0 jobs run)
5月 31 22:32:54 ubuntu systemd[1]: anacron.service: Succeeded.
-- Reboot --
6月 01 23:20:20 ubuntu systemd[1]: Started Run anacron jobs.
6月 01 23:20:20 ubuntu anacron[857]: Anacron 2.3 started on 2022-06-01
6月 01 23:20:20 ubuntu anacron[857]: Will run job `cron.daily' in 5 min.
6月 01 23:20:20 ubuntu anacron[857]: Jobs will be executed sequentially
6月 01 23:25:19 ubuntu anacron[857]: Job `cron.daily' started
6月 01 23:25:19 ubuntu anacron[4715]: Updated timestamp for job `cron.daily' to 2022-06-01
6月 01 23:25:19 ubuntu cracklib[4743]: no dictionary update necessary.
6月 01 23:25:20 ubuntu anacron[857]: Job `cron.daily' terminated
6月 01 23:25:20 ubuntu anacron[857]: Normal exit (1 job run)
6月 01 23:25:20 ubuntu systemd[1]: anacron.service: Succeeded.
6月 01 23:30:48 ubuntu systemd[1]: Started Run anacron jobs.
6月 01 23:30:48 ubuntu anacron[6178]: Anacron 2.3 started on 2022-06-01
6月 01 23:30:48 ubuntu anacron[6178]: Normal exit (0 jobs run)
6月 01 23:30:48 ubuntu systemd[1]: anacron.service: Succeeded.
-- Reboot --
6月 06 14:12:34 ubuntu systemd[1]: Started Run anacron jobs.
6月 06 14:12:34 ubuntu anacron[861]: Anacron 2.3 started on 2022-06-06
6月 06 14:12:34 ubuntu anacron[861]: Will run job `cron.daily' in 5 min.
6月 06 14:12:34 ubuntu anacron[861]: Jobs will be executed sequentially
6月 06 14:17:29 ubuntu anacron[861]: Job `cron.daily' started
6月 06 14:17:29 ubuntu anacron[5504]: Updated timestamp for job `cron.daily' to 2022-06-06
6月 06 14:17:30 ubuntu anacron[861]: Job `cron.daily' terminated
6月 06 14:17:30 ubuntu anacron[861]: Normal exit (1 job run)
6月 06 14:17:30 ubuntu systemd[1]: anacron.service: Succeeded.
6月 06 14:31:38 ubuntu systemd[1]: Started Run anacron jobs.
6月 06 14:31:38 ubuntu anacron[6998]: Anacron 2.3 started on 2022-06-06
6月 06 14:31:38 ubuntu anacron[6998]: Normal exit (0 jobs run)
6月 06 14:31:38 ubuntu systemd[1]: anacron.service: Succeeded.
6月 06 15:30:53 ubuntu systemd[1]: Started Run anacron jobs.
6月 06 15:30:53 ubuntu anacron[14120]: Anacron 2.3 started on 2022-06-06
6月 06 15:30:53 ubuntu anacron[14120]: Normal exit (0 jobs run)
6月 06 15:30:53 ubuntu systemd[1]: anacron.service: Succeeded.
-- Reboot --
6月 06 15:39:28 ubuntu systemd[1]: Started Run anacron jobs.
6月 06 15:39:28 ubuntu anacron[860]: Anacron 2.3 started on 2022-06-06
6月 06 15:39:28 ubuntu anacron[860]: Normal exit (0 jobs run)
6月 06 15:39:29 ubuntu systemd[1]: anacron.service: Succeeded.
-- Reboot --
6月 06 15:44:08 ubuntu systemd[1]: Started Run anacron jobs.
6月 06 15:44:09 ubuntu anacron[798]: Anacron 2.3 started on 2022-06-06
6月 06 15:44:09 ubuntu anacron[798]: Normal exit (0 jobs run)
6月 06 15:44:09 ubuntu systemd[1]: anacron.service: Succeeded.
-- Reboot --
6月 15 14:08:49 ubuntu systemd[1]: Started Run anacron jobs.
6月 15 14:08:49 ubuntu anacron[860]: Anacron 2.3 started on 2022-06-15
6月 15 14:08:49 ubuntu anacron[860]: Will run job `cron.daily' in 5 min.
6月 15 14:08:49 ubuntu anacron[860]: Will run job `cron.weekly' in 10 min.
6月 15 14:08:49 ubuntu anacron[860]: Jobs will be executed sequentially
6月 15 14:13:54 ubuntu anacron[860]: Job `cron.daily' started
6月 15 14:13:54 ubuntu anacron[1731]: Updated timestamp for job `cron.daily' to 2022-06-15
6月 15 14:13:55 ubuntu anacron[860]: Job `cron.daily' terminated
6月 15 14:18:49 ubuntu anacron[860]: Job `cron.weekly' started
6月 15 14:18:49 ubuntu anacron[860]: Job `cron.weekly' terminated
6月 15 14:18:49 ubuntu anacron[860]: Normal exit (2 jobs run)
6月 15 14:18:49 ubuntu systemd[1]: anacron.service: Killing process 2426 (update-notifier) with signal SIGKILL.
6月 15 14:18:49 ubuntu systemd[1]: anacron.service: Killing process 2427 (update-notifier) with signal SIGKILL.
6月 15 14:18:49 ubuntu systemd[1]: anacron.service: Killing process 2426 (update-notifier) with signal SIGKILL.
6月 15 14:18:49 ubuntu systemd[1]: anacron.service: Succeeded.
6月 15 14:32:39 ubuntu systemd[1]: Started Run anacron jobs.
6月 15 14:32:39 ubuntu anacron[2459]: Anacron 2.3 started on 2022-06-15
6月 15 14:32:39 ubuntu anacron[2459]: Normal exit (0 jobs run)
6月 15 14:32:39 ubuntu systemd[1]: anacron.service: Succeeded.
6月 15 15:34:12 ubuntu systemd[1]: Started Run anacron jobs.
6月 15 15:34:12 ubuntu anacron[6836]: Anacron 2.3 started on 2022-06-15
6月 15 15:34:12 ubuntu anacron[6836]: Normal exit (0 jobs run)
6月 15 15:34:12 ubuntu systemd[1]: anacron.service: Succeeded.
-- Reboot --
6月 16 14:48:28 ubuntu systemd[1]: Started Run anacron jobs.
6月 16 14:48:28 ubuntu anacron[802]: Anacron 2.3 started on 2022-06-16
6月 16 14:48:28 ubuntu anacron[802]: Will run job `cron.daily' in 5 min.
6月 16 14:48:28 ubuntu anacron[802]: Jobs will be executed sequentially
6月 16 14:53:26 ubuntu anacron[802]: Job `cron.daily' started
6月 16 14:53:26 ubuntu cracklib[4808]: no dictionary update necessary.
6月 16 14:53:27 ubuntu anacron[802]: Job `cron.daily' terminated
6月 16 14:53:27 ubuntu anacron[802]: Normal exit (1 job run)
6月 16 14:53:27 ubuntu systemd[1]: anacron.service: Succeeded.
-- Reboot --
2月 25 16:36:14 ubuntu systemd[1]: Started Run anacron jobs.
2月 25 16:36:14 ubuntu anacron[803]: Anacron 2.3 started on 2023-02-25
2月 25 16:36:14 ubuntu anacron[803]: Will run job `cron.daily' in 5 min.
2月 25 16:36:14 ubuntu anacron[803]: Will run job `cron.weekly' in 10 min.
2月 25 16:36:14 ubuntu anacron[803]: Will run job `cron.monthly' in 15 min.
2月 25 16:36:14 ubuntu anacron[803]: Jobs will be executed sequentially
2月 25 16:41:16 ubuntu anacron[803]: Job `cron.daily' started
2月 25 16:41:16 ubuntu anacron[6737]: Updated timestamp for job `cron.daily' to 2023-02-25
2月 25 16:41:17 ubuntu anacron[803]: Job `cron.daily' terminated
2月 25 16:46:14 ubuntu anacron[803]: Job `cron.weekly' started
2月 25 16:46:14 ubuntu anacron[803]: Job `cron.weekly' terminated
2月 25 16:51:14 ubuntu anacron[803]: Job `cron.monthly' started
2月 25 16:51:14 ubuntu anacron[7974]: Updated timestamp for job `cron.monthly' to 2023-02-25
2月 25 16:51:14 ubuntu anacron[803]: Job `cron.monthly' terminated
2月 25 16:51:14 ubuntu anacron[803]: Normal exit (3 jobs run)
2月 25 16:51:14 ubuntu systemd[1]: anacron.service: Killing process 7669 (update-notifier) with signal SIGKILL.
2月 25 16:51:14 ubuntu systemd[1]: anacron.service: Killing process 7671 (sleep) with signal SIGKILL.
2月 25 16:51:14 ubuntu systemd[1]: anacron.service: Killing process 7669 (update-notifier) with signal SIGKILL.
2月 25 16:51:14 ubuntu systemd[1]: anacron.service: Killing process 7671 (sleep) with signal SIGKILL.
2月 25 16:51:14 ubuntu systemd[1]: anacron.service: Succeeded.
2月 26 17:17:09 ubuntu systemd[1]: Started Run anacron jobs.
2月 26 17:17:09 ubuntu anacron[8399]: Anacron 2.3 started on 2023-02-26
2月 26 17:17:09 ubuntu anacron[8399]: Will run job `cron.daily' in 5 min.
2月 26 17:17:09 ubuntu anacron[8399]: Jobs will be executed sequentially
-- Reboot --
3月 27 17:52:48 ubuntu systemd[1]: Started Run anacron jobs.
3月 27 17:52:48 ubuntu anacron[798]: Anacron 2.3 started on 2023-03-27
3月 27 17:52:48 ubuntu anacron[798]: Will run job `cron.daily' in 5 min.
3月 27 17:52:48 ubuntu anacron[798]: Will run job `cron.weekly' in 10 min.
3月 27 17:52:48 ubuntu anacron[798]: Will run job `cron.monthly' in 15 min.
3月 27 17:52:48 ubuntu anacron[798]: Jobs will be executed sequentially
3月 27 17:57:24 ubuntu anacron[798]: Job `cron.daily' started
3月 27 17:57:25 ubuntu anacron[798]: Job `cron.daily' terminated
3月 27 18:02:48 ubuntu anacron[798]: Job `cron.weekly' started
3月 27 18:02:48 ubuntu anacron[798]: Job `cron.weekly' terminated
3月 27 18:07:48 ubuntu anacron[798]: Job `cron.monthly' started
3月 27 18:07:48 ubuntu anacron[798]: Job `cron.monthly' terminated
3月 27 18:07:48 ubuntu systemd[1]: anacron.service: Killing process 13123 (update-notifier) with signal SIGKILL.
3月 27 18:07:48 ubuntu anacron[798]: Normal exit (3 jobs run)
3月 27 18:07:48 ubuntu systemd[1]: anacron.service: Killing process 13125 (sleep) with signal SIGKILL.
3月 27 18:07:48 ubuntu systemd[1]: anacron.service: Killing process 14052 (anacron) with signal SIGKILL.
3月 27 18:07:48 ubuntu systemd[1]: anacron.service: Killing process 13123 (update-notifier) with signal SIGKILL.
3月 27 18:07:48 ubuntu systemd[1]: anacron.service: Killing process 13125 (sleep) with signal SIGKILL.
3月 27 18:07:48 ubuntu systemd[1]: anacron.service: Killing process 14052 (anacron) with signal SIGKILL.
3月 27 18:07:48 ubuntu systemd[1]: anacron.service: Succeeded.
-- Reboot --
3月 30 14:05:42 ubuntu systemd[1]: Started Run anacron jobs.
3月 30 14:05:42 ubuntu anacron[797]: Anacron 2.3 started on 2023-03-30
3月 30 14:05:42 ubuntu anacron[797]: Will run job `cron.daily' in 5 min.
3月 30 14:05:42 ubuntu anacron[797]: Jobs will be executed sequentially
3月 30 14:10:39 ubuntu anacron[797]: Job `cron.daily' started
3月 30 14:10:40 ubuntu cracklib[2023]: no dictionary update necessary.
3月 30 14:10:40 ubuntu anacron[797]: Job `cron.daily' terminated
3月 30 14:10:40 ubuntu anacron[797]: Normal exit (1 job run)
3月 30 14:10:40 ubuntu systemd[1]: anacron.service: Succeeded.
3月 30 14:32:21 ubuntu systemd[1]: Started Run anacron jobs.
3月 30 14:32:21 ubuntu anacron[6063]: Anacron 2.3 started on 2023-03-30
3月 30 14:32:21 ubuntu anacron[6063]: Normal exit (0 jobs run)
3月 30 14:32:21 ubuntu systemd[1]: anacron.service: Succeeded.
-- Reboot --
3月 30 14:44:33 ubuntu systemd[1]: Started Run anacron jobs.
3月 30 14:44:33 ubuntu anacron[800]: Anacron 2.3 started on 2023-03-30
3月 30 14:44:33 ubuntu anacron[800]: Normal exit (0 jobs run)
3月 30 14:44:33 ubuntu systemd[1]: anacron.service: Succeeded.
-- Reboot --
3月 30 15:12:19 ubuntu systemd[1]: Started Run anacron jobs.
3月 30 15:12:19 ubuntu anacron[799]: Anacron 2.3 started on 2023-03-30
3月 30 15:12:19 ubuntu anacron[799]: Normal exit (0 jobs run)
3月 30 15:12:19 ubuntu systemd[1]: anacron.service: Succeeded.
-- Reboot --
3月 30 15:18:40 ubuntu systemd[1]: Started Run anacron jobs.
3月 30 15:18:40 ubuntu anacron[798]: Anacron 2.3 started on 2023-03-30
3月 30 15:18:40 ubuntu anacron[798]: Normal exit (0 jobs run)
3月 30 15:18:40 ubuntu systemd[1]: anacron.service: Succeeded.
-- Reboot --
3月 30 22:57:13 ubuntu systemd[1]: Started Run anacron jobs.
3月 30 22:57:13 ubuntu anacron[852]: Anacron 2.3 started on 2023-03-30
3月 30 22:57:13 ubuntu anacron[852]: Normal exit (0 jobs run)
3月 30 22:57:14 ubuntu systemd[1]: anacron.service: Succeeded.
3月 30 22:58:20 ubuntu systemd[1]: Started Run anacron jobs.
3月 30 22:58:20 ubuntu anacron[2944]: Anacron 2.3 started on 2023-03-30
3月 30 22:58:20 ubuntu anacron[2944]: Normal exit (0 jobs run)
3月 30 22:58:20 ubuntu systemd[1]: anacron.service: Succeeded.
-- Reboot --
3月 30 23:00:45 ubuntu anacron[802]: Anacron 2.3 started on 2023-03-30
3月 30 23:00:45 ubuntu systemd[1]: Started Run anacron jobs.
3月 30 23:00:45 ubuntu anacron[802]: Normal exit (0 jobs run)
3月 30 23:00:45 ubuntu systemd[1]: anacron.service: Succeeded.
-- Reboot --
3月 30 23:05:26 ubuntu systemd[1]: Started Run anacron jobs.
3月 30 23:05:26 ubuntu anacron[839]: Anacron 2.3 started on 2023-03-30
3月 30 23:05:26 ubuntu anacron[839]: Normal exit (0 jobs run)
3月 30 23:05:26 ubuntu systemd[1]: anacron.service: Succeeded.
-- Reboot --
3月 31 18:40:19 ubuntu systemd[1]: Started Run anacron jobs.
3月 31 18:40:19 ubuntu anacron[860]: Anacron 2.3 started on 2023-03-31
3月 31 18:40:19 ubuntu anacron[860]: Will run job `cron.daily' in 5 min.
3月 31 18:40:19 ubuntu anacron[860]: Jobs will be executed sequentially
3月 31 18:45:19 ubuntu anacron[860]: Job `cron.daily' started
3月 31 18:45:20 ubuntu anacron[860]: Job `cron.daily' terminated
3月 31 18:45:20 ubuntu anacron[860]: Normal exit (1 job run)
3月 31 18:45:20 ubuntu systemd[1]: anacron.service: Succeeded.
-- Reboot --
3月 31 18:54:16 ubuntu systemd[1]: Started Run anacron jobs.
3月 31 18:54:16 ubuntu anacron[856]: Anacron 2.3 started on 2023-03-31
3月 31 18:54:16 ubuntu anacron[856]: Normal exit (0 jobs run)
3月 31 18:54:17 ubuntu systemd[1]: anacron.service: Succeeded.
-- Reboot --
3月 31 19:04:01 ubuntu systemd[1]: Started Run anacron jobs.
3月 31 19:04:01 ubuntu anacron[802]: Anacron 2.3 started on 2023-03-31
3月 31 19:04:01 ubuntu anacron[802]: Normal exit (0 jobs run)
3月 31 19:04:01 ubuntu systemd[1]: anacron.service: Succeeded.
-- Reboot --
3月 31 19:27:35 ubuntu systemd[1]: Started Run anacron jobs.
3月 31 19:27:35 ubuntu anacron[852]: Anacron 2.3 started on 2023-03-31
3月 31 19:27:35 ubuntu anacron[852]: Normal exit (0 jobs run)
3月 31 19:27:36 ubuntu systemd[1]: anacron.service: Succeeded.
3月 31 19:31:45 ubuntu systemd[1]: Started Run anacron jobs.
3月 31 19:31:45 ubuntu anacron[3416]: Anacron 2.3 started on 2023-03-31
3月 31 19:31:45 ubuntu anacron[3416]: Normal exit (0 jobs run)
3月 31 19:31:45 ubuntu systemd[1]: anacron.service: Succeeded.
-- Reboot --
3月 31 19:43:30 ubuntu systemd[1]: Started Run anacron jobs.
3月 31 19:43:30 ubuntu anacron[797]: Anacron 2.3 started on 2023-03-31
3月 31 19:43:30 ubuntu anacron[797]: Normal exit (0 jobs run)
3月 31 19:43:31 ubuntu systemd[1]: anacron.service: Succeeded.
-- Reboot --
3月 31 19:58:19 ubuntu systemd[1]: Started Run anacron jobs.
3月 31 19:58:19 ubuntu anacron[839]: Anacron 2.3 started on 2023-03-31
3月 31 19:58:19 ubuntu anacron[839]: Normal exit (0 jobs run)
3月 31 19:58:20 ubuntu systemd[1]: anacron.service: Succeeded.
-- Reboot --
3月 31 20:24:35 ubuntu systemd[1]: Started Run anacron jobs.
3月 31 20:24:35 ubuntu anacron[854]: Anacron 2.3 started on 2023-03-31
3月 31 20:24:35 ubuntu anacron[854]: Normal exit (0 jobs run)
3月 31 20:24:35 ubuntu systemd[1]: anacron.service: Succeeded.
3月 31 20:34:53 ubuntu systemd[1]: Started Run anacron jobs.
3月 31 20:34:53 ubuntu anacron[3340]: Anacron 2.3 started on 2023-03-31
3月 31 20:34:53 ubuntu anacron[3340]: Normal exit (0 jobs run)
3月 31 20:34:53 ubuntu systemd[1]: anacron.service: Succeeded.
-- Reboot --
4月 02 17:05:04 ubuntu systemd[1]: Started Run anacron jobs.
4月 02 17:05:04 ubuntu anacron[850]: Anacron 2.3 started on 2023-04-02
4月 02 17:05:04 ubuntu anacron[850]: Will run job `cron.daily' in 5 min.
4月 02 17:05:04 ubuntu anacron[850]: Jobs will be executed sequentially
4月 02 17:10:02 ubuntu anacron[850]: Job `cron.daily' started
4月 02 17:10:03 ubuntu cracklib[5693]: no dictionary update necessary.
4月 02 17:10:03 ubuntu anacron[850]: Job `cron.daily' terminated
4月 02 17:10:03 ubuntu anacron[850]: Normal exit (1 job run)
4月 02 17:10:03 ubuntu systemd[1]: anacron.service: Succeeded.
-- Reboot --
4月 14 20:21:36 ubuntu systemd[1]: Started Run anacron jobs.
4月 14 20:21:36 ubuntu anacron[785]: Anacron 2.3 started on 2023-04-14
4月 14 20:21:36 ubuntu anacron[785]: Will run job `cron.daily' in 5 min.
4月 14 20:21:36 ubuntu anacron[785]: Will run job `cron.weekly' in 10 min.
4月 14 20:21:36 ubuntu anacron[785]: Jobs will be executed sequentially
4月 14 20:26:26 ubuntu anacron[785]: Job `cron.daily' started
4月 14 20:26:26 ubuntu anacron[4229]: Updated timestamp for job `cron.daily' to 2023-04-14
4月 14 20:26:26 ubuntu anacron[785]: Job `cron.daily' terminated
4月 14 20:31:36 ubuntu anacron[785]: Job `cron.weekly' started
4月 14 20:31:36 ubuntu anacron[9290]: Updated timestamp for job `cron.weekly' to 2023-04-14
4月 14 20:31:36 ubuntu anacron[785]: Job `cron.weekly' terminated
4月 14 20:31:36 ubuntu anacron[785]: Normal exit (2 jobs run)
4月 14 20:31:36 ubuntu systemd[1]: anacron.service: Killing process 9293 (update-notifier) with signal SIGKILL.
4月 14 20:31:36 ubuntu systemd[1]: anacron.service: Killing process 9294 (update-notifier) with signal SIGKILL.
4月 14 20:31:36 ubuntu systemd[1]: anacron.service: Killing process 9293 (update-notifier) with signal SIGKILL.
4月 14 20:31:36 ubuntu systemd[1]: anacron.service: Killing process 9294 (update-notifier) with signal SIGKILL.
4月 14 20:31:36 ubuntu systemd[1]: anacron.service: Succeeded.
4月 14 20:33:18 ubuntu systemd[1]: Started Run anacron jobs.
4月 14 20:33:18 ubuntu anacron[9315]: Anacron 2.3 started on 2023-04-14
4月 14 20:33:18 ubuntu anacron[9315]: Normal exit (0 jobs run)
4月 14 20:33:18 ubuntu systemd[1]: anacron.service: Succeeded.
-- Reboot --
4月 14 20:55:48 ubuntu systemd[1]: Started Run anacron jobs.
4月 14 20:55:48 ubuntu anacron[848]: Anacron 2.3 started on 2023-04-14
4月 14 20:55:48 ubuntu anacron[848]: Normal exit (0 jobs run)
4月 14 20:55:49 ubuntu systemd[1]: anacron.service: Succeeded.
-- Reboot --
4月 15 22:30:52 ubuntu systemd[1]: Started Run anacron jobs.
4月 15 22:30:52 ubuntu anacron[851]: Anacron 2.3 started on 2023-04-15
4月 15 22:30:52 ubuntu anacron[851]: Will run job `cron.daily' in 5 min.
4月 15 22:30:52 ubuntu anacron[851]: Jobs will be executed sequentially
4月 15 22:36:07 ubuntu anacron[851]: Job `cron.daily' started
4月 15 22:36:07 ubuntu anacron[851]: Job `cron.daily' terminated
4月 15 22:36:07 ubuntu anacron[851]: Normal exit (1 job run)
4月 15 22:36:07 ubuntu systemd[1]: anacron.service: Succeeded.
-- Reboot --
4月 15 22:43:42 ubuntu systemd[1]: Started Run anacron jobs.
4月 15 22:43:42 ubuntu anacron[858]: Anacron 2.3 started on 2023-04-15
4月 15 22:43:42 ubuntu anacron[858]: Normal exit (0 jobs run)
4月 15 22:43:42 ubuntu systemd[1]: anacron.service: Succeeded.

