-- Logs begin at Sat 2022-01-08 18:32:32 CST, end at Sat 2023-04-15 23:05:42 CST. --
3月 31 20:02:46 ubuntu systemd[1]: Starting Update APT News...
3月 31 20:02:46 ubuntu systemd[1]: apt-news.service: Succeeded.
3月 31 20:02:46 ubuntu systemd[1]: Finished Update APT News.
-- Reboot --
3月 31 20:25:12 ubuntu systemd[1]: Starting Update APT News...
3月 31 20:25:13 ubuntu systemd[1]: apt-news.service: Succeeded.
3月 31 20:25:13 ubuntu systemd[1]: Finished Update APT News.
-- Reboot --
4月 02 17:05:27 ubuntu systemd[1]: Starting Update APT News...
4月 02 17:05:29 ubuntu systemd[1]: apt-news.service: Succeeded.
4月 02 17:05:29 ubuntu systemd[1]: Finished Update APT News.
4月 02 17:05:37 ubuntu systemd[1]: Starting Update APT News...
4月 02 17:05:37 ubuntu systemd[1]: apt-news.service: Succeeded.
4月 02 17:05:37 ubuntu systemd[1]: Finished Update APT News.
4月 02 17:05:39 ubuntu systemd[1]: Starting Update APT News...
4月 02 17:05:39 ubuntu systemd[1]: apt-news.service: Succeeded.
4月 02 17:05:39 ubuntu systemd[1]: Finished Update APT News.
4月 02 17:05:57 ubuntu systemd[1]: Starting Update APT News...
4月 02 17:05:57 ubuntu systemd[1]: apt-news.service: Succeeded.
4月 02 17:05:57 ubuntu systemd[1]: Finished Update APT News.
-- Reboot --
4月 14 20:22:01 ubuntu systemd[1]: Starting Update APT News...
4月 14 20:22:10 ubuntu systemd[1]: apt-news.service: Succeeded.
4月 14 20:22:10 ubuntu systemd[1]: Finished Update APT News.
4月 14 20:22:33 ubuntu systemd[1]: Starting Update APT News...
4月 14 20:22:33 ubuntu systemd[1]: apt-news.service: Succeeded.
4月 14 20:22:33 ubuntu systemd[1]: Finished Update APT News.
4月 14 20:22:37 ubuntu systemd[1]: Starting Update APT News...
4月 14 20:22:37 ubuntu systemd[1]: apt-news.service: Succeeded.
4月 14 20:22:37 ubuntu systemd[1]: Finished Update APT News.
-- Reboot --
4月 14 20:56:42 ubuntu systemd[1]: Starting Update APT News...
4月 14 20:56:42 ubuntu systemd[1]: apt-news.service: Succeeded.
4月 14 20:56:42 ubuntu systemd[1]: Finished Update APT News.
-- Reboot --
4月 15 22:32:16 ubuntu systemd[1]: Starting Update APT News...
4月 15 22:32:22 ubuntu systemd[1]: apt-news.service: Succeeded.
4月 15 22:32:22 ubuntu systemd[1]: Finished Update APT News.
4月 15 22:34:42 ubuntu systemd[1]: Starting Update APT News...
4月 15 22:34:42 ubuntu systemd[1]: apt-news.service: Succeeded.
4月 15 22:34:42 ubuntu systemd[1]: Finished Update APT News.
4月 15 22:35:26 ubuntu systemd[1]: Starting Update APT News...
4月 15 22:35:26 ubuntu systemd[1]: apt-news.service: Succeeded.
4月 15 22:35:26 ubuntu systemd[1]: Finished Update APT News.
-- Reboot --
4月 15 22:57:45 ubuntu systemd[1]: Starting Update APT News...
4月 15 22:57:45 ubuntu systemd[1]: apt-news.service: Succeeded.
4月 15 22:57:45 ubuntu systemd[1]: Finished Update APT News.

