-- Logs begin at Sat 2022-01-08 18:32:32 CST, end at Sat 2023-04-15 23:05:42 CST. --
1月 09 21:32:59 ubuntu systemd[1]: Stopping Manage, Install and Generate Color Profiles...
1月 09 21:32:59 ubuntu systemd[1]: colord.service: Succeeded.
1月 09 21:32:59 ubuntu systemd[1]: Stopped Manage, Install and Generate Color Profiles.
-- Reboot --
1月 09 21:33:18 ubuntu systemd[1]: Starting Manage, Install and Generate Color Profiles...
1月 09 21:33:18 ubuntu colord[1453]: failed to get edid data: EDID length is too small
1月 09 21:33:18 ubuntu systemd[1]: Started Manage, Install and Generate Color Profiles.
1月 09 21:33:28 ubuntu colord[1453]: failed to get session [pid 2220]: 没有可用的数据
-- Reboot --
3月 22 14:03:06 ubuntu systemd[1]: Starting Manage, Install and Generate Color Profiles...
3月 22 14:03:06 ubuntu colord[1506]: failed to get edid data: EDID length is too small
3月 22 14:03:06 ubuntu systemd[1]: Started Manage, Install and Generate Color Profiles.
3月 22 14:03:20 ubuntu colord[1506]: failed to get session [pid 2266]: 没有可用的数据
3月 22 14:13:28 ubuntu systemd[1]: Stopping Manage, Install and Generate Color Profiles...
3月 22 14:13:28 ubuntu systemd[1]: colord.service: Succeeded.
3月 22 14:13:28 ubuntu systemd[1]: Stopped Manage, Install and Generate Color Profiles.
-- Reboot --
3月 22 14:13:45 ubuntu systemd[1]: Starting Manage, Install and Generate Color Profiles...
3月 22 14:13:45 ubuntu colord[1474]: failed to get edid data: EDID length is too small
3月 22 14:13:45 ubuntu systemd[1]: Started Manage, Install and Generate Color Profiles.
3月 22 14:16:14 ubuntu colord[1474]: failed to get session [pid 2265]: 没有可用的数据
3月 22 14:22:48 ubuntu systemd[1]: Stopping Manage, Install and Generate Color Profiles...
3月 22 14:22:48 ubuntu systemd[1]: colord.service: Succeeded.
3月 22 14:22:48 ubuntu systemd[1]: Stopped Manage, Install and Generate Color Profiles.
-- Reboot --
3月 22 16:13:14 ubuntu systemd[1]: Starting Manage, Install and Generate Color Profiles...
3月 22 16:13:14 ubuntu colord[1481]: failed to get edid data: EDID length is too small
3月 22 16:13:14 ubuntu systemd[1]: Started Manage, Install and Generate Color Profiles.
3月 22 16:13:52 ubuntu colord[1481]: failed to get session [pid 1874]: 没有可用的数据
3月 22 17:37:59 ubuntu systemd[1]: Stopping Manage, Install and Generate Color Profiles...
3月 22 17:37:59 ubuntu systemd[1]: colord.service: Succeeded.
3月 22 17:37:59 ubuntu systemd[1]: Stopped Manage, Install and Generate Color Profiles.
-- Reboot --
3月 25 10:18:13 ubuntu systemd[1]: Starting Manage, Install and Generate Color Profiles...
3月 25 10:18:13 ubuntu colord[1534]: failed to get edid data: EDID length is too small
3月 25 10:18:13 ubuntu systemd[1]: Started Manage, Install and Generate Color Profiles.
3月 25 10:18:35 ubuntu colord[1534]: failed to get session [pid 1924]: 没有可用的数据
3月 25 10:36:28 ubuntu systemd[1]: Stopping Manage, Install and Generate Color Profiles...
3月 25 10:36:28 ubuntu systemd[1]: colord.service: Succeeded.
3月 25 10:36:28 ubuntu systemd[1]: Stopped Manage, Install and Generate Color Profiles.
-- Reboot --
3月 25 10:45:24 ubuntu systemd[1]: Starting Manage, Install and Generate Color Profiles...
3月 25 10:45:24 ubuntu colord[1519]: failed to get edid data: EDID length is too small
3月 25 10:45:24 ubuntu systemd[1]: Started Manage, Install and Generate Color Profiles.
3月 25 10:45:43 ubuntu colord[1519]: failed to get session [pid 2288]: 没有可用的数据
-- Reboot --
3月 28 10:03:03 ubuntu systemd[1]: Starting Manage, Install and Generate Color Profiles...
3月 28 10:03:03 ubuntu colord[1544]: failed to get edid data: EDID length is too small
3月 28 10:03:03 ubuntu systemd[1]: Started Manage, Install and Generate Color Profiles.
3月 28 10:03:20 ubuntu colord[1544]: failed to get session [pid 1925]: 没有可用的数据
-- Reboot --
3月 28 14:59:55 ubuntu systemd[1]: Starting Manage, Install and Generate Color Profiles...
3月 28 14:59:55 ubuntu colord[1509]: failed to get edid data: EDID length is too small
3月 28 14:59:55 ubuntu systemd[1]: Started Manage, Install and Generate Color Profiles.
3月 28 15:00:13 ubuntu colord[1509]: failed to get session [pid 1883]: 没有可用的数据
3月 28 15:53:54 ubuntu systemd[1]: Stopping Manage, Install and Generate Color Profiles...
3月 28 15:53:54 ubuntu systemd[1]: colord.service: Succeeded.
3月 28 15:53:54 ubuntu systemd[1]: Stopped Manage, Install and Generate Color Profiles.
-- Reboot --
3月 28 16:18:00 ubuntu systemd[1]: Starting Manage, Install and Generate Color Profiles...
3月 28 16:18:00 ubuntu colord[1390]: failed to get edid data: EDID length is too small
3月 28 16:18:00 ubuntu systemd[1]: Started Manage, Install and Generate Color Profiles.
3月 28 16:18:47 ubuntu colord[1390]: failed to get session [pid 1793]: 没有可用的数据
3月 28 17:29:19 ubuntu systemd[1]: Stopping Manage, Install and Generate Color Profiles...
3月 28 17:29:20 ubuntu systemd[1]: colord.service: Succeeded.
3月 28 17:29:20 ubuntu systemd[1]: Stopped Manage, Install and Generate Color Profiles.
-- Reboot --
4月 01 10:14:37 ubuntu systemd[1]: Starting Manage, Install and Generate Color Profiles...
4月 01 10:14:37 ubuntu colord[1491]: failed to get edid data: EDID length is too small
4月 01 10:14:37 ubuntu systemd[1]: Started Manage, Install and Generate Color Profiles.
4月 01 10:14:59 ubuntu colord[1491]: failed to get session [pid 1879]: 没有可用的数据
4月 01 10:24:19 ubuntu systemd[1]: Stopping Manage, Install and Generate Color Profiles...
4月 01 10:24:19 ubuntu systemd[1]: colord.service: Succeeded.
4月 01 10:24:19 ubuntu systemd[1]: Stopped Manage, Install and Generate Color Profiles.
-- Reboot --
4月 01 10:25:13 ubuntu systemd[1]: Starting Manage, Install and Generate Color Profiles...
4月 01 10:25:13 ubuntu colord[1425]: failed to get edid data: EDID length is too small
4月 01 10:25:13 ubuntu systemd[1]: Started Manage, Install and Generate Color Profiles.
4月 01 10:25:33 ubuntu colord[1425]: failed to get session [pid 2203]: 没有可用的数据
4月 01 12:03:43 ubuntu systemd[1]: Stopping Manage, Install and Generate Color Profiles...
4月 01 12:03:43 ubuntu systemd[1]: colord.service: Succeeded.
4月 01 12:03:43 ubuntu systemd[1]: Stopped Manage, Install and Generate Color Profiles.
-- Reboot --
4月 02 08:51:59 ubuntu systemd[1]: Starting Manage, Install and Generate Color Profiles...
4月 02 08:51:59 ubuntu colord[1469]: failed to get edid data: EDID length is too small
4月 02 08:51:59 ubuntu systemd[1]: Started Manage, Install and Generate Color Profiles.
4月 02 08:52:22 ubuntu colord[1469]: failed to get session [pid 1853]: 没有可用的数据
-- Reboot --
4月 02 09:04:53 ubuntu systemd[1]: Starting Manage, Install and Generate Color Profiles...
4月 02 09:04:53 ubuntu colord[1453]: failed to get edid data: EDID length is too small
4月 02 09:04:53 ubuntu systemd[1]: Started Manage, Install and Generate Color Profiles.
-- Reboot --
4月 02 09:10:36 ubuntu systemd[1]: Starting Manage, Install and Generate Color Profiles...
4月 02 09:10:36 ubuntu colord[1446]: failed to get edid data: EDID length is too small
4月 02 09:10:36 ubuntu systemd[1]: Started Manage, Install and Generate Color Profiles.
4月 02 09:11:28 ubuntu colord[1446]: failed to get session [pid 1842]: 没有可用的数据
4月 02 09:29:37 ubuntu systemd[1]: Stopping Manage, Install and Generate Color Profiles...
4月 02 09:29:37 ubuntu systemd[1]: colord.service: Succeeded.
4月 02 09:29:37 ubuntu systemd[1]: Stopped Manage, Install and Generate Color Profiles.
-- Reboot --
4月 02 17:23:09 ubuntu systemd[1]: Starting Manage, Install and Generate Color Profiles...
4月 02 17:23:09 ubuntu colord[1375]: failed to get edid data: EDID length is too small
4月 02 17:23:09 ubuntu systemd[1]: Started Manage, Install and Generate Color Profiles.
4月 02 17:23:19 ubuntu colord[1375]: failed to get session [pid 1754]: 没有可用的数据
4月 02 17:51:13 ubuntu systemd[1]: Stopping Manage, Install and Generate Color Profiles...
4月 02 17:51:13 ubuntu systemd[1]: colord.service: Succeeded.
4月 02 17:51:13 ubuntu systemd[1]: Stopped Manage, Install and Generate Color Profiles.
-- Reboot --
4月 02 17:51:36 ubuntu systemd[1]: Starting Manage, Install and Generate Color Profiles...
4月 02 17:51:36 ubuntu colord[1429]: failed to get edid data: EDID length is too small
4月 02 17:51:36 ubuntu systemd[1]: Started Manage, Install and Generate Color Profiles.
4月 02 17:51:46 ubuntu colord[1429]: failed to get session [pid 1811]: 没有可用的数据
-- Reboot --
4月 06 08:17:34 ubuntu systemd[1]: Starting Manage, Install and Generate Color Profiles...
4月 06 08:17:34 ubuntu colord[1485]: failed to get edid data: EDID length is too small
4月 06 08:17:34 ubuntu systemd[1]: Started Manage, Install and Generate Color Profiles.
4月 06 08:18:06 ubuntu colord[1485]: failed to get session [pid 1871]: 没有可用的数据
4月 06 10:26:21 ubuntu systemd[1]: Stopping Manage, Install and Generate Color Profiles...
4月 06 10:26:21 ubuntu systemd[1]: colord.service: Succeeded.
4月 06 10:26:21 ubuntu systemd[1]: Stopped Manage, Install and Generate Color Profiles.
-- Reboot --
4月 13 08:09:53 ubuntu systemd[1]: Starting Manage, Install and Generate Color Profiles...
4月 13 08:09:53 ubuntu colord[1422]: failed to get edid data: EDID length is too small
4月 13 08:09:53 ubuntu systemd[1]: Started Manage, Install and Generate Color Profiles.
4月 13 08:10:11 ubuntu colord[1422]: failed to get session [pid 1822]: 没有可用的数据
4月 13 08:30:00 ubuntu systemd[1]: Stopping Manage, Install and Generate Color Profiles...
4月 13 08:30:00 ubuntu systemd[1]: colord.service: Succeeded.
4月 13 08:30:00 ubuntu systemd[1]: Stopped Manage, Install and Generate Color Profiles.
-- Reboot --
4月 13 08:30:23 ubuntu systemd[1]: Starting Manage, Install and Generate Color Profiles...
4月 13 08:30:23 ubuntu colord[1412]: failed to get edid data: EDID length is too small
4月 13 08:30:23 ubuntu systemd[1]: Started Manage, Install and Generate Color Profiles.
4月 13 08:30:35 ubuntu colord[1412]: failed to get session [pid 2187]: 没有可用的数据
-- Reboot --
4月 13 10:23:57 ubuntu systemd[1]: Starting Manage, Install and Generate Color Profiles...
4月 13 10:23:57 ubuntu colord[1457]: failed to get edid data: EDID length is too small
4月 13 10:23:57 ubuntu systemd[1]: Started Manage, Install and Generate Color Profiles.
4月 13 10:24:23 ubuntu colord[1457]: failed to get session [pid 1836]: 没有可用的数据
-- Reboot --
4月 13 14:46:38 ubuntu systemd[1]: Starting Manage, Install and Generate Color Profiles...
4月 13 14:46:38 ubuntu colord[1405]: failed to get edid data: EDID length is too small
4月 13 14:46:38 ubuntu systemd[1]: Started Manage, Install and Generate Color Profiles.
4月 13 14:47:23 ubuntu colord[1405]: failed to get session [pid 1801]: 没有可用的数据
4月 13 15:21:57 ubuntu systemd[1]: Stopping Manage, Install and Generate Color Profiles...
4月 13 15:21:57 ubuntu systemd[1]: colord.service: Succeeded.
4月 13 15:21:57 ubuntu systemd[1]: Stopped Manage, Install and Generate Color Profiles.
-- Reboot --
4月 15 10:17:04 ubuntu systemd[1]: Starting Manage, Install and Generate Color Profiles...
4月 15 10:17:04 ubuntu colord[1428]: failed to get edid data: EDID length is too small
4月 15 10:17:04 ubuntu systemd[1]: Started Manage, Install and Generate Color Profiles.
4月 15 10:19:06 ubuntu colord[1428]: failed to get session [pid 2281]: 没有可用的数据
-- Reboot --
4月 20 08:14:58 ubuntu systemd[1]: Starting Manage, Install and Generate Color Profiles...
4月 20 08:14:58 ubuntu colord[1498]: failed to get edid data: EDID length is too small
4月 20 08:14:58 ubuntu systemd[1]: Started Manage, Install and Generate Color Profiles.
4月 20 08:15:56 ubuntu colord[1498]: failed to get session [pid 1905]: 没有可用的数据
4月 20 08:22:49 ubuntu systemd[1]: Stopping Manage, Install and Generate Color Profiles...
4月 20 08:22:49 ubuntu systemd[1]: colord.service: Succeeded.
4月 20 08:22:49 ubuntu systemd[1]: Stopped Manage, Install and Generate Color Profiles.
-- Reboot --
4月 20 08:23:08 ubuntu systemd[1]: Starting Manage, Install and Generate Color Profiles...
4月 20 08:23:08 ubuntu colord[1372]: failed to get edid data: EDID length is too small
4月 20 08:23:08 ubuntu systemd[1]: Started Manage, Install and Generate Color Profiles.
4月 20 08:23:25 ubuntu colord[1372]: failed to get session [pid 1754]: 没有可用的数据
-- Reboot --
4月 27 08:18:34 ubuntu systemd[1]: Starting Manage, Install and Generate Color Profiles...
4月 27 08:18:34 ubuntu colord[1414]: failed to get edid data: EDID length is too small
4月 27 08:18:34 ubuntu systemd[1]: Started Manage, Install and Generate Color Profiles.
4月 27 08:18:54 ubuntu colord[1414]: failed to get session [pid 1814]: 没有可用的数据
4月 27 10:50:15 ubuntu systemd[1]: Stopping Manage, Install and Generate Color Profiles...
4月 27 10:50:16 ubuntu systemd[1]: colord.service: Succeeded.
4月 27 10:50:16 ubuntu systemd[1]: Stopped Manage, Install and Generate Color Profiles.
-- Reboot --
4月 27 11:07:22 ubuntu systemd[1]: Starting Manage, Install and Generate Color Profiles...
4月 27 11:07:22 ubuntu colord[1464]: failed to get edid data: EDID length is too small
4月 27 11:07:22 ubuntu systemd[1]: Started Manage, Install and Generate Color Profiles.
4月 27 11:07:35 ubuntu colord[1464]: failed to get session [pid 2230]: 没有可用的数据
4月 27 11:20:10 ubuntu systemd[1]: Stopping Manage, Install and Generate Color Profiles...
4月 27 11:20:10 ubuntu systemd[1]: colord.service: Succeeded.
4月 27 11:20:10 ubuntu systemd[1]: Stopped Manage, Install and Generate Color Profiles.
-- Reboot --
4月 27 14:11:36 ubuntu systemd[1]: Starting Manage, Install and Generate Color Profiles...
4月 27 14:11:36 ubuntu colord[1444]: failed to get edid data: EDID length is too small
4月 27 14:11:36 ubuntu systemd[1]: Started Manage, Install and Generate Color Profiles.
4月 27 14:11:48 ubuntu colord[1444]: failed to get session [pid 1820]: 没有可用的数据
4月 27 15:04:59 ubuntu systemd[1]: Stopping Manage, Install and Generate Color Profiles...
4月 27 15:04:59 ubuntu systemd[1]: colord.service: Succeeded.
4月 27 15:04:59 ubuntu systemd[1]: Stopped Manage, Install and Generate Color Profiles.
-- Reboot --
4月 27 15:05:22 ubuntu systemd[1]: Starting Manage, Install and Generate Color Profiles...
4月 27 15:05:22 ubuntu colord[1375]: failed to get edid data: EDID length is too small
4月 27 15:05:22 ubuntu systemd[1]: Started Manage, Install and Generate Color Profiles.
4月 27 15:05:58 ubuntu colord[1375]: failed to get session [pid 1768]: 没有可用的数据
4月 27 16:02:17 ubuntu systemd[1]: Stopping Manage, Install and Generate Color Profiles...
4月 27 16:02:17 ubuntu systemd[1]: colord.service: Succeeded.
4月 27 16:02:17 ubuntu systemd[1]: Stopped Manage, Install and Generate Color Profiles.
-- Reboot --
4月 28 21:00:59 ubuntu systemd[1]: Starting Manage, Install and Generate Color Profiles...
4月 28 21:00:59 ubuntu colord[1519]: failed to get edid data: EDID length is too small
4月 28 21:00:59 ubuntu systemd[1]: Started Manage, Install and Generate Color Profiles.
4月 28 21:01:18 ubuntu colord[1519]: failed to get session [pid 1875]: 没有可用的数据
4月 28 21:01:50 ubuntu systemd[1]: Stopping Manage, Install and Generate Color Profiles...
4月 28 21:01:50 ubuntu systemd[1]: colord.service: Succeeded.
4月 28 21:01:50 ubuntu systemd[1]: Stopped Manage, Install and Generate Color Profiles.
-- Reboot --
5月 06 10:06:22 ubuntu systemd[1]: Starting Manage, Install and Generate Color Profiles...
5月 06 10:06:22 ubuntu colord[1490]: failed to get edid data: EDID length is too small
5月 06 10:06:22 ubuntu systemd[1]: Started Manage, Install and Generate Color Profiles.
5月 06 10:06:38 ubuntu colord[1490]: failed to get session [pid 1862]: 没有可用的数据
5月 06 10:17:23 ubuntu systemd[1]: Stopping Manage, Install and Generate Color Profiles...
5月 06 10:17:23 ubuntu systemd[1]: colord.service: Succeeded.
5月 06 10:17:23 ubuntu systemd[1]: Stopped Manage, Install and Generate Color Profiles.
-- Reboot --
5月 06 10:17:49 ubuntu systemd[1]: Starting Manage, Install and Generate Color Profiles...
5月 06 10:17:49 ubuntu colord[1381]: failed to get edid data: EDID length is too small
5月 06 10:17:49 ubuntu systemd[1]: Started Manage, Install and Generate Color Profiles.
5月 06 10:18:06 ubuntu colord[1381]: failed to get session [pid 2144]: 没有可用的数据
5月 06 11:20:32 ubuntu systemd[1]: Stopping Manage, Install and Generate Color Profiles...
5月 06 11:20:32 ubuntu systemd[1]: colord.service: Succeeded.
5月 06 11:20:32 ubuntu systemd[1]: Stopped Manage, Install and Generate Color Profiles.
-- Reboot --
5月 07 08:13:55 ubuntu systemd[1]: Starting Manage, Install and Generate Color Profiles...
5月 07 08:13:55 ubuntu colord[1443]: failed to get edid data: EDID length is too small
5月 07 08:13:55 ubuntu systemd[1]: Started Manage, Install and Generate Color Profiles.
5月 07 08:14:07 ubuntu colord[1443]: failed to get session [pid 1846]: 没有可用的数据
-- Reboot --
5月 08 14:53:59 ubuntu systemd[1]: Starting Manage, Install and Generate Color Profiles...
5月 08 14:53:59 ubuntu colord[1423]: failed to get edid data: EDID length is too small
5月 08 14:53:59 ubuntu systemd[1]: Started Manage, Install and Generate Color Profiles.
5月 08 14:54:11 ubuntu colord[1423]: failed to get session [pid 1810]: 没有可用的数据
5月 08 14:55:07 ubuntu systemd[1]: Stopping Manage, Install and Generate Color Profiles...
5月 08 14:55:08 ubuntu systemd[1]: colord.service: Succeeded.
5月 08 14:55:08 ubuntu systemd[1]: Stopped Manage, Install and Generate Color Profiles.
-- Reboot --
5月 08 15:54:32 ubuntu systemd[1]: Starting Manage, Install and Generate Color Profiles...
5月 08 15:54:32 ubuntu colord[1392]: failed to get edid data: EDID length is too small
5月 08 15:54:32 ubuntu systemd[1]: Started Manage, Install and Generate Color Profiles.
5月 08 15:54:53 ubuntu colord[1392]: failed to get session [pid 1863]: 没有可用的数据
5月 08 16:26:55 ubuntu systemd[1]: Stopping Manage, Install and Generate Color Profiles...
5月 08 16:26:55 ubuntu systemd[1]: colord.service: Succeeded.
5月 08 16:26:55 ubuntu systemd[1]: Stopped Manage, Install and Generate Color Profiles.
-- Reboot --
5月 08 16:27:25 ubuntu systemd[1]: Starting Manage, Install and Generate Color Profiles...
5月 08 16:27:25 ubuntu colord[1447]: failed to get edid data: EDID length is too small
5月 08 16:27:25 ubuntu systemd[1]: Started Manage, Install and Generate Color Profiles.
5月 08 16:27:35 ubuntu colord[1447]: failed to get session [pid 1831]: 没有可用的数据
5月 08 17:02:55 ubuntu systemd[1]: Stopping Manage, Install and Generate Color Profiles...
5月 08 17:02:55 ubuntu systemd[1]: colord.service: Succeeded.
5月 08 17:02:55 ubuntu systemd[1]: Stopped Manage, Install and Generate Color Profiles.
-- Reboot --
5月 14 20:51:58 ubuntu systemd[1]: Starting Manage, Install and Generate Color Profiles...
5月 14 20:51:58 ubuntu colord[1546]: failed to get edid data: EDID length is too small
5月 14 20:51:58 ubuntu systemd[1]: Started Manage, Install and Generate Color Profiles.
5月 14 20:52:12 ubuntu colord[1546]: failed to get session [pid 2311]: 没有可用的数据
-- Reboot --
5月 15 00:06:21 ubuntu systemd[1]: Starting Manage, Install and Generate Color Profiles...
5月 15 00:06:21 ubuntu colord[1570]: failed to get edid data: EDID length is too small
5月 15 00:06:21 ubuntu systemd[1]: Started Manage, Install and Generate Color Profiles.
5月 15 00:06:59 ubuntu colord[1570]: failed to get session [pid 2373]: 没有可用的数据
5月 15 00:09:00 ubuntu systemd[1]: Stopping Manage, Install and Generate Color Profiles...
5月 15 00:09:00 ubuntu systemd[1]: colord.service: Succeeded.
5月 15 00:09:00 ubuntu systemd[1]: Stopped Manage, Install and Generate Color Profiles.
-- Reboot --
5月 15 00:15:13 ubuntu systemd[1]: Starting Manage, Install and Generate Color Profiles...
5月 15 00:15:13 ubuntu colord[1533]: failed to get edid data: EDID length is too small
5月 15 00:15:13 ubuntu systemd[1]: Started Manage, Install and Generate Color Profiles.
5月 15 00:15:30 ubuntu colord[1533]: failed to get session [pid 1919]: 没有可用的数据
5月 15 00:17:56 ubuntu systemd[1]: Stopping Manage, Install and Generate Color Profiles...
5月 15 00:17:56 ubuntu systemd[1]: colord.service: Succeeded.
5月 15 00:17:56 ubuntu systemd[1]: Stopped Manage, Install and Generate Color Profiles.
-- Reboot --
5月 15 10:43:48 ubuntu systemd[1]: Starting Manage, Install and Generate Color Profiles...
5月 15 10:43:48 ubuntu colord[1548]: failed to get edid data: EDID length is too small
5月 15 10:43:48 ubuntu systemd[1]: Started Manage, Install and Generate Color Profiles.
5月 15 10:44:12 ubuntu colord[1548]: failed to get session [pid 1947]: 没有可用的数据
5月 15 13:21:32 ubuntu systemd[1]: Stopping Manage, Install and Generate Color Profiles...
5月 15 13:21:32 ubuntu systemd[1]: colord.service: Succeeded.
5月 15 13:21:32 ubuntu systemd[1]: Stopped Manage, Install and Generate Color Profiles.
-- Reboot --
5月 15 15:15:46 ubuntu systemd[1]: Starting Manage, Install and Generate Color Profiles...
5月 15 15:15:46 ubuntu colord[1547]: failed to get edid data: EDID length is too small
5月 15 15:15:46 ubuntu systemd[1]: Started Manage, Install and Generate Color Profiles.
5月 15 15:16:01 ubuntu colord[1547]: failed to get session [pid 2310]: 没有可用的数据
5月 15 15:16:43 ubuntu systemd[1]: Stopping Manage, Install and Generate Color Profiles...
5月 15 15:16:43 ubuntu systemd[1]: colord.service: Succeeded.
5月 15 15:16:43 ubuntu systemd[1]: Stopped Manage, Install and Generate Color Profiles.
-- Reboot --
5月 15 16:28:32 ubuntu systemd[1]: Starting Manage, Install and Generate Color Profiles...
5月 15 16:28:32 ubuntu colord[1559]: failed to get edid data: EDID length is too small
5月 15 16:28:32 ubuntu systemd[1]: Started Manage, Install and Generate Color Profiles.
5月 15 16:28:48 ubuntu colord[1559]: failed to get session [pid 1931]: 没有可用的数据
5月 15 17:59:27 ubuntu systemd[1]: Stopping Manage, Install and Generate Color Profiles...
5月 15 17:59:27 ubuntu systemd[1]: colord.service: Succeeded.
5月 15 17:59:27 ubuntu systemd[1]: Stopped Manage, Install and Generate Color Profiles.
-- Reboot --
5月 15 21:27:19 ubuntu systemd[1]: Starting Manage, Install and Generate Color Profiles...
5月 15 21:27:19 ubuntu colord[1540]: failed to get edid data: EDID length is too small
5月 15 21:27:19 ubuntu systemd[1]: Started Manage, Install and Generate Color Profiles.
5月 15 21:27:45 ubuntu colord[1540]: failed to get session [pid 1985]: 没有可用的数据
5月 15 22:59:14 ubuntu systemd[1]: Stopping Manage, Install and Generate Color Profiles...
5月 15 22:59:14 ubuntu systemd[1]: colord.service: Succeeded.
5月 15 22:59:14 ubuntu systemd[1]: Stopped Manage, Install and Generate Color Profiles.
-- Reboot --
5月 31 15:28:50 ubuntu systemd[1]: Starting Manage, Install and Generate Color Profiles...
5月 31 15:28:50 ubuntu colord[1571]: failed to get edid data: EDID length is too small
5月 31 15:28:50 ubuntu systemd[1]: Started Manage, Install and Generate Color Profiles.
5月 31 15:30:23 ubuntu colord[1571]: failed to get session [pid 1979]: 没有可用的数据
5月 31 16:19:37 ubuntu systemd[1]: Stopping Manage, Install and Generate Color Profiles...
5月 31 16:19:37 ubuntu systemd[1]: colord.service: Succeeded.
5月 31 16:19:37 ubuntu systemd[1]: Stopped Manage, Install and Generate Color Profiles.
-- Reboot --
5月 31 16:19:57 ubuntu systemd[1]: Starting Manage, Install and Generate Color Profiles...
5月 31 16:19:57 ubuntu colord[1529]: failed to get edid data: EDID length is too small
5月 31 16:19:58 ubuntu systemd[1]: Started Manage, Install and Generate Color Profiles.
5月 31 16:20:11 ubuntu colord[1529]: failed to get session [pid 2278]: 没有可用的数据
-- Reboot --
5月 31 21:01:03 ubuntu systemd[1]: Starting Manage, Install and Generate Color Profiles...
5月 31 21:01:03 ubuntu colord[1565]: failed to get edid data: EDID length is too small
5月 31 21:01:03 ubuntu systemd[1]: Started Manage, Install and Generate Color Profiles.
5月 31 21:01:25 ubuntu colord[1565]: failed to get session [pid 2325]: 没有可用的数据
-- Reboot --
6月 01 23:20:46 ubuntu systemd[1]: Starting Manage, Install and Generate Color Profiles...
6月 01 23:20:47 ubuntu colord[1630]: failed to get edid data: EDID length is too small
6月 01 23:20:47 ubuntu systemd[1]: Started Manage, Install and Generate Color Profiles.
6月 01 23:21:56 ubuntu colord[1630]: failed to get session [pid 2434]: 没有可用的数据
6月 02 00:27:49 ubuntu systemd[1]: Stopping Manage, Install and Generate Color Profiles...
6月 02 00:27:49 ubuntu systemd[1]: colord.service: Succeeded.
6月 02 00:27:49 ubuntu systemd[1]: Stopped Manage, Install and Generate Color Profiles.
-- Reboot --
6月 06 14:12:43 ubuntu systemd[1]: Starting Manage, Install and Generate Color Profiles...
6月 06 14:12:43 ubuntu colord[1626]: failed to get edid data: EDID length is too small
6月 06 14:12:43 ubuntu systemd[1]: Started Manage, Install and Generate Color Profiles.
6月 06 14:12:56 ubuntu colord[1626]: failed to get session [pid 2369]: 没有可用的数据
6月 06 15:33:45 ubuntu systemd[1]: Stopping Manage, Install and Generate Color Profiles...
6月 06 15:33:46 ubuntu systemd[1]: colord.service: Succeeded.
6月 06 15:33:46 ubuntu systemd[1]: Stopped Manage, Install and Generate Color Profiles.
-- Reboot --
6月 06 15:39:42 ubuntu systemd[1]: Starting Manage, Install and Generate Color Profiles...
6月 06 15:39:42 ubuntu colord[1582]: failed to get edid data: EDID length is too small
6月 06 15:39:42 ubuntu systemd[1]: Started Manage, Install and Generate Color Profiles.
6月 06 15:39:57 ubuntu colord[1582]: failed to get session [pid 2345]: 没有可用的数据
6月 06 15:42:24 ubuntu systemd[1]: Stopping Manage, Install and Generate Color Profiles...
6月 06 15:42:24 ubuntu systemd[1]: colord.service: Succeeded.
6月 06 15:42:24 ubuntu systemd[1]: Stopped Manage, Install and Generate Color Profiles.
-- Reboot --
6月 06 15:44:35 ubuntu systemd[1]: Starting Manage, Install and Generate Color Profiles...
6月 06 15:44:35 ubuntu colord[1480]: failed to get edid data: EDID length is too small
6月 06 15:44:35 ubuntu systemd[1]: Started Manage, Install and Generate Color Profiles.
6月 06 15:44:59 ubuntu colord[1480]: failed to get session [pid 1871]: 没有可用的数据
-- Reboot --
6月 15 14:09:10 ubuntu systemd[1]: Starting Manage, Install and Generate Color Profiles...
6月 15 14:09:10 ubuntu colord[1675]: failed to get edid data: EDID length is too small
6月 15 14:09:10 ubuntu systemd[1]: Started Manage, Install and Generate Color Profiles.
6月 15 15:13:43 ubuntu colord[1675]: failed to get session [pid 3112]: 没有可用的数据
6月 15 16:32:38 ubuntu systemd[1]: Stopping Manage, Install and Generate Color Profiles...
6月 15 16:32:38 ubuntu systemd[1]: colord.service: Succeeded.
6月 15 16:32:38 ubuntu systemd[1]: Stopped Manage, Install and Generate Color Profiles.
-- Reboot --
6月 16 14:48:35 ubuntu systemd[1]: Starting Manage, Install and Generate Color Profiles...
6月 16 14:48:35 ubuntu colord[1556]: failed to get edid data: EDID length is too small
6月 16 14:48:35 ubuntu systemd[1]: Started Manage, Install and Generate Color Profiles.
6月 16 14:48:51 ubuntu colord[1556]: failed to get session [pid 2322]: 没有可用的数据
-- Reboot --
2月 25 16:36:24 ubuntu systemd[1]: Starting Manage, Install and Generate Color Profiles...
2月 25 16:36:24 ubuntu colord[1598]: failed to get edid data: EDID length is too small
2月 25 16:36:24 ubuntu systemd[1]: Started Manage, Install and Generate Color Profiles.
2月 25 16:36:49 ubuntu colord[1598]: failed to get session [pid 2371]: 没有可用的数据
2月 25 16:38:04 ubuntu colord[1598]: failed to get session [pid 4679]: 没有可用的数据
-- Reboot --
3月 27 17:52:55 ubuntu systemd[1]: Starting Manage, Install and Generate Color Profiles...
3月 27 17:52:55 ubuntu colord[1535]: failed to get edid data: EDID length is too small
3月 27 17:52:55 ubuntu systemd[1]: Started Manage, Install and Generate Color Profiles.
3月 27 17:53:13 ubuntu colord[1535]: failed to get session [pid 2290]: 没有可用的数据
-- Reboot --
3月 30 14:06:15 ubuntu systemd[1]: Starting Manage, Install and Generate Color Profiles...
3月 30 14:06:15 ubuntu colord[1561]: failed to get edid data: EDID length is too small
3月 30 14:06:15 ubuntu systemd[1]: Started Manage, Install and Generate Color Profiles.
3月 30 14:15:39 ubuntu colord[1561]: failed to get session [pid 2550]: 没有可用的数据
3月 30 14:44:04 ubuntu systemd[1]: Stopping Manage, Install and Generate Color Profiles...
3月 30 14:44:04 ubuntu systemd[1]: colord.service: Succeeded.
3月 30 14:44:04 ubuntu systemd[1]: Stopped Manage, Install and Generate Color Profiles.
-- Reboot --
3月 30 14:44:37 ubuntu systemd[1]: Starting Manage, Install and Generate Color Profiles...
3月 30 14:44:37 ubuntu colord[1444]: failed to get edid data: EDID length is too small
3月 30 14:44:37 ubuntu systemd[1]: Started Manage, Install and Generate Color Profiles.
3月 30 14:44:53 ubuntu colord[1444]: failed to get session [pid 1835]: 没有可用的数据
3月 30 14:51:17 ubuntu systemd[1]: Stopping Manage, Install and Generate Color Profiles...
3月 30 14:51:17 ubuntu systemd[1]: colord.service: Succeeded.
3月 30 14:51:17 ubuntu systemd[1]: Stopped Manage, Install and Generate Color Profiles.
-- Reboot --
3月 30 15:12:25 ubuntu systemd[1]: Starting Manage, Install and Generate Color Profiles...
3月 30 15:12:25 ubuntu colord[1513]: failed to get edid data: EDID length is too small
3月 30 15:12:25 ubuntu systemd[1]: Started Manage, Install and Generate Color Profiles.
3月 30 15:12:45 ubuntu colord[1513]: failed to get session [pid 1900]: 没有可用的数据
3月 30 15:12:58 ubuntu systemd[1]: Stopping Manage, Install and Generate Color Profiles...
3月 30 15:12:58 ubuntu systemd[1]: colord.service: Succeeded.
3月 30 15:12:58 ubuntu systemd[1]: Stopped Manage, Install and Generate Color Profiles.
-- Reboot --
3月 30 15:18:45 ubuntu systemd[1]: Starting Manage, Install and Generate Color Profiles...
3月 30 15:18:45 ubuntu colord[1487]: failed to get edid data: EDID length is too small
3月 30 15:18:45 ubuntu systemd[1]: Started Manage, Install and Generate Color Profiles.
3月 30 15:19:01 ubuntu colord[1487]: failed to get session [pid 1897]: 没有可用的数据
3月 30 15:19:57 ubuntu systemd[1]: Stopping Manage, Install and Generate Color Profiles...
3月 30 15:19:57 ubuntu systemd[1]: colord.service: Succeeded.
3月 30 15:19:57 ubuntu systemd[1]: Stopped Manage, Install and Generate Color Profiles.
-- Reboot --
3月 30 22:57:19 ubuntu systemd[1]: Starting Manage, Install and Generate Color Profiles...
3月 30 22:57:19 ubuntu colord[1592]: failed to get edid data: EDID length is too small
3月 30 22:57:19 ubuntu systemd[1]: Started Manage, Install and Generate Color Profiles.
3月 30 22:57:51 ubuntu colord[1592]: failed to get session [pid 2002]: 没有可用的数据
3月 30 22:59:12 ubuntu systemd[1]: Stopping Manage, Install and Generate Color Profiles...
3月 30 22:59:12 ubuntu systemd[1]: colord.service: Succeeded.
3月 30 22:59:12 ubuntu systemd[1]: Stopped Manage, Install and Generate Color Profiles.
-- Reboot --
3月 30 23:00:50 ubuntu systemd[1]: Starting Manage, Install and Generate Color Profiles...
3月 30 23:00:50 ubuntu colord[1486]: failed to get edid data: EDID length is too small
3月 30 23:00:50 ubuntu systemd[1]: Started Manage, Install and Generate Color Profiles.
3月 30 23:01:14 ubuntu colord[1486]: failed to get session [pid 1877]: 没有可用的数据
3月 30 23:02:22 ubuntu systemd[1]: Stopping Manage, Install and Generate Color Profiles...
3月 30 23:02:22 ubuntu systemd[1]: colord.service: Succeeded.
3月 30 23:02:22 ubuntu systemd[1]: Stopped Manage, Install and Generate Color Profiles.
-- Reboot --
3月 30 23:05:31 ubuntu systemd[1]: Starting Manage, Install and Generate Color Profiles...
3月 30 23:05:31 ubuntu colord[1518]: failed to get edid data: EDID length is too small
3月 30 23:05:31 ubuntu systemd[1]: Started Manage, Install and Generate Color Profiles.
3月 30 23:05:44 ubuntu colord[1518]: failed to get session [pid 1900]: 没有可用的数据
3月 30 23:14:08 ubuntu systemd[1]: Stopping Manage, Install and Generate Color Profiles...
3月 30 23:14:09 ubuntu systemd[1]: colord.service: Succeeded.
3月 30 23:14:09 ubuntu systemd[1]: Stopped Manage, Install and Generate Color Profiles.
-- Reboot --
3月 31 18:40:26 ubuntu systemd[1]: Starting Manage, Install and Generate Color Profiles...
3月 31 18:40:26 ubuntu colord[1626]: failed to get edid data: EDID length is too small
3月 31 18:40:26 ubuntu systemd[1]: Started Manage, Install and Generate Color Profiles.
3月 31 18:40:37 ubuntu colord[1626]: failed to get session [pid 2002]: 没有可用的数据
3月 31 18:53:35 ubuntu systemd[1]: Stopping Manage, Install and Generate Color Profiles...
3月 31 18:53:35 ubuntu systemd[1]: colord.service: Succeeded.
3月 31 18:53:35 ubuntu systemd[1]: Stopped Manage, Install and Generate Color Profiles.
-- Reboot --
3月 31 18:54:24 ubuntu systemd[1]: Starting Manage, Install and Generate Color Profiles...
3月 31 18:54:24 ubuntu colord[1534]: failed to get edid data: EDID length is too small
3月 31 18:54:24 ubuntu systemd[1]: Started Manage, Install and Generate Color Profiles.
3月 31 18:54:36 ubuntu colord[1534]: failed to get session [pid 1920]: 没有可用的数据
3月 31 19:01:42 ubuntu systemd[1]: Stopping Manage, Install and Generate Color Profiles...
3月 31 19:01:42 ubuntu systemd[1]: colord.service: Succeeded.
3月 31 19:01:42 ubuntu systemd[1]: Stopped Manage, Install and Generate Color Profiles.
-- Reboot --
3月 31 19:04:07 ubuntu systemd[1]: Starting Manage, Install and Generate Color Profiles...
3月 31 19:04:07 ubuntu colord[1486]: failed to get edid data: EDID length is too small
3月 31 19:04:07 ubuntu systemd[1]: Started Manage, Install and Generate Color Profiles.
3月 31 19:04:21 ubuntu colord[1486]: failed to get session [pid 1865]: 没有可用的数据
3月 31 19:26:10 ubuntu systemd[1]: Stopping Manage, Install and Generate Color Profiles...
3月 31 19:26:10 ubuntu systemd[1]: colord.service: Succeeded.
3月 31 19:26:10 ubuntu systemd[1]: Stopped Manage, Install and Generate Color Profiles.
-- Reboot --
3月 31 19:27:43 ubuntu systemd[1]: Starting Manage, Install and Generate Color Profiles...
3月 31 19:27:43 ubuntu colord[1537]: failed to get edid data: EDID length is too small
3月 31 19:27:43 ubuntu systemd[1]: Started Manage, Install and Generate Color Profiles.
3月 31 19:28:04 ubuntu colord[1537]: failed to get session [pid 1924]: 没有可用的数据
-- Reboot --
3月 31 19:43:36 ubuntu systemd[1]: Starting Manage, Install and Generate Color Profiles...
3月 31 19:43:36 ubuntu colord[1473]: failed to get edid data: EDID length is too small
3月 31 19:43:36 ubuntu systemd[1]: Started Manage, Install and Generate Color Profiles.
3月 31 19:43:51 ubuntu colord[1473]: failed to get session [pid 1857]: 没有可用的数据
3月 31 19:57:56 ubuntu systemd[1]: Stopping Manage, Install and Generate Color Profiles...
3月 31 19:57:56 ubuntu systemd[1]: colord.service: Succeeded.
3月 31 19:57:56 ubuntu systemd[1]: Stopped Manage, Install and Generate Color Profiles.
-- Reboot --
3月 31 19:58:23 ubuntu systemd[1]: Starting Manage, Install and Generate Color Profiles...
3月 31 19:58:23 ubuntu colord[1418]: failed to get edid data: EDID length is too small
3月 31 19:58:23 ubuntu systemd[1]: Started Manage, Install and Generate Color Profiles.
3月 31 20:02:40 ubuntu colord[1418]: failed to get session [pid 1898]: 没有可用的数据
3月 31 20:09:57 ubuntu systemd[1]: Stopping Manage, Install and Generate Color Profiles...
3月 31 20:09:57 ubuntu systemd[1]: colord.service: Succeeded.
3月 31 20:09:57 ubuntu systemd[1]: Stopped Manage, Install and Generate Color Profiles.
-- Reboot --
3月 31 20:24:42 ubuntu systemd[1]: Starting Manage, Install and Generate Color Profiles...
3月 31 20:24:42 ubuntu colord[1518]: failed to get edid data: EDID length is too small
3月 31 20:24:42 ubuntu systemd[1]: Started Manage, Install and Generate Color Profiles.
3月 31 20:25:08 ubuntu colord[1518]: failed to get session [pid 1904]: 没有可用的数据
3月 31 21:06:51 ubuntu systemd[1]: Stopping Manage, Install and Generate Color Profiles...
3月 31 21:06:51 ubuntu systemd[1]: colord.service: Succeeded.
3月 31 21:06:51 ubuntu systemd[1]: Stopped Manage, Install and Generate Color Profiles.
-- Reboot --
4月 02 17:05:10 ubuntu systemd[1]: Starting Manage, Install and Generate Color Profiles...
4月 02 17:05:11 ubuntu colord[1638]: failed to get edid data: EDID length is too small
4月 02 17:05:11 ubuntu systemd[1]: Started Manage, Install and Generate Color Profiles.
4月 02 17:05:22 ubuntu colord[1638]: failed to get session [pid 2021]: 没有可用的数据
4月 02 17:13:52 ubuntu systemd[1]: Stopping Manage, Install and Generate Color Profiles...
4月 02 17:13:52 ubuntu systemd[1]: colord.service: Succeeded.
4月 02 17:13:52 ubuntu systemd[1]: Stopped Manage, Install and Generate Color Profiles.
-- Reboot --
4月 14 20:21:47 ubuntu systemd[1]: Starting Manage, Install and Generate Color Profiles...
4月 14 20:21:47 ubuntu colord[1557]: failed to get edid data: EDID length is too small
4月 14 20:21:47 ubuntu systemd[1]: Started Manage, Install and Generate Color Profiles.
4月 14 20:22:08 ubuntu colord[1557]: failed to get session [pid 1925]: 没有可用的数据
4月 14 20:54:40 ubuntu systemd[1]: Stopping Manage, Install and Generate Color Profiles...
4月 14 20:54:40 ubuntu systemd[1]: colord.service: Succeeded.
4月 14 20:54:40 ubuntu systemd[1]: Stopped Manage, Install and Generate Color Profiles.
-- Reboot --
4月 14 20:55:59 ubuntu systemd[1]: Starting Manage, Install and Generate Color Profiles...
4月 14 20:55:59 ubuntu colord[1531]: failed to get edid data: EDID length is too small
4月 14 20:55:59 ubuntu systemd[1]: Started Manage, Install and Generate Color Profiles.
4月 14 20:56:36 ubuntu colord[1531]: failed to get session [pid 1935]: 没有可用的数据
-- Reboot --
4月 15 22:31:13 ubuntu systemd[1]: Starting Manage, Install and Generate Color Profiles...
4月 15 22:31:13 ubuntu colord[1604]: failed to get edid data: EDID length is too small
4月 15 22:31:13 ubuntu systemd[1]: Started Manage, Install and Generate Color Profiles.
4月 15 22:32:11 ubuntu colord[1604]: failed to get session [pid 1999]: 没有可用的数据
4月 15 22:43:25 ubuntu systemd[1]: Stopping Manage, Install and Generate Color Profiles...
4月 15 22:43:25 ubuntu systemd[1]: colord.service: Succeeded.
4月 15 22:43:25 ubuntu systemd[1]: Stopped Manage, Install and Generate Color Profiles.
-- Reboot --
4月 15 22:43:45 ubuntu systemd[1]: Starting Manage, Install and Generate Color Profiles...
4月 15 22:43:45 ubuntu colord[1421]: failed to get edid data: EDID length is too small
4月 15 22:43:45 ubuntu systemd[1]: Started Manage, Install and Generate Color Profiles.
4月 15 22:57:40 ubuntu colord[1421]: failed to get session [pid 1948]: 没有可用的数据

