-- Logs begin at Sat 2022-01-08 18:32:32 CST, end at Sat 2023-04-15 23:05:42 CST. --
1月 09 21:32:59 ubuntu systemd[1]: Stopping GNOME Display Manager...
1月 09 21:32:59 ubuntu gdm3[977]: Failed to contact accountsservice: 为 org.freedesktop.Accounts 调用 StartServiceByName 出错： Refusing activation, D-Bus is shutting down.
1月 09 21:32:59 ubuntu systemd[1]: gdm.service: Main process exited, code=exited, status=1/FAILURE
1月 09 21:32:59 ubuntu systemd[1]: gdm.service: Failed with result 'exit-code'.
1月 09 21:32:59 ubuntu systemd[1]: Stopped GNOME Display Manager.
1月 09 21:32:59 ubuntu systemd[1]: gdm.service: Triggering OnFailure= dependencies.
1月 09 21:32:59 ubuntu systemd[1]: gdm.service: Failed to enqueue OnFailure= job, ignoring: Transaction for plymouth-quit.service/start is destructive (local-fs-pre.target has 'stop' job queued, but 'start' is included in transaction).
-- Reboot --
1月 09 21:33:15 ubuntu systemd[1]: Starting GNOME Display Manager...
1月 09 21:33:15 ubuntu systemd[1]: Started GNOME Display Manager.
1月 09 21:33:15 ubuntu gdm-launch-environment][987]: pam_unix(gdm-launch-environment:session): session opened for user gdm by (uid=0)
1月 09 21:33:23 ubuntu gdm-password][1485]: gkr-pam: unable to locate daemon control file
1月 09 21:33:23 ubuntu gdm-password][1485]: gkr-pam: stashed password to try later in open session
1月 09 21:33:23 ubuntu gdm-password][1485]: pam_unix(gdm-password:session): session opened for user ree by (uid=0)
1月 09 21:33:23 ubuntu gdm-password][1485]: gkr-pam: gnome-keyring-daemon started properly and unlocked keyring
1月 09 21:33:30 ubuntu gdm3[970]: Child process -1066 was already dead.
-- Reboot --
3月 22 14:03:02 ubuntu systemd[1]: Starting GNOME Display Manager...
3月 22 14:03:02 ubuntu systemd[1]: Started GNOME Display Manager.
3月 22 14:03:02 ubuntu gdm-launch-environment][993]: pam_unix(gdm-launch-environment:session): session opened for user gdm by (uid=0)
3月 22 14:03:13 ubuntu gdm-password][1547]: gkr-pam: unable to locate daemon control file
3月 22 14:03:13 ubuntu gdm-password][1547]: gkr-pam: stashed password to try later in open session
3月 22 14:03:13 ubuntu gdm-password][1547]: pam_unix(gdm-password:session): session opened for user ree by (uid=0)
3月 22 14:03:13 ubuntu gdm-password][1547]: gkr-pam: gnome-keyring-daemon started properly and unlocked keyring
3月 22 14:03:21 ubuntu gdm3[986]: Child process -1133 was already dead.
3月 22 14:13:28 ubuntu systemd[1]: Stopping GNOME Display Manager...
3月 22 14:13:28 ubuntu gdm3[986]: Failed to contact accountsservice: 为 org.freedesktop.Accounts 调用 StartServiceByName 出错： Refusing activation, D-Bus is shutting down.
3月 22 14:13:28 ubuntu systemd[1]: gdm.service: Main process exited, code=exited, status=1/FAILURE
3月 22 14:13:28 ubuntu systemd[1]: gdm.service: Failed with result 'exit-code'.
3月 22 14:13:28 ubuntu systemd[1]: Stopped GNOME Display Manager.
3月 22 14:13:28 ubuntu systemd[1]: gdm.service: Triggering OnFailure= dependencies.
3月 22 14:13:28 ubuntu systemd[1]: gdm.service: Failed to enqueue OnFailure= job, ignoring: Transaction for plymouth-quit.service/start is destructive (local-fs.target has 'stop' job queued, but 'start' is included in transaction).
-- Reboot --
3月 22 14:13:42 ubuntu systemd[1]: Starting GNOME Display Manager...
3月 22 14:13:42 ubuntu systemd[1]: Started GNOME Display Manager.
3月 22 14:13:42 ubuntu gdm-launch-environment][990]: pam_unix(gdm-launch-environment:session): session opened for user gdm by (uid=0)
3月 22 14:16:08 ubuntu gdm-password][1531]: gkr-pam: unable to locate daemon control file
3月 22 14:16:08 ubuntu gdm-password][1531]: gkr-pam: stashed password to try later in open session
3月 22 14:16:08 ubuntu gdm-password][1531]: pam_unix(gdm-password:session): session opened for user ree by (uid=0)
3月 22 14:16:08 ubuntu gdm-password][1531]: gkr-pam: gnome-keyring-daemon started properly and unlocked keyring
3月 22 14:16:16 ubuntu gdm3[975]: Child process -1080 was already dead.
3月 22 14:22:48 ubuntu systemd[1]: Stopping GNOME Display Manager...
3月 22 14:22:48 ubuntu systemd[1]: gdm.service: Main process exited, code=exited, status=1/FAILURE
3月 22 14:22:48 ubuntu systemd[1]: gdm.service: Failed with result 'exit-code'.
3月 22 14:22:48 ubuntu systemd[1]: Stopped GNOME Display Manager.
3月 22 14:22:48 ubuntu systemd[1]: gdm.service: Triggering OnFailure= dependencies.
3月 22 14:22:48 ubuntu systemd[1]: gdm.service: Failed to enqueue OnFailure= job, ignoring: Transaction for plymouth-quit.service/start is destructive (systemd-timesyncd.service has 'stop' job queued, but 'start' is included in transaction).
-- Reboot --
3月 22 16:13:10 ubuntu systemd[1]: Starting GNOME Display Manager...
3月 22 16:13:10 ubuntu systemd[1]: Started GNOME Display Manager.
3月 22 16:13:10 ubuntu gdm-launch-environment][994]: pam_unix(gdm-launch-environment:session): session opened for user gdm by (uid=0)
3月 22 16:13:40 ubuntu gdm-password][1528]: gkr-pam: unable to locate daemon control file
3月 22 16:13:40 ubuntu gdm-password][1528]: gkr-pam: stashed password to try later in open session
3月 22 16:13:40 ubuntu gdm-password][1528]: pam_unix(gdm-password:session): session opened for user ree by (uid=0)
3月 22 16:13:40 ubuntu gdm-password][1528]: gkr-pam: gnome-keyring-daemon started properly and unlocked keyring
3月 22 17:37:59 ubuntu systemd[1]: Stopping GNOME Display Manager...
3月 22 17:37:59 ubuntu gdm3[983]: Failed to contact accountsservice: 为 org.freedesktop.Accounts 调用 StartServiceByName 时出错： Refusing activation, D-Bus is shutting down.
3月 22 17:37:59 ubuntu systemd[1]: gdm.service: Main process exited, code=exited, status=1/FAILURE
3月 22 17:37:59 ubuntu systemd[1]: gdm.service: Failed with result 'exit-code'.
3月 22 17:37:59 ubuntu systemd[1]: Stopped GNOME Display Manager.
3月 22 17:37:59 ubuntu systemd[1]: gdm.service: Triggering OnFailure= dependencies.
3月 22 17:37:59 ubuntu systemd[1]: gdm.service: Failed to enqueue OnFailure= job, ignoring: Transaction for plymouth-quit.service/start is destructive (systemd-modules-load.service has 'stop' job queued, but 'start' is included in transaction).
-- Reboot --
3月 25 10:18:05 ubuntu systemd[1]: Starting GNOME Display Manager...
3月 25 10:18:05 ubuntu systemd[1]: Started GNOME Display Manager.
3月 25 10:18:05 ubuntu gdm-launch-environment][1048]: pam_unix(gdm-launch-environment:session): session opened for user gdm by (uid=0)
3月 25 10:18:24 ubuntu gdm-password][1578]: gkr-pam: unable to locate daemon control file
3月 25 10:18:24 ubuntu gdm-password][1578]: gkr-pam: stashed password to try later in open session
3月 25 10:18:24 ubuntu gdm-password][1578]: pam_unix(gdm-password:session): session opened for user ree by (uid=0)
3月 25 10:18:24 ubuntu gdm-password][1578]: gkr-pam: gnome-keyring-daemon started properly and unlocked keyring
3月 25 10:36:28 ubuntu systemd[1]: Stopping GNOME Display Manager...
3月 25 10:36:29 ubuntu gdm3[1036]: Failed to contact accountsservice: 为 org.freedesktop.Accounts 调用 StartServiceByName 时出错： Refusing activation, D-Bus is shutting down.
3月 25 10:36:29 ubuntu systemd[1]: gdm.service: Main process exited, code=exited, status=1/FAILURE
3月 25 10:36:29 ubuntu systemd[1]: gdm.service: Failed with result 'exit-code'.
3月 25 10:36:29 ubuntu systemd[1]: Stopped GNOME Display Manager.
3月 25 10:36:29 ubuntu systemd[1]: gdm.service: Triggering OnFailure= dependencies.
3月 25 10:36:29 ubuntu systemd[1]: gdm.service: Failed to enqueue OnFailure= job, ignoring: Transaction for plymouth-quit.service/start is destructive (systemd-tmpfiles-setup.service has 'stop' job queued, but 'start' is included in transaction).
-- Reboot --
3月 25 10:45:16 ubuntu systemd[1]: Starting GNOME Display Manager...
3月 25 10:45:16 ubuntu systemd[1]: Started GNOME Display Manager.
3月 25 10:45:16 ubuntu gdm-launch-environment][1024]: pam_unix(gdm-launch-environment:session): session opened for user gdm by (uid=0)
3月 25 10:45:31 ubuntu gdm-password][1563]: gkr-pam: unable to locate daemon control file
3月 25 10:45:31 ubuntu gdm-password][1563]: gkr-pam: stashed password to try later in open session
3月 25 10:45:31 ubuntu gdm-password][1563]: pam_unix(gdm-password:session): session opened for user ree by (uid=0)
3月 25 10:45:31 ubuntu gdm-password][1563]: gkr-pam: gnome-keyring-daemon started properly and unlocked keyring
-- Reboot --
3月 28 10:02:54 ubuntu systemd[1]: Starting GNOME Display Manager...
3月 28 10:02:54 ubuntu systemd[1]: Started GNOME Display Manager.
3月 28 10:02:55 ubuntu gdm-launch-environment][1030]: pam_unix(gdm-launch-environment:session): session opened for user gdm by (uid=0)
3月 28 10:03:10 ubuntu gdm-password][1572]: gkr-pam: unable to locate daemon control file
3月 28 10:03:10 ubuntu gdm-password][1572]: gkr-pam: stashed password to try later in open session
3月 28 10:03:11 ubuntu gdm-password][1572]: pam_unix(gdm-password:session): session opened for user ree by (uid=0)
3月 28 10:03:11 ubuntu gdm-password][1572]: gkr-pam: gnome-keyring-daemon started properly and unlocked keyring
3月 28 10:03:25 ubuntu gdm3[1024]: Child process -1161 was already dead.
-- Reboot --
3月 28 14:59:44 ubuntu systemd[1]: Starting GNOME Display Manager...
3月 28 14:59:44 ubuntu systemd[1]: Started GNOME Display Manager.
3月 28 14:59:45 ubuntu gdm-launch-environment][1008]: pam_unix(gdm-launch-environment:session): session opened for user gdm by (uid=0)
3月 28 15:00:00 ubuntu gdm-password][1544]: gkr-pam: unable to locate daemon control file
3月 28 15:00:00 ubuntu gdm-password][1544]: gkr-pam: stashed password to try later in open session
3月 28 15:00:00 ubuntu gdm-password][1544]: pam_unix(gdm-password:session): session opened for user ree by (uid=0)
3月 28 15:00:01 ubuntu gdm-password][1544]: gkr-pam: gnome-keyring-daemon started properly and unlocked keyring
3月 28 15:00:15 ubuntu gdm3[999]: Child process -1137 was already dead.
3月 28 15:53:54 ubuntu systemd[1]: Stopping GNOME Display Manager...
3月 28 15:53:54 ubuntu gdm3[999]: Failed to contact accountsservice: 为 org.freedesktop.Accounts 调用 StartServiceByName 时出错： Refusing activation, D-Bus is shutting down.
3月 28 15:53:54 ubuntu systemd[1]: gdm.service: Main process exited, code=exited, status=1/FAILURE
3月 28 15:53:54 ubuntu systemd[1]: gdm.service: Failed with result 'exit-code'.
3月 28 15:53:54 ubuntu systemd[1]: Stopped GNOME Display Manager.
3月 28 15:53:54 ubuntu systemd[1]: gdm.service: Triggering OnFailure= dependencies.
3月 28 15:53:54 ubuntu systemd[1]: gdm.service: Failed to enqueue OnFailure= job, ignoring: Transaction for plymouth-quit.service/start is destructive (systemd-ask-password-console.path has 'stop' job queued, but 'start' is included in transaction).
-- Reboot --
3月 28 16:17:46 ubuntu systemd[1]: Starting GNOME Display Manager...
3月 28 16:17:46 ubuntu systemd[1]: Started GNOME Display Manager.
3月 28 16:17:50 ubuntu gdm-launch-environment][906]: pam_unix(gdm-launch-environment:session): session opened for user gdm by (uid=0)
3月 28 16:18:31 ubuntu gdm-password][1446]: gkr-pam: unable to locate daemon control file
3月 28 16:18:31 ubuntu gdm-password][1446]: gkr-pam: stashed password to try later in open session
3月 28 16:18:31 ubuntu gdm-password][1446]: pam_unix(gdm-password:session): session opened for user ree by (uid=0)
3月 28 16:18:31 ubuntu gdm-password][1446]: gkr-pam: gnome-keyring-daemon started properly and unlocked keyring
3月 28 17:29:19 ubuntu systemd[1]: Stopping GNOME Display Manager...
3月 28 17:29:20 ubuntu gdm3[893]: Failed to contact accountsservice: 为 org.freedesktop.Accounts 调用 StartServiceByName 时出错： Refusing activation, D-Bus is shutting down.
3月 28 17:29:20 ubuntu systemd[1]: gdm.service: Main process exited, code=exited, status=1/FAILURE
3月 28 17:29:20 ubuntu systemd[1]: gdm.service: Failed with result 'exit-code'.
3月 28 17:29:20 ubuntu systemd[1]: Stopped GNOME Display Manager.
3月 28 17:29:20 ubuntu systemd[1]: gdm.service: Triggering OnFailure= dependencies.
3月 28 17:29:20 ubuntu systemd[1]: gdm.service: Failed to enqueue OnFailure= job, ignoring: Transaction for plymouth-quit.service/start is destructive (systemd-update-utmp.service has 'stop' job queued, but 'start' is included in transaction).
-- Reboot --
4月 01 10:14:21 ubuntu systemd[1]: Starting GNOME Display Manager...
4月 01 10:14:22 ubuntu systemd[1]: Started GNOME Display Manager.
4月 01 10:14:25 ubuntu gdm-launch-environment][989]: pam_unix(gdm-launch-environment:session): session opened for user gdm by (uid=0)
4月 01 10:14:46 ubuntu gdm-password][1530]: gkr-pam: unable to locate daemon control file
4月 01 10:14:46 ubuntu gdm-password][1530]: gkr-pam: stashed password to try later in open session
4月 01 10:14:46 ubuntu gdm-password][1530]: pam_unix(gdm-password:session): session opened for user ree by (uid=0)
4月 01 10:14:47 ubuntu gdm-password][1530]: gkr-pam: gnome-keyring-daemon started properly and unlocked keyring
4月 01 10:24:19 ubuntu systemd[1]: Stopping GNOME Display Manager...
4月 01 10:24:19 ubuntu gdm3[970]: Failed to contact accountsservice: 为 org.freedesktop.Accounts 调用 StartServiceByName 时出错： Refusing activation, D-Bus is shutting down.
4月 01 10:24:19 ubuntu systemd[1]: gdm.service: Main process exited, code=exited, status=1/FAILURE
4月 01 10:24:19 ubuntu systemd[1]: gdm.service: Failed with result 'exit-code'.
4月 01 10:24:19 ubuntu systemd[1]: Stopped GNOME Display Manager.
4月 01 10:24:19 ubuntu systemd[1]: gdm.service: Triggering OnFailure= dependencies.
4月 01 10:24:19 ubuntu systemd[1]: gdm.service: Failed to enqueue OnFailure= job, ignoring: Transaction for plymouth-quit.service/start is destructive (boot-efi.mount has 'stop' job queued, but 'start' is included in transaction).
-- Reboot --
4月 01 10:25:05 ubuntu systemd[1]: Starting GNOME Display Manager...
4月 01 10:25:05 ubuntu systemd[1]: Started GNOME Display Manager.
4月 01 10:25:06 ubuntu gdm-launch-environment][971]: pam_unix(gdm-launch-environment:session): session opened for user gdm by (uid=0)
4月 01 10:25:22 ubuntu gdm-password][1461]: gkr-pam: unable to locate daemon control file
4月 01 10:25:22 ubuntu gdm-password][1461]: gkr-pam: stashed password to try later in open session
4月 01 10:25:22 ubuntu gdm-password][1461]: pam_unix(gdm-password:session): session opened for user ree by (uid=0)
4月 01 10:25:22 ubuntu gdm-password][1461]: gkr-pam: gnome-keyring-daemon started properly and unlocked keyring
4月 01 12:03:43 ubuntu systemd[1]: Stopping GNOME Display Manager...
4月 01 12:03:43 ubuntu gdm3[961]: Failed to contact accountsservice: 为 org.freedesktop.Accounts 调用 StartServiceByName 时出错： Refusing activation, D-Bus is shutting down.
4月 01 12:03:43 ubuntu systemd[1]: gdm.service: Main process exited, code=exited, status=1/FAILURE
4月 01 12:03:43 ubuntu systemd[1]: gdm.service: Failed with result 'exit-code'.
4月 01 12:03:43 ubuntu systemd[1]: Stopped GNOME Display Manager.
4月 01 12:03:43 ubuntu systemd[1]: gdm.service: Triggering OnFailure= dependencies.
4月 01 12:03:43 ubuntu systemd[1]: gdm.service: Failed to enqueue OnFailure= job, ignoring: Transaction for plymouth-quit.service/start is destructive (systemd-modules-load.service has 'stop' job queued, but 'start' is included in transaction).
-- Reboot --
4月 02 08:51:52 ubuntu systemd[1]: Starting GNOME Display Manager...
4月 02 08:51:52 ubuntu systemd[1]: Started GNOME Display Manager.
4月 02 08:51:55 ubuntu gdm-launch-environment][984]: pam_unix(gdm-launch-environment:session): session opened for user gdm by (uid=0)
4月 02 08:52:07 ubuntu gdm-password][1510]: gkr-pam: unable to locate daemon control file
4月 02 08:52:07 ubuntu gdm-password][1510]: gkr-pam: stashed password to try later in open session
4月 02 08:52:07 ubuntu gdm-password][1510]: pam_unix(gdm-password:session): session opened for user ree by (uid=0)
4月 02 08:52:08 ubuntu gdm-password][1510]: gkr-pam: gnome-keyring-daemon started properly and unlocked keyring
-- Reboot --
4月 02 09:04:37 ubuntu systemd[1]: Starting GNOME Display Manager...
4月 02 09:04:38 ubuntu systemd[1]: Started GNOME Display Manager.
4月 02 09:04:38 ubuntu gdm-launch-environment][961]: pam_unix(gdm-launch-environment:session): session opened for user gdm by (uid=0)
-- Reboot --
4月 02 09:10:28 ubuntu systemd[1]: Starting GNOME Display Manager...
4月 02 09:10:28 ubuntu systemd[1]: Started GNOME Display Manager.
4月 02 09:10:28 ubuntu gdm-launch-environment][973]: pam_unix(gdm-launch-environment:session): session opened for user gdm by (uid=0)
4月 02 09:11:21 ubuntu gdm-password][1506]: gkr-pam: unable to locate daemon control file
4月 02 09:11:21 ubuntu gdm-password][1506]: gkr-pam: stashed password to try later in open session
4月 02 09:11:21 ubuntu gdm-password][1506]: pam_unix(gdm-password:session): session opened for user ree by (uid=0)
4月 02 09:11:21 ubuntu gdm-password][1506]: gkr-pam: gnome-keyring-daemon started properly and unlocked keyring
4月 02 09:29:37 ubuntu systemd[1]: Stopping GNOME Display Manager...
4月 02 09:29:37 ubuntu gdm3[961]: Failed to contact accountsservice: 为 org.freedesktop.Accounts 调用 StartServiceByName 时出错： Refusing activation, D-Bus is shutting down.
4月 02 09:29:37 ubuntu systemd[1]: gdm.service: Main process exited, code=exited, status=1/FAILURE
4月 02 09:29:37 ubuntu systemd[1]: gdm.service: Failed with result 'exit-code'.
4月 02 09:29:37 ubuntu systemd[1]: Stopped GNOME Display Manager.
4月 02 09:29:37 ubuntu systemd[1]: gdm.service: Triggering OnFailure= dependencies.
4月 02 09:29:37 ubuntu systemd[1]: gdm.service: Failed to enqueue OnFailure= job, ignoring: Transaction for plymouth-quit.service/start is destructive (swapfile.swap has 'stop' job queued, but 'start' is included in transaction).
-- Reboot --
4月 02 17:23:00 ubuntu systemd[1]: Starting GNOME Display Manager...
4月 02 17:23:00 ubuntu systemd[1]: Started GNOME Display Manager.
4月 02 17:23:05 ubuntu gdm-launch-environment][891]: pam_unix(gdm-launch-environment:session): session opened for user gdm by (uid=0)
4月 02 17:23:13 ubuntu gdm-password][1411]: gkr-pam: unable to locate daemon control file
4月 02 17:23:13 ubuntu gdm-password][1411]: gkr-pam: stashed password to try later in open session
4月 02 17:23:13 ubuntu gdm-password][1411]: pam_unix(gdm-password:session): session opened for user ree by (uid=0)
4月 02 17:23:13 ubuntu gdm-password][1411]: gkr-pam: gnome-keyring-daemon started properly and unlocked keyring
4月 02 17:51:13 ubuntu systemd[1]: Stopping GNOME Display Manager...
4月 02 17:51:14 ubuntu gdm3[882]: Failed to contact accountsservice: 为 org.freedesktop.Accounts 调用 StartServiceByName 时出错： Refusing activation, D-Bus is shutting down.
4月 02 17:51:14 ubuntu systemd[1]: gdm.service: Main process exited, code=exited, status=1/FAILURE
4月 02 17:51:14 ubuntu systemd[1]: gdm.service: Failed with result 'exit-code'.
4月 02 17:51:14 ubuntu systemd[1]: Stopped GNOME Display Manager.
4月 02 17:51:14 ubuntu systemd[1]: gdm.service: Triggering OnFailure= dependencies.
4月 02 17:51:14 ubuntu systemd[1]: gdm.service: Failed to enqueue OnFailure= job, ignoring: Transaction for plymouth-quit.service/start is destructive (reboot.target has 'start' job queued, but 'stop' is included in transaction).
-- Reboot --
4月 02 17:51:33 ubuntu systemd[1]: Starting GNOME Display Manager...
4月 02 17:51:33 ubuntu systemd[1]: Started GNOME Display Manager.
4月 02 17:51:33 ubuntu gdm-launch-environment][983]: pam_unix(gdm-launch-environment:session): session opened for user gdm by (uid=0)
4月 02 17:51:40 ubuntu gdm-password][1456]: gkr-pam: unable to locate daemon control file
4月 02 17:51:40 ubuntu gdm-password][1456]: gkr-pam: stashed password to try later in open session
4月 02 17:51:40 ubuntu gdm-password][1456]: pam_unix(gdm-password:session): session opened for user ree by (uid=0)
4月 02 17:51:40 ubuntu gdm-password][1456]: gkr-pam: gnome-keyring-daemon started properly and unlocked keyring
4月 02 17:51:48 ubuntu gdm3[974]: Child process -1037 was already dead.
-- Reboot --
4月 06 08:17:17 ubuntu systemd[1]: Starting GNOME Display Manager...
4月 06 08:17:18 ubuntu systemd[1]: Started GNOME Display Manager.
4月 06 08:17:22 ubuntu gdm-launch-environment][988]: pam_unix(gdm-launch-environment:session): session opened for user gdm by (uid=0)
4月 06 08:17:59 ubuntu gdm-password][1532]: gkr-pam: unable to locate daemon control file
4月 06 08:17:59 ubuntu gdm-password][1532]: gkr-pam: stashed password to try later in open session
4月 06 08:17:59 ubuntu gdm-password][1532]: pam_unix(gdm-password:session): session opened for user ree by (uid=0)
4月 06 08:17:59 ubuntu gdm-password][1532]: gkr-pam: gnome-keyring-daemon started properly and unlocked keyring
4月 06 10:26:21 ubuntu systemd[1]: Stopping GNOME Display Manager...
4月 06 10:26:21 ubuntu gdm3[972]: Failed to contact accountsservice: 为 org.freedesktop.Accounts 调用 StartServiceByName 时出错： Refusing activation, D-Bus is shutting down.
4月 06 10:26:21 ubuntu systemd[1]: gdm.service: Main process exited, code=exited, status=1/FAILURE
4月 06 10:26:21 ubuntu systemd[1]: gdm.service: Failed with result 'exit-code'.
4月 06 10:26:21 ubuntu systemd[1]: Stopped GNOME Display Manager.
4月 06 10:26:21 ubuntu systemd[1]: gdm.service: Triggering OnFailure= dependencies.
4月 06 10:26:21 ubuntu systemd[1]: gdm.service: Failed to enqueue OnFailure= job, ignoring: Transaction for plymouth-quit.service/start is destructive (sysinit.target has 'stop' job queued, but 'start' is included in transaction).
-- Reboot --
4月 13 08:09:38 ubuntu systemd[1]: Starting GNOME Display Manager...
4月 13 08:09:38 ubuntu systemd[1]: Started GNOME Display Manager.
4月 13 08:09:48 ubuntu gdm-launch-environment][933]: pam_unix(gdm-launch-environment:session): session opened for user gdm by (uid=0)
4月 13 08:10:03 ubuntu gdm-password][1466]: gkr-pam: unable to locate daemon control file
4月 13 08:10:03 ubuntu gdm-password][1466]: gkr-pam: stashed password to try later in open session
4月 13 08:10:03 ubuntu gdm-password][1466]: pam_unix(gdm-password:session): session opened for user ree by (uid=0)
4月 13 08:10:03 ubuntu gdm-password][1466]: gkr-pam: gnome-keyring-daemon started properly and unlocked keyring
4月 13 08:10:14 ubuntu gdm3[923]: Child process -1060 was already dead.
4月 13 08:30:00 ubuntu systemd[1]: Stopping GNOME Display Manager...
4月 13 08:30:00 ubuntu gdm3[923]: Failed to contact accountsservice: 为 org.freedesktop.Accounts 调用 StartServiceByName 时出错： Refusing activation, D-Bus is shutting down.
4月 13 08:30:00 ubuntu systemd[1]: gdm.service: Main process exited, code=exited, status=1/FAILURE
4月 13 08:30:00 ubuntu systemd[1]: gdm.service: Failed with result 'exit-code'.
4月 13 08:30:00 ubuntu systemd[1]: Stopped GNOME Display Manager.
4月 13 08:30:00 ubuntu systemd[1]: gdm.service: Triggering OnFailure= dependencies.
4月 13 08:30:00 ubuntu systemd[1]: gdm.service: Failed to enqueue OnFailure= job, ignoring: Transaction for plymouth-quit.service/start is destructive (systemd-modules-load.service has 'stop' job queued, but 'start' is included in transaction).
-- Reboot --
4月 13 08:30:20 ubuntu systemd[1]: Starting GNOME Display Manager...
4月 13 08:30:20 ubuntu systemd[1]: Started GNOME Display Manager.
4月 13 08:30:20 ubuntu gdm-launch-environment][962]: pam_unix(gdm-launch-environment:session): session opened for user gdm by (uid=0)
4月 13 08:30:29 ubuntu gdm-password][1448]: gkr-pam: unable to locate daemon control file
4月 13 08:30:29 ubuntu gdm-password][1448]: gkr-pam: stashed password to try later in open session
4月 13 08:30:29 ubuntu gdm-password][1448]: pam_unix(gdm-password:session): session opened for user ree by (uid=0)
4月 13 08:30:29 ubuntu gdm-password][1448]: gkr-pam: gnome-keyring-daemon started properly and unlocked keyring
4月 13 08:30:38 ubuntu gdm3[955]: Child process -1035 was already dead.
-- Reboot --
4月 13 10:23:39 ubuntu systemd[1]: Starting GNOME Display Manager...
4月 13 10:23:40 ubuntu systemd[1]: Started GNOME Display Manager.
4月 13 10:23:41 ubuntu gdm-launch-environment][964]: pam_unix(gdm-launch-environment:session): session opened for user gdm by (uid=0)
4月 13 10:24:15 ubuntu gdm-password][1501]: gkr-pam: unable to locate daemon control file
4月 13 10:24:15 ubuntu gdm-password][1501]: gkr-pam: stashed password to try later in open session
4月 13 10:24:15 ubuntu gdm-password][1501]: pam_unix(gdm-password:session): session opened for user ree by (uid=0)
4月 13 10:24:15 ubuntu gdm-password][1501]: gkr-pam: gnome-keyring-daemon started properly and unlocked keyring
-- Reboot --
4月 13 14:46:33 ubuntu systemd[1]: Starting GNOME Display Manager...
4月 13 14:46:33 ubuntu systemd[1]: Started GNOME Display Manager.
4月 13 14:46:33 ubuntu gdm-launch-environment][894]: pam_unix(gdm-launch-environment:session): session opened for user gdm by (uid=0)
4月 13 14:47:16 ubuntu gdm-password][1435]: gkr-pam: unable to locate daemon control file
4月 13 14:47:16 ubuntu gdm-password][1435]: gkr-pam: stashed password to try later in open session
4月 13 14:47:16 ubuntu gdm-password][1435]: pam_unix(gdm-password:session): session opened for user ree by (uid=0)
4月 13 14:47:16 ubuntu gdm-password][1435]: gkr-pam: gnome-keyring-daemon started properly and unlocked keyring
4月 13 15:21:57 ubuntu systemd[1]: Stopping GNOME Display Manager...
4月 13 15:21:57 ubuntu gdm3[889]: Failed to contact accountsservice: 为 org.freedesktop.Accounts 调用 StartServiceByName 时出错： Refusing activation, D-Bus is shutting down.
4月 13 15:21:57 ubuntu systemd[1]: gdm.service: Main process exited, code=exited, status=1/FAILURE
4月 13 15:21:57 ubuntu systemd[1]: gdm.service: Failed with result 'exit-code'.
4月 13 15:21:57 ubuntu systemd[1]: Stopped GNOME Display Manager.
4月 13 15:21:57 ubuntu systemd[1]: gdm.service: Triggering OnFailure= dependencies.
4月 13 15:21:57 ubuntu systemd[1]: gdm.service: Failed to enqueue OnFailure= job, ignoring: Transaction for plymouth-quit.service/start is destructive (systemd-modules-load.service has 'stop' job queued, but 'start' is included in transaction).
-- Reboot --
4月 15 10:17:00 ubuntu systemd[1]: Starting GNOME Display Manager...
4月 15 10:17:00 ubuntu systemd[1]: Started GNOME Display Manager.
4月 15 10:17:00 ubuntu gdm-launch-environment][945]: pam_unix(gdm-launch-environment:session): session opened for user gdm by (uid=0)
4月 15 10:18:58 ubuntu gdm-password][1550]: gkr-pam: unable to locate daemon control file
4月 15 10:18:58 ubuntu gdm-password][1550]: gkr-pam: stashed password to try later in open session
4月 15 10:18:58 ubuntu gdm-password][1550]: pam_unix(gdm-password:session): session opened for user ree by (uid=0)
4月 15 10:18:58 ubuntu gdm-password][1550]: gkr-pam: gnome-keyring-daemon started properly and unlocked keyring
4月 15 10:19:08 ubuntu gdm3[937]: Child process -1054 was already dead.
-- Reboot --
4月 20 08:14:45 ubuntu systemd[1]: Starting GNOME Display Manager...
4月 20 08:14:46 ubuntu systemd[1]: Started GNOME Display Manager.
4月 20 08:14:46 ubuntu gdm-launch-environment][985]: pam_unix(gdm-launch-environment:session): session opened for user gdm by (uid=0)
4月 20 08:15:42 ubuntu gdm-password][1537]: gkr-pam: unable to locate daemon control file
4月 20 08:15:42 ubuntu gdm-password][1537]: gkr-pam: stashed password to try later in open session
4月 20 08:15:42 ubuntu gdm-password][1537]: pam_unix(gdm-password:session): session opened for user ree by (uid=0)
4月 20 08:15:42 ubuntu gdm-password][1537]: gkr-pam: gnome-keyring-daemon started properly and unlocked keyring
4月 20 08:22:49 ubuntu systemd[1]: Stopping GNOME Display Manager...
4月 20 08:22:49 ubuntu gdm3[972]: Failed to contact accountsservice: 为 org.freedesktop.Accounts 调用 StartServiceByName 时出错： Refusing activation, D-Bus is shutting down.
4月 20 08:22:49 ubuntu systemd[1]: gdm.service: Main process exited, code=exited, status=1/FAILURE
4月 20 08:22:49 ubuntu systemd[1]: gdm.service: Failed with result 'exit-code'.
4月 20 08:22:49 ubuntu systemd[1]: Stopped GNOME Display Manager.
4月 20 08:22:49 ubuntu systemd[1]: gdm.service: Triggering OnFailure= dependencies.
4月 20 08:22:49 ubuntu systemd[1]: gdm.service: Failed to enqueue OnFailure= job, ignoring: Transaction for plymouth-quit.service/start is destructive (systemd-ask-password-console.path has 'stop' job queued, but 'start' is included in transaction).
-- Reboot --
4月 20 08:23:05 ubuntu systemd[1]: Starting GNOME Display Manager...
4月 20 08:23:05 ubuntu systemd[1]: Started GNOME Display Manager.
4月 20 08:23:06 ubuntu gdm-launch-environment][931]: pam_unix(gdm-launch-environment:session): session opened for user gdm by (uid=0)
4月 20 08:23:14 ubuntu gdm-password][1410]: gkr-pam: unable to locate daemon control file
4月 20 08:23:14 ubuntu gdm-password][1410]: gkr-pam: stashed password to try later in open session
4月 20 08:23:14 ubuntu gdm-password][1410]: pam_unix(gdm-password:session): session opened for user ree by (uid=0)
4月 20 08:23:14 ubuntu gdm-password][1410]: gkr-pam: gnome-keyring-daemon started properly and unlocked keyring
-- Reboot --
4月 27 08:18:21 ubuntu systemd[1]: Starting GNOME Display Manager...
4月 27 08:18:21 ubuntu systemd[1]: Started GNOME Display Manager.
4月 27 08:18:22 ubuntu gdm-launch-environment][914]: pam_unix(gdm-launch-environment:session): session opened for user gdm by (uid=0)
4月 27 08:18:47 ubuntu gdm-password][1454]: gkr-pam: unable to locate daemon control file
4月 27 08:18:47 ubuntu gdm-password][1454]: gkr-pam: stashed password to try later in open session
4月 27 08:18:47 ubuntu gdm-password][1454]: pam_unix(gdm-password:session): session opened for user ree by (uid=0)
4月 27 08:18:48 ubuntu gdm-password][1454]: gkr-pam: gnome-keyring-daemon started properly and unlocked keyring
4月 27 08:18:56 ubuntu gdm3[903]: Child process -1048 was already dead.
4月 27 10:50:15 ubuntu systemd[1]: Stopping GNOME Display Manager...
4月 27 10:50:16 ubuntu gdm3[903]: Failed to contact accountsservice: 为 org.freedesktop.Accounts 调用 StartServiceByName 时出错： Refusing activation, D-Bus is shutting down.
4月 27 10:50:16 ubuntu systemd[1]: gdm.service: Main process exited, code=exited, status=1/FAILURE
4月 27 10:50:16 ubuntu systemd[1]: gdm.service: Failed with result 'exit-code'.
4月 27 10:50:16 ubuntu systemd[1]: Stopped GNOME Display Manager.
4月 27 10:50:16 ubuntu systemd[1]: gdm.service: Triggering OnFailure= dependencies.
4月 27 10:50:16 ubuntu systemd[1]: gdm.service: Failed to enqueue OnFailure= job, ignoring: Transaction for plymouth-quit.service/start is destructive (systemd-poweroff.service has 'start' job queued, but 'stop' is included in transaction).
-- Reboot --
4月 27 11:07:09 ubuntu systemd[1]: Starting GNOME Display Manager...
4月 27 11:07:09 ubuntu systemd[1]: Started GNOME Display Manager.
4月 27 11:07:10 ubuntu gdm-launch-environment][966]: pam_unix(gdm-launch-environment:session): session opened for user gdm by (uid=0)
4月 27 11:07:28 ubuntu gdm-password][1506]: gkr-pam: unable to locate daemon control file
4月 27 11:07:28 ubuntu gdm-password][1506]: gkr-pam: stashed password to try later in open session
4月 27 11:07:28 ubuntu gdm-password][1506]: pam_unix(gdm-password:session): session opened for user ree by (uid=0)
4月 27 11:07:28 ubuntu gdm-password][1506]: gkr-pam: gnome-keyring-daemon started properly and unlocked keyring
4月 27 11:07:37 ubuntu gdm3[957]: Child process -1087 was already dead.
4月 27 11:20:10 ubuntu systemd[1]: Stopping GNOME Display Manager...
4月 27 11:20:10 ubuntu gdm3[957]: Failed to contact accountsservice: 为 org.freedesktop.Accounts 调用 StartServiceByName 时出错： Refusing activation, D-Bus is shutting down.
4月 27 11:20:10 ubuntu systemd[1]: gdm.service: Main process exited, code=exited, status=1/FAILURE
4月 27 11:20:10 ubuntu systemd[1]: gdm.service: Failed with result 'exit-code'.
4月 27 11:20:10 ubuntu systemd[1]: Stopped GNOME Display Manager.
4月 27 11:20:10 ubuntu systemd[1]: gdm.service: Triggering OnFailure= dependencies.
4月 27 11:20:10 ubuntu systemd[1]: gdm.service: Failed to enqueue OnFailure= job, ignoring: Transaction for plymouth-quit.service/start is destructive (boot-efi.mount has 'stop' job queued, but 'start' is included in transaction).
-- Reboot --
4月 27 14:11:31 ubuntu systemd[1]: Starting GNOME Display Manager...
4月 27 14:11:31 ubuntu systemd[1]: Started GNOME Display Manager.
4月 27 14:11:31 ubuntu gdm-launch-environment][954]: pam_unix(gdm-launch-environment:session): session opened for user gdm by (uid=0)
4月 27 14:11:41 ubuntu gdm-password][1485]: gkr-pam: unable to locate daemon control file
4月 27 14:11:41 ubuntu gdm-password][1485]: gkr-pam: stashed password to try later in open session
4月 27 14:11:41 ubuntu gdm-password][1485]: pam_unix(gdm-password:session): session opened for user ree by (uid=0)
4月 27 14:11:41 ubuntu gdm-password][1485]: gkr-pam: gnome-keyring-daemon started properly and unlocked keyring
4月 27 15:04:59 ubuntu systemd[1]: Stopping GNOME Display Manager...
4月 27 15:04:59 ubuntu gdm3[949]: Failed to contact accountsservice: 为 org.freedesktop.Accounts 调用 StartServiceByName 时出错： Refusing activation, D-Bus is shutting down.
4月 27 15:04:59 ubuntu systemd[1]: gdm.service: Main process exited, code=exited, status=1/FAILURE
4月 27 15:04:59 ubuntu systemd[1]: gdm.service: Failed with result 'exit-code'.
4月 27 15:04:59 ubuntu systemd[1]: Stopped GNOME Display Manager.
4月 27 15:04:59 ubuntu systemd[1]: gdm.service: Triggering OnFailure= dependencies.
4月 27 15:04:59 ubuntu systemd[1]: gdm.service: Failed to enqueue OnFailure= job, ignoring: Transaction for plymouth-quit.service/start is destructive (boot-efi.mount has 'stop' job queued, but 'start' is included in transaction).
-- Reboot --
4月 27 15:05:19 ubuntu systemd[1]: Starting GNOME Display Manager...
4月 27 15:05:19 ubuntu systemd[1]: Started GNOME Display Manager.
4月 27 15:05:19 ubuntu gdm-launch-environment][933]: pam_unix(gdm-launch-environment:session): session opened for user gdm by (uid=0)
4月 27 15:05:51 ubuntu gdm-password][1418]: gkr-pam: unable to locate daemon control file
4月 27 15:05:51 ubuntu gdm-password][1418]: gkr-pam: stashed password to try later in open session
4月 27 15:05:51 ubuntu gdm-password][1418]: pam_unix(gdm-password:session): session opened for user ree by (uid=0)
4月 27 15:05:51 ubuntu gdm-password][1418]: gkr-pam: gnome-keyring-daemon started properly and unlocked keyring
4月 27 15:06:00 ubuntu gdm3[928]: Child process -1007 was already dead.
4月 27 16:02:17 ubuntu systemd[1]: Stopping GNOME Display Manager...
4月 27 16:02:17 ubuntu gdm3[928]: Failed to contact accountsservice: 为 org.freedesktop.Accounts 调用 StartServiceByName 时出错： Refusing activation, D-Bus is shutting down.
4月 27 16:02:17 ubuntu systemd[1]: gdm.service: Main process exited, code=exited, status=1/FAILURE
4月 27 16:02:17 ubuntu systemd[1]: gdm.service: Failed with result 'exit-code'.
4月 27 16:02:17 ubuntu systemd[1]: Stopped GNOME Display Manager.
4月 27 16:02:17 ubuntu systemd[1]: gdm.service: Triggering OnFailure= dependencies.
4月 27 16:02:17 ubuntu systemd[1]: gdm.service: Failed to enqueue OnFailure= job, ignoring: Transaction for plymouth-quit.service/start is destructive (systemd-poweroff.service has 'start' job queued, but 'stop' is included in transaction).
-- Reboot --
4月 28 21:00:47 ubuntu systemd[1]: Starting GNOME Display Manager...
4月 28 21:00:47 ubuntu systemd[1]: Started GNOME Display Manager.
4月 28 21:00:49 ubuntu gdm-launch-environment][998]: pam_unix(gdm-launch-environment:session): session opened for user gdm by (uid=0)
4月 28 21:01:13 ubuntu gdm-password][1536]: gkr-pam: unable to locate daemon control file
4月 28 21:01:13 ubuntu gdm-password][1536]: gkr-pam: stashed password to try later in open session
4月 28 21:01:13 ubuntu gdm-password][1536]: pam_unix(gdm-password:session): session opened for user ree by (uid=0)
4月 28 21:01:13 ubuntu gdm-password][1536]: gkr-pam: gnome-keyring-daemon started properly and unlocked keyring
4月 28 21:01:21 ubuntu gdm3[983]: Child process -1123 was already dead.
4月 28 21:01:50 ubuntu systemd[1]: Stopping GNOME Display Manager...
4月 28 21:01:50 ubuntu gdm3[983]: Failed to contact accountsservice: 为 org.freedesktop.Accounts 调用 StartServiceByName 时出错： Refusing activation, D-Bus is shutting down.
4月 28 21:01:50 ubuntu systemd[1]: gdm.service: Main process exited, code=exited, status=1/FAILURE
4月 28 21:01:50 ubuntu systemd[1]: gdm.service: Failed with result 'exit-code'.
4月 28 21:01:50 ubuntu systemd[1]: Stopped GNOME Display Manager.
4月 28 21:01:50 ubuntu systemd[1]: gdm.service: Triggering OnFailure= dependencies.
4月 28 21:01:50 ubuntu systemd[1]: gdm.service: Failed to enqueue OnFailure= job, ignoring: Transaction for plymouth-quit.service/start is destructive (systemd-remount-fs.service has 'stop' job queued, but 'start' is included in transaction).
-- Reboot --
5月 06 10:06:15 ubuntu systemd[1]: Starting GNOME Display Manager...
5月 06 10:06:15 ubuntu systemd[1]: Started GNOME Display Manager.
5月 06 10:06:18 ubuntu gdm-launch-environment][1006]: pam_unix(gdm-launch-environment:session): session opened for user gdm by (uid=0)
5月 06 10:06:28 ubuntu gdm-password][1533]: gkr-pam: unable to locate daemon control file
5月 06 10:06:28 ubuntu gdm-password][1533]: gkr-pam: stashed password to try later in open session
5月 06 10:06:28 ubuntu gdm-password][1533]: pam_unix(gdm-password:session): session opened for user ree by (uid=0)
5月 06 10:06:28 ubuntu gdm-password][1533]: gkr-pam: gnome-keyring-daemon started properly and unlocked keyring
5月 06 10:17:23 ubuntu systemd[1]: Stopping GNOME Display Manager...
5月 06 10:17:23 ubuntu gdm3[998]: Failed to contact accountsservice: 为 org.freedesktop.Accounts 调用 StartServiceByName 时出错： Refusing activation, D-Bus is shutting down.
5月 06 10:17:23 ubuntu systemd[1]: gdm.service: Main process exited, code=exited, status=1/FAILURE
5月 06 10:17:23 ubuntu systemd[1]: gdm.service: Failed with result 'exit-code'.
5月 06 10:17:23 ubuntu systemd[1]: Stopped GNOME Display Manager.
5月 06 10:17:23 ubuntu systemd[1]: gdm.service: Triggering OnFailure= dependencies.
5月 06 10:17:23 ubuntu systemd[1]: gdm.service: Failed to enqueue OnFailure= job, ignoring: Transaction for plymouth-quit.service/start is destructive (shutdown.target has 'start' job queued, but 'stop' is included in transaction).
-- Reboot --
5月 06 10:17:46 ubuntu systemd[1]: Starting GNOME Display Manager...
5月 06 10:17:46 ubuntu systemd[1]: Started GNOME Display Manager.
5月 06 10:17:46 ubuntu gdm-launch-environment][916]: pam_unix(gdm-launch-environment:session): session opened for user gdm by (uid=0)
5月 06 10:18:00 ubuntu gdm-password][1422]: gkr-pam: unable to locate daemon control file
5月 06 10:18:00 ubuntu gdm-password][1422]: gkr-pam: stashed password to try later in open session
5月 06 10:18:00 ubuntu gdm-password][1422]: pam_unix(gdm-password:session): session opened for user ree by (uid=0)
5月 06 10:18:00 ubuntu gdm-password][1422]: gkr-pam: gnome-keyring-daemon started properly and unlocked keyring
5月 06 10:18:08 ubuntu gdm3[910]: Child process -994 was already dead.
5月 06 11:20:32 ubuntu systemd[1]: Stopping GNOME Display Manager...
5月 06 11:20:32 ubuntu gdm3[910]: Failed to contact accountsservice: 为 org.freedesktop.Accounts 调用 StartServiceByName 时出错： Refusing activation, D-Bus is shutting down.
5月 06 11:20:32 ubuntu systemd[1]: gdm.service: Main process exited, code=exited, status=1/FAILURE
5月 06 11:20:32 ubuntu systemd[1]: gdm.service: Failed with result 'exit-code'.
5月 06 11:20:32 ubuntu systemd[1]: Stopped GNOME Display Manager.
5月 06 11:20:32 ubuntu systemd[1]: gdm.service: Triggering OnFailure= dependencies.
5月 06 11:20:32 ubuntu systemd[1]: gdm.service: Failed to enqueue OnFailure= job, ignoring: Transaction for plymouth-quit.service/start is destructive (systemd-tmpfiles-setup-dev.service has 'stop' job queued, but 'start' is included in transaction).
-- Reboot --
5月 07 08:13:43 ubuntu systemd[1]: Starting GNOME Display Manager...
5月 07 08:13:43 ubuntu systemd[1]: Started GNOME Display Manager.
5月 07 08:13:51 ubuntu gdm-launch-environment][955]: pam_unix(gdm-launch-environment:session): session opened for user gdm by (uid=0)
5月 07 08:14:00 ubuntu gdm-password][1485]: gkr-pam: unable to locate daemon control file
5月 07 08:14:00 ubuntu gdm-password][1485]: gkr-pam: stashed password to try later in open session
5月 07 08:14:00 ubuntu gdm-password][1485]: pam_unix(gdm-password:session): session opened for user ree by (uid=0)
5月 07 08:14:01 ubuntu gdm-password][1485]: gkr-pam: gnome-keyring-daemon started properly and unlocked keyring
-- Reboot --
5月 08 14:53:46 ubuntu systemd[1]: Starting GNOME Display Manager...
5月 08 14:53:46 ubuntu systemd[1]: Started GNOME Display Manager.
5月 08 14:53:46 ubuntu gdm-launch-environment][936]: pam_unix(gdm-launch-environment:session): session opened for user gdm by (uid=0)
5月 08 14:54:04 ubuntu gdm-password][1461]: gkr-pam: unable to locate daemon control file
5月 08 14:54:04 ubuntu gdm-password][1461]: gkr-pam: stashed password to try later in open session
5月 08 14:54:04 ubuntu gdm-password][1461]: pam_unix(gdm-password:session): session opened for user ree by (uid=0)
5月 08 14:54:04 ubuntu gdm-password][1461]: gkr-pam: gnome-keyring-daemon started properly and unlocked keyring
5月 08 14:54:13 ubuntu gdm3[925]: Child process -1063 was already dead.
5月 08 14:55:08 ubuntu systemd[1]: Stopping GNOME Display Manager...
5月 08 14:55:08 ubuntu gdm3[925]: Failed to contact accountsservice: 为 org.freedesktop.Accounts 调用 StartServiceByName 时出错： Refusing activation, D-Bus is shutting down.
5月 08 14:55:08 ubuntu systemd[1]: gdm.service: Main process exited, code=exited, status=1/FAILURE
5月 08 14:55:08 ubuntu systemd[1]: gdm.service: Failed with result 'exit-code'.
5月 08 14:55:08 ubuntu systemd[1]: Stopped GNOME Display Manager.
5月 08 14:55:08 ubuntu systemd[1]: gdm.service: Triggering OnFailure= dependencies.
5月 08 14:55:08 ubuntu systemd[1]: gdm.service: Failed to enqueue OnFailure= job, ignoring: Transaction for plymouth-quit.service/start is destructive (systemd-poweroff.service has 'start' job queued, but 'stop' is included in transaction).
-- Reboot --
5月 08 15:54:11 ubuntu systemd[1]: Starting GNOME Display Manager...
5月 08 15:54:11 ubuntu systemd[1]: Started GNOME Display Manager.
5月 08 15:54:22 ubuntu gdm-launch-environment][904]: pam_unix(gdm-launch-environment:session): session opened for user gdm by (uid=0)
5月 08 15:54:48 ubuntu gdm-password][1435]: gkr-pam: unable to locate daemon control file
5月 08 15:54:48 ubuntu gdm-password][1435]: gkr-pam: stashed password to try later in open session
5月 08 15:54:48 ubuntu gdm-password][1435]: pam_unix(gdm-password:session): session opened for user ree by (uid=0)
5月 08 15:54:48 ubuntu gdm-password][1435]: gkr-pam: gnome-keyring-daemon started properly and unlocked keyring
5月 08 15:54:55 ubuntu gdm3[898]: Child process -1031 was already dead.
5月 08 16:26:55 ubuntu systemd[1]: Stopping GNOME Display Manager...
5月 08 16:26:55 ubuntu gdm3[898]: Failed to contact accountsservice: 为 org.freedesktop.Accounts 调用 StartServiceByName 时出错： Refusing activation, D-Bus is shutting down.
5月 08 16:26:55 ubuntu systemd[1]: gdm.service: Main process exited, code=exited, status=1/FAILURE
5月 08 16:26:55 ubuntu systemd[1]: gdm.service: Failed with result 'exit-code'.
5月 08 16:26:55 ubuntu systemd[1]: Stopped GNOME Display Manager.
5月 08 16:26:55 ubuntu systemd[1]: gdm.service: Triggering OnFailure= dependencies.
5月 08 16:26:55 ubuntu systemd[1]: gdm.service: Failed to enqueue OnFailure= job, ignoring: Transaction for plymouth-quit.service/start is destructive (systemd-update-utmp.service has 'stop' job queued, but 'start' is included in transaction).
-- Reboot --
5月 08 16:27:21 ubuntu systemd[1]: Starting GNOME Display Manager...
5月 08 16:27:21 ubuntu systemd[1]: Started GNOME Display Manager.
5月 08 16:27:22 ubuntu gdm-launch-environment][962]: pam_unix(gdm-launch-environment:session): session opened for user gdm by (uid=0)
5月 08 16:27:30 ubuntu gdm-password][1481]: gkr-pam: unable to locate daemon control file
5月 08 16:27:30 ubuntu gdm-password][1481]: gkr-pam: stashed password to try later in open session
5月 08 16:27:30 ubuntu gdm-password][1481]: pam_unix(gdm-password:session): session opened for user ree by (uid=0)
5月 08 16:27:30 ubuntu gdm-password][1481]: gkr-pam: gnome-keyring-daemon started properly and unlocked keyring
5月 08 16:27:37 ubuntu gdm3[953]: Child process -1040 was already dead.
5月 08 17:02:55 ubuntu systemd[1]: Stopping GNOME Display Manager...
5月 08 17:02:55 ubuntu gdm3[953]: Failed to contact accountsservice: 为 org.freedesktop.Accounts 调用 StartServiceByName 时出错： Refusing activation, D-Bus is shutting down.
5月 08 17:02:55 ubuntu systemd[1]: gdm.service: Main process exited, code=exited, status=1/FAILURE
5月 08 17:02:55 ubuntu systemd[1]: gdm.service: Failed with result 'exit-code'.
5月 08 17:02:55 ubuntu systemd[1]: Stopped GNOME Display Manager.
5月 08 17:02:55 ubuntu systemd[1]: gdm.service: Triggering OnFailure= dependencies.
5月 08 17:02:55 ubuntu systemd[1]: gdm.service: Failed to enqueue OnFailure= job, ignoring: Transaction for plymouth-quit.service/start is destructive (systemd-tmpfiles-setup-dev.service has 'stop' job queued, but 'start' is included in transaction).
-- Reboot --
5月 14 20:51:43 ubuntu systemd[1]: Starting GNOME Display Manager...
5月 14 20:51:43 ubuntu systemd[1]: Started GNOME Display Manager.
5月 14 20:51:53 ubuntu gdm-launch-environment][1020]: pam_unix(gdm-launch-environment:session): session opened for user gdm by (uid=0)
5月 14 20:52:05 ubuntu gdm-password][1585]: gkr-pam: unable to locate daemon control file
5月 14 20:52:05 ubuntu gdm-password][1585]: gkr-pam: stashed password to try later in open session
5月 14 20:52:05 ubuntu gdm-password][1585]: pam_unix(gdm-password:session): session opened for user ree by (uid=0)
5月 14 20:52:05 ubuntu gdm-password][1585]: gkr-pam: gnome-keyring-daemon started properly and unlocked keyring
-- Reboot --
5月 15 00:06:13 ubuntu systemd[1]: Starting GNOME Display Manager...
5月 15 00:06:13 ubuntu systemd[1]: Started GNOME Display Manager.
5月 15 00:06:15 ubuntu gdm-launch-environment][1000]: pam_unix(gdm-launch-environment:session): session opened for user gdm by (uid=0)
5月 15 00:06:52 ubuntu gdm-password][1619]: gkr-pam: unable to locate daemon control file
5月 15 00:06:52 ubuntu gdm-password][1619]: gkr-pam: stashed password to try later in open session
5月 15 00:06:52 ubuntu gdm-password][1619]: pam_unix(gdm-password:session): session opened for user ree by (uid=0)
5月 15 00:06:52 ubuntu gdm-password][1619]: gkr-pam: gnome-keyring-daemon started properly and unlocked keyring
5月 15 00:07:01 ubuntu gdm3[990]: Child process -1128 was already dead.
5月 15 00:09:00 ubuntu systemd[1]: Stopping GNOME Display Manager...
5月 15 00:09:00 ubuntu gdm3[990]: Failed to contact accountsservice: 为 org.freedesktop.Accounts 调用 StartServiceByName 时出错： Refusing activation, D-Bus is shutting down.
5月 15 00:09:00 ubuntu systemd[1]: gdm.service: Main process exited, code=exited, status=1/FAILURE
5月 15 00:09:00 ubuntu systemd[1]: gdm.service: Failed with result 'exit-code'.
5月 15 00:09:00 ubuntu systemd[1]: Stopped GNOME Display Manager.
5月 15 00:09:00 ubuntu systemd[1]: gdm.service: Triggering OnFailure= dependencies.
5月 15 00:09:00 ubuntu systemd[1]: gdm.service: Failed to enqueue OnFailure= job, ignoring: Transaction for plymouth-quit.service/start is destructive (cryptsetup.target has 'stop' job queued, but 'start' is included in transaction).
-- Reboot --
5月 15 00:15:06 ubuntu systemd[1]: Starting GNOME Display Manager...
5月 15 00:15:06 ubuntu systemd[1]: Started GNOME Display Manager.
5月 15 00:15:09 ubuntu gdm-launch-environment][1000]: pam_unix(gdm-launch-environment:session): session opened for user gdm by (uid=0)
5月 15 00:15:23 ubuntu gdm-password][1570]: gkr-pam: unable to locate daemon control file
5月 15 00:15:23 ubuntu gdm-password][1570]: gkr-pam: stashed password to try later in open session
5月 15 00:15:23 ubuntu gdm-password][1570]: pam_unix(gdm-password:session): session opened for user ree by (uid=0)
5月 15 00:15:23 ubuntu gdm-password][1570]: gkr-pam: gnome-keyring-daemon started properly and unlocked keyring
5月 15 00:17:56 ubuntu systemd[1]: Stopping GNOME Display Manager...
5月 15 00:17:56 ubuntu gdm3[994]: Failed to contact accountsservice: 为 org.freedesktop.Accounts 调用 StartServiceByName 时出错： Refusing activation, D-Bus is shutting down.
5月 15 00:17:56 ubuntu systemd[1]: gdm.service: Main process exited, code=exited, status=1/FAILURE
5月 15 00:17:56 ubuntu systemd[1]: gdm.service: Failed with result 'exit-code'.
5月 15 00:17:56 ubuntu systemd[1]: Stopped GNOME Display Manager.
5月 15 00:17:56 ubuntu systemd[1]: gdm.service: Triggering OnFailure= dependencies.
5月 15 00:17:56 ubuntu systemd[1]: gdm.service: Failed to enqueue OnFailure= job, ignoring: Transaction for plymouth-quit.service/start is destructive (systemd-modules-load.service has 'stop' job queued, but 'start' is included in transaction).
-- Reboot --
5月 15 10:43:40 ubuntu systemd[1]: Starting GNOME Display Manager...
5月 15 10:43:40 ubuntu systemd[1]: Started GNOME Display Manager.
5月 15 10:43:40 ubuntu gdm-launch-environment][1026]: pam_unix(gdm-launch-environment:session): session opened for user gdm by (uid=0)
5月 15 10:44:05 ubuntu gdm-password][1616]: gkr-pam: unable to locate daemon control file
5月 15 10:44:05 ubuntu gdm-password][1616]: gkr-pam: stashed password to try later in open session
5月 15 10:44:05 ubuntu gdm-password][1616]: pam_unix(gdm-password:session): session opened for user ree by (uid=0)
5月 15 10:44:05 ubuntu gdm-password][1616]: gkr-pam: gnome-keyring-daemon started properly and unlocked keyring
5月 15 10:44:14 ubuntu gdm3[1022]: Child process -1121 was already dead.
5月 15 13:21:32 ubuntu systemd[1]: Stopping GNOME Display Manager...
5月 15 13:21:32 ubuntu gdm3[1022]: Failed to contact accountsservice: 为 org.freedesktop.Accounts 调用 StartServiceByName 时出错： Refusing activation, D-Bus is shutting down.
5月 15 13:21:32 ubuntu systemd[1]: gdm.service: Main process exited, code=exited, status=1/FAILURE
5月 15 13:21:32 ubuntu systemd[1]: gdm.service: Failed with result 'exit-code'.
5月 15 13:21:32 ubuntu systemd[1]: Stopped GNOME Display Manager.
5月 15 13:21:32 ubuntu systemd[1]: gdm.service: Triggering OnFailure= dependencies.
5月 15 13:21:32 ubuntu systemd[1]: gdm.service: Failed to enqueue OnFailure= job, ignoring: Transaction for plymouth-quit.service/start is destructive (time-set.target has 'stop' job queued, but 'start' is included in transaction).
-- Reboot --
5月 15 15:15:41 ubuntu systemd[1]: Starting GNOME Display Manager...
5月 15 15:15:41 ubuntu systemd[1]: Started GNOME Display Manager.
5月 15 15:15:41 ubuntu gdm-launch-environment][980]: pam_unix(gdm-launch-environment:session): session opened for user gdm by (uid=0)
5月 15 15:15:55 ubuntu gdm-password][1577]: gkr-pam: unable to locate daemon control file
5月 15 15:15:55 ubuntu gdm-password][1577]: gkr-pam: stashed password to try later in open session
5月 15 15:15:55 ubuntu gdm-password][1577]: pam_unix(gdm-password:session): session opened for user ree by (uid=0)
5月 15 15:15:55 ubuntu gdm-password][1577]: gkr-pam: gnome-keyring-daemon started properly and unlocked keyring
5月 15 15:16:04 ubuntu gdm3[972]: Child process -1127 was already dead.
5月 15 15:16:43 ubuntu systemd[1]: Stopping GNOME Display Manager...
5月 15 15:16:44 ubuntu gdm3[972]: Failed to contact accountsservice: 为 org.freedesktop.Accounts 调用 StartServiceByName 时出错： Refusing activation, D-Bus is shutting down.
5月 15 15:16:44 ubuntu systemd[1]: gdm.service: Main process exited, code=exited, status=1/FAILURE
5月 15 15:16:44 ubuntu systemd[1]: gdm.service: Failed with result 'exit-code'.
5月 15 15:16:44 ubuntu systemd[1]: Stopped GNOME Display Manager.
5月 15 15:16:44 ubuntu systemd[1]: gdm.service: Triggering OnFailure= dependencies.
5月 15 15:16:44 ubuntu systemd[1]: gdm.service: Failed to enqueue OnFailure= job, ignoring: Transaction for plymouth-quit.service/start is destructive (systemd-update-utmp.service has 'stop' job queued, but 'start' is included in transaction).
-- Reboot --
5月 15 16:28:27 ubuntu systemd[1]: Starting GNOME Display Manager...
5月 15 16:28:27 ubuntu systemd[1]: Started GNOME Display Manager.
5月 15 16:28:27 ubuntu gdm-launch-environment][975]: pam_unix(gdm-launch-environment:session): session opened for user gdm by (uid=0)
5月 15 16:28:40 ubuntu gdm-password][1582]: gkr-pam: unable to locate daemon control file
5月 15 16:28:40 ubuntu gdm-password][1582]: gkr-pam: stashed password to try later in open session
5月 15 16:28:40 ubuntu gdm-password][1582]: pam_unix(gdm-password:session): session opened for user ree by (uid=0)
5月 15 16:28:40 ubuntu gdm-password][1582]: gkr-pam: gnome-keyring-daemon started properly and unlocked keyring
5月 15 16:28:50 ubuntu gdm3[963]: Child process -1130 was already dead.
5月 15 17:59:27 ubuntu systemd[1]: Stopping GNOME Display Manager...
5月 15 17:59:27 ubuntu gdm3[963]: Failed to contact accountsservice: 为 org.freedesktop.Accounts 调用 StartServiceByName 时出错： Refusing activation, D-Bus is shutting down.
5月 15 17:59:27 ubuntu systemd[1]: gdm.service: Main process exited, code=exited, status=1/FAILURE
5月 15 17:59:27 ubuntu systemd[1]: gdm.service: Failed with result 'exit-code'.
5月 15 17:59:27 ubuntu systemd[1]: Stopped GNOME Display Manager.
5月 15 17:59:27 ubuntu systemd[1]: gdm.service: Triggering OnFailure= dependencies.
5月 15 17:59:27 ubuntu systemd[1]: gdm.service: Failed to enqueue OnFailure= job, ignoring: Transaction for plymouth-quit.service/start is destructive (systemd-modules-load.service has 'stop' job queued, but 'start' is included in transaction).
-- Reboot --
5月 15 21:27:14 ubuntu systemd[1]: Starting GNOME Display Manager...
5月 15 21:27:14 ubuntu systemd[1]: Started GNOME Display Manager.
5月 15 21:27:14 ubuntu gdm-launch-environment][960]: pam_unix(gdm-launch-environment:session): session opened for user gdm by (uid=0)
5月 15 21:27:38 ubuntu gdm-password][1633]: gkr-pam: unable to locate daemon control file
5月 15 21:27:38 ubuntu gdm-password][1633]: gkr-pam: stashed password to try later in open session
5月 15 21:27:38 ubuntu gdm-password][1633]: pam_unix(gdm-password:session): session opened for user ree by (uid=0)
5月 15 21:27:38 ubuntu gdm-password][1633]: gkr-pam: gnome-keyring-daemon started properly and unlocked keyring
5月 15 21:27:47 ubuntu gdm3[955]: Child process -1125 was already dead.
5月 15 22:59:14 ubuntu systemd[1]: Stopping GNOME Display Manager...
5月 15 22:59:14 ubuntu gdm3[955]: Failed to contact accountsservice: 为 org.freedesktop.Accounts 调用 StartServiceByName 时出错： Refusing activation, D-Bus is shutting down.
5月 15 22:59:14 ubuntu systemd[1]: gdm.service: Main process exited, code=exited, status=1/FAILURE
5月 15 22:59:14 ubuntu systemd[1]: gdm.service: Failed with result 'exit-code'.
5月 15 22:59:14 ubuntu systemd[1]: Stopped GNOME Display Manager.
5月 15 22:59:14 ubuntu systemd[1]: gdm.service: Triggering OnFailure= dependencies.
5月 15 22:59:14 ubuntu systemd[1]: gdm.service: Failed to enqueue OnFailure= job, ignoring: Transaction for plymouth-quit.service/start is destructive (local-fs-pre.target has 'stop' job queued, but 'start' is included in transaction).
-- Reboot --
5月 31 15:28:45 ubuntu systemd[1]: Starting GNOME Display Manager...
5月 31 15:28:45 ubuntu systemd[1]: Started GNOME Display Manager.
5月 31 15:28:45 ubuntu gdm-launch-environment][1009]: pam_unix(gdm-launch-environment:session): session opened for user gdm by (uid=0)
5月 31 15:30:16 ubuntu gdm-password][1634]: gkr-pam: unable to locate daemon control file
5月 31 15:30:16 ubuntu gdm-password][1634]: gkr-pam: stashed password to try later in open session
5月 31 15:30:16 ubuntu gdm-password][1634]: pam_unix(gdm-password:session): session opened for user ree by (uid=0)
5月 31 15:30:16 ubuntu gdm-password][1634]: gkr-pam: gnome-keyring-daemon started properly and unlocked keyring
5月 31 15:30:25 ubuntu gdm3[998]: Child process -1134 was already dead.
5月 31 16:19:37 ubuntu systemd[1]: Stopping GNOME Display Manager...
5月 31 16:19:37 ubuntu gdm3[998]: Failed to contact accountsservice: 为 org.freedesktop.Accounts 调用 StartServiceByName 时出错： Refusing activation, D-Bus is shutting down.
5月 31 16:19:37 ubuntu systemd[1]: gdm.service: Main process exited, code=exited, status=1/FAILURE
5月 31 16:19:37 ubuntu systemd[1]: gdm.service: Failed with result 'exit-code'.
5月 31 16:19:37 ubuntu systemd[1]: Stopped GNOME Display Manager.
5月 31 16:19:37 ubuntu systemd[1]: gdm.service: Triggering OnFailure= dependencies.
5月 31 16:19:37 ubuntu systemd[1]: gdm.service: Failed to enqueue OnFailure= job, ignoring: Transaction for plymouth-quit.service/start is destructive (systemd-ask-password-console.path has 'stop' job queued, but 'start' is included in transaction).
-- Reboot --
5月 31 16:19:54 ubuntu systemd[1]: Starting GNOME Display Manager...
5月 31 16:19:54 ubuntu systemd[1]: Started GNOME Display Manager.
5月 31 16:19:54 ubuntu gdm-launch-environment][1007]: pam_unix(gdm-launch-environment:session): session opened for user gdm by (uid=0)
5月 31 16:20:05 ubuntu gdm-password][1553]: gkr-pam: unable to locate daemon control file
5月 31 16:20:05 ubuntu gdm-password][1553]: gkr-pam: stashed password to try later in open session
5月 31 16:20:05 ubuntu gdm-password][1553]: pam_unix(gdm-password:session): session opened for user ree by (uid=0)
5月 31 16:20:05 ubuntu gdm-password][1553]: gkr-pam: gnome-keyring-daemon started properly and unlocked keyring
5月 31 16:20:13 ubuntu gdm3[999]: Child process -1095 was already dead.
-- Reboot --
5月 31 21:00:56 ubuntu systemd[1]: Starting GNOME Display Manager...
5月 31 21:00:56 ubuntu systemd[1]: Started GNOME Display Manager.
5月 31 21:00:57 ubuntu gdm-launch-environment][998]: pam_unix(gdm-launch-environment:session): session opened for user gdm by (uid=0)
5月 31 21:01:16 ubuntu gdm-password][1611]: gkr-pam: unable to locate daemon control file
5月 31 21:01:16 ubuntu gdm-password][1611]: gkr-pam: stashed password to try later in open session
5月 31 21:01:16 ubuntu gdm-password][1611]: pam_unix(gdm-password:session): session opened for user ree by (uid=0)
5月 31 21:01:17 ubuntu gdm-password][1611]: gkr-pam: gnome-keyring-daemon started properly and unlocked keyring
-- Reboot --
6月 01 23:20:22 ubuntu systemd[1]: Starting GNOME Display Manager...
6月 01 23:20:23 ubuntu systemd[1]: Started GNOME Display Manager.
6月 01 23:20:24 ubuntu gdm-launch-environment][1039]: pam_unix(gdm-launch-environment:session): session opened for user gdm by (uid=0)
6月 01 23:21:37 ubuntu gdm-password][1685]: gkr-pam: unable to locate daemon control file
6月 01 23:21:37 ubuntu gdm-password][1685]: gkr-pam: stashed password to try later in open session
6月 01 23:21:37 ubuntu gdm-password][1685]: pam_unix(gdm-password:session): session opened for user ree by (uid=0)
6月 01 23:21:37 ubuntu gdm-password][1685]: gkr-pam: gnome-keyring-daemon started properly and unlocked keyring
6月 02 00:27:49 ubuntu systemd[1]: Stopping GNOME Display Manager...
6月 02 00:27:49 ubuntu systemd[1]: gdm.service: Main process exited, code=exited, status=1/FAILURE
6月 02 00:27:49 ubuntu systemd[1]: gdm.service: Failed with result 'exit-code'.
6月 02 00:27:49 ubuntu systemd[1]: Stopped GNOME Display Manager.
6月 02 00:27:49 ubuntu systemd[1]: gdm.service: Triggering OnFailure= dependencies.
6月 02 00:27:49 ubuntu systemd[1]: gdm.service: Failed to enqueue OnFailure= job, ignoring: Transaction for plymouth-quit.service/start is destructive (cryptsetup.target has 'stop' job queued, but 'start' is included in transaction).
-- Reboot --
6月 06 14:12:35 ubuntu systemd[1]: Starting GNOME Display Manager...
6月 06 14:12:36 ubuntu systemd[1]: Started GNOME Display Manager.
6月 06 14:12:36 ubuntu gdm-launch-environment][1042]: pam_unix(gdm-launch-environment:session): session opened for user gdm by (uid=0)
6月 06 14:12:48 ubuntu gdm-password][1652]: gkr-pam: unable to locate daemon control file
6月 06 14:12:48 ubuntu gdm-password][1652]: gkr-pam: stashed password to try later in open session
6月 06 14:12:48 ubuntu gdm-password][1652]: pam_unix(gdm-password:session): session opened for user ree by (uid=0)
6月 06 14:12:48 ubuntu gdm-password][1652]: gkr-pam: gnome-keyring-daemon started properly and unlocked keyring
6月 06 15:33:45 ubuntu systemd[1]: Stopping GNOME Display Manager...
6月 06 15:33:46 ubuntu gdm3[1034]: Failed to contact accountsservice: 为 org.freedesktop.Accounts 调用 StartServiceByName 时出错： Refusing activation, D-Bus is shutting down.
6月 06 15:33:46 ubuntu systemd[1]: gdm.service: Main process exited, code=exited, status=1/FAILURE
6月 06 15:33:46 ubuntu systemd[1]: gdm.service: Failed with result 'exit-code'.
6月 06 15:33:46 ubuntu systemd[1]: Stopped GNOME Display Manager.
6月 06 15:33:46 ubuntu systemd[1]: gdm.service: Triggering OnFailure= dependencies.
6月 06 15:33:46 ubuntu systemd[1]: gdm.service: Failed to enqueue OnFailure= job, ignoring: Transaction for plymouth-quit.service/start is destructive (systemd-fsck@dev-disk-by\x2duuid-AA63\x2d2660.service has 'stop' job queued, but 'start' is included in transaction).
-- Reboot --
6月 06 15:39:29 ubuntu systemd[1]: Starting GNOME Display Manager...
6月 06 15:39:29 ubuntu systemd[1]: Started GNOME Display Manager.
6月 06 15:39:29 ubuntu gdm-launch-environment][1017]: pam_unix(gdm-launch-environment:session): session opened for user gdm by (uid=0)
6月 06 15:39:48 ubuntu gdm-password][1622]: gkr-pam: unable to locate daemon control file
6月 06 15:39:48 ubuntu gdm-password][1622]: gkr-pam: stashed password to try later in open session
6月 06 15:39:48 ubuntu gdm-password][1622]: pam_unix(gdm-password:session): session opened for user ree by (uid=0)
6月 06 15:39:48 ubuntu gdm-password][1622]: gkr-pam: gnome-keyring-daemon started properly and unlocked keyring
6月 06 15:40:00 ubuntu gdm3[1005]: Child process -1167 was already dead.
6月 06 15:42:24 ubuntu systemd[1]: Stopping GNOME Display Manager...
6月 06 15:42:24 ubuntu gdm3[1005]: Failed to contact accountsservice: 为 org.freedesktop.Accounts 调用 StartServiceByName 时出错： Refusing activation, D-Bus is shutting down.
6月 06 15:42:24 ubuntu systemd[1]: gdm.service: Main process exited, code=exited, status=1/FAILURE
6月 06 15:42:24 ubuntu systemd[1]: gdm.service: Failed with result 'exit-code'.
6月 06 15:42:24 ubuntu systemd[1]: Stopped GNOME Display Manager.
6月 06 15:42:24 ubuntu systemd[1]: gdm.service: Triggering OnFailure= dependencies.
6月 06 15:42:24 ubuntu systemd[1]: gdm.service: Failed to enqueue OnFailure= job, ignoring: Transaction for plymouth-quit.service/start is destructive (poweroff.target has 'start' job queued, but 'stop' is included in transaction).
-- Reboot --
6月 06 15:44:10 ubuntu systemd[1]: Starting GNOME Display Manager...
6月 06 15:44:11 ubuntu systemd[1]: Started GNOME Display Manager.
6月 06 15:44:12 ubuntu gdm-launch-environment][939]: pam_unix(gdm-launch-environment:session): session opened for user gdm by (uid=0)
6月 06 15:44:45 ubuntu gdm-password][1523]: gkr-pam: unable to locate daemon control file
6月 06 15:44:45 ubuntu gdm-password][1523]: gkr-pam: stashed password to try later in open session
6月 06 15:44:45 ubuntu gdm-password][1523]: pam_unix(gdm-password:session): session opened for user ree by (uid=0)
6月 06 15:44:46 ubuntu gdm-password][1523]: gkr-pam: gnome-keyring-daemon started properly and unlocked keyring
-- Reboot --
6月 15 14:08:50 ubuntu systemd[1]: Starting GNOME Display Manager...
6月 15 14:08:51 ubuntu systemd[1]: Started GNOME Display Manager.
6月 15 14:08:57 ubuntu gdm-launch-environment][1053]: pam_unix(gdm-launch-environment:session): session opened for user gdm by (uid=0)
6月 15 15:13:33 ubuntu gdm-password][2733]: gkr-pam: unable to locate daemon control file
6月 15 15:13:33 ubuntu gdm-password][2733]: gkr-pam: stashed password to try later in open session
6月 15 15:13:33 ubuntu gdm-password][2733]: pam_unix(gdm-password:session): session opened for user ree by (uid=0)
6月 15 15:13:33 ubuntu gdm-password][2733]: gkr-pam: gnome-keyring-daemon started properly and unlocked keyring
6月 15 15:13:45 ubuntu gdm3[1036]: Child process -1192 was already dead.
6月 15 16:32:38 ubuntu systemd[1]: Stopping GNOME Display Manager...
6月 15 16:32:38 ubuntu gdm3[1036]: Failed to contact accountsservice: 为 org.freedesktop.Accounts 调用 StartServiceByName 时出错： Refusing activation, D-Bus is shutting down.
6月 15 16:32:38 ubuntu systemd[1]: gdm.service: Main process exited, code=exited, status=1/FAILURE
6月 15 16:32:38 ubuntu systemd[1]: gdm.service: Failed with result 'exit-code'.
6月 15 16:32:38 ubuntu systemd[1]: Stopped GNOME Display Manager.
6月 15 16:32:38 ubuntu systemd[1]: gdm.service: Triggering OnFailure= dependencies.
6月 15 16:32:38 ubuntu systemd[1]: gdm.service: Failed to enqueue OnFailure= job, ignoring: Transaction for plymouth-quit.service/start is destructive (systemd-tmpfiles-setup.service has 'stop' job queued, but 'start' is included in transaction).
-- Reboot --
6月 16 14:48:29 ubuntu systemd[1]: Starting GNOME Display Manager...
6月 16 14:48:29 ubuntu systemd[1]: Started GNOME Display Manager.
6月 16 14:48:29 ubuntu gdm-launch-environment][984]: pam_unix(gdm-launch-environment:session): session opened for user gdm by (uid=0)
6月 16 14:48:44 ubuntu gdm-password][1595]: gkr-pam: unable to locate daemon control file
6月 16 14:48:44 ubuntu gdm-password][1595]: gkr-pam: stashed password to try later in open session
6月 16 14:48:44 ubuntu gdm-password][1595]: pam_unix(gdm-password:session): session opened for user ree by (uid=0)
6月 16 14:48:44 ubuntu gdm-password][1595]: gkr-pam: gnome-keyring-daemon started properly and unlocked keyring
6月 16 14:48:54 ubuntu gdm3[979]: Child process -1125 was already dead.
6月 16 15:21:01 ubuntu gdm-launch-environment][35924]: pam_unix(gdm-launch-environment:session): session opened for user gdm by (uid=0)
-- Reboot --
2月 25 16:36:14 ubuntu systemd[1]: Starting GNOME Display Manager...
2月 25 16:36:15 ubuntu systemd[1]: Started GNOME Display Manager.
2月 25 16:36:15 ubuntu gdm-launch-environment][986]: pam_unix(gdm-launch-environment:session): session opened for user gdm by (uid=0)
2月 25 16:36:41 ubuntu gdm-password][1642]: gkr-pam: unable to locate daemon control file
2月 25 16:36:41 ubuntu gdm-password][1642]: gkr-pam: stashed password to try later in open session
2月 25 16:36:41 ubuntu gdm-password][1642]: pam_unix(gdm-password:session): session opened for user ree by (uid=0)
2月 25 16:36:41 ubuntu gdm-password][1642]: gkr-pam: gnome-keyring-daemon started properly and unlocked keyring
2月 25 16:37:50 ubuntu gdm-launch-environment][4052]: pam_unix(gdm-launch-environment:session): session opened for user gdm by (uid=0)
2月 25 16:37:58 ubuntu gdm-password][4393]: gkr-pam: unable to locate daemon control file
2月 25 16:37:58 ubuntu gdm-password][4393]: gkr-pam: stashed password to try later in open session
2月 25 16:37:58 ubuntu gdm-password][4393]: pam_unix(gdm-password:session): session opened for user ree by (uid=0)
2月 25 16:37:58 ubuntu gdm-password][4393]: gkr-pam: gnome-keyring-daemon started properly and unlocked keyring
-- Reboot --
3月 27 17:52:49 ubuntu systemd[1]: Starting GNOME Display Manager...
3月 27 17:52:49 ubuntu systemd[1]: Started GNOME Display Manager.
3月 27 17:52:50 ubuntu gdm-launch-environment][986]: pam_unix(gdm-launch-environment:session): session opened for user gdm by (uid=0)
3月 27 17:53:05 ubuntu gdm-password][1571]: gkr-pam: unable to locate daemon control file
3月 27 17:53:05 ubuntu gdm-password][1571]: gkr-pam: stashed password to try later in open session
3月 27 17:53:05 ubuntu gdm-password][1571]: pam_unix(gdm-password:session): session opened for user ree by (uid=0)
3月 27 17:53:06 ubuntu gdm-password][1571]: gkr-pam: gnome-keyring-daemon started properly and unlocked keyring
3月 27 17:53:15 ubuntu gdm3[978]: Child process -1124 was already dead.
3月 27 18:08:13 ubuntu gdm-launch-environment][14104]: pam_unix(gdm-launch-environment:session): session opened for user gdm by (uid=0)
-- Reboot --
3月 30 14:05:43 ubuntu systemd[1]: Starting GNOME Display Manager...
3月 30 14:05:43 ubuntu systemd[1]: Started GNOME Display Manager.
3月 30 14:06:07 ubuntu gdm-launch-environment][994]: pam_unix(gdm-launch-environment:session): session opened for user gdm by (uid=0)
3月 30 14:15:29 ubuntu gdm-password][2185]: gkr-pam: unable to locate daemon control file
3月 30 14:15:29 ubuntu gdm-password][2185]: gkr-pam: stashed password to try later in open session
3月 30 14:15:29 ubuntu gdm-password][2185]: pam_unix(gdm-password:session): session opened for user ree by (uid=0)
3月 30 14:15:29 ubuntu gdm-password][2185]: gkr-pam: gnome-keyring-daemon started properly and unlocked keyring
3月 30 14:15:42 ubuntu gdm3[986]: Child process -1118 was already dead.
3月 30 14:43:56 ubuntu gdm-launch-environment][13118]: pam_unix(gdm-launch-environment:session): session opened for user gdm by (uid=0)
3月 30 14:44:04 ubuntu gdm3[986]: Tried to look up non-existent conversation gdm-launch-environment
3月 30 14:44:04 ubuntu gdm3[986]: Freeing conversation 'gdm-launch-environment' with active job
3月 30 14:44:04 ubuntu systemd[1]: Stopping GNOME Display Manager...
3月 30 14:44:04 ubuntu systemd[1]: gdm.service: Succeeded.
3月 30 14:44:04 ubuntu systemd[1]: Stopped GNOME Display Manager.
-- Reboot --
3月 30 14:44:33 ubuntu systemd[1]: Starting GNOME Display Manager...
3月 30 14:44:34 ubuntu systemd[1]: Started GNOME Display Manager.
3月 30 14:44:34 ubuntu gdm-launch-environment][950]: pam_unix(gdm-launch-environment:session): session opened for user gdm by (uid=0)
3月 30 14:44:42 ubuntu gdm-password][1486]: gkr-pam: unable to locate daemon control file
3月 30 14:44:42 ubuntu gdm-password][1486]: gkr-pam: stashed password to try later in open session
3月 30 14:44:42 ubuntu gdm-password][1486]: pam_unix(gdm-password:session): session opened for user ree by (uid=0)
3月 30 14:44:42 ubuntu gdm-password][1486]: gkr-pam: gnome-keyring-daemon started properly and unlocked keyring
3月 30 14:51:17 ubuntu systemd[1]: Stopping GNOME Display Manager...
3月 30 14:51:17 ubuntu gdm3[942]: Failed to contact accountsservice: 为 org.freedesktop.Accounts 调用 StartServiceByName 时出错： Refusing activation, D-Bus is shutting down.
3月 30 14:51:17 ubuntu systemd[1]: gdm.service: Main process exited, code=exited, status=1/FAILURE
3月 30 14:51:17 ubuntu systemd[1]: gdm.service: Failed with result 'exit-code'.
3月 30 14:51:17 ubuntu systemd[1]: Stopped GNOME Display Manager.
3月 30 14:51:17 ubuntu systemd[1]: gdm.service: Triggering OnFailure= dependencies.
3月 30 14:51:17 ubuntu systemd[1]: gdm.service: Failed to enqueue OnFailure= job, ignoring: Transaction for plymouth-quit.service/start is destructive (cryptsetup.target has 'stop' job queued, but 'start' is included in transaction).
-- Reboot --
3月 30 15:12:20 ubuntu systemd[1]: Starting GNOME Display Manager...
3月 30 15:12:20 ubuntu systemd[1]: Started GNOME Display Manager.
3月 30 15:12:20 ubuntu gdm-launch-environment][964]: pam_unix(gdm-launch-environment:session): session opened for user gdm by (uid=0)
3月 30 15:12:38 ubuntu gdm-password][1562]: gkr-pam: unable to locate daemon control file
3月 30 15:12:38 ubuntu gdm-password][1562]: gkr-pam: stashed password to try later in open session
3月 30 15:12:38 ubuntu gdm-password][1562]: pam_unix(gdm-password:session): session opened for user ree by (uid=0)
3月 30 15:12:38 ubuntu gdm-password][1562]: gkr-pam: gnome-keyring-daemon started properly and unlocked keyring
3月 30 15:12:47 ubuntu gdm3[960]: Child process -1108 was already dead.
3月 30 15:12:58 ubuntu systemd[1]: Stopping GNOME Display Manager...
3月 30 15:12:58 ubuntu gdm3[960]: Failed to contact accountsservice: 为 org.freedesktop.Accounts 调用 StartServiceByName 时出错： Refusing activation, D-Bus is shutting down.
3月 30 15:12:58 ubuntu systemd[1]: gdm.service: Main process exited, code=exited, status=1/FAILURE
3月 30 15:12:58 ubuntu systemd[1]: gdm.service: Failed with result 'exit-code'.
3月 30 15:12:58 ubuntu systemd[1]: Stopped GNOME Display Manager.
3月 30 15:12:58 ubuntu systemd[1]: gdm.service: Triggering OnFailure= dependencies.
3月 30 15:12:58 ubuntu systemd[1]: gdm.service: Failed to enqueue OnFailure= job, ignoring: Transaction for plymouth-quit.service/start is destructive (boot-efi.mount has 'stop' job queued, but 'start' is included in transaction).
-- Reboot --
3月 30 15:18:40 ubuntu systemd[1]: Starting GNOME Display Manager...
3月 30 15:18:41 ubuntu systemd[1]: Started GNOME Display Manager.
3月 30 15:18:41 ubuntu gdm-launch-environment][938]: pam_unix(gdm-launch-environment:session): session opened for user gdm by (uid=0)
3月 30 15:18:54 ubuntu gdm-password][1536]: gkr-pam: unable to locate daemon control file
3月 30 15:18:54 ubuntu gdm-password][1536]: gkr-pam: stashed password to try later in open session
3月 30 15:18:54 ubuntu gdm-password][1536]: pam_unix(gdm-password:session): session opened for user ree by (uid=0)
3月 30 15:18:54 ubuntu gdm-password][1536]: gkr-pam: gnome-keyring-daemon started properly and unlocked keyring
3月 30 15:19:03 ubuntu gdm3[929]: Child process -1064 was already dead.
3月 30 15:19:57 ubuntu systemd[1]: Stopping GNOME Display Manager...
3月 30 15:19:58 ubuntu gdm3[929]: Failed to contact accountsservice: 为 org.freedesktop.Accounts 调用 StartServiceByName 时出错： Refusing activation, D-Bus is shutting down.
3月 30 15:19:58 ubuntu systemd[1]: gdm.service: Main process exited, code=exited, status=1/FAILURE
3月 30 15:19:58 ubuntu systemd[1]: gdm.service: Failed with result 'exit-code'.
3月 30 15:19:58 ubuntu systemd[1]: Stopped GNOME Display Manager.
3月 30 15:19:58 ubuntu systemd[1]: gdm.service: Triggering OnFailure= dependencies.
3月 30 15:19:58 ubuntu systemd[1]: gdm.service: Failed to enqueue OnFailure= job, ignoring: Transaction for plymouth-quit.service/start is destructive (swap.target has 'stop' job queued, but 'start' is included in transaction).
-- Reboot --
3月 30 22:57:14 ubuntu systemd[1]: Starting GNOME Display Manager...
3月 30 22:57:14 ubuntu systemd[1]: Started GNOME Display Manager.
3月 30 22:57:14 ubuntu gdm-launch-environment][1007]: pam_unix(gdm-launch-environment:session): session opened for user gdm by (uid=0)
3月 30 22:57:44 ubuntu gdm-password][1626]: gkr-pam: unable to locate daemon control file
3月 30 22:57:44 ubuntu gdm-password][1626]: gkr-pam: stashed password to try later in open session
3月 30 22:57:44 ubuntu gdm-password][1626]: pam_unix(gdm-password:session): session opened for user ree by (uid=0)
3月 30 22:57:45 ubuntu gdm-password][1626]: gkr-pam: gnome-keyring-daemon started properly and unlocked keyring
3月 30 22:57:53 ubuntu gdm3[997]: Child process -1114 was already dead.
3月 30 22:59:12 ubuntu systemd[1]: Stopping GNOME Display Manager...
3月 30 22:59:12 ubuntu gdm3[997]: Failed to contact accountsservice: 为 org.freedesktop.Accounts 调用 StartServiceByName 时出错： Refusing activation, D-Bus is shutting down.
3月 30 22:59:12 ubuntu systemd[1]: gdm.service: Main process exited, code=exited, status=1/FAILURE
3月 30 22:59:12 ubuntu systemd[1]: gdm.service: Failed with result 'exit-code'.
3月 30 22:59:12 ubuntu systemd[1]: Stopped GNOME Display Manager.
3月 30 22:59:12 ubuntu systemd[1]: gdm.service: Triggering OnFailure= dependencies.
3月 30 22:59:12 ubuntu systemd[1]: gdm.service: Failed to enqueue OnFailure= job, ignoring: Transaction for plymouth-quit.service/start is destructive (boot-efi.mount has 'stop' job queued, but 'start' is included in transaction).
-- Reboot --
3月 30 23:00:45 ubuntu systemd[1]: Starting GNOME Display Manager...
3月 30 23:00:45 ubuntu systemd[1]: Started GNOME Display Manager.
3月 30 23:00:46 ubuntu gdm-launch-environment][937]: pam_unix(gdm-launch-environment:session): session opened for user gdm by (uid=0)
3月 30 23:01:07 ubuntu gdm-password][1529]: gkr-pam: unable to locate daemon control file
3月 30 23:01:07 ubuntu gdm-password][1529]: gkr-pam: stashed password to try later in open session
3月 30 23:01:07 ubuntu gdm-password][1529]: pam_unix(gdm-password:session): session opened for user ree by (uid=0)
3月 30 23:01:07 ubuntu gdm-password][1529]: gkr-pam: gnome-keyring-daemon started properly and unlocked keyring
3月 30 23:01:16 ubuntu gdm3[932]: Child process -1020 was already dead.
3月 30 23:02:22 ubuntu systemd[1]: Stopping GNOME Display Manager...
3月 30 23:02:23 ubuntu gdm3[932]: Failed to contact accountsservice: 为 org.freedesktop.Accounts 调用 StartServiceByName 时出错： Refusing activation, D-Bus is shutting down.
3月 30 23:02:23 ubuntu systemd[1]: gdm.service: Main process exited, code=exited, status=1/FAILURE
3月 30 23:02:23 ubuntu systemd[1]: gdm.service: Failed with result 'exit-code'.
3月 30 23:02:23 ubuntu systemd[1]: Stopped GNOME Display Manager.
3月 30 23:02:23 ubuntu systemd[1]: gdm.service: Triggering OnFailure= dependencies.
3月 30 23:02:23 ubuntu systemd[1]: gdm.service: Failed to enqueue OnFailure= job, ignoring: Transaction for plymouth-quit.service/start is destructive (local-fs.target has 'stop' job queued, but 'start' is included in transaction).
-- Reboot --
3月 30 23:05:27 ubuntu systemd[1]: Starting GNOME Display Manager...
3月 30 23:05:27 ubuntu systemd[1]: Started GNOME Display Manager.
3月 30 23:05:27 ubuntu gdm-launch-environment][987]: pam_unix(gdm-launch-environment:session): session opened for user gdm by (uid=0)
3月 30 23:05:38 ubuntu gdm-password][1553]: gkr-pam: unable to locate daemon control file
3月 30 23:05:38 ubuntu gdm-password][1553]: gkr-pam: stashed password to try later in open session
3月 30 23:05:38 ubuntu gdm-password][1553]: pam_unix(gdm-password:session): session opened for user ree by (uid=0)
3月 30 23:05:38 ubuntu gdm-password][1553]: gkr-pam: gnome-keyring-daemon started properly and unlocked keyring
3月 30 23:05:46 ubuntu gdm3[976]: Child process -1055 was already dead.
3月 30 23:14:09 ubuntu systemd[1]: Stopping GNOME Display Manager...
3月 30 23:14:09 ubuntu gdm3[976]: Failed to contact accountsservice: 为 org.freedesktop.Accounts 调用 StartServiceByName 时出错： Refusing activation, D-Bus is shutting down.
3月 30 23:14:09 ubuntu systemd[1]: gdm.service: Main process exited, code=exited, status=1/FAILURE
3月 30 23:14:09 ubuntu systemd[1]: gdm.service: Failed with result 'exit-code'.
3月 30 23:14:09 ubuntu systemd[1]: Stopped GNOME Display Manager.
3月 30 23:14:09 ubuntu systemd[1]: gdm.service: Triggering OnFailure= dependencies.
3月 30 23:14:09 ubuntu systemd[1]: gdm.service: Failed to enqueue OnFailure= job, ignoring: Transaction for plymouth-quit.service/start is destructive (local-fs-pre.target has 'stop' job queued, but 'start' is included in transaction).
-- Reboot --
3月 31 18:40:20 ubuntu systemd[1]: Starting GNOME Display Manager...
3月 31 18:40:20 ubuntu systemd[1]: Started GNOME Display Manager.
3月 31 18:40:21 ubuntu gdm-launch-environment][1050]: pam_unix(gdm-launch-environment:session): session opened for user gdm by (uid=0)
3月 31 18:40:30 ubuntu gdm-password][1667]: gkr-pam: unable to locate daemon control file
3月 31 18:40:30 ubuntu gdm-password][1667]: gkr-pam: stashed password to try later in open session
3月 31 18:40:30 ubuntu gdm-password][1667]: pam_unix(gdm-password:session): session opened for user ree by (uid=0)
3月 31 18:40:30 ubuntu gdm-password][1667]: gkr-pam: gnome-keyring-daemon started properly and unlocked keyring
3月 31 18:53:28 ubuntu gdm-launch-environment][16076]: pam_unix(gdm-launch-environment:session): session opened for user gdm by (uid=0)
3月 31 18:53:35 ubuntu gdm3[1040]: Tried to look up non-existent conversation gdm-launch-environment
3月 31 18:53:35 ubuntu gdm3[1040]: Freeing conversation 'gdm-launch-environment' with active job
3月 31 18:53:35 ubuntu systemd[1]: Stopping GNOME Display Manager...
3月 31 18:53:35 ubuntu systemd[1]: gdm.service: Succeeded.
3月 31 18:53:35 ubuntu systemd[1]: Stopped GNOME Display Manager.
-- Reboot --
3月 31 18:54:18 ubuntu systemd[1]: Starting GNOME Display Manager...
3月 31 18:54:18 ubuntu systemd[1]: Started GNOME Display Manager.
3月 31 18:54:19 ubuntu gdm-launch-environment][996]: pam_unix(gdm-launch-environment:session): session opened for user gdm by (uid=0)
3月 31 18:54:29 ubuntu gdm-password][1574]: gkr-pam: unable to locate daemon control file
3月 31 18:54:29 ubuntu gdm-password][1574]: gkr-pam: stashed password to try later in open session
3月 31 18:54:29 ubuntu gdm-password][1574]: pam_unix(gdm-password:session): session opened for user ree by (uid=0)
3月 31 18:54:29 ubuntu gdm-password][1574]: gkr-pam: gnome-keyring-daemon started properly and unlocked keyring
3月 31 19:01:42 ubuntu systemd[1]: Stopping GNOME Display Manager...
3月 31 19:01:42 ubuntu gdm3[990]: Failed to contact accountsservice: 为 org.freedesktop.Accounts 调用 StartServiceByName 时出错： Refusing activation, D-Bus is shutting down.
3月 31 19:01:42 ubuntu systemd[1]: gdm.service: Main process exited, code=exited, status=1/FAILURE
3月 31 19:01:42 ubuntu systemd[1]: gdm.service: Failed with result 'exit-code'.
3月 31 19:01:42 ubuntu systemd[1]: Stopped GNOME Display Manager.
3月 31 19:01:42 ubuntu systemd[1]: gdm.service: Triggering OnFailure= dependencies.
3月 31 19:01:42 ubuntu systemd[1]: gdm.service: Failed to enqueue OnFailure= job, ignoring: Transaction for plymouth-quit.service/start is destructive (systemd-update-utmp.service has 'stop' job queued, but 'start' is included in transaction).
-- Reboot --
3月 31 19:04:01 ubuntu systemd[1]: Starting GNOME Display Manager...
3月 31 19:04:02 ubuntu systemd[1]: Started GNOME Display Manager.
3月 31 19:04:02 ubuntu gdm-launch-environment][943]: pam_unix(gdm-launch-environment:session): session opened for user gdm by (uid=0)
3月 31 19:04:14 ubuntu gdm-password][1522]: gkr-pam: unable to locate daemon control file
3月 31 19:04:14 ubuntu gdm-password][1522]: gkr-pam: stashed password to try later in open session
3月 31 19:04:14 ubuntu gdm-password][1522]: pam_unix(gdm-password:session): session opened for user ree by (uid=0)
3月 31 19:04:14 ubuntu gdm-password][1522]: gkr-pam: gnome-keyring-daemon started properly and unlocked keyring
3月 31 19:26:10 ubuntu systemd[1]: Stopping GNOME Display Manager...
3月 31 19:26:10 ubuntu gdm3[938]: Failed to contact accountsservice: 为 org.freedesktop.Accounts 调用 StartServiceByName 时出错： Refusing activation, D-Bus is shutting down.
3月 31 19:26:10 ubuntu systemd[1]: gdm.service: Main process exited, code=exited, status=1/FAILURE
3月 31 19:26:10 ubuntu systemd[1]: gdm.service: Failed with result 'exit-code'.
3月 31 19:26:10 ubuntu systemd[1]: Stopped GNOME Display Manager.
3月 31 19:26:10 ubuntu systemd[1]: gdm.service: Triggering OnFailure= dependencies.
3月 31 19:26:10 ubuntu systemd[1]: gdm.service: Failed to enqueue OnFailure= job, ignoring: Transaction for plymouth-quit.service/start is destructive (systemd-modules-load.service has 'stop' job queued, but 'start' is included in transaction).
-- Reboot --
3月 31 19:27:36 ubuntu systemd[1]: Starting GNOME Display Manager...
3月 31 19:27:36 ubuntu systemd[1]: Started GNOME Display Manager.
3月 31 19:27:38 ubuntu gdm-launch-environment][995]: pam_unix(gdm-launch-environment:session): session opened for user gdm by (uid=0)
3月 31 19:27:56 ubuntu gdm-password][1571]: gkr-pam: unable to locate daemon control file
3月 31 19:27:56 ubuntu gdm-password][1571]: gkr-pam: stashed password to try later in open session
3月 31 19:27:56 ubuntu gdm-password][1571]: pam_unix(gdm-password:session): session opened for user ree by (uid=0)
3月 31 19:27:56 ubuntu gdm-password][1571]: gkr-pam: gnome-keyring-daemon started properly and unlocked keyring
-- Reboot --
3月 31 19:43:31 ubuntu systemd[1]: Starting GNOME Display Manager...
3月 31 19:43:31 ubuntu systemd[1]: Started GNOME Display Manager.
3月 31 19:43:31 ubuntu gdm-launch-environment][941]: pam_unix(gdm-launch-environment:session): session opened for user gdm by (uid=0)
3月 31 19:43:44 ubuntu gdm-password][1513]: gkr-pam: unable to locate daemon control file
3月 31 19:43:44 ubuntu gdm-password][1513]: gkr-pam: stashed password to try later in open session
3月 31 19:43:44 ubuntu gdm-password][1513]: pam_unix(gdm-password:session): session opened for user ree by (uid=0)
3月 31 19:43:44 ubuntu gdm-password][1513]: gkr-pam: gnome-keyring-daemon started properly and unlocked keyring
3月 31 19:43:53 ubuntu gdm3[931]: Child process -1016 was already dead.
3月 31 19:57:56 ubuntu systemd[1]: Stopping GNOME Display Manager...
3月 31 19:57:56 ubuntu gdm3[931]: Failed to contact accountsservice: 为 org.freedesktop.Accounts 调用 StartServiceByName 时出错： Refusing activation, D-Bus is shutting down.
3月 31 19:57:56 ubuntu systemd[1]: gdm.service: Main process exited, code=exited, status=1/FAILURE
3月 31 19:57:56 ubuntu systemd[1]: gdm.service: Failed with result 'exit-code'.
3月 31 19:57:56 ubuntu systemd[1]: Stopped GNOME Display Manager.
3月 31 19:57:56 ubuntu systemd[1]: gdm.service: Triggering OnFailure= dependencies.
3月 31 19:57:56 ubuntu systemd[1]: gdm.service: Failed to enqueue OnFailure= job, ignoring: Transaction for plymouth-quit.service/start is destructive (swap.target has 'stop' job queued, but 'start' is included in transaction).
-- Reboot --
3月 31 19:58:20 ubuntu systemd[1]: Starting GNOME Display Manager...
3月 31 19:58:20 ubuntu systemd[1]: Started GNOME Display Manager.
3月 31 19:58:20 ubuntu gdm-launch-environment][975]: pam_unix(gdm-launch-environment:session): session opened for user gdm by (uid=0)
3月 31 20:02:32 ubuntu gdm-password][1545]: gkr-pam: unable to locate daemon control file
3月 31 20:02:32 ubuntu gdm-password][1545]: gkr-pam: stashed password to try later in open session
3月 31 20:02:32 ubuntu gdm-password][1545]: pam_unix(gdm-password:session): session opened for user ree by (uid=0)
3月 31 20:02:32 ubuntu gdm-password][1545]: gkr-pam: gnome-keyring-daemon started properly and unlocked keyring
3月 31 20:02:42 ubuntu gdm3[968]: Child process -1005 was already dead.
3月 31 20:09:57 ubuntu systemd[1]: Stopping GNOME Display Manager...
3月 31 20:09:57 ubuntu gdm3[968]: Failed to contact accountsservice: 为 org.freedesktop.Accounts 调用 StartServiceByName 时出错： Refusing activation, D-Bus is shutting down.
3月 31 20:09:57 ubuntu systemd[1]: gdm.service: Main process exited, code=exited, status=1/FAILURE
3月 31 20:09:57 ubuntu systemd[1]: gdm.service: Failed with result 'exit-code'.
3月 31 20:09:57 ubuntu systemd[1]: Stopped GNOME Display Manager.
3月 31 20:09:57 ubuntu systemd[1]: gdm.service: Triggering OnFailure= dependencies.
3月 31 20:09:57 ubuntu systemd[1]: gdm.service: Failed to enqueue OnFailure= job, ignoring: Transaction for plymouth-quit.service/start is destructive (systemd-ask-password-console.path has 'stop' job queued, but 'start' is included in transaction).
-- Reboot --
3月 31 20:24:35 ubuntu systemd[1]: Starting GNOME Display Manager...
3月 31 20:24:35 ubuntu systemd[1]: Started GNOME Display Manager.
3月 31 20:24:37 ubuntu gdm-launch-environment][998]: pam_unix(gdm-launch-environment:session): session opened for user gdm by (uid=0)
3月 31 20:25:01 ubuntu gdm-password][1564]: gkr-pam: unable to locate daemon control file
3月 31 20:25:01 ubuntu gdm-password][1564]: gkr-pam: stashed password to try later in open session
3月 31 20:25:01 ubuntu gdm-password][1564]: pam_unix(gdm-password:session): session opened for user ree by (uid=0)
3月 31 20:25:01 ubuntu gdm-password][1564]: gkr-pam: gnome-keyring-daemon started properly and unlocked keyring
3月 31 20:25:10 ubuntu gdm3[983]: Child process -1108 was already dead.
3月 31 21:06:51 ubuntu systemd[1]: Stopping GNOME Display Manager...
3月 31 21:06:51 ubuntu gdm3[983]: Failed to contact accountsservice: 为 org.freedesktop.Accounts 调用 StartServiceByName 时出错： Refusing activation, D-Bus is shutting down.
3月 31 21:06:51 ubuntu systemd[1]: gdm.service: Main process exited, code=exited, status=1/FAILURE
3月 31 21:06:51 ubuntu systemd[1]: gdm.service: Failed with result 'exit-code'.
3月 31 21:06:51 ubuntu systemd[1]: Stopped GNOME Display Manager.
3月 31 21:06:51 ubuntu systemd[1]: gdm.service: Triggering OnFailure= dependencies.
3月 31 21:06:51 ubuntu systemd[1]: gdm.service: Failed to enqueue OnFailure= job, ignoring: Transaction for plymouth-quit.service/start is destructive (systemd-timesyncd.service has 'stop' job queued, but 'start' is included in transaction).
-- Reboot --
4月 02 17:05:05 ubuntu systemd[1]: Starting GNOME Display Manager...
4月 02 17:05:05 ubuntu systemd[1]: Started GNOME Display Manager.
4月 02 17:05:05 ubuntu gdm-launch-environment][1062]: pam_unix(gdm-launch-environment:session): session opened for user gdm by (uid=0)
4月 02 17:05:15 ubuntu gdm-password][1675]: gkr-pam: unable to locate daemon control file
4月 02 17:05:15 ubuntu gdm-password][1675]: gkr-pam: stashed password to try later in open session
4月 02 17:05:15 ubuntu gdm-password][1675]: pam_unix(gdm-password:session): session opened for user ree by (uid=0)
4月 02 17:05:15 ubuntu gdm-password][1675]: gkr-pam: gnome-keyring-daemon started properly and unlocked keyring
4月 02 17:13:52 ubuntu systemd[1]: Stopping GNOME Display Manager...
4月 02 17:13:52 ubuntu gdm3[1037]: Failed to contact accountsservice: 为 org.freedesktop.Accounts 调用 StartServiceByName 时出错： Refusing activation, D-Bus is shutting down.
4月 02 17:13:52 ubuntu systemd[1]: gdm.service: Main process exited, code=exited, status=1/FAILURE
4月 02 17:13:52 ubuntu systemd[1]: gdm.service: Failed with result 'exit-code'.
4月 02 17:13:52 ubuntu systemd[1]: Stopped GNOME Display Manager.
4月 02 17:13:52 ubuntu systemd[1]: gdm.service: Triggering OnFailure= dependencies.
4月 02 17:13:52 ubuntu systemd[1]: gdm.service: Failed to enqueue OnFailure= job, ignoring: Transaction for plymouth-quit.service/start is destructive (swap.target has 'stop' job queued, but 'start' is included in transaction).
-- Reboot --
4月 14 20:21:40 ubuntu systemd[1]: Starting GNOME Display Manager...
4月 14 20:21:40 ubuntu systemd[1]: Started GNOME Display Manager.
4月 14 20:21:40 ubuntu gdm-launch-environment][1007]: pam_unix(gdm-launch-environment:session): session opened for user gdm by (uid=0)
4月 14 20:21:54 ubuntu gdm-password][1578]: gkr-pam: unable to locate daemon control file
4月 14 20:21:54 ubuntu gdm-password][1578]: gkr-pam: stashed password to try later in open session
4月 14 20:21:54 ubuntu gdm-password][1578]: pam_unix(gdm-password:session): session opened for user ree by (uid=0)
4月 14 20:21:54 ubuntu gdm-password][1578]: gkr-pam: gnome-keyring-daemon started properly and unlocked keyring
4月 14 20:21:58 ubuntu gdm3[994]: Child process -1050 was already dead.
4月 14 20:54:40 ubuntu systemd[1]: Stopping GNOME Display Manager...
4月 14 20:54:40 ubuntu gdm3[994]: Failed to contact accountsservice: 为 org.freedesktop.Accounts 调用 StartServiceByName 时出错： Refusing activation, D-Bus is shutting down.
4月 14 20:54:40 ubuntu systemd[1]: gdm.service: Main process exited, code=exited, status=1/FAILURE
4月 14 20:54:40 ubuntu systemd[1]: gdm.service: Failed with result 'exit-code'.
4月 14 20:54:40 ubuntu systemd[1]: Stopped GNOME Display Manager.
4月 14 20:54:40 ubuntu systemd[1]: gdm.service: Triggering OnFailure= dependencies.
4月 14 20:54:40 ubuntu systemd[1]: gdm.service: Failed to enqueue OnFailure= job, ignoring: Transaction for plymouth-quit.service/start is destructive (swapfile.swap has 'stop' job queued, but 'start' is included in transaction).
-- Reboot --
4月 14 20:55:49 ubuntu systemd[1]: Starting GNOME Display Manager...
4月 14 20:55:49 ubuntu systemd[1]: Started GNOME Display Manager.
4月 14 20:55:50 ubuntu gdm-launch-environment][1002]: pam_unix(gdm-launch-environment:session): session opened for user gdm by (uid=0)
4月 14 20:56:29 ubuntu gdm-password][1585]: gkr-pam: unable to locate daemon control file
4月 14 20:56:29 ubuntu gdm-password][1585]: gkr-pam: stashed password to try later in open session
4月 14 20:56:29 ubuntu gdm-password][1585]: pam_unix(gdm-password:session): session opened for user ree by (uid=0)
4月 14 20:56:30 ubuntu gdm-password][1585]: gkr-pam: gnome-keyring-daemon started properly and unlocked keyring
-- Reboot --
4月 15 22:31:07 ubuntu systemd[1]: Starting GNOME Display Manager...
4月 15 22:31:07 ubuntu systemd[1]: Started GNOME Display Manager.
4月 15 22:31:08 ubuntu gdm-launch-environment][1048]: pam_unix(gdm-launch-environment:session): session opened for user gdm by (uid=0)
4月 15 22:32:04 ubuntu gdm-password][1659]: gkr-pam: unable to locate daemon control file
4月 15 22:32:04 ubuntu gdm-password][1659]: gkr-pam: stashed password to try later in open session
4月 15 22:32:04 ubuntu gdm-password][1659]: pam_unix(gdm-password:session): session opened for user ree by (uid=0)
4月 15 22:32:04 ubuntu gdm-password][1659]: gkr-pam: gnome-keyring-daemon started properly and unlocked keyring
4月 15 22:32:13 ubuntu gdm3[1040]: Child process -1116 was already dead.
4月 15 22:43:25 ubuntu systemd[1]: Stopping GNOME Display Manager...
4月 15 22:43:25 ubuntu gdm3[1040]: Failed to contact accountsservice: 为 org.freedesktop.Accounts 调用 StartServiceByName 时出错： Refusing activation, D-Bus is shutting down.
4月 15 22:43:25 ubuntu systemd[1]: gdm.service: Main process exited, code=exited, status=1/FAILURE
4月 15 22:43:25 ubuntu systemd[1]: gdm.service: Failed with result 'exit-code'.
4月 15 22:43:25 ubuntu systemd[1]: Stopped GNOME Display Manager.
4月 15 22:43:25 ubuntu systemd[1]: gdm.service: Triggering OnFailure= dependencies.
4月 15 22:43:25 ubuntu systemd[1]: gdm.service: Failed to enqueue OnFailure= job, ignoring: Transaction for plymouth-quit.service/start is destructive (shutdown.target has 'start' job queued, but 'stop' is included in transaction).
-- Reboot --
4月 15 22:43:42 ubuntu systemd[1]: Starting GNOME Display Manager...
4月 15 22:43:42 ubuntu systemd[1]: Started GNOME Display Manager.
4月 15 22:43:42 ubuntu gdm-launch-environment][1014]: pam_unix(gdm-launch-environment:session): session opened for user gdm by (uid=0)
4月 15 22:57:33 ubuntu gdm-password][1566]: gkr-pam: unable to locate daemon control file
4月 15 22:57:33 ubuntu gdm-password][1566]: gkr-pam: stashed password to try later in open session
4月 15 22:57:33 ubuntu gdm-password][1566]: pam_unix(gdm-password:session): session opened for user ree by (uid=0)
4月 15 22:57:33 ubuntu gdm-password][1566]: gkr-pam: gnome-keyring-daemon started properly and unlocked keyring

