-- Logs begin at Sat 2022-01-08 18:32:32 CST, end at Sat 2023-04-15 23:07:25 CST. --
3月 22 14:03:02 ubuntu systemd[1]: Starting Daily man-db regeneration...
3月 22 14:03:02 ubuntu systemd[1]: man-db.service: Succeeded.
3月 22 14:03:02 ubuntu systemd[1]: Finished Daily man-db regeneration.
-- Reboot --
3月 25 10:18:04 ubuntu systemd[1]: Starting Daily man-db regeneration...
3月 25 10:18:05 ubuntu systemd[1]: man-db.service: Succeeded.
3月 25 10:18:05 ubuntu systemd[1]: Finished Daily man-db regeneration.
-- Reboot --
3月 28 10:02:53 ubuntu systemd[1]: Starting Daily man-db regeneration...
3月 28 10:02:55 ubuntu systemd[1]: man-db.service: Succeeded.
3月 28 10:02:55 ubuntu systemd[1]: Finished Daily man-db regeneration.
-- Reboot --
4月 01 10:14:20 ubuntu systemd[1]: Starting Daily man-db regeneration...
4月 01 10:14:25 ubuntu systemd[1]: man-db.service: Succeeded.
4月 01 10:14:25 ubuntu systemd[1]: Finished Daily man-db regeneration.
-- Reboot --
4月 02 08:51:51 ubuntu systemd[1]: Starting Daily man-db regeneration...
4月 02 08:51:55 ubuntu systemd[1]: man-db.service: Succeeded.
4月 02 08:51:55 ubuntu systemd[1]: Finished Daily man-db regeneration.
-- Reboot --
4月 06 08:17:17 ubuntu systemd[1]: Starting Daily man-db regeneration...
4月 06 08:17:23 ubuntu systemd[1]: man-db.service: Succeeded.
4月 06 08:17:23 ubuntu systemd[1]: Finished Daily man-db regeneration.
-- Reboot --
4月 13 08:09:38 ubuntu systemd[1]: Starting Daily man-db regeneration...
4月 13 08:09:48 ubuntu systemd[1]: man-db.service: Succeeded.
4月 13 08:09:48 ubuntu systemd[1]: Finished Daily man-db regeneration.
-- Reboot --
4月 15 10:17:00 ubuntu systemd[1]: Starting Daily man-db regeneration...
4月 15 10:17:00 ubuntu systemd[1]: man-db.service: Succeeded.
4月 15 10:17:00 ubuntu systemd[1]: Finished Daily man-db regeneration.
-- Reboot --
4月 20 08:14:45 ubuntu systemd[1]: Starting Daily man-db regeneration...
4月 20 08:14:47 ubuntu systemd[1]: man-db.service: Succeeded.
4月 20 08:14:47 ubuntu systemd[1]: Finished Daily man-db regeneration.
-- Reboot --
4月 27 08:18:20 ubuntu systemd[1]: Starting Daily man-db regeneration...
4月 27 08:18:23 ubuntu systemd[1]: man-db.service: Succeeded.
4月 27 08:18:23 ubuntu systemd[1]: Finished Daily man-db regeneration.
-- Reboot --
4月 28 21:00:46 ubuntu systemd[1]: Starting Daily man-db regeneration...
4月 28 21:00:50 ubuntu systemd[1]: man-db.service: Succeeded.
4月 28 21:00:50 ubuntu systemd[1]: Finished Daily man-db regeneration.
-- Reboot --
5月 06 10:06:15 ubuntu systemd[1]: Starting Daily man-db regeneration...
5月 06 10:06:18 ubuntu systemd[1]: man-db.service: Succeeded.
5月 06 10:06:18 ubuntu systemd[1]: Finished Daily man-db regeneration.
-- Reboot --
5月 07 08:13:43 ubuntu systemd[1]: Starting Daily man-db regeneration...
5月 07 08:13:51 ubuntu systemd[1]: man-db.service: Succeeded.
5月 07 08:13:51 ubuntu systemd[1]: Finished Daily man-db regeneration.
-- Reboot --
5月 08 14:53:46 ubuntu systemd[1]: Starting Daily man-db regeneration...
5月 08 14:53:55 ubuntu systemd[1]: man-db.service: Succeeded.
5月 08 14:53:55 ubuntu systemd[1]: Finished Daily man-db regeneration.
-- Reboot --
5月 14 20:51:42 ubuntu systemd[1]: Starting Daily man-db regeneration...
5月 14 20:51:54 ubuntu systemd[1]: man-db.service: Succeeded.
5月 14 20:51:54 ubuntu systemd[1]: Finished Daily man-db regeneration.
-- Reboot --
5月 15 00:06:13 ubuntu systemd[1]: Starting Daily man-db regeneration...
5月 15 00:06:16 ubuntu systemd[1]: man-db.service: Succeeded.
5月 15 00:06:16 ubuntu systemd[1]: Finished Daily man-db regeneration.
-- Reboot --
5月 31 15:28:44 ubuntu systemd[1]: Starting Daily man-db regeneration...
5月 31 15:28:45 ubuntu systemd[1]: man-db.service: Succeeded.
5月 31 15:28:45 ubuntu systemd[1]: Finished Daily man-db regeneration.
-- Reboot --
6月 01 23:20:20 ubuntu systemd[1]: Starting Daily man-db regeneration...
6月 01 23:20:25 ubuntu systemd[1]: man-db.service: Succeeded.
6月 01 23:20:25 ubuntu systemd[1]: Finished Daily man-db regeneration.
6月 02 00:00:21 ubuntu systemd[1]: Starting Daily man-db regeneration...
6月 02 00:00:22 ubuntu systemd[1]: man-db.service: Succeeded.
6月 02 00:00:22 ubuntu systemd[1]: Finished Daily man-db regeneration.
-- Reboot --
6月 06 14:12:35 ubuntu systemd[1]: Starting Daily man-db regeneration...
6月 06 14:12:37 ubuntu systemd[1]: man-db.service: Succeeded.
6月 06 14:12:37 ubuntu systemd[1]: Finished Daily man-db regeneration.
-- Reboot --
6月 15 14:08:49 ubuntu systemd[1]: Starting Daily man-db regeneration...
6月 15 14:08:58 ubuntu systemd[1]: man-db.service: Succeeded.
6月 15 14:08:58 ubuntu systemd[1]: Finished Daily man-db regeneration.
-- Reboot --
6月 16 14:48:28 ubuntu systemd[1]: Starting Daily man-db regeneration...
6月 16 14:48:29 ubuntu systemd[1]: man-db.service: Succeeded.
6月 16 14:48:29 ubuntu systemd[1]: Finished Daily man-db regeneration.
-- Reboot --
2月 25 16:36:14 ubuntu systemd[1]: Starting Daily man-db regeneration...
2月 25 16:36:18 ubuntu systemd[1]: man-db.service: Succeeded.
2月 25 16:36:18 ubuntu systemd[1]: Finished Daily man-db regeneration.
2月 26 17:17:09 ubuntu systemd[1]: Starting Daily man-db regeneration...
-- Reboot --
3月 27 17:52:49 ubuntu systemd[1]: Starting Daily man-db regeneration...
3月 27 17:52:50 ubuntu systemd[1]: man-db.service: Succeeded.
3月 27 17:52:50 ubuntu systemd[1]: Finished Daily man-db regeneration.
-- Reboot --
3月 30 14:05:43 ubuntu systemd[1]: Starting Daily man-db regeneration...
3月 30 14:06:08 ubuntu systemd[1]: man-db.service: Succeeded.
3月 30 14:06:08 ubuntu systemd[1]: Finished Daily man-db regeneration.
-- Reboot --
3月 31 18:40:20 ubuntu systemd[1]: Starting Daily man-db regeneration...
3月 31 18:40:21 ubuntu systemd[1]: man-db.service: Succeeded.
3月 31 18:40:21 ubuntu systemd[1]: Finished Daily man-db regeneration.
-- Reboot --
4月 02 17:05:04 ubuntu systemd[1]: Starting Daily man-db regeneration...
4月 02 17:05:05 ubuntu systemd[1]: man-db.service: Succeeded.
4月 02 17:05:05 ubuntu systemd[1]: Finished Daily man-db regeneration.
-- Reboot --
4月 14 20:21:37 ubuntu systemd[1]: Starting Daily man-db regeneration...
4月 14 20:21:41 ubuntu systemd[1]: man-db.service: Succeeded.
4月 14 20:21:41 ubuntu systemd[1]: Finished Daily man-db regeneration.
-- Reboot --
4月 15 22:31:07 ubuntu systemd[1]: Starting Daily man-db regeneration...
4月 15 22:31:08 ubuntu systemd[1]: man-db.service: Succeeded.
4月 15 22:31:08 ubuntu systemd[1]: Finished Daily man-db regeneration.

