-- Logs begin at Sat 2022-01-08 18:32:32 CST, end at Sat 2023-04-15 23:07:25 CST. --
1月 09 17:57:37 ubuntu systemd[1]: Starting Message of the Day...
1月 09 17:57:37 ubuntu systemd[1]: motd-news.service: Succeeded.
1月 09 17:57:37 ubuntu systemd[1]: Finished Message of the Day.
-- Reboot --
3月 22 14:12:09 ubuntu systemd[1]: Starting Message of the Day...
3月 22 14:12:09 ubuntu systemd[1]: motd-news.service: Succeeded.
3月 22 14:12:09 ubuntu systemd[1]: Finished Message of the Day.
-- Reboot --
3月 28 16:17:50 ubuntu systemd[1]: Starting Message of the Day...
3月 28 16:17:50 ubuntu systemd[1]: motd-news.service: Succeeded.
3月 28 16:17:50 ubuntu systemd[1]: Finished Message of the Day.
-- Reboot --
4月 27 09:48:12 ubuntu systemd[1]: Starting Message of the Day...
4月 27 09:48:12 ubuntu systemd[1]: motd-news.service: Succeeded.
4月 27 09:48:12 ubuntu systemd[1]: Finished Message of the Day.
-- Reboot --
4月 27 15:40:42 ubuntu systemd[1]: Starting Message of the Day...
4月 27 15:40:42 ubuntu systemd[1]: motd-news.service: Succeeded.
4月 27 15:40:42 ubuntu systemd[1]: Finished Message of the Day.
-- Reboot --
5月 06 10:47:17 ubuntu systemd[1]: Starting Message of the Day...
5月 06 10:47:17 ubuntu systemd[1]: motd-news.service: Succeeded.
5月 06 10:47:17 ubuntu systemd[1]: Finished Message of the Day.
-- Reboot --
5月 08 16:12:13 ubuntu systemd[1]: Starting Message of the Day...
5月 08 16:12:13 ubuntu systemd[1]: motd-news.service: Succeeded.
5月 08 16:12:13 ubuntu systemd[1]: Finished Message of the Day.
-- Reboot --
5月 14 21:30:50 ubuntu systemd[1]: Starting Message of the Day...
5月 14 21:30:50 ubuntu systemd[1]: motd-news.service: Succeeded.
5月 14 21:30:50 ubuntu systemd[1]: Finished Message of the Day.
-- Reboot --
5月 15 12:28:51 ubuntu systemd[1]: Starting Message of the Day...
5月 15 12:28:51 ubuntu systemd[1]: motd-news.service: Succeeded.
5月 15 12:28:51 ubuntu systemd[1]: Finished Message of the Day.
-- Reboot --
6月 01 23:55:25 ubuntu systemd[1]: Starting Message of the Day...
6月 01 23:55:25 ubuntu systemd[1]: motd-news.service: Succeeded.
6月 01 23:55:25 ubuntu systemd[1]: Finished Message of the Day.
-- Reboot --
2月 25 17:23:35 ubuntu systemd[1]: Starting Message of the Day...
2月 25 17:23:35 ubuntu systemd[1]: motd-news.service: Succeeded.
2月 25 17:23:35 ubuntu systemd[1]: Finished Message of the Day.
2月 26 17:17:09 ubuntu systemd[1]: Starting Message of the Day...
2月 26 17:17:09 ubuntu systemd[1]: motd-news.service: Succeeded.
2月 26 17:17:09 ubuntu systemd[1]: Finished Message of the Day.
-- Reboot --
3月 31 18:41:25 ubuntu systemd[1]: Starting Message of the Day...
3月 31 18:41:25 ubuntu systemd[1]: motd-news.service: Succeeded.
3月 31 18:41:25 ubuntu systemd[1]: Finished Message of the Day.
-- Reboot --
3月 31 20:00:51 ubuntu systemd[1]: Starting Message of the Day...
3月 31 20:00:51 ubuntu systemd[1]: motd-news.service: Succeeded.
3月 31 20:00:51 ubuntu systemd[1]: Finished Message of the Day.
-- Reboot --
4月 14 20:28:02 ubuntu systemd[1]: Starting Message of the Day...
4月 14 20:28:02 ubuntu systemd[1]: motd-news.service: Succeeded.
4月 14 20:28:02 ubuntu systemd[1]: Finished Message of the Day.
-- Reboot --
4月 14 21:05:40 ubuntu systemd[1]: Starting Message of the Day...
4月 14 21:05:40 ubuntu systemd[1]: motd-news.service: Succeeded.
4月 14 21:05:40 ubuntu systemd[1]: Finished Message of the Day.

