-- Logs begin at Sat 2022-01-08 18:32:32 CST, end at Sat 2023-04-15 23:07:25 CST. --
5月 08 16:14:50 ubuntu systemd[1]: Starting MySQL Community Server...
5月 08 16:14:51 ubuntu systemd[1]: Started MySQL Community Server.
5月 08 16:26:55 ubuntu systemd[1]: Stopping MySQL Community Server...
5月 08 16:26:56 ubuntu systemd[1]: mysql.service: Succeeded.
5月 08 16:26:56 ubuntu systemd[1]: Stopped MySQL Community Server.
-- Reboot --
5月 08 16:27:21 ubuntu systemd[1]: Starting MySQL Community Server...
5月 08 16:27:24 ubuntu systemd[1]: Started MySQL Community Server.
5月 08 17:02:55 ubuntu systemd[1]: Stopping MySQL Community Server...
5月 08 17:02:56 ubuntu systemd[1]: mysql.service: Succeeded.
5月 08 17:02:56 ubuntu systemd[1]: Stopped MySQL Community Server.
-- Reboot --
5月 14 20:51:43 ubuntu systemd[1]: Starting MySQL Community Server...
5月 14 20:51:57 ubuntu systemd[1]: Started MySQL Community Server.
-- Reboot --
5月 15 00:06:13 ubuntu systemd[1]: Starting MySQL Community Server...
5月 15 00:06:19 ubuntu systemd[1]: Started MySQL Community Server.
5月 15 00:09:00 ubuntu systemd[1]: Stopping MySQL Community Server...
5月 15 00:09:01 ubuntu systemd[1]: mysql.service: Succeeded.
5月 15 00:09:01 ubuntu systemd[1]: Stopped MySQL Community Server.
-- Reboot --
5月 15 00:15:06 ubuntu systemd[1]: Starting MySQL Community Server...
5月 15 00:15:12 ubuntu systemd[1]: Started MySQL Community Server.
5月 15 00:17:56 ubuntu systemd[1]: Stopping MySQL Community Server...
5月 15 00:17:57 ubuntu systemd[1]: mysql.service: Succeeded.
5月 15 00:17:57 ubuntu systemd[1]: Stopped MySQL Community Server.
-- Reboot --
5月 15 10:43:40 ubuntu systemd[1]: Starting MySQL Community Server...
5月 15 10:43:47 ubuntu systemd[1]: Started MySQL Community Server.
5月 15 13:21:32 ubuntu systemd[1]: Stopping MySQL Community Server...
5月 15 13:21:33 ubuntu systemd[1]: mysql.service: Succeeded.
5月 15 13:21:33 ubuntu systemd[1]: Stopped MySQL Community Server.
-- Reboot --
5月 15 15:15:41 ubuntu systemd[1]: Starting MySQL Community Server...
5月 15 15:15:45 ubuntu systemd[1]: Started MySQL Community Server.
5月 15 15:16:43 ubuntu systemd[1]: Stopping MySQL Community Server...
5月 15 15:16:44 ubuntu systemd[1]: mysql.service: Succeeded.
5月 15 15:16:44 ubuntu systemd[1]: Stopped MySQL Community Server.
-- Reboot --
5月 15 16:28:27 ubuntu systemd[1]: Starting MySQL Community Server...
5月 15 16:28:31 ubuntu systemd[1]: Started MySQL Community Server.
5月 15 17:59:27 ubuntu systemd[1]: Stopping MySQL Community Server...
5月 15 17:59:28 ubuntu systemd[1]: mysql.service: Succeeded.
5月 15 17:59:28 ubuntu systemd[1]: Stopped MySQL Community Server.
-- Reboot --
5月 15 21:27:13 ubuntu systemd[1]: Starting MySQL Community Server...
5月 15 21:27:18 ubuntu systemd[1]: Started MySQL Community Server.
5月 15 22:59:14 ubuntu systemd[1]: Stopping MySQL Community Server...
5月 15 22:59:15 ubuntu systemd[1]: mysql.service: Succeeded.
5月 15 22:59:15 ubuntu systemd[1]: Stopped MySQL Community Server.
-- Reboot --
5月 31 15:28:45 ubuntu systemd[1]: Starting MySQL Community Server...
5月 31 15:28:49 ubuntu systemd[1]: Started MySQL Community Server.
5月 31 16:19:37 ubuntu systemd[1]: Stopping MySQL Community Server...
5月 31 16:19:38 ubuntu systemd[1]: mysql.service: Succeeded.
5月 31 16:19:38 ubuntu systemd[1]: Stopped MySQL Community Server.
-- Reboot --
5月 31 16:19:54 ubuntu systemd[1]: Starting MySQL Community Server...
5月 31 16:19:56 ubuntu systemd[1]: Started MySQL Community Server.
-- Reboot --
5月 31 21:00:56 ubuntu systemd[1]: Starting MySQL Community Server...
5月 31 21:01:01 ubuntu systemd[1]: Started MySQL Community Server.
-- Reboot --
6月 01 23:20:22 ubuntu systemd[1]: Starting MySQL Community Server...
6月 01 23:20:41 ubuntu systemd[1]: Started MySQL Community Server.
6月 02 00:27:49 ubuntu systemd[1]: Stopping MySQL Community Server...
6月 02 00:27:50 ubuntu systemd[1]: mysql.service: Succeeded.
6月 02 00:27:50 ubuntu systemd[1]: Stopped MySQL Community Server.
-- Reboot --
6月 06 14:12:35 ubuntu systemd[1]: Starting MySQL Community Server...
6月 06 14:12:41 ubuntu systemd[1]: Started MySQL Community Server.
6月 06 15:33:45 ubuntu systemd[1]: Stopping MySQL Community Server...
6月 06 15:33:47 ubuntu systemd[1]: mysql.service: Succeeded.
6月 06 15:33:47 ubuntu systemd[1]: Stopped MySQL Community Server.
-- Reboot --
6月 06 15:39:29 ubuntu systemd[1]: Starting MySQL Community Server...
6月 06 15:39:41 ubuntu systemd[1]: Started MySQL Community Server.
6月 06 15:42:24 ubuntu systemd[1]: Stopping MySQL Community Server...
6月 06 15:42:25 ubuntu systemd[1]: mysql.service: Succeeded.
6月 06 15:42:25 ubuntu systemd[1]: Stopped MySQL Community Server.
-- Reboot --
6月 06 15:44:10 ubuntu systemd[1]: Starting MySQL Community Server...
6月 06 15:44:33 ubuntu systemd[1]: Started MySQL Community Server.
-- Reboot --
6月 15 14:08:50 ubuntu systemd[1]: Starting MySQL Community Server...
6月 15 14:09:08 ubuntu systemd[1]: Started MySQL Community Server.
6月 15 16:32:38 ubuntu systemd[1]: Stopping MySQL Community Server...
6月 15 16:32:39 ubuntu systemd[1]: mysql.service: Succeeded.
6月 15 16:32:39 ubuntu systemd[1]: Stopped MySQL Community Server.
-- Reboot --
6月 16 14:48:28 ubuntu systemd[1]: Starting MySQL Community Server...
6月 16 14:48:33 ubuntu systemd[1]: Started MySQL Community Server.
-- Reboot --
2月 25 16:36:14 ubuntu systemd[1]: Starting MySQL Community Server...
2月 25 16:36:22 ubuntu systemd[1]: Started MySQL Community Server.
-- Reboot --
3月 27 17:52:49 ubuntu systemd[1]: Starting MySQL Community Server...
3月 27 17:52:54 ubuntu systemd[1]: Started MySQL Community Server.
-- Reboot --
3月 30 14:05:43 ubuntu systemd[1]: Starting MySQL Community Server...
3月 30 14:06:13 ubuntu systemd[1]: Started MySQL Community Server.
3月 30 14:44:04 ubuntu systemd[1]: Stopping MySQL Community Server...
3月 30 14:44:06 ubuntu systemd[1]: mysql.service: Succeeded.
3月 30 14:44:06 ubuntu systemd[1]: Stopped MySQL Community Server.
-- Reboot --
3月 30 14:44:33 ubuntu systemd[1]: Starting MySQL Community Server...
3月 30 14:44:36 ubuntu systemd[1]: Started MySQL Community Server.
3月 30 14:51:17 ubuntu systemd[1]: Stopping MySQL Community Server...
3月 30 14:51:19 ubuntu systemd[1]: mysql.service: Succeeded.
3月 30 14:51:19 ubuntu systemd[1]: Stopped MySQL Community Server.
-- Reboot --
3月 30 15:12:20 ubuntu systemd[1]: Starting MySQL Community Server...
3月 30 15:12:24 ubuntu systemd[1]: Started MySQL Community Server.
3月 30 15:12:58 ubuntu systemd[1]: Stopping MySQL Community Server...
3月 30 15:12:59 ubuntu systemd[1]: mysql.service: Succeeded.
3月 30 15:12:59 ubuntu systemd[1]: Stopped MySQL Community Server.
-- Reboot --
3月 30 15:18:40 ubuntu systemd[1]: Starting MySQL Community Server...
3月 30 15:18:44 ubuntu systemd[1]: Started MySQL Community Server.
3月 30 15:19:57 ubuntu systemd[1]: Stopping MySQL Community Server...
3月 30 15:19:59 ubuntu systemd[1]: mysql.service: Succeeded.
3月 30 15:19:59 ubuntu systemd[1]: Stopped MySQL Community Server.
-- Reboot --
3月 30 22:57:14 ubuntu systemd[1]: Starting MySQL Community Server...
3月 30 22:57:18 ubuntu systemd[1]: Started MySQL Community Server.
3月 30 22:59:12 ubuntu systemd[1]: Stopping MySQL Community Server...
3月 30 22:59:13 ubuntu systemd[1]: mysql.service: Succeeded.
3月 30 22:59:13 ubuntu systemd[1]: Stopped MySQL Community Server.
-- Reboot --
3月 30 23:00:45 ubuntu systemd[1]: Starting MySQL Community Server...
3月 30 23:00:50 ubuntu systemd[1]: Started MySQL Community Server.
3月 30 23:02:22 ubuntu systemd[1]: Stopping MySQL Community Server...
3月 30 23:02:24 ubuntu systemd[1]: mysql.service: Succeeded.
3月 30 23:02:24 ubuntu systemd[1]: Stopped MySQL Community Server.
-- Reboot --
3月 30 23:05:26 ubuntu systemd[1]: Starting MySQL Community Server...
3月 30 23:05:30 ubuntu systemd[1]: Started MySQL Community Server.
3月 30 23:14:09 ubuntu systemd[1]: Stopping MySQL Community Server...
3月 30 23:14:10 ubuntu systemd[1]: mysql.service: Succeeded.
3月 30 23:14:10 ubuntu systemd[1]: Stopped MySQL Community Server.
-- Reboot --
3月 31 18:40:20 ubuntu systemd[1]: Starting MySQL Community Server...
3月 31 18:40:25 ubuntu systemd[1]: Started MySQL Community Server.
3月 31 18:53:35 ubuntu systemd[1]: Stopping MySQL Community Server...
3月 31 18:53:36 ubuntu systemd[1]: mysql.service: Succeeded.
3月 31 18:53:36 ubuntu systemd[1]: Stopped MySQL Community Server.
-- Reboot --
3月 31 18:54:17 ubuntu systemd[1]: Starting MySQL Community Server...
3月 31 18:54:23 ubuntu systemd[1]: Started MySQL Community Server.
3月 31 19:01:42 ubuntu systemd[1]: Stopping MySQL Community Server...
3月 31 19:01:43 ubuntu systemd[1]: mysql.service: Succeeded.
3月 31 19:01:43 ubuntu systemd[1]: Stopped MySQL Community Server.
-- Reboot --
3月 31 19:04:01 ubuntu systemd[1]: Starting MySQL Community Server...
3月 31 19:04:06 ubuntu systemd[1]: Started MySQL Community Server.
3月 31 19:26:10 ubuntu systemd[1]: Stopping MySQL Community Server...
3月 31 19:26:11 ubuntu systemd[1]: mysql.service: Succeeded.
3月 31 19:26:11 ubuntu systemd[1]: Stopped MySQL Community Server.
-- Reboot --
3月 31 19:27:36 ubuntu systemd[1]: Starting MySQL Community Server...
3月 31 19:27:42 ubuntu systemd[1]: Started MySQL Community Server.
-- Reboot --
3月 31 19:43:31 ubuntu systemd[1]: Starting MySQL Community Server...
3月 31 19:43:35 ubuntu systemd[1]: Started MySQL Community Server.
3月 31 19:52:55 ubuntu systemd[1]: Stopping MySQL Community Server...
3月 31 19:52:56 ubuntu systemd[1]: mysql.service: Succeeded.
3月 31 19:52:56 ubuntu systemd[1]: Stopped MySQL Community Server.
3月 31 19:55:11 ubuntu systemd[1]: Starting MySQL Community Server...
3月 31 19:55:12 ubuntu systemd[1]: Started MySQL Community Server.
3月 31 19:57:56 ubuntu systemd[1]: Stopping MySQL Community Server...
3月 31 19:57:58 ubuntu systemd[1]: mysql.service: Succeeded.
3月 31 19:57:58 ubuntu systemd[1]: Stopped MySQL Community Server.
-- Reboot --
3月 31 19:58:20 ubuntu systemd[1]: Starting MySQL Community Server...
3月 31 19:58:22 ubuntu systemd[1]: Started MySQL Community Server.
3月 31 20:09:57 ubuntu systemd[1]: Stopping MySQL Community Server...
3月 31 20:09:57 ubuntu systemd[1]: mysql.service: Succeeded.
3月 31 20:09:57 ubuntu systemd[1]: Stopped MySQL Community Server.
-- Reboot --
3月 31 20:24:35 ubuntu systemd[1]: Starting MySQL Community Server...
3月 31 20:24:41 ubuntu systemd[1]: Started MySQL Community Server.
3月 31 21:06:51 ubuntu systemd[1]: Stopping MySQL Community Server...
3月 31 21:06:52 ubuntu systemd[1]: mysql.service: Succeeded.
3月 31 21:06:52 ubuntu systemd[1]: Stopped MySQL Community Server.
-- Reboot --
4月 02 17:05:04 ubuntu systemd[1]: Starting MySQL Community Server...
4月 02 17:05:10 ubuntu systemd[1]: Started MySQL Community Server.
4月 02 17:13:52 ubuntu systemd[1]: Stopping MySQL Community Server...
4月 02 17:13:53 ubuntu systemd[1]: mysql.service: Succeeded.
4月 02 17:13:53 ubuntu systemd[1]: Stopped MySQL Community Server.
-- Reboot --
4月 14 20:21:37 ubuntu systemd[1]: Starting MySQL Community Server...
4月 14 20:21:46 ubuntu systemd[1]: Started MySQL Community Server.
4月 14 20:54:40 ubuntu systemd[1]: Stopping MySQL Community Server...
4月 14 20:54:42 ubuntu systemd[1]: mysql.service: Succeeded.
4月 14 20:54:42 ubuntu systemd[1]: Stopped MySQL Community Server.
-- Reboot --
4月 14 20:55:49 ubuntu systemd[1]: Starting MySQL Community Server...
4月 14 20:55:55 ubuntu systemd[1]: Started MySQL Community Server.
-- Reboot --
4月 15 22:31:07 ubuntu systemd[1]: Starting MySQL Community Server...
4月 15 22:31:12 ubuntu systemd[1]: Started MySQL Community Server.
4月 15 22:43:25 ubuntu systemd[1]: Stopping MySQL Community Server...
4月 15 22:43:26 ubuntu systemd[1]: mysql.service: Succeeded.
4月 15 22:43:26 ubuntu systemd[1]: Stopped MySQL Community Server.
-- Reboot --
4月 15 22:43:42 ubuntu systemd[1]: Starting MySQL Community Server...
4月 15 22:43:44 ubuntu systemd[1]: Started MySQL Community Server.

