-- Logs begin at Sat 2022-01-08 18:32:32 CST, end at Sat 2023-04-15 23:07:25 CST. --
1月 09 21:32:59 ubuntu systemd[1]: snapd.seeded.service: Succeeded.
1月 09 21:32:59 ubuntu systemd[1]: Stopped Wait until snapd is fully seeded.
-- Reboot --
1月 09 21:33:16 ubuntu systemd[1]: Starting Wait until snapd is fully seeded...
1月 09 21:33:17 ubuntu systemd[1]: Finished Wait until snapd is fully seeded.
-- Reboot --
3月 22 14:03:04 ubuntu systemd[1]: Starting Wait until snapd is fully seeded...
3月 22 14:03:04 ubuntu systemd[1]: Finished Wait until snapd is fully seeded.
3月 22 14:11:00 ubuntu systemd[1]: snapd.seeded.service: Succeeded.
3月 22 14:11:00 ubuntu systemd[1]: Stopped Wait until snapd is fully seeded.
3月 22 14:12:12 ubuntu systemd[1]: Starting Wait until snapd is fully seeded...
3月 22 14:12:12 ubuntu systemd[1]: Finished Wait until snapd is fully seeded.
3月 22 14:13:28 ubuntu systemd[1]: snapd.seeded.service: Succeeded.
3月 22 14:13:28 ubuntu systemd[1]: Stopped Wait until snapd is fully seeded.
-- Reboot --
3月 22 14:13:44 ubuntu systemd[1]: Starting Wait until snapd is fully seeded...
3月 22 14:13:44 ubuntu systemd[1]: Finished Wait until snapd is fully seeded.
3月 22 14:22:48 ubuntu systemd[1]: snapd.seeded.service: Succeeded.
3月 22 14:22:48 ubuntu systemd[1]: Stopped Wait until snapd is fully seeded.
-- Reboot --
3月 22 16:13:12 ubuntu systemd[1]: Starting Wait until snapd is fully seeded...
3月 22 16:13:12 ubuntu systemd[1]: Finished Wait until snapd is fully seeded.
3月 22 17:37:59 ubuntu systemd[1]: snapd.seeded.service: Succeeded.
3月 22 17:37:59 ubuntu systemd[1]: Stopped Wait until snapd is fully seeded.
-- Reboot --
3月 25 10:18:09 ubuntu systemd[1]: Starting Wait until snapd is fully seeded...
3月 25 10:18:09 ubuntu systemd[1]: Finished Wait until snapd is fully seeded.
3月 25 10:36:28 ubuntu systemd[1]: snapd.seeded.service: Succeeded.
3月 25 10:36:28 ubuntu systemd[1]: Stopped Wait until snapd is fully seeded.
-- Reboot --
3月 25 10:45:20 ubuntu systemd[1]: Starting Wait until snapd is fully seeded...
3月 25 10:45:20 ubuntu systemd[1]: Finished Wait until snapd is fully seeded.
-- Reboot --
3月 28 10:02:58 ubuntu systemd[1]: Starting Wait until snapd is fully seeded...
3月 28 10:02:58 ubuntu systemd[1]: Finished Wait until snapd is fully seeded.
-- Reboot --
3月 28 14:59:51 ubuntu systemd[1]: Starting Wait until snapd is fully seeded...
3月 28 14:59:51 ubuntu systemd[1]: Finished Wait until snapd is fully seeded.
3月 28 15:53:54 ubuntu systemd[1]: snapd.seeded.service: Succeeded.
3月 28 15:53:54 ubuntu systemd[1]: Stopped Wait until snapd is fully seeded.
-- Reboot --
3月 28 16:17:54 ubuntu systemd[1]: Starting Wait until snapd is fully seeded...
3月 28 16:17:54 ubuntu systemd[1]: Finished Wait until snapd is fully seeded.
3月 28 17:29:19 ubuntu systemd[1]: snapd.seeded.service: Succeeded.
3月 28 17:29:19 ubuntu systemd[1]: Stopped Wait until snapd is fully seeded.
-- Reboot --
4月 01 10:14:30 ubuntu systemd[1]: Starting Wait until snapd is fully seeded...
4月 01 10:14:30 ubuntu systemd[1]: Finished Wait until snapd is fully seeded.
4月 01 10:24:19 ubuntu systemd[1]: snapd.seeded.service: Succeeded.
4月 01 10:24:19 ubuntu systemd[1]: Stopped Wait until snapd is fully seeded.
-- Reboot --
4月 01 10:25:09 ubuntu systemd[1]: Starting Wait until snapd is fully seeded...
4月 01 10:25:09 ubuntu systemd[1]: Finished Wait until snapd is fully seeded.
4月 01 12:03:43 ubuntu systemd[1]: snapd.seeded.service: Succeeded.
4月 01 12:03:43 ubuntu systemd[1]: Stopped Wait until snapd is fully seeded.
-- Reboot --
4月 02 08:51:57 ubuntu systemd[1]: Starting Wait until snapd is fully seeded...
4月 02 08:51:57 ubuntu systemd[1]: Finished Wait until snapd is fully seeded.
-- Reboot --
4月 02 09:04:46 ubuntu systemd[1]: Starting Wait until snapd is fully seeded...
4月 02 09:04:47 ubuntu systemd[1]: Finished Wait until snapd is fully seeded.
-- Reboot --
4月 02 09:10:33 ubuntu systemd[1]: Starting Wait until snapd is fully seeded...
4月 02 09:10:34 ubuntu systemd[1]: Finished Wait until snapd is fully seeded.
4月 02 09:29:37 ubuntu systemd[1]: snapd.seeded.service: Succeeded.
4月 02 09:29:37 ubuntu systemd[1]: Stopped Wait until snapd is fully seeded.
-- Reboot --
4月 02 17:23:06 ubuntu systemd[1]: Starting Wait until snapd is fully seeded...
4月 02 17:23:06 ubuntu systemd[1]: Finished Wait until snapd is fully seeded.
4月 02 17:51:13 ubuntu systemd[1]: snapd.seeded.service: Succeeded.
4月 02 17:51:13 ubuntu systemd[1]: Stopped Wait until snapd is fully seeded.
-- Reboot --
4月 02 17:51:35 ubuntu systemd[1]: Starting Wait until snapd is fully seeded...
4月 02 17:51:35 ubuntu systemd[1]: Finished Wait until snapd is fully seeded.
-- Reboot --
4月 06 08:17:27 ubuntu systemd[1]: Starting Wait until snapd is fully seeded...
4月 06 08:17:27 ubuntu systemd[1]: Finished Wait until snapd is fully seeded.
4月 06 10:26:21 ubuntu systemd[1]: snapd.seeded.service: Succeeded.
4月 06 10:26:21 ubuntu systemd[1]: Stopped Wait until snapd is fully seeded.
-- Reboot --
4月 13 08:09:50 ubuntu systemd[1]: Starting Wait until snapd is fully seeded...
4月 13 08:09:50 ubuntu systemd[1]: Finished Wait until snapd is fully seeded.
4月 13 08:30:00 ubuntu systemd[1]: snapd.seeded.service: Succeeded.
4月 13 08:30:00 ubuntu systemd[1]: Stopped Wait until snapd is fully seeded.
-- Reboot --
4月 13 08:30:22 ubuntu systemd[1]: Starting Wait until snapd is fully seeded...
4月 13 08:30:22 ubuntu systemd[1]: Finished Wait until snapd is fully seeded.
-- Reboot --
4月 13 10:23:48 ubuntu systemd[1]: Starting Wait until snapd is fully seeded...
4月 13 10:23:48 ubuntu systemd[1]: Finished Wait until snapd is fully seeded.
-- Reboot --
4月 13 14:46:35 ubuntu systemd[1]: Starting Wait until snapd is fully seeded...
4月 13 14:46:35 ubuntu systemd[1]: Finished Wait until snapd is fully seeded.
4月 13 15:21:57 ubuntu systemd[1]: snapd.seeded.service: Succeeded.
4月 13 15:21:57 ubuntu systemd[1]: Stopped Wait until snapd is fully seeded.
-- Reboot --
4月 15 10:17:02 ubuntu systemd[1]: Starting Wait until snapd is fully seeded...
4月 15 10:17:02 ubuntu systemd[1]: Finished Wait until snapd is fully seeded.
-- Reboot --
4月 20 08:14:51 ubuntu systemd[1]: Starting Wait until snapd is fully seeded...
4月 20 08:14:51 ubuntu systemd[1]: Finished Wait until snapd is fully seeded.
4月 20 08:22:49 ubuntu systemd[1]: snapd.seeded.service: Succeeded.
4月 20 08:22:49 ubuntu systemd[1]: Stopped Wait until snapd is fully seeded.
-- Reboot --
4月 20 08:23:07 ubuntu systemd[1]: Starting Wait until snapd is fully seeded...
4月 20 08:23:07 ubuntu systemd[1]: Finished Wait until snapd is fully seeded.
-- Reboot --
4月 27 08:18:26 ubuntu systemd[1]: Starting Wait until snapd is fully seeded...
4月 27 08:18:27 ubuntu systemd[1]: Finished Wait until snapd is fully seeded.
4月 27 10:50:15 ubuntu systemd[1]: snapd.seeded.service: Succeeded.
4月 27 10:50:15 ubuntu systemd[1]: Stopped Wait until snapd is fully seeded.
-- Reboot --
4月 27 11:07:15 ubuntu systemd[1]: Starting Wait until snapd is fully seeded...
4月 27 11:07:15 ubuntu systemd[1]: Finished Wait until snapd is fully seeded.
4月 27 11:20:10 ubuntu systemd[1]: snapd.seeded.service: Succeeded.
4月 27 11:20:10 ubuntu systemd[1]: Stopped Wait until snapd is fully seeded.
-- Reboot --
4月 27 14:11:33 ubuntu systemd[1]: Starting Wait until snapd is fully seeded...
4月 27 14:11:33 ubuntu systemd[1]: Finished Wait until snapd is fully seeded.
4月 27 15:04:59 ubuntu systemd[1]: snapd.seeded.service: Succeeded.
4月 27 15:04:59 ubuntu systemd[1]: Stopped Wait until snapd is fully seeded.
-- Reboot --
4月 27 15:05:21 ubuntu systemd[1]: Starting Wait until snapd is fully seeded...
4月 27 15:05:21 ubuntu systemd[1]: Finished Wait until snapd is fully seeded.
4月 27 16:02:17 ubuntu systemd[1]: snapd.seeded.service: Succeeded.
4月 27 16:02:17 ubuntu systemd[1]: Stopped Wait until snapd is fully seeded.
-- Reboot --
4月 28 21:00:54 ubuntu systemd[1]: Starting Wait until snapd is fully seeded...
4月 28 21:00:54 ubuntu systemd[1]: Finished Wait until snapd is fully seeded.
4月 28 21:01:50 ubuntu systemd[1]: snapd.seeded.service: Succeeded.
4月 28 21:01:50 ubuntu systemd[1]: Stopped Wait until snapd is fully seeded.
-- Reboot --
5月 06 10:06:19 ubuntu systemd[1]: Starting Wait until snapd is fully seeded...
5月 06 10:06:19 ubuntu systemd[1]: Finished Wait until snapd is fully seeded.
5月 06 10:16:00 ubuntu systemd[1]: snapd.seeded.service: Succeeded.
5月 06 10:16:00 ubuntu systemd[1]: Stopped Wait until snapd is fully seeded.
5月 06 10:16:41 ubuntu systemd[1]: Starting Wait until snapd is fully seeded...
5月 06 10:16:41 ubuntu systemd[1]: Finished Wait until snapd is fully seeded.
5月 06 10:17:23 ubuntu systemd[1]: snapd.seeded.service: Succeeded.
5月 06 10:17:23 ubuntu systemd[1]: Stopped Wait until snapd is fully seeded.
-- Reboot --
5月 06 10:17:48 ubuntu systemd[1]: Starting Wait until snapd is fully seeded...
5月 06 10:17:48 ubuntu systemd[1]: Finished Wait until snapd is fully seeded.
5月 06 11:20:32 ubuntu systemd[1]: snapd.seeded.service: Succeeded.
5月 06 11:20:32 ubuntu systemd[1]: Stopped Wait until snapd is fully seeded.
-- Reboot --
5月 07 08:13:53 ubuntu systemd[1]: Starting Wait until snapd is fully seeded...
5月 07 08:13:53 ubuntu systemd[1]: Finished Wait until snapd is fully seeded.
-- Reboot --
5月 08 14:53:56 ubuntu systemd[1]: Starting Wait until snapd is fully seeded...
5月 08 14:53:56 ubuntu systemd[1]: Finished Wait until snapd is fully seeded.
5月 08 14:55:08 ubuntu systemd[1]: snapd.seeded.service: Succeeded.
5月 08 14:55:08 ubuntu systemd[1]: Stopped Wait until snapd is fully seeded.
-- Reboot --
5月 08 15:54:27 ubuntu systemd[1]: Starting Wait until snapd is fully seeded...
5月 08 15:54:27 ubuntu systemd[1]: Finished Wait until snapd is fully seeded.
5月 08 16:26:55 ubuntu systemd[1]: snapd.seeded.service: Succeeded.
5月 08 16:26:55 ubuntu systemd[1]: Stopped Wait until snapd is fully seeded.
-- Reboot --
5月 08 16:27:23 ubuntu systemd[1]: Starting Wait until snapd is fully seeded...
5月 08 16:27:23 ubuntu systemd[1]: Finished Wait until snapd is fully seeded.
5月 08 17:02:55 ubuntu systemd[1]: snapd.seeded.service: Succeeded.
5月 08 17:02:55 ubuntu systemd[1]: Stopped Wait until snapd is fully seeded.
-- Reboot --
5月 14 20:51:56 ubuntu systemd[1]: Starting Wait until snapd is fully seeded...
5月 14 20:51:56 ubuntu systemd[1]: Finished Wait until snapd is fully seeded.
-- Reboot --
5月 15 00:06:18 ubuntu systemd[1]: Starting Wait until snapd is fully seeded...
5月 15 00:06:18 ubuntu systemd[1]: Finished Wait until snapd is fully seeded.
5月 15 00:09:00 ubuntu systemd[1]: snapd.seeded.service: Succeeded.
5月 15 00:09:00 ubuntu systemd[1]: Stopped Wait until snapd is fully seeded.
-- Reboot --
5月 15 00:15:11 ubuntu systemd[1]: Starting Wait until snapd is fully seeded...
5月 15 00:15:11 ubuntu systemd[1]: Finished Wait until snapd is fully seeded.
5月 15 00:17:56 ubuntu systemd[1]: snapd.seeded.service: Succeeded.
5月 15 00:17:56 ubuntu systemd[1]: Stopped Wait until snapd is fully seeded.
-- Reboot --
5月 15 10:43:45 ubuntu systemd[1]: Starting Wait until snapd is fully seeded...
5月 15 10:43:46 ubuntu systemd[1]: Finished Wait until snapd is fully seeded.
5月 15 13:21:32 ubuntu systemd[1]: snapd.seeded.service: Succeeded.
5月 15 13:21:32 ubuntu systemd[1]: Stopped Wait until snapd is fully seeded.
-- Reboot --
5月 15 15:15:43 ubuntu systemd[1]: Starting Wait until snapd is fully seeded...
5月 15 15:15:44 ubuntu systemd[1]: Finished Wait until snapd is fully seeded.
5月 15 15:16:43 ubuntu systemd[1]: snapd.seeded.service: Succeeded.
5月 15 15:16:43 ubuntu systemd[1]: Stopped Wait until snapd is fully seeded.
-- Reboot --
5月 15 16:28:30 ubuntu systemd[1]: Starting Wait until snapd is fully seeded...
5月 15 16:28:30 ubuntu systemd[1]: Finished Wait until snapd is fully seeded.
5月 15 17:59:27 ubuntu systemd[1]: snapd.seeded.service: Succeeded.
5月 15 17:59:27 ubuntu systemd[1]: Stopped Wait until snapd is fully seeded.
-- Reboot --
5月 15 21:27:17 ubuntu systemd[1]: Starting Wait until snapd is fully seeded...
5月 15 21:27:17 ubuntu systemd[1]: Finished Wait until snapd is fully seeded.
5月 15 22:59:14 ubuntu systemd[1]: snapd.seeded.service: Succeeded.
5月 15 22:59:14 ubuntu systemd[1]: Stopped Wait until snapd is fully seeded.
-- Reboot --
5月 31 15:28:48 ubuntu systemd[1]: Starting Wait until snapd is fully seeded...
5月 31 15:28:48 ubuntu systemd[1]: Finished Wait until snapd is fully seeded.
5月 31 16:19:37 ubuntu systemd[1]: snapd.seeded.service: Succeeded.
5月 31 16:19:37 ubuntu systemd[1]: Stopped Wait until snapd is fully seeded.
-- Reboot --
5月 31 16:19:56 ubuntu systemd[1]: Starting Wait until snapd is fully seeded...
5月 31 16:19:56 ubuntu systemd[1]: Finished Wait until snapd is fully seeded.
-- Reboot --
5月 31 21:01:00 ubuntu systemd[1]: Starting Wait until snapd is fully seeded...
5月 31 21:01:00 ubuntu systemd[1]: Finished Wait until snapd is fully seeded.
-- Reboot --
6月 01 23:20:34 ubuntu systemd[1]: Starting Wait until snapd is fully seeded...
6月 01 23:20:35 ubuntu systemd[1]: Finished Wait until snapd is fully seeded.
6月 02 00:27:49 ubuntu systemd[1]: snapd.seeded.service: Succeeded.
6月 02 00:27:49 ubuntu systemd[1]: Stopped Wait until snapd is fully seeded.
-- Reboot --
6月 06 14:12:39 ubuntu systemd[1]: Starting Wait until snapd is fully seeded...
6月 06 14:12:40 ubuntu systemd[1]: Finished Wait until snapd is fully seeded.
6月 06 15:33:45 ubuntu systemd[1]: snapd.seeded.service: Succeeded.
6月 06 15:33:45 ubuntu systemd[1]: Stopped Wait until snapd is fully seeded.
-- Reboot --
6月 06 15:39:39 ubuntu systemd[1]: Starting Wait until snapd is fully seeded...
6月 06 15:39:39 ubuntu systemd[1]: Finished Wait until snapd is fully seeded.
6月 06 15:42:24 ubuntu systemd[1]: snapd.seeded.service: Succeeded.
6月 06 15:42:24 ubuntu systemd[1]: Stopped Wait until snapd is fully seeded.
-- Reboot --
6月 06 15:44:26 ubuntu systemd[1]: Starting Wait until snapd is fully seeded...
6月 06 15:44:27 ubuntu systemd[1]: Finished Wait until snapd is fully seeded.
-- Reboot --
6月 15 14:09:04 ubuntu systemd[1]: Starting Wait until snapd is fully seeded...
6月 15 14:09:04 ubuntu systemd[1]: Finished Wait until snapd is fully seeded.
6月 15 16:32:38 ubuntu systemd[1]: snapd.seeded.service: Succeeded.
6月 15 16:32:38 ubuntu systemd[1]: Stopped Wait until snapd is fully seeded.
-- Reboot --
6月 16 14:48:32 ubuntu systemd[1]: Starting Wait until snapd is fully seeded...
6月 16 14:48:32 ubuntu systemd[1]: Finished Wait until snapd is fully seeded.
-- Reboot --
2月 25 16:36:20 ubuntu systemd[1]: Starting Wait until snapd is fully seeded...
2月 25 16:36:20 ubuntu systemd[1]: Finished Wait until snapd is fully seeded.
-- Reboot --
3月 27 17:52:52 ubuntu systemd[1]: Starting Wait until snapd is fully seeded...
3月 27 17:52:52 ubuntu systemd[1]: Finished Wait until snapd is fully seeded.
-- Reboot --
3月 30 14:06:12 ubuntu systemd[1]: Starting Wait until snapd is fully seeded...
3月 30 14:06:12 ubuntu systemd[1]: Finished Wait until snapd is fully seeded.
3月 30 14:44:04 ubuntu systemd[1]: snapd.seeded.service: Succeeded.
3月 30 14:44:04 ubuntu systemd[1]: Stopped Wait until snapd is fully seeded.
-- Reboot --
3月 30 14:44:36 ubuntu systemd[1]: Starting Wait until snapd is fully seeded...
3月 30 14:44:36 ubuntu systemd[1]: Finished Wait until snapd is fully seeded.
3月 30 14:51:17 ubuntu systemd[1]: snapd.seeded.service: Succeeded.
3月 30 14:51:17 ubuntu systemd[1]: Stopped Wait until snapd is fully seeded.
-- Reboot --
3月 30 15:12:22 ubuntu systemd[1]: Starting Wait until snapd is fully seeded...
3月 30 15:12:23 ubuntu systemd[1]: Finished Wait until snapd is fully seeded.
3月 30 15:12:58 ubuntu systemd[1]: snapd.seeded.service: Succeeded.
3月 30 15:12:58 ubuntu systemd[1]: Stopped Wait until snapd is fully seeded.
-- Reboot --
3月 30 15:18:43 ubuntu systemd[1]: Starting Wait until snapd is fully seeded...
3月 30 15:18:43 ubuntu systemd[1]: Finished Wait until snapd is fully seeded.
3月 30 15:19:57 ubuntu systemd[1]: snapd.seeded.service: Succeeded.
3月 30 15:19:57 ubuntu systemd[1]: Stopped Wait until snapd is fully seeded.
-- Reboot --
3月 30 22:57:17 ubuntu systemd[1]: Starting Wait until snapd is fully seeded...
3月 30 22:57:17 ubuntu systemd[1]: Finished Wait until snapd is fully seeded.
3月 30 22:59:12 ubuntu systemd[1]: snapd.seeded.service: Succeeded.
3月 30 22:59:12 ubuntu systemd[1]: Stopped Wait until snapd is fully seeded.
-- Reboot --
3月 30 23:00:48 ubuntu systemd[1]: Starting Wait until snapd is fully seeded...
3月 30 23:00:48 ubuntu systemd[1]: Finished Wait until snapd is fully seeded.
3月 30 23:02:22 ubuntu systemd[1]: snapd.seeded.service: Succeeded.
3月 30 23:02:22 ubuntu systemd[1]: Stopped Wait until snapd is fully seeded.
-- Reboot --
3月 30 23:05:29 ubuntu systemd[1]: Starting Wait until snapd is fully seeded...
3月 30 23:05:29 ubuntu systemd[1]: Finished Wait until snapd is fully seeded.
3月 30 23:14:09 ubuntu systemd[1]: snapd.seeded.service: Succeeded.
3月 30 23:14:09 ubuntu systemd[1]: Stopped Wait until snapd is fully seeded.
-- Reboot --
3月 31 18:40:23 ubuntu systemd[1]: Starting Wait until snapd is fully seeded...
3月 31 18:40:23 ubuntu systemd[1]: Finished Wait until snapd is fully seeded.
3月 31 18:53:35 ubuntu systemd[1]: snapd.seeded.service: Succeeded.
3月 31 18:53:35 ubuntu systemd[1]: Stopped Wait until snapd is fully seeded.
-- Reboot --
3月 31 18:54:21 ubuntu systemd[1]: Starting Wait until snapd is fully seeded...
3月 31 18:54:22 ubuntu systemd[1]: Finished Wait until snapd is fully seeded.
3月 31 19:01:42 ubuntu systemd[1]: snapd.seeded.service: Succeeded.
3月 31 19:01:42 ubuntu systemd[1]: Stopped Wait until snapd is fully seeded.
-- Reboot --
3月 31 19:04:05 ubuntu systemd[1]: Starting Wait until snapd is fully seeded...
3月 31 19:04:05 ubuntu systemd[1]: Finished Wait until snapd is fully seeded.
3月 31 19:26:10 ubuntu systemd[1]: snapd.seeded.service: Succeeded.
3月 31 19:26:10 ubuntu systemd[1]: Stopped Wait until snapd is fully seeded.
-- Reboot --
3月 31 19:27:40 ubuntu systemd[1]: Starting Wait until snapd is fully seeded...
3月 31 19:27:40 ubuntu systemd[1]: Finished Wait until snapd is fully seeded.
-- Reboot --
3月 31 19:43:34 ubuntu systemd[1]: Starting Wait until snapd is fully seeded...
3月 31 19:43:34 ubuntu systemd[1]: Finished Wait until snapd is fully seeded.
3月 31 19:55:21 ubuntu systemd[1]: snapd.seeded.service: Succeeded.
3月 31 19:55:21 ubuntu systemd[1]: Stopped Wait until snapd is fully seeded.
3月 31 19:55:21 ubuntu systemd[1]: Stopping Wait until snapd is fully seeded...
3月 31 19:55:37 ubuntu systemd[1]: Starting Wait until snapd is fully seeded...
3月 31 19:55:37 ubuntu systemd[1]: Finished Wait until snapd is fully seeded.
3月 31 19:55:37 ubuntu systemd[1]: snapd.seeded.service: Succeeded.
3月 31 19:55:37 ubuntu systemd[1]: Stopped Wait until snapd is fully seeded.
3月 31 19:55:37 ubuntu systemd[1]: Stopping Wait until snapd is fully seeded...
3月 31 19:55:37 ubuntu systemd[1]: Starting Wait until snapd is fully seeded...
3月 31 19:55:37 ubuntu systemd[1]: Finished Wait until snapd is fully seeded.
3月 31 19:57:56 ubuntu systemd[1]: snapd.seeded.service: Succeeded.
3月 31 19:57:56 ubuntu systemd[1]: Stopped Wait until snapd is fully seeded.
-- Reboot --
3月 31 19:58:22 ubuntu systemd[1]: Starting Wait until snapd is fully seeded...
3月 31 19:58:22 ubuntu systemd[1]: Finished Wait until snapd is fully seeded.
3月 31 20:09:57 ubuntu systemd[1]: snapd.seeded.service: Succeeded.
3月 31 20:09:57 ubuntu systemd[1]: Stopped Wait until snapd is fully seeded.
-- Reboot --
3月 31 20:24:39 ubuntu systemd[1]: Starting Wait until snapd is fully seeded...
3月 31 20:24:39 ubuntu systemd[1]: Finished Wait until snapd is fully seeded.
3月 31 21:06:51 ubuntu systemd[1]: snapd.seeded.service: Succeeded.
3月 31 21:06:51 ubuntu systemd[1]: Stopped Wait until snapd is fully seeded.
-- Reboot --
4月 02 17:05:08 ubuntu systemd[1]: Starting Wait until snapd is fully seeded...
4月 02 17:05:08 ubuntu systemd[1]: Finished Wait until snapd is fully seeded.
4月 02 17:13:52 ubuntu systemd[1]: snapd.seeded.service: Succeeded.
4月 02 17:13:52 ubuntu systemd[1]: Stopped Wait until snapd is fully seeded.
-- Reboot --
4月 14 20:21:44 ubuntu systemd[1]: Starting Wait until snapd is fully seeded...
4月 14 20:21:44 ubuntu systemd[1]: Finished Wait until snapd is fully seeded.
4月 14 20:54:40 ubuntu systemd[1]: snapd.seeded.service: Succeeded.
4月 14 20:54:40 ubuntu systemd[1]: Stopped Wait until snapd is fully seeded.
-- Reboot --
4月 14 20:55:54 ubuntu systemd[1]: Starting Wait until snapd is fully seeded...
4月 14 20:55:55 ubuntu systemd[1]: Finished Wait until snapd is fully seeded.
-- Reboot --
4月 15 22:31:10 ubuntu systemd[1]: Starting Wait until snapd is fully seeded...
4月 15 22:31:10 ubuntu systemd[1]: Finished Wait until snapd is fully seeded.
4月 15 22:43:25 ubuntu systemd[1]: snapd.seeded.service: Succeeded.
4月 15 22:43:25 ubuntu systemd[1]: Stopped Wait until snapd is fully seeded.
-- Reboot --
4月 15 22:43:44 ubuntu systemd[1]: Starting Wait until snapd is fully seeded...
4月 15 22:43:44 ubuntu systemd[1]: Finished Wait until snapd is fully seeded.

