-- Logs begin at Sat 2022-01-08 18:32:32 CST, end at Sat 2023-04-15 23:07:25 CST. --
1月 09 21:33:00 ubuntu systemd[1]: Stopping Permit User Sessions...
1月 09 21:33:00 ubuntu systemd[1]: systemd-user-sessions.service: Succeeded.
1月 09 21:33:00 ubuntu systemd[1]: Stopped Permit User Sessions.
-- Reboot --
1月 09 21:33:15 ubuntu systemd[1]: Starting Permit User Sessions...
1月 09 21:33:15 ubuntu systemd[1]: Finished Permit User Sessions.
-- Reboot --
3月 22 14:03:02 ubuntu systemd[1]: Starting Permit User Sessions...
3月 22 14:03:02 ubuntu systemd[1]: Finished Permit User Sessions.
3月 22 14:13:28 ubuntu systemd[1]: Stopping Permit User Sessions...
3月 22 14:13:28 ubuntu systemd[1]: systemd-user-sessions.service: Succeeded.
3月 22 14:13:28 ubuntu systemd[1]: Stopped Permit User Sessions.
-- Reboot --
3月 22 14:13:42 ubuntu systemd[1]: Starting Permit User Sessions...
3月 22 14:13:42 ubuntu systemd[1]: Finished Permit User Sessions.
3月 22 14:22:48 ubuntu systemd[1]: Stopping Permit User Sessions...
3月 22 14:22:48 ubuntu systemd[1]: systemd-user-sessions.service: Succeeded.
3月 22 14:22:48 ubuntu systemd[1]: Stopped Permit User Sessions.
-- Reboot --
3月 22 16:13:10 ubuntu systemd[1]: Starting Permit User Sessions...
3月 22 16:13:10 ubuntu systemd[1]: Finished Permit User Sessions.
3月 22 17:38:00 ubuntu systemd[1]: Stopping Permit User Sessions...
3月 22 17:38:00 ubuntu systemd[1]: systemd-user-sessions.service: Succeeded.
3月 22 17:38:00 ubuntu systemd[1]: Stopped Permit User Sessions.
-- Reboot --
3月 25 10:18:05 ubuntu systemd[1]: Starting Permit User Sessions...
3月 25 10:18:05 ubuntu systemd[1]: Finished Permit User Sessions.
3月 25 10:36:29 ubuntu systemd[1]: Stopping Permit User Sessions...
3月 25 10:36:29 ubuntu systemd[1]: systemd-user-sessions.service: Succeeded.
3月 25 10:36:29 ubuntu systemd[1]: Stopped Permit User Sessions.
-- Reboot --
3月 25 10:45:16 ubuntu systemd[1]: Starting Permit User Sessions...
3月 25 10:45:16 ubuntu systemd[1]: Finished Permit User Sessions.
-- Reboot --
3月 28 10:02:54 ubuntu systemd[1]: Starting Permit User Sessions...
3月 28 10:02:54 ubuntu systemd[1]: Finished Permit User Sessions.
-- Reboot --
3月 28 14:59:44 ubuntu systemd[1]: Starting Permit User Sessions...
3月 28 14:59:44 ubuntu systemd[1]: Finished Permit User Sessions.
3月 28 15:53:54 ubuntu systemd[1]: Stopping Permit User Sessions...
3月 28 15:53:54 ubuntu systemd[1]: systemd-user-sessions.service: Succeeded.
3月 28 15:53:54 ubuntu systemd[1]: Stopped Permit User Sessions.
-- Reboot --
3月 28 16:17:46 ubuntu systemd[1]: Starting Permit User Sessions...
3月 28 16:17:46 ubuntu systemd[1]: Finished Permit User Sessions.
3月 28 17:29:21 ubuntu systemd[1]: Stopping Permit User Sessions...
3月 28 17:29:21 ubuntu systemd[1]: systemd-user-sessions.service: Succeeded.
3月 28 17:29:21 ubuntu systemd[1]: Stopped Permit User Sessions.
-- Reboot --
4月 01 10:14:21 ubuntu systemd[1]: Starting Permit User Sessions...
4月 01 10:14:21 ubuntu systemd[1]: Finished Permit User Sessions.
4月 01 10:24:20 ubuntu systemd[1]: Stopping Permit User Sessions...
4月 01 10:24:20 ubuntu systemd[1]: systemd-user-sessions.service: Succeeded.
4月 01 10:24:20 ubuntu systemd[1]: Stopped Permit User Sessions.
-- Reboot --
4月 01 10:25:05 ubuntu systemd[1]: Starting Permit User Sessions...
4月 01 10:25:05 ubuntu systemd[1]: Finished Permit User Sessions.
4月 01 12:03:44 ubuntu systemd[1]: Stopping Permit User Sessions...
4月 01 12:03:44 ubuntu systemd[1]: systemd-user-sessions.service: Succeeded.
4月 01 12:03:44 ubuntu systemd[1]: Stopped Permit User Sessions.
-- Reboot --
4月 02 08:51:52 ubuntu systemd[1]: Starting Permit User Sessions...
4月 02 08:51:52 ubuntu systemd[1]: Finished Permit User Sessions.
-- Reboot --
4月 02 09:04:37 ubuntu systemd[1]: Starting Permit User Sessions...
4月 02 09:04:37 ubuntu systemd[1]: Finished Permit User Sessions.
-- Reboot --
4月 02 09:10:28 ubuntu systemd[1]: Starting Permit User Sessions...
4月 02 09:10:28 ubuntu systemd[1]: Finished Permit User Sessions.
4月 02 09:29:37 ubuntu systemd[1]: Stopping Permit User Sessions...
4月 02 09:29:37 ubuntu systemd[1]: systemd-user-sessions.service: Succeeded.
4月 02 09:29:37 ubuntu systemd[1]: Stopped Permit User Sessions.
-- Reboot --
4月 02 17:23:00 ubuntu systemd[1]: Starting Permit User Sessions...
4月 02 17:23:00 ubuntu systemd[1]: Finished Permit User Sessions.
4月 02 17:51:14 ubuntu systemd[1]: Stopping Permit User Sessions...
4月 02 17:51:14 ubuntu systemd[1]: systemd-user-sessions.service: Succeeded.
4月 02 17:51:14 ubuntu systemd[1]: Stopped Permit User Sessions.
-- Reboot --
4月 02 17:51:33 ubuntu systemd[1]: Starting Permit User Sessions...
4月 02 17:51:33 ubuntu systemd[1]: Finished Permit User Sessions.
-- Reboot --
4月 06 08:17:17 ubuntu systemd[1]: Starting Permit User Sessions...
4月 06 08:17:17 ubuntu systemd[1]: Finished Permit User Sessions.
-- Reboot --
4月 13 08:09:38 ubuntu systemd[1]: Starting Permit User Sessions...
4月 13 08:09:38 ubuntu systemd[1]: Finished Permit User Sessions.
4月 13 08:30:01 ubuntu systemd[1]: Stopping Permit User Sessions...
4月 13 08:30:01 ubuntu systemd[1]: systemd-user-sessions.service: Succeeded.
4月 13 08:30:01 ubuntu systemd[1]: Stopped Permit User Sessions.
-- Reboot --
4月 13 08:30:20 ubuntu systemd[1]: Starting Permit User Sessions...
4月 13 08:30:20 ubuntu systemd[1]: Finished Permit User Sessions.
-- Reboot --
4月 13 10:23:39 ubuntu systemd[1]: Starting Permit User Sessions...
4月 13 10:23:39 ubuntu systemd[1]: Finished Permit User Sessions.
-- Reboot --
4月 13 14:46:33 ubuntu systemd[1]: Starting Permit User Sessions...
4月 13 14:46:33 ubuntu systemd[1]: Finished Permit User Sessions.
4月 13 15:21:58 ubuntu systemd[1]: Stopping Permit User Sessions...
4月 13 15:21:58 ubuntu systemd[1]: systemd-user-sessions.service: Succeeded.
4月 13 15:21:58 ubuntu systemd[1]: Stopped Permit User Sessions.
-- Reboot --
4月 15 10:17:00 ubuntu systemd[1]: Starting Permit User Sessions...
4月 15 10:17:00 ubuntu systemd[1]: Finished Permit User Sessions.
-- Reboot --
4月 20 08:14:45 ubuntu systemd[1]: Starting Permit User Sessions...
4月 20 08:14:45 ubuntu systemd[1]: Finished Permit User Sessions.
4月 20 08:22:50 ubuntu systemd[1]: Stopping Permit User Sessions...
4月 20 08:22:50 ubuntu systemd[1]: systemd-user-sessions.service: Succeeded.
4月 20 08:22:50 ubuntu systemd[1]: Stopped Permit User Sessions.
-- Reboot --
4月 20 08:23:05 ubuntu systemd[1]: Starting Permit User Sessions...
4月 20 08:23:05 ubuntu systemd[1]: Finished Permit User Sessions.
-- Reboot --
4月 27 08:18:21 ubuntu systemd[1]: Starting Permit User Sessions...
4月 27 08:18:21 ubuntu systemd[1]: Finished Permit User Sessions.
4月 27 10:50:17 ubuntu systemd[1]: Stopping Permit User Sessions...
4月 27 10:50:17 ubuntu systemd[1]: systemd-user-sessions.service: Succeeded.
4月 27 10:50:17 ubuntu systemd[1]: Stopped Permit User Sessions.
-- Reboot --
4月 27 11:07:09 ubuntu systemd[1]: Starting Permit User Sessions...
4月 27 11:07:09 ubuntu systemd[1]: Finished Permit User Sessions.
4月 27 11:20:11 ubuntu systemd[1]: Stopping Permit User Sessions...
4月 27 11:20:11 ubuntu systemd[1]: systemd-user-sessions.service: Succeeded.
4月 27 11:20:11 ubuntu systemd[1]: Stopped Permit User Sessions.
-- Reboot --
4月 27 14:11:31 ubuntu systemd[1]: Starting Permit User Sessions...
4月 27 14:11:31 ubuntu systemd[1]: Finished Permit User Sessions.
4月 27 15:05:04 ubuntu systemd[1]: Stopping Permit User Sessions...
4月 27 15:05:04 ubuntu systemd[1]: systemd-user-sessions.service: Succeeded.
4月 27 15:05:04 ubuntu systemd[1]: Stopped Permit User Sessions.
-- Reboot --
4月 27 15:05:19 ubuntu systemd[1]: Starting Permit User Sessions...
4月 27 15:05:19 ubuntu systemd[1]: Finished Permit User Sessions.
4月 27 16:02:18 ubuntu systemd[1]: Stopping Permit User Sessions...
4月 27 16:02:18 ubuntu systemd[1]: systemd-user-sessions.service: Succeeded.
4月 27 16:02:18 ubuntu systemd[1]: Stopped Permit User Sessions.
-- Reboot --
4月 28 21:00:47 ubuntu systemd[1]: Starting Permit User Sessions...
4月 28 21:00:47 ubuntu systemd[1]: Finished Permit User Sessions.
4月 28 21:01:51 ubuntu systemd[1]: Stopping Permit User Sessions...
4月 28 21:01:51 ubuntu systemd[1]: systemd-user-sessions.service: Succeeded.
4月 28 21:01:51 ubuntu systemd[1]: Stopped Permit User Sessions.
-- Reboot --
5月 06 10:06:15 ubuntu systemd[1]: Starting Permit User Sessions...
5月 06 10:06:15 ubuntu systemd[1]: Finished Permit User Sessions.
5月 06 10:17:23 ubuntu systemd[1]: Stopping Permit User Sessions...
5月 06 10:17:23 ubuntu systemd[1]: systemd-user-sessions.service: Succeeded.
5月 06 10:17:23 ubuntu systemd[1]: Stopped Permit User Sessions.
-- Reboot --
5月 06 10:17:46 ubuntu systemd[1]: Starting Permit User Sessions...
5月 06 10:17:46 ubuntu systemd[1]: Finished Permit User Sessions.
5月 06 11:20:33 ubuntu systemd[1]: Stopping Permit User Sessions...
5月 06 11:20:33 ubuntu systemd[1]: systemd-user-sessions.service: Succeeded.
5月 06 11:20:33 ubuntu systemd[1]: Stopped Permit User Sessions.
-- Reboot --
5月 07 08:13:43 ubuntu systemd[1]: Starting Permit User Sessions...
5月 07 08:13:43 ubuntu systemd[1]: Finished Permit User Sessions.
-- Reboot --
5月 08 14:53:46 ubuntu systemd[1]: Starting Permit User Sessions...
5月 08 14:53:46 ubuntu systemd[1]: Finished Permit User Sessions.
5月 08 14:55:09 ubuntu systemd[1]: Stopping Permit User Sessions...
5月 08 14:55:09 ubuntu systemd[1]: systemd-user-sessions.service: Succeeded.
5月 08 14:55:09 ubuntu systemd[1]: Stopped Permit User Sessions.
-- Reboot --
5月 08 15:54:11 ubuntu systemd[1]: Starting Permit User Sessions...
5月 08 15:54:11 ubuntu systemd[1]: Finished Permit User Sessions.
5月 08 16:26:57 ubuntu systemd[1]: Stopping Permit User Sessions...
5月 08 16:26:57 ubuntu systemd[1]: systemd-user-sessions.service: Succeeded.
5月 08 16:26:57 ubuntu systemd[1]: Stopped Permit User Sessions.
-- Reboot --
5月 08 16:27:21 ubuntu systemd[1]: Starting Permit User Sessions...
5月 08 16:27:21 ubuntu systemd[1]: Finished Permit User Sessions.
5月 08 17:02:56 ubuntu systemd[1]: Stopping Permit User Sessions...
5月 08 17:02:56 ubuntu systemd[1]: systemd-user-sessions.service: Succeeded.
5月 08 17:02:56 ubuntu systemd[1]: Stopped Permit User Sessions.
-- Reboot --
5月 14 20:51:43 ubuntu systemd[1]: Starting Permit User Sessions...
5月 14 20:51:43 ubuntu systemd[1]: Finished Permit User Sessions.
-- Reboot --
5月 15 00:06:13 ubuntu systemd[1]: Starting Permit User Sessions...
5月 15 00:06:13 ubuntu systemd[1]: Finished Permit User Sessions.
5月 15 00:09:02 ubuntu systemd[1]: Stopping Permit User Sessions...
5月 15 00:09:02 ubuntu systemd[1]: systemd-user-sessions.service: Succeeded.
5月 15 00:09:02 ubuntu systemd[1]: Stopped Permit User Sessions.
-- Reboot --
5月 15 00:15:06 ubuntu systemd[1]: Starting Permit User Sessions...
5月 15 00:15:06 ubuntu systemd[1]: Finished Permit User Sessions.
5月 15 00:18:02 ubuntu systemd[1]: Stopping Permit User Sessions...
5月 15 00:18:02 ubuntu systemd[1]: systemd-user-sessions.service: Succeeded.
5月 15 00:18:02 ubuntu systemd[1]: Stopped Permit User Sessions.
-- Reboot --
5月 15 10:43:40 ubuntu systemd[1]: Starting Permit User Sessions...
5月 15 10:43:40 ubuntu systemd[1]: Finished Permit User Sessions.
5月 15 13:21:33 ubuntu systemd[1]: Stopping Permit User Sessions...
5月 15 13:21:33 ubuntu systemd[1]: systemd-user-sessions.service: Succeeded.
5月 15 13:21:33 ubuntu systemd[1]: Stopped Permit User Sessions.
-- Reboot --
5月 15 15:15:41 ubuntu systemd[1]: Starting Permit User Sessions...
5月 15 15:15:41 ubuntu systemd[1]: Finished Permit User Sessions.
5月 15 15:16:44 ubuntu systemd[1]: Stopping Permit User Sessions...
5月 15 15:16:44 ubuntu systemd[1]: systemd-user-sessions.service: Succeeded.
5月 15 15:16:44 ubuntu systemd[1]: Stopped Permit User Sessions.
-- Reboot --
5月 15 16:28:27 ubuntu systemd[1]: Starting Permit User Sessions...
5月 15 16:28:27 ubuntu systemd[1]: Finished Permit User Sessions.
5月 15 17:59:27 ubuntu systemd[1]: Stopping Permit User Sessions...
5月 15 17:59:27 ubuntu systemd[1]: systemd-user-sessions.service: Succeeded.
5月 15 17:59:27 ubuntu systemd[1]: Stopped Permit User Sessions.
-- Reboot --
5月 15 21:27:14 ubuntu systemd[1]: Starting Permit User Sessions...
5月 15 21:27:14 ubuntu systemd[1]: Finished Permit User Sessions.
5月 15 22:59:16 ubuntu systemd[1]: Stopping Permit User Sessions...
5月 15 22:59:16 ubuntu systemd[1]: systemd-user-sessions.service: Succeeded.
5月 15 22:59:16 ubuntu systemd[1]: Stopped Permit User Sessions.
-- Reboot --
5月 31 15:28:45 ubuntu systemd[1]: Starting Permit User Sessions...
5月 31 15:28:45 ubuntu systemd[1]: Finished Permit User Sessions.
5月 31 16:19:39 ubuntu systemd[1]: Stopping Permit User Sessions...
5月 31 16:19:39 ubuntu systemd[1]: systemd-user-sessions.service: Succeeded.
5月 31 16:19:39 ubuntu systemd[1]: Stopped Permit User Sessions.
-- Reboot --
5月 31 16:19:54 ubuntu systemd[1]: Starting Permit User Sessions...
5月 31 16:19:54 ubuntu systemd[1]: Finished Permit User Sessions.
-- Reboot --
5月 31 21:00:56 ubuntu systemd[1]: Starting Permit User Sessions...
5月 31 21:00:56 ubuntu systemd[1]: Finished Permit User Sessions.
-- Reboot --
6月 01 23:20:22 ubuntu systemd[1]: Starting Permit User Sessions...
6月 01 23:20:22 ubuntu systemd[1]: Finished Permit User Sessions.
6月 02 00:27:50 ubuntu systemd[1]: Stopping Permit User Sessions...
6月 02 00:27:50 ubuntu systemd[1]: systemd-user-sessions.service: Succeeded.
6月 02 00:27:50 ubuntu systemd[1]: Stopped Permit User Sessions.
-- Reboot --
6月 06 14:12:35 ubuntu systemd[1]: Starting Permit User Sessions...
6月 06 14:12:35 ubuntu systemd[1]: Finished Permit User Sessions.
6月 06 15:33:47 ubuntu systemd[1]: Stopping Permit User Sessions...
6月 06 15:33:47 ubuntu systemd[1]: systemd-user-sessions.service: Succeeded.
6月 06 15:33:47 ubuntu systemd[1]: Stopped Permit User Sessions.
-- Reboot --
6月 06 15:39:29 ubuntu systemd[1]: Starting Permit User Sessions...
6月 06 15:39:29 ubuntu systemd[1]: Finished Permit User Sessions.
6月 06 15:42:30 ubuntu systemd[1]: Stopping Permit User Sessions...
6月 06 15:42:30 ubuntu systemd[1]: systemd-user-sessions.service: Succeeded.
6月 06 15:42:30 ubuntu systemd[1]: Stopped Permit User Sessions.
-- Reboot --
6月 06 15:44:10 ubuntu systemd[1]: Starting Permit User Sessions...
6月 06 15:44:10 ubuntu systemd[1]: Finished Permit User Sessions.
-- Reboot --
6月 15 14:08:50 ubuntu systemd[1]: Starting Permit User Sessions...
6月 15 14:08:50 ubuntu systemd[1]: Finished Permit User Sessions.
6月 15 16:32:44 ubuntu systemd[1]: Stopping Permit User Sessions...
6月 15 16:32:44 ubuntu systemd[1]: systemd-user-sessions.service: Succeeded.
6月 15 16:32:44 ubuntu systemd[1]: Stopped Permit User Sessions.
-- Reboot --
6月 16 14:48:28 ubuntu systemd[1]: Starting Permit User Sessions...
6月 16 14:48:28 ubuntu systemd[1]: Finished Permit User Sessions.
-- Reboot --
2月 25 16:36:14 ubuntu systemd[1]: Starting Permit User Sessions...
2月 25 16:36:14 ubuntu systemd[1]: Finished Permit User Sessions.
-- Reboot --
3月 27 17:52:49 ubuntu systemd[1]: Starting Permit User Sessions...
3月 27 17:52:49 ubuntu systemd[1]: Finished Permit User Sessions.
-- Reboot --
3月 30 14:05:43 ubuntu systemd[1]: Starting Permit User Sessions...
3月 30 14:05:43 ubuntu systemd[1]: Finished Permit User Sessions.
3月 30 14:44:05 ubuntu systemd[1]: Stopping Permit User Sessions...
3月 30 14:44:05 ubuntu systemd[1]: systemd-user-sessions.service: Succeeded.
3月 30 14:44:05 ubuntu systemd[1]: Stopped Permit User Sessions.
-- Reboot --
3月 30 14:44:33 ubuntu systemd[1]: Starting Permit User Sessions...
3月 30 14:44:33 ubuntu systemd[1]: Finished Permit User Sessions.
3月 30 14:51:19 ubuntu systemd[1]: Stopping Permit User Sessions...
3月 30 14:51:19 ubuntu systemd[1]: systemd-user-sessions.service: Succeeded.
3月 30 14:51:19 ubuntu systemd[1]: Stopped Permit User Sessions.
-- Reboot --
3月 30 15:12:20 ubuntu systemd[1]: Starting Permit User Sessions...
3月 30 15:12:20 ubuntu systemd[1]: Finished Permit User Sessions.
3月 30 15:12:59 ubuntu systemd[1]: Stopping Permit User Sessions...
3月 30 15:12:59 ubuntu systemd[1]: systemd-user-sessions.service: Succeeded.
3月 30 15:12:59 ubuntu systemd[1]: Stopped Permit User Sessions.
-- Reboot --
3月 30 15:18:40 ubuntu systemd[1]: Starting Permit User Sessions...
3月 30 15:18:40 ubuntu systemd[1]: Finished Permit User Sessions.
3月 30 15:20:00 ubuntu systemd[1]: Stopping Permit User Sessions...
3月 30 15:20:00 ubuntu systemd[1]: systemd-user-sessions.service: Succeeded.
3月 30 15:20:00 ubuntu systemd[1]: Stopped Permit User Sessions.
-- Reboot --
3月 30 22:57:14 ubuntu systemd[1]: Starting Permit User Sessions...
3月 30 22:57:14 ubuntu systemd[1]: Finished Permit User Sessions.
3月 30 22:59:17 ubuntu systemd[1]: Stopping Permit User Sessions...
3月 30 22:59:17 ubuntu systemd[1]: systemd-user-sessions.service: Succeeded.
3月 30 22:59:17 ubuntu systemd[1]: Stopped Permit User Sessions.
-- Reboot --
3月 30 23:00:45 ubuntu systemd[1]: Starting Permit User Sessions...
3月 30 23:00:45 ubuntu systemd[1]: Finished Permit User Sessions.
3月 30 23:02:25 ubuntu systemd[1]: Stopping Permit User Sessions...
3月 30 23:02:25 ubuntu systemd[1]: systemd-user-sessions.service: Succeeded.
3月 30 23:02:25 ubuntu systemd[1]: Stopped Permit User Sessions.
-- Reboot --
3月 30 23:05:26 ubuntu systemd[1]: Starting Permit User Sessions...
3月 30 23:05:27 ubuntu systemd[1]: Finished Permit User Sessions.
3月 30 23:14:09 ubuntu systemd[1]: Stopping Permit User Sessions...
3月 30 23:14:09 ubuntu systemd[1]: systemd-user-sessions.service: Succeeded.
3月 30 23:14:09 ubuntu systemd[1]: Stopped Permit User Sessions.
-- Reboot --
3月 31 18:40:20 ubuntu systemd[1]: Starting Permit User Sessions...
3月 31 18:40:20 ubuntu systemd[1]: Finished Permit User Sessions.
3月 31 18:53:36 ubuntu systemd[1]: Stopping Permit User Sessions...
3月 31 18:53:36 ubuntu systemd[1]: systemd-user-sessions.service: Succeeded.
3月 31 18:53:36 ubuntu systemd[1]: Stopped Permit User Sessions.
-- Reboot --
3月 31 18:54:17 ubuntu systemd[1]: Starting Permit User Sessions...
3月 31 18:54:18 ubuntu systemd[1]: Finished Permit User Sessions.
3月 31 19:01:43 ubuntu systemd[1]: Stopping Permit User Sessions...
3月 31 19:01:43 ubuntu systemd[1]: systemd-user-sessions.service: Succeeded.
3月 31 19:01:43 ubuntu systemd[1]: Stopped Permit User Sessions.
-- Reboot --
3月 31 19:04:01 ubuntu systemd[1]: Starting Permit User Sessions...
3月 31 19:04:01 ubuntu systemd[1]: Finished Permit User Sessions.
3月 31 19:26:11 ubuntu systemd[1]: Stopping Permit User Sessions...
3月 31 19:26:11 ubuntu systemd[1]: systemd-user-sessions.service: Succeeded.
3月 31 19:26:11 ubuntu systemd[1]: Stopped Permit User Sessions.
-- Reboot --
3月 31 19:27:36 ubuntu systemd[1]: Starting Permit User Sessions...
3月 31 19:27:36 ubuntu systemd[1]: Finished Permit User Sessions.
-- Reboot --
3月 31 19:43:31 ubuntu systemd[1]: Starting Permit User Sessions...
3月 31 19:43:31 ubuntu systemd[1]: Finished Permit User Sessions.
3月 31 19:57:59 ubuntu systemd[1]: Stopping Permit User Sessions...
3月 31 19:57:59 ubuntu systemd[1]: systemd-user-sessions.service: Succeeded.
3月 31 19:57:59 ubuntu systemd[1]: Stopped Permit User Sessions.
-- Reboot --
3月 31 19:58:20 ubuntu systemd[1]: Starting Permit User Sessions...
3月 31 19:58:20 ubuntu systemd[1]: Finished Permit User Sessions.
3月 31 20:10:02 ubuntu systemd[1]: Stopping Permit User Sessions...
3月 31 20:10:02 ubuntu systemd[1]: systemd-user-sessions.service: Succeeded.
3月 31 20:10:02 ubuntu systemd[1]: Stopped Permit User Sessions.
-- Reboot --
3月 31 20:24:35 ubuntu systemd[1]: Starting Permit User Sessions...
3月 31 20:24:35 ubuntu systemd[1]: Finished Permit User Sessions.
3月 31 21:06:52 ubuntu systemd[1]: Stopping Permit User Sessions...
3月 31 21:06:52 ubuntu systemd[1]: systemd-user-sessions.service: Succeeded.
3月 31 21:06:52 ubuntu systemd[1]: Stopped Permit User Sessions.
-- Reboot --
4月 02 17:05:04 ubuntu systemd[1]: Starting Permit User Sessions...
4月 02 17:05:04 ubuntu systemd[1]: Finished Permit User Sessions.
4月 02 17:13:53 ubuntu systemd[1]: Stopping Permit User Sessions...
4月 02 17:13:53 ubuntu systemd[1]: systemd-user-sessions.service: Succeeded.
4月 02 17:13:53 ubuntu systemd[1]: Stopped Permit User Sessions.
-- Reboot --
4月 14 20:21:37 ubuntu systemd[1]: Starting Permit User Sessions...
4月 14 20:21:37 ubuntu systemd[1]: Finished Permit User Sessions.
4月 14 20:54:42 ubuntu systemd[1]: Stopping Permit User Sessions...
4月 14 20:54:42 ubuntu systemd[1]: systemd-user-sessions.service: Succeeded.
4月 14 20:54:42 ubuntu systemd[1]: Stopped Permit User Sessions.
-- Reboot --
4月 14 20:55:49 ubuntu systemd[1]: Starting Permit User Sessions...
4月 14 20:55:49 ubuntu systemd[1]: Finished Permit User Sessions.
-- Reboot --
4月 15 22:31:07 ubuntu systemd[1]: Starting Permit User Sessions...
4月 15 22:31:07 ubuntu systemd[1]: Finished Permit User Sessions.
4月 15 22:43:25 ubuntu systemd[1]: Stopping Permit User Sessions...
4月 15 22:43:25 ubuntu systemd[1]: systemd-user-sessions.service: Succeeded.
4月 15 22:43:25 ubuntu systemd[1]: Stopped Permit User Sessions.
-- Reboot --
4月 15 22:43:42 ubuntu systemd[1]: Starting Permit User Sessions...
4月 15 22:43:42 ubuntu systemd[1]: Finished Permit User Sessions.

