-- Logs begin at Sat 2022-01-08 18:32:32 CST, end at Sat 2023-04-15 23:07:25 CST. --
1月 09 21:33:00 ubuntu systemd[1]: systemd-sysctl.service: Succeeded.
1月 09 21:33:00 ubuntu systemd[1]: Stopped Apply Kernel Variables.
-- Reboot --
1月 09 21:33:13 ubuntu systemd[1]: Starting Apply Kernel Variables...
1月 09 21:33:13 ubuntu systemd[1]: Finished Apply Kernel Variables.
-- Reboot --
3月 22 14:03:00 ubuntu systemd[1]: Starting Apply Kernel Variables...
3月 22 14:03:00 ubuntu systemd[1]: Finished Apply Kernel Variables.
3月 22 14:13:28 ubuntu systemd[1]: systemd-sysctl.service: Succeeded.
3月 22 14:13:28 ubuntu systemd[1]: Stopped Apply Kernel Variables.
-- Reboot --
3月 22 14:13:40 ubuntu systemd[1]: Starting Apply Kernel Variables...
3月 22 14:13:40 ubuntu systemd-sysctl[462]: Not setting net/ipv4/conf/all/promote_secondaries (explicit setting exists).
3月 22 14:13:40 ubuntu systemd-sysctl[462]: Not setting net/ipv4/conf/default/promote_secondaries (explicit setting exists).
3月 22 14:13:40 ubuntu systemd[1]: Finished Apply Kernel Variables.
3月 22 14:22:48 ubuntu systemd[1]: systemd-sysctl.service: Succeeded.
3月 22 14:22:48 ubuntu systemd[1]: Stopped Apply Kernel Variables.
-- Reboot --
3月 22 16:13:08 ubuntu systemd[1]: Starting Apply Kernel Variables...
3月 22 16:13:08 ubuntu systemd[1]: Finished Apply Kernel Variables.
3月 22 17:38:01 ubuntu systemd[1]: systemd-sysctl.service: Succeeded.
3月 22 17:38:01 ubuntu systemd[1]: Stopped Apply Kernel Variables.
-- Reboot --
3月 25 10:17:57 ubuntu systemd-sysctl[461]: Not setting net/ipv4/conf/all/promote_secondaries (explicit setting exists).
3月 25 10:17:57 ubuntu systemd-sysctl[461]: Not setting net/ipv4/conf/default/promote_secondaries (explicit setting exists).
3月 25 10:17:57 ubuntu systemd[1]: Finished Apply Kernel Variables.
3月 25 10:36:29 ubuntu systemd[1]: systemd-sysctl.service: Succeeded.
3月 25 10:36:29 ubuntu systemd[1]: Stopped Apply Kernel Variables.
-- Reboot --
3月 25 10:45:09 ubuntu systemd[1]: Finished Apply Kernel Variables.
-- Reboot --
3月 28 10:02:47 ubuntu systemd-sysctl[454]: Not setting net/ipv4/conf/all/promote_secondaries (explicit setting exists).
3月 28 10:02:47 ubuntu systemd-sysctl[454]: Not setting net/ipv4/conf/default/promote_secondaries (explicit setting exists).
3月 28 10:02:47 ubuntu systemd[1]: Finished Apply Kernel Variables.
-- Reboot --
3月 28 15:53:55 ubuntu systemd[1]: systemd-sysctl.service: Succeeded.
3月 28 15:53:55 ubuntu systemd[1]: Stopped Apply Kernel Variables.
-- Reboot --
3月 28 16:17:37 ubuntu systemd-sysctl[401]: Not setting net/ipv4/conf/all/promote_secondaries (explicit setting exists).
3月 28 16:17:37 ubuntu systemd-sysctl[401]: Not setting net/ipv4/conf/default/promote_secondaries (explicit setting exists).
3月 28 16:17:37 ubuntu systemd[1]: Finished Apply Kernel Variables.
3月 28 17:29:21 ubuntu systemd[1]: systemd-sysctl.service: Succeeded.
3月 28 17:29:21 ubuntu systemd[1]: Stopped Apply Kernel Variables.
-- Reboot --
4月 01 10:14:12 ubuntu systemd[1]: Starting Apply Kernel Variables...
4月 01 10:14:12 ubuntu systemd[1]: Finished Apply Kernel Variables.
4月 01 10:24:20 ubuntu systemd[1]: systemd-sysctl.service: Succeeded.
4月 01 10:24:20 ubuntu systemd[1]: Stopped Apply Kernel Variables.
-- Reboot --
4月 01 10:24:54 ubuntu systemd[1]: Starting Apply Kernel Variables...
4月 01 10:24:54 ubuntu systemd[1]: Finished Apply Kernel Variables.
4月 01 12:03:44 ubuntu systemd[1]: systemd-sysctl.service: Succeeded.
4月 01 12:03:44 ubuntu systemd[1]: Stopped Apply Kernel Variables.
-- Reboot --
4月 02 08:51:49 ubuntu systemd[1]: Starting Apply Kernel Variables...
4月 02 08:51:49 ubuntu systemd[1]: Finished Apply Kernel Variables.
-- Reboot --
4月 02 09:04:28 ubuntu systemd[1]: Starting Apply Kernel Variables...
4月 02 09:04:28 ubuntu systemd[1]: Finished Apply Kernel Variables.
-- Reboot --
4月 02 09:29:37 ubuntu systemd[1]: systemd-sysctl.service: Succeeded.
4月 02 09:29:37 ubuntu systemd[1]: Stopped Apply Kernel Variables.
-- Reboot --
4月 02 17:22:57 ubuntu systemd[1]: Starting Apply Kernel Variables...
4月 02 17:22:57 ubuntu systemd[1]: Finished Apply Kernel Variables.
4月 02 17:51:14 ubuntu systemd[1]: systemd-sysctl.service: Succeeded.
4月 02 17:51:14 ubuntu systemd[1]: Stopped Apply Kernel Variables.
-- Reboot --
4月 02 17:51:27 ubuntu systemd[1]: Starting Apply Kernel Variables...
4月 02 17:51:27 ubuntu systemd-sysctl[445]: Not setting net/ipv4/conf/all/promote_secondaries (explicit setting exists).
4月 02 17:51:27 ubuntu systemd-sysctl[445]: Not setting net/ipv4/conf/default/promote_secondaries (explicit setting exists).
4月 02 17:51:27 ubuntu systemd[1]: Finished Apply Kernel Variables.
-- Reboot --
4月 06 08:17:07 ubuntu systemd[1]: Starting Apply Kernel Variables...
4月 06 08:17:07 ubuntu systemd-sysctl[402]: Not setting net/ipv4/conf/all/promote_secondaries (explicit setting exists).
4月 06 08:17:07 ubuntu systemd-sysctl[402]: Not setting net/ipv4/conf/default/promote_secondaries (explicit setting exists).
4月 06 08:17:07 ubuntu systemd[1]: Finished Apply Kernel Variables.
-- Reboot --
4月 13 08:09:35 ubuntu systemd[1]: Starting Apply Kernel Variables...
4月 13 08:09:35 ubuntu systemd[1]: Finished Apply Kernel Variables.
4月 13 08:30:01 ubuntu systemd[1]: systemd-sysctl.service: Succeeded.
4月 13 08:30:01 ubuntu systemd[1]: Stopped Apply Kernel Variables.
-- Reboot --
4月 13 08:30:17 ubuntu systemd[1]: Starting Apply Kernel Variables...
4月 13 08:30:17 ubuntu systemd[1]: Finished Apply Kernel Variables.
-- Reboot --
4月 13 10:23:22 ubuntu systemd[1]: Starting Apply Kernel Variables...
4月 13 10:23:22 ubuntu systemd[1]: Finished Apply Kernel Variables.
-- Reboot --
4月 13 14:46:30 ubuntu systemd[1]: Starting Apply Kernel Variables...
4月 13 14:46:30 ubuntu systemd[1]: Finished Apply Kernel Variables.
4月 13 15:21:58 ubuntu systemd[1]: systemd-sysctl.service: Succeeded.
4月 13 15:21:58 ubuntu systemd[1]: Stopped Apply Kernel Variables.
-- Reboot --
4月 15 10:16:57 ubuntu systemd[1]: Starting Apply Kernel Variables...
4月 15 10:16:57 ubuntu systemd[1]: Finished Apply Kernel Variables.
-- Reboot --
4月 20 08:14:36 ubuntu systemd-sysctl[401]: Not setting net/ipv4/conf/all/promote_secondaries (explicit setting exists).
4月 20 08:14:36 ubuntu systemd-sysctl[401]: Not setting net/ipv4/conf/default/promote_secondaries (explicit setting exists).
4月 20 08:14:36 ubuntu systemd[1]: Finished Apply Kernel Variables.
4月 20 08:22:50 ubuntu systemd[1]: systemd-sysctl.service: Succeeded.
4月 20 08:22:50 ubuntu systemd[1]: Stopped Apply Kernel Variables.
-- Reboot --
4月 20 08:23:03 ubuntu systemd[1]: Starting Apply Kernel Variables...
4月 20 08:23:03 ubuntu systemd[1]: Finished Apply Kernel Variables.
-- Reboot --
4月 27 08:18:12 ubuntu systemd[1]: Starting Apply Kernel Variables...
4月 27 08:18:12 ubuntu systemd[1]: Finished Apply Kernel Variables.
4月 27 10:50:17 ubuntu systemd[1]: systemd-sysctl.service: Succeeded.
4月 27 10:50:17 ubuntu systemd[1]: Stopped Apply Kernel Variables.
-- Reboot --
4月 27 11:06:59 ubuntu systemd[1]: Starting Apply Kernel Variables...
4月 27 11:06:59 ubuntu systemd[1]: Finished Apply Kernel Variables.
4月 27 11:20:11 ubuntu systemd[1]: systemd-sysctl.service: Succeeded.
4月 27 11:20:11 ubuntu systemd[1]: Stopped Apply Kernel Variables.
-- Reboot --
4月 27 14:11:28 ubuntu systemd[1]: Starting Apply Kernel Variables...
4月 27 14:11:28 ubuntu systemd[1]: Finished Apply Kernel Variables.
4月 27 15:05:04 ubuntu systemd[1]: systemd-sysctl.service: Succeeded.
4月 27 15:05:04 ubuntu systemd[1]: Stopped Apply Kernel Variables.
-- Reboot --
4月 27 15:05:16 ubuntu systemd[1]: Starting Apply Kernel Variables...
4月 27 15:05:17 ubuntu systemd-sysctl[444]: Not setting net/ipv4/conf/all/promote_secondaries (explicit setting exists).
4月 27 15:05:17 ubuntu systemd-sysctl[444]: Not setting net/ipv4/conf/default/promote_secondaries (explicit setting exists).
4月 27 15:05:17 ubuntu systemd[1]: Finished Apply Kernel Variables.
4月 27 16:02:18 ubuntu systemd[1]: systemd-sysctl.service: Succeeded.
4月 27 16:02:18 ubuntu systemd[1]: Stopped Apply Kernel Variables.
-- Reboot --
4月 28 21:00:36 ubuntu systemd[1]: Starting Apply Kernel Variables...
4月 28 21:00:36 ubuntu systemd[1]: Finished Apply Kernel Variables.
4月 28 21:01:51 ubuntu systemd[1]: systemd-sysctl.service: Succeeded.
4月 28 21:01:51 ubuntu systemd[1]: Stopped Apply Kernel Variables.
-- Reboot --
5月 06 10:06:10 ubuntu systemd[1]: Starting Apply Kernel Variables...
5月 06 10:06:10 ubuntu systemd-sysctl[455]: Not setting net/ipv4/conf/all/promote_secondaries (explicit setting exists).
5月 06 10:06:10 ubuntu systemd-sysctl[455]: Not setting net/ipv4/conf/default/promote_secondaries (explicit setting exists).
5月 06 10:06:11 ubuntu systemd[1]: Finished Apply Kernel Variables.
5月 06 10:17:23 ubuntu systemd[1]: systemd-sysctl.service: Succeeded.
5月 06 10:17:23 ubuntu systemd[1]: Stopped Apply Kernel Variables.
-- Reboot --
5月 06 10:17:36 ubuntu systemd[1]: Starting Apply Kernel Variables...
5月 06 10:17:37 ubuntu systemd[1]: Finished Apply Kernel Variables.
5月 06 11:20:33 ubuntu systemd[1]: systemd-sysctl.service: Succeeded.
5月 06 11:20:33 ubuntu systemd[1]: Stopped Apply Kernel Variables.
-- Reboot --
5月 07 08:13:40 ubuntu systemd[1]: Starting Apply Kernel Variables...
5月 07 08:13:40 ubuntu systemd[1]: Finished Apply Kernel Variables.
-- Reboot --
5月 08 14:53:42 ubuntu systemd[1]: Starting Apply Kernel Variables...
5月 08 14:53:42 ubuntu systemd[1]: Finished Apply Kernel Variables.
5月 08 14:55:09 ubuntu systemd[1]: systemd-sysctl.service: Succeeded.
5月 08 14:55:09 ubuntu systemd[1]: Stopped Apply Kernel Variables.
-- Reboot --
5月 08 15:54:00 ubuntu systemd[1]: Starting Apply Kernel Variables...
5月 08 15:54:00 ubuntu systemd[1]: Finished Apply Kernel Variables.
5月 08 16:26:57 ubuntu systemd[1]: systemd-sysctl.service: Succeeded.
5月 08 16:26:57 ubuntu systemd[1]: Stopped Apply Kernel Variables.
-- Reboot --
5月 08 16:27:08 ubuntu systemd[1]: Starting Apply Kernel Variables...
5月 08 16:27:09 ubuntu systemd[1]: Finished Apply Kernel Variables.
5月 08 17:02:56 ubuntu systemd[1]: systemd-sysctl.service: Succeeded.
5月 08 17:02:56 ubuntu systemd[1]: Stopped Apply Kernel Variables.
-- Reboot --
5月 14 20:51:40 ubuntu systemd[1]: Starting Apply Kernel Variables...
5月 14 20:51:40 ubuntu systemd[1]: Finished Apply Kernel Variables.
-- Reboot --
5月 15 00:06:10 ubuntu systemd[1]: Starting Apply Kernel Variables...
5月 15 00:06:10 ubuntu systemd[1]: Finished Apply Kernel Variables.
5月 15 00:09:21 ubuntu systemd[1]: systemd-sysctl.service: Succeeded.
5月 15 00:09:21 ubuntu systemd[1]: Stopped Apply Kernel Variables.
-- Reboot --
5月 15 00:15:03 ubuntu systemd[1]: Starting Apply Kernel Variables...
5月 15 00:15:03 ubuntu systemd[1]: Finished Apply Kernel Variables.
5月 15 00:18:03 ubuntu systemd[1]: systemd-sysctl.service: Succeeded.
5月 15 00:18:03 ubuntu systemd[1]: Stopped Apply Kernel Variables.
-- Reboot --
5月 15 10:43:37 ubuntu systemd[1]: Starting Apply Kernel Variables...
5月 15 10:43:37 ubuntu systemd[1]: Finished Apply Kernel Variables.
5月 15 13:21:33 ubuntu systemd[1]: systemd-sysctl.service: Succeeded.
5月 15 13:21:33 ubuntu systemd[1]: Stopped Apply Kernel Variables.
-- Reboot --
5月 15 15:15:38 ubuntu systemd[1]: Starting Apply Kernel Variables...
5月 15 15:15:38 ubuntu systemd[1]: Finished Apply Kernel Variables.
5月 15 15:16:45 ubuntu systemd[1]: systemd-sysctl.service: Succeeded.
5月 15 15:16:45 ubuntu systemd[1]: Stopped Apply Kernel Variables.
-- Reboot --
5月 15 16:28:24 ubuntu systemd[1]: Starting Apply Kernel Variables...
5月 15 16:28:24 ubuntu systemd-sysctl[435]: Not setting net/ipv4/conf/all/promote_secondaries (explicit setting exists).
5月 15 16:28:24 ubuntu systemd-sysctl[435]: Not setting net/ipv4/conf/default/promote_secondaries (explicit setting exists).
5月 15 16:28:24 ubuntu systemd[1]: Finished Apply Kernel Variables.
5月 15 17:59:28 ubuntu systemd[1]: systemd-sysctl.service: Succeeded.
5月 15 17:59:28 ubuntu systemd[1]: Stopped Apply Kernel Variables.
-- Reboot --
5月 15 21:27:11 ubuntu systemd[1]: Starting Apply Kernel Variables...
5月 15 21:27:11 ubuntu systemd[1]: Finished Apply Kernel Variables.
5月 15 22:59:16 ubuntu systemd[1]: systemd-sysctl.service: Succeeded.
5月 15 22:59:16 ubuntu systemd[1]: Stopped Apply Kernel Variables.
-- Reboot --
5月 31 15:28:42 ubuntu systemd[1]: Starting Apply Kernel Variables...
5月 31 15:28:42 ubuntu systemd[1]: Finished Apply Kernel Variables.
5月 31 16:19:39 ubuntu systemd[1]: systemd-sysctl.service: Succeeded.
5月 31 16:19:39 ubuntu systemd[1]: Stopped Apply Kernel Variables.
-- Reboot --
5月 31 16:19:51 ubuntu systemd[1]: Starting Apply Kernel Variables...
5月 31 16:19:51 ubuntu systemd-sysctl[445]: Not setting net/ipv4/conf/all/promote_secondaries (explicit setting exists).
5月 31 16:19:51 ubuntu systemd-sysctl[445]: Not setting net/ipv4/conf/default/promote_secondaries (explicit setting exists).
5月 31 16:19:51 ubuntu systemd[1]: Finished Apply Kernel Variables.
-- Reboot --
5月 31 21:00:52 ubuntu systemd[1]: Starting Apply Kernel Variables...
5月 31 21:00:52 ubuntu systemd[1]: Finished Apply Kernel Variables.
-- Reboot --
6月 01 23:20:06 ubuntu systemd[1]: Starting Apply Kernel Variables...
6月 01 23:20:06 ubuntu systemd[1]: Finished Apply Kernel Variables.
6月 02 00:27:50 ubuntu systemd[1]: systemd-sysctl.service: Succeeded.
6月 02 00:27:50 ubuntu systemd[1]: Stopped Apply Kernel Variables.
-- Reboot --
6月 06 14:12:25 ubuntu systemd[1]: Starting Apply Kernel Variables...
6月 06 14:12:25 ubuntu systemd[1]: Finished Apply Kernel Variables.
6月 06 15:33:47 ubuntu systemd[1]: systemd-sysctl.service: Succeeded.
6月 06 15:33:47 ubuntu systemd[1]: Stopped Apply Kernel Variables.
-- Reboot --
6月 06 15:39:18 ubuntu systemd-sysctl[400]: Not setting net/ipv4/conf/all/promote_secondaries (explicit setting exists).
6月 06 15:39:18 ubuntu systemd-sysctl[400]: Not setting net/ipv4/conf/default/promote_secondaries (explicit setting exists).
6月 06 15:39:19 ubuntu systemd[1]: Finished Apply Kernel Variables.
6月 06 15:42:30 ubuntu systemd[1]: systemd-sysctl.service: Succeeded.
6月 06 15:42:30 ubuntu systemd[1]: Stopped Apply Kernel Variables.
-- Reboot --
6月 06 15:43:55 ubuntu systemd[1]: Starting Apply Kernel Variables...
6月 06 15:43:55 ubuntu systemd[1]: Finished Apply Kernel Variables.
-- Reboot --
6月 15 14:08:41 ubuntu systemd[1]: Starting Apply Kernel Variables...
6月 15 14:08:41 ubuntu systemd[1]: Finished Apply Kernel Variables.
6月 15 16:32:44 ubuntu systemd[1]: systemd-sysctl.service: Succeeded.
6月 15 16:32:44 ubuntu systemd[1]: Stopped Apply Kernel Variables.
-- Reboot --
6月 16 14:48:25 ubuntu systemd[1]: Starting Apply Kernel Variables...
6月 16 14:48:25 ubuntu systemd[1]: Finished Apply Kernel Variables.
-- Reboot --
2月 25 16:36:11 ubuntu systemd[1]: Starting Apply Kernel Variables...
2月 25 16:36:11 ubuntu systemd[1]: Finished Apply Kernel Variables.
-- Reboot --
3月 27 17:52:45 ubuntu systemd[1]: Starting Apply Kernel Variables...
3月 27 17:52:45 ubuntu systemd[1]: Finished Apply Kernel Variables.
-- Reboot --
3月 30 14:05:39 ubuntu systemd[1]: Starting Apply Kernel Variables...
3月 30 14:05:39 ubuntu systemd[1]: Finished Apply Kernel Variables.
3月 30 14:44:06 ubuntu systemd[1]: systemd-sysctl.service: Succeeded.
3月 30 14:44:06 ubuntu systemd[1]: Stopped Apply Kernel Variables.
-- Reboot --
3月 30 14:44:31 ubuntu systemd[1]: Starting Apply Kernel Variables...
3月 30 14:44:31 ubuntu systemd[1]: Finished Apply Kernel Variables.
3月 30 14:51:19 ubuntu systemd[1]: systemd-sysctl.service: Succeeded.
3月 30 14:51:19 ubuntu systemd[1]: Stopped Apply Kernel Variables.
-- Reboot --
3月 30 15:12:17 ubuntu systemd[1]: Starting Apply Kernel Variables...
3月 30 15:12:17 ubuntu systemd[1]: Finished Apply Kernel Variables.
3月 30 15:12:59 ubuntu systemd[1]: systemd-sysctl.service: Succeeded.
3月 30 15:12:59 ubuntu systemd[1]: Stopped Apply Kernel Variables.
-- Reboot --
3月 30 15:18:38 ubuntu systemd[1]: Starting Apply Kernel Variables...
3月 30 15:18:38 ubuntu systemd[1]: Finished Apply Kernel Variables.
3月 30 15:20:00 ubuntu systemd[1]: systemd-sysctl.service: Succeeded.
3月 30 15:20:00 ubuntu systemd[1]: Stopped Apply Kernel Variables.
-- Reboot --
3月 30 22:57:11 ubuntu systemd[1]: Starting Apply Kernel Variables...
3月 30 22:57:11 ubuntu systemd[1]: Finished Apply Kernel Variables.
3月 30 22:59:17 ubuntu systemd[1]: systemd-sysctl.service: Succeeded.
3月 30 22:59:17 ubuntu systemd[1]: Stopped Apply Kernel Variables.
-- Reboot --
3月 30 23:00:43 ubuntu systemd[1]: Starting Apply Kernel Variables...
3月 30 23:00:43 ubuntu systemd-sysctl[446]: Not setting net/ipv4/conf/all/promote_secondaries (explicit setting exists).
3月 30 23:00:43 ubuntu systemd-sysctl[446]: Not setting net/ipv4/conf/default/promote_secondaries (explicit setting exists).
3月 30 23:00:43 ubuntu systemd[1]: Finished Apply Kernel Variables.
3月 30 23:02:25 ubuntu systemd[1]: systemd-sysctl.service: Succeeded.
3月 30 23:02:25 ubuntu systemd[1]: Stopped Apply Kernel Variables.
-- Reboot --
3月 30 23:05:24 ubuntu systemd[1]: Starting Apply Kernel Variables...
3月 30 23:05:24 ubuntu systemd[1]: Finished Apply Kernel Variables.
3月 30 23:14:10 ubuntu systemd[1]: systemd-sysctl.service: Succeeded.
3月 30 23:14:10 ubuntu systemd[1]: Stopped Apply Kernel Variables.
-- Reboot --
3月 31 18:40:17 ubuntu systemd[1]: Starting Apply Kernel Variables...
3月 31 18:40:17 ubuntu systemd[1]: Finished Apply Kernel Variables.
3月 31 18:53:36 ubuntu systemd[1]: systemd-sysctl.service: Succeeded.
3月 31 18:53:36 ubuntu systemd[1]: Stopped Apply Kernel Variables.
-- Reboot --
3月 31 18:54:07 ubuntu systemd[1]: Starting Apply Kernel Variables...
3月 31 18:54:08 ubuntu systemd[1]: Finished Apply Kernel Variables.
3月 31 19:01:43 ubuntu systemd[1]: systemd-sysctl.service: Succeeded.
3月 31 19:01:43 ubuntu systemd[1]: Stopped Apply Kernel Variables.
-- Reboot --
3月 31 19:03:58 ubuntu systemd[1]: Starting Apply Kernel Variables...
3月 31 19:03:58 ubuntu systemd-sysctl[449]: Not setting net/ipv4/conf/all/promote_secondaries (explicit setting exists).
3月 31 19:03:58 ubuntu systemd-sysctl[449]: Not setting net/ipv4/conf/default/promote_secondaries (explicit setting exists).
3月 31 19:03:58 ubuntu systemd[1]: Finished Apply Kernel Variables.
3月 31 19:26:11 ubuntu systemd[1]: systemd-sysctl.service: Succeeded.
3月 31 19:26:11 ubuntu systemd[1]: Stopped Apply Kernel Variables.
-- Reboot --
3月 31 19:27:33 ubuntu systemd[1]: Starting Apply Kernel Variables...
3月 31 19:27:33 ubuntu systemd[1]: Finished Apply Kernel Variables.
-- Reboot --
3月 31 19:43:28 ubuntu systemd[1]: Starting Apply Kernel Variables...
3月 31 19:43:28 ubuntu systemd[1]: Finished Apply Kernel Variables.
3月 31 19:57:59 ubuntu systemd[1]: systemd-sysctl.service: Succeeded.
3月 31 19:57:59 ubuntu systemd[1]: Stopped Apply Kernel Variables.
-- Reboot --
3月 31 19:58:12 ubuntu systemd[1]: Starting Apply Kernel Variables...
3月 31 19:58:12 ubuntu systemd[1]: Finished Apply Kernel Variables.
3月 31 20:10:02 ubuntu systemd[1]: systemd-sysctl.service: Succeeded.
3月 31 20:10:02 ubuntu systemd[1]: Stopped Apply Kernel Variables.
-- Reboot --
3月 31 20:24:32 ubuntu systemd[1]: Starting Apply Kernel Variables...
3月 31 20:24:32 ubuntu systemd[1]: Finished Apply Kernel Variables.
3月 31 21:06:53 ubuntu systemd[1]: systemd-sysctl.service: Succeeded.
3月 31 21:06:53 ubuntu systemd[1]: Stopped Apply Kernel Variables.
-- Reboot --
4月 02 17:05:01 ubuntu systemd[1]: Starting Apply Kernel Variables...
4月 02 17:05:01 ubuntu systemd[1]: Finished Apply Kernel Variables.
4月 03 02:09:52 ubuntu systemd[1]: systemd-sysctl.service: Succeeded.
4月 03 02:09:52 ubuntu systemd[1]: Stopped Apply Kernel Variables.
-- Reboot --
4月 14 20:21:33 ubuntu systemd[1]: Starting Apply Kernel Variables...
4月 14 20:21:33 ubuntu systemd-sysctl[423]: Not setting net/ipv4/conf/all/promote_secondaries (explicit setting exists).
4月 14 20:21:33 ubuntu systemd-sysctl[423]: Not setting net/ipv4/conf/default/promote_secondaries (explicit setting exists).
4月 14 20:21:33 ubuntu systemd[1]: Finished Apply Kernel Variables.
4月 14 20:54:42 ubuntu systemd[1]: systemd-sysctl.service: Succeeded.
4月 14 20:54:42 ubuntu systemd[1]: Stopped Apply Kernel Variables.
-- Reboot --
4月 14 20:55:24 ubuntu systemd[1]: Starting Apply Kernel Variables...
4月 14 20:55:24 ubuntu systemd[1]: Finished Apply Kernel Variables.
-- Reboot --
4月 15 22:30:49 ubuntu systemd[1]: Starting Apply Kernel Variables...
4月 15 22:30:49 ubuntu systemd[1]: Finished Apply Kernel Variables.
4月 15 22:43:26 ubuntu systemd[1]: systemd-sysctl.service: Succeeded.
4月 15 22:43:26 ubuntu systemd[1]: Stopped Apply Kernel Variables.
-- Reboot --
4月 15 22:43:39 ubuntu systemd[1]: Starting Apply Kernel Variables...
4月 15 22:43:39 ubuntu systemd[1]: Finished Apply Kernel Variables.

