-- Logs begin at Sat 2022-01-08 18:32:32 CST, end at Sat 2023-04-15 23:07:25 CST. --
1月 09 21:33:17 ubuntu systemd[1]: Starting Update UTMP about System Runlevel Changes...
1月 09 21:33:17 ubuntu systemd[1]: systemd-update-utmp-runlevel.service: Succeeded.
1月 09 21:33:17 ubuntu systemd[1]: Finished Update UTMP about System Runlevel Changes.
-- Reboot --
3月 22 14:03:04 ubuntu systemd[1]: Starting Update UTMP about System Runlevel Changes...
3月 22 14:03:04 ubuntu systemd[1]: systemd-update-utmp-runlevel.service: Succeeded.
3月 22 14:03:04 ubuntu systemd[1]: Finished Update UTMP about System Runlevel Changes.
-- Reboot --
3月 22 14:13:44 ubuntu systemd[1]: Starting Update UTMP about System Runlevel Changes...
3月 22 14:13:44 ubuntu systemd[1]: systemd-update-utmp-runlevel.service: Succeeded.
3月 22 14:13:44 ubuntu systemd[1]: Finished Update UTMP about System Runlevel Changes.
-- Reboot --
3月 22 16:13:12 ubuntu systemd[1]: Starting Update UTMP about System Runlevel Changes...
3月 22 16:13:12 ubuntu systemd[1]: systemd-update-utmp-runlevel.service: Succeeded.
3月 22 16:13:12 ubuntu systemd[1]: Finished Update UTMP about System Runlevel Changes.
-- Reboot --
3月 25 10:18:09 ubuntu systemd[1]: Starting Update UTMP about System Runlevel Changes...
3月 25 10:18:09 ubuntu systemd[1]: systemd-update-utmp-runlevel.service: Succeeded.
3月 25 10:18:09 ubuntu systemd[1]: Finished Update UTMP about System Runlevel Changes.
-- Reboot --
3月 25 10:45:20 ubuntu systemd[1]: Starting Update UTMP about System Runlevel Changes...
3月 25 10:45:20 ubuntu systemd[1]: systemd-update-utmp-runlevel.service: Succeeded.
3月 25 10:45:20 ubuntu systemd[1]: Finished Update UTMP about System Runlevel Changes.
-- Reboot --
3月 28 10:02:58 ubuntu systemd[1]: Starting Update UTMP about System Runlevel Changes...
3月 28 10:02:58 ubuntu systemd[1]: systemd-update-utmp-runlevel.service: Succeeded.
3月 28 10:02:58 ubuntu systemd[1]: Finished Update UTMP about System Runlevel Changes.
-- Reboot --
3月 28 14:59:51 ubuntu systemd[1]: Starting Update UTMP about System Runlevel Changes...
3月 28 14:59:51 ubuntu systemd[1]: systemd-update-utmp-runlevel.service: Succeeded.
3月 28 14:59:51 ubuntu systemd[1]: Finished Update UTMP about System Runlevel Changes.
-- Reboot --
3月 28 16:17:54 ubuntu systemd[1]: Starting Update UTMP about System Runlevel Changes...
3月 28 16:17:54 ubuntu systemd[1]: systemd-update-utmp-runlevel.service: Succeeded.
3月 28 16:17:54 ubuntu systemd[1]: Finished Update UTMP about System Runlevel Changes.
-- Reboot --
4月 01 10:14:30 ubuntu systemd[1]: Starting Update UTMP about System Runlevel Changes...
4月 01 10:14:30 ubuntu systemd[1]: systemd-update-utmp-runlevel.service: Succeeded.
4月 01 10:14:30 ubuntu systemd[1]: Finished Update UTMP about System Runlevel Changes.
-- Reboot --
4月 01 10:25:09 ubuntu systemd[1]: Starting Update UTMP about System Runlevel Changes...
4月 01 10:25:09 ubuntu systemd[1]: systemd-update-utmp-runlevel.service: Succeeded.
4月 01 10:25:09 ubuntu systemd[1]: Finished Update UTMP about System Runlevel Changes.
-- Reboot --
4月 02 08:51:57 ubuntu systemd[1]: Starting Update UTMP about System Runlevel Changes...
4月 02 08:51:57 ubuntu systemd[1]: systemd-update-utmp-runlevel.service: Succeeded.
4月 02 08:51:57 ubuntu systemd[1]: Finished Update UTMP about System Runlevel Changes.
-- Reboot --
4月 02 09:04:47 ubuntu systemd[1]: Starting Update UTMP about System Runlevel Changes...
4月 02 09:04:47 ubuntu systemd[1]: systemd-update-utmp-runlevel.service: Succeeded.
4月 02 09:04:47 ubuntu systemd[1]: Finished Update UTMP about System Runlevel Changes.
-- Reboot --
4月 02 09:10:34 ubuntu systemd[1]: Starting Update UTMP about System Runlevel Changes...
4月 02 09:10:34 ubuntu systemd[1]: systemd-update-utmp-runlevel.service: Succeeded.
4月 02 09:10:34 ubuntu systemd[1]: Finished Update UTMP about System Runlevel Changes.
-- Reboot --
4月 02 17:23:06 ubuntu systemd[1]: Starting Update UTMP about System Runlevel Changes...
4月 02 17:23:06 ubuntu systemd[1]: systemd-update-utmp-runlevel.service: Succeeded.
4月 02 17:23:06 ubuntu systemd[1]: Finished Update UTMP about System Runlevel Changes.
-- Reboot --
4月 02 17:51:35 ubuntu systemd[1]: Starting Update UTMP about System Runlevel Changes...
4月 02 17:51:35 ubuntu systemd[1]: systemd-update-utmp-runlevel.service: Succeeded.
4月 02 17:51:35 ubuntu systemd[1]: Finished Update UTMP about System Runlevel Changes.
-- Reboot --
4月 06 08:17:27 ubuntu systemd[1]: Starting Update UTMP about System Runlevel Changes...
4月 06 08:17:27 ubuntu systemd[1]: systemd-update-utmp-runlevel.service: Succeeded.
4月 06 08:17:27 ubuntu systemd[1]: Finished Update UTMP about System Runlevel Changes.
-- Reboot --
4月 13 08:09:50 ubuntu systemd[1]: Starting Update UTMP about System Runlevel Changes...
4月 13 08:09:50 ubuntu systemd[1]: systemd-update-utmp-runlevel.service: Succeeded.
4月 13 08:09:50 ubuntu systemd[1]: Finished Update UTMP about System Runlevel Changes.
-- Reboot --
4月 13 08:30:22 ubuntu systemd[1]: Starting Update UTMP about System Runlevel Changes...
4月 13 08:30:22 ubuntu systemd[1]: systemd-update-utmp-runlevel.service: Succeeded.
4月 13 08:30:22 ubuntu systemd[1]: Finished Update UTMP about System Runlevel Changes.
-- Reboot --
4月 13 10:23:48 ubuntu systemd[1]: Starting Update UTMP about System Runlevel Changes...
4月 13 10:23:48 ubuntu systemd[1]: systemd-update-utmp-runlevel.service: Succeeded.
4月 13 10:23:48 ubuntu systemd[1]: Finished Update UTMP about System Runlevel Changes.
-- Reboot --
4月 13 14:46:35 ubuntu systemd[1]: Starting Update UTMP about System Runlevel Changes...
4月 13 14:46:35 ubuntu systemd[1]: systemd-update-utmp-runlevel.service: Succeeded.
4月 13 14:46:35 ubuntu systemd[1]: Finished Update UTMP about System Runlevel Changes.
-- Reboot --
4月 15 10:17:02 ubuntu systemd[1]: Starting Update UTMP about System Runlevel Changes...
4月 15 10:17:02 ubuntu systemd[1]: systemd-update-utmp-runlevel.service: Succeeded.
4月 15 10:17:02 ubuntu systemd[1]: Finished Update UTMP about System Runlevel Changes.
-- Reboot --
4月 20 08:14:51 ubuntu systemd[1]: Starting Update UTMP about System Runlevel Changes...
4月 20 08:14:51 ubuntu systemd[1]: systemd-update-utmp-runlevel.service: Succeeded.
4月 20 08:14:51 ubuntu systemd[1]: Finished Update UTMP about System Runlevel Changes.
-- Reboot --
4月 20 08:23:07 ubuntu systemd[1]: Starting Update UTMP about System Runlevel Changes...
4月 20 08:23:07 ubuntu systemd[1]: systemd-update-utmp-runlevel.service: Succeeded.
4月 20 08:23:07 ubuntu systemd[1]: Finished Update UTMP about System Runlevel Changes.
-- Reboot --
4月 27 08:18:27 ubuntu systemd[1]: Starting Update UTMP about System Runlevel Changes...
4月 27 08:18:27 ubuntu systemd[1]: systemd-update-utmp-runlevel.service: Succeeded.
4月 27 08:18:27 ubuntu systemd[1]: Finished Update UTMP about System Runlevel Changes.
-- Reboot --
4月 27 11:07:15 ubuntu systemd[1]: Starting Update UTMP about System Runlevel Changes...
4月 27 11:07:15 ubuntu systemd[1]: systemd-update-utmp-runlevel.service: Succeeded.
4月 27 11:07:15 ubuntu systemd[1]: Finished Update UTMP about System Runlevel Changes.
-- Reboot --
4月 27 14:11:33 ubuntu systemd[1]: Starting Update UTMP about System Runlevel Changes...
4月 27 14:11:33 ubuntu systemd[1]: systemd-update-utmp-runlevel.service: Succeeded.
4月 27 14:11:33 ubuntu systemd[1]: Finished Update UTMP about System Runlevel Changes.
-- Reboot --
4月 27 15:05:21 ubuntu systemd[1]: Starting Update UTMP about System Runlevel Changes...
4月 27 15:05:21 ubuntu systemd[1]: systemd-update-utmp-runlevel.service: Succeeded.
4月 27 15:05:21 ubuntu systemd[1]: Finished Update UTMP about System Runlevel Changes.
-- Reboot --
4月 28 21:00:54 ubuntu systemd[1]: Starting Update UTMP about System Runlevel Changes...
4月 28 21:00:54 ubuntu systemd[1]: systemd-update-utmp-runlevel.service: Succeeded.
4月 28 21:00:54 ubuntu systemd[1]: Finished Update UTMP about System Runlevel Changes.
-- Reboot --
5月 06 10:06:19 ubuntu systemd[1]: Starting Update UTMP about System Runlevel Changes...
5月 06 10:06:19 ubuntu systemd[1]: systemd-update-utmp-runlevel.service: Succeeded.
5月 06 10:06:19 ubuntu systemd[1]: Finished Update UTMP about System Runlevel Changes.
-- Reboot --
5月 06 10:17:48 ubuntu systemd[1]: Starting Update UTMP about System Runlevel Changes...
5月 06 10:17:48 ubuntu systemd[1]: systemd-update-utmp-runlevel.service: Succeeded.
5月 06 10:17:48 ubuntu systemd[1]: Finished Update UTMP about System Runlevel Changes.
-- Reboot --
5月 07 08:13:53 ubuntu systemd[1]: Starting Update UTMP about System Runlevel Changes...
5月 07 08:13:53 ubuntu systemd[1]: systemd-update-utmp-runlevel.service: Succeeded.
5月 07 08:13:53 ubuntu systemd[1]: Finished Update UTMP about System Runlevel Changes.
-- Reboot --
5月 08 14:53:56 ubuntu systemd[1]: Starting Update UTMP about System Runlevel Changes...
5月 08 14:53:56 ubuntu systemd[1]: systemd-update-utmp-runlevel.service: Succeeded.
5月 08 14:53:56 ubuntu systemd[1]: Finished Update UTMP about System Runlevel Changes.
-- Reboot --
5月 08 15:54:27 ubuntu systemd[1]: Starting Update UTMP about System Runlevel Changes...
5月 08 15:54:27 ubuntu systemd[1]: systemd-update-utmp-runlevel.service: Succeeded.
5月 08 15:54:27 ubuntu systemd[1]: Finished Update UTMP about System Runlevel Changes.
-- Reboot --
5月 08 16:27:24 ubuntu systemd[1]: Starting Update UTMP about System Runlevel Changes...
5月 08 16:27:24 ubuntu systemd[1]: systemd-update-utmp-runlevel.service: Succeeded.
5月 08 16:27:24 ubuntu systemd[1]: Finished Update UTMP about System Runlevel Changes.
-- Reboot --
5月 14 20:51:57 ubuntu systemd[1]: Starting Update UTMP about System Runlevel Changes...
5月 14 20:51:57 ubuntu systemd[1]: systemd-update-utmp-runlevel.service: Succeeded.
5月 14 20:51:57 ubuntu systemd[1]: Finished Update UTMP about System Runlevel Changes.
-- Reboot --
5月 15 00:06:19 ubuntu systemd[1]: Starting Update UTMP about System Runlevel Changes...
5月 15 00:06:19 ubuntu systemd[1]: systemd-update-utmp-runlevel.service: Succeeded.
5月 15 00:06:19 ubuntu systemd[1]: Finished Update UTMP about System Runlevel Changes.
-- Reboot --
5月 15 00:15:12 ubuntu systemd[1]: Starting Update UTMP about System Runlevel Changes...
5月 15 00:15:12 ubuntu systemd[1]: systemd-update-utmp-runlevel.service: Succeeded.
5月 15 00:15:12 ubuntu systemd[1]: Finished Update UTMP about System Runlevel Changes.
-- Reboot --
5月 15 10:43:49 ubuntu systemd[1]: Starting Update UTMP about System Runlevel Changes...
5月 15 10:43:49 ubuntu systemd[1]: systemd-update-utmp-runlevel.service: Succeeded.
5月 15 10:43:49 ubuntu systemd[1]: Finished Update UTMP about System Runlevel Changes.
-- Reboot --
5月 15 15:15:45 ubuntu systemd[1]: Starting Update UTMP about System Runlevel Changes...
5月 15 15:15:45 ubuntu systemd[1]: systemd-update-utmp-runlevel.service: Succeeded.
5月 15 15:15:45 ubuntu systemd[1]: Finished Update UTMP about System Runlevel Changes.
-- Reboot --
5月 15 16:28:31 ubuntu systemd[1]: Starting Update UTMP about System Runlevel Changes...
5月 15 16:28:31 ubuntu systemd[1]: systemd-update-utmp-runlevel.service: Succeeded.
5月 15 16:28:31 ubuntu systemd[1]: Finished Update UTMP about System Runlevel Changes.
-- Reboot --
5月 15 21:27:18 ubuntu systemd[1]: Starting Update UTMP about System Runlevel Changes...
5月 15 21:27:18 ubuntu systemd[1]: systemd-update-utmp-runlevel.service: Succeeded.
5月 15 21:27:18 ubuntu systemd[1]: Finished Update UTMP about System Runlevel Changes.
-- Reboot --
5月 31 15:28:49 ubuntu systemd[1]: Starting Update UTMP about System Runlevel Changes...
5月 31 15:28:49 ubuntu systemd[1]: systemd-update-utmp-runlevel.service: Succeeded.
5月 31 15:28:49 ubuntu systemd[1]: Finished Update UTMP about System Runlevel Changes.
-- Reboot --
5月 31 16:19:56 ubuntu systemd[1]: Starting Update UTMP about System Runlevel Changes...
5月 31 16:19:56 ubuntu systemd[1]: systemd-update-utmp-runlevel.service: Succeeded.
5月 31 16:19:56 ubuntu systemd[1]: Finished Update UTMP about System Runlevel Changes.
-- Reboot --
5月 31 21:01:01 ubuntu systemd[1]: Starting Update UTMP about System Runlevel Changes...
5月 31 21:01:01 ubuntu systemd[1]: systemd-update-utmp-runlevel.service: Succeeded.
5月 31 21:01:01 ubuntu systemd[1]: Finished Update UTMP about System Runlevel Changes.
-- Reboot --
6月 01 23:20:41 ubuntu systemd[1]: Starting Update UTMP about System Runlevel Changes...
6月 01 23:20:41 ubuntu systemd[1]: systemd-update-utmp-runlevel.service: Succeeded.
6月 01 23:20:41 ubuntu systemd[1]: Finished Update UTMP about System Runlevel Changes.
-- Reboot --
6月 06 14:12:41 ubuntu systemd[1]: Starting Update UTMP about System Runlevel Changes...
6月 06 14:12:41 ubuntu systemd[1]: systemd-update-utmp-runlevel.service: Succeeded.
6月 06 14:12:41 ubuntu systemd[1]: Finished Update UTMP about System Runlevel Changes.
-- Reboot --
6月 06 15:39:41 ubuntu systemd[1]: Starting Update UTMP about System Runlevel Changes...
6月 06 15:39:41 ubuntu systemd[1]: systemd-update-utmp-runlevel.service: Succeeded.
6月 06 15:39:41 ubuntu systemd[1]: Finished Update UTMP about System Runlevel Changes.
-- Reboot --
6月 06 15:44:33 ubuntu systemd[1]: Starting Update UTMP about System Runlevel Changes...
6月 06 15:44:33 ubuntu systemd[1]: systemd-update-utmp-runlevel.service: Succeeded.
6月 06 15:44:33 ubuntu systemd[1]: Finished Update UTMP about System Runlevel Changes.
-- Reboot --
6月 15 14:09:08 ubuntu systemd[1]: Starting Update UTMP about System Runlevel Changes...
6月 15 14:09:08 ubuntu systemd[1]: systemd-update-utmp-runlevel.service: Succeeded.
6月 15 14:09:08 ubuntu systemd[1]: Finished Update UTMP about System Runlevel Changes.
-- Reboot --
6月 16 14:48:33 ubuntu systemd[1]: Starting Update UTMP about System Runlevel Changes...
6月 16 14:48:33 ubuntu systemd[1]: systemd-update-utmp-runlevel.service: Succeeded.
6月 16 14:48:33 ubuntu systemd[1]: Finished Update UTMP about System Runlevel Changes.
-- Reboot --
2月 25 16:36:22 ubuntu systemd[1]: Starting Update UTMP about System Runlevel Changes...
2月 25 16:36:22 ubuntu systemd[1]: systemd-update-utmp-runlevel.service: Succeeded.
2月 25 16:36:22 ubuntu systemd[1]: Finished Update UTMP about System Runlevel Changes.
-- Reboot --
3月 27 17:52:54 ubuntu systemd[1]: Starting Update UTMP about System Runlevel Changes...
3月 27 17:52:54 ubuntu systemd[1]: systemd-update-utmp-runlevel.service: Succeeded.
3月 27 17:52:54 ubuntu systemd[1]: Finished Update UTMP about System Runlevel Changes.
-- Reboot --
3月 30 14:06:13 ubuntu systemd[1]: Starting Update UTMP about System Runlevel Changes...
3月 30 14:06:13 ubuntu systemd[1]: systemd-update-utmp-runlevel.service: Succeeded.
3月 30 14:06:13 ubuntu systemd[1]: Finished Update UTMP about System Runlevel Changes.
-- Reboot --
3月 30 14:44:36 ubuntu systemd[1]: Starting Update UTMP about System Runlevel Changes...
3月 30 14:44:36 ubuntu systemd[1]: systemd-update-utmp-runlevel.service: Succeeded.
3月 30 14:44:36 ubuntu systemd[1]: Finished Update UTMP about System Runlevel Changes.
-- Reboot --
3月 30 15:12:24 ubuntu systemd[1]: Starting Update UTMP about System Runlevel Changes...
3月 30 15:12:24 ubuntu systemd[1]: systemd-update-utmp-runlevel.service: Succeeded.
3月 30 15:12:24 ubuntu systemd[1]: Finished Update UTMP about System Runlevel Changes.
-- Reboot --
3月 30 15:18:44 ubuntu systemd[1]: Starting Update UTMP about System Runlevel Changes...
3月 30 15:18:44 ubuntu systemd[1]: systemd-update-utmp-runlevel.service: Succeeded.
3月 30 15:18:44 ubuntu systemd[1]: Finished Update UTMP about System Runlevel Changes.
-- Reboot --
3月 30 22:57:18 ubuntu systemd[1]: Starting Update UTMP about System Runlevel Changes...
3月 30 22:57:18 ubuntu systemd[1]: systemd-update-utmp-runlevel.service: Succeeded.
3月 30 22:57:18 ubuntu systemd[1]: Finished Update UTMP about System Runlevel Changes.
-- Reboot --
3月 30 23:00:50 ubuntu systemd[1]: Starting Update UTMP about System Runlevel Changes...
3月 30 23:00:50 ubuntu systemd[1]: systemd-update-utmp-runlevel.service: Succeeded.
3月 30 23:00:50 ubuntu systemd[1]: Finished Update UTMP about System Runlevel Changes.
-- Reboot --
3月 30 23:05:30 ubuntu systemd[1]: Starting Update UTMP about System Runlevel Changes...
3月 30 23:05:30 ubuntu systemd[1]: systemd-update-utmp-runlevel.service: Succeeded.
3月 30 23:05:30 ubuntu systemd[1]: Finished Update UTMP about System Runlevel Changes.
-- Reboot --
3月 31 18:40:25 ubuntu systemd[1]: Starting Update UTMP about System Runlevel Changes...
3月 31 18:40:25 ubuntu systemd[1]: systemd-update-utmp-runlevel.service: Succeeded.
3月 31 18:40:25 ubuntu systemd[1]: Finished Update UTMP about System Runlevel Changes.
-- Reboot --
3月 31 18:54:23 ubuntu systemd[1]: Starting Update UTMP about System Runlevel Changes...
3月 31 18:54:23 ubuntu systemd[1]: systemd-update-utmp-runlevel.service: Succeeded.
3月 31 18:54:23 ubuntu systemd[1]: Finished Update UTMP about System Runlevel Changes.
-- Reboot --
3月 31 19:04:06 ubuntu systemd[1]: Starting Update UTMP about System Runlevel Changes...
3月 31 19:04:06 ubuntu systemd[1]: systemd-update-utmp-runlevel.service: Succeeded.
3月 31 19:04:06 ubuntu systemd[1]: Finished Update UTMP about System Runlevel Changes.
-- Reboot --
3月 31 19:27:42 ubuntu systemd[1]: Starting Update UTMP about System Runlevel Changes...
3月 31 19:27:42 ubuntu systemd[1]: systemd-update-utmp-runlevel.service: Succeeded.
3月 31 19:27:42 ubuntu systemd[1]: Finished Update UTMP about System Runlevel Changes.
-- Reboot --
3月 31 19:43:35 ubuntu systemd[1]: Starting Update UTMP about System Runlevel Changes...
3月 31 19:43:35 ubuntu systemd[1]: systemd-update-utmp-runlevel.service: Succeeded.
3月 31 19:43:35 ubuntu systemd[1]: Finished Update UTMP about System Runlevel Changes.
-- Reboot --
3月 31 19:58:24 ubuntu systemd[1]: Starting Update UTMP about System Runlevel Changes...
3月 31 19:58:24 ubuntu systemd[1]: systemd-update-utmp-runlevel.service: Succeeded.
3月 31 19:58:24 ubuntu systemd[1]: Finished Update UTMP about System Runlevel Changes.
-- Reboot --
3月 31 20:24:41 ubuntu systemd[1]: Starting Update UTMP about System Runlevel Changes...
3月 31 20:24:41 ubuntu systemd[1]: systemd-update-utmp-runlevel.service: Succeeded.
3月 31 20:24:41 ubuntu systemd[1]: Finished Update UTMP about System Runlevel Changes.
-- Reboot --
4月 02 17:05:10 ubuntu systemd[1]: Starting Update UTMP about System Runlevel Changes...
4月 02 17:05:10 ubuntu systemd[1]: systemd-update-utmp-runlevel.service: Succeeded.
4月 02 17:05:10 ubuntu systemd[1]: Finished Update UTMP about System Runlevel Changes.
-- Reboot --
4月 14 20:21:46 ubuntu systemd[1]: Starting Update UTMP about System Runlevel Changes...
4月 14 20:21:46 ubuntu systemd[1]: systemd-update-utmp-runlevel.service: Succeeded.
4月 14 20:21:46 ubuntu systemd[1]: Finished Update UTMP about System Runlevel Changes.
-- Reboot --
4月 14 20:55:55 ubuntu systemd[1]: Starting Update UTMP about System Runlevel Changes...
4月 14 20:55:55 ubuntu systemd[1]: systemd-update-utmp-runlevel.service: Succeeded.
4月 14 20:55:55 ubuntu systemd[1]: Finished Update UTMP about System Runlevel Changes.
-- Reboot --
4月 15 22:31:12 ubuntu systemd[1]: Starting Update UTMP about System Runlevel Changes...
4月 15 22:31:12 ubuntu systemd[1]: systemd-update-utmp-runlevel.service: Succeeded.
4月 15 22:31:12 ubuntu systemd[1]: Finished Update UTMP about System Runlevel Changes.
-- Reboot --
4月 15 22:43:48 ubuntu systemd[1]: Starting Update UTMP about System Runlevel Changes...
4月 15 22:43:48 ubuntu systemd[1]: systemd-update-utmp-runlevel.service: Succeeded.
4月 15 22:43:48 ubuntu systemd[1]: Finished Update UTMP about System Runlevel Changes.

