-- Logs begin at Sat 2022-01-08 18:32:32 CST, end at Sat 2023-04-15 23:07:25 CST. --
1月 09 18:09:51 ubuntu systemd[1]: Starting Ubuntu Advantage Timer for running repeated jobs...
1月 09 18:09:51 ubuntu systemd[1]: ua-timer.service: Succeeded.
1月 09 18:09:51 ubuntu systemd[1]: Finished Ubuntu Advantage Timer for running repeated jobs.
-- Reboot --
1月 09 22:10:39 ubuntu systemd[1]: Starting Ubuntu Advantage Timer for running repeated jobs...
1月 09 22:10:39 ubuntu systemd[1]: ua-timer.service: Succeeded.
1月 09 22:10:39 ubuntu systemd[1]: Finished Ubuntu Advantage Timer for running repeated jobs.
-- Reboot --
3月 22 14:09:10 ubuntu systemd[1]: Starting Ubuntu Advantage Timer for running repeated jobs...
3月 22 14:09:11 ubuntu systemd[1]: ua-timer.service: Succeeded.
3月 22 14:09:11 ubuntu systemd[1]: Finished Ubuntu Advantage Timer for running repeated jobs.
3月 22 14:12:12 ubuntu systemd[1]: Starting Ubuntu Advantage Timer for running repeated jobs...
3月 22 14:12:12 ubuntu systemd[1]: ua-timer.service: Succeeded.
3月 22 14:12:12 ubuntu systemd[1]: Finished Ubuntu Advantage Timer for running repeated jobs.
-- Reboot --
3月 22 16:25:42 ubuntu systemd[1]: Starting Ubuntu Advantage Timer for running repeated jobs...
3月 22 16:25:43 ubuntu systemd[1]: ua-timer.service: Succeeded.
3月 22 16:25:43 ubuntu systemd[1]: Finished Ubuntu Advantage Timer for running repeated jobs.
-- Reboot --
3月 25 10:26:35 ubuntu systemd[1]: Starting Ubuntu Advantage Timer for running repeated jobs...
3月 25 10:26:37 ubuntu systemd[1]: ua-timer.service: Succeeded.
3月 25 10:26:37 ubuntu systemd[1]: Finished Ubuntu Advantage Timer for running repeated jobs.
-- Reboot --
3月 25 11:17:02 ubuntu systemd[1]: Starting Ubuntu Advantage Timer for running repeated jobs...
3月 25 11:17:02 ubuntu systemd[1]: ua-timer.service: Succeeded.
3月 25 11:17:02 ubuntu systemd[1]: Finished Ubuntu Advantage Timer for running repeated jobs.
-- Reboot --
3月 28 15:37:30 ubuntu systemd[1]: Starting Ubuntu Advantage Timer for running repeated jobs...
3月 28 15:37:31 ubuntu systemd[1]: ua-timer.service: Succeeded.
3月 28 15:37:31 ubuntu systemd[1]: Finished Ubuntu Advantage Timer for running repeated jobs.
-- Reboot --
3月 28 16:50:21 ubuntu systemd[1]: Starting Ubuntu Advantage Timer for running repeated jobs...
3月 28 16:50:21 ubuntu systemd[1]: ua-timer.service: Succeeded.
3月 28 16:50:21 ubuntu systemd[1]: Finished Ubuntu Advantage Timer for running repeated jobs.
-- Reboot --
4月 01 11:16:01 ubuntu systemd[1]: Starting Ubuntu Advantage Timer for running repeated jobs...
4月 01 11:16:01 ubuntu systemd[1]: ua-timer.service: Succeeded.
4月 01 11:16:01 ubuntu systemd[1]: Finished Ubuntu Advantage Timer for running repeated jobs.
-- Reboot --
4月 02 17:31:31 ubuntu systemd[1]: Starting Ubuntu Advantage Timer for running repeated jobs...
4月 02 17:31:31 ubuntu systemd[1]: ua-timer.service: Succeeded.
4月 02 17:31:31 ubuntu systemd[1]: Finished Ubuntu Advantage Timer for running repeated jobs.
-- Reboot --
4月 06 09:15:44 ubuntu systemd[1]: Starting Ubuntu Advantage Timer for running repeated jobs...
4月 06 09:15:44 ubuntu systemd[1]: ua-timer.service: Succeeded.
4月 06 09:15:44 ubuntu systemd[1]: Finished Ubuntu Advantage Timer for running repeated jobs.
-- Reboot --
4月 13 09:28:23 ubuntu systemd[1]: Starting Ubuntu Advantage Timer for running repeated jobs...
4月 13 09:28:24 ubuntu systemd[1]: ua-timer.service: Succeeded.
4月 13 09:28:24 ubuntu systemd[1]: Finished Ubuntu Advantage Timer for running repeated jobs.
-- Reboot --
4月 20 08:53:01 ubuntu systemd[1]: Starting Ubuntu Advantage Timer for running repeated jobs...
4月 20 08:53:02 ubuntu systemd[1]: ua-timer.service: Succeeded.
4月 20 08:53:02 ubuntu systemd[1]: Finished Ubuntu Advantage Timer for running repeated jobs.
-- Reboot --
4月 27 08:25:25 ubuntu systemd[1]: Starting Ubuntu Advantage Timer for running repeated jobs...
4月 27 08:25:26 ubuntu systemd[1]: ua-timer.service: Succeeded.
4月 27 08:25:26 ubuntu systemd[1]: Finished Ubuntu Advantage Timer for running repeated jobs.
-- Reboot --
4月 27 14:25:01 ubuntu systemd[1]: Starting Ubuntu Advantage Timer for running repeated jobs...
4月 27 14:25:01 ubuntu systemd[1]: ua-timer.service: Succeeded.
4月 27 14:25:01 ubuntu systemd[1]: Finished Ubuntu Advantage Timer for running repeated jobs.
-- Reboot --
4月 27 15:35:18 ubuntu systemd[1]: Starting Ubuntu Advantage Timer for running repeated jobs...
4月 27 15:35:18 ubuntu systemd[1]: ua-timer.service: Succeeded.
4月 27 15:35:18 ubuntu systemd[1]: Finished Ubuntu Advantage Timer for running repeated jobs.
-- Reboot --
5月 06 10:11:55 ubuntu systemd[1]: Starting Ubuntu Advantage Timer for running repeated jobs...
5月 06 10:11:55 ubuntu systemd[1]: ua-timer.service: Succeeded.
5月 06 10:11:55 ubuntu systemd[1]: Finished Ubuntu Advantage Timer for running repeated jobs.
5月 06 10:16:36 ubuntu systemd[1]: Starting Ubuntu Advantage Timer for running repeated jobs...
5月 06 10:16:36 ubuntu systemd[1]: ua-timer.service: Succeeded.
5月 06 10:16:36 ubuntu systemd[1]: Finished Ubuntu Advantage Timer for running repeated jobs.
-- Reboot --
5月 06 10:43:17 ubuntu systemd[1]: Starting Ubuntu Advantage Timer for running repeated jobs...
5月 06 10:43:17 ubuntu systemd[1]: ua-timer.service: Succeeded.
5月 06 10:43:17 ubuntu systemd[1]: Finished Ubuntu Advantage Timer for running repeated jobs.
-- Reboot --
5月 07 08:45:20 ubuntu systemd[1]: Starting Ubuntu Advantage Timer for running repeated jobs...
5月 07 08:45:22 ubuntu systemd[1]: ua-timer.service: Succeeded.
5月 07 08:45:22 ubuntu systemd[1]: Finished Ubuntu Advantage Timer for running repeated jobs.
-- Reboot --
5月 08 16:12:14 ubuntu systemd[1]: Starting Ubuntu Advantage Timer for running repeated jobs...
5月 08 16:12:15 ubuntu systemd[1]: ua-timer.service: Succeeded.
5月 08 16:12:15 ubuntu systemd[1]: Finished Ubuntu Advantage Timer for running repeated jobs.
-- Reboot --
5月 08 16:39:24 ubuntu systemd[1]: Starting Ubuntu Advantage Timer for running repeated jobs...
5月 08 16:39:24 ubuntu systemd[1]: ua-timer.service: Succeeded.
5月 08 16:39:24 ubuntu systemd[1]: Finished Ubuntu Advantage Timer for running repeated jobs.
-- Reboot --
5月 14 21:00:15 ubuntu systemd[1]: Starting Ubuntu Advantage Timer for running repeated jobs...
5月 14 21:00:16 ubuntu systemd[1]: ua-timer.service: Succeeded.
5月 14 21:00:16 ubuntu systemd[1]: Finished Ubuntu Advantage Timer for running repeated jobs.
-- Reboot --
5月 15 11:06:13 ubuntu systemd[1]: Starting Ubuntu Advantage Timer for running repeated jobs...
5月 15 11:06:13 ubuntu systemd[1]: ua-timer.service: Succeeded.
5月 15 11:06:13 ubuntu systemd[1]: Finished Ubuntu Advantage Timer for running repeated jobs.
-- Reboot --
5月 15 17:16:58 ubuntu systemd[1]: Starting Ubuntu Advantage Timer for running repeated jobs...
5月 15 17:16:58 ubuntu systemd[1]: ua-timer.service: Succeeded.
5月 15 17:16:58 ubuntu systemd[1]: Finished Ubuntu Advantage Timer for running repeated jobs.
-- Reboot --
5月 15 21:50:38 ubuntu systemd[1]: Starting Ubuntu Advantage Timer for running repeated jobs...
5月 15 21:50:38 ubuntu systemd[1]: ua-timer.service: Succeeded.
5月 15 21:50:38 ubuntu systemd[1]: Finished Ubuntu Advantage Timer for running repeated jobs.
-- Reboot --
5月 31 15:36:09 ubuntu systemd[1]: Starting Ubuntu Advantage Timer for running repeated jobs...
5月 31 15:36:09 ubuntu systemd[1]: ua-timer.service: Succeeded.
5月 31 15:36:09 ubuntu systemd[1]: Finished Ubuntu Advantage Timer for running repeated jobs.
-- Reboot --
5月 31 16:48:17 ubuntu systemd[1]: Starting Ubuntu Advantage Timer for running repeated jobs...
5月 31 16:48:17 ubuntu systemd[1]: ua-timer.service: Succeeded.
5月 31 16:48:17 ubuntu systemd[1]: Finished Ubuntu Advantage Timer for running repeated jobs.
-- Reboot --
5月 31 21:43:13 ubuntu systemd[1]: Starting Ubuntu Advantage Timer for running repeated jobs...
5月 31 21:43:13 ubuntu systemd[1]: ua-timer.service: Succeeded.
5月 31 21:43:13 ubuntu systemd[1]: Finished Ubuntu Advantage Timer for running repeated jobs.
-- Reboot --
6月 01 23:26:05 ubuntu systemd[1]: Starting Ubuntu Advantage Timer for running repeated jobs...
6月 01 23:26:07 ubuntu systemd[1]: ua-timer.service: Succeeded.
6月 01 23:26:07 ubuntu systemd[1]: Finished Ubuntu Advantage Timer for running repeated jobs.
-- Reboot --
6月 06 14:20:11 ubuntu systemd[1]: Starting Ubuntu Advantage Timer for running repeated jobs...
6月 06 14:20:11 ubuntu systemd[1]: ua-timer.service: Succeeded.
6月 06 14:20:11 ubuntu systemd[1]: Finished Ubuntu Advantage Timer for running repeated jobs.
-- Reboot --
6月 15 14:40:26 ubuntu systemd[1]: Starting Ubuntu Advantage Timer for running repeated jobs...
6月 15 14:40:27 ubuntu systemd[1]: ua-timer.service: Succeeded.
6月 15 14:40:27 ubuntu systemd[1]: Finished Ubuntu Advantage Timer for running repeated jobs.
-- Reboot --
6月 16 15:05:01 ubuntu systemd[1]: Starting Ubuntu Advantage Timer for running repeated jobs...
6月 16 15:05:01 ubuntu systemd[1]: ua-timer.service: Succeeded.
6月 16 15:05:01 ubuntu systemd[1]: Finished Ubuntu Advantage Timer for running repeated jobs.
-- Reboot --
2月 25 16:43:46 ubuntu systemd[1]: Starting Ubuntu Advantage Timer for running repeated jobs...
2月 25 16:43:47 ubuntu systemd[1]: ua-timer.service: Succeeded.
2月 25 16:43:47 ubuntu systemd[1]: Finished Ubuntu Advantage Timer for running repeated jobs.
-- Reboot --
3月 27 17:58:32 ubuntu systemd[1]: Starting Ubuntu Advantage Timer for running repeated jobs...
3月 27 17:58:32 ubuntu systemd[1]: ua-timer.service: Succeeded.
3月 27 17:58:32 ubuntu systemd[1]: Finished Ubuntu Advantage Timer for running repeated jobs.
-- Reboot --
3月 30 14:43:07 ubuntu systemd[1]: Starting Ubuntu Advantage Timer for running repeated jobs...
3月 30 14:43:08 ubuntu systemd[1]: ua-timer.service: Succeeded.
3月 30 14:43:08 ubuntu systemd[1]: Finished Ubuntu Advantage Timer for running repeated jobs.
-- Reboot --
3月 30 23:10:29 ubuntu systemd[1]: Starting Ubuntu Advantage Timer for running repeated jobs...
3月 30 23:10:30 ubuntu systemd[1]: ua-timer.service: Succeeded.
3月 30 23:10:30 ubuntu systemd[1]: Finished Ubuntu Advantage Timer for running repeated jobs.
-- Reboot --
3月 31 19:00:49 ubuntu systemd[1]: Starting Ubuntu Advantage Timer for running repeated jobs...
3月 31 19:00:50 ubuntu systemd[1]: ua-timer.service: Succeeded.
3月 31 19:00:50 ubuntu systemd[1]: Finished Ubuntu Advantage Timer for running repeated jobs.
-- Reboot --
3月 31 19:52:49 ubuntu systemd[1]: Starting Ubuntu Advantage Timer for running repeated jobs...
3月 31 19:52:49 ubuntu systemd[1]: ua-timer.service: Succeeded.
3月 31 19:52:49 ubuntu systemd[1]: Finished Ubuntu Advantage Timer for running repeated jobs.
3月 31 19:54:59 ubuntu systemd[1]: Starting Ubuntu Advantage Timer for running repeated jobs...
3月 31 19:54:59 ubuntu systemd[1]: ua-timer.service: Succeeded.
3月 31 19:54:59 ubuntu systemd[1]: Finished Ubuntu Advantage Timer for running repeated jobs.
-- Reboot --
3月 31 20:37:58 ubuntu systemd[1]: Starting Ubuntu Advantage Timer for running repeated jobs...
3月 31 20:37:58 ubuntu systemd[1]: ua-timer.service: Succeeded.
3月 31 20:37:58 ubuntu systemd[1]: Finished Ubuntu Advantage Timer for running repeated jobs.
-- Reboot --
4月 14 21:08:56 ubuntu systemd[1]: Starting Ubuntu Advantage Timer for running repeated jobs...
4月 14 21:08:57 ubuntu systemd[1]: ua-timer.service: Succeeded.
4月 14 21:08:57 ubuntu systemd[1]: Finished Ubuntu Advantage Timer for running repeated jobs.
-- Reboot --
4月 15 22:42:42 ubuntu systemd[1]: Starting Ubuntu Advantage Timer for running repeated jobs...
4月 15 22:42:44 ubuntu systemd[1]: ua-timer.service: Succeeded.
4月 15 22:42:44 ubuntu systemd[1]: Finished Ubuntu Advantage Timer for running repeated jobs.
-- Reboot --
4月 15 22:52:10 ubuntu systemd[1]: Starting Ubuntu Advantage Timer for running repeated jobs...
4月 15 22:52:10 ubuntu systemd[1]: ua-timer.service: Succeeded.
4月 15 22:52:10 ubuntu systemd[1]: Finished Ubuntu Advantage Timer for running repeated jobs.

