-- Logs begin at Sat 2022-01-08 18:32:32 CST, end at Fri 2023-04-21 15:50:02 CST. --
1月 09 17:18:05 ubuntu systemd[1]: Starting Online ext4 Metadata Check for All Filesystems...
1月 09 17:18:05 ubuntu systemd[1]: e2scrub_all.service: Succeeded.
1月 09 17:18:05 ubuntu systemd[1]: Finished Online ext4 Metadata Check for All Filesystems.
-- Reboot --
3月 22 14:03:29 ubuntu systemd[1]: Starting Online ext4 Metadata Check for All Filesystems...
3月 22 14:03:29 ubuntu systemd[1]: e2scrub_all.service: Succeeded.
3月 22 14:03:29 ubuntu systemd[1]: Finished Online ext4 Metadata Check for All Filesystems.
-- Reboot --
3月 28 10:03:02 ubuntu systemd[1]: Starting Online ext4 Metadata Check for All Filesystems...
3月 28 10:03:02 ubuntu systemd[1]: e2scrub_all.service: Succeeded.
3月 28 10:03:02 ubuntu systemd[1]: Finished Online ext4 Metadata Check for All Filesystems.
-- Reboot --
4月 06 08:17:33 ubuntu systemd[1]: Starting Online ext4 Metadata Check for All Filesystems...
4月 06 08:17:33 ubuntu systemd[1]: e2scrub_all.service: Succeeded.
4月 06 08:17:33 ubuntu systemd[1]: Finished Online ext4 Metadata Check for All Filesystems.
-- Reboot --
4月 13 08:09:48 ubuntu systemd[1]: Starting Online ext4 Metadata Check for All Filesystems...
4月 13 08:09:48 ubuntu systemd[1]: e2scrub_all.service: Succeeded.
4月 13 08:09:48 ubuntu systemd[1]: Finished Online ext4 Metadata Check for All Filesystems.
-- Reboot --
4月 20 08:15:14 ubuntu systemd[1]: Starting Online ext4 Metadata Check for All Filesystems...
4月 20 08:15:14 ubuntu systemd[1]: e2scrub_all.service: Succeeded.
4月 20 08:15:14 ubuntu systemd[1]: Finished Online ext4 Metadata Check for All Filesystems.
-- Reboot --
4月 27 08:18:49 ubuntu systemd[1]: Starting Online ext4 Metadata Check for All Filesystems...
4月 27 08:18:49 ubuntu systemd[1]: e2scrub_all.service: Succeeded.
4月 27 08:18:49 ubuntu systemd[1]: Finished Online ext4 Metadata Check for All Filesystems.
-- Reboot --
5月 06 10:06:40 ubuntu systemd[1]: Starting Online ext4 Metadata Check for All Filesystems...
5月 06 10:06:40 ubuntu systemd[1]: e2scrub_all.service: Succeeded.
5月 06 10:06:40 ubuntu systemd[1]: Finished Online ext4 Metadata Check for All Filesystems.
-- Reboot --
5月 08 14:54:23 ubuntu systemd[1]: Starting Online ext4 Metadata Check for All Filesystems...
5月 08 14:54:23 ubuntu systemd[1]: e2scrub_all.service: Succeeded.
5月 08 14:54:23 ubuntu systemd[1]: Finished Online ext4 Metadata Check for All Filesystems.
-- Reboot --
5月 15 10:43:43 ubuntu systemd[1]: Starting Online ext4 Metadata Check for All Filesystems...
5月 15 10:43:43 ubuntu systemd[1]: e2scrub_all.service: Succeeded.
5月 15 10:43:43 ubuntu systemd[1]: Finished Online ext4 Metadata Check for All Filesystems.
-- Reboot --
5月 31 15:29:17 ubuntu systemd[1]: Starting Online ext4 Metadata Check for All Filesystems...
5月 31 15:29:17 ubuntu systemd[1]: e2scrub_all.service: Succeeded.
5月 31 15:29:17 ubuntu systemd[1]: Finished Online ext4 Metadata Check for All Filesystems.
-- Reboot --
6月 06 14:13:09 ubuntu systemd[1]: Starting Online ext4 Metadata Check for All Filesystems...
6月 06 14:13:09 ubuntu systemd[1]: e2scrub_all.service: Succeeded.
6月 06 14:13:09 ubuntu systemd[1]: Finished Online ext4 Metadata Check for All Filesystems.
-- Reboot --
6月 15 14:08:57 ubuntu systemd[1]: Starting Online ext4 Metadata Check for All Filesystems...
6月 15 14:08:57 ubuntu systemd[1]: e2scrub_all.service: Succeeded.
6月 15 14:08:57 ubuntu systemd[1]: Finished Online ext4 Metadata Check for All Filesystems.
-- Reboot --
2月 25 16:36:18 ubuntu systemd[1]: Starting Online ext4 Metadata Check for All Filesystems...
2月 25 16:36:18 ubuntu systemd[1]: e2scrub_all.service: Succeeded.
2月 25 16:36:18 ubuntu systemd[1]: Finished Online ext4 Metadata Check for All Filesystems.
2月 26 17:17:09 ubuntu systemd[1]: Starting Online ext4 Metadata Check for All Filesystems...
2月 26 17:17:09 ubuntu systemd[1]: e2scrub_all.service: Succeeded.
2月 26 17:17:09 ubuntu systemd[1]: Finished Online ext4 Metadata Check for All Filesystems.
-- Reboot --
3月 27 17:53:18 ubuntu systemd[1]: Starting Online ext4 Metadata Check for All Filesystems...
3月 27 17:53:18 ubuntu systemd[1]: e2scrub_all.service: Succeeded.
3月 27 17:53:18 ubuntu systemd[1]: Finished Online ext4 Metadata Check for All Filesystems.
-- Reboot --
4月 02 17:05:23 ubuntu systemd[1]: Starting Online ext4 Metadata Check for All Filesystems...
4月 02 17:05:23 ubuntu systemd[1]: e2scrub_all.service: Succeeded.
4月 02 17:05:23 ubuntu systemd[1]: Finished Online ext4 Metadata Check for All Filesystems.
-- Reboot --
4月 14 20:21:40 ubuntu systemd[1]: Starting Online ext4 Metadata Check for All Filesystems...
4月 14 20:21:40 ubuntu systemd[1]: e2scrub_all.service: Succeeded.
4月 14 20:21:40 ubuntu systemd[1]: Finished Online ext4 Metadata Check for All Filesystems.
-- Reboot --
4月 19 18:41:18 ubuntu systemd[1]: Starting Online ext4 Metadata Check for All Filesystems...
4月 19 18:41:18 ubuntu systemd[1]: e2scrub_all.service: Succeeded.
4月 19 18:41:18 ubuntu systemd[1]: Finished Online ext4 Metadata Check for All Filesystems.

