-- Logs begin at Sat 2022-01-08 18:32:32 CST, end at Fri 2023-04-21 15:50:02 CST. --
1月 09 17:32:35 ubuntu systemd[1]: Starting Network Manager Script Dispatcher Service...
1月 09 17:32:35 ubuntu systemd[1]: Started Network Manager Script Dispatcher Service.
1月 09 17:32:46 ubuntu systemd[1]: NetworkManager-dispatcher.service: Succeeded.
1月 09 17:32:56 ubuntu systemd[1]: Starting Network Manager Script Dispatcher Service...
1月 09 17:32:56 ubuntu systemd[1]: Started Network Manager Script Dispatcher Service.
1月 09 17:33:07 ubuntu systemd[1]: NetworkManager-dispatcher.service: Succeeded.
1月 09 17:43:16 ubuntu systemd[1]: Starting Network Manager Script Dispatcher Service...
1月 09 17:43:16 ubuntu systemd[1]: Started Network Manager Script Dispatcher Service.
1月 09 17:43:27 ubuntu systemd[1]: NetworkManager-dispatcher.service: Succeeded.
1月 09 17:47:35 ubuntu systemd[1]: Starting Network Manager Script Dispatcher Service...
1月 09 17:47:35 ubuntu systemd[1]: Started Network Manager Script Dispatcher Service.
1月 09 17:47:46 ubuntu systemd[1]: NetworkManager-dispatcher.service: Succeeded.
1月 09 17:53:36 ubuntu systemd[1]: Starting Network Manager Script Dispatcher Service...
1月 09 17:53:36 ubuntu systemd[1]: Started Network Manager Script Dispatcher Service.
1月 09 17:53:46 ubuntu systemd[1]: NetworkManager-dispatcher.service: Succeeded.
1月 09 17:53:46 ubuntu systemd[1]: Starting Network Manager Script Dispatcher Service...
1月 09 17:53:46 ubuntu systemd[1]: Started Network Manager Script Dispatcher Service.
1月 09 17:53:57 ubuntu nm-dispatcher[5402]: exiting but there are still 1 requests pending
1月 09 17:53:57 ubuntu systemd[1]: NetworkManager-dispatcher.service: Succeeded.
1月 09 17:53:57 ubuntu systemd[1]: Starting Network Manager Script Dispatcher Service...
1月 09 17:53:57 ubuntu systemd[1]: Started Network Manager Script Dispatcher Service.
1月 09 17:54:08 ubuntu systemd[1]: NetworkManager-dispatcher.service: Succeeded.
1月 09 18:02:35 ubuntu systemd[1]: Starting Network Manager Script Dispatcher Service...
1月 09 18:02:35 ubuntu systemd[1]: Started Network Manager Script Dispatcher Service.
1月 09 18:02:46 ubuntu systemd[1]: NetworkManager-dispatcher.service: Succeeded.
1月 09 18:17:35 ubuntu systemd[1]: Starting Network Manager Script Dispatcher Service...
1月 09 18:17:35 ubuntu systemd[1]: Started Network Manager Script Dispatcher Service.
1月 09 18:17:46 ubuntu systemd[1]: NetworkManager-dispatcher.service: Succeeded.
1月 09 18:32:35 ubuntu systemd[1]: Starting Network Manager Script Dispatcher Service...
1月 09 18:32:35 ubuntu systemd[1]: Started Network Manager Script Dispatcher Service.
1月 09 18:32:46 ubuntu systemd[1]: NetworkManager-dispatcher.service: Succeeded.
1月 09 18:47:35 ubuntu systemd[1]: Starting Network Manager Script Dispatcher Service...
1月 09 18:47:35 ubuntu systemd[1]: Started Network Manager Script Dispatcher Service.
1月 09 18:47:46 ubuntu systemd[1]: NetworkManager-dispatcher.service: Succeeded.
1月 09 18:54:17 ubuntu systemd[1]: Starting Network Manager Script Dispatcher Service...
1月 09 18:54:17 ubuntu systemd[1]: Started Network Manager Script Dispatcher Service.
1月 09 18:54:29 ubuntu systemd[1]: NetworkManager-dispatcher.service: Succeeded.
1月 09 18:54:38 ubuntu systemd[1]: Starting Network Manager Script Dispatcher Service...
1月 09 18:54:38 ubuntu systemd[1]: Started Network Manager Script Dispatcher Service.
1月 09 18:54:53 ubuntu systemd[1]: NetworkManager-dispatcher.service: Succeeded.
1月 09 19:02:35 ubuntu systemd[1]: Starting Network Manager Script Dispatcher Service...
1月 09 19:02:35 ubuntu systemd[1]: Started Network Manager Script Dispatcher Service.
1月 09 19:02:46 ubuntu systemd[1]: NetworkManager-dispatcher.service: Succeeded.
1月 09 19:05:01 ubuntu systemd[1]: Starting Network Manager Script Dispatcher Service...
1月 09 19:05:01 ubuntu systemd[1]: Started Network Manager Script Dispatcher Service.
1月 09 19:05:12 ubuntu systemd[1]: NetworkManager-dispatcher.service: Succeeded.
1月 09 19:27:43 ubuntu systemd[1]: Starting Network Manager Script Dispatcher Service...
1月 09 19:27:43 ubuntu systemd[1]: Started Network Manager Script Dispatcher Service.
1月 09 19:27:53 ubuntu systemd[1]: NetworkManager-dispatcher.service: Succeeded.
1月 09 19:42:43 ubuntu systemd[1]: Starting Network Manager Script Dispatcher Service...
1月 09 19:42:43 ubuntu systemd[1]: Started Network Manager Script Dispatcher Service.
1月 09 19:42:53 ubuntu systemd[1]: NetworkManager-dispatcher.service: Succeeded.
1月 09 19:57:43 ubuntu systemd[1]: Starting Network Manager Script Dispatcher Service...
1月 09 19:57:43 ubuntu systemd[1]: Started Network Manager Script Dispatcher Service.
1月 09 19:57:53 ubuntu systemd[1]: NetworkManager-dispatcher.service: Succeeded.
1月 09 20:05:28 ubuntu systemd[1]: Starting Network Manager Script Dispatcher Service...
1月 09 20:05:28 ubuntu systemd[1]: Started Network Manager Script Dispatcher Service.
1月 09 20:05:39 ubuntu systemd[1]: NetworkManager-dispatcher.service: Succeeded.
1月 09 20:10:48 ubuntu systemd[1]: Starting Network Manager Script Dispatcher Service...
1月 09 20:10:48 ubuntu systemd[1]: Started Network Manager Script Dispatcher Service.
1月 09 20:10:59 ubuntu systemd[1]: NetworkManager-dispatcher.service: Succeeded.
1月 09 20:12:43 ubuntu systemd[1]: Starting Network Manager Script Dispatcher Service...
1月 09 20:12:43 ubuntu systemd[1]: Started Network Manager Script Dispatcher Service.
1月 09 20:12:53 ubuntu systemd[1]: NetworkManager-dispatcher.service: Succeeded.
1月 09 20:16:08 ubuntu systemd[1]: Starting Network Manager Script Dispatcher Service...
1月 09 20:16:08 ubuntu systemd[1]: Started Network Manager Script Dispatcher Service.
1月 09 20:16:19 ubuntu systemd[1]: NetworkManager-dispatcher.service: Succeeded.
1月 09 20:21:28 ubuntu systemd[1]: Starting Network Manager Script Dispatcher Service...
1月 09 20:21:28 ubuntu systemd[1]: Started Network Manager Script Dispatcher Service.
1月 09 20:21:39 ubuntu systemd[1]: NetworkManager-dispatcher.service: Succeeded.
1月 09 20:27:43 ubuntu systemd[1]: Starting Network Manager Script Dispatcher Service...
1月 09 20:27:43 ubuntu systemd[1]: Started Network Manager Script Dispatcher Service.
1月 09 20:27:53 ubuntu systemd[1]: NetworkManager-dispatcher.service: Succeeded.
1月 09 20:36:48 ubuntu systemd[1]: Starting Network Manager Script Dispatcher Service...
1月 09 20:36:48 ubuntu systemd[1]: Started Network Manager Script Dispatcher Service.
1月 09 20:36:59 ubuntu systemd[1]: NetworkManager-dispatcher.service: Succeeded.
1月 09 20:42:43 ubuntu systemd[1]: Starting Network Manager Script Dispatcher Service...
1月 09 20:42:43 ubuntu systemd[1]: Started Network Manager Script Dispatcher Service.
1月 09 20:42:53 ubuntu systemd[1]: NetworkManager-dispatcher.service: Succeeded.
1月 09 20:57:43 ubuntu systemd[1]: Starting Network Manager Script Dispatcher Service...
1月 09 20:57:43 ubuntu systemd[1]: Started Network Manager Script Dispatcher Service.
1月 09 20:57:53 ubuntu systemd[1]: NetworkManager-dispatcher.service: Succeeded.
1月 09 21:07:08 ubuntu systemd[1]: Starting Network Manager Script Dispatcher Service...
1月 09 21:07:08 ubuntu systemd[1]: Started Network Manager Script Dispatcher Service.
1月 09 21:07:24 ubuntu systemd[1]: NetworkManager-dispatcher.service: Succeeded.
1月 09 21:07:31 ubuntu systemd[1]: Starting Network Manager Script Dispatcher Service...
1月 09 21:07:31 ubuntu systemd[1]: Started Network Manager Script Dispatcher Service.
1月 09 21:07:42 ubuntu systemd[1]: NetworkManager-dispatcher.service: Succeeded.
1月 09 21:12:43 ubuntu systemd[1]: Starting Network Manager Script Dispatcher Service...
1月 09 21:12:43 ubuntu systemd[1]: Started Network Manager Script Dispatcher Service.
1月 09 21:12:53 ubuntu systemd[1]: NetworkManager-dispatcher.service: Succeeded.
1月 09 21:27:43 ubuntu systemd[1]: Starting Network Manager Script Dispatcher Service...
1月 09 21:27:43 ubuntu systemd[1]: Started Network Manager Script Dispatcher Service.
1月 09 21:28:01 ubuntu systemd[1]: NetworkManager-dispatcher.service: Succeeded.
1月 09 21:28:05 ubuntu systemd[1]: Starting Network Manager Script Dispatcher Service...
1月 09 21:28:05 ubuntu systemd[1]: Started Network Manager Script Dispatcher Service.
1月 09 21:28:15 ubuntu systemd[1]: NetworkManager-dispatcher.service: Succeeded.
-- Reboot --
1月 09 21:33:15 ubuntu systemd[1]: Starting Network Manager Script Dispatcher Service...
1月 09 21:33:15 ubuntu systemd[1]: Started Network Manager Script Dispatcher Service.
1月 09 21:33:27 ubuntu systemd[1]: NetworkManager-dispatcher.service: Succeeded.
1月 09 21:38:37 ubuntu systemd[1]: Starting Network Manager Script Dispatcher Service...
1月 09 21:38:37 ubuntu systemd[1]: Started Network Manager Script Dispatcher Service.
1月 09 21:38:49 ubuntu systemd[1]: NetworkManager-dispatcher.service: Succeeded.
1月 09 21:48:15 ubuntu systemd[1]: Starting Network Manager Script Dispatcher Service...
1月 09 21:48:15 ubuntu systemd[1]: Started Network Manager Script Dispatcher Service.
1月 09 21:48:26 ubuntu systemd[1]: NetworkManager-dispatcher.service: Succeeded.
1月 09 22:03:15 ubuntu systemd[1]: Starting Network Manager Script Dispatcher Service...
1月 09 22:03:15 ubuntu systemd[1]: Started Network Manager Script Dispatcher Service.
1月 09 22:03:26 ubuntu systemd[1]: NetworkManager-dispatcher.service: Succeeded.
1月 09 22:18:15 ubuntu systemd[1]: Starting Network Manager Script Dispatcher Service...
1月 09 22:18:15 ubuntu systemd[1]: Started Network Manager Script Dispatcher Service.
1月 09 22:18:26 ubuntu systemd[1]: NetworkManager-dispatcher.service: Succeeded.
1月 09 22:23:58 ubuntu systemd[1]: Starting Network Manager Script Dispatcher Service...
1月 09 22:23:58 ubuntu systemd[1]: Started Network Manager Script Dispatcher Service.
1月 09 22:24:09 ubuntu systemd[1]: NetworkManager-dispatcher.service: Succeeded.
1月 09 22:33:15 ubuntu systemd[1]: Starting Network Manager Script Dispatcher Service...
1月 09 22:33:15 ubuntu systemd[1]: Started Network Manager Script Dispatcher Service.
1月 09 22:33:26 ubuntu systemd[1]: NetworkManager-dispatcher.service: Succeeded.
1月 09 22:34:18 ubuntu systemd[1]: Starting Network Manager Script Dispatcher Service...
1月 09 22:34:18 ubuntu systemd[1]: Started Network Manager Script Dispatcher Service.
1月 09 22:34:29 ubuntu systemd[1]: NetworkManager-dispatcher.service: Succeeded.
-- Reboot --
3月 22 14:03:02 ubuntu systemd[1]: Starting Network Manager Script Dispatcher Service...
3月 22 14:03:02 ubuntu systemd[1]: Started Network Manager Script Dispatcher Service.
3月 22 14:03:14 ubuntu systemd[1]: NetworkManager-dispatcher.service: Succeeded.
3月 22 14:12:17 ubuntu systemd[1]: Starting Network Manager Script Dispatcher Service...
3月 22 14:12:17 ubuntu systemd[1]: Started Network Manager Script Dispatcher Service.
3月 22 14:12:28 ubuntu systemd[1]: NetworkManager-dispatcher.service: Succeeded.
-- Reboot --
3月 22 14:13:42 ubuntu systemd[1]: Starting Network Manager Script Dispatcher Service...
3月 22 14:13:42 ubuntu systemd[1]: Started Network Manager Script Dispatcher Service.
3月 22 14:13:54 ubuntu systemd[1]: NetworkManager-dispatcher.service: Succeeded.
-- Reboot --
3月 22 16:13:10 ubuntu systemd[1]: Starting Network Manager Script Dispatcher Service...
3月 22 16:13:10 ubuntu systemd[1]: Started Network Manager Script Dispatcher Service.
3月 22 16:13:21 ubuntu systemd[1]: NetworkManager-dispatcher.service: Succeeded.
3月 22 16:28:11 ubuntu systemd[1]: Starting Network Manager Script Dispatcher Service...
3月 22 16:28:11 ubuntu systemd[1]: Started Network Manager Script Dispatcher Service.
3月 22 16:28:21 ubuntu systemd[1]: NetworkManager-dispatcher.service: Succeeded.
3月 22 16:28:31 ubuntu systemd[1]: Starting Network Manager Script Dispatcher Service...
3月 22 16:28:31 ubuntu systemd[1]: Started Network Manager Script Dispatcher Service.
3月 22 16:28:42 ubuntu systemd[1]: NetworkManager-dispatcher.service: Succeeded.
3月 22 16:43:11 ubuntu systemd[1]: Starting Network Manager Script Dispatcher Service...
3月 22 16:43:11 ubuntu systemd[1]: Started Network Manager Script Dispatcher Service.
3月 22 16:43:21 ubuntu systemd[1]: NetworkManager-dispatcher.service: Succeeded.
3月 22 16:58:11 ubuntu systemd[1]: Starting Network Manager Script Dispatcher Service...
3月 22 16:58:11 ubuntu systemd[1]: Started Network Manager Script Dispatcher Service.
3月 22 16:58:21 ubuntu systemd[1]: NetworkManager-dispatcher.service: Succeeded.
3月 22 17:03:51 ubuntu systemd[1]: Starting Network Manager Script Dispatcher Service...
3月 22 17:03:51 ubuntu systemd[1]: Started Network Manager Script Dispatcher Service.
3月 22 17:04:02 ubuntu systemd[1]: NetworkManager-dispatcher.service: Succeeded.
3月 22 17:13:11 ubuntu systemd[1]: Starting Network Manager Script Dispatcher Service...
3月 22 17:13:11 ubuntu systemd[1]: Started Network Manager Script Dispatcher Service.
3月 22 17:13:21 ubuntu systemd[1]: NetworkManager-dispatcher.service: Succeeded.
3月 22 17:19:11 ubuntu systemd[1]: Starting Network Manager Script Dispatcher Service...
3月 22 17:19:11 ubuntu systemd[1]: Started Network Manager Script Dispatcher Service.
3月 22 17:19:23 ubuntu systemd[1]: NetworkManager-dispatcher.service: Succeeded.
3月 22 17:24:32 ubuntu systemd[1]: Starting Network Manager Script Dispatcher Service...
3月 22 17:24:32 ubuntu systemd[1]: Started Network Manager Script Dispatcher Service.
3月 22 17:24:44 ubuntu systemd[1]: NetworkManager-dispatcher.service: Succeeded.
3月 22 17:28:11 ubuntu systemd[1]: Starting Network Manager Script Dispatcher Service...
3月 22 17:28:11 ubuntu systemd[1]: Started Network Manager Script Dispatcher Service.
3月 22 17:28:21 ubuntu systemd[1]: NetworkManager-dispatcher.service: Succeeded.
-- Reboot --
3月 25 10:18:05 ubuntu systemd[1]: Starting Network Manager Script Dispatcher Service...
3月 25 10:18:05 ubuntu systemd[1]: Started Network Manager Script Dispatcher Service.
3月 25 10:18:17 ubuntu systemd[1]: NetworkManager-dispatcher.service: Succeeded.
3月 25 10:23:26 ubuntu systemd[1]: Starting Network Manager Script Dispatcher Service...
3月 25 10:23:26 ubuntu systemd[1]: Started Network Manager Script Dispatcher Service.
3月 25 10:23:37 ubuntu systemd[1]: NetworkManager-dispatcher.service: Succeeded.
3月 25 10:33:05 ubuntu systemd[1]: Starting Network Manager Script Dispatcher Service...
3月 25 10:33:05 ubuntu systemd[1]: Started Network Manager Script Dispatcher Service.
3月 25 10:33:15 ubuntu systemd[1]: NetworkManager-dispatcher.service: Succeeded.
-- Reboot --
3月 25 10:45:16 ubuntu systemd[1]: Starting Network Manager Script Dispatcher Service...
3月 25 10:45:16 ubuntu systemd[1]: Started Network Manager Script Dispatcher Service.
3月 25 10:45:29 ubuntu systemd[1]: NetworkManager-dispatcher.service: Succeeded.
3月 25 11:00:18 ubuntu systemd[1]: Starting Network Manager Script Dispatcher Service...
3月 25 11:00:18 ubuntu systemd[1]: Started Network Manager Script Dispatcher Service.
3月 25 11:00:29 ubuntu systemd[1]: NetworkManager-dispatcher.service: Succeeded.
3月 25 11:15:18 ubuntu systemd[1]: Starting Network Manager Script Dispatcher Service...
3月 25 11:15:18 ubuntu systemd[1]: Started Network Manager Script Dispatcher Service.
3月 25 11:15:29 ubuntu systemd[1]: NetworkManager-dispatcher.service: Succeeded.
3月 25 11:15:39 ubuntu systemd[1]: Starting Network Manager Script Dispatcher Service...
3月 25 11:15:39 ubuntu systemd[1]: Started Network Manager Script Dispatcher Service.
3月 25 11:15:50 ubuntu systemd[1]: NetworkManager-dispatcher.service: Succeeded.
3月 25 11:30:18 ubuntu systemd[1]: Starting Network Manager Script Dispatcher Service...
3月 25 11:30:18 ubuntu systemd[1]: Started Network Manager Script Dispatcher Service.
3月 25 11:30:29 ubuntu systemd[1]: NetworkManager-dispatcher.service: Succeeded.
3月 25 11:30:59 ubuntu systemd[1]: Starting Network Manager Script Dispatcher Service...
3月 25 11:30:59 ubuntu systemd[1]: Started Network Manager Script Dispatcher Service.
3月 25 11:31:11 ubuntu systemd[1]: NetworkManager-dispatcher.service: Succeeded.
3月 25 11:45:18 ubuntu systemd[1]: Starting Network Manager Script Dispatcher Service...
3月 25 11:45:18 ubuntu systemd[1]: Started Network Manager Script Dispatcher Service.
3月 25 11:45:29 ubuntu systemd[1]: NetworkManager-dispatcher.service: Succeeded.
-- Reboot --
3月 28 10:02:54 ubuntu systemd[1]: Starting Network Manager Script Dispatcher Service...
3月 28 10:02:55 ubuntu systemd[1]: Started Network Manager Script Dispatcher Service.
3月 28 10:03:06 ubuntu systemd[1]: NetworkManager-dispatcher.service: Succeeded.
-- Reboot --
3月 28 14:59:44 ubuntu systemd[1]: Starting Network Manager Script Dispatcher Service...
3月 28 14:59:44 ubuntu systemd[1]: Started Network Manager Script Dispatcher Service.
3月 28 14:59:58 ubuntu systemd[1]: NetworkManager-dispatcher.service: Succeeded.
3月 28 15:14:44 ubuntu systemd[1]: Starting Network Manager Script Dispatcher Service...
3月 28 15:14:44 ubuntu systemd[1]: Started Network Manager Script Dispatcher Service.
3月 28 15:14:54 ubuntu systemd[1]: NetworkManager-dispatcher.service: Succeeded.
3月 28 15:29:44 ubuntu systemd[1]: Starting Network Manager Script Dispatcher Service...
3月 28 15:29:44 ubuntu systemd[1]: Started Network Manager Script Dispatcher Service.
3月 28 15:29:54 ubuntu systemd[1]: NetworkManager-dispatcher.service: Succeeded.
3月 28 15:30:04 ubuntu systemd[1]: Starting Network Manager Script Dispatcher Service...
3月 28 15:30:04 ubuntu systemd[1]: Started Network Manager Script Dispatcher Service.
3月 28 15:30:15 ubuntu systemd[1]: NetworkManager-dispatcher.service: Succeeded.
3月 28 15:35:24 ubuntu systemd[1]: Starting Network Manager Script Dispatcher Service...
3月 28 15:35:24 ubuntu systemd[1]: Started Network Manager Script Dispatcher Service.
3月 28 15:35:35 ubuntu systemd[1]: NetworkManager-dispatcher.service: Succeeded.
3月 28 15:44:44 ubuntu systemd[1]: Starting Network Manager Script Dispatcher Service...
3月 28 15:44:44 ubuntu systemd[1]: Started Network Manager Script Dispatcher Service.
3月 28 15:44:54 ubuntu systemd[1]: NetworkManager-dispatcher.service: Succeeded.
3月 28 15:53:52 ubuntu systemd[1]: Starting Network Manager Script Dispatcher Service...
3月 28 15:53:52 ubuntu systemd[1]: Started Network Manager Script Dispatcher Service.
3月 28 15:53:52 ubuntu nm-dispatcher[4232]: run-parts: failed to stat component /etc/network/if-post-down.d/avahi-daemon: No such file or directory
3月 28 15:53:53 ubuntu nm-dispatcher[4224]: Caught signal 15, shutting down...
3月 28 15:53:53 ubuntu systemd[1]: Stopping Network Manager Script Dispatcher Service...
3月 28 15:53:54 ubuntu systemd[1]: NetworkManager-dispatcher.service: Succeeded.
3月 28 15:53:54 ubuntu systemd[1]: Stopped Network Manager Script Dispatcher Service.
-- Reboot --
3月 28 16:17:50 ubuntu systemd[1]: Starting Network Manager Script Dispatcher Service...
3月 28 16:17:50 ubuntu systemd[1]: Started Network Manager Script Dispatcher Service.
3月 28 16:18:01 ubuntu systemd[1]: NetworkManager-dispatcher.service: Succeeded.
3月 28 16:32:47 ubuntu systemd[1]: Starting Network Manager Script Dispatcher Service...
3月 28 16:32:47 ubuntu systemd[1]: Started Network Manager Script Dispatcher Service.
3月 28 16:32:57 ubuntu systemd[1]: NetworkManager-dispatcher.service: Succeeded.
3月 28 16:33:07 ubuntu systemd[1]: Starting Network Manager Script Dispatcher Service...
3月 28 16:33:07 ubuntu systemd[1]: Started Network Manager Script Dispatcher Service.
3月 28 16:33:18 ubuntu systemd[1]: NetworkManager-dispatcher.service: Succeeded.
3月 28 16:47:47 ubuntu systemd[1]: Starting Network Manager Script Dispatcher Service...
3月 28 16:47:47 ubuntu systemd[1]: Started Network Manager Script Dispatcher Service.
3月 28 16:47:57 ubuntu systemd[1]: NetworkManager-dispatcher.service: Succeeded.
3月 28 16:48:27 ubuntu systemd[1]: Starting Network Manager Script Dispatcher Service...
3月 28 16:48:27 ubuntu systemd[1]: Started Network Manager Script Dispatcher Service.
3月 28 16:48:38 ubuntu systemd[1]: NetworkManager-dispatcher.service: Succeeded.
3月 28 16:53:47 ubuntu systemd[1]: Starting Network Manager Script Dispatcher Service...
3月 28 16:53:47 ubuntu systemd[1]: Started Network Manager Script Dispatcher Service.
3月 28 16:53:58 ubuntu systemd[1]: NetworkManager-dispatcher.service: Succeeded.
3月 28 17:02:47 ubuntu systemd[1]: Starting Network Manager Script Dispatcher Service...
3月 28 17:02:47 ubuntu systemd[1]: Started Network Manager Script Dispatcher Service.
3月 28 17:02:57 ubuntu systemd[1]: NetworkManager-dispatcher.service: Succeeded.
3月 28 17:17:47 ubuntu systemd[1]: Starting Network Manager Script Dispatcher Service...
3月 28 17:17:47 ubuntu systemd[1]: Started Network Manager Script Dispatcher Service.
3月 28 17:17:57 ubuntu systemd[1]: NetworkManager-dispatcher.service: Succeeded.
-- Reboot --
4月 01 10:14:25 ubuntu systemd[1]: Starting Network Manager Script Dispatcher Service...
4月 01 10:14:25 ubuntu systemd[1]: Started Network Manager Script Dispatcher Service.
4月 01 10:14:36 ubuntu systemd[1]: NetworkManager-dispatcher.service: Succeeded.
-- Reboot --
4月 01 10:25:05 ubuntu systemd[1]: Starting Network Manager Script Dispatcher Service...
4月 01 10:25:05 ubuntu systemd[1]: Started Network Manager Script Dispatcher Service.
4月 01 10:25:16 ubuntu systemd[1]: NetworkManager-dispatcher.service: Succeeded.
4月 01 10:40:03 ubuntu systemd[1]: Starting Network Manager Script Dispatcher Service...
4月 01 10:40:03 ubuntu systemd[1]: Started Network Manager Script Dispatcher Service.
4月 01 10:40:14 ubuntu systemd[1]: NetworkManager-dispatcher.service: Succeeded.
4月 01 10:55:03 ubuntu systemd[1]: Starting Network Manager Script Dispatcher Service...
4月 01 10:55:03 ubuntu systemd[1]: Started Network Manager Script Dispatcher Service.
4月 01 10:55:14 ubuntu systemd[1]: NetworkManager-dispatcher.service: Succeeded.
4月 01 11:10:03 ubuntu systemd[1]: Starting Network Manager Script Dispatcher Service...
4月 01 11:10:03 ubuntu systemd[1]: Started Network Manager Script Dispatcher Service.
4月 01 11:10:14 ubuntu systemd[1]: NetworkManager-dispatcher.service: Succeeded.
4月 01 11:25:03 ubuntu systemd[1]: Starting Network Manager Script Dispatcher Service...
4月 01 11:25:03 ubuntu systemd[1]: Started Network Manager Script Dispatcher Service.
4月 01 11:25:14 ubuntu systemd[1]: NetworkManager-dispatcher.service: Succeeded.
4月 01 11:40:03 ubuntu systemd[1]: Starting Network Manager Script Dispatcher Service...
4月 01 11:40:03 ubuntu systemd[1]: Started Network Manager Script Dispatcher Service.
4月 01 11:40:14 ubuntu systemd[1]: NetworkManager-dispatcher.service: Succeeded.
4月 01 11:40:24 ubuntu systemd[1]: Starting Network Manager Script Dispatcher Service...
4月 01 11:40:24 ubuntu systemd[1]: Started Network Manager Script Dispatcher Service.
4月 01 11:40:36 ubuntu systemd[1]: NetworkManager-dispatcher.service: Succeeded.
4月 01 11:55:03 ubuntu systemd[1]: Starting Network Manager Script Dispatcher Service...
4月 01 11:55:03 ubuntu systemd[1]: Started Network Manager Script Dispatcher Service.
4月 01 11:55:14 ubuntu systemd[1]: NetworkManager-dispatcher.service: Succeeded.
-- Reboot --
4月 02 08:51:52 ubuntu systemd[1]: Starting Network Manager Script Dispatcher Service...
4月 02 08:51:52 ubuntu systemd[1]: Started Network Manager Script Dispatcher Service.
4月 02 08:52:09 ubuntu systemd[1]: NetworkManager-dispatcher.service: Succeeded.
-- Reboot --
4月 02 09:04:38 ubuntu systemd[1]: Starting Network Manager Script Dispatcher Service...
4月 02 09:04:38 ubuntu systemd[1]: Started Network Manager Script Dispatcher Service.
4月 02 09:04:53 ubuntu systemd[1]: NetworkManager-dispatcher.service: Succeeded.
-- Reboot --
4月 02 09:10:28 ubuntu systemd[1]: Starting Network Manager Script Dispatcher Service...
4月 02 09:10:28 ubuntu systemd[1]: Started Network Manager Script Dispatcher Service.
4月 02 09:10:43 ubuntu systemd[1]: NetworkManager-dispatcher.service: Succeeded.
4月 02 09:25:27 ubuntu systemd[1]: Starting Network Manager Script Dispatcher Service...
4月 02 09:25:27 ubuntu systemd[1]: Started Network Manager Script Dispatcher Service.
4月 02 09:25:38 ubuntu systemd[1]: NetworkManager-dispatcher.service: Succeeded.
-- Reboot --
4月 02 17:23:00 ubuntu systemd[1]: Starting Network Manager Script Dispatcher Service...
4月 02 17:23:00 ubuntu systemd[1]: Started Network Manager Script Dispatcher Service.
4月 02 17:23:16 ubuntu systemd[1]: NetworkManager-dispatcher.service: Succeeded.
4月 02 17:38:01 ubuntu systemd[1]: Starting Network Manager Script Dispatcher Service...
4月 02 17:38:01 ubuntu systemd[1]: Started Network Manager Script Dispatcher Service.
4月 02 17:38:11 ubuntu systemd[1]: NetworkManager-dispatcher.service: Succeeded.
4月 02 17:48:22 ubuntu systemd[1]: Starting Network Manager Script Dispatcher Service...
4月 02 17:48:22 ubuntu systemd[1]: Started Network Manager Script Dispatcher Service.
4月 02 17:48:33 ubuntu systemd[1]: NetworkManager-dispatcher.service: Succeeded.
4月 02 17:48:36 ubuntu systemd[1]: Starting Network Manager Script Dispatcher Service...
4月 02 17:48:52 ubuntu systemd[1]: Started Network Manager Script Dispatcher Service.
4月 02 17:48:52 ubuntu nm-dispatcher[4699]: run-parts: failed to stat component /etc/network/if-post-down.d/avahi-daemon: No such file or directory
4月 02 17:49:04 ubuntu systemd[1]: NetworkManager-dispatcher.service: Succeeded.
-- Reboot --
4月 02 17:51:33 ubuntu systemd[1]: Starting Network Manager Script Dispatcher Service...
4月 02 17:51:33 ubuntu systemd[1]: Started Network Manager Script Dispatcher Service.
4月 02 17:51:45 ubuntu systemd[1]: NetworkManager-dispatcher.service: Succeeded.
-- Reboot --
4月 06 08:17:22 ubuntu systemd[1]: Starting Network Manager Script Dispatcher Service...
4月 06 08:17:22 ubuntu systemd[1]: Started Network Manager Script Dispatcher Service.
4月 06 08:17:33 ubuntu systemd[1]: NetworkManager-dispatcher.service: Succeeded.
4月 06 08:32:13 ubuntu systemd[1]: Starting Network Manager Script Dispatcher Service...
4月 06 08:32:13 ubuntu systemd[1]: Started Network Manager Script Dispatcher Service.
4月 06 08:32:24 ubuntu systemd[1]: NetworkManager-dispatcher.service: Succeeded.
4月 06 08:47:13 ubuntu systemd[1]: Starting Network Manager Script Dispatcher Service...
4月 06 08:47:13 ubuntu systemd[1]: Started Network Manager Script Dispatcher Service.
4月 06 08:47:24 ubuntu systemd[1]: NetworkManager-dispatcher.service: Succeeded.
4月 06 09:02:13 ubuntu systemd[1]: Starting Network Manager Script Dispatcher Service...
4月 06 09:02:13 ubuntu systemd[1]: Started Network Manager Script Dispatcher Service.
4月 06 09:02:24 ubuntu systemd[1]: NetworkManager-dispatcher.service: Succeeded.
4月 06 09:12:34 ubuntu systemd[1]: Starting Network Manager Script Dispatcher Service...
4月 06 09:12:34 ubuntu systemd[1]: Started Network Manager Script Dispatcher Service.
4月 06 09:12:45 ubuntu systemd[1]: NetworkManager-dispatcher.service: Succeeded.
4月 06 09:17:13 ubuntu systemd[1]: Starting Network Manager Script Dispatcher Service...
4月 06 09:17:13 ubuntu systemd[1]: Started Network Manager Script Dispatcher Service.
4月 06 09:17:24 ubuntu systemd[1]: NetworkManager-dispatcher.service: Succeeded.
4月 06 09:17:54 ubuntu systemd[1]: Starting Network Manager Script Dispatcher Service...
4月 06 09:17:54 ubuntu systemd[1]: Started Network Manager Script Dispatcher Service.
4月 06 09:18:05 ubuntu systemd[1]: NetworkManager-dispatcher.service: Succeeded.
4月 06 09:32:13 ubuntu systemd[1]: Starting Network Manager Script Dispatcher Service...
4月 06 09:32:13 ubuntu systemd[1]: Started Network Manager Script Dispatcher Service.
4月 06 09:32:24 ubuntu systemd[1]: NetworkManager-dispatcher.service: Succeeded.
4月 06 09:47:13 ubuntu systemd[1]: Starting Network Manager Script Dispatcher Service...
4月 06 09:47:13 ubuntu systemd[1]: Started Network Manager Script Dispatcher Service.
4月 06 09:47:24 ubuntu systemd[1]: NetworkManager-dispatcher.service: Succeeded.
-- Reboot --
4月 13 08:09:38 ubuntu systemd[1]: Starting Network Manager Script Dispatcher Service...
4月 13 08:09:38 ubuntu systemd[1]: Started Network Manager Script Dispatcher Service.
4月 13 08:09:59 ubuntu systemd[1]: NetworkManager-dispatcher.service: Succeeded.
4月 13 08:24:48 ubuntu systemd[1]: Starting Network Manager Script Dispatcher Service...
4月 13 08:24:48 ubuntu systemd[1]: Started Network Manager Script Dispatcher Service.
4月 13 08:24:59 ubuntu systemd[1]: NetworkManager-dispatcher.service: Succeeded.
4月 13 08:25:10 ubuntu systemd[1]: Starting Network Manager Script Dispatcher Service...
4月 13 08:25:10 ubuntu systemd[1]: Started Network Manager Script Dispatcher Service.
4月 13 08:25:21 ubuntu systemd[1]: NetworkManager-dispatcher.service: Succeeded.
-- Reboot --
4月 13 08:30:20 ubuntu systemd[1]: Starting Network Manager Script Dispatcher Service...
4月 13 08:30:20 ubuntu systemd[1]: Started Network Manager Script Dispatcher Service.
4月 13 08:30:31 ubuntu systemd[1]: NetworkManager-dispatcher.service: Succeeded.
4月 13 08:40:40 ubuntu systemd[1]: Starting Network Manager Script Dispatcher Service...
4月 13 08:40:40 ubuntu systemd[1]: Started Network Manager Script Dispatcher Service.
4月 13 08:40:51 ubuntu systemd[1]: NetworkManager-dispatcher.service: Succeeded.
4月 13 08:45:20 ubuntu systemd[1]: Starting Network Manager Script Dispatcher Service...
4月 13 08:45:20 ubuntu systemd[1]: Started Network Manager Script Dispatcher Service.
4月 13 08:45:30 ubuntu systemd[1]: NetworkManager-dispatcher.service: Succeeded.
4月 13 08:51:00 ubuntu systemd[1]: Starting Network Manager Script Dispatcher Service...
4月 13 08:51:00 ubuntu systemd[1]: Started Network Manager Script Dispatcher Service.
4月 13 08:51:11 ubuntu systemd[1]: NetworkManager-dispatcher.service: Succeeded.
4月 13 09:00:20 ubuntu systemd[1]: Starting Network Manager Script Dispatcher Service...
4月 13 09:00:20 ubuntu systemd[1]: Started Network Manager Script Dispatcher Service.
4月 13 09:00:30 ubuntu systemd[1]: NetworkManager-dispatcher.service: Succeeded.
4月 13 09:15:20 ubuntu systemd[1]: Starting Network Manager Script Dispatcher Service...
4月 13 09:15:20 ubuntu systemd[1]: Started Network Manager Script Dispatcher Service.
4月 13 09:15:30 ubuntu systemd[1]: NetworkManager-dispatcher.service: Succeeded.
4月 13 09:30:20 ubuntu systemd[1]: Starting Network Manager Script Dispatcher Service...
4月 13 09:30:20 ubuntu systemd[1]: Started Network Manager Script Dispatcher Service.
4月 13 09:30:30 ubuntu systemd[1]: NetworkManager-dispatcher.service: Succeeded.
4月 13 09:31:20 ubuntu systemd[1]: Starting Network Manager Script Dispatcher Service...
4月 13 09:31:20 ubuntu systemd[1]: Started Network Manager Script Dispatcher Service.
4月 13 09:31:32 ubuntu systemd[1]: NetworkManager-dispatcher.service: Succeeded.
4月 13 09:45:20 ubuntu systemd[1]: Starting Network Manager Script Dispatcher Service...
4月 13 09:45:20 ubuntu systemd[1]: Started Network Manager Script Dispatcher Service.
4月 13 09:45:30 ubuntu systemd[1]: NetworkManager-dispatcher.service: Succeeded.
-- Reboot --
4月 13 10:23:41 ubuntu systemd[1]: Starting Network Manager Script Dispatcher Service...
4月 13 10:23:41 ubuntu systemd[1]: Started Network Manager Script Dispatcher Service.
4月 13 10:23:52 ubuntu systemd[1]: NetworkManager-dispatcher.service: Succeeded.
-- Reboot --
4月 13 14:46:33 ubuntu systemd[1]: Starting Network Manager Script Dispatcher Service...
4月 13 14:46:33 ubuntu systemd[1]: Started Network Manager Script Dispatcher Service.
4月 13 14:46:44 ubuntu systemd[1]: NetworkManager-dispatcher.service: Succeeded.
4月 13 15:01:34 ubuntu systemd[1]: Starting Network Manager Script Dispatcher Service...
4月 13 15:01:34 ubuntu systemd[1]: Started Network Manager Script Dispatcher Service.
4月 13 15:01:44 ubuntu systemd[1]: NetworkManager-dispatcher.service: Succeeded.
4月 13 15:16:34 ubuntu systemd[1]: Starting Network Manager Script Dispatcher Service...
4月 13 15:16:34 ubuntu systemd[1]: Started Network Manager Script Dispatcher Service.
4月 13 15:16:44 ubuntu systemd[1]: NetworkManager-dispatcher.service: Succeeded.
-- Reboot --
4月 15 10:17:00 ubuntu systemd[1]: Starting Network Manager Script Dispatcher Service...
4月 15 10:17:00 ubuntu systemd[1]: Started Network Manager Script Dispatcher Service.
4月 15 10:17:12 ubuntu nm-dispatcher[1460]: run-parts: failed to stat component /etc/network/if-post-down.d/avahi-daemon: No such file or directory
4月 15 10:17:22 ubuntu systemd[1]: NetworkManager-dispatcher.service: Succeeded.
4月 15 10:17:57 ubuntu systemd[1]: Starting Network Manager Script Dispatcher Service...
4月 15 10:17:57 ubuntu systemd[1]: Started Network Manager Script Dispatcher Service.
4月 15 10:18:07 ubuntu systemd[1]: NetworkManager-dispatcher.service: Succeeded.
4月 15 10:18:39 ubuntu systemd[1]: Starting Network Manager Script Dispatcher Service...
4月 15 10:18:39 ubuntu systemd[1]: Started Network Manager Script Dispatcher Service.
4月 15 10:18:49 ubuntu systemd[1]: NetworkManager-dispatcher.service: Succeeded.
-- Reboot --
4月 20 08:14:46 ubuntu systemd[1]: Starting Network Manager Script Dispatcher Service...
4月 20 08:14:46 ubuntu systemd[1]: Started Network Manager Script Dispatcher Service.
4月 20 08:14:59 ubuntu systemd[1]: NetworkManager-dispatcher.service: Succeeded.
-- Reboot --
4月 20 08:23:06 ubuntu systemd[1]: Starting Network Manager Script Dispatcher Service...
4月 20 08:23:06 ubuntu systemd[1]: Started Network Manager Script Dispatcher Service.
4月 20 08:23:17 ubuntu systemd[1]: NetworkManager-dispatcher.service: Succeeded.
4月 20 08:38:06 ubuntu systemd[1]: Starting Network Manager Script Dispatcher Service...
4月 20 08:38:06 ubuntu systemd[1]: Started Network Manager Script Dispatcher Service.
4月 20 08:38:16 ubuntu systemd[1]: NetworkManager-dispatcher.service: Succeeded.
4月 20 08:53:06 ubuntu systemd[1]: Starting Network Manager Script Dispatcher Service...
4月 20 08:53:06 ubuntu systemd[1]: Started Network Manager Script Dispatcher Service.
4月 20 08:53:16 ubuntu systemd[1]: NetworkManager-dispatcher.service: Succeeded.
4月 20 09:08:06 ubuntu systemd[1]: Starting Network Manager Script Dispatcher Service...
4月 20 09:08:06 ubuntu systemd[1]: Started Network Manager Script Dispatcher Service.
4月 20 09:08:16 ubuntu systemd[1]: NetworkManager-dispatcher.service: Succeeded.
-- Reboot --
4月 27 08:18:22 ubuntu systemd[1]: Starting Network Manager Script Dispatcher Service...
4月 27 08:18:22 ubuntu systemd[1]: Started Network Manager Script Dispatcher Service.
4月 27 08:18:33 ubuntu systemd[1]: NetworkManager-dispatcher.service: Succeeded.
4月 27 08:23:42 ubuntu systemd[1]: Starting Network Manager Script Dispatcher Service...
4月 27 08:23:42 ubuntu systemd[1]: Started Network Manager Script Dispatcher Service.
4月 27 08:23:53 ubuntu systemd[1]: NetworkManager-dispatcher.service: Succeeded.
4月 27 08:33:21 ubuntu systemd[1]: Starting Network Manager Script Dispatcher Service...
4月 27 08:33:21 ubuntu systemd[1]: Started Network Manager Script Dispatcher Service.
4月 27 08:33:32 ubuntu systemd[1]: NetworkManager-dispatcher.service: Succeeded.
4月 27 08:48:21 ubuntu systemd[1]: Starting Network Manager Script Dispatcher Service...
4月 27 08:48:21 ubuntu systemd[1]: Started Network Manager Script Dispatcher Service.
4月 27 08:48:32 ubuntu systemd[1]: NetworkManager-dispatcher.service: Succeeded.
4月 27 09:03:21 ubuntu systemd[1]: Starting Network Manager Script Dispatcher Service...
4月 27 09:03:21 ubuntu systemd[1]: Started Network Manager Script Dispatcher Service.
4月 27 09:03:32 ubuntu systemd[1]: NetworkManager-dispatcher.service: Succeeded.
4月 27 09:18:21 ubuntu systemd[1]: Starting Network Manager Script Dispatcher Service...
4月 27 09:18:21 ubuntu systemd[1]: Started Network Manager Script Dispatcher Service.
4月 27 09:18:32 ubuntu systemd[1]: NetworkManager-dispatcher.service: Succeeded.
4月 27 09:33:21 ubuntu systemd[1]: Starting Network Manager Script Dispatcher Service...
4月 27 09:33:21 ubuntu systemd[1]: Started Network Manager Script Dispatcher Service.
4月 27 09:33:32 ubuntu systemd[1]: NetworkManager-dispatcher.service: Succeeded.
4月 27 09:48:21 ubuntu systemd[1]: Starting Network Manager Script Dispatcher Service...
4月 27 09:48:21 ubuntu systemd[1]: Started Network Manager Script Dispatcher Service.
4月 27 09:48:32 ubuntu systemd[1]: NetworkManager-dispatcher.service: Succeeded.
4月 27 09:54:02 ubuntu systemd[1]: Starting Network Manager Script Dispatcher Service...
4月 27 09:54:02 ubuntu systemd[1]: Started Network Manager Script Dispatcher Service.
4月 27 09:54:14 ubuntu systemd[1]: NetworkManager-dispatcher.service: Succeeded.
4月 27 09:59:23 ubuntu systemd[1]: Starting Network Manager Script Dispatcher Service...
4月 27 09:59:23 ubuntu systemd[1]: Started Network Manager Script Dispatcher Service.
4月 27 09:59:34 ubuntu systemd[1]: NetworkManager-dispatcher.service: Succeeded.
4月 27 10:03:21 ubuntu systemd[1]: Starting Network Manager Script Dispatcher Service...
4月 27 10:03:21 ubuntu systemd[1]: Started Network Manager Script Dispatcher Service.
4月 27 10:03:32 ubuntu systemd[1]: NetworkManager-dispatcher.service: Succeeded.
4月 27 10:18:21 ubuntu systemd[1]: Starting Network Manager Script Dispatcher Service...
4月 27 10:18:21 ubuntu systemd[1]: Started Network Manager Script Dispatcher Service.
4月 27 10:18:32 ubuntu systemd[1]: NetworkManager-dispatcher.service: Succeeded.
4月 27 10:33:21 ubuntu systemd[1]: Starting Network Manager Script Dispatcher Service...
4月 27 10:33:21 ubuntu systemd[1]: Started Network Manager Script Dispatcher Service.
4月 27 10:33:32 ubuntu systemd[1]: NetworkManager-dispatcher.service: Succeeded.
4月 27 10:34:43 ubuntu systemd[1]: Starting Network Manager Script Dispatcher Service...
4月 27 10:34:43 ubuntu systemd[1]: Started Network Manager Script Dispatcher Service.
4月 27 10:34:54 ubuntu systemd[1]: NetworkManager-dispatcher.service: Succeeded.
4月 27 10:48:21 ubuntu systemd[1]: Starting Network Manager Script Dispatcher Service...
4月 27 10:48:21 ubuntu systemd[1]: Started Network Manager Script Dispatcher Service.
4月 27 10:48:32 ubuntu systemd[1]: NetworkManager-dispatcher.service: Succeeded.
-- Reboot --
4月 27 11:07:10 ubuntu systemd[1]: Starting Network Manager Script Dispatcher Service...
4月 27 11:07:10 ubuntu systemd[1]: Started Network Manager Script Dispatcher Service.
4月 27 11:07:23 ubuntu systemd[1]: NetworkManager-dispatcher.service: Succeeded.
4月 27 11:12:32 ubuntu systemd[1]: Starting Network Manager Script Dispatcher Service...
4月 27 11:12:32 ubuntu systemd[1]: Started Network Manager Script Dispatcher Service.
4月 27 11:12:43 ubuntu systemd[1]: NetworkManager-dispatcher.service: Succeeded.
4月 27 11:17:52 ubuntu systemd[1]: Starting Network Manager Script Dispatcher Service...
4月 27 11:17:52 ubuntu systemd[1]: Started Network Manager Script Dispatcher Service.
4月 27 11:18:04 ubuntu systemd[1]: NetworkManager-dispatcher.service: Succeeded.
-- Reboot --
4月 27 14:11:31 ubuntu systemd[1]: Starting Network Manager Script Dispatcher Service...
4月 27 14:11:31 ubuntu systemd[1]: Started Network Manager Script Dispatcher Service.
4月 27 14:11:43 ubuntu systemd[1]: NetworkManager-dispatcher.service: Succeeded.
4月 27 14:26:31 ubuntu systemd[1]: Starting Network Manager Script Dispatcher Service...
4月 27 14:26:31 ubuntu systemd[1]: Started Network Manager Script Dispatcher Service.
4月 27 14:26:41 ubuntu systemd[1]: NetworkManager-dispatcher.service: Succeeded.
4月 27 14:36:52 ubuntu systemd[1]: Starting Network Manager Script Dispatcher Service...
4月 27 14:36:52 ubuntu systemd[1]: Started Network Manager Script Dispatcher Service.
4月 27 14:37:02 ubuntu systemd[1]: NetworkManager-dispatcher.service: Succeeded.
4月 27 14:37:08 ubuntu systemd[1]: Starting Network Manager Script Dispatcher Service...
4月 27 14:37:08 ubuntu systemd[1]: Started Network Manager Script Dispatcher Service.
4月 27 14:37:19 ubuntu systemd[1]: NetworkManager-dispatcher.service: Succeeded.
4月 27 14:41:31 ubuntu systemd[1]: Starting Network Manager Script Dispatcher Service...
4月 27 14:41:31 ubuntu systemd[1]: Started Network Manager Script Dispatcher Service.
4月 27 14:41:41 ubuntu systemd[1]: NetworkManager-dispatcher.service: Succeeded.
4月 27 14:56:31 ubuntu systemd[1]: Starting Network Manager Script Dispatcher Service...
4月 27 14:56:31 ubuntu systemd[1]: Started Network Manager Script Dispatcher Service.
4月 27 14:56:41 ubuntu systemd[1]: NetworkManager-dispatcher.service: Succeeded.
4月 27 15:02:27 ubuntu systemd[1]: Starting Network Manager Script Dispatcher Service...
4月 27 15:02:27 ubuntu systemd[1]: Started Network Manager Script Dispatcher Service.
4月 27 15:02:38 ubuntu systemd[1]: NetworkManager-dispatcher.service: Succeeded.
-- Reboot --
4月 27 15:05:19 ubuntu systemd[1]: Starting Network Manager Script Dispatcher Service...
4月 27 15:05:19 ubuntu systemd[1]: Started Network Manager Script Dispatcher Service.
4月 27 15:05:30 ubuntu systemd[1]: NetworkManager-dispatcher.service: Succeeded.
4月 27 15:20:19 ubuntu systemd[1]: Starting Network Manager Script Dispatcher Service...
4月 27 15:20:19 ubuntu systemd[1]: Started Network Manager Script Dispatcher Service.
4月 27 15:20:30 ubuntu systemd[1]: NetworkManager-dispatcher.service: Succeeded.
4月 27 15:35:19 ubuntu systemd[1]: Starting Network Manager Script Dispatcher Service...
4月 27 15:35:19 ubuntu systemd[1]: Started Network Manager Script Dispatcher Service.
4月 27 15:35:30 ubuntu systemd[1]: NetworkManager-dispatcher.service: Succeeded.
4月 27 15:50:19 ubuntu systemd[1]: Starting Network Manager Script Dispatcher Service...
4月 27 15:50:19 ubuntu systemd[1]: Started Network Manager Script Dispatcher Service.
4月 27 15:50:30 ubuntu systemd[1]: NetworkManager-dispatcher.service: Succeeded.
-- Reboot --
4月 28 21:00:49 ubuntu systemd[1]: Starting Network Manager Script Dispatcher Service...
4月 28 21:00:49 ubuntu systemd[1]: Started Network Manager Script Dispatcher Service.
4月 28 21:01:00 ubuntu systemd[1]: NetworkManager-dispatcher.service: Succeeded.
-- Reboot --
5月 06 10:06:17 ubuntu systemd[1]: Starting Network Manager Script Dispatcher Service...
5月 06 10:06:17 ubuntu systemd[1]: Started Network Manager Script Dispatcher Service.
5月 06 10:06:30 ubuntu systemd[1]: NetworkManager-dispatcher.service: Succeeded.
-- Reboot --
5月 06 10:17:46 ubuntu systemd[1]: Starting Network Manager Script Dispatcher Service...
5月 06 10:17:46 ubuntu systemd[1]: Started Network Manager Script Dispatcher Service.
5月 06 10:17:58 ubuntu systemd[1]: NetworkManager-dispatcher.service: Succeeded.
5月 06 10:32:39 ubuntu systemd[1]: Starting Network Manager Script Dispatcher Service...
5月 06 10:32:39 ubuntu systemd[1]: Started Network Manager Script Dispatcher Service.
5月 06 10:32:49 ubuntu systemd[1]: NetworkManager-dispatcher.service: Succeeded.
5月 06 10:47:39 ubuntu systemd[1]: Starting Network Manager Script Dispatcher Service...
5月 06 10:47:39 ubuntu systemd[1]: Started Network Manager Script Dispatcher Service.
5月 06 10:47:49 ubuntu systemd[1]: NetworkManager-dispatcher.service: Succeeded.
5月 06 11:02:39 ubuntu systemd[1]: Starting Network Manager Script Dispatcher Service...
5月 06 11:02:39 ubuntu systemd[1]: Started Network Manager Script Dispatcher Service.
5月 06 11:02:49 ubuntu systemd[1]: NetworkManager-dispatcher.service: Succeeded.
5月 06 11:03:00 ubuntu systemd[1]: Starting Network Manager Script Dispatcher Service...
5月 06 11:03:00 ubuntu systemd[1]: Started Network Manager Script Dispatcher Service.
5月 06 11:03:12 ubuntu systemd[1]: NetworkManager-dispatcher.service: Succeeded.
5月 06 11:13:21 ubuntu systemd[1]: Starting Network Manager Script Dispatcher Service...
5月 06 11:13:21 ubuntu systemd[1]: Started Network Manager Script Dispatcher Service.
5月 06 11:13:33 ubuntu systemd[1]: NetworkManager-dispatcher.service: Succeeded.
5月 06 11:17:39 ubuntu systemd[1]: Starting Network Manager Script Dispatcher Service...
5月 06 11:17:39 ubuntu systemd[1]: Started Network Manager Script Dispatcher Service.
5月 06 11:17:49 ubuntu systemd[1]: NetworkManager-dispatcher.service: Succeeded.
-- Reboot --
5月 07 08:13:43 ubuntu systemd[1]: Starting Network Manager Script Dispatcher Service...
5月 07 08:13:43 ubuntu systemd[1]: Started Network Manager Script Dispatcher Service.
5月 07 08:14:02 ubuntu systemd[1]: NetworkManager-dispatcher.service: Succeeded.
5月 07 08:28:43 ubuntu systemd[1]: Starting Network Manager Script Dispatcher Service...
5月 07 08:28:43 ubuntu systemd[1]: Started Network Manager Script Dispatcher Service.
5月 07 08:28:53 ubuntu systemd[1]: NetworkManager-dispatcher.service: Succeeded.
5月 07 08:43:43 ubuntu systemd[1]: Starting Network Manager Script Dispatcher Service...
5月 07 08:43:43 ubuntu systemd[1]: Started Network Manager Script Dispatcher Service.
5月 07 08:43:53 ubuntu systemd[1]: NetworkManager-dispatcher.service: Succeeded.
5月 07 08:45:20 ubuntu systemd[1]: Starting Network Manager Script Dispatcher Service...
5月 07 08:45:20 ubuntu systemd[1]: Started Network Manager Script Dispatcher Service.
5月 07 08:45:20 ubuntu nm-dispatcher[5501]: run-parts: failed to stat component /etc/network/if-post-down.d/avahi-daemon: No such file or directory
5月 07 08:45:32 ubuntu systemd[1]: NetworkManager-dispatcher.service: Succeeded.
5月 07 09:00:12 ubuntu systemd[1]: Starting Network Manager Script Dispatcher Service...
5月 07 09:00:12 ubuntu systemd[1]: Started Network Manager Script Dispatcher Service.
5月 07 09:00:22 ubuntu systemd[1]: NetworkManager-dispatcher.service: Succeeded.
5月 07 09:15:12 ubuntu systemd[1]: Starting Network Manager Script Dispatcher Service...
5月 07 09:15:12 ubuntu systemd[1]: Started Network Manager Script Dispatcher Service.
5月 07 09:15:22 ubuntu systemd[1]: NetworkManager-dispatcher.service: Succeeded.
5月 07 09:30:12 ubuntu systemd[1]: Starting Network Manager Script Dispatcher Service...
5月 07 09:30:12 ubuntu systemd[1]: Started Network Manager Script Dispatcher Service.
5月 07 09:30:22 ubuntu systemd[1]: NetworkManager-dispatcher.service: Succeeded.
5月 07 09:40:32 ubuntu systemd[1]: Starting Network Manager Script Dispatcher Service...
5月 07 09:40:32 ubuntu systemd[1]: Started Network Manager Script Dispatcher Service.
5月 07 09:40:43 ubuntu systemd[1]: NetworkManager-dispatcher.service: Succeeded.
5月 07 09:45:12 ubuntu systemd[1]: Starting Network Manager Script Dispatcher Service...
5月 07 09:45:12 ubuntu systemd[1]: Started Network Manager Script Dispatcher Service.
5月 07 09:45:22 ubuntu systemd[1]: NetworkManager-dispatcher.service: Succeeded.
-- Reboot --
5月 08 14:53:46 ubuntu systemd[1]: Starting Network Manager Script Dispatcher Service...
5月 08 14:53:46 ubuntu systemd[1]: Started Network Manager Script Dispatcher Service.
5月 08 14:54:05 ubuntu systemd[1]: NetworkManager-dispatcher.service: Succeeded.
-- Reboot --
5月 08 15:54:22 ubuntu systemd[1]: Starting Network Manager Script Dispatcher Service...
5月 08 15:54:22 ubuntu systemd[1]: Started Network Manager Script Dispatcher Service.
5月 08 15:54:33 ubuntu systemd[1]: NetworkManager-dispatcher.service: Succeeded.
5月 08 16:09:12 ubuntu systemd[1]: Starting Network Manager Script Dispatcher Service...
5月 08 16:09:12 ubuntu systemd[1]: Started Network Manager Script Dispatcher Service.
5月 08 16:09:23 ubuntu systemd[1]: NetworkManager-dispatcher.service: Succeeded.
5月 08 16:24:12 ubuntu systemd[1]: Starting Network Manager Script Dispatcher Service...
5月 08 16:24:12 ubuntu systemd[1]: Started Network Manager Script Dispatcher Service.
5月 08 16:24:23 ubuntu systemd[1]: NetworkManager-dispatcher.service: Succeeded.
-- Reboot --
5月 08 16:27:21 ubuntu systemd[1]: Starting Network Manager Script Dispatcher Service...
5月 08 16:27:21 ubuntu systemd[1]: Started Network Manager Script Dispatcher Service.
5月 08 16:27:34 ubuntu systemd[1]: NetworkManager-dispatcher.service: Succeeded.
5月 08 16:32:33 ubuntu systemd[1]: Starting Network Manager Script Dispatcher Service...
5月 08 16:32:33 ubuntu systemd[1]: Started Network Manager Script Dispatcher Service.
5月 08 16:32:46 ubuntu systemd[1]: NetworkManager-dispatcher.service: Succeeded.
5月 08 16:42:12 ubuntu systemd[1]: Starting Network Manager Script Dispatcher Service...
5月 08 16:42:12 ubuntu systemd[1]: Started Network Manager Script Dispatcher Service.
5月 08 16:42:22 ubuntu systemd[1]: NetworkManager-dispatcher.service: Succeeded.
5月 08 16:57:12 ubuntu systemd[1]: Starting Network Manager Script Dispatcher Service...
5月 08 16:57:12 ubuntu systemd[1]: Started Network Manager Script Dispatcher Service.
5月 08 16:57:22 ubuntu systemd[1]: NetworkManager-dispatcher.service: Succeeded.
5月 08 17:02:54 ubuntu systemd[1]: Starting Network Manager Script Dispatcher Service...
5月 08 17:02:54 ubuntu systemd[1]: Started Network Manager Script Dispatcher Service.
5月 08 17:02:55 ubuntu nm-dispatcher[6688]: Caught signal 15, shutting down...
5月 08 17:02:55 ubuntu systemd[1]: Stopping Network Manager Script Dispatcher Service...
5月 08 17:02:55 ubuntu systemd[1]: NetworkManager-dispatcher.service: Succeeded.
5月 08 17:02:55 ubuntu systemd[1]: Stopped Network Manager Script Dispatcher Service.
-- Reboot --
5月 14 20:51:43 ubuntu systemd[1]: Starting Network Manager Script Dispatcher Service...
5月 14 20:51:43 ubuntu systemd[1]: Started Network Manager Script Dispatcher Service.
5月 14 20:52:12 ubuntu systemd[1]: NetworkManager-dispatcher.service: Succeeded.
5月 14 21:06:51 ubuntu systemd[1]: Starting Network Manager Script Dispatcher Service...
5月 14 21:06:51 ubuntu systemd[1]: Started Network Manager Script Dispatcher Service.
5月 14 21:07:01 ubuntu systemd[1]: NetworkManager-dispatcher.service: Succeeded.
5月 14 21:21:51 ubuntu systemd[1]: Starting Network Manager Script Dispatcher Service...
5月 14 21:21:51 ubuntu systemd[1]: Started Network Manager Script Dispatcher Service.
5月 14 21:22:01 ubuntu systemd[1]: NetworkManager-dispatcher.service: Succeeded.
5月 14 21:27:18 ubuntu systemd[1]: Starting Network Manager Script Dispatcher Service...
5月 14 21:27:18 ubuntu systemd[1]: Started Network Manager Script Dispatcher Service.
5月 14 21:27:29 ubuntu systemd[1]: NetworkManager-dispatcher.service: Succeeded.
5月 14 21:36:51 ubuntu systemd[1]: Starting Network Manager Script Dispatcher Service...
5月 14 21:36:51 ubuntu systemd[1]: Started Network Manager Script Dispatcher Service.
5月 14 21:37:01 ubuntu systemd[1]: NetworkManager-dispatcher.service: Succeeded.
-- Reboot --
5月 15 00:06:13 ubuntu systemd[1]: Starting Network Manager Script Dispatcher Service...
5月 15 00:06:13 ubuntu systemd[1]: Started Network Manager Script Dispatcher Service.
5月 15 00:06:26 ubuntu systemd[1]: NetworkManager-dispatcher.service: Succeeded.
5月 15 00:07:49 ubuntu systemd[1]: Starting Network Manager Script Dispatcher Service...
5月 15 00:07:50 ubuntu systemd[1]: Started Network Manager Script Dispatcher Service.
5月 15 00:07:50 ubuntu nm-dispatcher[3413]: run-parts: failed to stat component /etc/network/if-post-down.d/avahi-daemon: No such file or directory
5月 15 00:08:21 ubuntu systemd[1]: NetworkManager-dispatcher.service: Succeeded.
5月 15 00:08:24 ubuntu systemd[1]: Starting Network Manager Script Dispatcher Service...
5月 15 00:08:25 ubuntu systemd[1]: Started Network Manager Script Dispatcher Service.
5月 15 00:08:34 ubuntu systemd[1]: NetworkManager-dispatcher.service: Succeeded.
5月 15 00:08:36 ubuntu systemd[1]: Starting Network Manager Script Dispatcher Service...
5月 15 00:08:36 ubuntu systemd[1]: Started Network Manager Script Dispatcher Service.
5月 15 00:08:36 ubuntu nm-dispatcher[3540]: run-parts: failed to stat component /etc/network/if-post-down.d/avahi-daemon: No such file or directory
5月 15 00:08:46 ubuntu systemd[1]: NetworkManager-dispatcher.service: Succeeded.
-- Reboot --
5月 15 00:15:06 ubuntu systemd[1]: Starting Network Manager Script Dispatcher Service...
5月 15 00:15:06 ubuntu systemd[1]: Started Network Manager Script Dispatcher Service.
5月 15 00:15:19 ubuntu systemd[1]: NetworkManager-dispatcher.service: Succeeded.
5月 15 00:15:26 ubuntu systemd[1]: Starting Network Manager Script Dispatcher Service...
5月 15 00:15:26 ubuntu systemd[1]: Started Network Manager Script Dispatcher Service.
5月 15 00:15:35 ubuntu nm-dispatcher[2258]: run-parts: failed to stat component /etc/network/if-post-down.d/avahi-daemon: No such file or directory
5月 15 00:15:45 ubuntu systemd[1]: NetworkManager-dispatcher.service: Succeeded.
5月 15 00:16:10 ubuntu systemd[1]: Starting Network Manager Script Dispatcher Service...
5月 15 00:16:10 ubuntu systemd[1]: Started Network Manager Script Dispatcher Service.
5月 15 00:16:20 ubuntu systemd[1]: NetworkManager-dispatcher.service: Succeeded.
-- Reboot --
5月 15 10:43:40 ubuntu systemd[1]: Starting Network Manager Script Dispatcher Service...
5月 15 10:43:40 ubuntu systemd[1]: Started Network Manager Script Dispatcher Service.
5月 15 10:43:59 ubuntu systemd[1]: NetworkManager-dispatcher.service: Succeeded.
5月 15 10:44:23 ubuntu systemd[1]: Starting Network Manager Script Dispatcher Service...
5月 15 10:44:23 ubuntu systemd[1]: Started Network Manager Script Dispatcher Service.
5月 15 10:44:32 ubuntu systemd[1]: NetworkManager-dispatcher.service: Succeeded.
5月 15 10:44:41 ubuntu systemd[1]: Starting Network Manager Script Dispatcher Service...
5月 15 10:44:41 ubuntu systemd[1]: Started Network Manager Script Dispatcher Service.
5月 15 10:44:51 ubuntu systemd[1]: NetworkManager-dispatcher.service: Succeeded.
5月 15 10:44:59 ubuntu systemd[1]: Starting Network Manager Script Dispatcher Service...
5月 15 10:44:59 ubuntu systemd[1]: Started Network Manager Script Dispatcher Service.
5月 15 10:44:59 ubuntu nm-dispatcher[3750]: run-parts: failed to stat component /etc/network/if-post-down.d/avahi-daemon: No such file or directory
5月 15 10:45:10 ubuntu systemd[1]: NetworkManager-dispatcher.service: Succeeded.
5月 15 10:45:44 ubuntu systemd[1]: Starting Network Manager Script Dispatcher Service...
5月 15 10:45:44 ubuntu systemd[1]: Started Network Manager Script Dispatcher Service.
5月 15 10:45:54 ubuntu systemd[1]: NetworkManager-dispatcher.service: Succeeded.
5月 15 10:46:45 ubuntu systemd[1]: Starting Network Manager Script Dispatcher Service...
5月 15 10:46:45 ubuntu systemd[1]: Started Network Manager Script Dispatcher Service.
5月 15 10:46:55 ubuntu systemd[1]: NetworkManager-dispatcher.service: Succeeded.
5月 15 10:47:36 ubuntu systemd[1]: Starting Network Manager Script Dispatcher Service...
5月 15 10:47:36 ubuntu systemd[1]: Started Network Manager Script Dispatcher Service.
5月 15 10:47:36 ubuntu nm-dispatcher[4427]: run-parts: failed to stat component /etc/network/if-post-down.d/avahi-daemon: No such file or directory
5月 15 10:47:47 ubuntu systemd[1]: NetworkManager-dispatcher.service: Succeeded.
5月 15 10:48:19 ubuntu systemd[1]: Starting Network Manager Script Dispatcher Service...
5月 15 10:48:19 ubuntu systemd[1]: Started Network Manager Script Dispatcher Service.
5月 15 10:48:30 ubuntu systemd[1]: NetworkManager-dispatcher.service: Succeeded.
5月 15 10:49:44 ubuntu systemd[1]: Starting Network Manager Script Dispatcher Service...
5月 15 10:49:44 ubuntu systemd[1]: Started Network Manager Script Dispatcher Service.
5月 15 10:49:55 ubuntu systemd[1]: NetworkManager-dispatcher.service: Succeeded.
5月 15 10:55:04 ubuntu systemd[1]: Starting Network Manager Script Dispatcher Service...
5月 15 10:55:04 ubuntu systemd[1]: Started Network Manager Script Dispatcher Service.
5月 15 10:55:16 ubuntu systemd[1]: NetworkManager-dispatcher.service: Succeeded.
5月 15 11:02:36 ubuntu systemd[1]: Starting Network Manager Script Dispatcher Service...
5月 15 11:02:36 ubuntu systemd[1]: Started Network Manager Script Dispatcher Service.
5月 15 11:02:47 ubuntu systemd[1]: NetworkManager-dispatcher.service: Succeeded.
5月 15 11:17:36 ubuntu systemd[1]: Starting Network Manager Script Dispatcher Service...
5月 15 11:17:36 ubuntu systemd[1]: Started Network Manager Script Dispatcher Service.
5月 15 11:17:47 ubuntu systemd[1]: NetworkManager-dispatcher.service: Succeeded.
5月 15 11:20:26 ubuntu systemd[1]: Starting Network Manager Script Dispatcher Service...
5月 15 11:20:26 ubuntu systemd[1]: Started Network Manager Script Dispatcher Service.
5月 15 11:20:37 ubuntu systemd[1]: NetworkManager-dispatcher.service: Succeeded.
5月 15 11:32:36 ubuntu systemd[1]: Starting Network Manager Script Dispatcher Service...
5月 15 11:32:36 ubuntu systemd[1]: Started Network Manager Script Dispatcher Service.
5月 15 11:32:47 ubuntu systemd[1]: NetworkManager-dispatcher.service: Succeeded.
5月 15 11:35:46 ubuntu systemd[1]: Starting Network Manager Script Dispatcher Service...
5月 15 11:35:46 ubuntu systemd[1]: Started Network Manager Script Dispatcher Service.
5月 15 11:35:57 ubuntu systemd[1]: NetworkManager-dispatcher.service: Succeeded.
5月 15 11:47:36 ubuntu systemd[1]: Starting Network Manager Script Dispatcher Service...
5月 15 11:47:36 ubuntu systemd[1]: Started Network Manager Script Dispatcher Service.
5月 15 11:47:47 ubuntu systemd[1]: NetworkManager-dispatcher.service: Succeeded.
5月 15 12:02:36 ubuntu systemd[1]: Starting Network Manager Script Dispatcher Service...
5月 15 12:02:36 ubuntu systemd[1]: Started Network Manager Script Dispatcher Service.
5月 15 12:02:47 ubuntu systemd[1]: NetworkManager-dispatcher.service: Succeeded.
5月 15 12:17:36 ubuntu systemd[1]: Starting Network Manager Script Dispatcher Service...
5月 15 12:17:36 ubuntu systemd[1]: Started Network Manager Script Dispatcher Service.
5月 15 12:17:47 ubuntu systemd[1]: NetworkManager-dispatcher.service: Succeeded.
5月 15 12:21:07 ubuntu systemd[1]: Starting Network Manager Script Dispatcher Service...
5月 15 12:21:07 ubuntu systemd[1]: Started Network Manager Script Dispatcher Service.
5月 15 12:21:18 ubuntu systemd[1]: NetworkManager-dispatcher.service: Succeeded.
5月 15 12:32:36 ubuntu systemd[1]: Starting Network Manager Script Dispatcher Service...
5月 15 12:32:36 ubuntu systemd[1]: Started Network Manager Script Dispatcher Service.
5月 15 12:32:47 ubuntu systemd[1]: NetworkManager-dispatcher.service: Succeeded.
5月 15 12:53:05 ubuntu systemd[1]: Starting Network Manager Script Dispatcher Service...
5月 15 12:53:05 ubuntu systemd[1]: Started Network Manager Script Dispatcher Service.
5月 15 12:53:15 ubuntu systemd[1]: NetworkManager-dispatcher.service: Succeeded.
5月 15 13:17:04 ubuntu systemd[1]: Starting Network Manager Script Dispatcher Service...
5月 15 13:17:04 ubuntu systemd[1]: Started Network Manager Script Dispatcher Service.
5月 15 13:17:14 ubuntu systemd[1]: NetworkManager-dispatcher.service: Succeeded.
-- Reboot --
5月 15 15:15:41 ubuntu systemd[1]: Starting Network Manager Script Dispatcher Service...
5月 15 15:15:41 ubuntu systemd[1]: Started Network Manager Script Dispatcher Service.
5月 15 15:15:55 ubuntu systemd[1]: NetworkManager-dispatcher.service: Succeeded.
-- Reboot --
5月 15 16:28:27 ubuntu systemd[1]: Starting Network Manager Script Dispatcher Service...
5月 15 16:28:27 ubuntu systemd[1]: Started Network Manager Script Dispatcher Service.
5月 15 16:28:38 ubuntu systemd[1]: NetworkManager-dispatcher.service: Succeeded.
5月 15 16:43:28 ubuntu systemd[1]: Starting Network Manager Script Dispatcher Service...
5月 15 16:43:28 ubuntu systemd[1]: Started Network Manager Script Dispatcher Service.
5月 15 16:43:38 ubuntu systemd[1]: NetworkManager-dispatcher.service: Succeeded.
5月 15 16:58:28 ubuntu systemd[1]: Starting Network Manager Script Dispatcher Service...
5月 15 16:58:28 ubuntu systemd[1]: Started Network Manager Script Dispatcher Service.
5月 15 16:58:38 ubuntu systemd[1]: NetworkManager-dispatcher.service: Succeeded.
5月 15 17:13:28 ubuntu systemd[1]: Starting Network Manager Script Dispatcher Service...
5月 15 17:13:28 ubuntu systemd[1]: Started Network Manager Script Dispatcher Service.
5月 15 17:13:38 ubuntu systemd[1]: NetworkManager-dispatcher.service: Succeeded.
5月 15 17:28:28 ubuntu systemd[1]: Starting Network Manager Script Dispatcher Service...
5月 15 17:28:28 ubuntu systemd[1]: Started Network Manager Script Dispatcher Service.
5月 15 17:28:38 ubuntu systemd[1]: NetworkManager-dispatcher.service: Succeeded.
5月 15 17:43:28 ubuntu systemd[1]: Starting Network Manager Script Dispatcher Service...
5月 15 17:43:28 ubuntu systemd[1]: Started Network Manager Script Dispatcher Service.
5月 15 17:43:38 ubuntu systemd[1]: NetworkManager-dispatcher.service: Succeeded.
5月 15 17:58:28 ubuntu systemd[1]: Starting Network Manager Script Dispatcher Service...
5月 15 17:58:28 ubuntu systemd[1]: Started Network Manager Script Dispatcher Service.
5月 15 17:58:38 ubuntu systemd[1]: NetworkManager-dispatcher.service: Succeeded.
-- Reboot --
5月 15 21:27:14 ubuntu systemd[1]: Starting Network Manager Script Dispatcher Service...
5月 15 21:27:14 ubuntu systemd[1]: Started Network Manager Script Dispatcher Service.
5月 15 21:27:22 ubuntu nm-dispatcher[1582]: run-parts: failed to stat component /etc/network/if-post-down.d/avahi-daemon: No such file or directory
5月 15 21:27:34 ubuntu systemd[1]: NetworkManager-dispatcher.service: Succeeded.
5月 15 21:28:04 ubuntu systemd[1]: Starting Network Manager Script Dispatcher Service...
5月 15 21:28:04 ubuntu systemd[1]: Started Network Manager Script Dispatcher Service.
5月 15 21:28:14 ubuntu systemd[1]: NetworkManager-dispatcher.service: Succeeded.
5月 15 21:28:14 ubuntu systemd[1]: Starting Network Manager Script Dispatcher Service...
5月 15 21:28:14 ubuntu systemd[1]: Started Network Manager Script Dispatcher Service.
5月 15 21:28:24 ubuntu systemd[1]: NetworkManager-dispatcher.service: Succeeded.
5月 15 21:28:53 ubuntu systemd[1]: Starting Network Manager Script Dispatcher Service...
5月 15 21:28:53 ubuntu systemd[1]: Started Network Manager Script Dispatcher Service.
5月 15 21:28:53 ubuntu nm-dispatcher[3263]: run-parts: failed to stat component /etc/network/if-post-down.d/avahi-daemon: No such file or directory
5月 15 21:29:03 ubuntu systemd[1]: NetworkManager-dispatcher.service: Succeeded.
5月 15 21:29:11 ubuntu systemd[1]: Starting Network Manager Script Dispatcher Service...
5月 15 21:29:11 ubuntu systemd[1]: Started Network Manager Script Dispatcher Service.
5月 15 21:29:17 ubuntu nm-dispatcher[3350]: run-parts: failed to stat component /etc/network/if-post-down.d/avahi-daemon: No such file or directory
5月 15 21:29:27 ubuntu systemd[1]: NetworkManager-dispatcher.service: Succeeded.
5月 15 21:31:50 ubuntu systemd[1]: Starting Network Manager Script Dispatcher Service...
5月 15 21:31:50 ubuntu systemd[1]: Started Network Manager Script Dispatcher Service.
5月 15 21:31:50 ubuntu nm-dispatcher[3487]: run-parts: failed to stat component /etc/network/if-post-down.d/avahi-daemon: No such file or directory
5月 15 21:32:00 ubuntu systemd[1]: NetworkManager-dispatcher.service: Succeeded.
5月 15 21:32:30 ubuntu systemd[1]: Starting Network Manager Script Dispatcher Service...
5月 15 21:32:30 ubuntu systemd[1]: Started Network Manager Script Dispatcher Service.
5月 15 21:32:40 ubuntu systemd[1]: NetworkManager-dispatcher.service: Succeeded.
5月 15 21:33:36 ubuntu systemd[1]: Starting Network Manager Script Dispatcher Service...
5月 15 21:33:36 ubuntu systemd[1]: Started Network Manager Script Dispatcher Service.
5月 15 21:33:46 ubuntu systemd[1]: NetworkManager-dispatcher.service: Succeeded.
5月 15 21:46:50 ubuntu systemd[1]: Starting Network Manager Script Dispatcher Service...
5月 15 21:46:50 ubuntu systemd[1]: Started Network Manager Script Dispatcher Service.
5月 15 21:47:00 ubuntu systemd[1]: NetworkManager-dispatcher.service: Succeeded.
5月 15 22:01:50 ubuntu systemd[1]: Starting Network Manager Script Dispatcher Service...
5月 15 22:01:50 ubuntu systemd[1]: Started Network Manager Script Dispatcher Service.
5月 15 22:02:00 ubuntu systemd[1]: NetworkManager-dispatcher.service: Succeeded.
5月 15 22:16:50 ubuntu systemd[1]: Starting Network Manager Script Dispatcher Service...
5月 15 22:16:50 ubuntu systemd[1]: Started Network Manager Script Dispatcher Service.
5月 15 22:17:00 ubuntu systemd[1]: NetworkManager-dispatcher.service: Succeeded.
5月 15 22:23:13 ubuntu systemd[1]: Starting Network Manager Script Dispatcher Service...
5月 15 22:23:13 ubuntu systemd[1]: Started Network Manager Script Dispatcher Service.
5月 15 22:23:25 ubuntu systemd[1]: NetworkManager-dispatcher.service: Succeeded.
5月 15 22:31:50 ubuntu systemd[1]: Starting Network Manager Script Dispatcher Service...
5月 15 22:31:50 ubuntu systemd[1]: Started Network Manager Script Dispatcher Service.
5月 15 22:32:00 ubuntu systemd[1]: NetworkManager-dispatcher.service: Succeeded.
5月 15 22:38:34 ubuntu systemd[1]: Starting Network Manager Script Dispatcher Service...
5月 15 22:38:34 ubuntu systemd[1]: Started Network Manager Script Dispatcher Service.
5月 15 22:38:45 ubuntu systemd[1]: NetworkManager-dispatcher.service: Succeeded.
5月 15 22:43:55 ubuntu systemd[1]: Starting Network Manager Script Dispatcher Service...
5月 15 22:43:55 ubuntu systemd[1]: Started Network Manager Script Dispatcher Service.
5月 15 22:44:06 ubuntu systemd[1]: NetworkManager-dispatcher.service: Succeeded.
5月 15 22:46:50 ubuntu systemd[1]: Starting Network Manager Script Dispatcher Service...
5月 15 22:46:50 ubuntu systemd[1]: Started Network Manager Script Dispatcher Service.
5月 15 22:47:00 ubuntu systemd[1]: NetworkManager-dispatcher.service: Succeeded.
-- Reboot --
5月 31 15:28:45 ubuntu systemd[1]: Starting Network Manager Script Dispatcher Service...
5月 31 15:28:45 ubuntu systemd[1]: Started Network Manager Script Dispatcher Service.
5月 31 15:28:56 ubuntu systemd[1]: NetworkManager-dispatcher.service: Succeeded.
5月 31 15:43:45 ubuntu systemd[1]: Starting Network Manager Script Dispatcher Service...
5月 31 15:43:45 ubuntu systemd[1]: Started Network Manager Script Dispatcher Service.
5月 31 15:43:55 ubuntu systemd[1]: NetworkManager-dispatcher.service: Succeeded.
5月 31 15:58:45 ubuntu systemd[1]: Starting Network Manager Script Dispatcher Service...
5月 31 15:58:45 ubuntu systemd[1]: Started Network Manager Script Dispatcher Service.
5月 31 15:58:55 ubuntu systemd[1]: NetworkManager-dispatcher.service: Succeeded.
5月 31 15:59:05 ubuntu systemd[1]: Starting Network Manager Script Dispatcher Service...
5月 31 15:59:05 ubuntu systemd[1]: Started Network Manager Script Dispatcher Service.
5月 31 15:59:17 ubuntu systemd[1]: NetworkManager-dispatcher.service: Succeeded.
5月 31 16:08:56 ubuntu systemd[1]: Starting Network Manager Script Dispatcher Service...
5月 31 16:08:56 ubuntu nm-dispatcher[17522]: run-parts: failed to stat component /etc/network/if-post-down.d/avahi-daemon: No such file or directory
5月 31 16:08:56 ubuntu systemd[1]: Started Network Manager Script Dispatcher Service.
5月 31 16:09:07 ubuntu systemd[1]: NetworkManager-dispatcher.service: Succeeded.
-- Reboot --
5月 31 16:19:54 ubuntu systemd[1]: Starting Network Manager Script Dispatcher Service...
5月 31 16:19:54 ubuntu systemd[1]: Started Network Manager Script Dispatcher Service.
5月 31 16:20:08 ubuntu systemd[1]: NetworkManager-dispatcher.service: Succeeded.
5月 31 16:25:17 ubuntu systemd[1]: Starting Network Manager Script Dispatcher Service...
5月 31 16:25:17 ubuntu systemd[1]: Started Network Manager Script Dispatcher Service.
5月 31 16:25:28 ubuntu systemd[1]: NetworkManager-dispatcher.service: Succeeded.
5月 31 16:34:54 ubuntu systemd[1]: Starting Network Manager Script Dispatcher Service...
5月 31 16:34:54 ubuntu systemd[1]: Started Network Manager Script Dispatcher Service.
5月 31 16:35:04 ubuntu systemd[1]: NetworkManager-dispatcher.service: Succeeded.
5月 31 16:49:54 ubuntu systemd[1]: Starting Network Manager Script Dispatcher Service...
5月 31 16:49:54 ubuntu systemd[1]: Started Network Manager Script Dispatcher Service.
5月 31 16:50:04 ubuntu systemd[1]: NetworkManager-dispatcher.service: Succeeded.
5月 31 17:04:54 ubuntu systemd[1]: Starting Network Manager Script Dispatcher Service...
5月 31 17:04:54 ubuntu systemd[1]: Started Network Manager Script Dispatcher Service.
5月 31 17:05:04 ubuntu systemd[1]: NetworkManager-dispatcher.service: Succeeded.
5月 31 17:19:54 ubuntu systemd[1]: Starting Network Manager Script Dispatcher Service...
5月 31 17:19:54 ubuntu systemd[1]: Started Network Manager Script Dispatcher Service.
5月 31 17:20:04 ubuntu systemd[1]: NetworkManager-dispatcher.service: Succeeded.
5月 31 17:34:54 ubuntu systemd[1]: Starting Network Manager Script Dispatcher Service...
5月 31 17:34:54 ubuntu systemd[1]: Started Network Manager Script Dispatcher Service.
5月 31 17:35:04 ubuntu systemd[1]: NetworkManager-dispatcher.service: Succeeded.
5月 31 17:49:54 ubuntu systemd[1]: Starting Network Manager Script Dispatcher Service...
5月 31 17:49:54 ubuntu systemd[1]: Started Network Manager Script Dispatcher Service.
5月 31 17:50:04 ubuntu systemd[1]: NetworkManager-dispatcher.service: Succeeded.
5月 31 17:50:37 ubuntu systemd[1]: Starting Network Manager Script Dispatcher Service...
5月 31 17:50:37 ubuntu systemd[1]: Started Network Manager Script Dispatcher Service.
5月 31 17:50:49 ubuntu systemd[1]: NetworkManager-dispatcher.service: Succeeded.
5月 31 18:04:54 ubuntu systemd[1]: Starting Network Manager Script Dispatcher Service...
5月 31 18:04:54 ubuntu systemd[1]: Started Network Manager Script Dispatcher Service.
5月 31 18:05:04 ubuntu systemd[1]: NetworkManager-dispatcher.service: Succeeded.
5月 31 18:19:54 ubuntu systemd[1]: Starting Network Manager Script Dispatcher Service...
5月 31 18:19:54 ubuntu systemd[1]: Started Network Manager Script Dispatcher Service.
5月 31 18:20:04 ubuntu systemd[1]: NetworkManager-dispatcher.service: Succeeded.
5月 31 18:20:58 ubuntu systemd[1]: Starting Network Manager Script Dispatcher Service...
5月 31 18:20:58 ubuntu systemd[1]: Started Network Manager Script Dispatcher Service.
5月 31 18:21:10 ubuntu systemd[1]: NetworkManager-dispatcher.service: Succeeded.
5月 31 18:28:54 ubuntu systemd[1]: Starting Network Manager Script Dispatcher Service...
5月 31 18:28:54 ubuntu systemd[1]: Started Network Manager Script Dispatcher Service.
5月 31 18:28:54 ubuntu nm-dispatcher[9164]: run-parts: failed to stat component /etc/network/if-post-down.d/avahi-daemon: No such file or directory
5月 31 18:29:05 ubuntu systemd[1]: NetworkManager-dispatcher.service: Succeeded.
5月 31 18:29:16 ubuntu systemd[1]: Starting Network Manager Script Dispatcher Service...
5月 31 18:29:16 ubuntu systemd[1]: Started Network Manager Script Dispatcher Service.
5月 31 18:29:26 ubuntu systemd[1]: NetworkManager-dispatcher.service: Succeeded.
-- Reboot --
5月 31 21:00:56 ubuntu systemd[1]: Starting Network Manager Script Dispatcher Service...
5月 31 21:00:56 ubuntu systemd[1]: Started Network Manager Script Dispatcher Service.
5月 31 21:01:09 ubuntu systemd[1]: NetworkManager-dispatcher.service: Succeeded.
5月 31 21:06:18 ubuntu systemd[1]: Starting Network Manager Script Dispatcher Service...
5月 31 21:06:18 ubuntu systemd[1]: Started Network Manager Script Dispatcher Service.
5月 31 21:06:30 ubuntu systemd[1]: NetworkManager-dispatcher.service: Succeeded.
5月 31 21:15:57 ubuntu systemd[1]: Starting Network Manager Script Dispatcher Service...
5月 31 21:15:57 ubuntu systemd[1]: Started Network Manager Script Dispatcher Service.
5月 31 21:16:07 ubuntu systemd[1]: NetworkManager-dispatcher.service: Succeeded.
5月 31 21:30:57 ubuntu systemd[1]: Starting Network Manager Script Dispatcher Service...
5月 31 21:30:57 ubuntu systemd[1]: Started Network Manager Script Dispatcher Service.
5月 31 21:31:07 ubuntu systemd[1]: NetworkManager-dispatcher.service: Succeeded.
5月 31 21:36:39 ubuntu systemd[1]: Starting Network Manager Script Dispatcher Service...
5月 31 21:36:39 ubuntu systemd[1]: Started Network Manager Script Dispatcher Service.
5月 31 21:36:51 ubuntu systemd[1]: NetworkManager-dispatcher.service: Succeeded.
5月 31 21:42:00 ubuntu systemd[1]: Starting Network Manager Script Dispatcher Service...
5月 31 21:42:00 ubuntu systemd[1]: Started Network Manager Script Dispatcher Service.
5月 31 21:42:12 ubuntu systemd[1]: NetworkManager-dispatcher.service: Succeeded.
5月 31 21:45:57 ubuntu systemd[1]: Starting Network Manager Script Dispatcher Service...
5月 31 21:45:57 ubuntu systemd[1]: Started Network Manager Script Dispatcher Service.
5月 31 21:46:07 ubuntu systemd[1]: NetworkManager-dispatcher.service: Succeeded.
5月 31 22:00:57 ubuntu systemd[1]: Starting Network Manager Script Dispatcher Service...
5月 31 22:00:57 ubuntu systemd[1]: Started Network Manager Script Dispatcher Service.
5月 31 22:01:07 ubuntu systemd[1]: NetworkManager-dispatcher.service: Succeeded.
5月 31 22:15:57 ubuntu systemd[1]: Starting Network Manager Script Dispatcher Service...
5月 31 22:15:57 ubuntu systemd[1]: Started Network Manager Script Dispatcher Service.
5月 31 22:16:07 ubuntu systemd[1]: NetworkManager-dispatcher.service: Succeeded.
5月 31 22:17:21 ubuntu systemd[1]: Starting Network Manager Script Dispatcher Service...
5月 31 22:17:21 ubuntu systemd[1]: Started Network Manager Script Dispatcher Service.
5月 31 22:17:33 ubuntu systemd[1]: NetworkManager-dispatcher.service: Succeeded.
5月 31 22:30:57 ubuntu systemd[1]: Starting Network Manager Script Dispatcher Service...
5月 31 22:30:57 ubuntu systemd[1]: Started Network Manager Script Dispatcher Service.
5月 31 22:31:07 ubuntu systemd[1]: NetworkManager-dispatcher.service: Succeeded.
5月 31 22:32:42 ubuntu systemd[1]: Starting Network Manager Script Dispatcher Service...
5月 31 22:32:42 ubuntu systemd[1]: Started Network Manager Script Dispatcher Service.
5月 31 22:32:54 ubuntu systemd[1]: NetworkManager-dispatcher.service: Succeeded.
5月 31 22:45:57 ubuntu systemd[1]: Starting Network Manager Script Dispatcher Service...
5月 31 22:45:57 ubuntu systemd[1]: Started Network Manager Script Dispatcher Service.
5月 31 22:46:07 ubuntu systemd[1]: NetworkManager-dispatcher.service: Succeeded.
-- Reboot --
6月 01 23:20:24 ubuntu systemd[1]: Starting Network Manager Script Dispatcher Service...
6月 01 23:20:24 ubuntu systemd[1]: Started Network Manager Script Dispatcher Service.
6月 01 23:20:37 ubuntu systemd[1]: NetworkManager-dispatcher.service: Succeeded.
6月 01 23:25:45 ubuntu systemd[1]: Starting Network Manager Script Dispatcher Service...
6月 01 23:25:45 ubuntu systemd[1]: Started Network Manager Script Dispatcher Service.
6月 01 23:26:00 ubuntu systemd[1]: NetworkManager-dispatcher.service: Succeeded.
6月 01 23:35:24 ubuntu systemd[1]: Starting Network Manager Script Dispatcher Service...
6月 01 23:35:24 ubuntu systemd[1]: Started Network Manager Script Dispatcher Service.
6月 01 23:35:34 ubuntu systemd[1]: NetworkManager-dispatcher.service: Succeeded.
6月 01 23:46:08 ubuntu systemd[1]: Starting Network Manager Script Dispatcher Service...
6月 01 23:46:08 ubuntu systemd[1]: Started Network Manager Script Dispatcher Service.
6月 01 23:46:19 ubuntu systemd[1]: NetworkManager-dispatcher.service: Succeeded.
6月 01 23:50:24 ubuntu systemd[1]: Starting Network Manager Script Dispatcher Service...
6月 01 23:50:24 ubuntu systemd[1]: Started Network Manager Script Dispatcher Service.
6月 01 23:50:34 ubuntu systemd[1]: NetworkManager-dispatcher.service: Succeeded.
6月 01 23:55:31 ubuntu systemd[1]: Starting Network Manager Script Dispatcher Service...
6月 01 23:55:31 ubuntu systemd[1]: Started Network Manager Script Dispatcher Service.
6月 01 23:55:41 ubuntu systemd[1]: NetworkManager-dispatcher.service: Succeeded.
6月 02 00:10:30 ubuntu systemd[1]: Starting Network Manager Script Dispatcher Service...
6月 02 00:10:30 ubuntu systemd[1]: Started Network Manager Script Dispatcher Service.
6月 02 00:10:40 ubuntu systemd[1]: NetworkManager-dispatcher.service: Succeeded.
6月 02 00:24:44 ubuntu systemd[1]: Starting Network Manager Script Dispatcher Service...
6月 02 00:24:44 ubuntu systemd[1]: Started Network Manager Script Dispatcher Service.
6月 02 00:24:55 ubuntu systemd[1]: NetworkManager-dispatcher.service: Succeeded.
6月 02 00:25:30 ubuntu systemd[1]: Starting Network Manager Script Dispatcher Service...
6月 02 00:25:30 ubuntu systemd[1]: Started Network Manager Script Dispatcher Service.
6月 02 00:25:40 ubuntu systemd[1]: NetworkManager-dispatcher.service: Succeeded.
-- Reboot --
6月 06 14:12:36 ubuntu systemd[1]: Starting Network Manager Script Dispatcher Service...
6月 06 14:12:36 ubuntu systemd[1]: Started Network Manager Script Dispatcher Service.
6月 06 14:12:47 ubuntu systemd[1]: NetworkManager-dispatcher.service: Succeeded.
6月 06 14:27:31 ubuntu systemd[1]: Starting Network Manager Script Dispatcher Service...
6月 06 14:27:31 ubuntu systemd[1]: Started Network Manager Script Dispatcher Service.
6月 06 14:27:41 ubuntu systemd[1]: NetworkManager-dispatcher.service: Succeeded.
6月 06 14:32:51 ubuntu systemd[1]: Starting Network Manager Script Dispatcher Service...
6月 06 14:32:51 ubuntu systemd[1]: Started Network Manager Script Dispatcher Service.
6月 06 14:33:03 ubuntu systemd[1]: NetworkManager-dispatcher.service: Succeeded.
6月 06 14:42:31 ubuntu systemd[1]: Starting Network Manager Script Dispatcher Service...
6月 06 14:42:31 ubuntu systemd[1]: Started Network Manager Script Dispatcher Service.
6月 06 14:42:41 ubuntu systemd[1]: NetworkManager-dispatcher.service: Succeeded.
6月 06 14:57:31 ubuntu systemd[1]: Starting Network Manager Script Dispatcher Service...
6月 06 14:57:31 ubuntu systemd[1]: Started Network Manager Script Dispatcher Service.
6月 06 14:57:41 ubuntu systemd[1]: NetworkManager-dispatcher.service: Succeeded.
6月 06 15:12:31 ubuntu systemd[1]: Starting Network Manager Script Dispatcher Service...
6月 06 15:12:31 ubuntu systemd[1]: Started Network Manager Script Dispatcher Service.
6月 06 15:12:41 ubuntu systemd[1]: NetworkManager-dispatcher.service: Succeeded.
6月 06 15:23:12 ubuntu systemd[1]: Starting Network Manager Script Dispatcher Service...
6月 06 15:23:12 ubuntu systemd[1]: Started Network Manager Script Dispatcher Service.
6月 06 15:23:24 ubuntu systemd[1]: NetworkManager-dispatcher.service: Succeeded.
6月 06 15:27:31 ubuntu systemd[1]: Starting Network Manager Script Dispatcher Service...
6月 06 15:27:31 ubuntu systemd[1]: Started Network Manager Script Dispatcher Service.
6月 06 15:27:41 ubuntu systemd[1]: NetworkManager-dispatcher.service: Succeeded.
-- Reboot --
6月 06 15:39:29 ubuntu systemd[1]: Starting Network Manager Script Dispatcher Service...
6月 06 15:39:29 ubuntu systemd[1]: Started Network Manager Script Dispatcher Service.
6月 06 15:39:49 ubuntu systemd[1]: NetworkManager-dispatcher.service: Succeeded.
-- Reboot --
6月 06 15:44:12 ubuntu systemd[1]: Starting Network Manager Script Dispatcher Service...
6月 06 15:44:12 ubuntu systemd[1]: Started Network Manager Script Dispatcher Service.
6月 06 15:44:30 ubuntu systemd[1]: NetworkManager-dispatcher.service: Succeeded.
-- Reboot --
6月 15 14:08:57 ubuntu systemd[1]: Starting Network Manager Script Dispatcher Service...
6月 15 14:08:57 ubuntu systemd[1]: Started Network Manager Script Dispatcher Service.
6月 15 14:09:11 ubuntu systemd[1]: NetworkManager-dispatcher.service: Succeeded.
6月 15 14:14:19 ubuntu systemd[1]: Starting Network Manager Script Dispatcher Service...
6月 15 14:14:19 ubuntu systemd[1]: Started Network Manager Script Dispatcher Service.
6月 15 14:14:30 ubuntu systemd[1]: NetworkManager-dispatcher.service: Succeeded.
6月 15 14:19:39 ubuntu systemd[1]: Starting Network Manager Script Dispatcher Service...
6月 15 14:19:39 ubuntu systemd[1]: Started Network Manager Script Dispatcher Service.
6月 15 14:19:54 ubuntu systemd[1]: NetworkManager-dispatcher.service: Succeeded.
6月 15 14:20:02 ubuntu systemd[1]: Starting Network Manager Script Dispatcher Service...
6月 15 14:20:02 ubuntu systemd[1]: Started Network Manager Script Dispatcher Service.
6月 15 14:20:14 ubuntu systemd[1]: NetworkManager-dispatcher.service: Succeeded.
6月 15 14:23:57 ubuntu systemd[1]: Starting Network Manager Script Dispatcher Service...
6月 15 14:23:57 ubuntu systemd[1]: Started Network Manager Script Dispatcher Service.
6月 15 14:24:08 ubuntu systemd[1]: NetworkManager-dispatcher.service: Succeeded.
6月 15 14:35:23 ubuntu systemd[1]: Starting Network Manager Script Dispatcher Service...
6月 15 14:35:23 ubuntu systemd[1]: Started Network Manager Script Dispatcher Service.
6月 15 14:35:40 ubuntu systemd[1]: NetworkManager-dispatcher.service: Succeeded.
6月 15 14:38:57 ubuntu systemd[1]: Starting Network Manager Script Dispatcher Service...
6月 15 14:38:57 ubuntu systemd[1]: Started Network Manager Script Dispatcher Service.
6月 15 14:39:08 ubuntu systemd[1]: NetworkManager-dispatcher.service: Succeeded.
6月 15 14:40:46 ubuntu systemd[1]: Starting Network Manager Script Dispatcher Service...
6月 15 14:40:46 ubuntu systemd[1]: Started Network Manager Script Dispatcher Service.
6月 15 14:40:58 ubuntu systemd[1]: NetworkManager-dispatcher.service: Succeeded.
6月 15 14:46:07 ubuntu systemd[1]: Starting Network Manager Script Dispatcher Service...
6月 15 14:46:07 ubuntu systemd[1]: Started Network Manager Script Dispatcher Service.
6月 15 14:46:17 ubuntu systemd[1]: NetworkManager-dispatcher.service: Succeeded.
6月 15 14:47:10 ubuntu systemd[1]: Starting Network Manager Script Dispatcher Service...
6月 15 14:47:10 ubuntu systemd[1]: Started Network Manager Script Dispatcher Service.
6月 15 14:47:21 ubuntu systemd[1]: NetworkManager-dispatcher.service: Succeeded.
6月 15 14:53:57 ubuntu systemd[1]: Starting Network Manager Script Dispatcher Service...
6月 15 14:53:57 ubuntu systemd[1]: Started Network Manager Script Dispatcher Service.
6月 15 14:54:08 ubuntu systemd[1]: NetworkManager-dispatcher.service: Succeeded.
6月 15 15:02:30 ubuntu systemd[1]: Starting Network Manager Script Dispatcher Service...
6月 15 15:02:30 ubuntu systemd[1]: Started Network Manager Script Dispatcher Service.
6月 15 15:02:41 ubuntu systemd[1]: NetworkManager-dispatcher.service: Succeeded.
6月 15 15:08:57 ubuntu systemd[1]: Starting Network Manager Script Dispatcher Service...
6月 15 15:08:57 ubuntu systemd[1]: Started Network Manager Script Dispatcher Service.
6月 15 15:09:08 ubuntu systemd[1]: NetworkManager-dispatcher.service: Succeeded.
6月 15 15:17:50 ubuntu systemd[1]: Starting Network Manager Script Dispatcher Service...
6月 15 15:17:50 ubuntu systemd[1]: Started Network Manager Script Dispatcher Service.
6月 15 15:18:01 ubuntu systemd[1]: NetworkManager-dispatcher.service: Succeeded.
6月 15 15:23:10 ubuntu systemd[1]: Starting Network Manager Script Dispatcher Service...
6月 15 15:23:10 ubuntu systemd[1]: Started Network Manager Script Dispatcher Service.
6月 15 15:23:21 ubuntu systemd[1]: NetworkManager-dispatcher.service: Succeeded.
6月 15 15:23:57 ubuntu systemd[1]: Starting Network Manager Script Dispatcher Service...
6月 15 15:23:57 ubuntu systemd[1]: Started Network Manager Script Dispatcher Service.
6月 15 15:24:08 ubuntu systemd[1]: NetworkManager-dispatcher.service: Succeeded.
6月 15 15:28:30 ubuntu systemd[1]: Starting Network Manager Script Dispatcher Service...
6月 15 15:28:30 ubuntu systemd[1]: Started Network Manager Script Dispatcher Service.
6月 15 15:28:48 ubuntu systemd[1]: NetworkManager-dispatcher.service: Succeeded.
6月 15 15:38:57 ubuntu systemd[1]: Starting Network Manager Script Dispatcher Service...
6月 15 15:38:57 ubuntu systemd[1]: Started Network Manager Script Dispatcher Service.
6月 15 15:39:08 ubuntu systemd[1]: NetworkManager-dispatcher.service: Succeeded.
6月 15 15:53:57 ubuntu systemd[1]: Starting Network Manager Script Dispatcher Service...
6月 15 15:53:57 ubuntu systemd[1]: Started Network Manager Script Dispatcher Service.
6月 15 15:54:08 ubuntu systemd[1]: NetworkManager-dispatcher.service: Succeeded.
6月 15 16:03:57 ubuntu systemd[1]: Starting Network Manager Script Dispatcher Service...
6月 15 16:03:57 ubuntu systemd[1]: Started Network Manager Script Dispatcher Service.
6月 15 16:04:17 ubuntu systemd[1]: NetworkManager-dispatcher.service: Succeeded.
6月 15 16:04:18 ubuntu systemd[1]: Starting Network Manager Script Dispatcher Service...
6月 15 16:04:18 ubuntu systemd[1]: Started Network Manager Script Dispatcher Service.
6月 15 16:04:30 ubuntu systemd[1]: NetworkManager-dispatcher.service: Succeeded.
6月 15 16:08:57 ubuntu systemd[1]: Starting Network Manager Script Dispatcher Service...
6月 15 16:08:57 ubuntu systemd[1]: Started Network Manager Script Dispatcher Service.
6月 15 16:09:08 ubuntu systemd[1]: NetworkManager-dispatcher.service: Succeeded.
6月 15 16:23:57 ubuntu systemd[1]: Starting Network Manager Script Dispatcher Service...
6月 15 16:23:57 ubuntu systemd[1]: Started Network Manager Script Dispatcher Service.
6月 15 16:24:08 ubuntu systemd[1]: NetworkManager-dispatcher.service: Succeeded.
6月 15 16:24:38 ubuntu systemd[1]: Starting Network Manager Script Dispatcher Service...
6月 15 16:24:38 ubuntu systemd[1]: Started Network Manager Script Dispatcher Service.
6月 15 16:24:50 ubuntu systemd[1]: NetworkManager-dispatcher.service: Succeeded.
-- Reboot --
6月 16 14:48:29 ubuntu systemd[1]: Starting Network Manager Script Dispatcher Service...
6月 16 14:48:29 ubuntu systemd[1]: Started Network Manager Script Dispatcher Service.
6月 16 14:48:40 ubuntu systemd[1]: NetworkManager-dispatcher.service: Succeeded.
6月 16 14:48:45 ubuntu systemd[1]: Starting Network Manager Script Dispatcher Service...
6月 16 14:48:45 ubuntu systemd[1]: Started Network Manager Script Dispatcher Service.
6月 16 14:48:55 ubuntu systemd[1]: NetworkManager-dispatcher.service: Succeeded.
6月 16 15:03:27 ubuntu systemd[1]: Starting Network Manager Script Dispatcher Service...
6月 16 15:03:27 ubuntu systemd[1]: Started Network Manager Script Dispatcher Service.
6月 16 15:03:38 ubuntu systemd[1]: NetworkManager-dispatcher.service: Succeeded.
6月 16 15:04:03 ubuntu systemd[1]: Starting Network Manager Script Dispatcher Service...
6月 16 15:04:03 ubuntu systemd[1]: Started Network Manager Script Dispatcher Service.
6月 16 15:04:14 ubuntu systemd[1]: NetworkManager-dispatcher.service: Succeeded.
6月 16 15:18:27 ubuntu systemd[1]: Starting Network Manager Script Dispatcher Service...
6月 16 15:18:27 ubuntu systemd[1]: Started Network Manager Script Dispatcher Service.
6月 16 15:18:38 ubuntu systemd[1]: NetworkManager-dispatcher.service: Succeeded.
-- Reboot --
2月 25 16:36:15 ubuntu systemd[1]: Starting Network Manager Script Dispatcher Service...
2月 25 16:36:15 ubuntu systemd[1]: Started Network Manager Script Dispatcher Service.
2月 25 16:36:29 ubuntu systemd[1]: NetworkManager-dispatcher.service: Succeeded.
2月 25 16:51:18 ubuntu systemd[1]: Starting Network Manager Script Dispatcher Service...
2月 25 16:51:18 ubuntu systemd[1]: Started Network Manager Script Dispatcher Service.
2月 25 16:51:28 ubuntu systemd[1]: NetworkManager-dispatcher.service: Succeeded.
2月 25 17:06:17 ubuntu systemd[1]: Starting Network Manager Script Dispatcher Service...
2月 25 17:06:17 ubuntu systemd[1]: Started Network Manager Script Dispatcher Service.
2月 25 17:06:28 ubuntu systemd[1]: NetworkManager-dispatcher.service: Succeeded.
2月 25 17:21:17 ubuntu systemd[1]: Starting Network Manager Script Dispatcher Service...
2月 25 17:21:17 ubuntu systemd[1]: Started Network Manager Script Dispatcher Service.
2月 25 17:21:28 ubuntu systemd[1]: NetworkManager-dispatcher.service: Succeeded.
-- Reboot --
3月 27 17:52:49 ubuntu systemd[1]: Starting Network Manager Script Dispatcher Service...
3月 27 17:52:49 ubuntu systemd[1]: Started Network Manager Script Dispatcher Service.
3月 27 17:53:01 ubuntu systemd[1]: NetworkManager-dispatcher.service: Succeeded.
3月 27 17:59:31 ubuntu systemd[1]: Starting Network Manager Script Dispatcher Service...
3月 27 17:59:31 ubuntu systemd[1]: Started Network Manager Script Dispatcher Service.
3月 27 17:59:41 ubuntu systemd[1]: NetworkManager-dispatcher.service: Succeeded.
3月 27 18:01:03 ubuntu systemd[1]: Starting Network Manager Script Dispatcher Service...
3月 27 18:01:03 ubuntu systemd[1]: Started Network Manager Script Dispatcher Service.
3月 27 18:01:03 ubuntu nm-dispatcher[12413]: run-parts: failed to stat component /etc/network/if-post-down.d/avahi-daemon: No such file or directory
3月 27 18:01:14 ubuntu systemd[1]: NetworkManager-dispatcher.service: Succeeded.
-- Reboot --
3月 30 14:06:07 ubuntu systemd[1]: Starting Network Manager Script Dispatcher Service...
3月 30 14:06:07 ubuntu systemd[1]: Started Network Manager Script Dispatcher Service.
3月 30 14:06:20 ubuntu systemd[1]: NetworkManager-dispatcher.service: Succeeded.
3月 30 14:20:41 ubuntu systemd[1]: Starting Network Manager Script Dispatcher Service...
3月 30 14:20:41 ubuntu systemd[1]: Started Network Manager Script Dispatcher Service.
3月 30 14:20:51 ubuntu systemd[1]: NetworkManager-dispatcher.service: Succeeded.
3月 30 14:35:41 ubuntu systemd[1]: Starting Network Manager Script Dispatcher Service...
3月 30 14:35:41 ubuntu systemd[1]: Started Network Manager Script Dispatcher Service.
3月 30 14:35:51 ubuntu systemd[1]: NetworkManager-dispatcher.service: Succeeded.
-- Reboot --
3月 30 14:44:34 ubuntu systemd[1]: Starting Network Manager Script Dispatcher Service...
3月 30 14:44:34 ubuntu systemd[1]: Started Network Manager Script Dispatcher Service.
3月 30 14:44:46 ubuntu systemd[1]: NetworkManager-dispatcher.service: Succeeded.
-- Reboot --
3月 30 15:12:20 ubuntu systemd[1]: Starting Network Manager Script Dispatcher Service...
3月 30 15:12:20 ubuntu systemd[1]: Started Network Manager Script Dispatcher Service.
3月 30 15:12:33 ubuntu systemd[1]: NetworkManager-dispatcher.service: Succeeded.
-- Reboot --
3月 30 15:18:40 ubuntu systemd[1]: Starting Network Manager Script Dispatcher Service...
3月 30 15:18:40 ubuntu systemd[1]: Started Network Manager Script Dispatcher Service.
3月 30 15:18:52 ubuntu systemd[1]: NetworkManager-dispatcher.service: Succeeded.
3月 30 15:19:02 ubuntu systemd[1]: Starting Network Manager Script Dispatcher Service...
3月 30 15:19:02 ubuntu systemd[1]: Started Network Manager Script Dispatcher Service.
3月 30 15:19:13 ubuntu systemd[1]: NetworkManager-dispatcher.service: Succeeded.
-- Reboot --
3月 30 22:57:14 ubuntu systemd[1]: Starting Network Manager Script Dispatcher Service...
3月 30 22:57:14 ubuntu systemd[1]: Started Network Manager Script Dispatcher Service.
3月 30 22:57:43 ubuntu systemd[1]: NetworkManager-dispatcher.service: Succeeded.
-- Reboot --
3月 30 23:00:46 ubuntu systemd[1]: Starting Network Manager Script Dispatcher Service...
3月 30 23:00:46 ubuntu systemd[1]: Started Network Manager Script Dispatcher Service.
3月 30 23:01:00 ubuntu systemd[1]: NetworkManager-dispatcher.service: Succeeded.
-- Reboot --
3月 30 23:05:27 ubuntu systemd[1]: Starting Network Manager Script Dispatcher Service...
3月 30 23:05:27 ubuntu systemd[1]: Started Network Manager Script Dispatcher Service.
3月 30 23:05:40 ubuntu systemd[1]: NetworkManager-dispatcher.service: Succeeded.
-- Reboot --
3月 31 18:40:20 ubuntu systemd[1]: Starting Network Manager Script Dispatcher Service...
3月 31 18:40:20 ubuntu systemd[1]: Started Network Manager Script Dispatcher Service.
3月 31 18:40:35 ubuntu systemd[1]: NetworkManager-dispatcher.service: Succeeded.
3月 31 18:47:43 ubuntu systemd[1]: Starting Network Manager Script Dispatcher Service...
3月 31 18:47:43 ubuntu systemd[1]: Started Network Manager Script Dispatcher Service.
3月 31 18:47:53 ubuntu systemd[1]: NetworkManager-dispatcher.service: Succeeded.
-- Reboot --
3月 31 18:54:18 ubuntu systemd[1]: Starting Network Manager Script Dispatcher Service...
3月 31 18:54:19 ubuntu systemd[1]: Started Network Manager Script Dispatcher Service.
3月 31 18:54:36 ubuntu systemd[1]: NetworkManager-dispatcher.service: Succeeded.
-- Reboot --
3月 31 19:04:02 ubuntu systemd[1]: Starting Network Manager Script Dispatcher Service...
3月 31 19:04:02 ubuntu systemd[1]: Started Network Manager Script Dispatcher Service.
3月 31 19:04:15 ubuntu systemd[1]: NetworkManager-dispatcher.service: Succeeded.
3月 31 19:14:31 ubuntu systemd[1]: Starting Network Manager Script Dispatcher Service...
3月 31 19:14:31 ubuntu systemd[1]: Started Network Manager Script Dispatcher Service.
3月 31 19:14:41 ubuntu systemd[1]: NetworkManager-dispatcher.service: Succeeded.
-- Reboot --
3月 31 19:27:36 ubuntu systemd[1]: Starting Network Manager Script Dispatcher Service...
3月 31 19:27:36 ubuntu systemd[1]: Started Network Manager Script Dispatcher Service.
3月 31 19:27:53 ubuntu systemd[1]: NetworkManager-dispatcher.service: Succeeded.
-- Reboot --
3月 31 19:43:31 ubuntu systemd[1]: Starting Network Manager Script Dispatcher Service...
3月 31 19:43:31 ubuntu systemd[1]: Started Network Manager Script Dispatcher Service.
3月 31 19:43:45 ubuntu systemd[1]: NetworkManager-dispatcher.service: Succeeded.
-- Reboot --
3月 31 19:58:20 ubuntu systemd[1]: Starting Network Manager Script Dispatcher Service...
3月 31 19:58:20 ubuntu systemd[1]: Started Network Manager Script Dispatcher Service.
3月 31 19:58:38 ubuntu systemd[1]: NetworkManager-dispatcher.service: Succeeded.
-- Reboot --
3月 31 20:24:35 ubuntu systemd[1]: Starting Network Manager Script Dispatcher Service...
3月 31 20:24:35 ubuntu systemd[1]: Started Network Manager Script Dispatcher Service.
3月 31 20:24:48 ubuntu systemd[1]: NetworkManager-dispatcher.service: Succeeded.
-- Reboot --
4月 02 17:05:05 ubuntu systemd[1]: Starting Network Manager Script Dispatcher Service...
4月 02 17:05:05 ubuntu systemd[1]: Started Network Manager Script Dispatcher Service.
4月 02 17:05:21 ubuntu systemd[1]: NetworkManager-dispatcher.service: Succeeded.
-- Reboot --
4月 14 20:21:40 ubuntu systemd[1]: Starting Network Manager Script Dispatcher Service...
4月 14 20:21:40 ubuntu systemd[1]: Started Network Manager Script Dispatcher Service.
4月 14 20:21:56 ubuntu systemd[1]: NetworkManager-dispatcher.service: Succeeded.
4月 14 20:41:51 ubuntu systemd[1]: Starting Network Manager Script Dispatcher Service...
4月 14 20:41:51 ubuntu systemd[1]: Started Network Manager Script Dispatcher Service.
4月 14 20:42:02 ubuntu systemd[1]: NetworkManager-dispatcher.service: Succeeded.
-- Reboot --
4月 14 20:55:50 ubuntu systemd[1]: Starting Network Manager Script Dispatcher Service...
4月 14 20:55:50 ubuntu systemd[1]: Started Network Manager Script Dispatcher Service.
4月 14 20:56:05 ubuntu systemd[1]: NetworkManager-dispatcher.service: Succeeded.
-- Reboot --
4月 15 22:31:07 ubuntu systemd[1]: Starting Network Manager Script Dispatcher Service...
4月 15 22:31:07 ubuntu systemd[1]: Started Network Manager Script Dispatcher Service.
4月 15 22:31:22 ubuntu systemd[1]: NetworkManager-dispatcher.service: Succeeded.
4月 15 22:37:32 ubuntu systemd[1]: Starting Network Manager Script Dispatcher Service...
4月 15 22:37:32 ubuntu systemd[1]: Started Network Manager Script Dispatcher Service.
4月 15 22:37:32 ubuntu nm-dispatcher[5229]: run-parts: failed to stat component /etc/network/if-post-down.d/avahi-daemon: No such file or directory
4月 15 22:37:53 ubuntu systemd[1]: NetworkManager-dispatcher.service: Succeeded.
-- Reboot --
4月 15 22:43:42 ubuntu systemd[1]: Starting Network Manager Script Dispatcher Service...
4月 15 22:43:42 ubuntu systemd[1]: Started Network Manager Script Dispatcher Service.
4月 15 22:43:59 ubuntu systemd[1]: NetworkManager-dispatcher.service: Succeeded.
-- Reboot --
4月 19 18:41:05 ubuntu systemd[1]: Starting Network Manager Script Dispatcher Service...
4月 19 18:41:05 ubuntu systemd[1]: Started Network Manager Script Dispatcher Service.
4月 19 18:41:19 ubuntu systemd[1]: NetworkManager-dispatcher.service: Succeeded.
4月 19 18:44:08 ubuntu systemd[1]: Starting Network Manager Script Dispatcher Service...
4月 19 18:44:08 ubuntu systemd[1]: Started Network Manager Script Dispatcher Service.
4月 19 18:44:19 ubuntu systemd[1]: NetworkManager-dispatcher.service: Succeeded.
-- Reboot --
4月 19 19:16:16 ubuntu systemd[1]: Starting Network Manager Script Dispatcher Service...
4月 19 19:16:16 ubuntu systemd[1]: Started Network Manager Script Dispatcher Service.
4月 19 19:16:28 ubuntu systemd[1]: NetworkManager-dispatcher.service: Succeeded.
-- Reboot --
4月 21 14:58:07 ubuntu systemd[1]: Starting Network Manager Script Dispatcher Service...
4月 21 14:58:07 ubuntu systemd[1]: Started Network Manager Script Dispatcher Service.
4月 21 14:58:22 ubuntu systemd[1]: NetworkManager-dispatcher.service: Succeeded.
4月 21 14:58:55 ubuntu systemd[1]: Starting Network Manager Script Dispatcher Service...
4月 21 14:58:55 ubuntu systemd[1]: Started Network Manager Script Dispatcher Service.
4月 21 14:59:07 ubuntu systemd[1]: NetworkManager-dispatcher.service: Succeeded.
4月 21 14:59:40 ubuntu systemd[1]: Starting Network Manager Script Dispatcher Service...
4月 21 14:59:40 ubuntu systemd[1]: Started Network Manager Script Dispatcher Service.
4月 21 14:59:52 ubuntu systemd[1]: NetworkManager-dispatcher.service: Succeeded.
4月 21 15:00:03 ubuntu systemd[1]: Starting Network Manager Script Dispatcher Service...
4月 21 15:00:03 ubuntu systemd[1]: Started Network Manager Script Dispatcher Service.
4月 21 15:00:13 ubuntu systemd[1]: NetworkManager-dispatcher.service: Succeeded.
4月 21 15:15:01 ubuntu systemd[1]: Starting Network Manager Script Dispatcher Service...
4月 21 15:15:01 ubuntu systemd[1]: Started Network Manager Script Dispatcher Service.
4月 21 15:15:12 ubuntu systemd[1]: NetworkManager-dispatcher.service: Succeeded.
4月 21 15:30:01 ubuntu systemd[1]: Starting Network Manager Script Dispatcher Service...
4月 21 15:30:01 ubuntu systemd[1]: Started Network Manager Script Dispatcher Service.
4月 21 15:30:12 ubuntu systemd[1]: NetworkManager-dispatcher.service: Succeeded.
4月 21 15:45:01 ubuntu systemd[1]: Starting Network Manager Script Dispatcher Service...
4月 21 15:45:01 ubuntu systemd[1]: Started Network Manager Script Dispatcher Service.
4月 21 15:45:12 ubuntu systemd[1]: NetworkManager-dispatcher.service: Succeeded.

