-- Logs begin at Sat 2022-01-08 18:32:32 CST, end at Fri 2023-04-21 15:50:02 CST. --
1月 09 17:18:21 ubuntu systemd[1]: systemd-timedated.service: Succeeded.
1月 09 17:22:51 ubuntu systemd[1]: Starting Time & Date Service...
1月 09 17:22:51 ubuntu systemd[1]: Started Time & Date Service.
1月 09 17:23:21 ubuntu systemd[1]: systemd-timedated.service: Succeeded.
-- Reboot --
1月 09 21:33:16 ubuntu systemd[1]: Starting Time & Date Service...
1月 09 21:33:17 ubuntu systemd[1]: Started Time & Date Service.
1月 09 21:34:00 ubuntu systemd[1]: systemd-timedated.service: Succeeded.
1月 09 21:38:30 ubuntu systemd[1]: Starting Time & Date Service...
1月 09 21:38:30 ubuntu systemd[1]: Started Time & Date Service.
1月 09 21:39:00 ubuntu systemd[1]: systemd-timedated.service: Succeeded.
-- Reboot --
3月 22 14:03:04 ubuntu systemd[1]: Starting Time & Date Service...
3月 22 14:03:04 ubuntu systemd[1]: Started Time & Date Service.
3月 22 14:03:58 ubuntu systemd[1]: systemd-timedated.service: Succeeded.
3月 22 14:08:28 ubuntu systemd[1]: Starting Time & Date Service...
3月 22 14:08:28 ubuntu systemd[1]: Started Time & Date Service.
3月 22 14:08:58 ubuntu systemd[1]: systemd-timedated.service: Succeeded.
3月 22 14:09:27 ubuntu systemd[1]: Starting Time & Date Service...
3月 22 14:09:27 ubuntu systemd[1]: Started Time & Date Service.
3月 22 14:09:57 ubuntu systemd[1]: systemd-timedated.service: Succeeded.
3月 22 14:12:12 ubuntu systemd[1]: Starting Time & Date Service...
3月 22 14:12:12 ubuntu systemd[1]: Started Time & Date Service.
3月 22 14:12:42 ubuntu systemd[1]: systemd-timedated.service: Succeeded.
-- Reboot --
3月 22 14:13:44 ubuntu systemd[1]: Starting Time & Date Service...
3月 22 14:13:44 ubuntu systemd[1]: Started Time & Date Service.
3月 22 14:14:30 ubuntu systemd[1]: systemd-timedated.service: Succeeded.
3月 22 14:19:00 ubuntu systemd[1]: Starting Time & Date Service...
3月 22 14:19:00 ubuntu systemd[1]: Started Time & Date Service.
3月 22 14:19:30 ubuntu systemd[1]: systemd-timedated.service: Succeeded.
-- Reboot --
3月 22 16:13:12 ubuntu systemd[1]: Starting Time & Date Service...
3月 22 16:13:12 ubuntu systemd[1]: Started Time & Date Service.
3月 22 16:13:46 ubuntu systemd[1]: systemd-timedated.service: Succeeded.
3月 22 16:18:16 ubuntu systemd[1]: Starting Time & Date Service...
3月 22 16:18:16 ubuntu systemd[1]: Started Time & Date Service.
3月 22 16:18:46 ubuntu systemd[1]: systemd-timedated.service: Succeeded.
-- Reboot --
3月 25 10:18:09 ubuntu systemd[1]: Starting Time & Date Service...
3月 25 10:18:09 ubuntu systemd[1]: Started Time & Date Service.
3月 25 10:18:44 ubuntu systemd[1]: systemd-timedated.service: Succeeded.
3月 25 10:23:14 ubuntu systemd[1]: Starting Time & Date Service...
3月 25 10:23:15 ubuntu systemd[1]: Started Time & Date Service.
3月 25 10:23:45 ubuntu systemd[1]: systemd-timedated.service: Succeeded.
-- Reboot --
3月 25 10:45:20 ubuntu systemd[1]: Starting Time & Date Service...
3月 25 10:45:20 ubuntu systemd[1]: Started Time & Date Service.
3月 25 10:45:52 ubuntu systemd[1]: systemd-timedated.service: Succeeded.
3月 25 10:50:22 ubuntu systemd[1]: Starting Time & Date Service...
3月 25 10:50:22 ubuntu systemd[1]: Started Time & Date Service.
3月 25 10:50:52 ubuntu systemd[1]: systemd-timedated.service: Succeeded.
-- Reboot --
3月 28 10:02:58 ubuntu systemd[1]: Starting Time & Date Service...
3月 28 10:02:58 ubuntu systemd[1]: Started Time & Date Service.
3月 28 10:03:31 ubuntu systemd[1]: systemd-timedated.service: Succeeded.
-- Reboot --
3月 28 14:59:51 ubuntu systemd[1]: Starting Time & Date Service...
3月 28 14:59:51 ubuntu systemd[1]: Started Time & Date Service.
3月 28 15:00:20 ubuntu systemd[1]: systemd-timedated.service: Succeeded.
3月 28 15:04:50 ubuntu systemd[1]: Starting Time & Date Service...
3月 28 15:04:50 ubuntu systemd[1]: Started Time & Date Service.
3月 28 15:05:20 ubuntu systemd[1]: systemd-timedated.service: Succeeded.
-- Reboot --
3月 28 16:17:54 ubuntu systemd[1]: Starting Time & Date Service...
3月 28 16:17:54 ubuntu systemd[1]: Started Time & Date Service.
3月 28 16:18:23 ubuntu systemd[1]: systemd-timedated.service: Succeeded.
3月 28 16:22:53 ubuntu systemd[1]: Starting Time & Date Service...
3月 28 16:22:53 ubuntu systemd[1]: Started Time & Date Service.
3月 28 16:23:23 ubuntu systemd[1]: systemd-timedated.service: Succeeded.
-- Reboot --
4月 01 10:14:30 ubuntu systemd[1]: Starting Time & Date Service...
4月 01 10:14:30 ubuntu systemd[1]: Started Time & Date Service.
4月 01 10:15:03 ubuntu systemd[1]: systemd-timedated.service: Succeeded.
4月 01 10:19:33 ubuntu systemd[1]: Starting Time & Date Service...
4月 01 10:19:33 ubuntu systemd[1]: Started Time & Date Service.
4月 01 10:20:03 ubuntu systemd[1]: systemd-timedated.service: Succeeded.
-- Reboot --
4月 01 10:25:09 ubuntu systemd[1]: Starting Time & Date Service...
4月 01 10:25:09 ubuntu systemd[1]: Started Time & Date Service.
4月 01 10:25:42 ubuntu systemd[1]: systemd-timedated.service: Succeeded.
4月 01 10:30:12 ubuntu systemd[1]: Starting Time & Date Service...
4月 01 10:30:12 ubuntu systemd[1]: Started Time & Date Service.
4月 01 10:30:42 ubuntu systemd[1]: systemd-timedated.service: Succeeded.
-- Reboot --
4月 02 08:51:57 ubuntu systemd[1]: Starting Time & Date Service...
4月 02 08:51:57 ubuntu systemd[1]: Started Time & Date Service.
4月 02 08:52:26 ubuntu systemd[1]: systemd-timedated.service: Succeeded.
-- Reboot --
4月 02 09:04:47 ubuntu systemd[1]: Starting Time & Date Service...
4月 02 09:04:47 ubuntu systemd[1]: Started Time & Date Service.
4月 02 09:05:19 ubuntu systemd[1]: systemd-timedated.service: Succeeded.
-- Reboot --
4月 02 09:10:33 ubuntu systemd[1]: Starting Time & Date Service...
4月 02 09:10:33 ubuntu systemd[1]: Started Time & Date Service.
4月 02 09:11:03 ubuntu systemd[1]: systemd-timedated.service: Succeeded.
4月 02 09:15:33 ubuntu systemd[1]: Starting Time & Date Service...
4月 02 09:15:33 ubuntu systemd[1]: Started Time & Date Service.
4月 02 09:16:03 ubuntu systemd[1]: systemd-timedated.service: Succeeded.
-- Reboot --
4月 02 17:23:06 ubuntu systemd[1]: Starting Time & Date Service...
4月 02 17:23:06 ubuntu systemd[1]: Started Time & Date Service.
4月 02 17:23:37 ubuntu systemd[1]: systemd-timedated.service: Succeeded.
4月 02 17:28:07 ubuntu systemd[1]: Starting Time & Date Service...
4月 02 17:28:07 ubuntu systemd[1]: Started Time & Date Service.
4月 02 17:28:37 ubuntu systemd[1]: systemd-timedated.service: Succeeded.
-- Reboot --
4月 02 17:51:35 ubuntu systemd[1]: Starting Time & Date Service...
4月 02 17:51:35 ubuntu systemd[1]: Started Time & Date Service.
4月 02 17:52:01 ubuntu systemd[1]: systemd-timedated.service: Succeeded.
4月 02 17:56:31 ubuntu systemd[1]: Starting Time & Date Service...
4月 02 17:56:32 ubuntu systemd[1]: Started Time & Date Service.
4月 02 17:57:02 ubuntu systemd[1]: systemd-timedated.service: Succeeded.
-- Reboot --
4月 06 08:17:27 ubuntu systemd[1]: Starting Time & Date Service...
4月 06 08:17:27 ubuntu systemd[1]: Started Time & Date Service.
4月 06 08:17:54 ubuntu systemd[1]: systemd-timedated.service: Succeeded.
4月 06 08:22:24 ubuntu systemd[1]: Starting Time & Date Service...
4月 06 08:22:24 ubuntu systemd[1]: Started Time & Date Service.
4月 06 08:22:54 ubuntu systemd[1]: systemd-timedated.service: Succeeded.
4月 06 08:23:33 ubuntu systemd[1]: Starting Time & Date Service...
4月 06 08:23:33 ubuntu systemd[1]: Started Time & Date Service.
4月 06 08:24:03 ubuntu systemd[1]: systemd-timedated.service: Succeeded.
-- Reboot --
4月 13 08:09:50 ubuntu systemd[1]: Starting Time & Date Service...
4月 13 08:09:50 ubuntu systemd[1]: Started Time & Date Service.
4月 13 08:10:25 ubuntu systemd[1]: systemd-timedated.service: Succeeded.
4月 13 08:14:55 ubuntu systemd[1]: Starting Time & Date Service...
4月 13 08:14:55 ubuntu systemd[1]: Started Time & Date Service.
4月 13 08:15:31 ubuntu systemd[1]: systemd-timedated.service: Succeeded.
-- Reboot --
4月 13 08:30:22 ubuntu systemd[1]: Starting Time & Date Service...
4月 13 08:30:22 ubuntu systemd[1]: Started Time & Date Service.
4月 13 08:30:57 ubuntu systemd[1]: systemd-timedated.service: Succeeded.
4月 13 08:35:27 ubuntu systemd[1]: Starting Time & Date Service...
4月 13 08:35:27 ubuntu systemd[1]: Started Time & Date Service.
4月 13 08:35:57 ubuntu systemd[1]: systemd-timedated.service: Succeeded.
-- Reboot --
4月 13 10:23:48 ubuntu systemd[1]: Starting Time & Date Service...
4月 13 10:23:48 ubuntu systemd[1]: Started Time & Date Service.
4月 13 10:24:30 ubuntu systemd[1]: systemd-timedated.service: Succeeded.
-- Reboot --
4月 13 14:46:35 ubuntu systemd[1]: Starting Time & Date Service...
4月 13 14:46:35 ubuntu systemd[1]: Started Time & Date Service.
4月 13 14:47:07 ubuntu systemd[1]: systemd-timedated.service: Succeeded.
4月 13 14:51:37 ubuntu systemd[1]: Starting Time & Date Service...
4月 13 14:51:37 ubuntu systemd[1]: Started Time & Date Service.
4月 13 14:52:07 ubuntu systemd[1]: systemd-timedated.service: Succeeded.
-- Reboot --
4月 15 10:17:02 ubuntu systemd[1]: Starting Time & Date Service...
4月 15 10:17:02 ubuntu systemd[1]: Started Time & Date Service.
4月 15 10:17:32 ubuntu systemd[1]: systemd-timedated.service: Succeeded.
4月 15 10:17:39 ubuntu systemd[1]: Starting Time & Date Service...
4月 15 10:17:39 ubuntu systemd[1]: Started Time & Date Service.
4月 15 10:18:09 ubuntu systemd[1]: systemd-timedated.service: Succeeded.
-- Reboot --
4月 20 08:14:51 ubuntu systemd[1]: Starting Time & Date Service...
4月 20 08:14:51 ubuntu systemd[1]: Started Time & Date Service.
4月 20 08:15:25 ubuntu systemd[1]: systemd-timedated.service: Succeeded.
4月 20 08:19:55 ubuntu systemd[1]: Starting Time & Date Service...
4月 20 08:19:55 ubuntu systemd[1]: Started Time & Date Service.
4月 20 08:20:25 ubuntu systemd[1]: systemd-timedated.service: Succeeded.
-- Reboot --
4月 20 08:23:07 ubuntu systemd[1]: Starting Time & Date Service...
4月 20 08:23:07 ubuntu systemd[1]: Started Time & Date Service.
4月 20 08:23:41 ubuntu systemd[1]: systemd-timedated.service: Succeeded.
4月 20 08:28:11 ubuntu systemd[1]: Starting Time & Date Service...
4月 20 08:28:11 ubuntu systemd[1]: Started Time & Date Service.
4月 20 08:28:41 ubuntu systemd[1]: systemd-timedated.service: Succeeded.
-- Reboot --
4月 27 08:18:27 ubuntu systemd[1]: Starting Time & Date Service...
4月 27 08:18:27 ubuntu systemd[1]: Started Time & Date Service.
4月 27 08:19:02 ubuntu systemd[1]: systemd-timedated.service: Succeeded.
4月 27 08:23:32 ubuntu systemd[1]: Starting Time & Date Service...
4月 27 08:23:32 ubuntu systemd[1]: Started Time & Date Service.
4月 27 08:24:02 ubuntu systemd[1]: systemd-timedated.service: Succeeded.
4月 27 08:25:21 ubuntu systemd[1]: Starting Time & Date Service...
4月 27 08:25:21 ubuntu systemd[1]: Started Time & Date Service.
4月 27 08:25:51 ubuntu systemd[1]: systemd-timedated.service: Succeeded.
4月 27 09:53:49 ubuntu systemd[1]: Starting Time & Date Service...
4月 27 09:53:49 ubuntu systemd[1]: Started Time & Date Service.
4月 27 09:54:19 ubuntu systemd[1]: systemd-timedated.service: Succeeded.
-- Reboot --
4月 27 11:07:15 ubuntu systemd[1]: Starting Time & Date Service...
4月 27 11:07:15 ubuntu systemd[1]: Started Time & Date Service.
4月 27 11:07:51 ubuntu systemd[1]: systemd-timedated.service: Succeeded.
4月 27 11:12:21 ubuntu systemd[1]: Starting Time & Date Service...
4月 27 11:12:21 ubuntu systemd[1]: Started Time & Date Service.
4月 27 11:12:51 ubuntu systemd[1]: systemd-timedated.service: Succeeded.
-- Reboot --
4月 27 14:11:33 ubuntu systemd[1]: Starting Time & Date Service...
4月 27 14:11:33 ubuntu systemd[1]: Started Time & Date Service.
4月 27 14:12:06 ubuntu systemd[1]: systemd-timedated.service: Succeeded.
4月 27 14:16:36 ubuntu systemd[1]: Starting Time & Date Service...
4月 27 14:16:36 ubuntu systemd[1]: Started Time & Date Service.
4月 27 14:17:06 ubuntu systemd[1]: systemd-timedated.service: Succeeded.
-- Reboot --
4月 27 15:05:21 ubuntu systemd[1]: Starting Time & Date Service...
4月 27 15:05:21 ubuntu systemd[1]: Started Time & Date Service.
4月 27 15:05:54 ubuntu systemd[1]: systemd-timedated.service: Succeeded.
4月 27 15:10:24 ubuntu systemd[1]: Starting Time & Date Service...
4月 27 15:10:24 ubuntu systemd[1]: Started Time & Date Service.
4月 27 15:10:54 ubuntu systemd[1]: systemd-timedated.service: Succeeded.
-- Reboot --
4月 28 21:00:54 ubuntu systemd[1]: Starting Time & Date Service...
4月 28 21:00:54 ubuntu systemd[1]: Started Time & Date Service.
4月 28 21:01:27 ubuntu systemd[1]: systemd-timedated.service: Succeeded.
-- Reboot --
5月 06 10:06:19 ubuntu systemd[1]: Starting Time & Date Service...
5月 06 10:06:19 ubuntu systemd[1]: Started Time & Date Service.
5月 06 10:06:46 ubuntu systemd[1]: systemd-timedated.service: Succeeded.
5月 06 10:11:16 ubuntu systemd[1]: Starting Time & Date Service...
5月 06 10:11:16 ubuntu systemd[1]: Started Time & Date Service.
5月 06 10:11:46 ubuntu systemd[1]: systemd-timedated.service: Succeeded.
5月 06 10:16:41 ubuntu systemd[1]: Starting Time & Date Service...
5月 06 10:16:41 ubuntu systemd[1]: Started Time & Date Service.
5月 06 10:17:11 ubuntu systemd[1]: systemd-timedated.service: Succeeded.
-- Reboot --
5月 06 10:17:48 ubuntu systemd[1]: Starting Time & Date Service...
5月 06 10:17:48 ubuntu systemd[1]: Started Time & Date Service.
5月 06 10:18:14 ubuntu systemd[1]: systemd-timedated.service: Succeeded.
5月 06 10:22:44 ubuntu systemd[1]: Starting Time & Date Service...
5月 06 10:22:44 ubuntu systemd[1]: Started Time & Date Service.
5月 06 10:23:14 ubuntu systemd[1]: systemd-timedated.service: Succeeded.
-- Reboot --
5月 07 08:13:53 ubuntu systemd[1]: Starting Time & Date Service...
5月 07 08:13:53 ubuntu systemd[1]: Started Time & Date Service.
5月 07 08:14:19 ubuntu systemd[1]: systemd-timedated.service: Succeeded.
5月 07 08:18:49 ubuntu systemd[1]: Starting Time & Date Service...
5月 07 08:18:49 ubuntu systemd[1]: Started Time & Date Service.
5月 07 08:19:19 ubuntu systemd[1]: systemd-timedated.service: Succeeded.
-- Reboot --
5月 08 14:53:56 ubuntu systemd[1]: Starting Time & Date Service...
5月 08 14:53:56 ubuntu systemd[1]: Started Time & Date Service.
5月 08 14:54:29 ubuntu systemd[1]: systemd-timedated.service: Succeeded.
-- Reboot --
5月 08 15:54:27 ubuntu systemd[1]: Starting Time & Date Service...
5月 08 15:54:27 ubuntu systemd[1]: Started Time & Date Service.
5月 08 15:55:00 ubuntu systemd[1]: systemd-timedated.service: Succeeded.
5月 08 15:59:30 ubuntu systemd[1]: Starting Time & Date Service...
5月 08 15:59:30 ubuntu systemd[1]: Started Time & Date Service.
5月 08 16:00:00 ubuntu systemd[1]: systemd-timedated.service: Succeeded.
-- Reboot --
5月 08 16:27:23 ubuntu systemd[1]: Starting Time & Date Service...
5月 08 16:27:23 ubuntu systemd[1]: Started Time & Date Service.
5月 08 16:27:57 ubuntu systemd[1]: systemd-timedated.service: Succeeded.
5月 08 16:32:27 ubuntu systemd[1]: Starting Time & Date Service...
5月 08 16:32:27 ubuntu systemd[1]: Started Time & Date Service.
5月 08 16:32:57 ubuntu systemd[1]: systemd-timedated.service: Succeeded.
-- Reboot --
5月 14 20:51:56 ubuntu systemd[1]: Starting Time & Date Service...
5月 14 20:51:56 ubuntu systemd[1]: Started Time & Date Service.
5月 14 20:52:45 ubuntu systemd[1]: systemd-timedated.service: Succeeded.
5月 14 20:57:13 ubuntu systemd[1]: Starting Time & Date Service...
5月 14 20:57:13 ubuntu systemd[1]: Started Time & Date Service.
5月 14 20:57:43 ubuntu systemd[1]: systemd-timedated.service: Succeeded.
-- Reboot --
5月 15 00:06:18 ubuntu systemd[1]: Starting Time & Date Service...
5月 15 00:06:18 ubuntu systemd[1]: Started Time & Date Service.
5月 15 00:06:49 ubuntu systemd[1]: systemd-timedated.service: Succeeded.
-- Reboot --
5月 15 00:15:11 ubuntu systemd[1]: Starting Time & Date Service...
5月 15 00:15:11 ubuntu systemd[1]: Started Time & Date Service.
5月 15 00:15:49 ubuntu systemd[1]: systemd-timedated.service: Succeeded.
-- Reboot --
5月 15 10:43:45 ubuntu systemd[1]: Starting Time & Date Service...
5月 15 10:43:46 ubuntu systemd[1]: Started Time & Date Service.
5月 15 10:44:17 ubuntu systemd[1]: systemd-timedated.service: Succeeded.
5月 15 10:48:44 ubuntu systemd[1]: Starting Time & Date Service...
5月 15 10:48:44 ubuntu systemd[1]: Started Time & Date Service.
5月 15 10:49:14 ubuntu systemd[1]: systemd-timedated.service: Succeeded.
-- Reboot --
5月 15 15:15:43 ubuntu systemd[1]: Starting Time & Date Service...
5月 15 15:15:44 ubuntu systemd[1]: Started Time & Date Service.
5月 15 15:16:15 ubuntu systemd[1]: systemd-timedated.service: Succeeded.
-- Reboot --
5月 15 16:28:30 ubuntu systemd[1]: Starting Time & Date Service...
5月 15 16:28:30 ubuntu systemd[1]: Started Time & Date Service.
5月 15 16:29:02 ubuntu systemd[1]: systemd-timedated.service: Succeeded.
5月 15 16:33:32 ubuntu systemd[1]: Starting Time & Date Service...
5月 15 16:33:32 ubuntu systemd[1]: Started Time & Date Service.
5月 15 16:34:02 ubuntu systemd[1]: systemd-timedated.service: Succeeded.
-- Reboot --
5月 15 21:27:17 ubuntu systemd[1]: Starting Time & Date Service...
5月 15 21:27:17 ubuntu systemd[1]: Started Time & Date Service.
5月 15 21:27:48 ubuntu systemd[1]: systemd-timedated.service: Succeeded.
5月 15 21:32:18 ubuntu systemd[1]: Starting Time & Date Service...
5月 15 21:32:18 ubuntu systemd[1]: Started Time & Date Service.
5月 15 21:32:48 ubuntu systemd[1]: systemd-timedated.service: Succeeded.
-- Reboot --
5月 31 15:28:48 ubuntu systemd[1]: Starting Time & Date Service...
5月 31 15:28:48 ubuntu systemd[1]: Started Time & Date Service.
5月 31 15:29:21 ubuntu systemd[1]: systemd-timedated.service: Succeeded.
5月 31 15:33:51 ubuntu systemd[1]: Starting Time & Date Service...
5月 31 15:33:51 ubuntu systemd[1]: Started Time & Date Service.
5月 31 15:34:21 ubuntu systemd[1]: systemd-timedated.service: Succeeded.
5月 31 15:35:07 ubuntu systemd[1]: Starting Time & Date Service...
5月 31 15:35:07 ubuntu systemd[1]: Started Time & Date Service.
5月 31 15:35:37 ubuntu systemd[1]: systemd-timedated.service: Succeeded.
-- Reboot --
5月 31 16:19:56 ubuntu systemd[1]: Starting Time & Date Service...
5月 31 16:19:56 ubuntu systemd[1]: Started Time & Date Service.
5月 31 16:20:29 ubuntu systemd[1]: systemd-timedated.service: Succeeded.
5月 31 16:24:59 ubuntu systemd[1]: Starting Time & Date Service...
5月 31 16:24:59 ubuntu systemd[1]: Started Time & Date Service.
5月 31 16:25:29 ubuntu systemd[1]: systemd-timedated.service: Succeeded.
-- Reboot --
5月 31 21:01:00 ubuntu systemd[1]: Starting Time & Date Service...
5月 31 21:01:00 ubuntu systemd[1]: Started Time & Date Service.
5月 31 21:01:34 ubuntu systemd[1]: systemd-timedated.service: Succeeded.
5月 31 21:06:04 ubuntu systemd[1]: Starting Time & Date Service...
5月 31 21:06:04 ubuntu systemd[1]: Started Time & Date Service.
5月 31 21:06:34 ubuntu systemd[1]: systemd-timedated.service: Succeeded.
-- Reboot --
6月 01 23:20:34 ubuntu systemd[1]: Starting Time & Date Service...
6月 01 23:20:35 ubuntu systemd[1]: Started Time & Date Service.
6月 01 23:21:13 ubuntu systemd[1]: systemd-timedated.service: Succeeded.
6月 01 23:25:43 ubuntu systemd[1]: Starting Time & Date Service...
6月 01 23:25:43 ubuntu systemd[1]: Started Time & Date Service.
6月 01 23:26:13 ubuntu systemd[1]: systemd-timedated.service: Succeeded.
-- Reboot --
6月 06 14:12:39 ubuntu systemd[1]: Starting Time & Date Service...
6月 06 14:12:40 ubuntu systemd[1]: Started Time & Date Service.
6月 06 14:13:10 ubuntu systemd[1]: systemd-timedated.service: Succeeded.
6月 06 14:17:40 ubuntu systemd[1]: Starting Time & Date Service...
6月 06 14:17:40 ubuntu systemd[1]: Started Time & Date Service.
6月 06 14:18:10 ubuntu systemd[1]: systemd-timedated.service: Succeeded.
-- Reboot --
6月 06 15:39:39 ubuntu systemd[1]: Starting Time & Date Service...
6月 06 15:39:39 ubuntu systemd[1]: Started Time & Date Service.
6月 06 15:40:09 ubuntu systemd[1]: systemd-timedated.service: Succeeded.
-- Reboot --
6月 06 15:44:27 ubuntu systemd[1]: Starting Time & Date Service...
6月 06 15:44:27 ubuntu systemd[1]: Started Time & Date Service.
6月 06 15:44:58 ubuntu systemd[1]: systemd-timedated.service: Succeeded.
-- Reboot --
6月 15 14:09:04 ubuntu systemd[1]: Starting Time & Date Service...
6月 15 14:09:04 ubuntu systemd[1]: Started Time & Date Service.
6月 15 14:09:42 ubuntu systemd[1]: systemd-timedated.service: Succeeded.
6月 15 14:14:11 ubuntu systemd[1]: Starting Time & Date Service...
6月 15 14:14:12 ubuntu systemd[1]: Started Time & Date Service.
6月 15 14:14:42 ubuntu systemd[1]: systemd-timedated.service: Succeeded.
6月 15 14:17:39 ubuntu systemd[1]: Starting Time & Date Service...
6月 15 14:17:39 ubuntu systemd[1]: Started Time & Date Service.
6月 15 14:18:09 ubuntu systemd[1]: systemd-timedated.service: Succeeded.
-- Reboot --
6月 16 14:48:32 ubuntu systemd[1]: Starting Time & Date Service...
6月 16 14:48:32 ubuntu systemd[1]: Started Time & Date Service.
6月 16 14:49:15 ubuntu systemd[1]: systemd-timedated.service: Succeeded.
6月 16 14:53:45 ubuntu systemd[1]: Starting Time & Date Service...
6月 16 14:53:45 ubuntu systemd[1]: Started Time & Date Service.
6月 16 14:54:15 ubuntu systemd[1]: systemd-timedated.service: Succeeded.
-- Reboot --
2月 25 16:36:20 ubuntu systemd[1]: Starting Time & Date Service...
2月 25 16:36:20 ubuntu systemd[1]: Started Time & Date Service.
2月 25 16:36:56 ubuntu systemd[1]: systemd-timedated.service: Succeeded.
2月 25 16:41:26 ubuntu systemd[1]: Starting Time & Date Service...
2月 25 16:41:26 ubuntu systemd[1]: Started Time & Date Service.
2月 25 16:41:56 ubuntu systemd[1]: systemd-timedated.service: Succeeded.
2月 25 16:43:44 ubuntu systemd[1]: Starting Time & Date Service...
2月 25 16:43:45 ubuntu systemd[1]: Started Time & Date Service.
2月 25 16:44:15 ubuntu systemd[1]: systemd-timedated.service: Succeeded.
-- Reboot --
3月 27 17:52:52 ubuntu systemd[1]: Starting Time & Date Service...
3月 27 17:52:52 ubuntu systemd[1]: Started Time & Date Service.
3月 27 17:53:04 ubuntu systemd[1]: systemd-timedated.service: Succeeded.
3月 27 17:57:34 ubuntu systemd[1]: Starting Time & Date Service...
3月 27 17:57:34 ubuntu systemd[1]: Started Time & Date Service.
3月 27 17:58:04 ubuntu systemd[1]: systemd-timedated.service: Succeeded.
3月 27 17:59:04 ubuntu systemd[1]: Starting Time & Date Service...
3月 27 17:59:04 ubuntu systemd[1]: Started Time & Date Service.
3月 27 17:59:34 ubuntu systemd[1]: systemd-timedated.service: Succeeded.
-- Reboot --
3月 30 14:06:12 ubuntu systemd[1]: Starting Time & Date Service...
3月 30 14:06:12 ubuntu systemd[1]: Started Time & Date Service.
3月 30 14:06:40 ubuntu systemd[1]: systemd-timedated.service: Succeeded.
-- Reboot --
3月 30 14:44:36 ubuntu systemd[1]: Starting Time & Date Service...
3月 30 14:44:36 ubuntu systemd[1]: Started Time & Date Service.
3月 30 14:45:13 ubuntu systemd[1]: systemd-timedated.service: Succeeded.
3月 30 14:49:43 ubuntu systemd[1]: Starting Time & Date Service...
3月 30 14:49:43 ubuntu systemd[1]: Started Time & Date Service.
3月 30 14:50:13 ubuntu systemd[1]: systemd-timedated.service: Succeeded.
-- Reboot --
3月 30 15:12:22 ubuntu systemd[1]: Starting Time & Date Service...
3月 30 15:12:22 ubuntu systemd[1]: Started Time & Date Service.
3月 30 15:12:58 ubuntu systemd[1]: Stopping Time & Date Service...
3月 30 15:12:58 ubuntu systemd[1]: systemd-timedated.service: Succeeded.
3月 30 15:12:58 ubuntu systemd[1]: Stopped Time & Date Service.
-- Reboot --
3月 30 15:18:43 ubuntu systemd[1]: Starting Time & Date Service...
3月 30 15:18:43 ubuntu systemd[1]: Started Time & Date Service.
3月 30 15:19:20 ubuntu systemd[1]: systemd-timedated.service: Succeeded.
-- Reboot --
3月 30 22:57:17 ubuntu systemd[1]: Starting Time & Date Service...
3月 30 22:57:17 ubuntu systemd[1]: Started Time & Date Service.
3月 30 22:57:47 ubuntu systemd[1]: systemd-timedated.service: Succeeded.
3月 30 22:57:52 ubuntu systemd[1]: Starting Time & Date Service...
3月 30 22:57:52 ubuntu systemd[1]: Started Time & Date Service.
3月 30 22:58:22 ubuntu systemd[1]: systemd-timedated.service: Succeeded.
-- Reboot --
3月 30 23:00:48 ubuntu systemd[1]: Starting Time & Date Service...
3月 30 23:00:48 ubuntu systemd[1]: Started Time & Date Service.
3月 30 23:01:41 ubuntu systemd[1]: systemd-timedated.service: Succeeded.
-- Reboot --
3月 30 23:05:29 ubuntu systemd[1]: Starting Time & Date Service...
3月 30 23:05:29 ubuntu systemd[1]: Started Time & Date Service.
3月 30 23:06:10 ubuntu systemd[1]: systemd-timedated.service: Succeeded.
3月 30 23:10:40 ubuntu systemd[1]: Starting Time & Date Service...
3月 30 23:10:40 ubuntu systemd[1]: Started Time & Date Service.
3月 30 23:11:10 ubuntu systemd[1]: systemd-timedated.service: Succeeded.
-- Reboot --
3月 31 18:40:23 ubuntu systemd[1]: Starting Time & Date Service...
3月 31 18:40:23 ubuntu systemd[1]: Started Time & Date Service.
3月 31 18:41:16 ubuntu systemd[1]: systemd-timedated.service: Succeeded.
3月 31 18:45:46 ubuntu systemd[1]: Starting Time & Date Service...
3月 31 18:45:46 ubuntu systemd[1]: Started Time & Date Service.
3月 31 18:46:16 ubuntu systemd[1]: systemd-timedated.service: Succeeded.
-- Reboot --
3月 31 18:54:21 ubuntu systemd[1]: Starting Time & Date Service...
3月 31 18:54:21 ubuntu systemd[1]: Started Time & Date Service.
3月 31 18:55:09 ubuntu systemd[1]: systemd-timedated.service: Succeeded.
3月 31 18:59:39 ubuntu systemd[1]: Starting Time & Date Service...
3月 31 18:59:39 ubuntu systemd[1]: Started Time & Date Service.
3月 31 19:00:09 ubuntu systemd[1]: systemd-timedated.service: Succeeded.
-- Reboot --
3月 31 19:04:05 ubuntu systemd[1]: Starting Time & Date Service...
3月 31 19:04:05 ubuntu systemd[1]: Started Time & Date Service.
3月 31 19:04:52 ubuntu systemd[1]: systemd-timedated.service: Succeeded.
3月 31 19:09:22 ubuntu systemd[1]: Starting Time & Date Service...
3月 31 19:09:22 ubuntu systemd[1]: Started Time & Date Service.
3月 31 19:09:52 ubuntu systemd[1]: systemd-timedated.service: Succeeded.
-- Reboot --
3月 31 19:27:40 ubuntu systemd[1]: Starting Time & Date Service...
3月 31 19:27:40 ubuntu systemd[1]: Started Time & Date Service.
3月 31 19:28:25 ubuntu systemd[1]: systemd-timedated.service: Succeeded.
3月 31 19:32:55 ubuntu systemd[1]: Starting Time & Date Service...
3月 31 19:32:55 ubuntu systemd[1]: Started Time & Date Service.
3月 31 19:33:25 ubuntu systemd[1]: systemd-timedated.service: Succeeded.
-- Reboot --
3月 31 19:43:34 ubuntu systemd[1]: Starting Time & Date Service...
3月 31 19:43:34 ubuntu systemd[1]: Started Time & Date Service.
3月 31 19:44:16 ubuntu systemd[1]: systemd-timedated.service: Succeeded.
3月 31 19:48:46 ubuntu systemd[1]: Starting Time & Date Service...
3月 31 19:48:46 ubuntu systemd[1]: Started Time & Date Service.
3月 31 19:49:16 ubuntu systemd[1]: systemd-timedated.service: Succeeded.
3月 31 19:55:23 ubuntu systemd[1]: Starting Time & Date Service...
3月 31 19:55:23 ubuntu systemd[1]: Started Time & Date Service.
3月 31 19:56:07 ubuntu systemd[1]: systemd-timedated.service: Succeeded.
-- Reboot --
3月 31 19:58:22 ubuntu systemd[1]: Starting Time & Date Service...
3月 31 19:58:22 ubuntu systemd[1]: Started Time & Date Service.
3月 31 19:59:12 ubuntu systemd[1]: systemd-timedated.service: Succeeded.
3月 31 20:03:42 ubuntu systemd[1]: Starting Time & Date Service...
3月 31 20:03:42 ubuntu systemd[1]: Started Time & Date Service.
3月 31 20:04:12 ubuntu systemd[1]: systemd-timedated.service: Succeeded.
-- Reboot --
3月 31 20:24:39 ubuntu systemd[1]: Starting Time & Date Service...
3月 31 20:24:39 ubuntu systemd[1]: Started Time & Date Service.
3月 31 20:25:10 ubuntu systemd[1]: systemd-timedated.service: Succeeded.
3月 31 20:29:40 ubuntu systemd[1]: Starting Time & Date Service...
3月 31 20:29:40 ubuntu systemd[1]: Started Time & Date Service.
3月 31 20:30:10 ubuntu systemd[1]: systemd-timedated.service: Succeeded.
-- Reboot --
4月 02 17:05:08 ubuntu systemd[1]: Starting Time & Date Service...
4月 02 17:05:08 ubuntu systemd[1]: Started Time & Date Service.
4月 02 17:05:51 ubuntu systemd[1]: systemd-timedated.service: Succeeded.
4月 02 17:10:21 ubuntu systemd[1]: Starting Time & Date Service...
4月 02 17:10:21 ubuntu systemd[1]: Started Time & Date Service.
4月 02 17:10:52 ubuntu systemd[1]: systemd-timedated.service: Succeeded.
-- Reboot --
4月 14 20:21:44 ubuntu systemd[1]: Starting Time & Date Service...
4月 14 20:21:44 ubuntu systemd[1]: Started Time & Date Service.
4月 14 20:22:26 ubuntu systemd[1]: systemd-timedated.service: Succeeded.
-- Reboot --
4月 14 20:55:55 ubuntu systemd[1]: Starting Time & Date Service...
4月 14 20:55:55 ubuntu systemd[1]: Started Time & Date Service.
4月 14 20:56:13 ubuntu systemd[1]: systemd-timedated.service: Succeeded.
4月 14 21:00:43 ubuntu systemd[1]: Starting Time & Date Service...
4月 14 21:00:43 ubuntu systemd[1]: Started Time & Date Service.
4月 14 21:01:13 ubuntu systemd[1]: systemd-timedated.service: Succeeded.
-- Reboot --
4月 15 22:31:10 ubuntu systemd[1]: Starting Time & Date Service...
4月 15 22:31:10 ubuntu systemd[1]: Started Time & Date Service.
4月 15 22:31:52 ubuntu systemd[1]: systemd-timedated.service: Succeeded.
4月 15 22:36:22 ubuntu systemd[1]: Starting Time & Date Service...
4月 15 22:36:22 ubuntu systemd[1]: Started Time & Date Service.
4月 15 22:36:52 ubuntu systemd[1]: systemd-timedated.service: Succeeded.
-- Reboot --
4月 15 22:43:44 ubuntu systemd[1]: Starting Time & Date Service...
4月 15 22:43:44 ubuntu systemd[1]: Started Time & Date Service.
4月 15 22:44:15 ubuntu systemd[1]: systemd-timedated.service: Succeeded.
4月 15 22:48:45 ubuntu systemd[1]: Starting Time & Date Service...
4月 15 22:48:45 ubuntu systemd[1]: Started Time & Date Service.
4月 15 22:49:15 ubuntu systemd[1]: systemd-timedated.service: Succeeded.
-- Reboot --
4月 19 18:41:08 ubuntu systemd[1]: Starting Time & Date Service...
4月 19 18:41:08 ubuntu systemd[1]: Started Time & Date Service.
4月 19 18:41:41 ubuntu systemd[1]: systemd-timedated.service: Succeeded.
4月 19 18:46:11 ubuntu systemd[1]: Starting Time & Date Service...
4月 19 18:46:11 ubuntu systemd[1]: Started Time & Date Service.
4月 19 18:46:41 ubuntu systemd[1]: systemd-timedated.service: Succeeded.
-- Reboot --
4月 19 19:16:19 ubuntu systemd[1]: Starting Time & Date Service...
4月 19 19:16:19 ubuntu systemd[1]: Started Time & Date Service.
4月 19 19:16:52 ubuntu systemd[1]: systemd-timedated.service: Succeeded.
4月 19 19:21:22 ubuntu systemd[1]: Starting Time & Date Service...
4月 19 19:21:22 ubuntu systemd[1]: Started Time & Date Service.
4月 19 19:21:52 ubuntu systemd[1]: systemd-timedated.service: Succeeded.
-- Reboot --
4月 21 14:58:10 ubuntu systemd[1]: Starting Time & Date Service...
4月 21 14:58:10 ubuntu systemd[1]: Started Time & Date Service.
4月 21 14:58:40 ubuntu systemd[1]: systemd-timedated.service: Succeeded.
4月 21 14:58:43 ubuntu systemd[1]: Starting Time & Date Service...
4月 21 14:58:43 ubuntu systemd[1]: Started Time & Date Service.
4月 21 14:59:13 ubuntu systemd[1]: systemd-timedated.service: Succeeded.
4月 21 15:03:41 ubuntu systemd[1]: Starting Time & Date Service...
4月 21 15:03:42 ubuntu systemd[1]: Started Time & Date Service.
4月 21 15:04:12 ubuntu systemd[1]: systemd-timedated.service: Succeeded.

