-- Logs begin at Sat 2022-01-08 18:32:32 CST, end at Fri 2023-04-21 15:50:02 CST. --
1月 09 21:33:00 ubuntu systemd[1]: systemd-modules-load.service: Succeeded.
1月 09 21:33:00 ubuntu systemd[1]: Stopped Load Kernel Modules.
-- Reboot --
1月 09 21:33:13 ubuntu systemd-modules-load[384]: Inserted module 'lp'
1月 09 21:33:13 ubuntu systemd-modules-load[384]: Inserted module 'ppdev'
1月 09 21:33:13 ubuntu systemd-modules-load[384]: Inserted module 'parport_pc'
1月 09 21:33:13 ubuntu systemd-modules-load[384]: Inserted module 'msr'
1月 09 21:33:13 ubuntu systemd-modules-load[384]: Module 'fuse' is built in
1月 09 21:33:13 ubuntu systemd-modules-load[384]: Inserted module 'vmwgfx'
1月 09 21:33:13 ubuntu systemd[1]: Finished Load Kernel Modules.
-- Reboot --
3月 22 14:03:00 ubuntu systemd-modules-load[387]: Inserted module 'lp'
3月 22 14:03:00 ubuntu systemd-modules-load[387]: Inserted module 'ppdev'
3月 22 14:03:00 ubuntu systemd-modules-load[387]: Inserted module 'parport_pc'
3月 22 14:03:00 ubuntu systemd-modules-load[387]: Inserted module 'msr'
3月 22 14:03:00 ubuntu systemd-modules-load[387]: Module 'fuse' is built in
3月 22 14:03:00 ubuntu systemd-modules-load[387]: Inserted module 'vmwgfx'
3月 22 14:03:00 ubuntu systemd[1]: Finished Load Kernel Modules.
3月 22 14:13:28 ubuntu systemd[1]: systemd-modules-load.service: Succeeded.
3月 22 14:13:28 ubuntu systemd[1]: Stopped Load Kernel Modules.
-- Reboot --
3月 22 14:13:40 ubuntu systemd-modules-load[386]: Inserted module 'lp'
3月 22 14:13:40 ubuntu systemd-modules-load[386]: Inserted module 'ppdev'
3月 22 14:13:40 ubuntu systemd-modules-load[386]: Inserted module 'parport_pc'
3月 22 14:13:40 ubuntu systemd-modules-load[386]: Inserted module 'msr'
3月 22 14:13:40 ubuntu systemd-modules-load[386]: Inserted module 'ipmi_devintf'
3月 22 14:13:40 ubuntu systemd-modules-load[386]: Module 'fuse' is built in
3月 22 14:13:40 ubuntu systemd-modules-load[386]: Inserted module 'vmwgfx'
3月 22 14:13:40 ubuntu systemd[1]: Finished Load Kernel Modules.
3月 22 14:22:48 ubuntu systemd[1]: systemd-modules-load.service: Succeeded.
3月 22 14:22:48 ubuntu systemd[1]: Stopped Load Kernel Modules.
-- Reboot --
3月 22 16:13:08 ubuntu systemd-modules-load[388]: Inserted module 'lp'
3月 22 16:13:08 ubuntu systemd-modules-load[388]: Inserted module 'ppdev'
3月 22 16:13:08 ubuntu systemd-modules-load[388]: Inserted module 'parport_pc'
3月 22 16:13:08 ubuntu systemd-modules-load[388]: Inserted module 'msr'
3月 22 16:13:08 ubuntu systemd-modules-load[388]: Inserted module 'ipmi_devintf'
3月 22 16:13:08 ubuntu systemd-modules-load[388]: Module 'fuse' is built in
3月 22 16:13:08 ubuntu systemd-modules-load[388]: Inserted module 'vmwgfx'
3月 22 16:13:08 ubuntu systemd[1]: Finished Load Kernel Modules.
3月 22 17:38:01 ubuntu systemd[1]: systemd-modules-load.service: Succeeded.
3月 22 17:38:01 ubuntu systemd[1]: Stopped Load Kernel Modules.
-- Reboot --
3月 25 10:36:29 ubuntu systemd[1]: systemd-modules-load.service: Succeeded.
3月 25 10:36:29 ubuntu systemd[1]: Stopped Load Kernel Modules.
-- Reboot --
3月 28 15:53:55 ubuntu systemd[1]: systemd-modules-load.service: Succeeded.
3月 28 15:53:55 ubuntu systemd[1]: Stopped Load Kernel Modules.
-- Reboot --
3月 28 17:29:21 ubuntu systemd[1]: systemd-modules-load.service: Succeeded.
3月 28 17:29:21 ubuntu systemd[1]: Stopped Load Kernel Modules.
-- Reboot --
4月 01 10:14:12 ubuntu systemd-modules-load[365]: Inserted module 'lp'
4月 01 10:14:12 ubuntu systemd-modules-load[365]: Inserted module 'ppdev'
4月 01 10:14:12 ubuntu systemd-modules-load[365]: Inserted module 'parport_pc'
4月 01 10:14:12 ubuntu systemd-modules-load[365]: Inserted module 'msr'
4月 01 10:14:11 ubuntu systemd-modules-load[365]: Inserted module 'ipmi_devintf'
4月 01 10:14:11 ubuntu systemd-modules-load[365]: Module 'fuse' is built in
4月 01 10:14:11 ubuntu systemd-modules-load[365]: Inserted module 'vmwgfx'
4月 01 10:14:12 ubuntu systemd[1]: Finished Load Kernel Modules.
4月 01 10:24:20 ubuntu systemd[1]: systemd-modules-load.service: Succeeded.
4月 01 10:24:20 ubuntu systemd[1]: Stopped Load Kernel Modules.
-- Reboot --
4月 01 10:24:54 ubuntu systemd-modules-load[365]: Inserted module 'lp'
4月 01 10:24:54 ubuntu systemd-modules-load[365]: Inserted module 'ppdev'
4月 01 10:24:54 ubuntu systemd-modules-load[365]: Inserted module 'parport_pc'
4月 01 10:24:54 ubuntu systemd-modules-load[365]: Inserted module 'msr'
4月 01 10:24:54 ubuntu systemd-modules-load[365]: Inserted module 'ipmi_devintf'
4月 01 10:24:54 ubuntu systemd-modules-load[365]: Module 'fuse' is built in
4月 01 10:24:53 ubuntu systemd-modules-load[365]: Inserted module 'vmwgfx'
4月 01 10:24:54 ubuntu systemd[1]: Finished Load Kernel Modules.
4月 01 12:03:44 ubuntu systemd[1]: systemd-modules-load.service: Succeeded.
4月 01 12:03:44 ubuntu systemd[1]: Stopped Load Kernel Modules.
-- Reboot --
4月 02 08:51:49 ubuntu systemd-modules-load[366]: Inserted module 'lp'
4月 02 08:51:49 ubuntu systemd-modules-load[366]: Inserted module 'ppdev'
4月 02 08:51:49 ubuntu systemd-modules-load[366]: Inserted module 'parport_pc'
4月 02 08:51:49 ubuntu systemd-modules-load[366]: Inserted module 'msr'
4月 02 08:51:49 ubuntu systemd-modules-load[366]: Inserted module 'ipmi_devintf'
4月 02 08:51:49 ubuntu systemd-modules-load[366]: Module 'fuse' is built in
4月 02 08:51:49 ubuntu systemd-modules-load[366]: Inserted module 'vmwgfx'
4月 02 08:51:49 ubuntu systemd[1]: Finished Load Kernel Modules.
-- Reboot --
4月 02 09:04:28 ubuntu systemd-modules-load[365]: Inserted module 'lp'
4月 02 09:04:28 ubuntu systemd-modules-load[365]: Inserted module 'ppdev'
4月 02 09:04:28 ubuntu systemd-modules-load[365]: Inserted module 'parport_pc'
4月 02 09:04:28 ubuntu systemd-modules-load[365]: Inserted module 'msr'
4月 02 09:04:28 ubuntu systemd-modules-load[365]: Inserted module 'ipmi_devintf'
4月 02 09:04:28 ubuntu systemd-modules-load[365]: Module 'fuse' is built in
4月 02 09:04:28 ubuntu systemd-modules-load[365]: Inserted module 'vmwgfx'
4月 02 09:04:28 ubuntu systemd[1]: Finished Load Kernel Modules.
-- Reboot --
4月 02 09:29:37 ubuntu systemd[1]: systemd-modules-load.service: Succeeded.
4月 02 09:29:37 ubuntu systemd[1]: Stopped Load Kernel Modules.
-- Reboot --
4月 02 17:22:57 ubuntu systemd-modules-load[365]: Inserted module 'lp'
4月 02 17:22:57 ubuntu systemd-modules-load[365]: Inserted module 'ppdev'
4月 02 17:22:57 ubuntu systemd-modules-load[365]: Inserted module 'parport_pc'
4月 02 17:22:57 ubuntu systemd-modules-load[365]: Inserted module 'msr'
4月 02 17:22:57 ubuntu systemd-modules-load[365]: Inserted module 'ipmi_devintf'
4月 02 17:22:57 ubuntu systemd-modules-load[365]: Module 'fuse' is built in
4月 02 17:22:57 ubuntu systemd-modules-load[365]: Inserted module 'vmwgfx'
4月 02 17:22:57 ubuntu systemd[1]: Finished Load Kernel Modules.
4月 02 17:51:14 ubuntu systemd[1]: systemd-modules-load.service: Succeeded.
4月 02 17:51:14 ubuntu systemd[1]: Stopped Load Kernel Modules.
-- Reboot --
4月 02 17:51:26 ubuntu systemd-modules-load[365]: Inserted module 'lp'
4月 02 17:51:26 ubuntu systemd-modules-load[365]: Inserted module 'ppdev'
4月 02 17:51:26 ubuntu systemd-modules-load[365]: Inserted module 'parport_pc'
4月 02 17:51:26 ubuntu systemd-modules-load[365]: Inserted module 'msr'
4月 02 17:51:26 ubuntu systemd-modules-load[365]: Inserted module 'ipmi_devintf'
4月 02 17:51:26 ubuntu systemd-modules-load[365]: Module 'fuse' is built in
4月 02 17:51:26 ubuntu systemd-modules-load[365]: Inserted module 'vmwgfx'
4月 02 17:51:27 ubuntu systemd[1]: Finished Load Kernel Modules.
-- Reboot --
4月 06 08:17:07 ubuntu systemd-modules-load[366]: Inserted module 'lp'
4月 06 08:17:07 ubuntu systemd-modules-load[366]: Inserted module 'ppdev'
4月 06 08:17:07 ubuntu systemd-modules-load[366]: Inserted module 'parport_pc'
4月 06 08:17:07 ubuntu systemd-modules-load[366]: Inserted module 'msr'
4月 06 08:17:07 ubuntu systemd-modules-load[366]: Inserted module 'ipmi_devintf'
4月 06 08:17:07 ubuntu systemd-modules-load[366]: Module 'fuse' is built in
4月 06 08:17:07 ubuntu systemd-modules-load[366]: Inserted module 'vmwgfx'
4月 06 08:17:07 ubuntu systemd[1]: Finished Load Kernel Modules.
-- Reboot --
4月 13 08:09:34 ubuntu systemd-modules-load[363]: Inserted module 'lp'
4月 13 08:09:34 ubuntu systemd-modules-load[363]: Inserted module 'ppdev'
4月 13 08:09:34 ubuntu systemd-modules-load[363]: Inserted module 'parport_pc'
4月 13 08:09:34 ubuntu systemd-modules-load[363]: Inserted module 'msr'
4月 13 08:09:34 ubuntu systemd-modules-load[363]: Inserted module 'ipmi_devintf'
4月 13 08:09:34 ubuntu systemd-modules-load[363]: Module 'fuse' is built in
4月 13 08:09:35 ubuntu systemd-modules-load[363]: Inserted module 'vmwgfx'
4月 13 08:09:35 ubuntu systemd[1]: Finished Load Kernel Modules.
4月 13 08:30:01 ubuntu systemd[1]: systemd-modules-load.service: Succeeded.
4月 13 08:30:01 ubuntu systemd[1]: Stopped Load Kernel Modules.
-- Reboot --
4月 13 08:30:16 ubuntu systemd-modules-load[365]: Inserted module 'lp'
4月 13 08:30:17 ubuntu systemd-modules-load[365]: Inserted module 'ppdev'
4月 13 08:30:17 ubuntu systemd-modules-load[365]: Inserted module 'parport_pc'
4月 13 08:30:17 ubuntu systemd-modules-load[365]: Inserted module 'msr'
4月 13 08:30:17 ubuntu systemd-modules-load[365]: Inserted module 'ipmi_devintf'
4月 13 08:30:17 ubuntu systemd-modules-load[365]: Module 'fuse' is built in
4月 13 08:30:17 ubuntu systemd-modules-load[365]: Inserted module 'vmwgfx'
4月 13 08:30:17 ubuntu systemd[1]: Finished Load Kernel Modules.
-- Reboot --
4月 13 10:23:22 ubuntu systemd-modules-load[364]: Inserted module 'lp'
4月 13 10:23:22 ubuntu systemd-modules-load[364]: Inserted module 'ppdev'
4月 13 10:23:22 ubuntu systemd-modules-load[364]: Inserted module 'parport_pc'
4月 13 10:23:21 ubuntu systemd-modules-load[364]: Inserted module 'msr'
4月 13 10:23:21 ubuntu systemd-modules-load[364]: Inserted module 'ipmi_devintf'
4月 13 10:23:21 ubuntu systemd-modules-load[364]: Module 'fuse' is built in
4月 13 10:23:22 ubuntu systemd-modules-load[364]: Inserted module 'vmwgfx'
4月 13 10:23:22 ubuntu systemd[1]: Finished Load Kernel Modules.
-- Reboot --
4月 13 14:46:30 ubuntu systemd-modules-load[366]: Inserted module 'lp'
4月 13 14:46:30 ubuntu systemd-modules-load[366]: Inserted module 'ppdev'
4月 13 14:46:30 ubuntu systemd-modules-load[366]: Inserted module 'parport_pc'
4月 13 14:46:30 ubuntu systemd-modules-load[366]: Inserted module 'msr'
4月 13 14:46:30 ubuntu systemd-modules-load[366]: Inserted module 'ipmi_devintf'
4月 13 14:46:30 ubuntu systemd-modules-load[366]: Module 'fuse' is built in
4月 13 14:46:30 ubuntu systemd-modules-load[366]: Inserted module 'vmwgfx'
4月 13 14:46:30 ubuntu systemd[1]: Finished Load Kernel Modules.
4月 13 15:21:58 ubuntu systemd[1]: systemd-modules-load.service: Succeeded.
4月 13 15:21:58 ubuntu systemd[1]: Stopped Load Kernel Modules.
-- Reboot --
4月 15 10:16:57 ubuntu systemd-modules-load[371]: Inserted module 'lp'
4月 15 10:16:57 ubuntu systemd-modules-load[371]: Inserted module 'ppdev'
4月 15 10:16:57 ubuntu systemd-modules-load[371]: Inserted module 'parport_pc'
4月 15 10:16:57 ubuntu systemd-modules-load[371]: Inserted module 'msr'
4月 15 10:16:57 ubuntu systemd-modules-load[371]: Inserted module 'ipmi_devintf'
4月 15 10:16:57 ubuntu systemd-modules-load[371]: Module 'fuse' is built in
4月 15 10:16:57 ubuntu systemd-modules-load[371]: Inserted module 'vmwgfx'
4月 15 10:16:57 ubuntu systemd[1]: Finished Load Kernel Modules.
-- Reboot --
4月 20 08:22:50 ubuntu systemd[1]: systemd-modules-load.service: Succeeded.
4月 20 08:22:50 ubuntu systemd[1]: Stopped Load Kernel Modules.
-- Reboot --
4月 20 08:23:02 ubuntu systemd-modules-load[364]: Inserted module 'lp'
4月 20 08:23:02 ubuntu systemd-modules-load[364]: Inserted module 'ppdev'
4月 20 08:23:02 ubuntu systemd-modules-load[364]: Inserted module 'parport_pc'
4月 20 08:23:02 ubuntu systemd-modules-load[364]: Inserted module 'msr'
4月 20 08:23:02 ubuntu systemd-modules-load[364]: Inserted module 'ipmi_devintf'
4月 20 08:23:02 ubuntu systemd-modules-load[364]: Module 'fuse' is built in
4月 20 08:23:03 ubuntu systemd-modules-load[364]: Inserted module 'vmwgfx'
4月 20 08:23:03 ubuntu systemd[1]: Finished Load Kernel Modules.
-- Reboot --
4月 27 08:18:11 ubuntu systemd-modules-load[366]: Inserted module 'lp'
4月 27 08:18:11 ubuntu systemd-modules-load[366]: Inserted module 'ppdev'
4月 27 08:18:11 ubuntu systemd-modules-load[366]: Inserted module 'parport_pc'
4月 27 08:18:11 ubuntu systemd-modules-load[366]: Inserted module 'msr'
4月 27 08:18:11 ubuntu systemd-modules-load[366]: Inserted module 'ipmi_devintf'
4月 27 08:18:11 ubuntu systemd-modules-load[366]: Module 'fuse' is built in
4月 27 08:18:11 ubuntu systemd-modules-load[366]: Inserted module 'vmwgfx'
4月 27 08:18:11 ubuntu systemd[1]: Finished Load Kernel Modules.
4月 27 10:50:17 ubuntu systemd[1]: systemd-modules-load.service: Succeeded.
4月 27 10:50:17 ubuntu systemd[1]: Stopped Load Kernel Modules.
-- Reboot --
4月 27 11:06:58 ubuntu systemd-modules-load[365]: Inserted module 'lp'
4月 27 11:06:58 ubuntu systemd-modules-load[365]: Inserted module 'ppdev'
4月 27 11:06:58 ubuntu systemd-modules-load[365]: Inserted module 'parport_pc'
4月 27 11:06:58 ubuntu systemd-modules-load[365]: Inserted module 'msr'
4月 27 11:06:58 ubuntu systemd-modules-load[365]: Inserted module 'ipmi_devintf'
4月 27 11:06:58 ubuntu systemd-modules-load[365]: Module 'fuse' is built in
4月 27 11:06:58 ubuntu systemd-modules-load[365]: Inserted module 'vmwgfx'
4月 27 11:06:59 ubuntu systemd[1]: Finished Load Kernel Modules.
4月 27 11:20:11 ubuntu systemd[1]: systemd-modules-load.service: Succeeded.
4月 27 11:20:11 ubuntu systemd[1]: Stopped Load Kernel Modules.
-- Reboot --
4月 27 14:11:28 ubuntu systemd-modules-load[364]: Inserted module 'lp'
4月 27 14:11:28 ubuntu systemd-modules-load[364]: Inserted module 'ppdev'
4月 27 14:11:28 ubuntu systemd-modules-load[364]: Inserted module 'parport_pc'
4月 27 14:11:28 ubuntu systemd-modules-load[364]: Inserted module 'msr'
4月 27 14:11:28 ubuntu systemd-modules-load[364]: Inserted module 'ipmi_devintf'
4月 27 14:11:28 ubuntu systemd-modules-load[364]: Module 'fuse' is built in
4月 27 14:11:28 ubuntu systemd-modules-load[364]: Inserted module 'vmwgfx'
4月 27 14:11:28 ubuntu systemd[1]: Finished Load Kernel Modules.
4月 27 15:05:04 ubuntu systemd[1]: systemd-modules-load.service: Succeeded.
4月 27 15:05:04 ubuntu systemd[1]: Stopped Load Kernel Modules.
-- Reboot --
4月 27 15:05:16 ubuntu systemd-modules-load[365]: Inserted module 'lp'
4月 27 15:05:16 ubuntu systemd-modules-load[365]: Inserted module 'ppdev'
4月 27 15:05:16 ubuntu systemd-modules-load[365]: Inserted module 'parport_pc'
4月 27 15:05:16 ubuntu systemd-modules-load[365]: Inserted module 'msr'
4月 27 15:05:16 ubuntu systemd-modules-load[365]: Inserted module 'ipmi_devintf'
4月 27 15:05:16 ubuntu systemd-modules-load[365]: Module 'fuse' is built in
4月 27 15:05:16 ubuntu systemd-modules-load[365]: Inserted module 'vmwgfx'
4月 27 15:05:16 ubuntu systemd[1]: Finished Load Kernel Modules.
4月 27 16:02:18 ubuntu systemd[1]: systemd-modules-load.service: Succeeded.
4月 27 16:02:18 ubuntu systemd[1]: Stopped Load Kernel Modules.
-- Reboot --
4月 28 21:00:36 ubuntu systemd-modules-load[367]: Inserted module 'lp'
4月 28 21:00:36 ubuntu systemd-modules-load[367]: Inserted module 'ppdev'
4月 28 21:00:35 ubuntu systemd-modules-load[367]: Inserted module 'parport_pc'
4月 28 21:00:35 ubuntu systemd-modules-load[367]: Inserted module 'msr'
4月 28 21:00:35 ubuntu systemd-modules-load[367]: Inserted module 'ipmi_devintf'
4月 28 21:00:35 ubuntu systemd-modules-load[367]: Module 'fuse' is built in
4月 28 21:00:35 ubuntu systemd-modules-load[367]: Inserted module 'vmwgfx'
4月 28 21:00:36 ubuntu systemd[1]: Finished Load Kernel Modules.
4月 28 21:01:51 ubuntu systemd[1]: systemd-modules-load.service: Succeeded.
4月 28 21:01:51 ubuntu systemd[1]: Stopped Load Kernel Modules.
-- Reboot --
5月 06 10:06:10 ubuntu systemd-modules-load[366]: Inserted module 'lp'
5月 06 10:06:10 ubuntu systemd-modules-load[366]: Inserted module 'ppdev'
5月 06 10:06:10 ubuntu systemd-modules-load[366]: Inserted module 'parport_pc'
5月 06 10:06:10 ubuntu systemd-modules-load[366]: Inserted module 'msr'
5月 06 10:06:10 ubuntu systemd-modules-load[366]: Inserted module 'ipmi_devintf'
5月 06 10:06:10 ubuntu systemd-modules-load[366]: Module 'fuse' is built in
5月 06 10:06:10 ubuntu systemd-modules-load[366]: Inserted module 'vmwgfx'
5月 06 10:06:10 ubuntu systemd[1]: Finished Load Kernel Modules.
5月 06 10:17:23 ubuntu systemd[1]: systemd-modules-load.service: Succeeded.
5月 06 10:17:23 ubuntu systemd[1]: Stopped Load Kernel Modules.
-- Reboot --
5月 06 10:17:36 ubuntu systemd-modules-load[364]: Inserted module 'lp'
5月 06 10:17:36 ubuntu systemd-modules-load[364]: Inserted module 'ppdev'
5月 06 10:17:36 ubuntu systemd-modules-load[364]: Inserted module 'parport_pc'
5月 06 10:17:36 ubuntu systemd-modules-load[364]: Inserted module 'msr'
5月 06 10:17:36 ubuntu systemd-modules-load[364]: Inserted module 'ipmi_devintf'
5月 06 10:17:36 ubuntu systemd-modules-load[364]: Module 'fuse' is built in
5月 06 10:17:36 ubuntu systemd-modules-load[364]: Inserted module 'vmwgfx'
5月 06 10:17:36 ubuntu systemd[1]: Finished Load Kernel Modules.
5月 06 11:20:33 ubuntu systemd[1]: systemd-modules-load.service: Succeeded.
5月 06 11:20:33 ubuntu systemd[1]: Stopped Load Kernel Modules.
-- Reboot --
5月 07 08:13:40 ubuntu systemd-modules-load[366]: Inserted module 'lp'
5月 07 08:13:40 ubuntu systemd-modules-load[366]: Inserted module 'ppdev'
5月 07 08:13:40 ubuntu systemd-modules-load[366]: Inserted module 'parport_pc'
5月 07 08:13:40 ubuntu systemd-modules-load[366]: Inserted module 'msr'
5月 07 08:13:40 ubuntu systemd-modules-load[366]: Inserted module 'ipmi_devintf'
5月 07 08:13:40 ubuntu systemd-modules-load[366]: Module 'fuse' is built in
5月 07 08:13:40 ubuntu systemd-modules-load[366]: Inserted module 'vmwgfx'
5月 07 08:13:40 ubuntu systemd[1]: Finished Load Kernel Modules.
-- Reboot --
5月 08 14:53:42 ubuntu systemd-modules-load[366]: Inserted module 'lp'
5月 08 14:53:42 ubuntu systemd-modules-load[366]: Inserted module 'ppdev'
5月 08 14:53:42 ubuntu systemd-modules-load[366]: Inserted module 'parport_pc'
5月 08 14:53:42 ubuntu systemd-modules-load[366]: Inserted module 'msr'
5月 08 14:53:42 ubuntu systemd-modules-load[366]: Inserted module 'ipmi_devintf'
5月 08 14:53:42 ubuntu systemd-modules-load[366]: Module 'fuse' is built in
5月 08 14:53:42 ubuntu systemd-modules-load[366]: Inserted module 'vmwgfx'
5月 08 14:53:42 ubuntu systemd[1]: Finished Load Kernel Modules.
5月 08 14:55:09 ubuntu systemd[1]: systemd-modules-load.service: Succeeded.
5月 08 14:55:09 ubuntu systemd[1]: Stopped Load Kernel Modules.
-- Reboot --
5月 08 15:54:00 ubuntu systemd-modules-load[364]: Inserted module 'lp'
5月 08 15:54:00 ubuntu systemd-modules-load[364]: Inserted module 'ppdev'
5月 08 15:54:00 ubuntu systemd-modules-load[364]: Inserted module 'parport_pc'
5月 08 15:54:00 ubuntu systemd-modules-load[364]: Inserted module 'msr'
5月 08 15:54:00 ubuntu systemd-modules-load[364]: Inserted module 'ipmi_devintf'
5月 08 15:54:00 ubuntu systemd-modules-load[364]: Module 'fuse' is built in
5月 08 15:54:00 ubuntu systemd-modules-load[364]: Inserted module 'vmwgfx'
5月 08 15:54:00 ubuntu systemd[1]: Finished Load Kernel Modules.
5月 08 16:26:57 ubuntu systemd[1]: systemd-modules-load.service: Succeeded.
5月 08 16:26:57 ubuntu systemd[1]: Stopped Load Kernel Modules.
-- Reboot --
5月 08 16:27:08 ubuntu systemd-modules-load[367]: Inserted module 'lp'
5月 08 16:27:08 ubuntu systemd-modules-load[367]: Inserted module 'ppdev'
5月 08 16:27:08 ubuntu systemd-modules-load[367]: Inserted module 'parport_pc'
5月 08 16:27:08 ubuntu systemd-modules-load[367]: Inserted module 'msr'
5月 08 16:27:08 ubuntu systemd-modules-load[367]: Inserted module 'ipmi_devintf'
5月 08 16:27:08 ubuntu systemd-modules-load[367]: Module 'fuse' is built in
5月 08 16:27:08 ubuntu systemd-modules-load[367]: Inserted module 'vmwgfx'
5月 08 16:27:08 ubuntu systemd[1]: Finished Load Kernel Modules.
5月 08 17:02:56 ubuntu systemd[1]: systemd-modules-load.service: Succeeded.
5月 08 17:02:56 ubuntu systemd[1]: Stopped Load Kernel Modules.
-- Reboot --
5月 14 20:51:40 ubuntu systemd-modules-load[374]: Inserted module 'lp'
5月 14 20:51:40 ubuntu systemd-modules-load[374]: Inserted module 'ppdev'
5月 14 20:51:40 ubuntu systemd-modules-load[374]: Inserted module 'parport_pc'
5月 14 20:51:40 ubuntu systemd-modules-load[374]: Inserted module 'msr'
5月 14 20:51:40 ubuntu systemd-modules-load[374]: Inserted module 'ipmi_devintf'
5月 14 20:51:40 ubuntu systemd-modules-load[374]: Module 'fuse' is built in
5月 14 20:51:40 ubuntu systemd-modules-load[374]: Inserted module 'vmwgfx'
5月 14 20:51:40 ubuntu systemd[1]: Finished Load Kernel Modules.
-- Reboot --
5月 15 00:06:10 ubuntu systemd-modules-load[366]: Inserted module 'lp'
5月 15 00:06:10 ubuntu systemd-modules-load[366]: Inserted module 'ppdev'
5月 15 00:06:10 ubuntu systemd-modules-load[366]: Inserted module 'parport_pc'
5月 15 00:06:10 ubuntu systemd-modules-load[366]: Inserted module 'msr'
5月 15 00:06:10 ubuntu systemd-modules-load[366]: Inserted module 'ipmi_devintf'
5月 15 00:06:10 ubuntu systemd-modules-load[366]: Module 'fuse' is built in
5月 15 00:06:10 ubuntu systemd-modules-load[366]: Inserted module 'vmwgfx'
5月 15 00:06:10 ubuntu systemd[1]: Finished Load Kernel Modules.
5月 15 00:09:21 ubuntu systemd[1]: systemd-modules-load.service: Succeeded.
5月 15 00:09:21 ubuntu systemd[1]: Stopped Load Kernel Modules.
-- Reboot --
5月 15 00:15:03 ubuntu systemd-modules-load[364]: Inserted module 'lp'
5月 15 00:15:03 ubuntu systemd-modules-load[364]: Inserted module 'ppdev'
5月 15 00:15:03 ubuntu systemd-modules-load[364]: Inserted module 'parport_pc'
5月 15 00:15:03 ubuntu systemd-modules-load[364]: Inserted module 'msr'
5月 15 00:15:03 ubuntu systemd-modules-load[364]: Inserted module 'ipmi_devintf'
5月 15 00:15:03 ubuntu systemd-modules-load[364]: Module 'fuse' is built in
5月 15 00:15:03 ubuntu systemd-modules-load[364]: Inserted module 'vmwgfx'
5月 15 00:15:03 ubuntu systemd[1]: Finished Load Kernel Modules.
5月 15 00:18:03 ubuntu systemd[1]: systemd-modules-load.service: Succeeded.
5月 15 00:18:03 ubuntu systemd[1]: Stopped Load Kernel Modules.
-- Reboot --
5月 15 10:43:37 ubuntu systemd-modules-load[365]: Inserted module 'lp'
5月 15 10:43:37 ubuntu systemd-modules-load[365]: Inserted module 'ppdev'
5月 15 10:43:37 ubuntu systemd-modules-load[365]: Inserted module 'parport_pc'
5月 15 10:43:37 ubuntu systemd-modules-load[365]: Inserted module 'msr'
5月 15 10:43:37 ubuntu systemd-modules-load[365]: Inserted module 'ipmi_devintf'
5月 15 10:43:37 ubuntu systemd-modules-load[365]: Module 'fuse' is built in
5月 15 10:43:37 ubuntu systemd-modules-load[365]: Inserted module 'vmwgfx'
5月 15 10:43:37 ubuntu systemd[1]: Finished Load Kernel Modules.
5月 15 13:21:33 ubuntu systemd[1]: systemd-modules-load.service: Succeeded.
5月 15 13:21:33 ubuntu systemd[1]: Stopped Load Kernel Modules.
-- Reboot --
5月 15 15:15:38 ubuntu systemd-modules-load[368]: Inserted module 'lp'
5月 15 15:15:38 ubuntu systemd-modules-load[368]: Inserted module 'ppdev'
5月 15 15:15:38 ubuntu systemd-modules-load[368]: Inserted module 'parport_pc'
5月 15 15:15:38 ubuntu systemd-modules-load[368]: Inserted module 'msr'
5月 15 15:15:38 ubuntu systemd-modules-load[368]: Inserted module 'ipmi_devintf'
5月 15 15:15:38 ubuntu systemd-modules-load[368]: Module 'fuse' is built in
5月 15 15:15:38 ubuntu systemd-modules-load[368]: Inserted module 'vmwgfx'
5月 15 15:15:38 ubuntu systemd[1]: Finished Load Kernel Modules.
5月 15 15:16:45 ubuntu systemd[1]: systemd-modules-load.service: Succeeded.
5月 15 15:16:45 ubuntu systemd[1]: Stopped Load Kernel Modules.
-- Reboot --
5月 15 16:28:24 ubuntu systemd-modules-load[365]: Inserted module 'lp'
5月 15 16:28:24 ubuntu systemd-modules-load[365]: Inserted module 'ppdev'
5月 15 16:28:24 ubuntu systemd-modules-load[365]: Inserted module 'parport_pc'
5月 15 16:28:24 ubuntu systemd-modules-load[365]: Inserted module 'msr'
5月 15 16:28:24 ubuntu systemd-modules-load[365]: Inserted module 'ipmi_devintf'
5月 15 16:28:24 ubuntu systemd-modules-load[365]: Module 'fuse' is built in
5月 15 16:28:24 ubuntu systemd-modules-load[365]: Inserted module 'vmwgfx'
5月 15 16:28:24 ubuntu systemd[1]: Finished Load Kernel Modules.
5月 15 17:59:28 ubuntu systemd[1]: systemd-modules-load.service: Succeeded.
5月 15 17:59:28 ubuntu systemd[1]: Stopped Load Kernel Modules.
-- Reboot --
5月 15 21:27:11 ubuntu systemd-modules-load[366]: Inserted module 'lp'
5月 15 21:27:11 ubuntu systemd-modules-load[366]: Inserted module 'ppdev'
5月 15 21:27:11 ubuntu systemd-modules-load[366]: Inserted module 'parport_pc'
5月 15 21:27:11 ubuntu systemd-modules-load[366]: Inserted module 'msr'
5月 15 21:27:11 ubuntu systemd-modules-load[366]: Inserted module 'ipmi_devintf'
5月 15 21:27:11 ubuntu systemd-modules-load[366]: Module 'fuse' is built in
5月 15 21:27:11 ubuntu systemd-modules-load[366]: Inserted module 'vmwgfx'
5月 15 21:27:11 ubuntu systemd[1]: Finished Load Kernel Modules.
5月 15 22:59:16 ubuntu systemd[1]: systemd-modules-load.service: Succeeded.
5月 15 22:59:16 ubuntu systemd[1]: Stopped Load Kernel Modules.
-- Reboot --
5月 31 15:28:42 ubuntu systemd-modules-load[366]: Inserted module 'lp'
5月 31 15:28:42 ubuntu systemd-modules-load[366]: Inserted module 'ppdev'
5月 31 15:28:42 ubuntu systemd-modules-load[366]: Inserted module 'parport_pc'
5月 31 15:28:42 ubuntu systemd-modules-load[366]: Inserted module 'msr'
5月 31 15:28:42 ubuntu systemd-modules-load[366]: Inserted module 'ipmi_devintf'
5月 31 15:28:42 ubuntu systemd-modules-load[366]: Module 'fuse' is built in
5月 31 15:28:42 ubuntu systemd-modules-load[366]: Inserted module 'vmwgfx'
5月 31 15:28:42 ubuntu systemd[1]: Finished Load Kernel Modules.
5月 31 16:19:39 ubuntu systemd[1]: systemd-modules-load.service: Succeeded.
5月 31 16:19:39 ubuntu systemd[1]: Stopped Load Kernel Modules.
-- Reboot --
5月 31 16:19:51 ubuntu systemd-modules-load[370]: Inserted module 'lp'
5月 31 16:19:51 ubuntu systemd-modules-load[370]: Inserted module 'ppdev'
5月 31 16:19:51 ubuntu systemd-modules-load[370]: Inserted module 'parport_pc'
5月 31 16:19:51 ubuntu systemd-modules-load[370]: Inserted module 'msr'
5月 31 16:19:51 ubuntu systemd-modules-load[370]: Inserted module 'ipmi_devintf'
5月 31 16:19:51 ubuntu systemd-modules-load[370]: Module 'fuse' is built in
5月 31 16:19:51 ubuntu systemd-modules-load[370]: Inserted module 'vmwgfx'
5月 31 16:19:51 ubuntu systemd[1]: Finished Load Kernel Modules.
-- Reboot --
5月 31 21:00:51 ubuntu systemd-modules-load[368]: Inserted module 'lp'
5月 31 21:00:51 ubuntu systemd-modules-load[368]: Inserted module 'ppdev'
5月 31 21:00:51 ubuntu systemd-modules-load[368]: Inserted module 'parport_pc'
5月 31 21:00:51 ubuntu systemd-modules-load[368]: Inserted module 'msr'
5月 31 21:00:51 ubuntu systemd-modules-load[368]: Inserted module 'ipmi_devintf'
5月 31 21:00:51 ubuntu systemd-modules-load[368]: Module 'fuse' is built in
5月 31 21:00:51 ubuntu systemd-modules-load[368]: Inserted module 'vmwgfx'
5月 31 21:00:52 ubuntu systemd[1]: Finished Load Kernel Modules.
-- Reboot --
6月 01 23:20:06 ubuntu systemd-modules-load[367]: Inserted module 'lp'
6月 01 23:20:06 ubuntu systemd-modules-load[367]: Inserted module 'ppdev'
6月 01 23:20:05 ubuntu systemd-modules-load[367]: Inserted module 'parport_pc'
6月 01 23:20:05 ubuntu systemd-modules-load[367]: Inserted module 'msr'
6月 01 23:20:05 ubuntu systemd-modules-load[367]: Inserted module 'ipmi_devintf'
6月 01 23:20:05 ubuntu systemd-modules-load[367]: Module 'fuse' is built in
6月 01 23:20:06 ubuntu systemd-modules-load[367]: Inserted module 'vmwgfx'
6月 01 23:20:06 ubuntu systemd[1]: Finished Load Kernel Modules.
6月 02 00:27:50 ubuntu systemd[1]: systemd-modules-load.service: Succeeded.
6月 02 00:27:50 ubuntu systemd[1]: Stopped Load Kernel Modules.
-- Reboot --
6月 06 14:12:24 ubuntu systemd-modules-load[365]: Inserted module 'lp'
6月 06 14:12:24 ubuntu systemd-modules-load[365]: Inserted module 'ppdev'
6月 06 14:12:24 ubuntu systemd-modules-load[365]: Inserted module 'parport_pc'
6月 06 14:12:24 ubuntu systemd-modules-load[365]: Inserted module 'msr'
6月 06 14:12:24 ubuntu systemd-modules-load[365]: Inserted module 'ipmi_devintf'
6月 06 14:12:24 ubuntu systemd-modules-load[365]: Module 'fuse' is built in
6月 06 14:12:24 ubuntu systemd-modules-load[365]: Inserted module 'vmwgfx'
6月 06 14:12:25 ubuntu systemd[1]: Finished Load Kernel Modules.
6月 06 15:33:47 ubuntu systemd[1]: systemd-modules-load.service: Succeeded.
6月 06 15:33:47 ubuntu systemd[1]: Stopped Load Kernel Modules.
-- Reboot --
6月 06 15:42:30 ubuntu systemd[1]: systemd-modules-load.service: Succeeded.
6月 06 15:42:30 ubuntu systemd[1]: Stopped Load Kernel Modules.
-- Reboot --
6月 06 15:43:55 ubuntu systemd-modules-load[364]: Inserted module 'lp'
6月 06 15:43:55 ubuntu systemd-modules-load[364]: Inserted module 'ppdev'
6月 06 15:43:55 ubuntu systemd-modules-load[364]: Inserted module 'parport_pc'
6月 06 15:43:55 ubuntu systemd-modules-load[364]: Inserted module 'msr'
6月 06 15:43:55 ubuntu systemd-modules-load[364]: Inserted module 'ipmi_devintf'
6月 06 15:43:55 ubuntu systemd-modules-load[364]: Module 'fuse' is built in
6月 06 15:43:54 ubuntu systemd-modules-load[364]: Inserted module 'vmwgfx'
6月 06 15:43:55 ubuntu systemd[1]: Finished Load Kernel Modules.
-- Reboot --
6月 15 14:08:41 ubuntu systemd-modules-load[365]: Inserted module 'lp'
6月 15 14:08:41 ubuntu systemd-modules-load[365]: Inserted module 'ppdev'
6月 15 14:08:41 ubuntu systemd-modules-load[365]: Inserted module 'parport_pc'
6月 15 14:08:41 ubuntu systemd-modules-load[365]: Inserted module 'msr'
6月 15 14:08:40 ubuntu systemd-modules-load[365]: Inserted module 'ipmi_devintf'
6月 15 14:08:40 ubuntu systemd-modules-load[365]: Module 'fuse' is built in
6月 15 14:08:41 ubuntu systemd-modules-load[365]: Inserted module 'vmwgfx'
6月 15 14:08:41 ubuntu systemd[1]: Finished Load Kernel Modules.
6月 15 16:32:44 ubuntu systemd[1]: systemd-modules-load.service: Succeeded.
6月 15 16:32:44 ubuntu systemd[1]: Stopped Load Kernel Modules.
-- Reboot --
6月 16 14:48:25 ubuntu systemd-modules-load[369]: Inserted module 'lp'
6月 16 14:48:25 ubuntu systemd-modules-load[369]: Inserted module 'ppdev'
6月 16 14:48:25 ubuntu systemd-modules-load[369]: Inserted module 'parport_pc'
6月 16 14:48:25 ubuntu systemd-modules-load[369]: Inserted module 'msr'
6月 16 14:48:25 ubuntu systemd-modules-load[369]: Inserted module 'ipmi_devintf'
6月 16 14:48:25 ubuntu systemd-modules-load[369]: Module 'fuse' is built in
6月 16 14:48:25 ubuntu systemd-modules-load[369]: Inserted module 'vmwgfx'
6月 16 14:48:25 ubuntu systemd[1]: Finished Load Kernel Modules.
-- Reboot --
2月 25 16:36:11 ubuntu systemd-modules-load[364]: Inserted module 'lp'
2月 25 16:36:11 ubuntu systemd-modules-load[364]: Inserted module 'ppdev'
2月 25 16:36:11 ubuntu systemd-modules-load[364]: Inserted module 'parport_pc'
2月 25 16:36:11 ubuntu systemd-modules-load[364]: Inserted module 'msr'
2月 25 16:36:11 ubuntu systemd-modules-load[364]: Inserted module 'ipmi_devintf'
2月 25 16:36:11 ubuntu systemd-modules-load[364]: Module 'fuse' is built in
2月 25 16:36:11 ubuntu systemd-modules-load[364]: Inserted module 'vmwgfx'
2月 25 16:36:11 ubuntu systemd[1]: Finished Load Kernel Modules.
-- Reboot --
3月 27 17:52:45 ubuntu systemd-modules-load[370]: Inserted module 'lp'
3月 27 17:52:45 ubuntu systemd-modules-load[370]: Inserted module 'ppdev'
3月 27 17:52:45 ubuntu systemd-modules-load[370]: Inserted module 'parport_pc'
3月 27 17:52:45 ubuntu systemd-modules-load[370]: Inserted module 'msr'
3月 27 17:52:45 ubuntu systemd-modules-load[370]: Inserted module 'ipmi_devintf'
3月 27 17:52:45 ubuntu systemd-modules-load[370]: Module 'fuse' is built in
3月 27 17:52:45 ubuntu systemd-modules-load[370]: Inserted module 'vmwgfx'
3月 27 17:52:45 ubuntu systemd[1]: Finished Load Kernel Modules.
-- Reboot --
3月 30 14:05:39 ubuntu systemd-modules-load[365]: Inserted module 'lp'
3月 30 14:05:39 ubuntu systemd-modules-load[365]: Inserted module 'ppdev'
3月 30 14:05:39 ubuntu systemd-modules-load[365]: Inserted module 'parport_pc'
3月 30 14:05:39 ubuntu systemd-modules-load[365]: Inserted module 'msr'
3月 30 14:05:39 ubuntu systemd-modules-load[365]: Inserted module 'ipmi_devintf'
3月 30 14:05:39 ubuntu systemd-modules-load[365]: Module 'fuse' is built in
3月 30 14:05:39 ubuntu systemd-modules-load[365]: Inserted module 'vmwgfx'
3月 30 14:05:39 ubuntu systemd[1]: Finished Load Kernel Modules.
3月 30 14:44:06 ubuntu systemd[1]: systemd-modules-load.service: Succeeded.
3月 30 14:44:06 ubuntu systemd[1]: Stopped Load Kernel Modules.
-- Reboot --
3月 30 14:44:30 ubuntu systemd-modules-load[366]: Inserted module 'lp'
3月 30 14:44:30 ubuntu systemd-modules-load[366]: Inserted module 'ppdev'
3月 30 14:44:30 ubuntu systemd-modules-load[366]: Inserted module 'parport_pc'
3月 30 14:44:30 ubuntu systemd-modules-load[366]: Inserted module 'msr'
3月 30 14:44:30 ubuntu systemd-modules-load[366]: Inserted module 'ipmi_devintf'
3月 30 14:44:30 ubuntu systemd-modules-load[366]: Module 'fuse' is built in
3月 30 14:44:31 ubuntu systemd-modules-load[366]: Inserted module 'vmwgfx'
3月 30 14:44:31 ubuntu systemd[1]: Finished Load Kernel Modules.
3月 30 14:51:19 ubuntu systemd[1]: systemd-modules-load.service: Succeeded.
3月 30 14:51:19 ubuntu systemd[1]: Stopped Load Kernel Modules.
-- Reboot --
3月 30 15:12:17 ubuntu systemd-modules-load[365]: Inserted module 'lp'
3月 30 15:12:17 ubuntu systemd-modules-load[365]: Inserted module 'ppdev'
3月 30 15:12:17 ubuntu systemd-modules-load[365]: Inserted module 'parport_pc'
3月 30 15:12:17 ubuntu systemd-modules-load[365]: Inserted module 'msr'
3月 30 15:12:17 ubuntu systemd-modules-load[365]: Inserted module 'ipmi_devintf'
3月 30 15:12:17 ubuntu systemd-modules-load[365]: Module 'fuse' is built in
3月 30 15:12:17 ubuntu systemd-modules-load[365]: Inserted module 'vmwgfx'
3月 30 15:12:17 ubuntu systemd[1]: Finished Load Kernel Modules.
3月 30 15:12:59 ubuntu systemd[1]: systemd-modules-load.service: Succeeded.
3月 30 15:12:59 ubuntu systemd[1]: Stopped Load Kernel Modules.
-- Reboot --
3月 30 15:18:38 ubuntu systemd-modules-load[363]: Inserted module 'lp'
3月 30 15:18:38 ubuntu systemd-modules-load[363]: Inserted module 'ppdev'
3月 30 15:18:38 ubuntu systemd-modules-load[363]: Inserted module 'parport_pc'
3月 30 15:18:38 ubuntu systemd-modules-load[363]: Inserted module 'msr'
3月 30 15:18:38 ubuntu systemd-modules-load[363]: Inserted module 'ipmi_devintf'
3月 30 15:18:38 ubuntu systemd-modules-load[363]: Module 'fuse' is built in
3月 30 15:18:38 ubuntu systemd-modules-load[363]: Inserted module 'vmwgfx'
3月 30 15:18:38 ubuntu systemd[1]: Finished Load Kernel Modules.
3月 30 15:20:00 ubuntu systemd[1]: systemd-modules-load.service: Succeeded.
3月 30 15:20:00 ubuntu systemd[1]: Stopped Load Kernel Modules.
-- Reboot --
3月 30 22:57:11 ubuntu systemd-modules-load[370]: Inserted module 'lp'
3月 30 22:57:11 ubuntu systemd-modules-load[370]: Inserted module 'ppdev'
3月 30 22:57:11 ubuntu systemd-modules-load[370]: Inserted module 'parport_pc'
3月 30 22:57:11 ubuntu systemd-modules-load[370]: Inserted module 'msr'
3月 30 22:57:11 ubuntu systemd-modules-load[370]: Inserted module 'ipmi_devintf'
3月 30 22:57:11 ubuntu systemd-modules-load[370]: Module 'fuse' is built in
3月 30 22:57:11 ubuntu systemd-modules-load[370]: Inserted module 'vmwgfx'
3月 30 22:57:11 ubuntu systemd[1]: Finished Load Kernel Modules.
3月 30 22:59:17 ubuntu systemd[1]: systemd-modules-load.service: Succeeded.
3月 30 22:59:17 ubuntu systemd[1]: Stopped Load Kernel Modules.
-- Reboot --
3月 30 23:00:43 ubuntu systemd-modules-load[373]: Inserted module 'lp'
3月 30 23:00:43 ubuntu systemd-modules-load[373]: Inserted module 'ppdev'
3月 30 23:00:43 ubuntu systemd-modules-load[373]: Inserted module 'parport_pc'
3月 30 23:00:43 ubuntu systemd-modules-load[373]: Inserted module 'msr'
3月 30 23:00:43 ubuntu systemd-modules-load[373]: Inserted module 'ipmi_devintf'
3月 30 23:00:43 ubuntu systemd-modules-load[373]: Module 'fuse' is built in
3月 30 23:00:43 ubuntu systemd-modules-load[373]: Inserted module 'vmwgfx'
3月 30 23:00:43 ubuntu systemd[1]: Finished Load Kernel Modules.
3月 30 23:02:25 ubuntu systemd[1]: systemd-modules-load.service: Succeeded.
3月 30 23:02:25 ubuntu systemd[1]: Stopped Load Kernel Modules.
-- Reboot --
3月 30 23:05:24 ubuntu systemd-modules-load[370]: Inserted module 'lp'
3月 30 23:05:24 ubuntu systemd-modules-load[370]: Inserted module 'ppdev'
3月 30 23:05:24 ubuntu systemd-modules-load[370]: Inserted module 'parport_pc'
3月 30 23:05:24 ubuntu systemd-modules-load[370]: Inserted module 'msr'
3月 30 23:05:24 ubuntu systemd-modules-load[370]: Inserted module 'ipmi_devintf'
3月 30 23:05:24 ubuntu systemd-modules-load[370]: Module 'fuse' is built in
3月 30 23:05:24 ubuntu systemd-modules-load[370]: Inserted module 'vmwgfx'
3月 30 23:05:24 ubuntu systemd[1]: Finished Load Kernel Modules.
3月 30 23:14:10 ubuntu systemd[1]: systemd-modules-load.service: Succeeded.
3月 30 23:14:10 ubuntu systemd[1]: Stopped Load Kernel Modules.
-- Reboot --
3月 31 18:40:16 ubuntu systemd-modules-load[365]: Inserted module 'lp'
3月 31 18:40:16 ubuntu systemd-modules-load[365]: Inserted module 'ppdev'
3月 31 18:40:16 ubuntu systemd-modules-load[365]: Inserted module 'parport_pc'
3月 31 18:40:16 ubuntu systemd-modules-load[365]: Inserted module 'msr'
3月 31 18:40:16 ubuntu systemd-modules-load[365]: Inserted module 'ipmi_devintf'
3月 31 18:40:16 ubuntu systemd-modules-load[365]: Module 'fuse' is built in
3月 31 18:40:16 ubuntu systemd-modules-load[365]: Inserted module 'vmwgfx'
3月 31 18:40:17 ubuntu systemd[1]: Finished Load Kernel Modules.
3月 31 18:53:36 ubuntu systemd[1]: systemd-modules-load.service: Succeeded.
3月 31 18:53:36 ubuntu systemd[1]: Stopped Load Kernel Modules.
-- Reboot --
3月 31 18:54:07 ubuntu systemd-modules-load[366]: Inserted module 'lp'
3月 31 18:54:07 ubuntu systemd-modules-load[366]: Inserted module 'ppdev'
3月 31 18:54:07 ubuntu systemd-modules-load[366]: Inserted module 'parport_pc'
3月 31 18:54:07 ubuntu systemd-modules-load[366]: Inserted module 'msr'
3月 31 18:54:07 ubuntu systemd-modules-load[366]: Inserted module 'ipmi_devintf'
3月 31 18:54:07 ubuntu systemd-modules-load[366]: Module 'fuse' is built in
3月 31 18:54:07 ubuntu systemd-modules-load[366]: Inserted module 'vmwgfx'
3月 31 18:54:07 ubuntu systemd[1]: Finished Load Kernel Modules.
3月 31 19:01:43 ubuntu systemd[1]: systemd-modules-load.service: Succeeded.
3月 31 19:01:43 ubuntu systemd[1]: Stopped Load Kernel Modules.
-- Reboot --
3月 31 19:03:58 ubuntu systemd-modules-load[365]: Inserted module 'lp'
3月 31 19:03:58 ubuntu systemd-modules-load[365]: Inserted module 'ppdev'
3月 31 19:03:58 ubuntu systemd-modules-load[365]: Inserted module 'parport_pc'
3月 31 19:03:58 ubuntu systemd-modules-load[365]: Inserted module 'msr'
3月 31 19:03:58 ubuntu systemd-modules-load[365]: Inserted module 'ipmi_devintf'
3月 31 19:03:58 ubuntu systemd-modules-load[365]: Module 'fuse' is built in
3月 31 19:03:58 ubuntu systemd-modules-load[365]: Inserted module 'vmwgfx'
3月 31 19:03:58 ubuntu systemd[1]: Finished Load Kernel Modules.
3月 31 19:26:11 ubuntu systemd[1]: systemd-modules-load.service: Succeeded.
3月 31 19:26:11 ubuntu systemd[1]: Stopped Load Kernel Modules.
-- Reboot --
3月 31 19:27:33 ubuntu systemd-modules-load[364]: Inserted module 'lp'
3月 31 19:27:33 ubuntu systemd-modules-load[364]: Inserted module 'ppdev'
3月 31 19:27:33 ubuntu systemd-modules-load[364]: Inserted module 'parport_pc'
3月 31 19:27:33 ubuntu systemd-modules-load[364]: Inserted module 'msr'
3月 31 19:27:33 ubuntu systemd-modules-load[364]: Inserted module 'ipmi_devintf'
3月 31 19:27:33 ubuntu systemd-modules-load[364]: Module 'fuse' is built in
3月 31 19:27:33 ubuntu systemd-modules-load[364]: Inserted module 'vmwgfx'
3月 31 19:27:33 ubuntu systemd[1]: Finished Load Kernel Modules.
-- Reboot --
3月 31 19:43:28 ubuntu systemd-modules-load[373]: Inserted module 'lp'
3月 31 19:43:28 ubuntu systemd-modules-load[373]: Inserted module 'ppdev'
3月 31 19:43:28 ubuntu systemd-modules-load[373]: Inserted module 'parport_pc'
3月 31 19:43:28 ubuntu systemd-modules-load[373]: Inserted module 'msr'
3月 31 19:43:28 ubuntu systemd-modules-load[373]: Inserted module 'ipmi_devintf'
3月 31 19:43:28 ubuntu systemd-modules-load[373]: Module 'fuse' is built in
3月 31 19:43:28 ubuntu systemd-modules-load[373]: Inserted module 'vmwgfx'
3月 31 19:43:28 ubuntu systemd[1]: Finished Load Kernel Modules.
3月 31 19:57:59 ubuntu systemd[1]: systemd-modules-load.service: Succeeded.
3月 31 19:57:59 ubuntu systemd[1]: Stopped Load Kernel Modules.
-- Reboot --
3月 31 19:58:12 ubuntu systemd-modules-load[378]: Inserted module 'lp'
3月 31 19:58:12 ubuntu systemd-modules-load[378]: Inserted module 'ppdev'
3月 31 19:58:11 ubuntu systemd-modules-load[378]: Inserted module 'parport_pc'
3月 31 19:58:11 ubuntu systemd-modules-load[378]: Inserted module 'msr'
3月 31 19:58:11 ubuntu systemd-modules-load[378]: Module 'fuse' is built in
3月 31 19:58:12 ubuntu systemd-modules-load[378]: Inserted module 'vmwgfx'
3月 31 19:58:12 ubuntu systemd[1]: Finished Load Kernel Modules.
3月 31 20:10:02 ubuntu systemd[1]: systemd-modules-load.service: Succeeded.
3月 31 20:10:02 ubuntu systemd[1]: Stopped Load Kernel Modules.
-- Reboot --
3月 31 20:24:32 ubuntu systemd-modules-load[379]: Inserted module 'lp'
3月 31 20:24:32 ubuntu systemd-modules-load[379]: Inserted module 'ppdev'
3月 31 20:24:32 ubuntu systemd-modules-load[379]: Inserted module 'parport_pc'
3月 31 20:24:32 ubuntu systemd-modules-load[379]: Inserted module 'msr'
3月 31 20:24:32 ubuntu systemd-modules-load[379]: Module 'fuse' is built in
3月 31 20:24:32 ubuntu systemd-modules-load[379]: Inserted module 'vmwgfx'
3月 31 20:24:32 ubuntu systemd[1]: Finished Load Kernel Modules.
3月 31 21:06:53 ubuntu systemd[1]: systemd-modules-load.service: Succeeded.
3月 31 21:06:53 ubuntu systemd[1]: Stopped Load Kernel Modules.
-- Reboot --
4月 02 17:05:01 ubuntu systemd-modules-load[380]: Inserted module 'lp'
4月 02 17:05:01 ubuntu systemd-modules-load[380]: Inserted module 'ppdev'
4月 02 17:05:01 ubuntu systemd-modules-load[380]: Inserted module 'parport_pc'
4月 02 17:05:01 ubuntu systemd-modules-load[380]: Inserted module 'msr'
4月 02 17:05:01 ubuntu systemd-modules-load[380]: Module 'fuse' is built in
4月 02 17:05:01 ubuntu systemd-modules-load[380]: Inserted module 'vmwgfx'
4月 02 17:05:01 ubuntu systemd[1]: Finished Load Kernel Modules.
4月 03 02:09:52 ubuntu systemd[1]: systemd-modules-load.service: Succeeded.
4月 03 02:09:52 ubuntu systemd[1]: Stopped Load Kernel Modules.
-- Reboot --
4月 14 20:21:33 ubuntu systemd-modules-load[379]: Inserted module 'lp'
4月 14 20:21:33 ubuntu systemd-modules-load[379]: Inserted module 'ppdev'
4月 14 20:21:33 ubuntu systemd-modules-load[379]: Inserted module 'parport_pc'
4月 14 20:21:33 ubuntu systemd-modules-load[379]: Inserted module 'msr'
4月 14 20:21:33 ubuntu systemd-modules-load[379]: Module 'fuse' is built in
4月 14 20:21:33 ubuntu systemd-modules-load[379]: Inserted module 'vmwgfx'
4月 14 20:21:33 ubuntu systemd[1]: Finished Load Kernel Modules.
4月 14 20:54:42 ubuntu systemd[1]: systemd-modules-load.service: Succeeded.
4月 14 20:54:42 ubuntu systemd[1]: Stopped Load Kernel Modules.
-- Reboot --
4月 14 20:55:24 ubuntu systemd-modules-load[378]: Inserted module 'lp'
4月 14 20:55:24 ubuntu systemd-modules-load[378]: Inserted module 'ppdev'
4月 14 20:55:24 ubuntu systemd-modules-load[378]: Inserted module 'parport_pc'
4月 14 20:55:24 ubuntu systemd-modules-load[378]: Inserted module 'msr'
4月 14 20:55:24 ubuntu systemd-modules-load[378]: Module 'fuse' is built in
4月 14 20:55:24 ubuntu systemd-modules-load[378]: Inserted module 'vmwgfx'
4月 14 20:55:24 ubuntu systemd[1]: Finished Load Kernel Modules.
-- Reboot --
4月 15 22:30:49 ubuntu systemd-modules-load[378]: Inserted module 'lp'
4月 15 22:30:49 ubuntu systemd-modules-load[378]: Inserted module 'ppdev'
4月 15 22:30:49 ubuntu systemd-modules-load[378]: Inserted module 'parport_pc'
4月 15 22:30:49 ubuntu systemd-modules-load[378]: Inserted module 'msr'
4月 15 22:30:49 ubuntu systemd-modules-load[378]: Module 'fuse' is built in
4月 15 22:30:49 ubuntu systemd-modules-load[378]: Inserted module 'vmwgfx'
4月 15 22:30:49 ubuntu systemd[1]: Finished Load Kernel Modules.
4月 15 22:43:26 ubuntu systemd[1]: systemd-modules-load.service: Succeeded.
4月 15 22:43:26 ubuntu systemd[1]: Stopped Load Kernel Modules.
-- Reboot --
4月 15 22:43:39 ubuntu systemd-modules-load[375]: Inserted module 'lp'
4月 15 22:43:39 ubuntu systemd-modules-load[375]: Inserted module 'ppdev'
4月 15 22:43:39 ubuntu systemd-modules-load[375]: Inserted module 'parport_pc'
4月 15 22:43:39 ubuntu systemd-modules-load[375]: Inserted module 'msr'
4月 15 22:43:39 ubuntu systemd-modules-load[375]: Module 'fuse' is built in
4月 15 22:43:39 ubuntu systemd-modules-load[375]: Inserted module 'vmwgfx'
4月 15 22:43:39 ubuntu systemd[1]: Finished Load Kernel Modules.
4月 15 23:08:27 ubuntu systemd[1]: systemd-modules-load.service: Succeeded.
4月 15 23:08:27 ubuntu systemd[1]: Stopped Load Kernel Modules.
-- Reboot --
4月 19 18:41:02 ubuntu systemd-modules-load[374]: Inserted module 'lp'
4月 19 18:41:02 ubuntu systemd-modules-load[374]: Inserted module 'ppdev'
4月 19 18:41:02 ubuntu systemd-modules-load[374]: Inserted module 'parport_pc'
4月 19 18:41:02 ubuntu systemd-modules-load[374]: Inserted module 'msr'
4月 19 18:41:02 ubuntu systemd-modules-load[374]: Module 'fuse' is built in
4月 19 18:41:02 ubuntu systemd-modules-load[374]: Inserted module 'vmwgfx'
4月 19 18:41:02 ubuntu systemd[1]: Finished Load Kernel Modules.
4月 19 19:04:22 ubuntu systemd[1]: systemd-modules-load.service: Succeeded.
4月 19 19:04:22 ubuntu systemd[1]: Stopped Load Kernel Modules.
-- Reboot --
4月 19 19:16:13 ubuntu systemd-modules-load[378]: Inserted module 'lp'
4月 19 19:16:13 ubuntu systemd-modules-load[378]: Inserted module 'ppdev'
4月 19 19:16:13 ubuntu systemd-modules-load[378]: Inserted module 'parport_pc'
4月 19 19:16:13 ubuntu systemd-modules-load[378]: Inserted module 'msr'
4月 19 19:16:13 ubuntu systemd-modules-load[378]: Module 'fuse' is built in
4月 19 19:16:13 ubuntu systemd-modules-load[378]: Inserted module 'vmwgfx'
4月 19 19:16:13 ubuntu systemd[1]: Finished Load Kernel Modules.
4月 19 19:25:52 ubuntu systemd[1]: systemd-modules-load.service: Succeeded.
4月 19 19:25:52 ubuntu systemd[1]: Stopped Load Kernel Modules.
-- Reboot --
4月 21 14:58:03 ubuntu systemd-modules-load[379]: Inserted module 'lp'
4月 21 14:58:03 ubuntu systemd-modules-load[379]: Inserted module 'ppdev'
4月 21 14:58:03 ubuntu systemd-modules-load[379]: Inserted module 'parport_pc'
4月 21 14:58:03 ubuntu systemd-modules-load[379]: Inserted module 'msr'
4月 21 14:58:03 ubuntu systemd-modules-load[379]: Module 'fuse' is built in
4月 21 14:58:03 ubuntu systemd-modules-load[379]: Inserted module 'vmwgfx'
4月 21 14:58:03 ubuntu systemd[1]: Finished Load Kernel Modules.

