-- Logs begin at Sat 2022-01-08 18:32:32 CST, end at Fri 2023-04-21 15:50:02 CST. --
1月 09 17:18:05 ubuntu systemd-timesyncd[810]: Initial synchronization to time server 91.189.89.198:123 (ntp.ubuntu.com).
1月 09 21:33:00 ubuntu systemd[1]: Stopping Network Time Synchronization...
1月 09 21:33:00 ubuntu systemd[1]: systemd-timesyncd.service: Succeeded.
1月 09 21:33:00 ubuntu systemd[1]: Stopped Network Time Synchronization.
-- Reboot --
1月 09 21:33:15 ubuntu systemd[1]: Starting Network Time Synchronization...
1月 09 21:33:15 ubuntu systemd[1]: Started Network Time Synchronization.
1月 09 21:33:45 ubuntu systemd-timesyncd[821]: Initial synchronization to time server 91.189.89.198:123 (ntp.ubuntu.com).
-- Reboot --
3月 22 14:03:02 ubuntu systemd[1]: Starting Network Time Synchronization...
3月 22 14:03:02 ubuntu systemd[1]: Started Network Time Synchronization.
3月 22 14:03:32 ubuntu systemd-timesyncd[818]: Initial synchronization to time server 91.189.89.198:123 (ntp.ubuntu.com).
3月 22 14:12:09 ubuntu systemd[1]: Stopping Network Time Synchronization...
3月 22 14:12:09 ubuntu systemd[1]: systemd-timesyncd.service: Succeeded.
3月 22 14:12:09 ubuntu systemd[1]: Stopped Network Time Synchronization.
3月 22 14:12:09 ubuntu systemd[1]: Starting Network Time Synchronization...
3月 22 14:12:09 ubuntu systemd[1]: Started Network Time Synchronization.
3月 22 14:12:20 ubuntu systemd-timesyncd[23079]: Timed out waiting for reply from 91.189.89.198:123 (ntp.ubuntu.com).
3月 22 14:12:20 ubuntu systemd-timesyncd[23079]: Initial synchronization to time server 91.189.94.4:123 (ntp.ubuntu.com).
3月 22 14:13:28 ubuntu systemd[1]: Stopping Network Time Synchronization...
3月 22 14:13:28 ubuntu systemd[1]: systemd-timesyncd.service: Succeeded.
3月 22 14:13:28 ubuntu systemd[1]: Stopped Network Time Synchronization.
-- Reboot --
3月 22 14:13:42 ubuntu systemd[1]: Starting Network Time Synchronization...
3月 22 14:13:42 ubuntu systemd[1]: Started Network Time Synchronization.
3月 22 14:14:13 ubuntu systemd-timesyncd[838]: Initial synchronization to time server 91.189.91.157:123 (ntp.ubuntu.com).
3月 22 14:20:17 ubuntu systemd-timesyncd[838]: Timed out waiting for reply from 91.189.91.157:123 (ntp.ubuntu.com).
3月 22 14:20:17 ubuntu systemd-timesyncd[838]: Initial synchronization to time server 91.189.89.198:123 (ntp.ubuntu.com).
3月 22 14:22:48 ubuntu systemd[1]: Stopping Network Time Synchronization...
3月 22 14:22:48 ubuntu systemd[1]: systemd-timesyncd.service: Succeeded.
3月 22 14:22:48 ubuntu systemd[1]: Stopped Network Time Synchronization.
-- Reboot --
3月 22 16:13:10 ubuntu systemd[1]: Starting Network Time Synchronization...
3月 22 16:13:10 ubuntu systemd[1]: Started Network Time Synchronization.
3月 22 16:13:41 ubuntu systemd-timesyncd[834]: Initial synchronization to time server 91.189.91.157:123 (ntp.ubuntu.com).
3月 22 17:38:01 ubuntu systemd[1]: Stopping Network Time Synchronization...
3月 22 17:38:01 ubuntu systemd[1]: systemd-timesyncd.service: Succeeded.
3月 22 17:38:01 ubuntu systemd[1]: Stopped Network Time Synchronization.
-- Reboot --
3月 25 10:18:04 ubuntu systemd[1]: Starting Network Time Synchronization...
3月 25 10:18:04 ubuntu systemd[1]: Started Network Time Synchronization.
3月 25 10:18:33 ubuntu systemd-timesyncd[864]: Initial synchronization to time server 91.189.89.199:123 (ntp.ubuntu.com).
3月 25 10:36:29 ubuntu systemd[1]: Stopping Network Time Synchronization...
3月 25 10:36:29 ubuntu systemd[1]: systemd-timesyncd.service: Succeeded.
3月 25 10:36:29 ubuntu systemd[1]: Stopped Network Time Synchronization.
-- Reboot --
3月 25 10:45:15 ubuntu systemd[1]: Starting Network Time Synchronization...
3月 25 10:45:15 ubuntu systemd[1]: Started Network Time Synchronization.
3月 25 10:45:45 ubuntu systemd-timesyncd[864]: Initial synchronization to time server 91.189.91.157:123 (ntp.ubuntu.com).
-- Reboot --
3月 28 10:02:53 ubuntu systemd[1]: Starting Network Time Synchronization...
3月 28 10:02:53 ubuntu systemd[1]: Started Network Time Synchronization.
3月 28 10:03:20 ubuntu systemd-timesyncd[856]: Initial synchronization to time server 91.189.91.157:123 (ntp.ubuntu.com).
-- Reboot --
3月 28 14:59:43 ubuntu systemd[1]: Starting Network Time Synchronization...
3月 28 14:59:43 ubuntu systemd[1]: Started Network Time Synchronization.
3月 28 15:00:13 ubuntu systemd-timesyncd[857]: Initial synchronization to time server 91.189.89.199:123 (ntp.ubuntu.com).
3月 28 15:53:55 ubuntu systemd[1]: Stopping Network Time Synchronization...
3月 28 15:53:55 ubuntu systemd[1]: systemd-timesyncd.service: Succeeded.
3月 28 15:53:55 ubuntu systemd[1]: Stopped Network Time Synchronization.
-- Reboot --
3月 28 16:17:44 ubuntu systemd[1]: Starting Network Time Synchronization...
3月 28 16:17:44 ubuntu systemd[1]: Started Network Time Synchronization.
3月 28 16:18:14 ubuntu systemd-timesyncd[750]: Initial synchronization to time server 91.189.89.199:123 (ntp.ubuntu.com).
3月 28 17:29:21 ubuntu systemd[1]: Stopping Network Time Synchronization...
3月 28 17:29:21 ubuntu systemd[1]: systemd-timesyncd.service: Succeeded.
3月 28 17:29:21 ubuntu systemd[1]: Stopped Network Time Synchronization.
-- Reboot --
4月 01 10:14:19 ubuntu systemd[1]: Starting Network Time Synchronization...
4月 01 10:14:19 ubuntu systemd[1]: Started Network Time Synchronization.
4月 01 10:14:50 ubuntu systemd-timesyncd[803]: Initial synchronization to time server 91.189.91.157:123 (ntp.ubuntu.com).
4月 01 10:22:01 ubuntu systemd[1]: Stopping Network Time Synchronization...
4月 01 10:22:01 ubuntu systemd[1]: systemd-timesyncd.service: Succeeded.
4月 01 10:22:01 ubuntu systemd[1]: Stopped Network Time Synchronization.
4月 01 10:22:01 ubuntu systemd[1]: Starting Network Time Synchronization...
4月 01 10:22:01 ubuntu systemd[1]: Started Network Time Synchronization.
4月 01 10:22:02 ubuntu systemd-timesyncd[7949]: Initial synchronization to time server 91.189.89.198:123 (ntp.ubuntu.com).
4月 01 10:24:20 ubuntu systemd[1]: Stopping Network Time Synchronization...
4月 01 10:24:20 ubuntu systemd[1]: systemd-timesyncd.service: Succeeded.
4月 01 10:24:20 ubuntu systemd[1]: Stopped Network Time Synchronization.
-- Reboot --
4月 01 10:25:01 ubuntu systemd[1]: Starting Network Time Synchronization...
4月 01 10:25:01 ubuntu systemd[1]: Started Network Time Synchronization.
4月 01 10:25:32 ubuntu systemd-timesyncd[804]: Initial synchronization to time server 91.189.91.157:123 (ntp.ubuntu.com).
4月 01 12:03:44 ubuntu systemd[1]: Stopping Network Time Synchronization...
4月 01 12:03:44 ubuntu systemd[1]: systemd-timesyncd.service: Succeeded.
4月 01 12:03:44 ubuntu systemd[1]: Stopped Network Time Synchronization.
-- Reboot --
4月 02 08:51:51 ubuntu systemd[1]: Starting Network Time Synchronization...
4月 02 08:51:51 ubuntu systemd[1]: Started Network Time Synchronization.
4月 02 08:52:20 ubuntu systemd-timesyncd[805]: Initial synchronization to time server 91.189.91.157:123 (ntp.ubuntu.com).
-- Reboot --
4月 02 09:04:35 ubuntu systemd[1]: Starting Network Time Synchronization...
4月 02 09:04:36 ubuntu systemd[1]: Started Network Time Synchronization.
4月 02 09:05:06 ubuntu systemd-timesyncd[805]: Initial synchronization to time server 91.189.91.157:123 (ntp.ubuntu.com).
-- Reboot --
4月 02 09:10:27 ubuntu systemd[1]: Starting Network Time Synchronization...
4月 02 09:10:27 ubuntu systemd[1]: Started Network Time Synchronization.
4月 02 09:10:57 ubuntu systemd-timesyncd[806]: Initial synchronization to time server 91.189.91.157:123 (ntp.ubuntu.com).
4月 02 09:29:37 ubuntu systemd[1]: Stopping Network Time Synchronization...
4月 02 09:29:37 ubuntu systemd[1]: systemd-timesyncd.service: Succeeded.
4月 02 09:29:37 ubuntu systemd[1]: Stopped Network Time Synchronization.
-- Reboot --
4月 02 17:22:59 ubuntu systemd[1]: Starting Network Time Synchronization...
4月 02 17:22:59 ubuntu systemd[1]: Started Network Time Synchronization.
4月 02 17:23:30 ubuntu systemd-timesyncd[730]: Initial synchronization to time server 91.189.89.199:123 (ntp.ubuntu.com).
4月 02 17:51:14 ubuntu systemd[1]: Stopping Network Time Synchronization...
4月 02 17:51:14 ubuntu systemd[1]: systemd-timesyncd.service: Succeeded.
4月 02 17:51:14 ubuntu systemd[1]: Stopped Network Time Synchronization.
-- Reboot --
4月 02 17:51:28 ubuntu systemd[1]: Starting Network Time Synchronization...
4月 02 17:51:28 ubuntu systemd[1]: Started Network Time Synchronization.
4月 02 17:51:59 ubuntu systemd-timesyncd[805]: Initial synchronization to time server 91.189.91.157:123 (ntp.ubuntu.com).
-- Reboot --
4月 06 08:17:15 ubuntu systemd[1]: Starting Network Time Synchronization...
4月 06 08:17:15 ubuntu systemd[1]: Started Network Time Synchronization.
4月 06 08:17:41 ubuntu systemd-timesyncd[803]: Initial synchronization to time server 91.189.91.157:123 (ntp.ubuntu.com).
-- Reboot --
4月 13 08:09:37 ubuntu systemd[1]: Starting Network Time Synchronization...
4月 13 08:09:37 ubuntu systemd[1]: Started Network Time Synchronization.
4月 13 08:10:17 ubuntu systemd-timesyncd[750]: Initial synchronization to time server 91.189.89.199:123 (ntp.ubuntu.com).
4月 13 08:30:01 ubuntu systemd[1]: Stopping Network Time Synchronization...
4月 13 08:30:01 ubuntu systemd[1]: systemd-timesyncd.service: Succeeded.
4月 13 08:30:01 ubuntu systemd[1]: Stopped Network Time Synchronization.
-- Reboot --
4月 13 08:30:19 ubuntu systemd[1]: Starting Network Time Synchronization...
4月 13 08:30:19 ubuntu systemd[1]: Started Network Time Synchronization.
4月 13 08:30:49 ubuntu systemd-timesyncd[794]: Initial synchronization to time server 91.189.89.199:123 (ntp.ubuntu.com).
-- Reboot --
4月 13 10:23:36 ubuntu systemd[1]: Starting Network Time Synchronization...
4月 13 10:23:37 ubuntu systemd[1]: Started Network Time Synchronization.
4月 13 10:24:07 ubuntu systemd-timesyncd[806]: Initial synchronization to time server 91.189.89.198:123 (ntp.ubuntu.com).
-- Reboot --
4月 13 14:46:32 ubuntu systemd[1]: Starting Network Time Synchronization...
4月 13 14:46:32 ubuntu systemd[1]: Started Network Time Synchronization.
4月 13 14:47:04 ubuntu systemd-timesyncd[734]: Initial synchronization to time server 91.189.89.198:123 (ntp.ubuntu.com).
4月 13 15:21:58 ubuntu systemd[1]: Stopping Network Time Synchronization...
4月 13 15:21:58 ubuntu systemd[1]: systemd-timesyncd.service: Succeeded.
4月 13 15:21:58 ubuntu systemd[1]: Stopped Network Time Synchronization.
-- Reboot --
4月 15 10:16:59 ubuntu systemd[1]: Starting Network Time Synchronization...
4月 15 10:16:59 ubuntu systemd[1]: Started Network Time Synchronization.
4月 15 10:19:05 ubuntu systemd-timesyncd[752]: Initial synchronization to time server 91.189.89.198:123 (ntp.ubuntu.com).
-- Reboot --
4月 20 08:14:43 ubuntu systemd[1]: Starting Network Time Synchronization...
4月 20 08:14:44 ubuntu systemd[1]: Started Network Time Synchronization.
4月 20 08:15:12 ubuntu systemd-timesyncd[805]: Initial synchronization to time server 91.189.94.4:123 (ntp.ubuntu.com).
4月 20 08:22:50 ubuntu systemd[1]: Stopping Network Time Synchronization...
4月 20 08:22:50 ubuntu systemd[1]: systemd-timesyncd.service: Succeeded.
4月 20 08:22:50 ubuntu systemd[1]: Stopped Network Time Synchronization.
-- Reboot --
4月 20 08:23:05 ubuntu systemd[1]: Starting Network Time Synchronization...
4月 20 08:23:05 ubuntu systemd[1]: Started Network Time Synchronization.
4月 20 08:23:36 ubuntu systemd-timesyncd[752]: Initial synchronization to time server 91.189.94.4:123 (ntp.ubuntu.com).
-- Reboot --
4月 27 08:18:19 ubuntu systemd[1]: Starting Network Time Synchronization...
4月 27 08:18:19 ubuntu systemd[1]: Started Network Time Synchronization.
4月 27 08:18:49 ubuntu systemd-timesyncd[735]: Initial synchronization to time server 91.189.89.199:123 (ntp.ubuntu.com).
4月 27 10:50:17 ubuntu systemd[1]: Stopping Network Time Synchronization...
4月 27 10:50:17 ubuntu systemd[1]: systemd-timesyncd.service: Succeeded.
4月 27 10:50:17 ubuntu systemd[1]: Stopped Network Time Synchronization.
-- Reboot --
4月 27 11:07:07 ubuntu systemd[1]: Starting Network Time Synchronization...
4月 27 11:07:07 ubuntu systemd[1]: Started Network Time Synchronization.
4月 27 11:07:38 ubuntu systemd-timesyncd[798]: Initial synchronization to time server 91.189.94.4:123 (ntp.ubuntu.com).
4月 27 11:20:11 ubuntu systemd[1]: Stopping Network Time Synchronization...
4月 27 11:20:11 ubuntu systemd[1]: systemd-timesyncd.service: Succeeded.
4月 27 11:20:11 ubuntu systemd[1]: Stopped Network Time Synchronization.
-- Reboot --
4月 27 14:11:30 ubuntu systemd[1]: Starting Network Time Synchronization...
4月 27 14:11:30 ubuntu systemd[1]: Started Network Time Synchronization.
4月 27 14:12:00 ubuntu systemd-timesyncd[791]: Initial synchronization to time server 91.189.89.198:123 (ntp.ubuntu.com).
4月 27 15:05:04 ubuntu systemd[1]: Stopping Network Time Synchronization...
4月 27 15:05:04 ubuntu systemd[1]: systemd-timesyncd.service: Succeeded.
4月 27 15:05:04 ubuntu systemd[1]: Stopped Network Time Synchronization.
-- Reboot --
4月 27 15:05:19 ubuntu systemd[1]: Starting Network Time Synchronization...
4月 27 15:05:19 ubuntu systemd[1]: Started Network Time Synchronization.
4月 27 15:05:59 ubuntu systemd-timesyncd[766]: Timed out waiting for reply from 91.189.94.4:123 (ntp.ubuntu.com).
4月 27 15:05:59 ubuntu systemd-timesyncd[766]: Initial synchronization to time server 91.189.89.199:123 (ntp.ubuntu.com).
4月 27 16:02:18 ubuntu systemd[1]: Stopping Network Time Synchronization...
4月 27 16:02:18 ubuntu systemd[1]: systemd-timesyncd.service: Succeeded.
4月 27 16:02:18 ubuntu systemd[1]: Stopped Network Time Synchronization.
-- Reboot --
4月 28 21:00:45 ubuntu systemd[1]: Starting Network Time Synchronization...
4月 28 21:00:45 ubuntu systemd[1]: Started Network Time Synchronization.
4月 28 21:01:15 ubuntu systemd-timesyncd[810]: Initial synchronization to time server 91.189.89.199:123 (ntp.ubuntu.com).
4月 28 21:01:51 ubuntu systemd[1]: Stopping Network Time Synchronization...
4月 28 21:01:51 ubuntu systemd[1]: systemd-timesyncd.service: Succeeded.
4月 28 21:01:51 ubuntu systemd[1]: Stopped Network Time Synchronization.
-- Reboot --
5月 06 10:06:14 ubuntu systemd[1]: Starting Network Time Synchronization...
5月 06 10:06:14 ubuntu systemd[1]: Started Network Time Synchronization.
5月 06 10:06:39 ubuntu systemd-timesyncd[811]: Initial synchronization to time server 91.189.91.157:123 (ntp.ubuntu.com).
5月 06 10:16:37 ubuntu systemd[1]: Stopping Network Time Synchronization...
5月 06 10:16:37 ubuntu systemd[1]: systemd-timesyncd.service: Succeeded.
5月 06 10:16:37 ubuntu systemd[1]: Stopped Network Time Synchronization.
5月 06 10:16:37 ubuntu systemd[1]: Starting Network Time Synchronization...
5月 06 10:16:37 ubuntu systemd[1]: Started Network Time Synchronization.
5月 06 10:16:38 ubuntu systemd-timesyncd[19043]: Initial synchronization to time server 91.189.94.4:123 (ntp.ubuntu.com).
5月 06 10:17:23 ubuntu systemd[1]: Stopping Network Time Synchronization...
5月 06 10:17:23 ubuntu systemd[1]: systemd-timesyncd.service: Succeeded.
5月 06 10:17:23 ubuntu systemd[1]: Stopped Network Time Synchronization.
-- Reboot --
5月 06 10:17:39 ubuntu systemd[1]: Starting Network Time Synchronization...
5月 06 10:17:39 ubuntu systemd[1]: Started Network Time Synchronization.
5月 06 10:18:09 ubuntu systemd-timesyncd[740]: Initial synchronization to time server 91.189.91.157:123 (ntp.ubuntu.com).
5月 06 11:20:33 ubuntu systemd[1]: Stopping Network Time Synchronization...
5月 06 11:20:33 ubuntu systemd[1]: systemd-timesyncd.service: Succeeded.
5月 06 11:20:33 ubuntu systemd[1]: Stopped Network Time Synchronization.
-- Reboot --
5月 07 08:13:42 ubuntu systemd[1]: Starting Network Time Synchronization...
5月 07 08:13:43 ubuntu systemd[1]: Started Network Time Synchronization.
5月 07 08:14:12 ubuntu systemd-timesyncd[766]: Initial synchronization to time server 91.189.89.199:123 (ntp.ubuntu.com).
-- Reboot --
5月 08 14:53:45 ubuntu systemd[1]: Starting Network Time Synchronization...
5月 08 14:53:45 ubuntu systemd[1]: Started Network Time Synchronization.
5月 08 14:54:14 ubuntu systemd-timesyncd[750]: Initial synchronization to time server 91.189.89.198:123 (ntp.ubuntu.com).
5月 08 14:55:09 ubuntu systemd[1]: Stopping Network Time Synchronization...
5月 08 14:55:09 ubuntu systemd[1]: systemd-timesyncd.service: Succeeded.
5月 08 14:55:09 ubuntu systemd[1]: Stopped Network Time Synchronization.
-- Reboot --
5月 08 15:54:09 ubuntu systemd[1]: Starting Network Time Synchronization...
5月 08 15:54:09 ubuntu systemd[1]: Started Network Time Synchronization.
5月 08 15:54:40 ubuntu systemd-timesyncd[739]: Initial synchronization to time server 91.189.89.199:123 (ntp.ubuntu.com).
5月 08 16:26:57 ubuntu systemd[1]: Stopping Network Time Synchronization...
5月 08 16:26:57 ubuntu systemd[1]: systemd-timesyncd.service: Succeeded.
5月 08 16:26:57 ubuntu systemd[1]: Stopped Network Time Synchronization.
-- Reboot --
5月 08 16:27:10 ubuntu systemd[1]: Starting Network Time Synchronization...
5月 08 16:27:10 ubuntu systemd[1]: Started Network Time Synchronization.
5月 08 16:27:42 ubuntu systemd-timesyncd[756]: Initial synchronization to time server 91.189.91.157:123 (ntp.ubuntu.com).
5月 08 16:47:39 ubuntu systemd-timesyncd[756]: Timed out waiting for reply from 91.189.91.157:123 (ntp.ubuntu.com).
5月 08 16:47:40 ubuntu systemd-timesyncd[756]: Initial synchronization to time server 91.189.94.4:123 (ntp.ubuntu.com).
5月 08 17:02:56 ubuntu systemd[1]: Stopping Network Time Synchronization...
5月 08 17:02:56 ubuntu systemd[1]: systemd-timesyncd.service: Succeeded.
5月 08 17:02:56 ubuntu systemd[1]: Stopped Network Time Synchronization.
-- Reboot --
5月 14 20:51:42 ubuntu systemd[1]: Starting Network Time Synchronization...
5月 14 20:51:42 ubuntu systemd[1]: Started Network Time Synchronization.
5月 14 20:52:34 ubuntu systemd-timesyncd[762]: Timed out waiting for reply from 91.189.89.199:123 (ntp.ubuntu.com).
5月 14 20:52:44 ubuntu systemd-timesyncd[762]: Timed out waiting for reply from 91.189.89.198:123 (ntp.ubuntu.com).
5月 14 20:52:55 ubuntu systemd-timesyncd[762]: Timed out waiting for reply from 91.189.94.4:123 (ntp.ubuntu.com).
5月 14 20:53:05 ubuntu systemd-timesyncd[762]: Timed out waiting for reply from 91.189.91.157:123 (ntp.ubuntu.com).
5月 14 20:53:35 ubuntu systemd-timesyncd[762]: Initial synchronization to time server 91.189.91.157:123 (ntp.ubuntu.com).
-- Reboot --
5月 15 00:06:12 ubuntu systemd[1]: Starting Network Time Synchronization...
5月 15 00:06:12 ubuntu systemd[1]: Started Network Time Synchronization.
5月 15 00:06:42 ubuntu systemd-timesyncd[757]: Initial synchronization to time server 91.189.91.157:123 (ntp.ubuntu.com).
5月 15 00:09:21 ubuntu systemd[1]: Stopping Network Time Synchronization...
5月 15 00:09:21 ubuntu systemd[1]: systemd-timesyncd.service: Succeeded.
5月 15 00:09:21 ubuntu systemd[1]: Stopped Network Time Synchronization.
-- Reboot --
5月 15 00:15:05 ubuntu systemd[1]: Starting Network Time Synchronization...
5月 15 00:15:05 ubuntu systemd[1]: Started Network Time Synchronization.
5月 15 00:16:45 ubuntu systemd-timesyncd[815]: Timed out waiting for reply from 91.189.89.199:123 (ntp.ubuntu.com).
5月 15 00:18:03 ubuntu systemd[1]: Stopping Network Time Synchronization...
5月 15 00:18:03 ubuntu systemd[1]: systemd-timesyncd.service: Succeeded.
5月 15 00:18:03 ubuntu systemd[1]: Stopped Network Time Synchronization.
-- Reboot --
5月 15 10:43:39 ubuntu systemd[1]: Starting Network Time Synchronization...
5月 15 10:43:39 ubuntu systemd[1]: Started Network Time Synchronization.
5月 15 10:44:21 ubuntu systemd-timesyncd[813]: Initial synchronization to time server 91.189.89.198:123 (ntp.ubuntu.com).
5月 15 10:46:40 ubuntu systemd-timesyncd[813]: Timed out waiting for reply from 91.189.89.198:123 (ntp.ubuntu.com).
5月 15 10:47:12 ubuntu systemd-timesyncd[813]: Initial synchronization to time server 91.189.89.198:123 (ntp.ubuntu.com).
5月 15 13:21:33 ubuntu systemd[1]: Stopping Network Time Synchronization...
5月 15 13:21:33 ubuntu systemd[1]: systemd-timesyncd.service: Succeeded.
5月 15 13:21:33 ubuntu systemd[1]: Stopped Network Time Synchronization.
-- Reboot --
5月 15 15:15:40 ubuntu systemd[1]: Starting Network Time Synchronization...
5月 15 15:15:40 ubuntu systemd[1]: Started Network Time Synchronization.
5月 15 15:16:11 ubuntu systemd-timesyncd[763]: Initial synchronization to time server 91.189.89.198:123 (ntp.ubuntu.com).
5月 15 15:16:45 ubuntu systemd[1]: Stopping Network Time Synchronization...
5月 15 15:16:45 ubuntu systemd[1]: systemd-timesyncd.service: Succeeded.
5月 15 15:16:45 ubuntu systemd[1]: Stopped Network Time Synchronization.
-- Reboot --
5月 15 16:28:26 ubuntu systemd[1]: Starting Network Time Synchronization...
5月 15 16:28:26 ubuntu systemd[1]: Started Network Time Synchronization.
5月 15 16:28:57 ubuntu systemd-timesyncd[760]: Initial synchronization to time server 91.189.91.157:123 (ntp.ubuntu.com).
5月 15 17:59:28 ubuntu systemd[1]: Stopping Network Time Synchronization...
5月 15 17:59:29 ubuntu systemd[1]: systemd-timesyncd.service: Succeeded.
5月 15 17:59:29 ubuntu systemd[1]: Stopped Network Time Synchronization.
-- Reboot --
5月 15 21:27:13 ubuntu systemd[1]: Starting Network Time Synchronization...
5月 15 21:27:13 ubuntu systemd[1]: Started Network Time Synchronization.
5月 15 21:28:19 ubuntu systemd-timesyncd[759]: Timed out waiting for reply from 91.189.89.199:123 (ntp.ubuntu.com).
5月 15 21:30:16 ubuntu systemd-timesyncd[759]: Initial synchronization to time server 91.189.91.157:123 (ntp.ubuntu.com).
5月 15 21:33:39 ubuntu systemd-timesyncd[759]: Timed out waiting for reply from 91.189.91.157:123 (ntp.ubuntu.com).
5月 15 21:33:39 ubuntu systemd-timesyncd[759]: Initial synchronization to time server 91.189.89.199:123 (ntp.ubuntu.com).
5月 15 22:59:16 ubuntu systemd[1]: Stopping Network Time Synchronization...
5月 15 22:59:16 ubuntu systemd[1]: systemd-timesyncd.service: Succeeded.
5月 15 22:59:16 ubuntu systemd[1]: Stopped Network Time Synchronization.
-- Reboot --
5月 31 15:28:44 ubuntu systemd[1]: Starting Network Time Synchronization...
5月 31 15:28:44 ubuntu systemd[1]: Started Network Time Synchronization.
5月 31 15:29:15 ubuntu systemd-timesyncd[759]: Initial synchronization to time server 91.189.89.198:123 (ntp.ubuntu.com).
5月 31 16:19:39 ubuntu systemd[1]: Stopping Network Time Synchronization...
5月 31 16:19:39 ubuntu systemd[1]: systemd-timesyncd.service: Succeeded.
5月 31 16:19:39 ubuntu systemd[1]: Stopped Network Time Synchronization.
-- Reboot --
5月 31 16:19:53 ubuntu systemd[1]: Starting Network Time Synchronization...
5月 31 16:19:53 ubuntu systemd[1]: Started Network Time Synchronization.
5月 31 16:20:24 ubuntu systemd-timesyncd[812]: Initial synchronization to time server 185.125.190.56:123 (ntp.ubuntu.com).
-- Reboot --
5月 31 21:00:55 ubuntu systemd[1]: Starting Network Time Synchronization...
5月 31 21:00:55 ubuntu systemd[1]: Started Network Time Synchronization.
5月 31 21:01:26 ubuntu systemd-timesyncd[795]: Initial synchronization to time server 91.189.91.157:123 (ntp.ubuntu.com).
-- Reboot --
6月 01 23:20:19 ubuntu systemd[1]: Starting Network Time Synchronization...
6月 01 23:20:19 ubuntu systemd[1]: Started Network Time Synchronization.
6月 01 23:20:49 ubuntu systemd-timesyncd[808]: Initial synchronization to time server 185.125.190.56:123 (ntp.ubuntu.com).
6月 02 00:05:44 ubuntu systemd-timesyncd[808]: Timed out waiting for reply from 185.125.190.56:123 (ntp.ubuntu.com).
6月 02 00:05:45 ubuntu systemd-timesyncd[808]: Initial synchronization to time server 185.125.190.57:123 (ntp.ubuntu.com).
6月 02 00:27:50 ubuntu systemd[1]: Stopping Network Time Synchronization...
6月 02 00:27:50 ubuntu systemd[1]: systemd-timesyncd.service: Succeeded.
6月 02 00:27:50 ubuntu systemd[1]: Stopped Network Time Synchronization.
-- Reboot --
6月 06 14:12:33 ubuntu systemd[1]: Starting Network Time Synchronization...
6月 06 14:12:33 ubuntu systemd[1]: Started Network Time Synchronization.
6月 06 14:13:14 ubuntu systemd-timesyncd[811]: Timed out waiting for reply from 91.189.91.157:123 (ntp.ubuntu.com).
6月 06 14:13:09 ubuntu systemd-timesyncd[811]: Initial synchronization to time server 185.125.190.58:123 (ntp.ubuntu.com).
6月 06 15:33:47 ubuntu systemd[1]: Stopping Network Time Synchronization...
6月 06 15:33:47 ubuntu systemd[1]: systemd-timesyncd.service: Succeeded.
6月 06 15:33:47 ubuntu systemd[1]: Stopped Network Time Synchronization.
-- Reboot --
6月 06 15:39:28 ubuntu systemd[1]: Starting Network Time Synchronization...
6月 06 15:39:28 ubuntu systemd[1]: Started Network Time Synchronization.
6月 06 15:40:00 ubuntu systemd-timesyncd[815]: Initial synchronization to time server 185.125.190.58:123 (ntp.ubuntu.com).
6月 06 15:42:30 ubuntu systemd[1]: Stopping Network Time Synchronization...
6月 06 15:42:30 ubuntu systemd[1]: systemd-timesyncd.service: Succeeded.
6月 06 15:42:30 ubuntu systemd[1]: Stopped Network Time Synchronization.
-- Reboot --
6月 06 15:44:07 ubuntu systemd[1]: Starting Network Time Synchronization...
6月 06 15:44:08 ubuntu systemd[1]: Started Network Time Synchronization.
6月 06 15:44:39 ubuntu systemd-timesyncd[753]: Initial synchronization to time server 185.125.190.57:123 (ntp.ubuntu.com).
-- Reboot --
6月 15 14:08:48 ubuntu systemd[1]: Starting Network Time Synchronization...
6月 15 14:08:48 ubuntu systemd[1]: Started Network Time Synchronization.
6月 15 14:09:24 ubuntu systemd-timesyncd[810]: Initial synchronization to time server 185.125.190.57:123 (ntp.ubuntu.com).
6月 15 14:21:53 ubuntu systemd-timesyncd[810]: Timed out waiting for reply from 185.125.190.57:123 (ntp.ubuntu.com).
6月 15 14:22:04 ubuntu systemd-timesyncd[810]: Timed out waiting for reply from 91.189.94.4:123 (ntp.ubuntu.com).
6月 15 14:22:04 ubuntu systemd-timesyncd[810]: Initial synchronization to time server 185.125.190.56:123 (ntp.ubuntu.com).
6月 15 16:32:44 ubuntu systemd[1]: Stopping Network Time Synchronization...
6月 15 16:32:44 ubuntu systemd[1]: systemd-timesyncd.service: Succeeded.
6月 15 16:32:44 ubuntu systemd[1]: Stopped Network Time Synchronization.
-- Reboot --
6月 16 14:48:28 ubuntu systemd[1]: Starting Network Time Synchronization...
6月 16 14:48:28 ubuntu systemd[1]: Started Network Time Synchronization.
6月 16 14:48:56 ubuntu systemd-timesyncd[757]: Initial synchronization to time server 185.125.190.57:123 (ntp.ubuntu.com).
-- Reboot --
2月 25 16:36:14 ubuntu systemd[1]: Starting Network Time Synchronization...
2月 25 16:36:14 ubuntu systemd[1]: Started Network Time Synchronization.
2月 25 16:36:47 ubuntu systemd-timesyncd[760]: Initial synchronization to time server 185.125.190.56:123 (ntp.ubuntu.com).
-- Reboot --
3月 27 17:52:48 ubuntu systemd[1]: Starting Network Time Synchronization...
3月 27 17:52:48 ubuntu systemd[1]: Started Network Time Synchronization.
3月 27 17:52:57 ubuntu systemd-timesyncd[754]: Initial synchronization to time server 185.125.190.58:123 (ntp.ubuntu.com).
-- Reboot --
3月 30 14:05:42 ubuntu systemd[1]: Starting Network Time Synchronization...
3月 30 14:05:42 ubuntu systemd[1]: Started Network Time Synchronization.
3月 30 14:06:10 ubuntu systemd-timesyncd[753]: Initial synchronization to time server 185.125.190.58:123 (ntp.ubuntu.com).
3月 30 14:44:06 ubuntu systemd[1]: Stopping Network Time Synchronization...
3月 30 14:44:06 ubuntu systemd[1]: systemd-timesyncd.service: Succeeded.
3月 30 14:44:06 ubuntu systemd[1]: Stopped Network Time Synchronization.
-- Reboot --
3月 30 14:44:33 ubuntu systemd[1]: Starting Network Time Synchronization...
3月 30 14:44:33 ubuntu systemd[1]: Started Network Time Synchronization.
3月 30 14:45:04 ubuntu systemd-timesyncd[755]: Initial synchronization to time server 185.125.190.56:123 (ntp.ubuntu.com).
3月 30 14:51:19 ubuntu systemd[1]: Stopping Network Time Synchronization...
3月 30 14:51:19 ubuntu systemd[1]: systemd-timesyncd.service: Succeeded.
3月 30 14:51:19 ubuntu systemd[1]: Stopped Network Time Synchronization.
-- Reboot --
3月 30 15:12:19 ubuntu systemd[1]: Starting Network Time Synchronization...
3月 30 15:12:19 ubuntu systemd[1]: Started Network Time Synchronization.
3月 30 15:12:51 ubuntu systemd-timesyncd[752]: Initial synchronization to time server 91.189.94.4:123 (ntp.ubuntu.com).
3月 30 15:12:59 ubuntu systemd[1]: Stopping Network Time Synchronization...
3月 30 15:12:59 ubuntu systemd[1]: systemd-timesyncd.service: Succeeded.
3月 30 15:12:59 ubuntu systemd[1]: Stopped Network Time Synchronization.
-- Reboot --
3月 30 15:18:40 ubuntu systemd[1]: Starting Network Time Synchronization...
3月 30 15:18:40 ubuntu systemd[1]: Started Network Time Synchronization.
3月 30 15:19:10 ubuntu systemd-timesyncd[748]: Initial synchronization to time server 185.125.190.58:123 (ntp.ubuntu.com).
3月 30 15:20:00 ubuntu systemd[1]: Stopping Network Time Synchronization...
3月 30 15:20:00 ubuntu systemd[1]: systemd-timesyncd.service: Succeeded.
3月 30 15:20:00 ubuntu systemd[1]: Stopped Network Time Synchronization.
-- Reboot --
3月 30 22:57:13 ubuntu systemd[1]: Starting Network Time Synchronization...
3月 30 22:57:13 ubuntu systemd[1]: Started Network Time Synchronization.
3月 30 22:57:48 ubuntu systemd-timesyncd[806]: Initial synchronization to time server 185.125.190.58:123 (ntp.ubuntu.com).
3月 30 22:59:17 ubuntu systemd[1]: Stopping Network Time Synchronization...
3月 30 22:59:17 ubuntu systemd[1]: systemd-timesyncd.service: Succeeded.
3月 30 22:59:17 ubuntu systemd[1]: Stopped Network Time Synchronization.
-- Reboot --
3月 30 23:00:45 ubuntu systemd[1]: Starting Network Time Synchronization...
3月 30 23:00:45 ubuntu systemd[1]: Started Network Time Synchronization.
3月 30 23:01:20 ubuntu systemd-timesyncd[752]: Initial synchronization to time server 185.125.190.57:123 (ntp.ubuntu.com).
3月 30 23:02:25 ubuntu systemd[1]: Stopping Network Time Synchronization...
3月 30 23:02:25 ubuntu systemd[1]: systemd-timesyncd.service: Succeeded.
3月 30 23:02:25 ubuntu systemd[1]: Stopped Network Time Synchronization.
-- Reboot --
3月 30 23:05:26 ubuntu systemd[1]: Starting Network Time Synchronization...
3月 30 23:05:26 ubuntu systemd[1]: Started Network Time Synchronization.
3月 30 23:06:06 ubuntu systemd-timesyncd[793]: Timed out waiting for reply from 91.189.94.4:123 (ntp.ubuntu.com).
3月 30 23:06:07 ubuntu systemd-timesyncd[793]: Initial synchronization to time server 91.189.91.157:123 (ntp.ubuntu.com).
3月 30 23:14:10 ubuntu systemd[1]: Stopping Network Time Synchronization...
3月 30 23:14:10 ubuntu systemd[1]: systemd-timesyncd.service: Succeeded.
3月 30 23:14:10 ubuntu systemd[1]: Stopped Network Time Synchronization.
-- Reboot --
3月 31 18:40:19 ubuntu systemd[1]: Starting Network Time Synchronization...
3月 31 18:40:19 ubuntu systemd[1]: Started Network Time Synchronization.
3月 31 18:40:50 ubuntu systemd-timesyncd[815]: Initial synchronization to time server 91.189.94.4:123 (ntp.ubuntu.com).
3月 31 18:53:36 ubuntu systemd[1]: Stopping Network Time Synchronization...
3月 31 18:53:36 ubuntu systemd[1]: systemd-timesyncd.service: Succeeded.
3月 31 18:53:36 ubuntu systemd[1]: Stopped Network Time Synchronization.
-- Reboot --
3月 31 18:54:16 ubuntu systemd[1]: Starting Network Time Synchronization...
3月 31 18:54:16 ubuntu systemd[1]: Started Network Time Synchronization.
3月 31 18:54:48 ubuntu systemd-timesyncd[811]: Initial synchronization to time server 185.125.190.58:123 (ntp.ubuntu.com).
3月 31 19:01:43 ubuntu systemd[1]: Stopping Network Time Synchronization...
3月 31 19:01:43 ubuntu systemd[1]: systemd-timesyncd.service: Succeeded.
3月 31 19:01:43 ubuntu systemd[1]: Stopped Network Time Synchronization.
-- Reboot --
3月 31 19:04:01 ubuntu systemd[1]: Starting Network Time Synchronization...
3月 31 19:04:01 ubuntu systemd[1]: Started Network Time Synchronization.
3月 31 19:04:31 ubuntu systemd-timesyncd[755]: Initial synchronization to time server 185.125.190.56:123 (ntp.ubuntu.com).
3月 31 19:26:11 ubuntu systemd[1]: Stopping Network Time Synchronization...
3月 31 19:26:11 ubuntu systemd[1]: systemd-timesyncd.service: Succeeded.
3月 31 19:26:11 ubuntu systemd[1]: Stopped Network Time Synchronization.
-- Reboot --
3月 31 19:27:35 ubuntu systemd[1]: Starting Network Time Synchronization...
3月 31 19:27:35 ubuntu systemd[1]: Started Network Time Synchronization.
3月 31 19:28:09 ubuntu systemd-timesyncd[807]: Initial synchronization to time server 91.189.94.4:123 (ntp.ubuntu.com).
-- Reboot --
3月 31 19:43:30 ubuntu systemd[1]: Starting Network Time Synchronization...
3月 31 19:43:30 ubuntu systemd[1]: Started Network Time Synchronization.
3月 31 19:44:01 ubuntu systemd-timesyncd[750]: Initial synchronization to time server 91.189.94.4:123 (ntp.ubuntu.com).
3月 31 19:55:18 ubuntu systemd[1]: Stopping Network Time Synchronization...
3月 31 19:55:18 ubuntu systemd[1]: systemd-timesyncd.service: Succeeded.
3月 31 19:55:18 ubuntu systemd[1]: Stopped Network Time Synchronization.
3月 31 19:55:18 ubuntu systemd[1]: Starting Network Time Synchronization...
3月 31 19:55:18 ubuntu systemd[1]: Started Network Time Synchronization.
3月 31 19:55:21 ubuntu systemd-timesyncd[29046]: Initial synchronization to time server 185.125.190.58:123 (ntp.ubuntu.com).
3月 31 19:57:59 ubuntu systemd[1]: Stopping Network Time Synchronization...
3月 31 19:57:59 ubuntu systemd[1]: systemd-timesyncd.service: Succeeded.
3月 31 19:57:59 ubuntu systemd[1]: Stopped Network Time Synchronization.
-- Reboot --
3月 31 19:58:13 ubuntu systemd[1]: Starting Network Time Synchronization...
3月 31 19:58:13 ubuntu systemd[1]: Started Network Time Synchronization.
3月 31 19:58:45 ubuntu systemd-timesyncd[776]: Initial synchronization to time server 185.125.190.56:123 (ntp.ubuntu.com).
3月 31 20:10:02 ubuntu systemd[1]: Stopping Network Time Synchronization...
3月 31 20:10:02 ubuntu systemd[1]: systemd-timesyncd.service: Succeeded.
3月 31 20:10:02 ubuntu systemd[1]: Stopped Network Time Synchronization.
-- Reboot --
3月 31 20:24:34 ubuntu systemd[1]: Starting Network Time Synchronization...
3月 31 20:24:34 ubuntu systemd[1]: Started Network Time Synchronization.
3月 31 20:25:08 ubuntu systemd-timesyncd[799]: Initial synchronization to time server 185.125.190.58:123 (ntp.ubuntu.com).
3月 31 21:06:53 ubuntu systemd[1]: Stopping Network Time Synchronization...
3月 31 21:06:53 ubuntu systemd[1]: systemd-timesyncd.service: Succeeded.
3月 31 21:06:53 ubuntu systemd[1]: Stopped Network Time Synchronization.
-- Reboot --
4月 02 17:05:04 ubuntu systemd[1]: Starting Network Time Synchronization...
4月 02 17:05:04 ubuntu systemd[1]: Started Network Time Synchronization.
4月 02 17:05:32 ubuntu systemd-timesyncd[800]: Initial synchronization to time server 91.189.91.157:123 (ntp.ubuntu.com).
4月 03 02:09:52 ubuntu systemd[1]: Stopping Network Time Synchronization...
4月 03 02:09:52 ubuntu systemd[1]: systemd-timesyncd.service: Succeeded.
4月 03 02:09:52 ubuntu systemd[1]: Stopped Network Time Synchronization.
-- Reboot --
4月 14 20:21:36 ubuntu systemd[1]: Starting Network Time Synchronization...
4月 14 20:21:36 ubuntu systemd[1]: Started Network Time Synchronization.
4月 14 20:21:56 ubuntu systemd-timesyncd[733]: Initial synchronization to time server 185.125.190.57:123 (ntp.ubuntu.com).
4月 14 20:54:42 ubuntu systemd[1]: Stopping Network Time Synchronization...
4月 14 20:54:42 ubuntu systemd[1]: systemd-timesyncd.service: Succeeded.
4月 14 20:54:42 ubuntu systemd[1]: Stopped Network Time Synchronization.
-- Reboot --
4月 14 20:55:32 ubuntu systemd[1]: Starting Network Time Synchronization...
4月 14 20:55:32 ubuntu systemd[1]: Started Network Time Synchronization.
4月 14 20:56:04 ubuntu systemd-timesyncd[796]: Initial synchronization to time server 91.189.91.157:123 (ntp.ubuntu.com).
-- Reboot --
4月 15 22:30:51 ubuntu systemd[1]: Starting Network Time Synchronization...
4月 15 22:30:51 ubuntu systemd[1]: Started Network Time Synchronization.
4月 15 22:31:37 ubuntu systemd-timesyncd[794]: Initial synchronization to time server 185.125.190.58:123 (ntp.ubuntu.com).
4月 15 22:43:26 ubuntu systemd[1]: Stopping Network Time Synchronization...
4月 15 22:43:26 ubuntu systemd[1]: systemd-timesyncd.service: Succeeded.
4月 15 22:43:26 ubuntu systemd[1]: Stopped Network Time Synchronization.
-- Reboot --
4月 15 22:43:41 ubuntu systemd[1]: Starting Network Time Synchronization...
4月 15 22:43:41 ubuntu systemd[1]: Started Network Time Synchronization.
4月 15 22:44:12 ubuntu systemd-timesyncd[801]: Initial synchronization to time server 185.125.190.57:123 (ntp.ubuntu.com).
4月 15 23:08:27 ubuntu systemd[1]: Stopping Network Time Synchronization...
4月 15 23:08:27 ubuntu systemd[1]: systemd-timesyncd.service: Succeeded.
4月 15 23:08:27 ubuntu systemd[1]: Stopped Network Time Synchronization.
-- Reboot --
4月 19 18:41:04 ubuntu systemd[1]: Starting Network Time Synchronization...
4月 19 18:41:04 ubuntu systemd[1]: Started Network Time Synchronization.
4月 19 18:41:35 ubuntu systemd-timesyncd[746]: Initial synchronization to time server 91.189.91.157:123 (ntp.ubuntu.com).
4月 19 19:04:22 ubuntu systemd[1]: Stopping Network Time Synchronization...
4月 19 19:04:22 ubuntu systemd[1]: systemd-timesyncd.service: Succeeded.
4月 19 19:04:22 ubuntu systemd[1]: Stopped Network Time Synchronization.
-- Reboot --
4月 19 19:16:15 ubuntu systemd[1]: Starting Network Time Synchronization...
4月 19 19:16:15 ubuntu systemd[1]: Started Network Time Synchronization.
4月 19 19:16:46 ubuntu systemd-timesyncd[794]: Initial synchronization to time server 185.125.190.56:123 (ntp.ubuntu.com).
4月 19 19:25:52 ubuntu systemd[1]: Stopping Network Time Synchronization...
4月 19 19:25:52 ubuntu systemd[1]: systemd-timesyncd.service: Succeeded.
4月 19 19:25:52 ubuntu systemd[1]: Stopped Network Time Synchronization.
-- Reboot --
4月 21 14:58:06 ubuntu systemd[1]: Starting Network Time Synchronization...
4月 21 14:58:06 ubuntu systemd[1]: Started Network Time Synchronization.
4月 21 15:00:06 ubuntu systemd-timesyncd[781]: Initial synchronization to time server 91.189.91.157:123 (ntp.ubuntu.com).

