-- Logs begin at Sat 2022-01-08 18:32:32 CST, end at Fri 2023-04-21 15:50:02 CST. --
1月 09 21:33:00 ubuntu systemd[1]: Stopping WPA supplicant...
1月 09 21:33:00 ubuntu systemd[1]: wpa_supplicant.service: Succeeded.
1月 09 21:33:00 ubuntu systemd[1]: Stopped WPA supplicant.
-- Reboot --
1月 09 21:33:15 ubuntu systemd[1]: Starting WPA supplicant...
1月 09 21:33:15 ubuntu wpa_supplicant[899]: Successfully initialized wpa_supplicant
1月 09 21:33:15 ubuntu systemd[1]: Started WPA supplicant.
-- Reboot --
3月 22 14:03:02 ubuntu systemd[1]: Starting WPA supplicant...
3月 22 14:03:02 ubuntu wpa_supplicant[896]: Successfully initialized wpa_supplicant
3月 22 14:03:02 ubuntu systemd[1]: Started WPA supplicant.
3月 22 14:13:28 ubuntu systemd[1]: Stopping WPA supplicant...
3月 22 14:13:28 ubuntu systemd[1]: wpa_supplicant.service: Succeeded.
3月 22 14:13:28 ubuntu systemd[1]: Stopped WPA supplicant.
-- Reboot --
3月 22 14:13:42 ubuntu systemd[1]: Starting WPA supplicant...
3月 22 14:13:42 ubuntu wpa_supplicant[913]: Successfully initialized wpa_supplicant
3月 22 14:13:42 ubuntu systemd[1]: Started WPA supplicant.
3月 22 14:22:48 ubuntu systemd[1]: Stopping WPA supplicant...
3月 22 14:22:48 ubuntu systemd[1]: wpa_supplicant.service: Succeeded.
3月 22 14:22:48 ubuntu systemd[1]: Stopped WPA supplicant.
-- Reboot --
3月 22 16:13:10 ubuntu systemd[1]: Starting WPA supplicant...
3月 22 16:13:10 ubuntu wpa_supplicant[918]: Successfully initialized wpa_supplicant
3月 22 16:13:10 ubuntu systemd[1]: Started WPA supplicant.
3月 22 17:38:00 ubuntu systemd[1]: Stopping WPA supplicant...
3月 22 17:38:00 ubuntu systemd[1]: wpa_supplicant.service: Succeeded.
3月 22 17:38:00 ubuntu systemd[1]: Stopped WPA supplicant.
-- Reboot --
3月 25 10:18:04 ubuntu systemd[1]: Starting WPA supplicant...
3月 25 10:18:05 ubuntu wpa_supplicant[944]: Successfully initialized wpa_supplicant
3月 25 10:18:05 ubuntu systemd[1]: Started WPA supplicant.
3月 25 10:36:29 ubuntu systemd[1]: Stopping WPA supplicant...
3月 25 10:36:29 ubuntu systemd[1]: wpa_supplicant.service: Succeeded.
3月 25 10:36:29 ubuntu systemd[1]: Stopped WPA supplicant.
-- Reboot --
3月 25 10:45:15 ubuntu systemd[1]: Starting WPA supplicant...
3月 25 10:45:15 ubuntu wpa_supplicant[937]: Successfully initialized wpa_supplicant
3月 25 10:45:15 ubuntu systemd[1]: Started WPA supplicant.
-- Reboot --
3月 28 10:02:53 ubuntu systemd[1]: Starting WPA supplicant...
3月 28 10:02:54 ubuntu wpa_supplicant[933]: Successfully initialized wpa_supplicant
3月 28 10:02:54 ubuntu systemd[1]: Started WPA supplicant.
-- Reboot --
3月 28 14:59:44 ubuntu systemd[1]: Starting WPA supplicant...
3月 28 14:59:44 ubuntu wpa_supplicant[935]: Successfully initialized wpa_supplicant
3月 28 14:59:44 ubuntu systemd[1]: Started WPA supplicant.
3月 28 15:53:54 ubuntu systemd[1]: Stopping WPA supplicant...
3月 28 15:53:55 ubuntu systemd[1]: wpa_supplicant.service: Succeeded.
3月 28 15:53:55 ubuntu systemd[1]: Stopped WPA supplicant.
-- Reboot --
3月 28 16:17:45 ubuntu systemd[1]: Starting WPA supplicant...
3月 28 16:17:46 ubuntu wpa_supplicant[830]: Successfully initialized wpa_supplicant
3月 28 16:17:46 ubuntu systemd[1]: Started WPA supplicant.
3月 28 17:29:21 ubuntu systemd[1]: Stopping WPA supplicant...
3月 28 17:29:21 ubuntu systemd[1]: wpa_supplicant.service: Succeeded.
3月 28 17:29:21 ubuntu systemd[1]: Stopped WPA supplicant.
-- Reboot --
4月 01 10:14:20 ubuntu systemd[1]: Starting WPA supplicant...
4月 01 10:14:21 ubuntu wpa_supplicant[887]: Successfully initialized wpa_supplicant
4月 01 10:14:21 ubuntu systemd[1]: Started WPA supplicant.
4月 01 10:24:20 ubuntu systemd[1]: Stopping WPA supplicant...
4月 01 10:24:20 ubuntu systemd[1]: wpa_supplicant.service: Succeeded.
4月 01 10:24:20 ubuntu systemd[1]: Stopped WPA supplicant.
-- Reboot --
4月 01 10:25:04 ubuntu systemd[1]: Starting WPA supplicant...
4月 01 10:25:05 ubuntu wpa_supplicant[891]: Successfully initialized wpa_supplicant
4月 01 10:25:05 ubuntu systemd[1]: Started WPA supplicant.
4月 01 12:03:44 ubuntu systemd[1]: Stopping WPA supplicant...
4月 01 12:03:44 ubuntu systemd[1]: wpa_supplicant.service: Succeeded.
4月 01 12:03:44 ubuntu systemd[1]: Stopped WPA supplicant.
-- Reboot --
4月 02 08:51:51 ubuntu systemd[1]: Starting WPA supplicant...
4月 02 08:51:51 ubuntu wpa_supplicant[886]: Successfully initialized wpa_supplicant
4月 02 08:51:51 ubuntu systemd[1]: Started WPA supplicant.
-- Reboot --
4月 02 09:04:36 ubuntu systemd[1]: Starting WPA supplicant...
4月 02 09:04:37 ubuntu wpa_supplicant[890]: Successfully initialized wpa_supplicant
4月 02 09:04:37 ubuntu systemd[1]: Started WPA supplicant.
-- Reboot --
4月 02 09:10:27 ubuntu systemd[1]: Starting WPA supplicant...
4月 02 09:10:27 ubuntu wpa_supplicant[899]: Successfully initialized wpa_supplicant
4月 02 09:10:28 ubuntu systemd[1]: Started WPA supplicant.
4月 02 09:29:37 ubuntu systemd[1]: Stopping WPA supplicant...
4月 02 09:29:37 ubuntu systemd[1]: wpa_supplicant.service: Succeeded.
4月 02 09:29:37 ubuntu systemd[1]: Stopped WPA supplicant.
-- Reboot --
4月 02 17:22:59 ubuntu systemd[1]: Starting WPA supplicant...
4月 02 17:22:59 ubuntu wpa_supplicant[816]: Successfully initialized wpa_supplicant
4月 02 17:22:59 ubuntu systemd[1]: Started WPA supplicant.
4月 02 17:51:14 ubuntu systemd[1]: Stopping WPA supplicant...
4月 02 17:51:14 ubuntu systemd[1]: wpa_supplicant.service: Succeeded.
4月 02 17:51:14 ubuntu systemd[1]: Stopped WPA supplicant.
-- Reboot --
4月 02 17:51:33 ubuntu systemd[1]: Starting WPA supplicant...
4月 02 17:51:33 ubuntu wpa_supplicant[897]: Successfully initialized wpa_supplicant
4月 02 17:51:33 ubuntu systemd[1]: Started WPA supplicant.
-- Reboot --
4月 06 08:17:17 ubuntu systemd[1]: Starting WPA supplicant...
4月 06 08:17:17 ubuntu wpa_supplicant[895]: Successfully initialized wpa_supplicant
4月 06 08:17:17 ubuntu systemd[1]: Started WPA supplicant.
-- Reboot --
4月 13 08:09:38 ubuntu systemd[1]: Starting WPA supplicant...
4月 13 08:09:38 ubuntu wpa_supplicant[843]: Successfully initialized wpa_supplicant
4月 13 08:09:38 ubuntu systemd[1]: Started WPA supplicant.
4月 13 08:30:01 ubuntu systemd[1]: Stopping WPA supplicant...
4月 13 08:30:01 ubuntu systemd[1]: wpa_supplicant.service: Succeeded.
4月 13 08:30:01 ubuntu systemd[1]: Stopped WPA supplicant.
-- Reboot --
4月 13 08:30:19 ubuntu systemd[1]: Starting WPA supplicant...
4月 13 08:30:19 ubuntu wpa_supplicant[871]: Successfully initialized wpa_supplicant
4月 13 08:30:19 ubuntu systemd[1]: Started WPA supplicant.
-- Reboot --
4月 13 10:23:38 ubuntu systemd[1]: Starting WPA supplicant...
4月 13 10:23:39 ubuntu wpa_supplicant[894]: Successfully initialized wpa_supplicant
4月 13 10:23:39 ubuntu systemd[1]: Started WPA supplicant.
-- Reboot --
4月 13 14:46:33 ubuntu systemd[1]: Starting WPA supplicant...
4月 13 14:46:33 ubuntu wpa_supplicant[823]: Successfully initialized wpa_supplicant
4月 13 14:46:33 ubuntu systemd[1]: Started WPA supplicant.
4月 13 15:21:58 ubuntu systemd[1]: Stopping WPA supplicant...
4月 13 15:21:58 ubuntu systemd[1]: wpa_supplicant.service: Succeeded.
4月 13 15:21:58 ubuntu systemd[1]: Stopped WPA supplicant.
-- Reboot --
4月 15 10:17:00 ubuntu systemd[1]: Starting WPA supplicant...
4月 15 10:17:00 ubuntu wpa_supplicant[840]: Successfully initialized wpa_supplicant
4月 15 10:17:00 ubuntu systemd[1]: Started WPA supplicant.
-- Reboot --
4月 20 08:14:45 ubuntu systemd[1]: Starting WPA supplicant...
4月 20 08:14:45 ubuntu wpa_supplicant[896]: Successfully initialized wpa_supplicant
4月 20 08:14:45 ubuntu systemd[1]: Started WPA supplicant.
4月 20 08:22:50 ubuntu systemd[1]: Stopping WPA supplicant...
4月 20 08:22:50 ubuntu systemd[1]: wpa_supplicant.service: Succeeded.
4月 20 08:22:50 ubuntu systemd[1]: Stopped WPA supplicant.
-- Reboot --
4月 20 08:23:05 ubuntu systemd[1]: Starting WPA supplicant...
4月 20 08:23:05 ubuntu wpa_supplicant[843]: Successfully initialized wpa_supplicant
4月 20 08:23:05 ubuntu systemd[1]: Started WPA supplicant.
-- Reboot --
4月 27 08:18:20 ubuntu systemd[1]: Starting WPA supplicant...
4月 27 08:18:21 ubuntu wpa_supplicant[825]: Successfully initialized wpa_supplicant
4月 27 08:18:21 ubuntu systemd[1]: Started WPA supplicant.
4月 27 10:50:17 ubuntu systemd[1]: Stopping WPA supplicant...
4月 27 10:50:17 ubuntu systemd[1]: wpa_supplicant.service: Succeeded.
4月 27 10:50:17 ubuntu systemd[1]: Stopped WPA supplicant.
-- Reboot --
4月 27 11:07:08 ubuntu systemd[1]: Starting WPA supplicant...
4月 27 11:07:09 ubuntu wpa_supplicant[890]: Successfully initialized wpa_supplicant
4月 27 11:07:09 ubuntu systemd[1]: Started WPA supplicant.
4月 27 11:20:11 ubuntu systemd[1]: Stopping WPA supplicant...
4月 27 11:20:11 ubuntu systemd[1]: wpa_supplicant.service: Succeeded.
4月 27 11:20:11 ubuntu systemd[1]: Stopped WPA supplicant.
-- Reboot --
4月 27 14:11:31 ubuntu systemd[1]: Starting WPA supplicant...
4月 27 14:11:31 ubuntu wpa_supplicant[880]: Successfully initialized wpa_supplicant
4月 27 14:11:31 ubuntu systemd[1]: Started WPA supplicant.
4月 27 15:05:04 ubuntu systemd[1]: Stopping WPA supplicant...
4月 27 15:05:04 ubuntu systemd[1]: wpa_supplicant.service: Succeeded.
4月 27 15:05:04 ubuntu systemd[1]: Stopped WPA supplicant.
-- Reboot --
4月 27 15:05:19 ubuntu systemd[1]: Starting WPA supplicant...
4月 27 15:05:19 ubuntu wpa_supplicant[852]: Successfully initialized wpa_supplicant
4月 27 15:05:19 ubuntu systemd[1]: Started WPA supplicant.
4月 27 16:02:18 ubuntu systemd[1]: Stopping WPA supplicant...
4月 27 16:02:18 ubuntu systemd[1]: wpa_supplicant.service: Succeeded.
4月 27 16:02:18 ubuntu systemd[1]: Stopped WPA supplicant.
-- Reboot --
4月 28 21:00:46 ubuntu systemd[1]: Starting WPA supplicant...
4月 28 21:00:46 ubuntu wpa_supplicant[905]: Successfully initialized wpa_supplicant
4月 28 21:00:46 ubuntu systemd[1]: Started WPA supplicant.
4月 28 21:01:51 ubuntu systemd[1]: Stopping WPA supplicant...
4月 28 21:01:51 ubuntu systemd[1]: wpa_supplicant.service: Succeeded.
4月 28 21:01:51 ubuntu systemd[1]: Stopped WPA supplicant.
-- Reboot --
5月 06 10:06:15 ubuntu systemd[1]: Starting WPA supplicant...
5月 06 10:06:15 ubuntu wpa_supplicant[902]: Successfully initialized wpa_supplicant
5月 06 10:06:15 ubuntu systemd[1]: Started WPA supplicant.
5月 06 10:17:23 ubuntu systemd[1]: Stopping WPA supplicant...
5月 06 10:17:23 ubuntu systemd[1]: wpa_supplicant.service: Succeeded.
5月 06 10:17:23 ubuntu systemd[1]: Stopped WPA supplicant.
-- Reboot --
5月 06 10:17:46 ubuntu systemd[1]: Starting WPA supplicant...
5月 06 10:17:46 ubuntu wpa_supplicant[837]: Successfully initialized wpa_supplicant
5月 06 10:17:46 ubuntu systemd[1]: Started WPA supplicant.
5月 06 11:20:33 ubuntu systemd[1]: Stopping WPA supplicant...
5月 06 11:20:33 ubuntu systemd[1]: wpa_supplicant.service: Succeeded.
5月 06 11:20:33 ubuntu systemd[1]: Stopped WPA supplicant.
-- Reboot --
5月 07 08:13:43 ubuntu systemd[1]: Starting WPA supplicant...
5月 07 08:13:43 ubuntu wpa_supplicant[861]: Successfully initialized wpa_supplicant
5月 07 08:13:43 ubuntu systemd[1]: Started WPA supplicant.
-- Reboot --
5月 08 14:53:46 ubuntu systemd[1]: Starting WPA supplicant...
5月 08 14:53:46 ubuntu wpa_supplicant[842]: Successfully initialized wpa_supplicant
5月 08 14:53:46 ubuntu systemd[1]: Started WPA supplicant.
5月 08 14:55:09 ubuntu systemd[1]: Stopping WPA supplicant...
5月 08 14:55:09 ubuntu systemd[1]: wpa_supplicant.service: Succeeded.
5月 08 14:55:09 ubuntu systemd[1]: Stopped WPA supplicant.
-- Reboot --
5月 08 15:54:10 ubuntu systemd[1]: Starting WPA supplicant...
5月 08 15:54:10 ubuntu wpa_supplicant[838]: Successfully initialized wpa_supplicant
5月 08 15:54:10 ubuntu systemd[1]: Started WPA supplicant.
5月 08 16:26:57 ubuntu systemd[1]: Stopping WPA supplicant...
5月 08 16:26:57 ubuntu systemd[1]: wpa_supplicant.service: Succeeded.
5月 08 16:26:57 ubuntu systemd[1]: Stopped WPA supplicant.
-- Reboot --
5月 08 16:27:21 ubuntu systemd[1]: Starting WPA supplicant...
5月 08 16:27:21 ubuntu wpa_supplicant[861]: Successfully initialized wpa_supplicant
5月 08 16:27:21 ubuntu systemd[1]: Started WPA supplicant.
5月 08 17:02:56 ubuntu systemd[1]: Stopping WPA supplicant...
5月 08 17:02:56 ubuntu systemd[1]: wpa_supplicant.service: Succeeded.
5月 08 17:02:56 ubuntu systemd[1]: Stopped WPA supplicant.
-- Reboot --
5月 14 20:51:42 ubuntu systemd[1]: Starting WPA supplicant...
5月 14 20:51:43 ubuntu wpa_supplicant[872]: Successfully initialized wpa_supplicant
5月 14 20:51:43 ubuntu systemd[1]: Started WPA supplicant.
-- Reboot --
5月 15 00:06:13 ubuntu systemd[1]: Starting WPA supplicant...
5月 15 00:06:13 ubuntu wpa_supplicant[865]: Successfully initialized wpa_supplicant
5月 15 00:06:13 ubuntu systemd[1]: Started WPA supplicant.
5月 15 00:09:21 ubuntu systemd[1]: Stopping WPA supplicant...
5月 15 00:09:21 ubuntu systemd[1]: wpa_supplicant.service: Succeeded.
5月 15 00:09:21 ubuntu systemd[1]: Stopped WPA supplicant.
-- Reboot --
5月 15 00:15:05 ubuntu systemd[1]: Starting WPA supplicant...
5月 15 00:15:05 ubuntu wpa_supplicant[911]: Successfully initialized wpa_supplicant
5月 15 00:15:06 ubuntu systemd[1]: Started WPA supplicant.
5月 15 00:18:02 ubuntu systemd[1]: Stopping WPA supplicant...
5月 15 00:18:02 ubuntu systemd[1]: wpa_supplicant.service: Succeeded.
5月 15 00:18:02 ubuntu systemd[1]: Stopped WPA supplicant.
-- Reboot --
5月 15 10:43:39 ubuntu systemd[1]: Starting WPA supplicant...
5月 15 10:43:39 ubuntu wpa_supplicant[919]: Successfully initialized wpa_supplicant
5月 15 10:43:40 ubuntu systemd[1]: Started WPA supplicant.
5月 15 13:21:33 ubuntu systemd[1]: Stopping WPA supplicant...
5月 15 13:21:33 ubuntu systemd[1]: wpa_supplicant.service: Succeeded.
5月 15 13:21:33 ubuntu systemd[1]: Stopped WPA supplicant.
-- Reboot --
5月 15 15:15:41 ubuntu systemd[1]: Starting WPA supplicant...
5月 15 15:15:41 ubuntu wpa_supplicant[876]: Successfully initialized wpa_supplicant
5月 15 15:15:41 ubuntu systemd[1]: Started WPA supplicant.
5月 15 15:16:44 ubuntu systemd[1]: Stopping WPA supplicant...
5月 15 15:16:44 ubuntu systemd[1]: wpa_supplicant.service: Succeeded.
5月 15 15:16:44 ubuntu systemd[1]: Stopped WPA supplicant.
-- Reboot --
5月 15 16:28:26 ubuntu systemd[1]: Starting WPA supplicant...
5月 15 16:28:26 ubuntu wpa_supplicant[881]: Successfully initialized wpa_supplicant
5月 15 16:28:27 ubuntu systemd[1]: Started WPA supplicant.
5月 15 17:59:28 ubuntu systemd[1]: Stopping WPA supplicant...
5月 15 17:59:28 ubuntu systemd[1]: wpa_supplicant.service: Succeeded.
5月 15 17:59:28 ubuntu systemd[1]: Stopped WPA supplicant.
-- Reboot --
5月 15 21:27:13 ubuntu systemd[1]: Starting WPA supplicant...
5月 15 21:27:13 ubuntu wpa_supplicant[863]: Successfully initialized wpa_supplicant
5月 15 21:27:13 ubuntu systemd[1]: Started WPA supplicant.
5月 15 22:59:16 ubuntu systemd[1]: Stopping WPA supplicant...
5月 15 22:59:16 ubuntu systemd[1]: wpa_supplicant.service: Succeeded.
5月 15 22:59:16 ubuntu systemd[1]: Stopped WPA supplicant.
-- Reboot --
5月 31 15:28:44 ubuntu systemd[1]: Starting WPA supplicant...
5月 31 15:28:45 ubuntu wpa_supplicant[871]: Successfully initialized wpa_supplicant
5月 31 15:28:45 ubuntu systemd[1]: Started WPA supplicant.
5月 31 16:19:39 ubuntu systemd[1]: Stopping WPA supplicant...
5月 31 16:19:39 ubuntu systemd[1]: wpa_supplicant.service: Succeeded.
5月 31 16:19:39 ubuntu systemd[1]: Stopped WPA supplicant.
-- Reboot --
5月 31 16:19:54 ubuntu systemd[1]: Starting WPA supplicant...
5月 31 16:19:54 ubuntu systemd[1]: Started WPA supplicant.
5月 31 16:19:54 ubuntu wpa_supplicant[910]: Successfully initialized wpa_supplicant
-- Reboot --
5月 31 21:00:56 ubuntu systemd[1]: Starting WPA supplicant...
5月 31 21:00:56 ubuntu wpa_supplicant[901]: Successfully initialized wpa_supplicant
5月 31 21:00:56 ubuntu systemd[1]: Started WPA supplicant.
-- Reboot --
6月 01 23:20:20 ubuntu systemd[1]: Starting WPA supplicant...
6月 01 23:20:21 ubuntu wpa_supplicant[907]: Successfully initialized wpa_supplicant
6月 01 23:20:21 ubuntu systemd[1]: Started WPA supplicant.
6月 02 00:27:50 ubuntu systemd[1]: Stopping WPA supplicant...
6月 02 00:27:50 ubuntu systemd[1]: wpa_supplicant.service: Succeeded.
6月 02 00:27:50 ubuntu systemd[1]: Stopped WPA supplicant.
-- Reboot --
6月 06 14:12:35 ubuntu systemd[1]: Starting WPA supplicant...
6月 06 14:12:35 ubuntu wpa_supplicant[908]: Successfully initialized wpa_supplicant
6月 06 14:12:35 ubuntu systemd[1]: Started WPA supplicant.
6月 06 15:33:47 ubuntu systemd[1]: Stopping WPA supplicant...
6月 06 15:33:47 ubuntu systemd[1]: wpa_supplicant.service: Succeeded.
6月 06 15:33:47 ubuntu systemd[1]: Stopped WPA supplicant.
-- Reboot --
6月 06 15:39:29 ubuntu systemd[1]: Starting WPA supplicant...
6月 06 15:39:29 ubuntu wpa_supplicant[912]: Successfully initialized wpa_supplicant
6月 06 15:39:29 ubuntu systemd[1]: Started WPA supplicant.
6月 06 15:42:30 ubuntu systemd[1]: Stopping WPA supplicant...
6月 06 15:42:30 ubuntu systemd[1]: wpa_supplicant.service: Succeeded.
6月 06 15:42:30 ubuntu systemd[1]: Stopped WPA supplicant.
-- Reboot --
6月 06 15:44:09 ubuntu systemd[1]: Starting WPA supplicant...
6月 06 15:44:10 ubuntu wpa_supplicant[844]: Successfully initialized wpa_supplicant
6月 06 15:44:10 ubuntu systemd[1]: Started WPA supplicant.
-- Reboot --
6月 15 14:08:49 ubuntu systemd[1]: Starting WPA supplicant...
6月 15 14:08:49 ubuntu wpa_supplicant[911]: Successfully initialized wpa_supplicant
6月 15 14:08:49 ubuntu systemd[1]: Started WPA supplicant.
6月 15 16:32:44 ubuntu systemd[1]: Stopping WPA supplicant...
6月 15 16:32:44 ubuntu systemd[1]: wpa_supplicant.service: Succeeded.
6月 15 16:32:44 ubuntu systemd[1]: Stopped WPA supplicant.
-- Reboot --
6月 16 14:48:28 ubuntu systemd[1]: Starting WPA supplicant...
6月 16 14:48:28 ubuntu wpa_supplicant[857]: Successfully initialized wpa_supplicant
6月 16 14:48:28 ubuntu systemd[1]: Started WPA supplicant.
-- Reboot --
2月 25 16:36:14 ubuntu systemd[1]: Starting WPA supplicant...
2月 25 16:36:14 ubuntu wpa_supplicant[865]: Successfully initialized wpa_supplicant
2月 25 16:36:14 ubuntu systemd[1]: Started WPA supplicant.
-- Reboot --
3月 27 17:52:49 ubuntu systemd[1]: Starting WPA supplicant...
3月 27 17:52:49 ubuntu wpa_supplicant[863]: Successfully initialized wpa_supplicant
3月 27 17:52:49 ubuntu systemd[1]: Started WPA supplicant.
-- Reboot --
3月 30 14:05:42 ubuntu systemd[1]: Starting WPA supplicant...
3月 30 14:05:43 ubuntu wpa_supplicant[858]: Successfully initialized wpa_supplicant
3月 30 14:05:43 ubuntu systemd[1]: Started WPA supplicant.
3月 30 14:44:06 ubuntu systemd[1]: Stopping WPA supplicant...
3月 30 14:44:06 ubuntu systemd[1]: wpa_supplicant.service: Succeeded.
3月 30 14:44:06 ubuntu systemd[1]: Stopped WPA supplicant.
-- Reboot --
3月 30 14:44:33 ubuntu systemd[1]: Starting WPA supplicant...
3月 30 14:44:33 ubuntu wpa_supplicant[848]: Successfully initialized wpa_supplicant
3月 30 14:44:33 ubuntu systemd[1]: Started WPA supplicant.
3月 30 14:51:19 ubuntu systemd[1]: Stopping WPA supplicant...
3月 30 14:51:19 ubuntu systemd[1]: wpa_supplicant.service: Succeeded.
3月 30 14:51:19 ubuntu systemd[1]: Stopped WPA supplicant.
-- Reboot --
3月 30 15:12:19 ubuntu systemd[1]: Starting WPA supplicant...
3月 30 15:12:19 ubuntu wpa_supplicant[859]: Successfully initialized wpa_supplicant
3月 30 15:12:19 ubuntu systemd[1]: Started WPA supplicant.
3月 30 15:12:59 ubuntu systemd[1]: Stopping WPA supplicant...
3月 30 15:12:59 ubuntu systemd[1]: wpa_supplicant.service: Succeeded.
3月 30 15:12:59 ubuntu systemd[1]: Stopped WPA supplicant.
-- Reboot --
3月 30 15:18:40 ubuntu systemd[1]: Starting WPA supplicant...
3月 30 15:18:40 ubuntu wpa_supplicant[847]: Successfully initialized wpa_supplicant
3月 30 15:18:40 ubuntu systemd[1]: Started WPA supplicant.
3月 30 15:20:00 ubuntu systemd[1]: Stopping WPA supplicant...
3月 30 15:20:00 ubuntu systemd[1]: wpa_supplicant.service: Succeeded.
3月 30 15:20:00 ubuntu systemd[1]: Stopped WPA supplicant.
-- Reboot --
3月 30 22:57:14 ubuntu systemd[1]: Starting WPA supplicant...
3月 30 22:57:14 ubuntu wpa_supplicant[914]: Successfully initialized wpa_supplicant
3月 30 22:57:14 ubuntu systemd[1]: Started WPA supplicant.
3月 30 22:59:17 ubuntu systemd[1]: Stopping WPA supplicant...
3月 30 22:59:17 ubuntu systemd[1]: wpa_supplicant.service: Succeeded.
3月 30 22:59:17 ubuntu systemd[1]: Stopped WPA supplicant.
-- Reboot --
3月 30 23:00:45 ubuntu systemd[1]: Starting WPA supplicant...
3月 30 23:00:45 ubuntu wpa_supplicant[852]: Successfully initialized wpa_supplicant
3月 30 23:00:45 ubuntu systemd[1]: Started WPA supplicant.
3月 30 23:02:25 ubuntu systemd[1]: Stopping WPA supplicant...
3月 30 23:02:25 ubuntu systemd[1]: wpa_supplicant.service: Succeeded.
3月 30 23:02:25 ubuntu systemd[1]: Stopped WPA supplicant.
-- Reboot --
3月 30 23:05:26 ubuntu systemd[1]: Starting WPA supplicant...
3月 30 23:05:26 ubuntu wpa_supplicant[883]: Successfully initialized wpa_supplicant
3月 30 23:05:26 ubuntu systemd[1]: Started WPA supplicant.
3月 30 23:14:10 ubuntu systemd[1]: Stopping WPA supplicant...
3月 30 23:14:10 ubuntu systemd[1]: wpa_supplicant.service: Succeeded.
3月 30 23:14:10 ubuntu systemd[1]: Stopped WPA supplicant.
-- Reboot --
3月 31 18:40:20 ubuntu systemd[1]: Starting WPA supplicant...
3月 31 18:40:20 ubuntu wpa_supplicant[915]: Successfully initialized wpa_supplicant
3月 31 18:40:20 ubuntu systemd[1]: Started WPA supplicant.
3月 31 18:53:36 ubuntu systemd[1]: Stopping WPA supplicant...
3月 31 18:53:36 ubuntu systemd[1]: wpa_supplicant.service: Succeeded.
3月 31 18:53:36 ubuntu systemd[1]: Stopped WPA supplicant.
-- Reboot --
3月 31 18:54:17 ubuntu systemd[1]: Starting WPA supplicant...
3月 31 18:54:17 ubuntu wpa_supplicant[904]: Successfully initialized wpa_supplicant
3月 31 18:54:17 ubuntu systemd[1]: Started WPA supplicant.
3月 31 19:01:43 ubuntu systemd[1]: Stopping WPA supplicant...
3月 31 19:01:43 ubuntu systemd[1]: wpa_supplicant.service: Succeeded.
3月 31 19:01:43 ubuntu systemd[1]: Stopped WPA supplicant.
-- Reboot --
3月 31 19:04:01 ubuntu systemd[1]: Starting WPA supplicant...
3月 31 19:04:01 ubuntu wpa_supplicant[849]: Successfully initialized wpa_supplicant
3月 31 19:04:01 ubuntu systemd[1]: Started WPA supplicant.
3月 31 19:26:11 ubuntu systemd[1]: Stopping WPA supplicant...
3月 31 19:26:11 ubuntu systemd[1]: wpa_supplicant.service: Succeeded.
3月 31 19:26:11 ubuntu systemd[1]: Stopped WPA supplicant.
-- Reboot --
3月 31 19:27:36 ubuntu systemd[1]: Starting WPA supplicant...
3月 31 19:27:36 ubuntu wpa_supplicant[902]: Successfully initialized wpa_supplicant
3月 31 19:27:36 ubuntu systemd[1]: Started WPA supplicant.
-- Reboot --
3月 31 19:43:31 ubuntu systemd[1]: Starting WPA supplicant...
3月 31 19:43:31 ubuntu wpa_supplicant[845]: Successfully initialized wpa_supplicant
3月 31 19:43:31 ubuntu systemd[1]: Started WPA supplicant.
3月 31 19:57:59 ubuntu systemd[1]: Stopping WPA supplicant...
3月 31 19:57:59 ubuntu systemd[1]: wpa_supplicant.service: Succeeded.
3月 31 19:57:59 ubuntu systemd[1]: Stopped WPA supplicant.
-- Reboot --
3月 31 19:58:20 ubuntu systemd[1]: Starting WPA supplicant...
3月 31 19:58:20 ubuntu wpa_supplicant[881]: Successfully initialized wpa_supplicant
3月 31 19:58:20 ubuntu systemd[1]: Started WPA supplicant.
3月 31 20:10:02 ubuntu systemd[1]: Stopping WPA supplicant...
3月 31 20:10:02 ubuntu systemd[1]: wpa_supplicant.service: Succeeded.
3月 31 20:10:02 ubuntu systemd[1]: Stopped WPA supplicant.
-- Reboot --
3月 31 20:24:35 ubuntu systemd[1]: Starting WPA supplicant...
3月 31 20:24:35 ubuntu wpa_supplicant[899]: Successfully initialized wpa_supplicant
3月 31 20:24:35 ubuntu systemd[1]: Started WPA supplicant.
3月 31 21:06:52 ubuntu systemd[1]: Stopping WPA supplicant...
3月 31 21:06:52 ubuntu systemd[1]: wpa_supplicant.service: Succeeded.
3月 31 21:06:52 ubuntu systemd[1]: Stopped WPA supplicant.
-- Reboot --
4月 02 17:05:04 ubuntu systemd[1]: Starting WPA supplicant...
4月 02 17:05:04 ubuntu wpa_supplicant[909]: Successfully initialized wpa_supplicant
4月 02 17:05:04 ubuntu systemd[1]: Started WPA supplicant.
4月 02 17:13:53 ubuntu systemd[1]: Stopping WPA supplicant...
4月 02 17:13:53 ubuntu systemd[1]: wpa_supplicant.service: Succeeded.
4月 02 17:13:53 ubuntu systemd[1]: Stopped WPA supplicant.
-- Reboot --
4月 14 20:21:37 ubuntu systemd[1]: Starting WPA supplicant...
4月 14 20:21:37 ubuntu wpa_supplicant[853]: Successfully initialized wpa_supplicant
4月 14 20:21:37 ubuntu systemd[1]: Started WPA supplicant.
4月 14 20:54:42 ubuntu systemd[1]: Stopping WPA supplicant...
4月 14 20:54:42 ubuntu systemd[1]: wpa_supplicant.service: Succeeded.
4月 14 20:54:42 ubuntu systemd[1]: Stopped WPA supplicant.
-- Reboot --
4月 14 20:55:48 ubuntu systemd[1]: Starting WPA supplicant...
4月 14 20:55:49 ubuntu wpa_supplicant[897]: Successfully initialized wpa_supplicant
4月 14 20:55:49 ubuntu systemd[1]: Started WPA supplicant.
-- Reboot --
4月 15 22:31:07 ubuntu systemd[1]: Starting WPA supplicant...
4月 15 22:31:07 ubuntu wpa_supplicant[913]: Successfully initialized wpa_supplicant
4月 15 22:31:07 ubuntu systemd[1]: Started WPA supplicant.
4月 15 22:43:26 ubuntu systemd[1]: Stopping WPA supplicant...
4月 15 22:43:26 ubuntu systemd[1]: wpa_supplicant.service: Succeeded.
4月 15 22:43:26 ubuntu systemd[1]: Stopped WPA supplicant.
-- Reboot --
4月 15 22:43:42 ubuntu systemd[1]: Starting WPA supplicant...
4月 15 22:43:42 ubuntu wpa_supplicant[904]: Successfully initialized wpa_supplicant
4月 15 22:43:42 ubuntu systemd[1]: Started WPA supplicant.
4月 15 23:08:26 ubuntu systemd[1]: Stopping WPA supplicant...
4月 15 23:08:26 ubuntu systemd[1]: wpa_supplicant.service: Succeeded.
4月 15 23:08:26 ubuntu systemd[1]: Stopped WPA supplicant.
-- Reboot --
4月 19 18:41:05 ubuntu systemd[1]: Starting WPA supplicant...
4月 19 18:41:05 ubuntu wpa_supplicant[866]: Successfully initialized wpa_supplicant
4月 19 18:41:05 ubuntu systemd[1]: Started WPA supplicant.
4月 19 19:04:22 ubuntu systemd[1]: Stopping WPA supplicant...
4月 19 19:04:22 ubuntu systemd[1]: wpa_supplicant.service: Succeeded.
4月 19 19:04:22 ubuntu systemd[1]: Stopped WPA supplicant.
-- Reboot --
4月 19 19:16:16 ubuntu systemd[1]: Starting WPA supplicant...
4月 19 19:16:16 ubuntu wpa_supplicant[926]: Successfully initialized wpa_supplicant
4月 19 19:16:16 ubuntu systemd[1]: Started WPA supplicant.
4月 19 19:25:52 ubuntu systemd[1]: Stopping WPA supplicant...
4月 19 19:25:52 ubuntu systemd[1]: wpa_supplicant.service: Succeeded.
4月 19 19:25:52 ubuntu systemd[1]: Stopped WPA supplicant.
-- Reboot --
4月 21 14:58:07 ubuntu systemd[1]: Starting WPA supplicant...
4月 21 14:58:07 ubuntu wpa_supplicant[886]: Successfully initialized wpa_supplicant
4月 21 14:58:07 ubuntu systemd[1]: Started WPA supplicant.

