3月 10 20:09:01 ree-virtual-machine systemd[1]: Starting Daily apt upgrade and clean activities...
3月 10 20:09:03 ree-virtual-machine systemd[1]: apt-daily-upgrade.service: Deactivated successfully.
3月 10 20:09:03 ree-virtual-machine systemd[1]: Finished Daily apt upgrade and clean activities.
3月 10 20:09:03 ree-virtual-machine systemd[1]: apt-daily-upgrade.service: Consumed 2.392s CPU time.
-- Boot ca9b2e5e215f4f3fbeb8e0a2983e83e6 --
3月 22 19:49:17 ree-virtual-machine systemd[1]: Starting Daily apt upgrade and clean activities...
3月 22 19:52:04 ree-virtual-machine systemd[1]: apt-daily-upgrade.service: Deactivated successfully.
3月 22 19:52:04 ree-virtual-machine systemd[1]: Finished Daily apt upgrade and clean activities.
3月 22 19:52:04 ree-virtual-machine systemd[1]: apt-daily-upgrade.service: Consumed 2min 15.794s CPU time.
-- Boot ee7967cec9534f4aa0162aa833ebf2b7 --
3月 23 14:19:34 ree-virtual-machine systemd[1]: Starting Daily apt upgrade and clean activities...
3月 23 14:19:39 ree-virtual-machine systemd[1]: apt-daily-upgrade.service: Deactivated successfully.
3月 23 14:19:39 ree-virtual-machine systemd[1]: Finished Daily apt upgrade and clean activities.
3月 23 14:19:39 ree-virtual-machine systemd[1]: apt-daily-upgrade.service: Consumed 3.726s CPU time.
-- Boot 9e3eeb915f5e4d0aab1fa06627dc238a --
3月 25 22:40:46 ree-virtual-machine systemd[1]: Starting Daily apt upgrade and clean activities...
3月 25 22:40:47 ree-virtual-machine systemd[1]: apt-daily-upgrade.service: Deactivated successfully.
3月 25 22:40:47 ree-virtual-machine systemd[1]: Finished Daily apt upgrade and clean activities.
3月 26 15:13:10 ree-virtual-machine systemd[1]: Starting Daily apt upgrade and clean activities...
3月 26 15:13:22 ree-virtual-machine systemd[1]: apt-daily-upgrade.service: Deactivated successfully.
3月 26 15:13:22 ree-virtual-machine systemd[1]: Finished Daily apt upgrade and clean activities.
3月 26 15:13:22 ree-virtual-machine systemd[1]: apt-daily-upgrade.service: Consumed 5.522s CPU time.
3月 27 12:10:15 ree-virtual-machine systemd[1]: Starting Daily apt upgrade and clean activities...
3月 27 12:10:19 ree-virtual-machine systemd[1]: apt-daily-upgrade.service: Deactivated successfully.
3月 27 12:10:19 ree-virtual-machine systemd[1]: Finished Daily apt upgrade and clean activities.
3月 27 12:10:19 ree-virtual-machine systemd[1]: apt-daily-upgrade.service: Consumed 3.607s CPU time.
-- Boot cce731051b6244c4a03f32893ae3c956 --
3月 28 10:56:37 ree-virtual-machine systemd[1]: Starting Daily apt upgrade and clean activities...
3月 28 10:57:41 ree-virtual-machine systemd[1]: apt-daily-upgrade.service: Deactivated successfully.
3月 28 10:57:41 ree-virtual-machine systemd[1]: Finished Daily apt upgrade and clean activities.
3月 28 10:57:41 ree-virtual-machine systemd[1]: apt-daily-upgrade.service: Consumed 45.933s CPU time.
3月 29 11:36:02 ree-virtual-machine systemd[1]: Starting Daily apt upgrade and clean activities...
3月 29 11:36:05 ree-virtual-machine systemd[1]: apt-daily-upgrade.service: Deactivated successfully.
3月 29 11:36:05 ree-virtual-machine systemd[1]: Finished Daily apt upgrade and clean activities.
3月 29 11:36:05 ree-virtual-machine systemd[1]: apt-daily-upgrade.service: Consumed 2.567s CPU time.
-- Boot 9d814a28020a4d1b8dc1b211140df378 --
3月 30 14:43:58 ree-virtual-machine systemd[1]: Starting Daily apt upgrade and clean activities...
3月 30 14:44:12 ree-virtual-machine systemd[1]: apt-daily-upgrade.service: Deactivated successfully.
3月 30 14:44:12 ree-virtual-machine systemd[1]: Finished Daily apt upgrade and clean activities.
3月 30 14:44:12 ree-virtual-machine systemd[1]: apt-daily-upgrade.service: Consumed 12.449s CPU time.
-- Boot 436dee14f55b451a880859c1f76478af --
3月 31 21:29:49 ree-virtual-machine systemd[1]: Starting Daily apt upgrade and clean activities...
3月 31 21:29:50 ree-virtual-machine systemd[1]: apt-daily-upgrade.service: Deactivated successfully.
3月 31 21:29:50 ree-virtual-machine systemd[1]: Finished Daily apt upgrade and clean activities.
3月 31 21:29:50 ree-virtual-machine systemd[1]: apt-daily-upgrade.service: Consumed 1.534s CPU time.
4月 03 22:11:34 ree-virtual-machine systemd[1]: Starting Daily apt upgrade and clean activities...
4月 03 22:11:35 ree-virtual-machine systemd[1]: apt-daily-upgrade.service: Deactivated successfully.
4月 03 22:11:35 ree-virtual-machine systemd[1]: Finished Daily apt upgrade and clean activities.
4月 03 22:11:35 ree-virtual-machine systemd[1]: apt-daily-upgrade.service: Consumed 1.687s CPU time.
-- Boot e2fd3a66bd3b4bd68261cb94d3fee451 --
4月 04 12:53:37 ree-virtual-machine systemd[1]: Starting Daily apt upgrade and clean activities...
4月 04 12:53:49 ree-virtual-machine systemd[1]: apt-daily-upgrade.service: Deactivated successfully.
4月 04 12:53:49 ree-virtual-machine systemd[1]: Finished Daily apt upgrade and clean activities.
4月 04 12:53:49 ree-virtual-machine systemd[1]: apt-daily-upgrade.service: Consumed 6.775s CPU time.
-- Boot 66c095c2b40d4348bbbaa9bd9371fd5b --
4月 09 19:55:53 ree-virtual-machine systemd[1]: Starting Daily apt upgrade and clean activities...
4月 09 19:56:16 ree-virtual-machine systemd[1]: apt-daily-upgrade.service: Deactivated successfully.
4月 09 19:56:16 ree-virtual-machine systemd[1]: Finished Daily apt upgrade and clean activities.
4月 09 19:56:16 ree-virtual-machine systemd[1]: apt-daily-upgrade.service: Consumed 17.765s CPU time.
-- Boot 125b443d38b7450fbc1c404530e9dc9e --
4月 12 11:42:15 ree-virtual-machine systemd[1]: Starting Daily apt upgrade and clean activities...
4月 12 11:42:20 ree-virtual-machine systemd[1]: apt-daily-upgrade.service: Deactivated successfully.
4月 12 11:42:20 ree-virtual-machine systemd[1]: Finished Daily apt upgrade and clean activities.
4月 12 11:42:20 ree-virtual-machine systemd[1]: apt-daily-upgrade.service: Consumed 5.673s CPU time.
-- Boot ab354c8c35ec46309c3d583c22d4722e --
4月 13 12:08:16 ree-virtual-machine systemd[1]: Starting Daily apt upgrade and clean activities...
4月 13 12:08:18 ree-virtual-machine systemd[1]: apt-daily-upgrade.service: Deactivated successfully.
4月 13 12:08:18 ree-virtual-machine systemd[1]: Finished Daily apt upgrade and clean activities.
4月 13 12:08:18 ree-virtual-machine systemd[1]: apt-daily-upgrade.service: Consumed 1.923s CPU time.
-- Boot 6336d5d01d9d47a1a84a86d400678bbe --
4月 14 19:04:52 ree-virtual-machine systemd[1]: Starting Daily apt upgrade and clean activities...
4月 14 19:05:22 ree-virtual-machine systemd[1]: apt-daily-upgrade.service: Deactivated successfully.
4月 14 19:05:22 ree-virtual-machine systemd[1]: Finished Daily apt upgrade and clean activities.
4月 14 19:05:22 ree-virtual-machine systemd[1]: apt-daily-upgrade.service: Consumed 23.179s CPU time.

