2月 20 18:38:54 ree-virtual-machine systemd[1]: Starting Location Lookup Service...
2月 20 18:38:54 ree-virtual-machine systemd[1]: Started Location Lookup Service.
2月 20 18:39:54 ree-virtual-machine geoclue[1254]: Service not used for 60 seconds. Shutting down..
2月 20 18:39:54 ree-virtual-machine systemd[1]: geoclue.service: Deactivated successfully.
2月 20 18:40:17 ree-virtual-machine systemd[1]: Starting Location Lookup Service...
2月 20 18:40:17 ree-virtual-machine systemd[1]: Started Location Lookup Service.
2月 20 18:41:17 ree-virtual-machine geoclue[2271]: Service not used for 60 seconds. Shutting down..
2月 20 18:41:17 ree-virtual-machine systemd[1]: geoclue.service: Deactivated successfully.
-- Boot 59a08585a9874716bda9035a442e266a --
2月 20 18:52:57 ree-virtual-machine systemd[1]: Starting Location Lookup Service...
2月 20 18:52:57 ree-virtual-machine systemd[1]: Started Location Lookup Service.
2月 20 18:53:57 ree-virtual-machine geoclue[1339]: Service not used for 60 seconds. Shutting down..
2月 20 18:53:57 ree-virtual-machine systemd[1]: geoclue.service: Deactivated successfully.
2月 20 18:54:23 ree-virtual-machine systemd[1]: Starting Location Lookup Service...
2月 20 18:54:23 ree-virtual-machine systemd[1]: Started Location Lookup Service.
2月 20 18:55:23 ree-virtual-machine geoclue[1964]: Service not used for 60 seconds. Shutting down..
2月 20 18:55:23 ree-virtual-machine systemd[1]: geoclue.service: Deactivated successfully.
2月 20 18:58:45 ree-virtual-machine systemd[1]: Starting Location Lookup Service...
2月 20 18:58:45 ree-virtual-machine systemd[1]: Started Location Lookup Service.
2月 20 18:59:46 ree-virtual-machine geoclue[2632]: Service not used for 60 seconds. Shutting down..
2月 20 18:59:46 ree-virtual-machine systemd[1]: geoclue.service: Deactivated successfully.
-- Boot 4e50f35765d14836ba11bf87868d3690 --
2月 21 18:32:18 ree-virtual-machine systemd[1]: Starting Location Lookup Service...
2月 21 18:32:18 ree-virtual-machine systemd[1]: Started Location Lookup Service.
2月 21 18:33:19 ree-virtual-machine geoclue[1400]: Service not used for 60 seconds. Shutting down..
2月 21 18:33:19 ree-virtual-machine systemd[1]: geoclue.service: Deactivated successfully.
-- Boot 378ef5fc52a64e67810e6fa7a9ee31e6 --
2月 21 18:42:28 ree-virtual-machine systemd[1]: Starting Location Lookup Service...
2月 21 18:42:28 ree-virtual-machine systemd[1]: Started Location Lookup Service.
2月 21 18:43:28 ree-virtual-machine geoclue[1289]: Service not used for 60 seconds. Shutting down..
2月 21 18:43:28 ree-virtual-machine systemd[1]: geoclue.service: Deactivated successfully.
-- Boot 48d666794bf9483ca7ebe0e999848072 --
2月 21 19:01:46 ree-virtual-machine systemd[1]: Starting Location Lookup Service...
2月 21 19:01:46 ree-virtual-machine systemd[1]: Started Location Lookup Service.
2月 21 19:02:28 ree-virtual-machine systemd[1]: Stopping Location Lookup Service...
2月 21 19:02:28 ree-virtual-machine systemd[1]: geoclue.service: Deactivated successfully.
2月 21 19:02:28 ree-virtual-machine systemd[1]: Stopped Location Lookup Service.
-- Boot a0299816d1d24b8ab70b7c10b1502239 --
2月 21 19:02:38 ree-virtual-machine systemd[1]: Starting Location Lookup Service...
2月 21 19:02:38 ree-virtual-machine systemd[1]: Started Location Lookup Service.
2月 21 19:03:38 ree-virtual-machine geoclue[1311]: Service not used for 60 seconds. Shutting down..
2月 21 19:03:38 ree-virtual-machine systemd[1]: geoclue.service: Deactivated successfully.
-- Boot 7319c95352634624b166e30456e7d6e8 --
2月 21 19:17:57 ree-virtual-machine systemd[1]: Starting Location Lookup Service...
2月 21 19:17:57 ree-virtual-machine systemd[1]: Started Location Lookup Service.
2月 21 19:18:56 ree-virtual-machine geoclue[1313]: Service not used for 60 seconds. Shutting down..
2月 21 19:18:56 ree-virtual-machine systemd[1]: geoclue.service: Deactivated successfully.
-- Boot e6c010b640444a48974c34b34cbf889b --
2月 21 19:23:12 ree-virtual-machine systemd[1]: Starting Location Lookup Service...
2月 21 19:23:12 ree-virtual-machine systemd[1]: Started Location Lookup Service.
2月 21 19:24:12 ree-virtual-machine geoclue[1310]: Service not used for 60 seconds. Shutting down..
2月 21 19:24:12 ree-virtual-machine systemd[1]: geoclue.service: Deactivated successfully.
2月 21 19:28:40 ree-virtual-machine systemd[1]: Starting Location Lookup Service...
2月 21 19:28:40 ree-virtual-machine systemd[1]: Started Location Lookup Service.
2月 21 19:29:41 ree-virtual-machine geoclue[5705]: Service not used for 60 seconds. Shutting down..
2月 21 19:29:41 ree-virtual-machine systemd[1]: geoclue.service: Deactivated successfully.
-- Boot 9ce45ab8fa0345b987fea497f44c5051 --
3月 10 20:00:47 ree-virtual-machine systemd[1]: Starting Location Lookup Service...
3月 10 20:00:47 ree-virtual-machine systemd[1]: Started Location Lookup Service.
3月 10 20:01:47 ree-virtual-machine geoclue[1313]: Service not used for 60 seconds. Shutting down..
3月 10 20:01:47 ree-virtual-machine systemd[1]: geoclue.service: Deactivated successfully.
3月 10 20:03:47 ree-virtual-machine systemd[1]: Starting Location Lookup Service...
3月 10 20:03:47 ree-virtual-machine systemd[1]: Started Location Lookup Service.
3月 10 20:04:47 ree-virtual-machine geoclue[4388]: Service not used for 60 seconds. Shutting down..
3月 10 20:04:47 ree-virtual-machine systemd[1]: geoclue.service: Deactivated successfully.
-- Boot 78840721b8c14d03929c91da9cf2989f --
3月 15 11:06:38 ree-virtual-machine systemd[1]: Starting Location Lookup Service...
3月 15 11:06:38 ree-virtual-machine systemd[1]: Started Location Lookup Service.
3月 15 11:07:35 ree-virtual-machine geoclue[1314]: Service not used for 60 seconds. Shutting down..
3月 15 11:07:35 ree-virtual-machine systemd[1]: geoclue.service: Deactivated successfully.
3月 15 11:09:31 ree-virtual-machine systemd[1]: Starting Location Lookup Service...
3月 15 11:09:31 ree-virtual-machine systemd[1]: Started Location Lookup Service.
3月 15 11:10:31 ree-virtual-machine geoclue[1825]: Service not used for 60 seconds. Shutting down..
3月 15 11:10:31 ree-virtual-machine systemd[1]: geoclue.service: Deactivated successfully.
-- Boot ca9b2e5e215f4f3fbeb8e0a2983e83e6 --
3月 22 19:20:04 ree-virtual-machine systemd[1]: Starting Location Lookup Service...
3月 22 19:20:04 ree-virtual-machine systemd[1]: Started Location Lookup Service.
3月 22 19:21:01 ree-virtual-machine geoclue[1324]: Service not used for 60 seconds. Shutting down..
3月 22 19:21:01 ree-virtual-machine systemd[1]: geoclue.service: Deactivated successfully.
-- Boot ee7967cec9534f4aa0162aa833ebf2b7 --
3月 22 19:56:30 ree-virtual-machine systemd[1]: Starting Location Lookup Service...
3月 22 19:56:30 ree-virtual-machine systemd[1]: Started Location Lookup Service.
3月 22 19:57:31 ree-virtual-machine geoclue[1285]: Service not used for 60 seconds. Shutting down..
3月 22 19:57:31 ree-virtual-machine systemd[1]: geoclue.service: Deactivated successfully.
-- Boot 9e3eeb915f5e4d0aab1fa06627dc238a --
3月 25 22:03:03 ree-virtual-machine systemd[1]: Starting Location Lookup Service...
3月 25 22:03:03 ree-virtual-machine systemd[1]: Started Location Lookup Service.
3月 25 22:04:02 ree-virtual-machine geoclue[1309]: Service not used for 60 seconds. Shutting down..
3月 25 22:04:02 ree-virtual-machine systemd[1]: geoclue.service: Deactivated successfully.
-- Boot cce731051b6244c4a03f32893ae3c956 --
3月 28 10:31:07 ree-virtual-machine systemd[1]: Starting Location Lookup Service...
3月 28 10:31:07 ree-virtual-machine systemd[1]: Started Location Lookup Service.
3月 28 10:32:07 ree-virtual-machine geoclue[1301]: Service not used for 60 seconds. Shutting down..
3月 28 10:32:07 ree-virtual-machine systemd[1]: geoclue.service: Deactivated successfully.
3月 28 10:37:48 ree-virtual-machine systemd[1]: Starting Location Lookup Service...
3月 28 10:37:48 ree-virtual-machine systemd[1]: Started Location Lookup Service.
3月 28 10:38:48 ree-virtual-machine geoclue[1782]: Service not used for 60 seconds. Shutting down..
3月 28 10:38:48 ree-virtual-machine systemd[1]: geoclue.service: Deactivated successfully.
-- Boot 2a886fae77824755a4d8c5453e54eec8 --
3月 29 11:43:35 ree-virtual-machine systemd[1]: Starting Location Lookup Service...
3月 29 11:43:35 ree-virtual-machine systemd[1]: Started Location Lookup Service.
3月 29 11:44:35 ree-virtual-machine geoclue[1314]: Service not used for 60 seconds. Shutting down..
3月 29 11:44:35 ree-virtual-machine systemd[1]: geoclue.service: Deactivated successfully.
-- Boot bb0991777ac541be83385906c043308d --
3月 29 12:42:43 ree-virtual-machine systemd[1]: Starting Location Lookup Service...
3月 29 12:42:43 ree-virtual-machine systemd[1]: Started Location Lookup Service.
3月 29 12:43:44 ree-virtual-machine geoclue[1339]: Service not used for 60 seconds. Shutting down..
3月 29 12:43:44 ree-virtual-machine systemd[1]: geoclue.service: Deactivated successfully.
-- Boot d7712a95bc0b49358ac3d7c9a0282431 --
3月 29 13:18:50 ree-virtual-machine systemd[1]: Starting Location Lookup Service...
3月 29 13:18:50 ree-virtual-machine systemd[1]: Started Location Lookup Service.
3月 29 13:19:49 ree-virtual-machine geoclue[1374]: Service not used for 60 seconds. Shutting down..
3月 29 13:19:49 ree-virtual-machine systemd[1]: geoclue.service: Deactivated successfully.
3月 29 13:19:50 ree-virtual-machine systemd[1]: Starting Location Lookup Service...
3月 29 13:19:50 ree-virtual-machine systemd[1]: Started Location Lookup Service.
3月 29 13:20:50 ree-virtual-machine geoclue[1903]: Service not used for 60 seconds. Shutting down..
3月 29 13:20:50 ree-virtual-machine systemd[1]: geoclue.service: Deactivated successfully.
-- Boot 19b4dd46eb7b4597999d4311a7fcd580 --
3月 29 13:24:47 ree-virtual-machine systemd[1]: Starting Location Lookup Service...
3月 29 13:24:47 ree-virtual-machine systemd[1]: Started Location Lookup Service.
3月 29 13:25:47 ree-virtual-machine geoclue[1302]: Service not used for 60 seconds. Shutting down..
3月 29 13:25:47 ree-virtual-machine systemd[1]: geoclue.service: Deactivated successfully.
-- Boot 9d814a28020a4d1b8dc1b211140df378 --
3月 30 14:04:56 ree-virtual-machine systemd[1]: Starting Location Lookup Service...
3月 30 14:04:56 ree-virtual-machine systemd[1]: Started Location Lookup Service.
3月 30 14:05:55 ree-virtual-machine geoclue[1325]: Service not used for 60 seconds. Shutting down..
3月 30 14:05:55 ree-virtual-machine systemd[1]: geoclue.service: Deactivated successfully.
-- Boot 84aa09a898d145c7a959de6db29053d7 --
3月 30 15:02:23 ree-virtual-machine systemd[1]: Starting Location Lookup Service...
3月 30 15:02:23 ree-virtual-machine systemd[1]: Started Location Lookup Service.
3月 30 15:02:52 ree-virtual-machine systemd[1]: Stopping Location Lookup Service...
3月 30 15:02:52 ree-virtual-machine systemd[1]: geoclue.service: Deactivated successfully.
3月 30 15:02:52 ree-virtual-machine systemd[1]: Stopped Location Lookup Service.
-- Boot aa4829cf4bad48fb9f7b1a4eb947f5c0 --
3月 30 15:03:29 ree-virtual-machine systemd[1]: Starting Location Lookup Service...
3月 30 15:03:30 ree-virtual-machine systemd[1]: Started Location Lookup Service.
3月 30 15:03:35 ree-virtual-machine systemd[1]: Stopping Location Lookup Service...
3月 30 15:03:36 ree-virtual-machine systemd[1]: geoclue.service: Deactivated successfully.
3月 30 15:03:36 ree-virtual-machine systemd[1]: Stopped Location Lookup Service.
-- Boot 00a7e42d2b624b439bea376a3bc361f1 --
3月 30 15:14:16 ree-virtual-machine systemd[1]: Starting Location Lookup Service...
3月 30 15:14:16 ree-virtual-machine systemd[1]: Started Location Lookup Service.
3月 30 15:15:05 ree-virtual-machine systemd[1]: Stopping Location Lookup Service...
3月 30 15:15:05 ree-virtual-machine systemd[1]: geoclue.service: Deactivated successfully.
3月 30 15:15:05 ree-virtual-machine systemd[1]: Stopped Location Lookup Service.
-- Boot 1516c1af27714148858b849306510739 --
3月 30 15:23:28 ree-virtual-machine systemd[1]: Starting Location Lookup Service...
3月 30 15:23:28 ree-virtual-machine systemd[1]: Started Location Lookup Service.
3月 30 15:24:27 ree-virtual-machine geoclue[1287]: Service not used for 60 seconds. Shutting down..
3月 30 15:24:27 ree-virtual-machine systemd[1]: geoclue.service: Deactivated successfully.
-- Boot 9069828abd4b41e5829b4880b07ecdde --
3月 30 15:38:55 ree-virtual-machine systemd[1]: Starting Location Lookup Service...
3月 30 15:38:55 ree-virtual-machine systemd[1]: Started Location Lookup Service.
3月 30 15:39:56 ree-virtual-machine geoclue[1295]: Service not used for 60 seconds. Shutting down..
3月 30 15:39:56 ree-virtual-machine systemd[1]: geoclue.service: Deactivated successfully.
-- Boot 76e16ebfbeab47788bc4dd8853d9fe7e --
3月 30 17:34:22 ree-virtual-machine systemd[1]: Starting Location Lookup Service...
3月 30 17:34:22 ree-virtual-machine systemd[1]: Started Location Lookup Service.
3月 30 17:35:23 ree-virtual-machine geoclue[1383]: Service not used for 60 seconds. Shutting down..
3月 30 17:35:23 ree-virtual-machine systemd[1]: geoclue.service: Deactivated successfully.
-- Boot e249c720d58849269d73a22f14ee6fb9 --
3月 30 20:32:35 ree-virtual-machine systemd[1]: Starting Location Lookup Service...
3月 30 20:32:35 ree-virtual-machine systemd[1]: Started Location Lookup Service.
3月 30 20:33:35 ree-virtual-machine geoclue[1265]: Service not used for 60 seconds. Shutting down..
3月 30 20:33:35 ree-virtual-machine systemd[1]: geoclue.service: Deactivated successfully.
-- Boot 9ccccf2adff74839b8fba49d83281f8b --
3月 30 22:53:47 ree-virtual-machine systemd[1]: Starting Location Lookup Service...
3月 30 22:53:47 ree-virtual-machine systemd[1]: Started Location Lookup Service.
3月 30 22:54:46 ree-virtual-machine geoclue[1305]: Service not used for 60 seconds. Shutting down..
3月 30 22:54:46 ree-virtual-machine systemd[1]: geoclue.service: Deactivated successfully.
-- Boot 308f7b0f7a274f0bb6200973f34667b6 --
3月 31 00:22:31 ree-virtual-machine systemd[1]: Starting Location Lookup Service...
3月 31 00:22:31 ree-virtual-machine systemd[1]: Started Location Lookup Service.
3月 31 00:23:30 ree-virtual-machine geoclue[1320]: Service not used for 60 seconds. Shutting down..
3月 31 00:23:30 ree-virtual-machine systemd[1]: geoclue.service: Deactivated successfully.
-- Boot d85c7c53e5114994bc2f0f623b3af509 --
3月 31 19:12:19 ree-virtual-machine systemd[1]: Starting Location Lookup Service...
3月 31 19:12:19 ree-virtual-machine systemd[1]: Started Location Lookup Service.
3月 31 19:13:19 ree-virtual-machine geoclue[1307]: Service not used for 60 seconds. Shutting down..
3月 31 19:13:19 ree-virtual-machine systemd[1]: geoclue.service: Deactivated successfully.
-- Boot 09785a07d95540b1ad518945fbcc300d --
3月 31 19:43:52 ree-virtual-machine systemd[1]: Starting Location Lookup Service...
3月 31 19:43:52 ree-virtual-machine systemd[1]: Started Location Lookup Service.
3月 31 19:44:53 ree-virtual-machine geoclue[1263]: Service not used for 60 seconds. Shutting down..
3月 31 19:44:53 ree-virtual-machine systemd[1]: geoclue.service: Deactivated successfully.
-- Boot 436dee14f55b451a880859c1f76478af --
3月 31 21:10:05 ree-virtual-machine systemd[1]: Starting Location Lookup Service...
3月 31 21:10:06 ree-virtual-machine systemd[1]: Started Location Lookup Service.
3月 31 21:11:06 ree-virtual-machine geoclue[1304]: Service not used for 60 seconds. Shutting down..
3月 31 21:11:06 ree-virtual-machine systemd[1]: geoclue.service: Deactivated successfully.
-- Boot e2fd3a66bd3b4bd68261cb94d3fee451 --
4月 04 12:20:49 ree-virtual-machine systemd[1]: Starting Location Lookup Service...
4月 04 12:20:49 ree-virtual-machine systemd[1]: Started Location Lookup Service.
4月 04 12:21:47 ree-virtual-machine geoclue[1317]: Service not used for 60 seconds. Shutting down..
4月 04 12:21:47 ree-virtual-machine systemd[1]: geoclue.service: Deactivated successfully.
-- Boot 25dbee67bff049baa23eecea014b8763 --
4月 04 17:35:56 ree-virtual-machine systemd[1]: Starting Location Lookup Service...
4月 04 17:35:56 ree-virtual-machine systemd[1]: Started Location Lookup Service.
4月 04 17:36:54 ree-virtual-machine geoclue[1296]: Service not used for 60 seconds. Shutting down..
4月 04 17:36:54 ree-virtual-machine systemd[1]: geoclue.service: Deactivated successfully.
-- Boot 0d532a9de8ef4df1a92a1cc3f8ce562d --
4月 09 19:14:36 ree-virtual-machine systemd[1]: Starting Location Lookup Service...
4月 09 19:14:36 ree-virtual-machine systemd[1]: Started Location Lookup Service.
4月 09 19:15:33 ree-virtual-machine geoclue[1330]: Service not used for 60 seconds. Shutting down..
4月 09 19:15:33 ree-virtual-machine systemd[1]: geoclue.service: Deactivated successfully.
-- Boot 66c095c2b40d4348bbbaa9bd9371fd5b --
4月 09 19:21:24 ree-virtual-machine systemd[1]: Starting Location Lookup Service...
4月 09 19:21:24 ree-virtual-machine systemd[1]: Started Location Lookup Service.
4月 09 19:22:20 ree-virtual-machine geoclue[1309]: Service not used for 60 seconds. Shutting down..
4月 09 19:22:20 ree-virtual-machine systemd[1]: geoclue.service: Deactivated successfully.
-- Boot 125b443d38b7450fbc1c404530e9dc9e --
4月 12 11:22:04 ree-virtual-machine systemd[1]: Starting Location Lookup Service...
4月 12 11:22:04 ree-virtual-machine systemd[1]: Started Location Lookup Service.
4月 12 11:23:03 ree-virtual-machine geoclue[1477]: Service not used for 60 seconds. Shutting down..
4月 12 11:23:03 ree-virtual-machine systemd[1]: geoclue.service: Deactivated successfully.
4月 12 11:28:25 ree-virtual-machine systemd[1]: Starting Location Lookup Service...
4月 12 11:28:25 ree-virtual-machine systemd[1]: Started Location Lookup Service.
4月 12 11:29:25 ree-virtual-machine geoclue[2177]: Service not used for 60 seconds. Shutting down..
4月 12 11:29:25 ree-virtual-machine systemd[1]: geoclue.service: Deactivated successfully.
-- Boot e043495edc834fd3b8de378cf5b742ab --
4月 12 12:32:40 ree-virtual-machine systemd[1]: Starting Location Lookup Service...
4月 12 12:32:41 ree-virtual-machine systemd[1]: Started Location Lookup Service.
4月 12 12:33:40 ree-virtual-machine geoclue[1259]: Service not used for 60 seconds. Shutting down..
4月 12 12:33:40 ree-virtual-machine systemd[1]: geoclue.service: Deactivated successfully.
-- Boot 9296bd89129642f58a1e422116180a89 --
4月 12 19:33:21 ree-virtual-machine systemd[1]: Starting Location Lookup Service...
4月 12 19:33:21 ree-virtual-machine systemd[1]: Started Location Lookup Service.
4月 12 19:34:21 ree-virtual-machine geoclue[1378]: Service not used for 60 seconds. Shutting down..
4月 12 19:34:21 ree-virtual-machine systemd[1]: geoclue.service: Deactivated successfully.
-- Boot e44af90cbb3e49179059ad1de25c45d0 --
4月 12 21:31:08 ree-virtual-machine systemd[1]: Starting Location Lookup Service...
4月 12 21:31:09 ree-virtual-machine systemd[1]: Started Location Lookup Service.
4月 12 21:35:08 ree-virtual-machine geoclue[1266]: Service not used for 60 seconds. Shutting down..
4月 12 21:35:08 ree-virtual-machine systemd[1]: geoclue.service: Deactivated successfully.
-- Boot 670c3aae65b84f6c8708951f52467260 --
4月 12 21:49:16 ree-virtual-machine systemd[1]: Starting Location Lookup Service...
4月 12 21:49:16 ree-virtual-machine systemd[1]: Started Location Lookup Service.
4月 12 21:50:16 ree-virtual-machine geoclue[1266]: Service not used for 60 seconds. Shutting down..
4月 12 21:50:16 ree-virtual-machine systemd[1]: geoclue.service: Deactivated successfully.
-- Boot 73255c0c6dec4ce4bca99ec2ceb12507 --
4月 12 21:53:30 ree-virtual-machine systemd[1]: Starting Location Lookup Service...
4月 12 21:53:30 ree-virtual-machine systemd[1]: Started Location Lookup Service.
4月 12 21:54:31 ree-virtual-machine geoclue[1264]: Service not used for 60 seconds. Shutting down..
4月 12 21:54:31 ree-virtual-machine systemd[1]: geoclue.service: Deactivated successfully.
-- Boot ab354c8c35ec46309c3d583c22d4722e --
4月 13 11:49:20 ree-virtual-machine systemd[1]: Starting Location Lookup Service...
4月 13 11:49:20 ree-virtual-machine systemd[1]: Started Location Lookup Service.
4月 13 11:50:19 ree-virtual-machine geoclue[1386]: Service not used for 60 seconds. Shutting down..
4月 13 11:50:19 ree-virtual-machine systemd[1]: geoclue.service: Deactivated successfully.
-- Boot 1223bb12cf164754a34338b3879bc416 --
4月 13 20:22:54 ree-virtual-machine systemd[1]: Starting Location Lookup Service...
4月 13 20:22:54 ree-virtual-machine systemd[1]: Started Location Lookup Service.
4月 13 20:23:54 ree-virtual-machine geoclue[1318]: Service not used for 60 seconds. Shutting down..
4月 13 20:23:54 ree-virtual-machine systemd[1]: geoclue.service: Deactivated successfully.
-- Boot eedc866258b546db86377bdd16f52c6c --
4月 13 23:33:03 ree-virtual-machine systemd[1]: Starting Location Lookup Service...
4月 13 23:33:03 ree-virtual-machine systemd[1]: Started Location Lookup Service.
4月 13 23:34:04 ree-virtual-machine geoclue[1382]: Service not used for 60 seconds. Shutting down..
4月 13 23:34:04 ree-virtual-machine systemd[1]: geoclue.service: Deactivated successfully.
-- Boot 6336d5d01d9d47a1a84a86d400678bbe --
4月 14 18:40:07 ree-virtual-machine systemd[1]: Starting Location Lookup Service...
4月 14 18:40:08 ree-virtual-machine systemd[1]: Started Location Lookup Service.
4月 14 18:41:08 ree-virtual-machine geoclue[1376]: Service not used for 60 seconds. Shutting down..
4月 14 18:41:08 ree-virtual-machine systemd[1]: geoclue.service: Deactivated successfully.
-- Boot 00425514c17e404db4cc5611a8f55ed9 --
4月 14 21:28:25 ree-virtual-machine systemd[1]: Starting Location Lookup Service...
4月 14 21:28:25 ree-virtual-machine systemd[1]: Started Location Lookup Service.
4月 14 21:29:26 ree-virtual-machine geoclue[1353]: Service not used for 60 seconds. Shutting down..
4月 14 21:29:26 ree-virtual-machine systemd[1]: geoclue.service: Deactivated successfully.

