2月 21 18:57:26 ree-virtual-machine systemd[1]: Starting Cleanup of Temporary Directories...
2月 21 18:57:26 ree-virtual-machine systemd[1]: systemd-tmpfiles-clean.service: Deactivated successfully.
2月 21 18:57:26 ree-virtual-machine systemd[1]: Finished Cleanup of Temporary Directories.
-- Boot a0299816d1d24b8ab70b7c10b1502239 --
2月 21 19:17:37 ree-virtual-machine systemd[1]: Starting Cleanup of Temporary Directories...
2月 21 19:17:37 ree-virtual-machine systemd[1]: systemd-tmpfiles-clean.service: Deactivated successfully.
2月 21 19:17:37 ree-virtual-machine systemd[1]: Finished Cleanup of Temporary Directories.
-- Boot e6c010b640444a48974c34b34cbf889b --
2月 21 19:38:11 ree-virtual-machine systemd[1]: Starting Cleanup of Temporary Directories...
2月 21 19:38:11 ree-virtual-machine systemd[1]: systemd-tmpfiles-clean.service: Deactivated successfully.
2月 21 19:38:11 ree-virtual-machine systemd[1]: Finished Cleanup of Temporary Directories.
-- Boot 9ce45ab8fa0345b987fea497f44c5051 --
3月 10 20:15:44 ree-virtual-machine systemd[1]: Starting Cleanup of Temporary Directories...
3月 10 20:15:44 ree-virtual-machine systemd[1]: systemd-tmpfiles-clean.service: Deactivated successfully.
3月 10 20:15:44 ree-virtual-machine systemd[1]: Finished Cleanup of Temporary Directories.
-- Boot 78840721b8c14d03929c91da9cf2989f --
3月 15 11:21:32 ree-virtual-machine systemd[1]: Starting Cleanup of Temporary Directories...
3月 15 11:21:32 ree-virtual-machine systemd[1]: systemd-tmpfiles-clean.service: Deactivated successfully.
3月 15 11:21:32 ree-virtual-machine systemd[1]: Finished Cleanup of Temporary Directories.
-- Boot ca9b2e5e215f4f3fbeb8e0a2983e83e6 --
3月 22 19:34:56 ree-virtual-machine systemd[1]: Starting Cleanup of Temporary Directories...
3月 22 19:34:56 ree-virtual-machine systemd[1]: systemd-tmpfiles-clean.service: Deactivated successfully.
3月 22 19:34:56 ree-virtual-machine systemd[1]: Finished Cleanup of Temporary Directories.
-- Boot ee7967cec9534f4aa0162aa833ebf2b7 --
3月 22 20:11:29 ree-virtual-machine systemd[1]: Starting Cleanup of Temporary Directories...
3月 22 20:11:29 ree-virtual-machine systemd[1]: systemd-tmpfiles-clean.service: Deactivated successfully.
3月 22 20:11:29 ree-virtual-machine systemd[1]: Finished Cleanup of Temporary Directories.
-- Boot 9e3eeb915f5e4d0aab1fa06627dc238a --
3月 25 22:17:59 ree-virtual-machine systemd[1]: Starting Cleanup of Temporary Directories...
3月 25 22:17:59 ree-virtual-machine systemd[1]: systemd-tmpfiles-clean.service: Deactivated successfully.
3月 25 22:17:59 ree-virtual-machine systemd[1]: Finished Cleanup of Temporary Directories.
-- Boot cce731051b6244c4a03f32893ae3c956 --
3月 28 10:46:04 ree-virtual-machine systemd[1]: Starting Cleanup of Temporary Directories...
3月 28 10:46:04 ree-virtual-machine systemd[1]: systemd-tmpfiles-clean.service: Deactivated successfully.
3月 28 10:46:04 ree-virtual-machine systemd[1]: Finished Cleanup of Temporary Directories.
-- Boot 2a886fae77824755a4d8c5453e54eec8 --
3月 29 11:58:33 ree-virtual-machine systemd[1]: Starting Cleanup of Temporary Directories...
3月 29 11:58:33 ree-virtual-machine systemd[1]: systemd-tmpfiles-clean.service: Deactivated successfully.
3月 29 11:58:33 ree-virtual-machine systemd[1]: Finished Cleanup of Temporary Directories.
-- Boot 19b4dd46eb7b4597999d4311a7fcd580 --
3月 29 13:39:44 ree-virtual-machine systemd[1]: Starting Cleanup of Temporary Directories...
3月 29 13:39:44 ree-virtual-machine systemd[1]: systemd-tmpfiles-clean.service: Deactivated successfully.
3月 29 13:39:44 ree-virtual-machine systemd[1]: Finished Cleanup of Temporary Directories.
-- Boot 9d814a28020a4d1b8dc1b211140df378 --
3月 30 14:19:48 ree-virtual-machine systemd[1]: Starting Cleanup of Temporary Directories...
3月 30 14:19:48 ree-virtual-machine systemd[1]: systemd-tmpfiles-clean.service: Deactivated successfully.
3月 30 14:19:48 ree-virtual-machine systemd[1]: Finished Cleanup of Temporary Directories.
-- Boot 1516c1af27714148858b849306510739 --
3月 30 15:38:16 ree-virtual-machine systemd[1]: Starting Cleanup of Temporary Directories...
3月 30 15:38:16 ree-virtual-machine systemd[1]: systemd-tmpfiles-clean.service: Deactivated successfully.
3月 30 15:38:16 ree-virtual-machine systemd[1]: Stopped Cleanup of Temporary Directories.
-- Boot 76e16ebfbeab47788bc4dd8853d9fe7e --
3月 30 17:49:16 ree-virtual-machine systemd[1]: Starting Cleanup of Temporary Directories...
3月 30 17:49:16 ree-virtual-machine systemd[1]: systemd-tmpfiles-clean.service: Deactivated successfully.
3月 30 17:49:17 ree-virtual-machine systemd[1]: Finished Cleanup of Temporary Directories.
-- Boot e249c720d58849269d73a22f14ee6fb9 --
3月 30 20:47:35 ree-virtual-machine systemd[1]: Starting Cleanup of Temporary Directories...
3月 30 20:47:35 ree-virtual-machine systemd[1]: systemd-tmpfiles-clean.service: Deactivated successfully.
3月 30 20:47:35 ree-virtual-machine systemd[1]: Finished Cleanup of Temporary Directories.
-- Boot 9ccccf2adff74839b8fba49d83281f8b --
3月 30 23:08:45 ree-virtual-machine systemd[1]: Starting Cleanup of Temporary Directories...
3月 30 23:08:45 ree-virtual-machine systemd[1]: systemd-tmpfiles-clean.service: Deactivated successfully.
3月 30 23:08:45 ree-virtual-machine systemd[1]: Finished Cleanup of Temporary Directories.
-- Boot d85c7c53e5114994bc2f0f623b3af509 --
3月 31 19:27:18 ree-virtual-machine systemd[1]: Starting Cleanup of Temporary Directories...
3月 31 19:27:18 ree-virtual-machine systemd[1]: systemd-tmpfiles-clean.service: Deactivated successfully.
3月 31 19:27:18 ree-virtual-machine systemd[1]: Finished Cleanup of Temporary Directories.
-- Boot 436dee14f55b451a880859c1f76478af --
3月 31 21:25:05 ree-virtual-machine systemd[1]: Starting Cleanup of Temporary Directories...
3月 31 21:25:05 ree-virtual-machine systemd[1]: systemd-tmpfiles-clean.service: Deactivated successfully.
3月 31 21:25:05 ree-virtual-machine systemd[1]: Finished Cleanup of Temporary Directories.
-- Boot e2fd3a66bd3b4bd68261cb94d3fee451 --
4月 04 12:35:46 ree-virtual-machine systemd[1]: Starting Cleanup of Temporary Directories...
4月 04 12:35:46 ree-virtual-machine systemd[1]: systemd-tmpfiles-clean.service: Deactivated successfully.
4月 04 12:35:46 ree-virtual-machine systemd[1]: Finished Cleanup of Temporary Directories.
-- Boot 25dbee67bff049baa23eecea014b8763 --
4月 04 17:50:53 ree-virtual-machine systemd[1]: Starting Cleanup of Temporary Directories...
4月 04 17:50:53 ree-virtual-machine systemd[1]: systemd-tmpfiles-clean.service: Deactivated successfully.
4月 04 17:50:53 ree-virtual-machine systemd[1]: Finished Cleanup of Temporary Directories.
-- Boot 66c095c2b40d4348bbbaa9bd9371fd5b --
4月 09 19:36:17 ree-virtual-machine systemd[1]: Starting Cleanup of Temporary Directories...
4月 09 19:36:17 ree-virtual-machine systemd[1]: systemd-tmpfiles-clean.service: Deactivated successfully.
4月 09 19:36:17 ree-virtual-machine systemd[1]: Finished Cleanup of Temporary Directories.
-- Boot 125b443d38b7450fbc1c404530e9dc9e --
4月 12 11:36:58 ree-virtual-machine systemd[1]: Starting Cleanup of Temporary Directories...
4月 12 11:36:58 ree-virtual-machine systemd[1]: systemd-tmpfiles-clean.service: Deactivated successfully.
4月 12 11:36:58 ree-virtual-machine systemd[1]: Finished Cleanup of Temporary Directories.
-- Boot e043495edc834fd3b8de378cf5b742ab --
4月 12 12:47:38 ree-virtual-machine systemd[1]: Starting Cleanup of Temporary Directories...
4月 12 12:47:38 ree-virtual-machine systemd[1]: systemd-tmpfiles-clean.service: Deactivated successfully.
4月 12 12:47:38 ree-virtual-machine systemd[1]: Finished Cleanup of Temporary Directories.
-- Boot 9296bd89129642f58a1e422116180a89 --
4月 12 19:48:20 ree-virtual-machine systemd[1]: Starting Cleanup of Temporary Directories...
4月 12 19:48:20 ree-virtual-machine systemd[1]: systemd-tmpfiles-clean.service: Deactivated successfully.
4月 12 19:48:20 ree-virtual-machine systemd[1]: Finished Cleanup of Temporary Directories.
-- Boot 73255c0c6dec4ce4bca99ec2ceb12507 --
4月 12 22:08:30 ree-virtual-machine systemd[1]: Starting Cleanup of Temporary Directories...
4月 12 22:08:30 ree-virtual-machine systemd[1]: systemd-tmpfiles-clean.service: Deactivated successfully.
4月 12 22:08:30 ree-virtual-machine systemd[1]: Finished Cleanup of Temporary Directories.
-- Boot ab354c8c35ec46309c3d583c22d4722e --
4月 13 12:04:12 ree-virtual-machine systemd[1]: Starting Cleanup of Temporary Directories...
4月 13 12:04:13 ree-virtual-machine systemd[1]: systemd-tmpfiles-clean.service: Deactivated successfully.
4月 13 12:04:13 ree-virtual-machine systemd[1]: Finished Cleanup of Temporary Directories.
-- Boot 1223bb12cf164754a34338b3879bc416 --
4月 13 20:37:53 ree-virtual-machine systemd[1]: Starting Cleanup of Temporary Directories...
4月 13 20:37:53 ree-virtual-machine systemd[1]: systemd-tmpfiles-clean.service: Deactivated successfully.
4月 13 20:37:53 ree-virtual-machine systemd[1]: Finished Cleanup of Temporary Directories.
-- Boot eedc866258b546db86377bdd16f52c6c --
4月 13 23:47:55 ree-virtual-machine systemd[1]: Starting Cleanup of Temporary Directories...
4月 13 23:47:55 ree-virtual-machine systemd[1]: systemd-tmpfiles-clean.service: Deactivated successfully.
4月 13 23:47:55 ree-virtual-machine systemd[1]: Finished Cleanup of Temporary Directories.
-- Boot 6336d5d01d9d47a1a84a86d400678bbe --
4月 14 18:55:00 ree-virtual-machine systemd[1]: Starting Cleanup of Temporary Directories...
4月 14 18:55:00 ree-virtual-machine systemd[1]: systemd-tmpfiles-clean.service: Deactivated successfully.
4月 14 18:55:00 ree-virtual-machine systemd[1]: Finished Cleanup of Temporary Directories.
-- Boot 00425514c17e404db4cc5611a8f55ed9 --
4月 14 21:43:24 ree-virtual-machine systemd[1]: Starting Cleanup of Temporary Directories...
4月 14 21:43:24 ree-virtual-machine systemd[1]: systemd-tmpfiles-clean.service: Deactivated successfully.
4月 14 21:43:24 ree-virtual-machine systemd[1]: Finished Cleanup of Temporary Directories.

