2月 20 18:38:53 ree-virtual-machine systemd[1]: Starting Daemon for power management...
2月 20 18:38:53 ree-virtual-machine systemd[1]: Started Daemon for power management.
2月 20 18:52:48 ree-virtual-machine systemd[1]: Stopping Daemon for power management...
2月 20 18:52:48 ree-virtual-machine systemd[1]: upower.service: Deactivated successfully.
2月 20 18:52:48 ree-virtual-machine systemd[1]: Stopped Daemon for power management.
-- Boot 59a08585a9874716bda9035a442e266a --
2月 20 18:52:56 ree-virtual-machine systemd[1]: Starting Daemon for power management...
2月 20 18:52:56 ree-virtual-machine systemd[1]: Started Daemon for power management.
-- Boot 4e50f35765d14836ba11bf87868d3690 --
2月 21 18:32:17 ree-virtual-machine systemd[1]: Starting Daemon for power management...
2月 21 18:32:17 ree-virtual-machine systemd[1]: Started Daemon for power management.
2月 21 18:41:05 ree-virtual-machine systemd[1]: Stopping Daemon for power management...
2月 21 18:41:05 ree-virtual-machine systemd[1]: upower.service: Deactivated successfully.
2月 21 18:41:05 ree-virtual-machine systemd[1]: Stopped Daemon for power management.
-- Boot 378ef5fc52a64e67810e6fa7a9ee31e6 --
2月 21 18:42:27 ree-virtual-machine systemd[1]: Starting Daemon for power management...
2月 21 18:42:27 ree-virtual-machine systemd[1]: Started Daemon for power management.
2月 21 19:01:35 ree-virtual-machine systemd[1]: Stopping Daemon for power management...
2月 21 19:01:35 ree-virtual-machine systemd[1]: upower.service: Deactivated successfully.
2月 21 19:01:35 ree-virtual-machine systemd[1]: Stopped Daemon for power management.
-- Boot 48d666794bf9483ca7ebe0e999848072 --
2月 21 19:01:46 ree-virtual-machine systemd[1]: Starting Daemon for power management...
2月 21 19:01:46 ree-virtual-machine systemd[1]: Started Daemon for power management.
2月 21 19:02:28 ree-virtual-machine systemd[1]: Stopping Daemon for power management...
2月 21 19:02:28 ree-virtual-machine systemd[1]: upower.service: Deactivated successfully.
2月 21 19:02:28 ree-virtual-machine systemd[1]: Stopped Daemon for power management.
-- Boot a0299816d1d24b8ab70b7c10b1502239 --
2月 21 19:02:38 ree-virtual-machine systemd[1]: Starting Daemon for power management...
2月 21 19:02:38 ree-virtual-machine systemd[1]: Started Daemon for power management.
2月 21 19:17:46 ree-virtual-machine systemd[1]: Stopping Daemon for power management...
2月 21 19:17:46 ree-virtual-machine systemd[1]: upower.service: Deactivated successfully.
2月 21 19:17:46 ree-virtual-machine systemd[1]: Stopped Daemon for power management.
-- Boot 7319c95352634624b166e30456e7d6e8 --
2月 21 19:17:56 ree-virtual-machine systemd[1]: Starting Daemon for power management...
2月 21 19:17:56 ree-virtual-machine systemd[1]: Started Daemon for power management.
2月 21 19:23:02 ree-virtual-machine systemd[1]: Stopping Daemon for power management...
2月 21 19:23:02 ree-virtual-machine systemd[1]: upower.service: Deactivated successfully.
2月 21 19:23:02 ree-virtual-machine systemd[1]: Stopped Daemon for power management.
-- Boot e6c010b640444a48974c34b34cbf889b --
2月 21 19:23:11 ree-virtual-machine systemd[1]: Starting Daemon for power management...
2月 21 19:23:11 ree-virtual-machine systemd[1]: Started Daemon for power management.
2月 21 19:50:53 ree-virtual-machine systemd[1]: Stopping Daemon for power management...
2月 21 19:50:53 ree-virtual-machine systemd[1]: upower.service: Deactivated successfully.
2月 21 19:50:53 ree-virtual-machine systemd[1]: Stopped Daemon for power management.
-- Boot 9ce45ab8fa0345b987fea497f44c5051 --
3月 10 20:00:46 ree-virtual-machine systemd[1]: Starting Daemon for power management...
3月 10 20:00:46 ree-virtual-machine systemd[1]: Started Daemon for power management.
3月 10 20:30:58 ree-virtual-machine systemd[1]: Stopping Daemon for power management...
3月 10 20:30:58 ree-virtual-machine systemd[1]: upower.service: Deactivated successfully.
3月 10 20:30:58 ree-virtual-machine systemd[1]: Stopped Daemon for power management.
-- Boot 78840721b8c14d03929c91da9cf2989f --
3月 15 11:06:37 ree-virtual-machine systemd[1]: Starting Daemon for power management...
3月 15 11:06:37 ree-virtual-machine systemd[1]: Started Daemon for power management.
3月 15 11:27:13 ree-virtual-machine systemd[1]: Stopping Daemon for power management...
3月 15 11:27:13 ree-virtual-machine systemd[1]: upower.service: Deactivated successfully.
3月 15 11:27:13 ree-virtual-machine systemd[1]: Stopped Daemon for power management.
-- Boot ca9b2e5e215f4f3fbeb8e0a2983e83e6 --
3月 22 19:20:02 ree-virtual-machine systemd[1]: Starting Daemon for power management...
3月 22 19:20:02 ree-virtual-machine systemd[1]: Started Daemon for power management.
3月 22 19:56:18 ree-virtual-machine systemd[1]: Stopping Daemon for power management...
3月 22 19:56:18 ree-virtual-machine systemd[1]: upower.service: Deactivated successfully.
3月 22 19:56:18 ree-virtual-machine systemd[1]: Stopped Daemon for power management.
-- Boot ee7967cec9534f4aa0162aa833ebf2b7 --
3月 22 19:56:30 ree-virtual-machine systemd[1]: Starting Daemon for power management...
3月 22 19:56:30 ree-virtual-machine systemd[1]: Started Daemon for power management.
-- Boot 9e3eeb915f5e4d0aab1fa06627dc238a --
3月 25 22:03:02 ree-virtual-machine systemd[1]: Starting Daemon for power management...
3月 25 22:03:02 ree-virtual-machine systemd[1]: Started Daemon for power management.
-- Boot cce731051b6244c4a03f32893ae3c956 --
3月 28 10:31:06 ree-virtual-machine systemd[1]: Starting Daemon for power management...
3月 28 10:31:06 ree-virtual-machine systemd[1]: Started Daemon for power management.
-- Boot 2a886fae77824755a4d8c5453e54eec8 --
3月 29 11:43:34 ree-virtual-machine systemd[1]: Starting Daemon for power management...
3月 29 11:43:34 ree-virtual-machine systemd[1]: Started Daemon for power management.
3月 29 12:42:33 ree-virtual-machine systemd[1]: Stopping Daemon for power management...
3月 29 12:42:34 ree-virtual-machine systemd[1]: upower.service: Deactivated successfully.
3月 29 12:42:34 ree-virtual-machine systemd[1]: Stopped Daemon for power management.
-- Boot bb0991777ac541be83385906c043308d --
3月 29 12:42:43 ree-virtual-machine systemd[1]: Starting Daemon for power management...
3月 29 12:42:43 ree-virtual-machine systemd[1]: Started Daemon for power management.
3月 29 12:50:43 ree-virtual-machine systemd[1]: Stopping Daemon for power management...
3月 29 12:50:43 ree-virtual-machine systemd[1]: upower.service: Deactivated successfully.
3月 29 12:50:43 ree-virtual-machine systemd[1]: Stopped Daemon for power management.
-- Boot d7712a95bc0b49358ac3d7c9a0282431 --
3月 29 13:18:48 ree-virtual-machine systemd[1]: Starting Daemon for power management...
3月 29 13:18:49 ree-virtual-machine systemd[1]: Started Daemon for power management.
3月 29 13:23:16 ree-virtual-machine systemd[1]: Stopping Daemon for power management...
3月 29 13:23:16 ree-virtual-machine systemd[1]: upower.service: Deactivated successfully.
3月 29 13:23:16 ree-virtual-machine systemd[1]: Stopped Daemon for power management.
-- Boot 19b4dd46eb7b4597999d4311a7fcd580 --
3月 29 13:24:46 ree-virtual-machine systemd[1]: Starting Daemon for power management...
3月 29 13:24:46 ree-virtual-machine systemd[1]: Started Daemon for power management.
-- Boot 9d814a28020a4d1b8dc1b211140df378 --
3月 30 14:04:54 ree-virtual-machine systemd[1]: Starting Daemon for power management...
3月 30 14:04:54 ree-virtual-machine systemd[1]: Started Daemon for power management.
3月 30 14:58:39 ree-virtual-machine systemd[1]: Stopping Daemon for power management...
3月 30 14:58:39 ree-virtual-machine systemd[1]: upower.service: Deactivated successfully.
3月 30 14:58:39 ree-virtual-machine systemd[1]: Stopped Daemon for power management.
-- Boot 84aa09a898d145c7a959de6db29053d7 --
3月 30 15:02:22 ree-virtual-machine systemd[1]: Starting Daemon for power management...
3月 30 15:02:22 ree-virtual-machine systemd[1]: Started Daemon for power management.
3月 30 15:02:52 ree-virtual-machine systemd[1]: Stopping Daemon for power management...
3月 30 15:02:52 ree-virtual-machine systemd[1]: upower.service: Deactivated successfully.
3月 30 15:02:52 ree-virtual-machine systemd[1]: Stopped Daemon for power management.
-- Boot aa4829cf4bad48fb9f7b1a4eb947f5c0 --
3月 30 15:03:28 ree-virtual-machine systemd[1]: Starting Daemon for power management...
3月 30 15:03:28 ree-virtual-machine systemd[1]: Started Daemon for power management.
3月 30 15:03:35 ree-virtual-machine systemd[1]: Stopping Daemon for power management...
3月 30 15:03:35 ree-virtual-machine systemd[1]: upower.service: Deactivated successfully.
3月 30 15:03:35 ree-virtual-machine systemd[1]: Stopped Daemon for power management.
-- Boot 00a7e42d2b624b439bea376a3bc361f1 --
3月 30 15:14:15 ree-virtual-machine systemd[1]: Starting Daemon for power management...
3月 30 15:14:15 ree-virtual-machine systemd[1]: Started Daemon for power management.
3月 30 15:15:05 ree-virtual-machine systemd[1]: Stopping Daemon for power management...
3月 30 15:15:05 ree-virtual-machine systemd[1]: upower.service: Deactivated successfully.
3月 30 15:15:05 ree-virtual-machine systemd[1]: Stopped Daemon for power management.
-- Boot 1516c1af27714148858b849306510739 --
3月 30 15:23:27 ree-virtual-machine systemd[1]: Starting Daemon for power management...
3月 30 15:23:27 ree-virtual-machine systemd[1]: Started Daemon for power management.
3月 30 15:38:16 ree-virtual-machine systemd[1]: Stopping Daemon for power management...
3月 30 15:38:16 ree-virtual-machine systemd[1]: upower.service: Deactivated successfully.
3月 30 15:38:16 ree-virtual-machine systemd[1]: Stopped Daemon for power management.
-- Boot 9069828abd4b41e5829b4880b07ecdde --
3月 30 15:38:54 ree-virtual-machine systemd[1]: Starting Daemon for power management...
3月 30 15:38:54 ree-virtual-machine systemd[1]: Started Daemon for power management.
-- Boot 76e16ebfbeab47788bc4dd8853d9fe7e --
3月 30 17:34:21 ree-virtual-machine systemd[1]: Starting Daemon for power management...
3月 30 17:34:21 ree-virtual-machine systemd[1]: Started Daemon for power management.
3月 30 20:32:24 ree-virtual-machine systemd[1]: Stopping Daemon for power management...
3月 30 20:32:24 ree-virtual-machine systemd[1]: upower.service: Deactivated successfully.
3月 30 20:32:24 ree-virtual-machine systemd[1]: Stopped Daemon for power management.
-- Boot e249c720d58849269d73a22f14ee6fb9 --
3月 30 20:32:34 ree-virtual-machine systemd[1]: Starting Daemon for power management...
3月 30 20:32:34 ree-virtual-machine systemd[1]: Started Daemon for power management.
-- Boot 9ccccf2adff74839b8fba49d83281f8b --
3月 30 22:53:46 ree-virtual-machine systemd[1]: Starting Daemon for power management...
3月 30 22:53:46 ree-virtual-machine systemd[1]: Started Daemon for power management.
3月 30 23:30:42 ree-virtual-machine systemd[1]: Stopping Daemon for power management...
3月 30 23:30:42 ree-virtual-machine systemd[1]: upower.service: Deactivated successfully.
3月 30 23:30:42 ree-virtual-machine systemd[1]: Stopped Daemon for power management.
-- Boot 308f7b0f7a274f0bb6200973f34667b6 --
3月 31 00:22:30 ree-virtual-machine systemd[1]: Starting Daemon for power management...
3月 31 00:22:30 ree-virtual-machine systemd[1]: Started Daemon for power management.
3月 31 00:27:29 ree-virtual-machine systemd[1]: Stopping Daemon for power management...
3月 31 00:27:29 ree-virtual-machine systemd[1]: upower.service: Deactivated successfully.
3月 31 00:27:29 ree-virtual-machine systemd[1]: Stopped Daemon for power management.
-- Boot d85c7c53e5114994bc2f0f623b3af509 --
3月 31 19:12:18 ree-virtual-machine systemd[1]: Starting Daemon for power management...
3月 31 19:12:18 ree-virtual-machine systemd[1]: Started Daemon for power management.
3月 31 19:35:33 ree-virtual-machine systemd[1]: Stopping Daemon for power management...
3月 31 19:35:33 ree-virtual-machine systemd[1]: upower.service: Deactivated successfully.
3月 31 19:35:33 ree-virtual-machine systemd[1]: Stopped Daemon for power management.
-- Boot 09785a07d95540b1ad518945fbcc300d --
3月 31 19:43:51 ree-virtual-machine systemd[1]: Starting Daemon for power management...
3月 31 19:43:51 ree-virtual-machine systemd[1]: Started Daemon for power management.
3月 31 19:44:59 ree-virtual-machine systemd[1]: Stopping Daemon for power management...
3月 31 19:44:59 ree-virtual-machine systemd[1]: upower.service: Deactivated successfully.
3月 31 19:44:59 ree-virtual-machine systemd[1]: Stopped Daemon for power management.
-- Boot 436dee14f55b451a880859c1f76478af --
3月 31 21:10:04 ree-virtual-machine systemd[1]: Starting Daemon for power management...
3月 31 21:10:04 ree-virtual-machine systemd[1]: Started Daemon for power management.
4月 03 22:12:10 ree-virtual-machine systemd[1]: Stopping Daemon for power management...
4月 03 22:12:10 ree-virtual-machine systemd[1]: upower.service: Deactivated successfully.
4月 03 22:12:10 ree-virtual-machine systemd[1]: Stopped Daemon for power management.
-- Boot e2fd3a66bd3b4bd68261cb94d3fee451 --
4月 04 12:20:48 ree-virtual-machine systemd[1]: Starting Daemon for power management...
4月 04 12:20:48 ree-virtual-machine systemd[1]: Started Daemon for power management.
4月 04 17:35:37 ree-virtual-machine systemd[1]: Stopping Daemon for power management...
4月 04 17:35:37 ree-virtual-machine systemd[1]: upower.service: Deactivated successfully.
4月 04 17:35:37 ree-virtual-machine systemd[1]: Stopped Daemon for power management.
-- Boot 25dbee67bff049baa23eecea014b8763 --
4月 04 17:35:55 ree-virtual-machine systemd[1]: Starting Daemon for power management...
4月 04 17:35:55 ree-virtual-machine systemd[1]: Started Daemon for power management.
4月 04 20:54:00 ree-virtual-machine systemd[1]: Stopping Daemon for power management...
4月 04 20:54:00 ree-virtual-machine systemd[1]: upower.service: Deactivated successfully.
4月 04 20:54:00 ree-virtual-machine systemd[1]: Stopped Daemon for power management.
-- Boot 0d532a9de8ef4df1a92a1cc3f8ce562d --
4月 09 19:14:35 ree-virtual-machine systemd[1]: Starting Daemon for power management...
4月 09 19:14:35 ree-virtual-machine systemd[1]: Started Daemon for power management.
4月 09 19:17:43 ree-virtual-machine systemd[1]: Stopping Daemon for power management...
4月 09 19:17:43 ree-virtual-machine systemd[1]: upower.service: Deactivated successfully.
4月 09 19:17:43 ree-virtual-machine systemd[1]: Stopped Daemon for power management.
-- Boot 66c095c2b40d4348bbbaa9bd9371fd5b --
4月 09 19:21:22 ree-virtual-machine systemd[1]: Starting Daemon for power management...
4月 09 19:21:22 ree-virtual-machine systemd[1]: Started Daemon for power management.
4月 09 21:44:17 ree-virtual-machine systemd[1]: Stopping Daemon for power management...
4月 09 21:44:17 ree-virtual-machine systemd[1]: upower.service: Deactivated successfully.
4月 09 21:44:17 ree-virtual-machine systemd[1]: Stopped Daemon for power management.
-- Boot 125b443d38b7450fbc1c404530e9dc9e --
4月 12 11:21:59 ree-virtual-machine systemd[1]: Starting Daemon for power management...
4月 12 11:21:59 ree-virtual-machine systemd[1]: Started Daemon for power management.
4月 12 12:31:43 ree-virtual-machine systemd[1]: Stopping Daemon for power management...
4月 12 12:31:43 ree-virtual-machine systemd[1]: upower.service: Deactivated successfully.
4月 12 12:31:43 ree-virtual-machine systemd[1]: Stopped Daemon for power management.
-- Boot e043495edc834fd3b8de378cf5b742ab --
4月 12 12:32:39 ree-virtual-machine systemd[1]: Starting Daemon for power management...
4月 12 12:32:39 ree-virtual-machine systemd[1]: Started Daemon for power management.
4月 12 13:58:16 ree-virtual-machine systemd[1]: Stopping Daemon for power management...
4月 12 13:58:16 ree-virtual-machine systemd[1]: upower.service: Deactivated successfully.
4月 12 13:58:16 ree-virtual-machine systemd[1]: Stopped Daemon for power management.
-- Boot 9296bd89129642f58a1e422116180a89 --
4月 12 19:33:20 ree-virtual-machine systemd[1]: Starting Daemon for power management...
4月 12 19:33:20 ree-virtual-machine systemd[1]: Started Daemon for power management.
4月 12 21:30:57 ree-virtual-machine systemd[1]: Stopping Daemon for power management...
4月 12 21:30:57 ree-virtual-machine systemd[1]: upower.service: Deactivated successfully.
4月 12 21:30:57 ree-virtual-machine systemd[1]: Stopped Daemon for power management.
-- Boot e44af90cbb3e49179059ad1de25c45d0 --
4月 12 21:31:08 ree-virtual-machine systemd[1]: Starting Daemon for power management...
4月 12 21:31:08 ree-virtual-machine systemd[1]: Started Daemon for power management.
4月 12 21:48:57 ree-virtual-machine systemd[1]: Stopping Daemon for power management...
4月 12 21:48:57 ree-virtual-machine systemd[1]: upower.service: Deactivated successfully.
4月 12 21:48:57 ree-virtual-machine systemd[1]: Stopped Daemon for power management.
-- Boot 670c3aae65b84f6c8708951f52467260 --
4月 12 21:49:14 ree-virtual-machine systemd[1]: Starting Daemon for power management...
4月 12 21:49:14 ree-virtual-machine systemd[1]: Started Daemon for power management.
4月 12 21:53:20 ree-virtual-machine systemd[1]: Stopping Daemon for power management...
4月 12 21:53:20 ree-virtual-machine systemd[1]: upower.service: Deactivated successfully.
4月 12 21:53:20 ree-virtual-machine systemd[1]: Stopped Daemon for power management.
-- Boot 73255c0c6dec4ce4bca99ec2ceb12507 --
4月 12 21:53:29 ree-virtual-machine systemd[1]: Starting Daemon for power management...
4月 12 21:53:30 ree-virtual-machine systemd[1]: Started Daemon for power management.
4月 13 01:12:51 ree-virtual-machine systemd[1]: Stopping Daemon for power management...
4月 13 01:12:51 ree-virtual-machine systemd[1]: upower.service: Deactivated successfully.
4月 13 01:12:51 ree-virtual-machine systemd[1]: Stopped Daemon for power management.
-- Boot ab354c8c35ec46309c3d583c22d4722e --
4月 13 11:49:18 ree-virtual-machine systemd[1]: Starting Daemon for power management...
4月 13 11:49:18 ree-virtual-machine systemd[1]: Started Daemon for power management.
4月 13 20:22:12 ree-virtual-machine systemd[1]: Stopping Daemon for power management...
4月 13 20:22:12 ree-virtual-machine systemd[1]: upower.service: Deactivated successfully.
4月 13 20:22:12 ree-virtual-machine systemd[1]: Stopped Daemon for power management.
-- Boot 1223bb12cf164754a34338b3879bc416 --
4月 13 20:22:53 ree-virtual-machine systemd[1]: Starting Daemon for power management...
4月 13 20:22:53 ree-virtual-machine systemd[1]: Started Daemon for power management.
4月 13 23:11:10 ree-virtual-machine systemd[1]: Stopping Daemon for power management...
4月 13 23:11:10 ree-virtual-machine systemd[1]: upower.service: Deactivated successfully.
4月 13 23:11:10 ree-virtual-machine systemd[1]: Stopped Daemon for power management.
-- Boot eedc866258b546db86377bdd16f52c6c --
4月 13 23:33:02 ree-virtual-machine systemd[1]: Starting Daemon for power management...
4月 13 23:33:02 ree-virtual-machine systemd[1]: Started Daemon for power management.
4月 14 01:45:07 ree-virtual-machine systemd[1]: Stopping Daemon for power management...
4月 14 01:45:07 ree-virtual-machine systemd[1]: upower.service: Deactivated successfully.
4月 14 01:45:07 ree-virtual-machine systemd[1]: Stopped Daemon for power management.
-- Boot 6336d5d01d9d47a1a84a86d400678bbe --
4月 14 18:40:06 ree-virtual-machine systemd[1]: Starting Daemon for power management...
4月 14 18:40:06 ree-virtual-machine systemd[1]: Started Daemon for power management.
4月 14 19:24:32 ree-virtual-machine systemd[1]: Stopping Daemon for power management...
4月 14 19:24:32 ree-virtual-machine systemd[1]: upower.service: Deactivated successfully.
4月 14 19:24:32 ree-virtual-machine systemd[1]: Stopped Daemon for power management.
-- Boot 00425514c17e404db4cc5611a8f55ed9 --
4月 14 21:28:24 ree-virtual-machine systemd[1]: Starting Daemon for power management...
4月 14 21:28:24 ree-virtual-machine systemd[1]: Started Daemon for power management.

