-- Logs begin at Sat 2022-01-08 18:32:32 CST, end at Fri 2023-04-21 17:32:00 CST. --
1月 09 17:36:53 ubuntu systemd[1]: Starting Daily apt upgrade and clean activities...
1月 09 17:36:55 ubuntu systemd[1]: apt-daily-upgrade.service: Succeeded.
1月 09 17:36:55 ubuntu systemd[1]: Finished Daily apt upgrade and clean activities.
-- Reboot --
3月 22 14:09:05 ubuntu systemd[1]: Starting Daily apt upgrade and clean activities...
3月 22 14:09:06 ubuntu systemd[1]: apt-daily-upgrade.service: Succeeded.
3月 22 14:09:06 ubuntu systemd[1]: Finished Daily apt upgrade and clean activities.
-- Reboot --
3月 25 10:25:16 ubuntu systemd[1]: Starting Daily apt upgrade and clean activities...
3月 25 10:26:08 ubuntu 05efi[4410]: debug: Not on UEFI platform
3月 25 10:26:08 ubuntu os-prober[4411]: debug: running /usr/lib/os-probes/mounted/10freedos on mounted /dev/sda1
3月 25 10:26:08 ubuntu 10freedos[4413]: debug: /dev/sda1 is a FAT32 partition
3月 25 10:26:08 ubuntu os-prober[4416]: debug: running /usr/lib/os-probes/mounted/10qnx on mounted /dev/sda1
3月 25 10:26:08 ubuntu os-prober[4419]: debug: running /usr/lib/os-probes/mounted/20macosx on mounted /dev/sda1
3月 25 10:26:08 ubuntu macosx-prober[4421]: debug: /dev/sda1 is not an HFS+ partition: exiting
3月 25 10:26:08 ubuntu os-prober[4422]: debug: running /usr/lib/os-probes/mounted/20microsoft on mounted /dev/sda1
3月 25 10:26:08 ubuntu 30utility[4435]: debug: /dev/sda1 is a FAT32 partition
3月 25 10:26:08 ubuntu os-prober[4444]: debug: running /usr/lib/os-probes/mounted/80minix on mounted /dev/sda1
3月 25 10:26:08 ubuntu os-prober[4449]: debug: running /usr/lib/os-probes/mounted/90linux-distro on mounted /dev/sda1
3月 25 10:26:08 ubuntu os-prober[4454]: debug: running /usr/lib/os-probes/mounted/90solaris on mounted /dev/sda1
3月 25 10:26:08 ubuntu os-prober[4461]: debug: running /usr/lib/os-probes/50mounted-tests on /dev/sda2
3月 25 10:26:08 ubuntu 50mounted-tests[4469]: debug: /dev/sda2 type not recognised; skipping
3月 25 10:26:08 ubuntu os-prober[4470]: debug: os detected by /usr/lib/os-probes/50mounted-tests
3月 25 10:27:14 ubuntu systemd[1]: apt-daily-upgrade.service: Succeeded.
3月 25 10:27:14 ubuntu systemd[1]: Finished Daily apt upgrade and clean activities.
-- Reboot --
3月 28 15:28:50 ubuntu systemd[1]: Starting Daily apt upgrade and clean activities...
3月 28 15:28:56 ubuntu systemd[1]: apt-daily-upgrade.service: Succeeded.
3月 28 15:28:56 ubuntu systemd[1]: Finished Daily apt upgrade and clean activities.
-- Reboot --
4月 01 10:21:26 ubuntu systemd[1]: Starting Daily apt upgrade and clean activities...
4月 01 10:21:27 ubuntu systemd[1]: apt-daily-upgrade.service: Succeeded.
4月 01 10:21:27 ubuntu systemd[1]: Finished Daily apt upgrade and clean activities.
-- Reboot --
4月 02 17:34:43 ubuntu systemd[1]: Starting Daily apt upgrade and clean activities...
4月 02 17:34:58 ubuntu os-prober[3858]: debug: running /usr/lib/os-probes/mounted/05efi on mounted /dev/sda1
4月 02 17:34:58 ubuntu 05efi[3860]: debug: Not on UEFI platform
4月 02 17:34:58 ubuntu os-prober[3861]: debug: running /usr/lib/os-probes/mounted/10freedos on mounted /dev/sda1
4月 02 17:34:58 ubuntu 10freedos[3863]: debug: /dev/sda1 is a FAT32 partition
4月 02 17:34:58 ubuntu os-prober[3866]: debug: running /usr/lib/os-probes/mounted/10qnx on mounted /dev/sda1
4月 02 17:34:58 ubuntu 10qnx[3868]: debug: /dev/sda1 is not a QNX4 partition: exiting
4月 02 17:34:58 ubuntu os-prober[3869]: debug: running /usr/lib/os-probes/mounted/20macosx on mounted /dev/sda1
4月 02 17:34:58 ubuntu macosx-prober[3871]: debug: /dev/sda1 is not an HFS+ partition: exiting
4月 02 17:34:58 ubuntu os-prober[3872]: debug: running /usr/lib/os-probes/mounted/20microsoft on mounted /dev/sda1
4月 02 17:34:58 ubuntu 20microsoft[3874]: debug: /dev/sda1 is a FAT32 partition
4月 02 17:34:58 ubuntu os-prober[3883]: debug: running /usr/lib/os-probes/mounted/30utility on mounted /dev/sda1
4月 02 17:34:58 ubuntu os-prober[3890]: debug: running /usr/lib/os-probes/mounted/40lsb on mounted /dev/sda1
4月 02 17:34:58 ubuntu os-prober[3892]: debug: running /usr/lib/os-probes/mounted/70hurd on mounted /dev/sda1
4月 02 17:34:58 ubuntu os-prober[3899]: debug: running /usr/lib/os-probes/mounted/90linux-distro on mounted /dev/sda1
4月 02 17:34:58 ubuntu os-prober[3911]: debug: running /usr/lib/os-probes/50mounted-tests on /dev/sda2
4月 02 17:34:58 ubuntu os-prober[3920]: debug: os detected by /usr/lib/os-probes/50mounted-tests
4月 02 17:35:02 ubuntu systemd[1]: apt-daily-upgrade.service: Succeeded.
4月 02 17:35:02 ubuntu systemd[1]: Finished Daily apt upgrade and clean activities.
-- Reboot --
4月 06 09:13:01 ubuntu systemd[1]: Starting Daily apt upgrade and clean activities...
4月 06 09:13:03 ubuntu systemd[1]: apt-daily-upgrade.service: Succeeded.
4月 06 09:13:03 ubuntu systemd[1]: Finished Daily apt upgrade and clean activities.
-- Reboot --
4月 13 08:20:01 ubuntu systemd[1]: Starting Daily apt upgrade and clean activities...
4月 13 08:20:01 ubuntu systemd[1]: apt-daily-upgrade.service: Succeeded.
4月 13 08:20:01 ubuntu systemd[1]: Finished Daily apt upgrade and clean activities.
-- Reboot --
4月 20 08:22:01 ubuntu systemd[1]: Starting Daily apt upgrade and clean activities...
4月 20 08:22:01 ubuntu systemd[1]: apt-daily-upgrade.service: Succeeded.
4月 20 08:22:01 ubuntu systemd[1]: Finished Daily apt upgrade and clean activities.
-- Reboot --
4月 27 08:26:31 ubuntu systemd[1]: Starting Daily apt upgrade and clean activities...
4月 27 08:27:39 ubuntu systemd[1]: apt-daily-upgrade.service: Succeeded.
4月 27 08:27:39 ubuntu systemd[1]: Finished Daily apt upgrade and clean activities.
-- Reboot --
5月 06 10:15:37 ubuntu systemd[1]: Starting Daily apt upgrade and clean activities...
5月 06 10:15:37 ubuntu systemd[1]: apt-daily-upgrade.service: Succeeded.
5月 06 10:15:37 ubuntu systemd[1]: Finished Daily apt upgrade and clean activities.
-- Reboot --
5月 07 08:43:41 ubuntu systemd[1]: Starting Daily apt upgrade and clean activities...
5月 07 08:43:57 ubuntu os-prober[5035]: debug: running /usr/lib/os-probes/mounted/05efi on mounted /dev/sda1
5月 07 08:43:57 ubuntu os-prober[5038]: debug: running /usr/lib/os-probes/mounted/10freedos on mounted /dev/sda1
5月 07 08:43:57 ubuntu os-prober[5043]: debug: running /usr/lib/os-probes/mounted/10qnx on mounted /dev/sda1
5月 07 08:43:57 ubuntu 10qnx[5045]: debug: /dev/sda1 is not a QNX4 partition: exiting
5月 07 08:43:57 ubuntu os-prober[5046]: debug: running /usr/lib/os-probes/mounted/20macosx on mounted /dev/sda1
5月 07 08:43:57 ubuntu os-prober[5049]: debug: running /usr/lib/os-probes/mounted/20microsoft on mounted /dev/sda1
5月 07 08:43:57 ubuntu os-prober[5060]: debug: running /usr/lib/os-probes/mounted/30utility on mounted /dev/sda1
5月 07 08:43:57 ubuntu 30utility[5062]: debug: /dev/sda1 is a FAT32 partition
5月 07 08:43:57 ubuntu os-prober[5067]: debug: running /usr/lib/os-probes/mounted/40lsb on mounted /dev/sda1
5月 07 08:43:57 ubuntu os-prober[5069]: debug: running /usr/lib/os-probes/mounted/70hurd on mounted /dev/sda1
5月 07 08:43:57 ubuntu os-prober[5071]: debug: running /usr/lib/os-probes/mounted/80minix on mounted /dev/sda1
5月 07 08:43:57 ubuntu os-prober[5073]: debug: running /usr/lib/os-probes/mounted/83haiku on mounted /dev/sda1
5月 07 08:43:57 ubuntu os-prober[5081]: debug: running /usr/lib/os-probes/mounted/90solaris on mounted /dev/sda1
5月 07 08:43:57 ubuntu os-prober[5088]: debug: running /usr/lib/os-probes/50mounted-tests on /dev/sda2
5月 07 08:43:57 ubuntu 50mounted-tests[5096]: debug: /dev/sda2 type not recognised; skipping
5月 07 08:43:57 ubuntu os-prober[5097]: debug: os detected by /usr/lib/os-probes/50mounted-tests
5月 07 08:44:13 ubuntu systemd[1]: apt-daily-upgrade.service: Succeeded.
5月 07 08:44:13 ubuntu systemd[1]: Finished Daily apt upgrade and clean activities.
-- Reboot --
5月 08 15:54:40 ubuntu systemd[1]: Starting Daily apt upgrade and clean activities...
5月 08 15:54:48 ubuntu systemd[1]: apt-daily-upgrade.service: Succeeded.
5月 08 15:54:48 ubuntu systemd[1]: Finished Daily apt upgrade and clean activities.
-- Reboot --
5月 14 21:30:30 ubuntu systemd[1]: Starting Daily apt upgrade and clean activities...
5月 14 21:31:24 ubuntu systemd[1]: apt-daily-upgrade.service: Succeeded.
5月 14 21:31:24 ubuntu systemd[1]: Finished Daily apt upgrade and clean activities.
-- Reboot --
5月 15 11:28:00 ubuntu systemd[1]: Starting Daily apt upgrade and clean activities...
5月 15 11:28:02 ubuntu systemd[1]: apt-daily-upgrade.service: Succeeded.
5月 15 11:28:02 ubuntu systemd[1]: Finished Daily apt upgrade and clean activities.
-- Reboot --
5月 31 15:39:32 ubuntu systemd[1]: Starting Daily apt upgrade and clean activities...
5月 31 15:51:55 ubuntu os-prober[11413]: debug: running /usr/lib/os-probes/mounted/05efi on mounted /dev/sda1
5月 31 15:51:55 ubuntu 05efi[11415]: debug: Not on UEFI platform
5月 31 15:51:55 ubuntu os-prober[11416]: debug: running /usr/lib/os-probes/mounted/10freedos on mounted /dev/sda1
5月 31 15:51:55 ubuntu 10freedos[11418]: debug: /dev/sda1 is a FAT32 partition
5月 31 15:51:55 ubuntu os-prober[11421]: debug: running /usr/lib/os-probes/mounted/10qnx on mounted /dev/sda1
5月 31 15:51:55 ubuntu 10qnx[11423]: debug: /dev/sda1 is not a QNX4 partition: exiting
5月 31 15:51:55 ubuntu os-prober[11424]: debug: running /usr/lib/os-probes/mounted/20macosx on mounted /dev/sda1
5月 31 15:51:55 ubuntu os-prober[11427]: debug: running /usr/lib/os-probes/mounted/20microsoft on mounted /dev/sda1
5月 31 15:51:55 ubuntu os-prober[11438]: debug: running /usr/lib/os-probes/mounted/30utility on mounted /dev/sda1
5月 31 15:51:55 ubuntu 30utility[11440]: debug: /dev/sda1 is a FAT32 partition
5月 31 15:51:55 ubuntu os-prober[11445]: debug: running /usr/lib/os-probes/mounted/40lsb on mounted /dev/sda1
5月 31 15:51:55 ubuntu os-prober[11447]: debug: running /usr/lib/os-probes/mounted/70hurd on mounted /dev/sda1
5月 31 15:51:55 ubuntu os-prober[11449]: debug: running /usr/lib/os-probes/mounted/80minix on mounted /dev/sda1
5月 31 15:51:55 ubuntu os-prober[11451]: debug: running /usr/lib/os-probes/mounted/83haiku on mounted /dev/sda1
5月 31 15:51:55 ubuntu os-prober[11454]: debug: running /usr/lib/os-probes/mounted/90linux-distro on mounted /dev/sda1
5月 31 15:51:55 ubuntu os-prober[11459]: debug: running /usr/lib/os-probes/mounted/90solaris on mounted /dev/sda1
5月 31 15:51:55 ubuntu os-prober[11466]: debug: running /usr/lib/os-probes/50mounted-tests on /dev/sda2
5月 31 15:51:55 ubuntu 50mounted-tests[11474]: debug: /dev/sda2 type not recognised; skipping
5月 31 15:51:55 ubuntu os-prober[11475]: debug: os detected by /usr/lib/os-probes/50mounted-tests
5月 31 15:53:11 ubuntu 05efi[16774]: debug: Not on UEFI platform
5月 31 15:53:11 ubuntu 10freedos[16777]: debug: /dev/sda1 is a FAT32 partition
5月 31 15:53:11 ubuntu os-prober[16780]: debug: running /usr/lib/os-probes/mounted/10qnx on mounted /dev/sda1
5月 31 15:53:11 ubuntu 10qnx[16782]: debug: /dev/sda1 is not a QNX4 partition: exiting
5月 31 15:53:11 ubuntu os-prober[16783]: debug: running /usr/lib/os-probes/mounted/20macosx on mounted /dev/sda1
5月 31 15:53:11 ubuntu macosx-prober[16785]: debug: /dev/sda1 is not an HFS+ partition: exiting
5月 31 15:53:11 ubuntu os-prober[16786]: debug: running /usr/lib/os-probes/mounted/20microsoft on mounted /dev/sda1
5月 31 15:53:11 ubuntu 20microsoft[16788]: debug: /dev/sda1 is a FAT32 partition
5月 31 15:53:11 ubuntu os-prober[16797]: debug: running /usr/lib/os-probes/mounted/30utility on mounted /dev/sda1
5月 31 15:53:11 ubuntu 30utility[16799]: debug: /dev/sda1 is a FAT32 partition
5月 31 15:53:11 ubuntu os-prober[16804]: debug: running /usr/lib/os-probes/mounted/40lsb on mounted /dev/sda1
5月 31 15:53:11 ubuntu os-prober[16806]: debug: running /usr/lib/os-probes/mounted/70hurd on mounted /dev/sda1
5月 31 15:53:11 ubuntu os-prober[16808]: debug: running /usr/lib/os-probes/mounted/80minix on mounted /dev/sda1
5月 31 15:53:11 ubuntu os-prober[16810]: debug: running /usr/lib/os-probes/mounted/83haiku on mounted /dev/sda1
5月 31 15:53:11 ubuntu os-prober[16825]: debug: running /usr/lib/os-probes/50mounted-tests on /dev/sda2
5月 31 15:53:11 ubuntu 50mounted-tests[16833]: debug: /dev/sda2 type not recognised; skipping
5月 31 15:53:11 ubuntu os-prober[16834]: debug: os detected by /usr/lib/os-probes/50mounted-tests
5月 31 15:53:13 ubuntu systemd[1]: apt-daily-upgrade.service: Succeeded.
5月 31 15:53:13 ubuntu systemd[1]: Finished Daily apt upgrade and clean activities.
-- Reboot --
6月 01 23:35:05 ubuntu systemd[1]: Starting Daily apt upgrade and clean activities...
6月 01 23:36:26 ubuntu systemd[1]: apt-daily-upgrade.service: Succeeded.
6月 01 23:36:26 ubuntu systemd[1]: Finished Daily apt upgrade and clean activities.
-- Reboot --
6月 06 14:54:21 ubuntu systemd[1]: Starting Daily apt upgrade and clean activities...
6月 06 14:55:37 ubuntu systemd[1]: apt-daily-upgrade.service: Succeeded.
6月 06 14:55:37 ubuntu systemd[1]: Finished Daily apt upgrade and clean activities.
-- Reboot --
6月 15 14:47:39 ubuntu systemd[1]: Starting Daily apt upgrade and clean activities...
6月 15 14:47:45 ubuntu systemd[1]: apt-daily-upgrade.service: Succeeded.
6月 15 14:47:45 ubuntu systemd[1]: Finished Daily apt upgrade and clean activities.
-- Reboot --
6月 16 15:06:42 ubuntu systemd[1]: Starting Daily apt upgrade and clean activities...
6月 16 15:18:05 ubuntu php7.4-common[13850]: php_invoke calendar: already enabled for PHP 7.4 apache2 sapi
6月 16 15:18:05 ubuntu php7.4-common[13882]: php_invoke calendar: already enabled for PHP 7.4 cli sapi
6月 16 15:18:05 ubuntu php7.4-common[14041]: php_invoke ctype: already enabled for PHP 7.4 apache2 sapi
6月 16 15:18:05 ubuntu php7.4-common[14073]: php_invoke ctype: already enabled for PHP 7.4 cli sapi
6月 16 15:18:06 ubuntu php7.4-common[14232]: php_invoke exif: already enabled for PHP 7.4 apache2 sapi
6月 16 15:18:06 ubuntu php7.4-common[14264]: php_invoke exif: already enabled for PHP 7.4 cli sapi
6月 16 15:18:06 ubuntu php7.4-common[14423]: php_invoke fileinfo: already enabled for PHP 7.4 apache2 sapi
6月 16 15:18:06 ubuntu php7.4-common[14455]: php_invoke fileinfo: already enabled for PHP 7.4 cli sapi
6月 16 15:18:06 ubuntu php7.4-common[14614]: php_invoke ffi: already enabled for PHP 7.4 apache2 sapi
6月 16 15:18:06 ubuntu php7.4-common[14646]: php_invoke ffi: already enabled for PHP 7.4 cli sapi
6月 16 15:18:07 ubuntu php7.4-common[14805]: php_invoke ftp: already enabled for PHP 7.4 apache2 sapi
6月 16 15:18:07 ubuntu php7.4-common[14837]: php_invoke ftp: already enabled for PHP 7.4 cli sapi
6月 16 15:18:07 ubuntu php7.4-common[14996]: php_invoke gettext: already enabled for PHP 7.4 apache2 sapi
6月 16 15:18:07 ubuntu php7.4-common[15028]: php_invoke gettext: already enabled for PHP 7.4 cli sapi
6月 16 15:18:07 ubuntu php7.4-common[15187]: php_invoke iconv: already enabled for PHP 7.4 apache2 sapi
6月 16 15:18:07 ubuntu php7.4-common[15219]: php_invoke iconv: already enabled for PHP 7.4 cli sapi
6月 16 15:18:08 ubuntu php7.4-common[15378]: php_invoke pdo: already enabled for PHP 7.4 apache2 sapi
6月 16 15:18:08 ubuntu php7.4-common[15410]: php_invoke pdo: already enabled for PHP 7.4 cli sapi
6月 16 15:18:08 ubuntu php7.4-common[15569]: php_invoke phar: already enabled for PHP 7.4 apache2 sapi
6月 16 15:18:08 ubuntu php7.4-common[15601]: php_invoke phar: already enabled for PHP 7.4 cli sapi
6月 16 15:18:08 ubuntu php7.4-common[15760]: php_invoke posix: already enabled for PHP 7.4 apache2 sapi
6月 16 15:18:08 ubuntu php7.4-common[15792]: php_invoke posix: already enabled for PHP 7.4 cli sapi
6月 16 15:18:09 ubuntu php7.4-common[15951]: php_invoke shmop: already enabled for PHP 7.4 apache2 sapi
6月 16 15:18:09 ubuntu php7.4-common[15983]: php_invoke shmop: already enabled for PHP 7.4 cli sapi
6月 16 15:18:09 ubuntu php7.4-common[16142]: php_invoke sockets: already enabled for PHP 7.4 apache2 sapi
6月 16 15:18:09 ubuntu php7.4-common[16174]: php_invoke sockets: already enabled for PHP 7.4 cli sapi
6月 16 15:18:09 ubuntu php7.4-common[16333]: php_invoke sysvmsg: already enabled for PHP 7.4 apache2 sapi
6月 16 15:18:09 ubuntu php7.4-common[16365]: php_invoke sysvmsg: already enabled for PHP 7.4 cli sapi
6月 16 15:18:10 ubuntu php7.4-common[16524]: php_invoke sysvsem: already enabled for PHP 7.4 apache2 sapi
6月 16 15:18:10 ubuntu php7.4-common[16556]: php_invoke sysvsem: already enabled for PHP 7.4 cli sapi
6月 16 15:18:10 ubuntu php7.4-common[16715]: php_invoke sysvshm: already enabled for PHP 7.4 apache2 sapi
6月 16 15:18:10 ubuntu php7.4-common[16747]: php_invoke sysvshm: already enabled for PHP 7.4 cli sapi
6月 16 15:18:10 ubuntu php7.4-common[16906]: php_invoke tokenizer: already enabled for PHP 7.4 apache2 sapi
6月 16 15:18:10 ubuntu php7.4-common[16938]: php_invoke tokenizer: already enabled for PHP 7.4 cli sapi
6月 16 15:18:10 ubuntu php7.4-mysql[17098]: php_invoke mysqlnd: already enabled for PHP 7.4 apache2 sapi
6月 16 15:18:11 ubuntu php7.4-mysql[17130]: php_invoke mysqlnd: already enabled for PHP 7.4 cli sapi
6月 16 15:18:11 ubuntu php7.4-mysql[17289]: php_invoke mysqli: already enabled for PHP 7.4 apache2 sapi
6月 16 15:18:11 ubuntu php7.4-mysql[17480]: php_invoke pdo_mysql: already enabled for PHP 7.4 apache2 sapi
6月 16 15:18:11 ubuntu php7.4-mysql[17512]: php_invoke pdo_mysql: already enabled for PHP 7.4 cli sapi
6月 16 15:18:11 ubuntu php7.4-readline[17672]: php_invoke readline: already enabled for PHP 7.4 apache2 sapi
6月 16 15:18:11 ubuntu php7.4-readline[17704]: php_invoke readline: already enabled for PHP 7.4 cli sapi
6月 16 15:18:12 ubuntu php7.4-opcache[17864]: php_invoke opcache: already enabled for PHP 7.4 apache2 sapi
6月 16 15:18:12 ubuntu php7.4-opcache[17896]: php_invoke opcache: already enabled for PHP 7.4 cli sapi
6月 16 15:18:12 ubuntu php7.4-json[18056]: php_invoke json: already enabled for PHP 7.4 apache2 sapi
6月 16 15:18:12 ubuntu php7.4-json[18088]: php_invoke json: already enabled for PHP 7.4 cli sapi
6月 16 15:18:12 ubuntu php7.4-cli[18210]: php_invoke phar: already enabled for PHP 7.4 cli sapi
6月 16 15:18:12 ubuntu php7.4-cli[18243]: php_invoke calendar: already enabled for PHP 7.4 cli sapi
6月 16 15:18:12 ubuntu php7.4-cli[18276]: php_invoke pdo: already enabled for PHP 7.4 cli sapi
6月 16 15:18:12 ubuntu php7.4-cli[18309]: php_invoke iconv: already enabled for PHP 7.4 cli sapi
6月 16 15:18:12 ubuntu php7.4-cli[18342]: php_invoke mysqlnd: already enabled for PHP 7.4 cli sapi
6月 16 15:18:12 ubuntu php7.4-cli[18375]: php_invoke fileinfo: already enabled for PHP 7.4 cli sapi
6月 16 15:18:12 ubuntu php7.4-cli[18408]: php_invoke shmop: already enabled for PHP 7.4 cli sapi
6月 16 15:18:12 ubuntu php7.4-cli[18441]: php_invoke gettext: already enabled for PHP 7.4 cli sapi
6月 16 15:18:12 ubuntu php7.4-cli[18474]: php_invoke sockets: already enabled for PHP 7.4 cli sapi
6月 16 15:18:12 ubuntu php7.4-cli[18540]: php_invoke json: already enabled for PHP 7.4 cli sapi
6月 16 15:18:12 ubuntu php7.4-cli[18573]: php_invoke sysvshm: already enabled for PHP 7.4 cli sapi
6月 16 15:18:13 ubuntu php7.4-cli[18606]: php_invoke tokenizer: already enabled for PHP 7.4 cli sapi
6月 16 15:18:13 ubuntu php7.4-cli[18639]: php_invoke pdo_mysql: already enabled for PHP 7.4 cli sapi
6月 16 15:18:13 ubuntu php7.4-cli[18672]: php_invoke exif: already enabled for PHP 7.4 cli sapi
6月 16 15:18:13 ubuntu php7.4-cli[18705]: php_invoke sysvsem: already enabled for PHP 7.4 cli sapi
6月 16 15:18:13 ubuntu php7.4-cli[18738]: php_invoke ffi: already enabled for PHP 7.4 cli sapi
6月 16 15:18:13 ubuntu php7.4-cli[18771]: php_invoke posix: already enabled for PHP 7.4 cli sapi
6月 16 15:18:13 ubuntu php7.4-cli[18804]: php_invoke ctype: already enabled for PHP 7.4 cli sapi
6月 16 15:18:13 ubuntu php7.4-cli[18870]: php_invoke readline: already enabled for PHP 7.4 cli sapi
6月 16 15:18:13 ubuntu php7.4-cli[18903]: php_invoke opcache: already enabled for PHP 7.4 cli sapi
6月 16 15:18:13 ubuntu php7.4-cli[18936]: php_invoke ftp: already enabled for PHP 7.4 cli sapi
6月 16 15:18:13 ubuntu libapache2-mod-php7.4[19059]: php_invoke phar: already enabled for PHP 7.4 apache2 sapi
6月 16 15:18:13 ubuntu libapache2-mod-php7.4[19092]: php_invoke calendar: already enabled for PHP 7.4 apache2 sapi
6月 16 15:18:13 ubuntu libapache2-mod-php7.4[19125]: php_invoke pdo: already enabled for PHP 7.4 apache2 sapi
6月 16 15:18:13 ubuntu libapache2-mod-php7.4[19158]: php_invoke iconv: already enabled for PHP 7.4 apache2 sapi
6月 16 15:18:13 ubuntu libapache2-mod-php7.4[19191]: php_invoke mysqlnd: already enabled for PHP 7.4 apache2 sapi
6月 16 15:18:13 ubuntu libapache2-mod-php7.4[19224]: php_invoke fileinfo: already enabled for PHP 7.4 apache2 sapi
6月 16 15:18:13 ubuntu libapache2-mod-php7.4[19257]: php_invoke shmop: already enabled for PHP 7.4 apache2 sapi
6月 16 15:18:13 ubuntu libapache2-mod-php7.4[19290]: php_invoke gettext: already enabled for PHP 7.4 apache2 sapi
6月 16 15:18:13 ubuntu libapache2-mod-php7.4[19323]: php_invoke sockets: already enabled for PHP 7.4 apache2 sapi
6月 16 15:18:13 ubuntu libapache2-mod-php7.4[19356]: php_invoke mysqli: already enabled for PHP 7.4 apache2 sapi
6月 16 15:18:13 ubuntu libapache2-mod-php7.4[19389]: php_invoke json: already enabled for PHP 7.4 apache2 sapi
6月 16 15:18:13 ubuntu libapache2-mod-php7.4[19422]: php_invoke sysvshm: already enabled for PHP 7.4 apache2 sapi
6月 16 15:18:13 ubuntu libapache2-mod-php7.4[19455]: php_invoke tokenizer: already enabled for PHP 7.4 apache2 sapi
6月 16 15:18:13 ubuntu libapache2-mod-php7.4[19488]: php_invoke pdo_mysql: already enabled for PHP 7.4 apache2 sapi
6月 16 15:18:13 ubuntu libapache2-mod-php7.4[19521]: php_invoke exif: already enabled for PHP 7.4 apache2 sapi
6月 16 15:18:14 ubuntu libapache2-mod-php7.4[19554]: php_invoke sysvsem: already enabled for PHP 7.4 apache2 sapi
6月 16 15:18:14 ubuntu libapache2-mod-php7.4[19620]: php_invoke posix: already enabled for PHP 7.4 apache2 sapi
6月 16 15:18:14 ubuntu libapache2-mod-php7.4[19653]: php_invoke ctype: already enabled for PHP 7.4 apache2 sapi
6月 16 15:18:14 ubuntu libapache2-mod-php7.4[19686]: php_invoke sysvmsg: already enabled for PHP 7.4 apache2 sapi
6月 16 15:18:14 ubuntu libapache2-mod-php7.4[19719]: php_invoke readline: already enabled for PHP 7.4 apache2 sapi
6月 16 15:18:14 ubuntu libapache2-mod-php7.4[19752]: php_invoke opcache: already enabled for PHP 7.4 apache2 sapi
6月 16 15:18:14 ubuntu libapache2-mod-php7.4[19785]: php_invoke ftp: already enabled for PHP 7.4 apache2 sapi
6月 16 15:20:32 ubuntu 05efi[28089]: debug: Not on UEFI platform
6月 16 15:20:32 ubuntu 10qnx[28097]: debug: /dev/sda1 is not a QNX4 partition: exiting
6月 16 15:20:32 ubuntu os-prober[28098]: debug: running /usr/lib/os-probes/mounted/20macosx on mounted /dev/sda1
6月 16 15:20:32 ubuntu 20microsoft[28103]: debug: /dev/sda1 is a FAT32 partition
6月 16 15:20:32 ubuntu 30utility[28114]: debug: /dev/sda1 is a FAT32 partition
6月 16 15:20:32 ubuntu os-prober[28119]: debug: running /usr/lib/os-probes/mounted/40lsb on mounted /dev/sda1
6月 16 15:20:32 ubuntu os-prober[28121]: debug: running /usr/lib/os-probes/mounted/70hurd on mounted /dev/sda1
6月 16 15:20:32 ubuntu os-prober[28125]: debug: running /usr/lib/os-probes/mounted/83haiku on mounted /dev/sda1
6月 16 15:20:32 ubuntu os-prober[28128]: debug: running /usr/lib/os-probes/mounted/90linux-distro on mounted /dev/sda1
6月 16 15:20:32 ubuntu os-prober[28133]: debug: running /usr/lib/os-probes/mounted/90solaris on mounted /dev/sda1
6月 16 15:20:33 ubuntu os-prober[28140]: debug: running /usr/lib/os-probes/50mounted-tests on /dev/sda2
6月 16 15:20:33 ubuntu 50mounted-tests[28148]: debug: /dev/sda2 type not recognised; skipping
6月 16 15:20:33 ubuntu os-prober[28149]: debug: os detected by /usr/lib/os-probes/50mounted-tests
-- Reboot --
2月 25 17:16:30 ubuntu systemd[1]: Starting Daily apt upgrade and clean activities...
2月 25 17:16:30 ubuntu systemd[1]: apt-daily-upgrade.service: Succeeded.
2月 25 17:16:30 ubuntu systemd[1]: Finished Daily apt upgrade and clean activities.
-- Reboot --
3月 27 18:02:29 ubuntu systemd[1]: Starting Daily apt upgrade and clean activities...
-- Reboot --
3月 30 14:27:38 ubuntu systemd[1]: Starting Daily apt upgrade and clean activities...
3月 30 14:42:19 ubuntu os-prober[7439]: debug: running /usr/lib/os-probes/mounted/05efi on mounted /dev/sda1
3月 30 14:42:19 ubuntu os-prober[7442]: debug: running /usr/lib/os-probes/mounted/10freedos on mounted /dev/sda1
3月 30 14:42:19 ubuntu 10freedos[7444]: debug: /dev/sda1 is a FAT32 partition
3月 30 14:42:19 ubuntu os-prober[7447]: debug: running /usr/lib/os-probes/mounted/10qnx on mounted /dev/sda1
3月 30 14:42:19 ubuntu 10qnx[7449]: debug: /dev/sda1 is not a QNX4 partition: exiting
3月 30 14:42:19 ubuntu os-prober[7450]: debug: running /usr/lib/os-probes/mounted/20macosx on mounted /dev/sda1
3月 30 14:42:19 ubuntu macosx-prober[7452]: debug: /dev/sda1 is not an HFS+ partition: exiting
3月 30 14:42:19 ubuntu os-prober[7471]: debug: running /usr/lib/os-probes/mounted/40lsb on mounted /dev/sda1
3月 30 14:42:19 ubuntu os-prober[7473]: debug: running /usr/lib/os-probes/mounted/70hurd on mounted /dev/sda1
3月 30 14:42:19 ubuntu 83haiku[7479]: debug: /dev/sda1 is not a BeFS partition: exiting
3月 30 14:42:19 ubuntu os-prober[7485]: debug: running /usr/lib/os-probes/mounted/90solaris on mounted /dev/sda1
3月 30 14:42:19 ubuntu 50mounted-tests[7500]: debug: /dev/sda2 type not recognised; skipping
3月 30 14:44:04 ubuntu systemd[1]: apt-daily-upgrade.service: Succeeded.
3月 30 14:44:04 ubuntu systemd[1]: Stopped Daily apt upgrade and clean activities.
-- Reboot --
3月 31 18:48:51 ubuntu systemd[1]: Starting Daily apt upgrade and clean activities...
3月 31 18:52:57 ubuntu php7.4-common[8899]: php_invoke calendar: already enabled for PHP 7.4 apache2 sapi
3月 31 18:52:58 ubuntu php7.4-common[8931]: php_invoke calendar: already enabled for PHP 7.4 cli sapi
3月 31 18:52:58 ubuntu php7.4-common[9106]: php_invoke ctype: already enabled for PHP 7.4 apache2 sapi
3月 31 18:52:58 ubuntu php7.4-common[9138]: php_invoke ctype: already enabled for PHP 7.4 cli sapi
3月 31 18:52:58 ubuntu php7.4-common[9297]: php_invoke exif: already enabled for PHP 7.4 apache2 sapi
3月 31 18:52:58 ubuntu php7.4-common[9329]: php_invoke exif: already enabled for PHP 7.4 cli sapi
3月 31 18:52:58 ubuntu php7.4-common[9488]: php_invoke fileinfo: already enabled for PHP 7.4 apache2 sapi
3月 31 18:52:58 ubuntu php7.4-common[9520]: php_invoke fileinfo: already enabled for PHP 7.4 cli sapi
3月 31 18:52:59 ubuntu php7.4-common[9679]: php_invoke ffi: already enabled for PHP 7.4 apache2 sapi
3月 31 18:52:59 ubuntu php7.4-common[9711]: php_invoke ffi: already enabled for PHP 7.4 cli sapi
3月 31 18:52:59 ubuntu php7.4-common[9870]: php_invoke ftp: already enabled for PHP 7.4 apache2 sapi
3月 31 18:52:59 ubuntu php7.4-common[9902]: php_invoke ftp: already enabled for PHP 7.4 cli sapi
3月 31 18:52:59 ubuntu php7.4-common[10064]: php_invoke gettext: already enabled for PHP 7.4 apache2 sapi
3月 31 18:52:59 ubuntu php7.4-common[10096]: php_invoke gettext: already enabled for PHP 7.4 cli sapi
3月 31 18:53:00 ubuntu php7.4-common[10255]: php_invoke iconv: already enabled for PHP 7.4 apache2 sapi
3月 31 18:53:00 ubuntu php7.4-common[10287]: php_invoke iconv: already enabled for PHP 7.4 cli sapi
3月 31 18:53:00 ubuntu php7.4-common[10637]: php_invoke phar: already enabled for PHP 7.4 apache2 sapi
3月 31 18:53:00 ubuntu php7.4-common[10669]: php_invoke phar: already enabled for PHP 7.4 cli sapi
3月 31 18:53:00 ubuntu php7.4-common[10828]: php_invoke posix: already enabled for PHP 7.4 apache2 sapi
3月 31 18:53:00 ubuntu php7.4-common[10860]: php_invoke posix: already enabled for PHP 7.4 cli sapi
3月 31 18:53:01 ubuntu php7.4-common[11019]: php_invoke shmop: already enabled for PHP 7.4 apache2 sapi
3月 31 18:53:01 ubuntu php7.4-common[11051]: php_invoke shmop: already enabled for PHP 7.4 cli sapi
3月 31 18:53:01 ubuntu php7.4-common[11210]: php_invoke sockets: already enabled for PHP 7.4 apache2 sapi
3月 31 18:53:01 ubuntu php7.4-common[11242]: php_invoke sockets: already enabled for PHP 7.4 cli sapi
3月 31 18:53:01 ubuntu php7.4-common[11433]: php_invoke sysvmsg: already enabled for PHP 7.4 cli sapi
3月 31 18:53:01 ubuntu php7.4-common[11592]: php_invoke sysvsem: already enabled for PHP 7.4 apache2 sapi
3月 31 18:53:01 ubuntu php7.4-common[11624]: php_invoke sysvsem: already enabled for PHP 7.4 cli sapi
3月 31 18:53:02 ubuntu php7.4-common[11783]: php_invoke sysvshm: already enabled for PHP 7.4 apache2 sapi
3月 31 18:53:02 ubuntu php7.4-common[11815]: php_invoke sysvshm: already enabled for PHP 7.4 cli sapi
3月 31 18:53:02 ubuntu php7.4-common[11974]: php_invoke tokenizer: already enabled for PHP 7.4 apache2 sapi
3月 31 18:53:02 ubuntu php7.4-common[12006]: php_invoke tokenizer: already enabled for PHP 7.4 cli sapi
3月 31 18:53:02 ubuntu php7.4-mysql[12166]: php_invoke mysqlnd: already enabled for PHP 7.4 apache2 sapi
3月 31 18:53:02 ubuntu php7.4-mysql[12357]: php_invoke mysqli: already enabled for PHP 7.4 apache2 sapi
3月 31 18:53:03 ubuntu php7.4-mysql[12548]: php_invoke pdo_mysql: already enabled for PHP 7.4 apache2 sapi
3月 31 18:53:03 ubuntu php7.4-mysql[12580]: php_invoke pdo_mysql: already enabled for PHP 7.4 cli sapi
3月 31 18:53:03 ubuntu php7.4-readline[12740]: php_invoke readline: already enabled for PHP 7.4 apache2 sapi
3月 31 18:53:03 ubuntu php7.4-readline[12772]: php_invoke readline: already enabled for PHP 7.4 cli sapi
3月 31 18:53:03 ubuntu php7.4-opcache[12964]: php_invoke opcache: already enabled for PHP 7.4 cli sapi
3月 31 18:53:04 ubuntu php7.4-json[13156]: php_invoke json: already enabled for PHP 7.4 cli sapi
3月 31 18:53:04 ubuntu php7.4-cli[13278]: php_invoke phar: already enabled for PHP 7.4 cli sapi
3月 31 18:53:04 ubuntu php7.4-cli[13311]: php_invoke calendar: already enabled for PHP 7.4 cli sapi
3月 31 18:53:04 ubuntu php7.4-cli[13344]: php_invoke pdo: already enabled for PHP 7.4 cli sapi
3月 31 18:53:04 ubuntu php7.4-cli[13377]: php_invoke iconv: already enabled for PHP 7.4 cli sapi
3月 31 18:53:04 ubuntu php7.4-cli[13410]: php_invoke mysqlnd: already enabled for PHP 7.4 cli sapi
3月 31 18:53:04 ubuntu php7.4-cli[13443]: php_invoke fileinfo: already enabled for PHP 7.4 cli sapi
3月 31 18:53:04 ubuntu php7.4-cli[13476]: php_invoke shmop: already enabled for PHP 7.4 cli sapi
3月 31 18:53:04 ubuntu php7.4-cli[13509]: php_invoke gettext: already enabled for PHP 7.4 cli sapi
3月 31 18:53:04 ubuntu php7.4-cli[13543]: php_invoke sockets: already enabled for PHP 7.4 cli sapi
3月 31 18:53:04 ubuntu php7.4-cli[13576]: php_invoke mysqli: already enabled for PHP 7.4 cli sapi
3月 31 18:53:04 ubuntu php7.4-cli[13609]: php_invoke json: already enabled for PHP 7.4 cli sapi
3月 31 18:53:04 ubuntu php7.4-cli[13642]: php_invoke sysvshm: already enabled for PHP 7.4 cli sapi
3月 31 18:53:04 ubuntu php7.4-cli[13675]: php_invoke tokenizer: already enabled for PHP 7.4 cli sapi
3月 31 18:53:04 ubuntu php7.4-cli[13708]: php_invoke pdo_mysql: already enabled for PHP 7.4 cli sapi
3月 31 18:53:04 ubuntu php7.4-cli[13741]: php_invoke exif: already enabled for PHP 7.4 cli sapi
3月 31 18:53:04 ubuntu php7.4-cli[13774]: php_invoke sysvsem: already enabled for PHP 7.4 cli sapi
3月 31 18:53:04 ubuntu php7.4-cli[13807]: php_invoke ffi: already enabled for PHP 7.4 cli sapi
3月 31 18:53:05 ubuntu php7.4-cli[13873]: php_invoke ctype: already enabled for PHP 7.4 cli sapi
3月 31 18:53:05 ubuntu php7.4-cli[13906]: php_invoke sysvmsg: already enabled for PHP 7.4 cli sapi
3月 31 18:53:05 ubuntu php7.4-cli[13939]: php_invoke readline: already enabled for PHP 7.4 cli sapi
3月 31 18:53:05 ubuntu php7.4-cli[13972]: php_invoke opcache: already enabled for PHP 7.4 cli sapi
3月 31 18:53:05 ubuntu php7.4-cli[14005]: php_invoke ftp: already enabled for PHP 7.4 cli sapi
3月 31 18:53:05 ubuntu libapache2-mod-php7.4[14128]: php_invoke phar: already enabled for PHP 7.4 apache2 sapi
3月 31 18:53:05 ubuntu libapache2-mod-php7.4[14164]: php_invoke calendar: already enabled for PHP 7.4 apache2 sapi
3月 31 18:53:05 ubuntu libapache2-mod-php7.4[14329]: php_invoke shmop: already enabled for PHP 7.4 apache2 sapi
3月 31 18:53:05 ubuntu libapache2-mod-php7.4[14362]: php_invoke gettext: already enabled for PHP 7.4 apache2 sapi
3月 31 18:53:05 ubuntu libapache2-mod-php7.4[14395]: php_invoke sockets: already enabled for PHP 7.4 apache2 sapi
3月 31 18:53:05 ubuntu libapache2-mod-php7.4[14428]: php_invoke mysqli: already enabled for PHP 7.4 apache2 sapi
3月 31 18:53:05 ubuntu libapache2-mod-php7.4[14494]: php_invoke sysvshm: already enabled for PHP 7.4 apache2 sapi
3月 31 18:53:05 ubuntu libapache2-mod-php7.4[14560]: php_invoke pdo_mysql: already enabled for PHP 7.4 apache2 sapi
3月 31 18:53:06 ubuntu libapache2-mod-php7.4[14593]: php_invoke exif: already enabled for PHP 7.4 apache2 sapi
3月 31 18:53:06 ubuntu libapache2-mod-php7.4[14626]: php_invoke sysvsem: already enabled for PHP 7.4 apache2 sapi
3月 31 18:53:06 ubuntu libapache2-mod-php7.4[14659]: php_invoke ffi: already enabled for PHP 7.4 apache2 sapi
3月 31 18:53:06 ubuntu libapache2-mod-php7.4[14692]: php_invoke posix: already enabled for PHP 7.4 apache2 sapi
3月 31 18:53:06 ubuntu libapache2-mod-php7.4[14725]: php_invoke ctype: already enabled for PHP 7.4 apache2 sapi
3月 31 18:53:06 ubuntu libapache2-mod-php7.4[14791]: php_invoke readline: already enabled for PHP 7.4 apache2 sapi
3月 31 18:53:06 ubuntu libapache2-mod-php7.4[14824]: php_invoke opcache: already enabled for PHP 7.4 apache2 sapi
3月 31 18:53:06 ubuntu libapache2-mod-php7.4[14857]: php_invoke ftp: already enabled for PHP 7.4 apache2 sapi
3月 31 18:53:32 ubuntu systemd[1]: apt-daily-upgrade.service: Succeeded.
3月 31 18:53:32 ubuntu systemd[1]: Finished Daily apt upgrade and clean activities.
-- Reboot --
4月 14 20:26:16 ubuntu systemd[1]: Starting Daily apt upgrade and clean activities...
4月 14 20:28:25 ubuntu systemd[1]: apt-daily-upgrade.service: Succeeded.
4月 14 20:28:25 ubuntu systemd[1]: Finished Daily apt upgrade and clean activities.
-- Reboot --
4月 15 23:01:10 ubuntu systemd[1]: Starting Daily apt upgrade and clean activities...
4月 15 23:01:12 ubuntu systemd[1]: apt-daily-upgrade.service: Succeeded.
4月 15 23:01:12 ubuntu systemd[1]: Finished Daily apt upgrade and clean activities.
-- Reboot --
4月 21 15:18:32 ubuntu systemd[1]: Starting Daily apt upgrade and clean activities...
4月 21 15:30:31 ubuntu systemd[1]: apt-daily-upgrade.service: Succeeded.
4月 21 15:30:31 ubuntu systemd[1]: Finished Daily apt upgrade and clean activities.

