-- Logs begin at Sat 2022-01-08 18:32:32 CST, end at Fri 2023-04-21 17:32:00 CST. --
1月 09 17:18:09 ubuntu systemd[1]: fprintd.service: Succeeded.
1月 09 19:08:56 ubuntu systemd[1]: Starting Fingerprint Authentication Daemon...
1月 09 19:08:56 ubuntu systemd[1]: Started Fingerprint Authentication Daemon.
1月 09 19:09:27 ubuntu systemd[1]: fprintd.service: Succeeded.
1月 09 19:10:28 ubuntu systemd[1]: Starting Fingerprint Authentication Daemon...
1月 09 19:10:28 ubuntu systemd[1]: Started Fingerprint Authentication Daemon.
1月 09 19:10:59 ubuntu systemd[1]: fprintd.service: Succeeded.
1月 09 19:11:00 ubuntu systemd[1]: Starting Fingerprint Authentication Daemon...
1月 09 19:11:00 ubuntu systemd[1]: Started Fingerprint Authentication Daemon.
1月 09 19:11:31 ubuntu systemd[1]: fprintd.service: Succeeded.
1月 09 19:26:18 ubuntu systemd[1]: Starting Fingerprint Authentication Daemon...
1月 09 19:26:18 ubuntu systemd[1]: Started Fingerprint Authentication Daemon.
1月 09 19:26:48 ubuntu systemd[1]: fprintd.service: Succeeded.
1月 09 19:27:03 ubuntu systemd[1]: Starting Fingerprint Authentication Daemon...
1月 09 19:27:03 ubuntu systemd[1]: Started Fingerprint Authentication Daemon.
1月 09 19:27:33 ubuntu systemd[1]: fprintd.service: Succeeded.
1月 09 21:03:15 ubuntu systemd[1]: Starting Fingerprint Authentication Daemon...
1月 09 21:03:15 ubuntu systemd[1]: Started Fingerprint Authentication Daemon.
1月 09 21:03:45 ubuntu systemd[1]: fprintd.service: Succeeded.
-- Reboot --
1月 09 21:33:18 ubuntu systemd[1]: Starting Fingerprint Authentication Daemon...
1月 09 21:33:18 ubuntu systemd[1]: Started Fingerprint Authentication Daemon.
1月 09 21:33:48 ubuntu systemd[1]: fprintd.service: Succeeded.
-- Reboot --
3月 22 14:03:06 ubuntu systemd[1]: Starting Fingerprint Authentication Daemon...
3月 22 14:03:06 ubuntu systemd[1]: Started Fingerprint Authentication Daemon.
3月 22 14:03:36 ubuntu systemd[1]: fprintd.service: Succeeded.
-- Reboot --
3月 22 14:13:45 ubuntu systemd[1]: Starting Fingerprint Authentication Daemon...
3月 22 14:13:45 ubuntu systemd[1]: Started Fingerprint Authentication Daemon.
3月 22 14:14:16 ubuntu systemd[1]: fprintd.service: Succeeded.
3月 22 14:16:03 ubuntu systemd[1]: Starting Fingerprint Authentication Daemon...
3月 22 14:16:03 ubuntu systemd[1]: Started Fingerprint Authentication Daemon.
3月 22 14:16:34 ubuntu systemd[1]: fprintd.service: Succeeded.
-- Reboot --
3月 22 16:13:14 ubuntu systemd[1]: Starting Fingerprint Authentication Daemon...
3月 22 16:13:14 ubuntu systemd[1]: Started Fingerprint Authentication Daemon.
3月 22 16:13:45 ubuntu systemd[1]: fprintd.service: Succeeded.
-- Reboot --
3月 25 10:18:13 ubuntu systemd[1]: Starting Fingerprint Authentication Daemon...
3月 25 10:18:13 ubuntu systemd[1]: Started Fingerprint Authentication Daemon.
3月 25 10:18:43 ubuntu systemd[1]: fprintd.service: Succeeded.
-- Reboot --
3月 25 10:45:23 ubuntu systemd[1]: Starting Fingerprint Authentication Daemon...
3月 25 10:45:23 ubuntu systemd[1]: Started Fingerprint Authentication Daemon.
3月 25 10:45:54 ubuntu systemd[1]: fprintd.service: Succeeded.
-- Reboot --
3月 28 10:03:02 ubuntu systemd[1]: Starting Fingerprint Authentication Daemon...
3月 28 10:03:02 ubuntu systemd[1]: Started Fingerprint Authentication Daemon.
3月 28 10:03:29 ubuntu systemd[1]: fprintd.service: Succeeded.
-- Reboot --
3月 28 14:59:54 ubuntu systemd[1]: Starting Fingerprint Authentication Daemon...
3月 28 14:59:55 ubuntu systemd[1]: Started Fingerprint Authentication Daemon.
3月 28 15:00:22 ubuntu systemd[1]: fprintd.service: Succeeded.
-- Reboot --
3月 28 16:17:59 ubuntu systemd[1]: Starting Fingerprint Authentication Daemon...
3月 28 16:17:59 ubuntu systemd[1]: Started Fingerprint Authentication Daemon.
3月 28 16:18:26 ubuntu systemd[1]: fprintd.service: Succeeded.
3月 28 16:18:27 ubuntu systemd[1]: Starting Fingerprint Authentication Daemon...
3月 28 16:18:27 ubuntu systemd[1]: Started Fingerprint Authentication Daemon.
3月 28 16:18:57 ubuntu systemd[1]: fprintd.service: Succeeded.
-- Reboot --
4月 01 10:14:36 ubuntu systemd[1]: Starting Fingerprint Authentication Daemon...
4月 01 10:14:36 ubuntu systemd[1]: Started Fingerprint Authentication Daemon.
4月 01 10:15:04 ubuntu systemd[1]: fprintd.service: Succeeded.
-- Reboot --
4月 01 10:25:13 ubuntu systemd[1]: Starting Fingerprint Authentication Daemon...
4月 01 10:25:13 ubuntu systemd[1]: Started Fingerprint Authentication Daemon.
4月 01 10:25:40 ubuntu systemd[1]: fprintd.service: Succeeded.
-- Reboot --
4月 02 08:51:59 ubuntu systemd[1]: Starting Fingerprint Authentication Daemon...
4月 02 08:51:59 ubuntu systemd[1]: Started Fingerprint Authentication Daemon.
4月 02 08:52:25 ubuntu systemd[1]: fprintd.service: Succeeded.
-- Reboot --
4月 02 09:04:52 ubuntu systemd[1]: Starting Fingerprint Authentication Daemon...
4月 02 09:04:53 ubuntu systemd[1]: Started Fingerprint Authentication Daemon.
4月 02 09:05:19 ubuntu systemd[1]: fprintd.service: Succeeded.
-- Reboot --
4月 02 09:10:35 ubuntu systemd[1]: Starting Fingerprint Authentication Daemon...
4月 02 09:10:35 ubuntu systemd[1]: Started Fingerprint Authentication Daemon.
4月 02 09:11:01 ubuntu systemd[1]: fprintd.service: Succeeded.
4月 02 09:11:16 ubuntu systemd[1]: Starting Fingerprint Authentication Daemon...
4月 02 09:11:16 ubuntu systemd[1]: Started Fingerprint Authentication Daemon.
4月 02 09:11:47 ubuntu systemd[1]: fprintd.service: Succeeded.
-- Reboot --
4月 02 17:23:08 ubuntu systemd[1]: Starting Fingerprint Authentication Daemon...
4月 02 17:23:08 ubuntu systemd[1]: Started Fingerprint Authentication Daemon.
4月 02 17:23:35 ubuntu systemd[1]: fprintd.service: Succeeded.
-- Reboot --
4月 02 17:51:36 ubuntu systemd[1]: Starting Fingerprint Authentication Daemon...
4月 02 17:51:36 ubuntu systemd[1]: Started Fingerprint Authentication Daemon.
4月 02 17:52:02 ubuntu systemd[1]: fprintd.service: Succeeded.
-- Reboot --
4月 06 08:17:33 ubuntu systemd[1]: Starting Fingerprint Authentication Daemon...
4月 06 08:17:33 ubuntu systemd[1]: Started Fingerprint Authentication Daemon.
4月 06 08:17:55 ubuntu systemd[1]: fprintd.service: Succeeded.
4月 06 08:17:55 ubuntu systemd[1]: Starting Fingerprint Authentication Daemon...
4月 06 08:17:55 ubuntu systemd[1]: Started Fingerprint Authentication Daemon.
4月 06 08:18:26 ubuntu systemd[1]: fprintd.service: Succeeded.
-- Reboot --
4月 13 08:09:52 ubuntu systemd[1]: Starting Fingerprint Authentication Daemon...
4月 13 08:09:52 ubuntu systemd[1]: Started Fingerprint Authentication Daemon.
4月 13 08:10:23 ubuntu systemd[1]: fprintd.service: Succeeded.
-- Reboot --
4月 13 08:30:23 ubuntu systemd[1]: Starting Fingerprint Authentication Daemon...
4月 13 08:30:23 ubuntu systemd[1]: Started Fingerprint Authentication Daemon.
4月 13 08:30:53 ubuntu systemd[1]: fprintd.service: Succeeded.
-- Reboot --
4月 13 10:23:56 ubuntu systemd[1]: Starting Fingerprint Authentication Daemon...
4月 13 10:23:56 ubuntu systemd[1]: Started Fingerprint Authentication Daemon.
4月 13 10:24:25 ubuntu systemd[1]: fprintd.service: Succeeded.
-- Reboot --
4月 13 14:46:37 ubuntu systemd[1]: Starting Fingerprint Authentication Daemon...
4月 13 14:46:37 ubuntu systemd[1]: Started Fingerprint Authentication Daemon.
4月 13 14:47:08 ubuntu systemd[1]: fprintd.service: Succeeded.
4月 13 14:47:13 ubuntu systemd[1]: Starting Fingerprint Authentication Daemon...
4月 13 14:47:13 ubuntu systemd[1]: Started Fingerprint Authentication Daemon.
4月 13 14:47:43 ubuntu systemd[1]: fprintd.service: Succeeded.
-- Reboot --
4月 15 10:17:04 ubuntu systemd[1]: Starting Fingerprint Authentication Daemon...
4月 15 10:17:04 ubuntu systemd[1]: Started Fingerprint Authentication Daemon.
4月 15 10:17:34 ubuntu systemd[1]: fprintd.service: Succeeded.
4月 15 10:18:54 ubuntu systemd[1]: Starting Fingerprint Authentication Daemon...
4月 15 10:18:54 ubuntu systemd[1]: Started Fingerprint Authentication Daemon.
4月 15 10:19:24 ubuntu systemd[1]: fprintd.service: Succeeded.
-- Reboot --
4月 20 08:14:57 ubuntu systemd[1]: Starting Fingerprint Authentication Daemon...
4月 20 08:14:57 ubuntu systemd[1]: Started Fingerprint Authentication Daemon.
4月 20 08:15:25 ubuntu systemd[1]: fprintd.service: Succeeded.
4月 20 08:15:39 ubuntu systemd[1]: Starting Fingerprint Authentication Daemon...
4月 20 08:15:39 ubuntu systemd[1]: Started Fingerprint Authentication Daemon.
4月 20 08:16:09 ubuntu systemd[1]: fprintd.service: Succeeded.
-- Reboot --
4月 20 08:23:08 ubuntu systemd[1]: Starting Fingerprint Authentication Daemon...
4月 20 08:23:08 ubuntu systemd[1]: Started Fingerprint Authentication Daemon.
4月 20 08:23:38 ubuntu systemd[1]: fprintd.service: Succeeded.
-- Reboot --
4月 27 08:18:33 ubuntu systemd[1]: Starting Fingerprint Authentication Daemon...
4月 27 08:18:33 ubuntu systemd[1]: Started Fingerprint Authentication Daemon.
4月 27 08:19:02 ubuntu systemd[1]: fprintd.service: Succeeded.
-- Reboot --
4月 27 11:07:21 ubuntu systemd[1]: Starting Fingerprint Authentication Daemon...
4月 27 11:07:21 ubuntu systemd[1]: Started Fingerprint Authentication Daemon.
4月 27 11:07:52 ubuntu systemd[1]: fprintd.service: Succeeded.
-- Reboot --
4月 27 14:11:35 ubuntu systemd[1]: Starting Fingerprint Authentication Daemon...
4月 27 14:11:35 ubuntu systemd[1]: Started Fingerprint Authentication Daemon.
4月 27 14:12:05 ubuntu systemd[1]: fprintd.service: Succeeded.
-- Reboot --
4月 27 15:05:22 ubuntu systemd[1]: Starting Fingerprint Authentication Daemon...
4月 27 15:05:22 ubuntu systemd[1]: Started Fingerprint Authentication Daemon.
4月 27 15:05:52 ubuntu systemd[1]: fprintd.service: Succeeded.
-- Reboot --
4月 28 21:00:59 ubuntu systemd[1]: Starting Fingerprint Authentication Daemon...
4月 28 21:00:59 ubuntu systemd[1]: Started Fingerprint Authentication Daemon.
4月 28 21:01:27 ubuntu systemd[1]: fprintd.service: Succeeded.
-- Reboot --
5月 06 10:06:21 ubuntu systemd[1]: Starting Fingerprint Authentication Daemon...
5月 06 10:06:21 ubuntu systemd[1]: Started Fingerprint Authentication Daemon.
5月 06 10:06:45 ubuntu systemd[1]: fprintd.service: Succeeded.
-- Reboot --
5月 06 10:17:49 ubuntu systemd[1]: Starting Fingerprint Authentication Daemon...
5月 06 10:17:49 ubuntu systemd[1]: Started Fingerprint Authentication Daemon.
5月 06 10:18:12 ubuntu systemd[1]: fprintd.service: Succeeded.
-- Reboot --
5月 07 08:13:55 ubuntu systemd[1]: Starting Fingerprint Authentication Daemon...
5月 07 08:13:55 ubuntu systemd[1]: Started Fingerprint Authentication Daemon.
5月 07 08:14:17 ubuntu systemd[1]: fprintd.service: Succeeded.
5月 07 08:41:02 ubuntu systemd[1]: Starting Fingerprint Authentication Daemon...
5月 07 08:41:02 ubuntu systemd[1]: Started Fingerprint Authentication Daemon.
5月 07 08:41:32 ubuntu systemd[1]: fprintd.service: Succeeded.
-- Reboot --
5月 08 14:53:58 ubuntu systemd[1]: Starting Fingerprint Authentication Daemon...
5月 08 14:53:58 ubuntu systemd[1]: Started Fingerprint Authentication Daemon.
5月 08 14:54:19 ubuntu systemd[1]: fprintd.service: Succeeded.
-- Reboot --
5月 08 15:54:31 ubuntu systemd[1]: Starting Fingerprint Authentication Daemon...
5月 08 15:54:31 ubuntu systemd[1]: Started Fingerprint Authentication Daemon.
5月 08 15:54:52 ubuntu systemd[1]: fprintd.service: Succeeded.
-- Reboot --
5月 08 16:27:24 ubuntu systemd[1]: Starting Fingerprint Authentication Daemon...
5月 08 16:27:25 ubuntu systemd[1]: Started Fingerprint Authentication Daemon.
5月 08 16:27:45 ubuntu systemd[1]: fprintd.service: Succeeded.
-- Reboot --
5月 14 20:51:58 ubuntu systemd[1]: Starting Fingerprint Authentication Daemon...
5月 14 20:51:58 ubuntu systemd[1]: Started Fingerprint Authentication Daemon.
5月 14 20:52:28 ubuntu systemd[1]: fprintd.service: Succeeded.
-- Reboot --
5月 15 00:06:20 ubuntu systemd[1]: Starting Fingerprint Authentication Daemon...
5月 15 00:06:20 ubuntu systemd[1]: Started Fingerprint Authentication Daemon.
5月 15 00:06:48 ubuntu systemd[1]: fprintd.service: Succeeded.
-- Reboot --
5月 15 00:15:13 ubuntu systemd[1]: Starting Fingerprint Authentication Daemon...
5月 15 00:15:13 ubuntu systemd[1]: Started Fingerprint Authentication Daemon.
5月 15 00:15:43 ubuntu systemd[1]: fprintd.service: Succeeded.
-- Reboot --
5月 15 10:43:48 ubuntu systemd[1]: Starting Fingerprint Authentication Daemon...
5月 15 10:43:48 ubuntu systemd[1]: Started Fingerprint Authentication Daemon.
5月 15 10:44:18 ubuntu systemd[1]: fprintd.service: Succeeded.
5月 15 13:18:52 ubuntu systemd[1]: Starting Fingerprint Authentication Daemon...
5月 15 13:18:52 ubuntu systemd[1]: Started Fingerprint Authentication Daemon.
5月 15 13:19:23 ubuntu systemd[1]: fprintd.service: Succeeded.
-- Reboot --
5月 15 15:15:46 ubuntu systemd[1]: Starting Fingerprint Authentication Daemon...
5月 15 15:15:46 ubuntu systemd[1]: Started Fingerprint Authentication Daemon.
5月 15 15:16:16 ubuntu systemd[1]: fprintd.service: Succeeded.
-- Reboot --
5月 15 16:28:32 ubuntu systemd[1]: Starting Fingerprint Authentication Daemon...
5月 15 16:28:32 ubuntu systemd[1]: Started Fingerprint Authentication Daemon.
5月 15 16:29:03 ubuntu systemd[1]: fprintd.service: Succeeded.
5月 15 16:49:05 ubuntu systemd[1]: Starting Fingerprint Authentication Daemon...
5月 15 16:49:05 ubuntu systemd[1]: Started Fingerprint Authentication Daemon.
5月 15 16:49:35 ubuntu systemd[1]: fprintd.service: Succeeded.
-- Reboot --
5月 15 21:27:19 ubuntu systemd[1]: Starting Fingerprint Authentication Daemon...
5月 15 21:27:19 ubuntu systemd[1]: Started Fingerprint Authentication Daemon.
5月 15 21:27:49 ubuntu systemd[1]: fprintd.service: Succeeded.
5月 15 22:53:35 ubuntu systemd[1]: Starting Fingerprint Authentication Daemon...
5月 15 22:53:35 ubuntu systemd[1]: Started Fingerprint Authentication Daemon.
5月 15 22:54:05 ubuntu systemd[1]: fprintd.service: Succeeded.
-- Reboot --
5月 31 15:28:50 ubuntu systemd[1]: Starting Fingerprint Authentication Daemon...
5月 31 15:28:50 ubuntu systemd[1]: Started Fingerprint Authentication Daemon.
5月 31 15:29:20 ubuntu systemd[1]: fprintd.service: Succeeded.
5月 31 15:30:05 ubuntu systemd[1]: Starting Fingerprint Authentication Daemon...
5月 31 15:30:05 ubuntu systemd[1]: Started Fingerprint Authentication Daemon.
5月 31 15:30:35 ubuntu systemd[1]: fprintd.service: Succeeded.
5月 31 15:55:27 ubuntu systemd[1]: Starting Fingerprint Authentication Daemon...
5月 31 15:55:27 ubuntu systemd[1]: Started Fingerprint Authentication Daemon.
5月 31 15:55:57 ubuntu systemd[1]: fprintd.service: Succeeded.
-- Reboot --
5月 31 16:19:57 ubuntu systemd[1]: Starting Fingerprint Authentication Daemon...
5月 31 16:19:57 ubuntu systemd[1]: Started Fingerprint Authentication Daemon.
5月 31 16:20:27 ubuntu systemd[1]: fprintd.service: Succeeded.
-- Reboot --
5月 31 21:01:02 ubuntu systemd[1]: Starting Fingerprint Authentication Daemon...
5月 31 21:01:02 ubuntu systemd[1]: Started Fingerprint Authentication Daemon.
5月 31 21:01:33 ubuntu systemd[1]: fprintd.service: Succeeded.
5月 31 22:52:29 ubuntu systemd[1]: Starting Fingerprint Authentication Daemon...
5月 31 22:52:29 ubuntu systemd[1]: Started Fingerprint Authentication Daemon.
5月 31 22:52:59 ubuntu systemd[1]: fprintd.service: Succeeded.
-- Reboot --
6月 01 23:20:45 ubuntu systemd[1]: Starting Fingerprint Authentication Daemon...
6月 01 23:20:46 ubuntu systemd[1]: Started Fingerprint Authentication Daemon.
6月 01 23:21:15 ubuntu systemd[1]: fprintd.service: Succeeded.
6月 01 23:21:33 ubuntu systemd[1]: Starting Fingerprint Authentication Daemon...
6月 01 23:21:33 ubuntu systemd[1]: Started Fingerprint Authentication Daemon.
6月 01 23:22:04 ubuntu systemd[1]: fprintd.service: Succeeded.
-- Reboot --
6月 06 14:12:43 ubuntu systemd[1]: Starting Fingerprint Authentication Daemon...
6月 06 14:12:43 ubuntu systemd[1]: Started Fingerprint Authentication Daemon.
6月 06 14:13:13 ubuntu systemd[1]: fprintd.service: Succeeded.
-- Reboot --
6月 06 15:39:41 ubuntu systemd[1]: Starting Fingerprint Authentication Daemon...
6月 06 15:39:41 ubuntu systemd[1]: Started Fingerprint Authentication Daemon.
6月 06 15:40:06 ubuntu systemd[1]: fprintd.service: Succeeded.
-- Reboot --
6月 06 15:44:34 ubuntu systemd[1]: Starting Fingerprint Authentication Daemon...
6月 06 15:44:34 ubuntu systemd[1]: Started Fingerprint Authentication Daemon.
6月 06 15:44:59 ubuntu systemd[1]: fprintd.service: Succeeded.
-- Reboot --
6月 15 14:09:09 ubuntu systemd[1]: Starting Fingerprint Authentication Daemon...
6月 15 14:09:09 ubuntu systemd[1]: Started Fingerprint Authentication Daemon.
6月 15 14:09:40 ubuntu systemd[1]: fprintd.service: Succeeded.
6月 15 15:13:30 ubuntu systemd[1]: Starting Fingerprint Authentication Daemon...
6月 15 15:13:30 ubuntu systemd[1]: Started Fingerprint Authentication Daemon.
6月 15 15:14:01 ubuntu systemd[1]: fprintd.service: Succeeded.
6月 15 15:48:41 ubuntu systemd[1]: Starting Fingerprint Authentication Daemon...
6月 15 15:48:41 ubuntu systemd[1]: Started Fingerprint Authentication Daemon.
6月 15 15:49:12 ubuntu systemd[1]: fprintd.service: Succeeded.
-- Reboot --
6月 16 14:48:35 ubuntu systemd[1]: Starting Fingerprint Authentication Daemon...
6月 16 14:48:35 ubuntu systemd[1]: Started Fingerprint Authentication Daemon.
6月 16 14:49:03 ubuntu systemd[1]: fprintd.service: Succeeded.
-- Reboot --
2月 25 16:36:23 ubuntu systemd[1]: Starting Fingerprint Authentication Daemon...
2月 25 16:36:23 ubuntu systemd[1]: Started Fingerprint Authentication Daemon.
2月 25 16:36:54 ubuntu systemd[1]: fprintd.service: Succeeded.
2月 25 16:37:53 ubuntu systemd[1]: Starting Fingerprint Authentication Daemon...
2月 25 16:37:53 ubuntu systemd[1]: Started Fingerprint Authentication Daemon.
2月 25 16:38:23 ubuntu systemd[1]: fprintd.service: Succeeded.
-- Reboot --
3月 27 17:52:55 ubuntu systemd[1]: Starting Fingerprint Authentication Daemon...
3月 27 17:52:55 ubuntu systemd[1]: Started Fingerprint Authentication Daemon.
3月 27 17:53:01 ubuntu systemd[1]: fprintd.service: Succeeded.
3月 27 18:02:06 ubuntu systemd[1]: Starting Fingerprint Authentication Daemon...
3月 27 18:02:06 ubuntu systemd[1]: Started Fingerprint Authentication Daemon.
3月 27 18:02:36 ubuntu systemd[1]: fprintd.service: Succeeded.
3月 27 18:08:16 ubuntu systemd[1]: Starting Fingerprint Authentication Daemon...
3月 27 18:08:16 ubuntu systemd[1]: Started Fingerprint Authentication Daemon.
-- Reboot --
3月 30 14:06:14 ubuntu systemd[1]: Starting Fingerprint Authentication Daemon...
3月 30 14:06:14 ubuntu systemd[1]: Started Fingerprint Authentication Daemon.
3月 30 14:06:18 ubuntu systemd[1]: fprintd.service: Succeeded.
3月 30 14:15:26 ubuntu systemd[1]: Starting Fingerprint Authentication Daemon...
3月 30 14:15:26 ubuntu systemd[1]: Started Fingerprint Authentication Daemon.
3月 30 14:15:56 ubuntu systemd[1]: fprintd.service: Succeeded.
3月 30 14:41:38 ubuntu systemd[1]: Starting Fingerprint Authentication Daemon...
3月 30 14:41:38 ubuntu systemd[1]: Started Fingerprint Authentication Daemon.
3月 30 14:42:08 ubuntu systemd[1]: fprintd.service: Succeeded.
3月 30 14:44:02 ubuntu systemd[1]: Starting Fingerprint Authentication Daemon...
3月 30 14:44:02 ubuntu systemd[1]: Started Fingerprint Authentication Daemon.
3月 30 14:44:04 ubuntu systemd[1]: Stopping Fingerprint Authentication Daemon...
3月 30 14:44:04 ubuntu systemd[1]: fprintd.service: Succeeded.
3月 30 14:44:04 ubuntu systemd[1]: Stopped Fingerprint Authentication Daemon.
-- Reboot --
3月 30 14:44:37 ubuntu systemd[1]: Starting Fingerprint Authentication Daemon...
3月 30 14:44:37 ubuntu systemd[1]: Started Fingerprint Authentication Daemon.
3月 30 14:45:07 ubuntu systemd[1]: fprintd.service: Succeeded.
-- Reboot --
3月 30 15:12:25 ubuntu systemd[1]: Starting Fingerprint Authentication Daemon...
3月 30 15:12:25 ubuntu systemd[1]: Started Fingerprint Authentication Daemon.
3月 30 15:12:56 ubuntu systemd[1]: fprintd.service: Succeeded.
-- Reboot --
3月 30 15:18:45 ubuntu systemd[1]: Starting Fingerprint Authentication Daemon...
3月 30 15:18:45 ubuntu systemd[1]: Started Fingerprint Authentication Daemon.
3月 30 15:19:15 ubuntu systemd[1]: fprintd.service: Succeeded.
-- Reboot --
3月 30 22:57:19 ubuntu systemd[1]: Starting Fingerprint Authentication Daemon...
3月 30 22:57:19 ubuntu systemd[1]: Started Fingerprint Authentication Daemon.
3月 30 22:57:48 ubuntu systemd[1]: fprintd.service: Succeeded.
-- Reboot --
3月 30 23:00:50 ubuntu systemd[1]: Starting Fingerprint Authentication Daemon...
3月 30 23:00:50 ubuntu systemd[1]: Started Fingerprint Authentication Daemon.
3月 30 23:01:20 ubuntu systemd[1]: fprintd.service: Succeeded.
-- Reboot --
3月 30 23:05:31 ubuntu systemd[1]: Starting Fingerprint Authentication Daemon...
3月 30 23:05:31 ubuntu systemd[1]: Started Fingerprint Authentication Daemon.
3月 30 23:06:01 ubuntu systemd[1]: fprintd.service: Succeeded.
-- Reboot --
3月 31 18:40:26 ubuntu systemd[1]: Starting Fingerprint Authentication Daemon...
3月 31 18:40:26 ubuntu systemd[1]: Started Fingerprint Authentication Daemon.
3月 31 18:40:56 ubuntu systemd[1]: fprintd.service: Succeeded.
3月 31 18:53:31 ubuntu systemd[1]: Starting Fingerprint Authentication Daemon...
3月 31 18:53:31 ubuntu systemd[1]: Started Fingerprint Authentication Daemon.
3月 31 18:53:35 ubuntu systemd[1]: Stopping Fingerprint Authentication Daemon...
3月 31 18:53:35 ubuntu systemd[1]: fprintd.service: Succeeded.
3月 31 18:53:35 ubuntu systemd[1]: Stopped Fingerprint Authentication Daemon.
-- Reboot --
3月 31 18:54:23 ubuntu systemd[1]: Starting Fingerprint Authentication Daemon...
3月 31 18:54:23 ubuntu systemd[1]: Started Fingerprint Authentication Daemon.
3月 31 18:54:54 ubuntu systemd[1]: fprintd.service: Succeeded.
-- Reboot --
3月 31 19:04:07 ubuntu systemd[1]: Starting Fingerprint Authentication Daemon...
3月 31 19:04:07 ubuntu systemd[1]: Started Fingerprint Authentication Daemon.
3月 31 19:04:37 ubuntu systemd[1]: fprintd.service: Succeeded.
-- Reboot --
3月 31 19:27:42 ubuntu systemd[1]: Starting Fingerprint Authentication Daemon...
3月 31 19:27:42 ubuntu systemd[1]: Started Fingerprint Authentication Daemon.
3月 31 19:28:12 ubuntu systemd[1]: fprintd.service: Succeeded.
-- Reboot --
3月 31 19:43:36 ubuntu systemd[1]: Starting Fingerprint Authentication Daemon...
3月 31 19:43:36 ubuntu systemd[1]: Started Fingerprint Authentication Daemon.
3月 31 19:44:05 ubuntu systemd[1]: fprintd.service: Succeeded.
-- Reboot --
3月 31 19:58:23 ubuntu systemd[1]: Starting Fingerprint Authentication Daemon...
3月 31 19:58:23 ubuntu systemd[1]: Started Fingerprint Authentication Daemon.
3月 31 19:58:53 ubuntu systemd[1]: fprintd.service: Succeeded.
3月 31 20:02:29 ubuntu systemd[1]: Starting Fingerprint Authentication Daemon...
3月 31 20:02:29 ubuntu systemd[1]: Started Fingerprint Authentication Daemon.
3月 31 20:03:00 ubuntu systemd[1]: fprintd.service: Succeeded.
-- Reboot --
3月 31 20:24:41 ubuntu systemd[1]: Starting Fingerprint Authentication Daemon...
3月 31 20:24:41 ubuntu systemd[1]: Started Fingerprint Authentication Daemon.
3月 31 20:25:12 ubuntu systemd[1]: fprintd.service: Succeeded.
-- Reboot --
4月 02 17:05:10 ubuntu systemd[1]: Starting Fingerprint Authentication Daemon...
4月 02 17:05:10 ubuntu systemd[1]: Started Fingerprint Authentication Daemon.
4月 02 17:05:39 ubuntu systemd[1]: fprintd.service: Succeeded.
4月 02 17:13:39 ubuntu systemd[1]: Starting Fingerprint Authentication Daemon...
4月 02 17:13:39 ubuntu systemd[1]: Started Fingerprint Authentication Daemon.
4月 02 17:13:52 ubuntu systemd[1]: Stopping Fingerprint Authentication Daemon...
4月 02 17:13:52 ubuntu systemd[1]: fprintd.service: Succeeded.
4月 02 17:13:52 ubuntu systemd[1]: Stopped Fingerprint Authentication Daemon.
-- Reboot --
4月 14 20:21:46 ubuntu systemd[1]: Starting Fingerprint Authentication Daemon...
4月 14 20:21:46 ubuntu systemd[1]: Started Fingerprint Authentication Daemon.
4月 14 20:22:02 ubuntu systemd[1]: fprintd.service: Succeeded.
-- Reboot --
4月 14 20:55:59 ubuntu systemd[1]: Starting Fingerprint Authentication Daemon...
4月 14 20:55:59 ubuntu systemd[1]: Started Fingerprint Authentication Daemon.
4月 14 20:56:15 ubuntu systemd[1]: fprintd.service: Succeeded.
4月 14 20:56:26 ubuntu systemd[1]: Starting Fingerprint Authentication Daemon...
4月 14 20:56:26 ubuntu systemd[1]: Started Fingerprint Authentication Daemon.
4月 14 20:56:57 ubuntu systemd[1]: fprintd.service: Succeeded.
-- Reboot --
4月 15 22:31:12 ubuntu systemd[1]: Starting Fingerprint Authentication Daemon...
4月 15 22:31:13 ubuntu systemd[1]: Started Fingerprint Authentication Daemon.
4月 15 22:31:43 ubuntu systemd[1]: fprintd.service: Succeeded.
4月 15 22:32:00 ubuntu systemd[1]: Starting Fingerprint Authentication Daemon...
4月 15 22:32:00 ubuntu systemd[1]: Started Fingerprint Authentication Daemon.
4月 15 22:32:31 ubuntu systemd[1]: fprintd.service: Succeeded.
-- Reboot --
4月 15 22:43:45 ubuntu systemd[1]: Starting Fingerprint Authentication Daemon...
4月 15 22:43:45 ubuntu systemd[1]: Started Fingerprint Authentication Daemon.
4月 15 22:44:15 ubuntu systemd[1]: fprintd.service: Succeeded.
4月 15 22:57:29 ubuntu systemd[1]: Starting Fingerprint Authentication Daemon...
4月 15 22:57:29 ubuntu systemd[1]: Started Fingerprint Authentication Daemon.
4月 15 22:58:00 ubuntu systemd[1]: fprintd.service: Succeeded.
-- Reboot --
4月 19 18:41:10 ubuntu systemd[1]: Starting Fingerprint Authentication Daemon...
4月 19 18:41:10 ubuntu systemd[1]: Started Fingerprint Authentication Daemon.
4月 19 18:41:41 ubuntu systemd[1]: fprintd.service: Succeeded.
4月 19 18:42:45 ubuntu systemd[1]: Starting Fingerprint Authentication Daemon...
4月 19 18:42:45 ubuntu systemd[1]: Started Fingerprint Authentication Daemon.
4月 19 18:43:15 ubuntu systemd[1]: fprintd.service: Succeeded.
-- Reboot --
4月 19 19:16:21 ubuntu systemd[1]: Starting Fingerprint Authentication Daemon...
4月 19 19:16:21 ubuntu systemd[1]: Started Fingerprint Authentication Daemon.
4月 19 19:16:51 ubuntu systemd[1]: fprintd.service: Succeeded.
4月 19 19:16:51 ubuntu systemd[1]: Starting Fingerprint Authentication Daemon...
4月 19 19:16:51 ubuntu systemd[1]: Started Fingerprint Authentication Daemon.
4月 19 19:17:21 ubuntu systemd[1]: fprintd.service: Succeeded.
-- Reboot --
4月 21 14:58:12 ubuntu systemd[1]: Starting Fingerprint Authentication Daemon...
4月 21 14:58:13 ubuntu systemd[1]: Started Fingerprint Authentication Daemon.
4月 21 14:58:43 ubuntu systemd[1]: fprintd.service: Succeeded.

