-- Logs begin at Sat 2022-01-08 18:32:32 CST, end at Fri 2023-04-21 17:32:00 CST. --
3月 22 14:03:02 ubuntu systemd[1]: Starting Discard unused blocks on filesystems from /etc/fstab...
3月 22 14:03:02 ubuntu systemd[1]: fstrim.service: Succeeded.
3月 22 14:03:02 ubuntu systemd[1]: Finished Discard unused blocks on filesystems from /etc/fstab.
-- Reboot --
3月 28 10:02:53 ubuntu systemd[1]: Starting Discard unused blocks on filesystems from /etc/fstab...
3月 28 10:02:53 ubuntu systemd[1]: fstrim.service: Succeeded.
3月 28 10:02:53 ubuntu systemd[1]: Finished Discard unused blocks on filesystems from /etc/fstab.
-- Reboot --
4月 06 08:17:16 ubuntu systemd[1]: Starting Discard unused blocks on filesystems from /etc/fstab...
4月 06 08:17:17 ubuntu systemd[1]: fstrim.service: Succeeded.
4月 06 08:17:17 ubuntu systemd[1]: Finished Discard unused blocks on filesystems from /etc/fstab.
-- Reboot --
4月 13 08:09:37 ubuntu systemd[1]: Starting Discard unused blocks on filesystems from /etc/fstab...
4月 13 08:09:38 ubuntu systemd[1]: fstrim.service: Succeeded.
4月 13 08:09:38 ubuntu systemd[1]: Finished Discard unused blocks on filesystems from /etc/fstab.
-- Reboot --
4月 20 08:14:44 ubuntu systemd[1]: Starting Discard unused blocks on filesystems from /etc/fstab...
4月 20 08:14:45 ubuntu systemd[1]: fstrim.service: Succeeded.
4月 20 08:14:45 ubuntu systemd[1]: Finished Discard unused blocks on filesystems from /etc/fstab.
-- Reboot --
4月 27 08:18:20 ubuntu systemd[1]: Starting Discard unused blocks on filesystems from /etc/fstab...
4月 27 08:18:20 ubuntu systemd[1]: fstrim.service: Succeeded.
4月 27 08:18:20 ubuntu systemd[1]: Finished Discard unused blocks on filesystems from /etc/fstab.
-- Reboot --
5月 06 10:06:15 ubuntu systemd[1]: Starting Discard unused blocks on filesystems from /etc/fstab...
5月 06 10:06:15 ubuntu systemd[1]: fstrim.service: Succeeded.
5月 06 10:06:15 ubuntu systemd[1]: Finished Discard unused blocks on filesystems from /etc/fstab.
-- Reboot --
5月 14 20:51:42 ubuntu systemd[1]: Starting Discard unused blocks on filesystems from /etc/fstab...
5月 14 20:51:42 ubuntu systemd[1]: fstrim.service: Succeeded.
5月 14 20:51:42 ubuntu systemd[1]: Finished Discard unused blocks on filesystems from /etc/fstab.
-- Reboot --
5月 31 15:28:44 ubuntu systemd[1]: Starting Discard unused blocks on filesystems from /etc/fstab...
5月 31 15:28:45 ubuntu systemd[1]: fstrim.service: Succeeded.
5月 31 15:28:45 ubuntu systemd[1]: Finished Discard unused blocks on filesystems from /etc/fstab.
-- Reboot --
6月 06 14:12:34 ubuntu systemd[1]: Starting Discard unused blocks on filesystems from /etc/fstab...
6月 06 14:12:35 ubuntu systemd[1]: fstrim.service: Succeeded.
6月 06 14:12:35 ubuntu systemd[1]: Finished Discard unused blocks on filesystems from /etc/fstab.
-- Reboot --
6月 15 14:08:49 ubuntu systemd[1]: Starting Discard unused blocks on filesystems from /etc/fstab...
6月 15 14:08:49 ubuntu systemd[1]: fstrim.service: Succeeded.
6月 15 14:08:49 ubuntu systemd[1]: Finished Discard unused blocks on filesystems from /etc/fstab.
-- Reboot --
2月 25 16:36:14 ubuntu systemd[1]: Starting Discard unused blocks on filesystems from /etc/fstab...
2月 25 16:36:14 ubuntu systemd[1]: fstrim.service: Succeeded.
2月 25 16:36:14 ubuntu systemd[1]: Finished Discard unused blocks on filesystems from /etc/fstab.
-- Reboot --
3月 27 17:52:48 ubuntu systemd[1]: Starting Discard unused blocks on filesystems from /etc/fstab...
3月 27 17:52:49 ubuntu systemd[1]: fstrim.service: Succeeded.
3月 27 17:52:49 ubuntu systemd[1]: Finished Discard unused blocks on filesystems from /etc/fstab.
-- Reboot --
4月 14 20:21:36 ubuntu systemd[1]: Starting Discard unused blocks on filesystems from /etc/fstab...
4月 14 20:21:37 ubuntu systemd[1]: fstrim.service: Succeeded.
4月 14 20:21:37 ubuntu systemd[1]: Finished Discard unused blocks on filesystems from /etc/fstab.
-- Reboot --
4月 19 18:41:05 ubuntu systemd[1]: Starting Discard unused blocks on filesystems from /etc/fstab...
4月 19 18:41:05 ubuntu systemd[1]: fstrim.service: Succeeded.
4月 19 18:41:05 ubuntu systemd[1]: Finished Discard unused blocks on filesystems from /etc/fstab.

