-- Logs begin at Sat 2022-01-08 18:32:32 CST, end at Fri 2023-04-21 17:32:00 CST. --
3月 22 14:09:57 ubuntu systemd[1]: Starting Refresh fwupd metadata and update motd...
3月 22 14:09:57 ubuntu fwupdmgr[5228]: Updating lvfs
3月 22 14:10:56 ubuntu fwupdmgr[5228]: Successfully downloaded new metadata: 0 local devices supported
3月 22 14:10:56 ubuntu systemd[1]: fwupd-refresh.service: Succeeded.
3月 22 14:10:56 ubuntu systemd[1]: Finished Refresh fwupd metadata and update motd.
-- Reboot --
4月 01 10:20:31 ubuntu systemd[1]: Starting Refresh fwupd metadata and update motd...
4月 01 10:20:31 ubuntu systemd[1]: fwupd-refresh.service: Succeeded.
4月 01 10:20:31 ubuntu systemd[1]: Finished Refresh fwupd metadata and update motd.
-- Reboot --
4月 13 08:43:50 ubuntu systemd[1]: Starting Refresh fwupd metadata and update motd...
4月 13 08:43:50 ubuntu systemd[1]: fwupd-refresh.service: Main process exited, code=exited, status=1/FAILURE
4月 13 08:43:50 ubuntu systemd[1]: fwupd-refresh.service: Failed with result 'exit-code'.
4月 13 08:43:50 ubuntu systemd[1]: Failed to start Refresh fwupd metadata and update motd.
-- Reboot --
4月 27 09:54:01 ubuntu systemd[1]: Starting Refresh fwupd metadata and update motd...
4月 27 09:54:01 ubuntu systemd[1]: fwupd-refresh.service: Main process exited, code=exited, status=1/FAILURE
4月 27 09:54:01 ubuntu systemd[1]: fwupd-refresh.service: Failed with result 'exit-code'.
4月 27 09:54:01 ubuntu systemd[1]: Failed to start Refresh fwupd metadata and update motd.
-- Reboot --
5月 14 21:11:15 ubuntu systemd[1]: Starting Refresh fwupd metadata and update motd...
5月 14 21:11:15 ubuntu systemd[1]: fwupd-refresh.service: Main process exited, code=exited, status=1/FAILURE
5月 14 21:11:15 ubuntu systemd[1]: fwupd-refresh.service: Failed with result 'exit-code'.
5月 14 21:11:15 ubuntu systemd[1]: Failed to start Refresh fwupd metadata and update motd.
-- Reboot --
5月 15 13:02:30 ubuntu systemd[1]: Starting Refresh fwupd metadata and update motd...
5月 15 13:02:30 ubuntu systemd[1]: fwupd-refresh.service: Main process exited, code=exited, status=1/FAILURE
5月 15 13:02:30 ubuntu systemd[1]: fwupd-refresh.service: Failed with result 'exit-code'.
5月 15 13:02:30 ubuntu systemd[1]: Failed to start Refresh fwupd metadata and update motd.
-- Reboot --
6月 02 00:01:12 ubuntu systemd[1]: Starting Refresh fwupd metadata and update motd...
6月 02 00:01:12 ubuntu systemd[1]: fwupd-refresh.service: Main process exited, code=exited, status=1/FAILURE
6月 02 00:01:12 ubuntu systemd[1]: fwupd-refresh.service: Failed with result 'exit-code'.
6月 02 00:01:12 ubuntu systemd[1]: Failed to start Refresh fwupd metadata and update motd.
-- Reboot --
2月 26 17:17:09 ubuntu systemd[1]: Starting Refresh fwupd metadata and update motd...
-- Reboot --
3月 30 14:12:09 ubuntu systemd[1]: Starting Refresh fwupd metadata and update motd...
3月 30 14:12:09 ubuntu systemd[1]: fwupd-refresh.service: Main process exited, code=exited, status=1/FAILURE
3月 30 14:12:09 ubuntu systemd[1]: fwupd-refresh.service: Failed with result 'exit-code'.
3月 30 14:12:09 ubuntu systemd[1]: Failed to start Refresh fwupd metadata and update motd.
-- Reboot --
3月 31 19:52:46 ubuntu systemd[1]: Starting Refresh fwupd metadata and update motd...
3月 31 19:52:46 ubuntu systemd[1]: fwupd-refresh.service: Main process exited, code=exited, status=1/FAILURE
3月 31 19:52:46 ubuntu systemd[1]: fwupd-refresh.service: Failed with result 'exit-code'.
3月 31 19:52:46 ubuntu systemd[1]: Failed to start Refresh fwupd metadata and update motd.

