-- Logs begin at Sat 2022-01-08 18:32:32 CST, end at Fri 2023-04-21 17:32:00 CST. --
3月 22 14:03:02 ubuntu systemd[1]: Starting Rotate log files...
3月 22 14:03:02 ubuntu systemd[1]: logrotate.service: Succeeded.
3月 22 14:03:02 ubuntu systemd[1]: Finished Rotate log files.
-- Reboot --
3月 25 10:18:04 ubuntu systemd[1]: Starting Rotate log files...
3月 25 10:18:05 ubuntu systemd[1]: logrotate.service: Succeeded.
3月 25 10:18:05 ubuntu systemd[1]: Finished Rotate log files.
-- Reboot --
3月 28 10:02:53 ubuntu systemd[1]: Starting Rotate log files...
3月 28 10:02:54 ubuntu systemd[1]: logrotate.service: Succeeded.
3月 28 10:02:54 ubuntu systemd[1]: Finished Rotate log files.
-- Reboot --
4月 01 10:14:20 ubuntu systemd[1]: Starting Rotate log files...
4月 01 10:14:25 ubuntu systemd[1]: logrotate.service: Succeeded.
4月 01 10:14:25 ubuntu systemd[1]: Finished Rotate log files.
-- Reboot --
4月 02 08:51:51 ubuntu systemd[1]: Starting Rotate log files...
4月 02 08:51:52 ubuntu systemd[1]: logrotate.service: Succeeded.
4月 02 08:51:52 ubuntu systemd[1]: Finished Rotate log files.
-- Reboot --
4月 06 08:17:17 ubuntu systemd[1]: Starting Rotate log files...
4月 06 08:17:18 ubuntu systemd[1]: logrotate.service: Succeeded.
4月 06 08:17:18 ubuntu systemd[1]: Finished Rotate log files.
-- Reboot --
4月 13 08:09:38 ubuntu systemd[1]: Starting Rotate log files...
4月 13 08:09:48 ubuntu systemd[1]: logrotate.service: Succeeded.
4月 13 08:09:48 ubuntu systemd[1]: Finished Rotate log files.
-- Reboot --
4月 15 10:17:00 ubuntu systemd[1]: Starting Rotate log files...
4月 15 10:17:00 ubuntu systemd[1]: logrotate.service: Succeeded.
4月 15 10:17:00 ubuntu systemd[1]: Finished Rotate log files.
-- Reboot --
4月 20 08:14:45 ubuntu systemd[1]: Starting Rotate log files...
4月 20 08:14:47 ubuntu systemd[1]: logrotate.service: Succeeded.
4月 20 08:14:47 ubuntu systemd[1]: Finished Rotate log files.
-- Reboot --
4月 27 08:18:20 ubuntu systemd[1]: Starting Rotate log files...
4月 27 08:18:22 ubuntu systemd[1]: logrotate.service: Succeeded.
4月 27 08:18:22 ubuntu systemd[1]: Finished Rotate log files.
-- Reboot --
4月 28 21:00:46 ubuntu systemd[1]: Starting Rotate log files...
4月 28 21:00:48 ubuntu systemd[1]: logrotate.service: Succeeded.
4月 28 21:00:48 ubuntu systemd[1]: Finished Rotate log files.
-- Reboot --
5月 06 10:06:15 ubuntu systemd[1]: Starting Rotate log files...
5月 06 10:06:15 ubuntu systemd[1]: logrotate.service: Succeeded.
5月 06 10:06:15 ubuntu systemd[1]: Finished Rotate log files.
-- Reboot --
5月 07 08:13:43 ubuntu systemd[1]: Starting Rotate log files...
5月 07 08:13:44 ubuntu systemd[1]: logrotate.service: Succeeded.
5月 07 08:13:44 ubuntu systemd[1]: Finished Rotate log files.
-- Reboot --
5月 08 14:53:46 ubuntu systemd[1]: Starting Rotate log files...
5月 08 14:53:55 ubuntu systemd[1]: logrotate.service: Succeeded.
5月 08 14:53:55 ubuntu systemd[1]: Finished Rotate log files.
-- Reboot --
5月 14 20:51:42 ubuntu systemd[1]: Starting Rotate log files...
5月 14 20:51:43 ubuntu systemd[1]: logrotate.service: Succeeded.
5月 14 20:51:43 ubuntu systemd[1]: Finished Rotate log files.
-- Reboot --
5月 15 00:06:13 ubuntu systemd[1]: Starting Rotate log files...
5月 15 00:06:16 ubuntu logrotate[872]: error: error running shared postrotate script for '/var/log/mysql.log /var/log/mysql/*log '
5月 15 00:06:17 ubuntu systemd[1]: logrotate.service: Main process exited, code=exited, status=1/FAILURE
5月 15 00:06:17 ubuntu systemd[1]: logrotate.service: Failed with result 'exit-code'.
5月 15 00:06:17 ubuntu systemd[1]: Failed to start Rotate log files.
-- Reboot --
5月 31 15:28:44 ubuntu systemd[1]: Starting Rotate log files...
5月 31 15:28:47 ubuntu logrotate[872]: error: error running shared postrotate script for '/var/log/mysql.log /var/log/mysql/*log '
5月 31 15:28:47 ubuntu systemd[1]: logrotate.service: Main process exited, code=exited, status=1/FAILURE
5月 31 15:28:47 ubuntu systemd[1]: logrotate.service: Failed with result 'exit-code'.
5月 31 15:28:47 ubuntu systemd[1]: Failed to start Rotate log files.
-- Reboot --
6月 01 23:20:20 ubuntu systemd[1]: Starting Rotate log files...
6月 01 23:20:27 ubuntu logrotate[910]: error: error running shared postrotate script for '/var/log/mysql.log /var/log/mysql/*log '
6月 01 23:20:29 ubuntu systemd[1]: logrotate.service: Main process exited, code=exited, status=1/FAILURE
6月 01 23:20:29 ubuntu systemd[1]: logrotate.service: Failed with result 'exit-code'.
6月 01 23:20:29 ubuntu systemd[1]: Failed to start Rotate log files.
6月 02 00:00:21 ubuntu systemd[1]: Starting Rotate log files...
6月 02 00:00:22 ubuntu systemd[1]: logrotate.service: Succeeded.
6月 02 00:00:22 ubuntu systemd[1]: Finished Rotate log files.
-- Reboot --
6月 06 14:12:35 ubuntu systemd[1]: Starting Rotate log files...
6月 06 14:12:38 ubuntu logrotate[911]: error: error running shared postrotate script for '/var/log/mysql.log /var/log/mysql/*log '
6月 06 14:12:38 ubuntu systemd[1]: logrotate.service: Main process exited, code=exited, status=1/FAILURE
6月 06 14:12:38 ubuntu systemd[1]: logrotate.service: Failed with result 'exit-code'.
6月 06 14:12:38 ubuntu systemd[1]: Failed to start Rotate log files.
-- Reboot --
6月 15 14:08:49 ubuntu systemd[1]: Starting Rotate log files...
6月 15 14:08:59 ubuntu logrotate[913]: error: error running shared postrotate script for '/var/log/mysql.log /var/log/mysql/*log '
6月 15 14:09:00 ubuntu systemd[1]: logrotate.service: Main process exited, code=exited, status=1/FAILURE
6月 15 14:09:00 ubuntu systemd[1]: logrotate.service: Failed with result 'exit-code'.
6月 15 14:09:00 ubuntu systemd[1]: Failed to start Rotate log files.
-- Reboot --
6月 16 14:48:28 ubuntu systemd[1]: Starting Rotate log files...
6月 16 14:48:31 ubuntu logrotate[864]: error: error running shared postrotate script for '/var/log/mysql.log /var/log/mysql/*log '
6月 16 14:48:31 ubuntu systemd[1]: logrotate.service: Main process exited, code=exited, status=1/FAILURE
6月 16 14:48:31 ubuntu systemd[1]: logrotate.service: Failed with result 'exit-code'.
6月 16 14:48:31 ubuntu systemd[1]: Failed to start Rotate log files.
-- Reboot --
2月 25 16:36:14 ubuntu systemd[1]: Starting Rotate log files...
2月 25 16:36:19 ubuntu logrotate[869]: error: error running shared postrotate script for '/var/log/mysql.log /var/log/mysql/*log '
2月 25 16:36:20 ubuntu systemd[1]: logrotate.service: Main process exited, code=exited, status=1/FAILURE
2月 25 16:36:20 ubuntu systemd[1]: logrotate.service: Failed with result 'exit-code'.
2月 25 16:36:20 ubuntu systemd[1]: Failed to start Rotate log files.
2月 26 17:17:09 ubuntu systemd[1]: Starting Rotate log files...
-- Reboot --
3月 27 17:52:49 ubuntu systemd[1]: Starting Rotate log files...
3月 27 17:52:49 ubuntu systemd[1]: logrotate.service: Succeeded.
3月 27 17:52:49 ubuntu systemd[1]: Finished Rotate log files.
-- Reboot --
3月 30 14:05:43 ubuntu systemd[1]: Starting Rotate log files...
3月 30 14:06:09 ubuntu logrotate[859]: error: error running shared postrotate script for '/var/log/mysql.log /var/log/mysql/*log '
3月 30 14:06:09 ubuntu systemd[1]: logrotate.service: Main process exited, code=exited, status=1/FAILURE
3月 30 14:06:09 ubuntu systemd[1]: logrotate.service: Failed with result 'exit-code'.
3月 30 14:06:09 ubuntu systemd[1]: Failed to start Rotate log files.
-- Reboot --
3月 31 18:40:20 ubuntu systemd[1]: Starting Rotate log files...
3月 31 18:40:21 ubuntu logrotate[917]: error: error running shared postrotate script for '/var/log/mysql.log /var/log/mysql/*log '
3月 31 18:40:21 ubuntu systemd[1]: logrotate.service: Main process exited, code=exited, status=1/FAILURE
3月 31 18:40:21 ubuntu systemd[1]: logrotate.service: Failed with result 'exit-code'.
3月 31 18:40:21 ubuntu systemd[1]: Failed to start Rotate log files.
-- Reboot --
4月 02 17:05:04 ubuntu systemd[1]: Starting Rotate log files...
4月 02 17:05:07 ubuntu logrotate[911]: error: error running shared postrotate script for '/var/log/mysql.log /var/log/mysql/*log '
4月 02 17:05:07 ubuntu systemd[1]: logrotate.service: Main process exited, code=exited, status=1/FAILURE
4月 02 17:05:07 ubuntu systemd[1]: logrotate.service: Failed with result 'exit-code'.
4月 02 17:05:07 ubuntu systemd[1]: Failed to start Rotate log files.
-- Reboot --
4月 14 20:21:37 ubuntu systemd[1]: Starting Rotate log files...
4月 14 20:21:42 ubuntu logrotate[854]: error: error running shared postrotate script for '/var/log/mysql.log /var/log/mysql/*log '
4月 14 20:21:43 ubuntu systemd[1]: logrotate.service: Main process exited, code=exited, status=1/FAILURE
4月 14 20:21:43 ubuntu systemd[1]: logrotate.service: Failed with result 'exit-code'.
4月 14 20:21:43 ubuntu systemd[1]: Failed to start Rotate log files.
-- Reboot --
4月 15 22:31:07 ubuntu systemd[1]: Starting Rotate log files...
4月 15 22:31:10 ubuntu logrotate[915]: error: error running shared postrotate script for '/var/log/mysql.log /var/log/mysql/*log '
4月 15 22:31:10 ubuntu systemd[1]: logrotate.service: Main process exited, code=exited, status=1/FAILURE
4月 15 22:31:10 ubuntu systemd[1]: logrotate.service: Failed with result 'exit-code'.
4月 15 22:31:10 ubuntu systemd[1]: Failed to start Rotate log files.
-- Reboot --
4月 19 18:41:05 ubuntu systemd[1]: Starting Rotate log files...
4月 19 18:41:07 ubuntu logrotate[867]: error: error running shared postrotate script for '/var/log/mysql.log /var/log/mysql/*log '
4月 19 18:41:07 ubuntu systemd[1]: logrotate.service: Main process exited, code=exited, status=1/FAILURE
4月 19 18:41:07 ubuntu systemd[1]: logrotate.service: Failed with result 'exit-code'.
4月 19 18:41:07 ubuntu systemd[1]: Failed to start Rotate log files.
-- Reboot --
4月 21 14:58:07 ubuntu systemd[1]: Starting Rotate log files...
4月 21 14:58:08 ubuntu logrotate[890]: error: error running shared postrotate script for '/var/log/mysql.log /var/log/mysql/*log '
4月 21 14:58:09 ubuntu systemd[1]: logrotate.service: Main process exited, code=exited, status=1/FAILURE
4月 21 14:58:09 ubuntu systemd[1]: logrotate.service: Failed with result 'exit-code'.
4月 21 14:58:09 ubuntu systemd[1]: Failed to start Rotate log files.

