-- Logs begin at Sat 2022-01-08 18:32:32 CST, end at Fri 2023-04-21 17:32:00 CST. --
1月 09 21:32:59 ubuntu rsyslogd[871]: [origin software="rsyslogd" swVersion="8.2001.0" x-pid="871" x-info="https://www.rsyslog.com"] rsyslogd was HUPed
1月 09 21:32:59 ubuntu rsyslogd[871]: [origin software="rsyslogd" swVersion="8.2001.0" x-pid="871" x-info="https://www.rsyslog.com"] exiting on signal 15.
1月 09 21:32:59 ubuntu systemd[1]: Stopping System Logging Service...
1月 09 21:32:59 ubuntu systemd[1]: rsyslog.service: Succeeded.
1月 09 21:32:59 ubuntu systemd[1]: Stopped System Logging Service.
-- Reboot --
1月 09 21:33:15 ubuntu systemd[1]: Starting System Logging Service...
1月 09 21:33:15 ubuntu rsyslogd[886]: imuxsock: Acquired UNIX socket '/run/systemd/journal/syslog' (fd 3) from systemd.  [v8.2001.0]
1月 09 21:33:15 ubuntu rsyslogd[886]: rsyslogd's groupid changed to 110
1月 09 21:33:15 ubuntu rsyslogd[886]: rsyslogd's userid changed to 104
1月 09 21:33:15 ubuntu rsyslogd[886]: [origin software="rsyslogd" swVersion="8.2001.0" x-pid="886" x-info="https://www.rsyslog.com"] start
1月 09 21:33:15 ubuntu systemd[1]: Started System Logging Service.
-- Reboot --
3月 22 14:03:02 ubuntu systemd[1]: Starting System Logging Service...
3月 22 14:03:02 ubuntu rsyslogd[885]: imuxsock: Acquired UNIX socket '/run/systemd/journal/syslog' (fd 3) from systemd.  [v8.2001.0]
3月 22 14:03:02 ubuntu rsyslogd[885]: rsyslogd's groupid changed to 110
3月 22 14:03:02 ubuntu systemd[1]: Started System Logging Service.
3月 22 14:03:02 ubuntu rsyslogd[885]: rsyslogd's userid changed to 104
3月 22 14:03:02 ubuntu rsyslogd[885]: [origin software="rsyslogd" swVersion="8.2001.0" x-pid="885" x-info="https://www.rsyslog.com"] start
3月 22 14:03:02 ubuntu rsyslogd[885]: [origin software="rsyslogd" swVersion="8.2001.0" x-pid="885" x-info="https://www.rsyslog.com"] rsyslogd was HUPed
3月 22 14:13:28 ubuntu systemd[1]: Stopping System Logging Service...
3月 22 14:13:28 ubuntu rsyslogd[885]: [origin software="rsyslogd" swVersion="8.2001.0" x-pid="885" x-info="https://www.rsyslog.com"] rsyslogd was HUPed
3月 22 14:13:28 ubuntu rsyslogd[885]: [origin software="rsyslogd" swVersion="8.2001.0" x-pid="885" x-info="https://www.rsyslog.com"] exiting on signal 15.
3月 22 14:13:28 ubuntu systemd[1]: rsyslog.service: Succeeded.
3月 22 14:13:28 ubuntu systemd[1]: Stopped System Logging Service.
-- Reboot --
3月 22 14:13:42 ubuntu systemd[1]: Starting System Logging Service...
3月 22 14:13:42 ubuntu rsyslogd[897]: imuxsock: Acquired UNIX socket '/run/systemd/journal/syslog' (fd 3) from systemd.  [v8.2001.0]
3月 22 14:13:42 ubuntu rsyslogd[897]: rsyslogd's groupid changed to 110
3月 22 14:13:42 ubuntu rsyslogd[897]: rsyslogd's userid changed to 104
3月 22 14:13:42 ubuntu rsyslogd[897]: [origin software="rsyslogd" swVersion="8.2001.0" x-pid="897" x-info="https://www.rsyslog.com"] start
3月 22 14:13:42 ubuntu systemd[1]: Started System Logging Service.
3月 22 14:22:48 ubuntu systemd[1]: Stopping System Logging Service...
3月 22 14:22:48 ubuntu rsyslogd[897]: [origin software="rsyslogd" swVersion="8.2001.0" x-pid="897" x-info="https://www.rsyslog.com"] exiting on signal 15.
3月 22 14:22:48 ubuntu systemd[1]: rsyslog.service: Succeeded.
3月 22 14:22:48 ubuntu systemd[1]: Stopped System Logging Service.
-- Reboot --
3月 22 16:13:10 ubuntu systemd[1]: Starting System Logging Service...
3月 22 16:13:10 ubuntu rsyslogd[901]: imuxsock: Acquired UNIX socket '/run/systemd/journal/syslog' (fd 3) from systemd.  [v8.2001.0]
3月 22 16:13:10 ubuntu rsyslogd[901]: rsyslogd's groupid changed to 110
3月 22 16:13:10 ubuntu rsyslogd[901]: rsyslogd's userid changed to 104
3月 22 16:13:10 ubuntu rsyslogd[901]: [origin software="rsyslogd" swVersion="8.2001.0" x-pid="901" x-info="https://www.rsyslog.com"] start
3月 22 16:13:10 ubuntu systemd[1]: Started System Logging Service.
3月 22 17:37:59 ubuntu systemd[1]: Stopping System Logging Service...
3月 22 17:37:59 ubuntu rsyslogd[901]: [origin software="rsyslogd" swVersion="8.2001.0" x-pid="901" x-info="https://www.rsyslog.com"] exiting on signal 15.
3月 22 17:37:59 ubuntu systemd[1]: rsyslog.service: Succeeded.
3月 22 17:37:59 ubuntu systemd[1]: Stopped System Logging Service.
-- Reboot --
3月 25 10:18:04 ubuntu systemd[1]: Starting System Logging Service...
3月 25 10:18:04 ubuntu rsyslogd[926]: imuxsock: Acquired UNIX socket '/run/systemd/journal/syslog' (fd 3) from systemd.  [v8.2001.0]
3月 25 10:18:04 ubuntu rsyslogd[926]: rsyslogd's groupid changed to 110
3月 25 10:18:04 ubuntu rsyslogd[926]: rsyslogd's userid changed to 104
3月 25 10:18:04 ubuntu rsyslogd[926]: [origin software="rsyslogd" swVersion="8.2001.0" x-pid="926" x-info="https://www.rsyslog.com"] start
3月 25 10:18:04 ubuntu systemd[1]: Started System Logging Service.
3月 25 10:18:05 ubuntu rsyslogd[926]: [origin software="rsyslogd" swVersion="8.2001.0" x-pid="926" x-info="https://www.rsyslog.com"] rsyslogd was HUPed
3月 25 10:36:28 ubuntu rsyslogd[926]: [origin software="rsyslogd" swVersion="8.2001.0" x-pid="926" x-info="https://www.rsyslog.com"] exiting on signal 15.
3月 25 10:36:28 ubuntu systemd[1]: Stopping System Logging Service...
3月 25 10:36:28 ubuntu systemd[1]: rsyslog.service: Succeeded.
3月 25 10:36:28 ubuntu systemd[1]: Stopped System Logging Service.
-- Reboot --
3月 25 10:45:15 ubuntu systemd[1]: Starting System Logging Service...
3月 25 10:45:15 ubuntu rsyslogd[927]: imuxsock: Acquired UNIX socket '/run/systemd/journal/syslog' (fd 3) from systemd.  [v8.2001.0]
3月 25 10:45:15 ubuntu rsyslogd[927]: rsyslogd's groupid changed to 110
3月 25 10:45:15 ubuntu systemd[1]: Started System Logging Service.
3月 25 10:45:15 ubuntu rsyslogd[927]: rsyslogd's userid changed to 104
3月 25 10:45:15 ubuntu rsyslogd[927]: [origin software="rsyslogd" swVersion="8.2001.0" x-pid="927" x-info="https://www.rsyslog.com"] start
-- Reboot --
3月 28 10:02:53 ubuntu systemd[1]: Starting System Logging Service...
3月 28 10:02:53 ubuntu rsyslogd[922]: imuxsock: Acquired UNIX socket '/run/systemd/journal/syslog' (fd 3) from systemd.  [v8.2001.0]
3月 28 10:02:53 ubuntu rsyslogd[922]: rsyslogd's groupid changed to 110
3月 28 10:02:53 ubuntu rsyslogd[922]: rsyslogd's userid changed to 104
3月 28 10:02:53 ubuntu rsyslogd[922]: [origin software="rsyslogd" swVersion="8.2001.0" x-pid="922" x-info="https://www.rsyslog.com"] start
3月 28 10:02:53 ubuntu systemd[1]: Started System Logging Service.
3月 28 10:02:54 ubuntu rsyslogd[922]: [origin software="rsyslogd" swVersion="8.2001.0" x-pid="922" x-info="https://www.rsyslog.com"] rsyslogd was HUPed
-- Reboot --
3月 28 14:59:43 ubuntu systemd[1]: Starting System Logging Service...
3月 28 14:59:44 ubuntu rsyslogd[925]: imuxsock: Acquired UNIX socket '/run/systemd/journal/syslog' (fd 3) from systemd.  [v8.2001.0]
3月 28 14:59:44 ubuntu rsyslogd[925]: rsyslogd's groupid changed to 110
3月 28 14:59:44 ubuntu rsyslogd[925]: rsyslogd's userid changed to 104
3月 28 14:59:44 ubuntu rsyslogd[925]: [origin software="rsyslogd" swVersion="8.2001.0" x-pid="925" x-info="https://www.rsyslog.com"] start
3月 28 14:59:44 ubuntu systemd[1]: Started System Logging Service.
3月 28 15:53:54 ubuntu systemd[1]: Stopping System Logging Service...
3月 28 15:53:54 ubuntu rsyslogd[925]: [origin software="rsyslogd" swVersion="8.2001.0" x-pid="925" x-info="https://www.rsyslog.com"] exiting on signal 15.
3月 28 15:53:54 ubuntu systemd[1]: rsyslog.service: Succeeded.
3月 28 15:53:54 ubuntu systemd[1]: Stopped System Logging Service.
-- Reboot --
3月 28 16:17:45 ubuntu systemd[1]: Starting System Logging Service...
3月 28 16:17:45 ubuntu rsyslogd[821]: imuxsock: Acquired UNIX socket '/run/systemd/journal/syslog' (fd 3) from systemd.  [v8.2001.0]
3月 28 16:17:45 ubuntu rsyslogd[821]: rsyslogd's groupid changed to 110
3月 28 16:17:45 ubuntu rsyslogd[821]: rsyslogd's userid changed to 104
3月 28 16:17:45 ubuntu rsyslogd[821]: [origin software="rsyslogd" swVersion="8.2001.0" x-pid="821" x-info="https://www.rsyslog.com"] start
3月 28 16:17:45 ubuntu systemd[1]: Started System Logging Service.
3月 28 17:29:19 ubuntu rsyslogd[821]: [origin software="rsyslogd" swVersion="8.2001.0" x-pid="821" x-info="https://www.rsyslog.com"] exiting on signal 15.
3月 28 17:29:19 ubuntu systemd[1]: Stopping System Logging Service...
3月 28 17:29:20 ubuntu systemd[1]: rsyslog.service: Succeeded.
3月 28 17:29:20 ubuntu systemd[1]: Stopped System Logging Service.
-- Reboot --
4月 01 10:14:20 ubuntu systemd[1]: Starting System Logging Service...
4月 01 10:14:20 ubuntu rsyslogd[878]: imuxsock: Acquired UNIX socket '/run/systemd/journal/syslog' (fd 3) from systemd.  [v8.2001.0]
4月 01 10:14:20 ubuntu rsyslogd[878]: rsyslogd's groupid changed to 110
4月 01 10:14:20 ubuntu rsyslogd[878]: rsyslogd's userid changed to 104
4月 01 10:14:20 ubuntu rsyslogd[878]: [origin software="rsyslogd" swVersion="8.2001.0" x-pid="878" x-info="https://www.rsyslog.com"] start
4月 01 10:14:20 ubuntu systemd[1]: Started System Logging Service.
4月 01 10:14:25 ubuntu rsyslogd[878]: [origin software="rsyslogd" swVersion="8.2001.0" x-pid="878" x-info="https://www.rsyslog.com"] rsyslogd was HUPed
4月 01 10:24:19 ubuntu rsyslogd[878]: [origin software="rsyslogd" swVersion="8.2001.0" x-pid="878" x-info="https://www.rsyslog.com"] rsyslogd was HUPed
4月 01 10:24:19 ubuntu rsyslogd[878]: [origin software="rsyslogd" swVersion="8.2001.0" x-pid="878" x-info="https://www.rsyslog.com"] exiting on signal 15.
4月 01 10:24:19 ubuntu systemd[1]: Stopping System Logging Service...
4月 01 10:24:19 ubuntu systemd[1]: rsyslog.service: Succeeded.
4月 01 10:24:19 ubuntu systemd[1]: Stopped System Logging Service.
-- Reboot --
4月 01 10:25:04 ubuntu systemd[1]: Starting System Logging Service...
4月 01 10:25:05 ubuntu rsyslogd[881]: imuxsock: Acquired UNIX socket '/run/systemd/journal/syslog' (fd 3) from systemd.  [v8.2001.0]
4月 01 10:25:05 ubuntu rsyslogd[881]: rsyslogd's groupid changed to 110
4月 01 10:25:05 ubuntu rsyslogd[881]: rsyslogd's userid changed to 104
4月 01 10:25:05 ubuntu rsyslogd[881]: [origin software="rsyslogd" swVersion="8.2001.0" x-pid="881" x-info="https://www.rsyslog.com"] start
4月 01 10:25:05 ubuntu systemd[1]: Started System Logging Service.
4月 01 12:03:43 ubuntu rsyslogd[881]: [origin software="rsyslogd" swVersion="8.2001.0" x-pid="881" x-info="https://www.rsyslog.com"] exiting on signal 15.
4月 01 12:03:43 ubuntu systemd[1]: Stopping System Logging Service...
4月 01 12:03:43 ubuntu systemd[1]: rsyslog.service: Succeeded.
4月 01 12:03:43 ubuntu systemd[1]: Stopped System Logging Service.
-- Reboot --
4月 02 08:51:51 ubuntu systemd[1]: Starting System Logging Service...
4月 02 08:51:51 ubuntu rsyslogd[875]: imuxsock: Acquired UNIX socket '/run/systemd/journal/syslog' (fd 3) from systemd.  [v8.2001.0]
4月 02 08:51:51 ubuntu rsyslogd[875]: rsyslogd's groupid changed to 110
4月 02 08:51:51 ubuntu rsyslogd[875]: rsyslogd's userid changed to 104
4月 02 08:51:51 ubuntu rsyslogd[875]: [origin software="rsyslogd" swVersion="8.2001.0" x-pid="875" x-info="https://www.rsyslog.com"] start
4月 02 08:51:51 ubuntu systemd[1]: Started System Logging Service.
4月 02 08:51:52 ubuntu rsyslogd[875]: [origin software="rsyslogd" swVersion="8.2001.0" x-pid="875" x-info="https://www.rsyslog.com"] rsyslogd was HUPed
-- Reboot --
4月 02 09:04:36 ubuntu systemd[1]: Starting System Logging Service...
4月 02 09:04:37 ubuntu rsyslogd[883]: imuxsock: Acquired UNIX socket '/run/systemd/journal/syslog' (fd 3) from systemd.  [v8.2001.0]
4月 02 09:04:37 ubuntu rsyslogd[883]: rsyslogd's groupid changed to 110
4月 02 09:04:37 ubuntu rsyslogd[883]: rsyslogd's userid changed to 104
4月 02 09:04:37 ubuntu rsyslogd[883]: [origin software="rsyslogd" swVersion="8.2001.0" x-pid="883" x-info="https://www.rsyslog.com"] start
4月 02 09:04:37 ubuntu systemd[1]: Started System Logging Service.
-- Reboot --
4月 02 09:10:27 ubuntu systemd[1]: Starting System Logging Service...
4月 02 09:10:27 ubuntu rsyslogd[886]: imuxsock: Acquired UNIX socket '/run/systemd/journal/syslog' (fd 3) from systemd.  [v8.2001.0]
4月 02 09:10:27 ubuntu rsyslogd[886]: rsyslogd's groupid changed to 110
4月 02 09:10:27 ubuntu systemd[1]: Started System Logging Service.
4月 02 09:10:27 ubuntu rsyslogd[886]: rsyslogd's userid changed to 104
4月 02 09:10:27 ubuntu rsyslogd[886]: [origin software="rsyslogd" swVersion="8.2001.0" x-pid="886" x-info="https://www.rsyslog.com"] start
4月 02 09:29:37 ubuntu systemd[1]: Stopping System Logging Service...
4月 02 09:29:37 ubuntu rsyslogd[886]: [origin software="rsyslogd" swVersion="8.2001.0" x-pid="886" x-info="https://www.rsyslog.com"] exiting on signal 15.
4月 02 09:29:37 ubuntu systemd[1]: rsyslog.service: Succeeded.
4月 02 09:29:37 ubuntu systemd[1]: Stopped System Logging Service.
-- Reboot --
4月 02 17:22:59 ubuntu systemd[1]: Starting System Logging Service...
4月 02 17:22:59 ubuntu rsyslogd[797]: imuxsock: Acquired UNIX socket '/run/systemd/journal/syslog' (fd 3) from systemd.  [v8.2001.0]
4月 02 17:22:59 ubuntu rsyslogd[797]: rsyslogd's groupid changed to 110
4月 02 17:22:59 ubuntu systemd[1]: Started System Logging Service.
4月 02 17:22:59 ubuntu rsyslogd[797]: rsyslogd's userid changed to 104
4月 02 17:22:59 ubuntu rsyslogd[797]: [origin software="rsyslogd" swVersion="8.2001.0" x-pid="797" x-info="https://www.rsyslog.com"] start
4月 02 17:51:13 ubuntu rsyslogd[797]: [origin software="rsyslogd" swVersion="8.2001.0" x-pid="797" x-info="https://www.rsyslog.com"] exiting on signal 15.
4月 02 17:51:13 ubuntu systemd[1]: Stopping System Logging Service...
4月 02 17:51:13 ubuntu systemd[1]: rsyslog.service: Succeeded.
4月 02 17:51:13 ubuntu systemd[1]: Stopped System Logging Service.
-- Reboot --
4月 02 17:51:33 ubuntu systemd[1]: Starting System Logging Service...
4月 02 17:51:33 ubuntu rsyslogd[883]: imuxsock: Acquired UNIX socket '/run/systemd/journal/syslog' (fd 3) from systemd.  [v8.2001.0]
4月 02 17:51:33 ubuntu rsyslogd[883]: rsyslogd's groupid changed to 110
4月 02 17:51:33 ubuntu rsyslogd[883]: rsyslogd's userid changed to 104
4月 02 17:51:33 ubuntu rsyslogd[883]: [origin software="rsyslogd" swVersion="8.2001.0" x-pid="883" x-info="https://www.rsyslog.com"] start
4月 02 17:51:33 ubuntu systemd[1]: Started System Logging Service.
-- Reboot --
4月 06 08:17:16 ubuntu systemd[1]: Starting System Logging Service...
4月 06 08:17:17 ubuntu rsyslogd[878]: imuxsock: Acquired UNIX socket '/run/systemd/journal/syslog' (fd 3) from systemd.  [v8.2001.0]
4月 06 08:17:17 ubuntu rsyslogd[878]: rsyslogd's groupid changed to 110
4月 06 08:17:17 ubuntu rsyslogd[878]: rsyslogd's userid changed to 104
4月 06 08:17:17 ubuntu rsyslogd[878]: [origin software="rsyslogd" swVersion="8.2001.0" x-pid="878" x-info="https://www.rsyslog.com"] start
4月 06 08:17:17 ubuntu systemd[1]: Started System Logging Service.
4月 06 08:17:18 ubuntu rsyslogd[878]: [origin software="rsyslogd" swVersion="8.2001.0" x-pid="878" x-info="https://www.rsyslog.com"] rsyslogd was HUPed
4月 06 10:26:21 ubuntu rsyslogd[878]: [origin software="rsyslogd" swVersion="8.2001.0" x-pid="878" x-info="https://www.rsyslog.com"] exiting on signal 15.
4月 06 10:26:21 ubuntu systemd[1]: Stopping System Logging Service...
4月 06 10:26:21 ubuntu systemd[1]: rsyslog.service: Succeeded.
4月 06 10:26:21 ubuntu systemd[1]: Stopped System Logging Service.
-- Reboot --
4月 13 08:09:37 ubuntu systemd[1]: Starting System Logging Service...
4月 13 08:09:38 ubuntu rsyslogd[831]: imuxsock: Acquired UNIX socket '/run/systemd/journal/syslog' (fd 3) from systemd.  [v8.2001.0]
4月 13 08:09:38 ubuntu rsyslogd[831]: rsyslogd's groupid changed to 110
4月 13 08:09:38 ubuntu rsyslogd[831]: rsyslogd's userid changed to 104
4月 13 08:09:38 ubuntu rsyslogd[831]: [origin software="rsyslogd" swVersion="8.2001.0" x-pid="831" x-info="https://www.rsyslog.com"] start
4月 13 08:09:38 ubuntu systemd[1]: Started System Logging Service.
4月 13 08:09:48 ubuntu rsyslogd[831]: [origin software="rsyslogd" swVersion="8.2001.0" x-pid="831" x-info="https://www.rsyslog.com"] rsyslogd was HUPed
4月 13 08:30:00 ubuntu systemd[1]: Stopping System Logging Service...
4月 13 08:30:00 ubuntu rsyslogd[831]: [origin software="rsyslogd" swVersion="8.2001.0" x-pid="831" x-info="https://www.rsyslog.com"] rsyslogd was HUPed
4月 13 08:30:00 ubuntu rsyslogd[831]: [origin software="rsyslogd" swVersion="8.2001.0" x-pid="831" x-info="https://www.rsyslog.com"] exiting on signal 15.
4月 13 08:30:00 ubuntu systemd[1]: rsyslog.service: Succeeded.
4月 13 08:30:00 ubuntu systemd[1]: Stopped System Logging Service.
-- Reboot --
4月 13 08:30:19 ubuntu systemd[1]: Starting System Logging Service...
4月 13 08:30:19 ubuntu rsyslogd[858]: imuxsock: Acquired UNIX socket '/run/systemd/journal/syslog' (fd 3) from systemd.  [v8.2001.0]
4月 13 08:30:19 ubuntu rsyslogd[858]: rsyslogd's groupid changed to 110
4月 13 08:30:19 ubuntu rsyslogd[858]: rsyslogd's userid changed to 104
4月 13 08:30:19 ubuntu rsyslogd[858]: [origin software="rsyslogd" swVersion="8.2001.0" x-pid="858" x-info="https://www.rsyslog.com"] start
4月 13 08:30:19 ubuntu systemd[1]: Started System Logging Service.
-- Reboot --
4月 13 10:23:38 ubuntu systemd[1]: Starting System Logging Service...
4月 13 10:23:39 ubuntu rsyslogd[878]: imuxsock: Acquired UNIX socket '/run/systemd/journal/syslog' (fd 3) from systemd.  [v8.2001.0]
4月 13 10:23:39 ubuntu rsyslogd[878]: rsyslogd's groupid changed to 110
4月 13 10:23:39 ubuntu rsyslogd[878]: rsyslogd's userid changed to 104
4月 13 10:23:39 ubuntu rsyslogd[878]: [origin software="rsyslogd" swVersion="8.2001.0" x-pid="878" x-info="https://www.rsyslog.com"] start
4月 13 10:23:39 ubuntu systemd[1]: Started System Logging Service.
-- Reboot --
4月 13 14:46:33 ubuntu systemd[1]: Starting System Logging Service...
4月 13 14:46:33 ubuntu rsyslogd[808]: imuxsock: Acquired UNIX socket '/run/systemd/journal/syslog' (fd 3) from systemd.  [v8.2001.0]
4月 13 14:46:33 ubuntu rsyslogd[808]: rsyslogd's groupid changed to 110
4月 13 14:46:33 ubuntu rsyslogd[808]: rsyslogd's userid changed to 104
4月 13 14:46:33 ubuntu rsyslogd[808]: [origin software="rsyslogd" swVersion="8.2001.0" x-pid="808" x-info="https://www.rsyslog.com"] start
4月 13 14:46:33 ubuntu systemd[1]: Started System Logging Service.
4月 13 15:21:57 ubuntu systemd[1]: Stopping System Logging Service...
4月 13 15:21:57 ubuntu rsyslogd[808]: [origin software="rsyslogd" swVersion="8.2001.0" x-pid="808" x-info="https://www.rsyslog.com"] exiting on signal 15.
4月 13 15:21:57 ubuntu systemd[1]: rsyslog.service: Succeeded.
4月 13 15:21:57 ubuntu systemd[1]: Stopped System Logging Service.
-- Reboot --
4月 15 10:16:59 ubuntu systemd[1]: Starting System Logging Service...
4月 15 10:17:00 ubuntu rsyslogd[826]: imuxsock: Acquired UNIX socket '/run/systemd/journal/syslog' (fd 3) from systemd.  [v8.2001.0]
4月 15 10:17:00 ubuntu rsyslogd[826]: rsyslogd's groupid changed to 110
4月 15 10:17:00 ubuntu rsyslogd[826]: rsyslogd's userid changed to 104
4月 15 10:17:00 ubuntu rsyslogd[826]: [origin software="rsyslogd" swVersion="8.2001.0" x-pid="826" x-info="https://www.rsyslog.com"] start
4月 15 10:17:00 ubuntu systemd[1]: Started System Logging Service.
4月 15 10:17:00 ubuntu rsyslogd[826]: [origin software="rsyslogd" swVersion="8.2001.0" x-pid="826" x-info="https://www.rsyslog.com"] rsyslogd was HUPed
-- Reboot --
4月 20 08:14:44 ubuntu systemd[1]: Starting System Logging Service...
4月 20 08:14:45 ubuntu rsyslogd[885]: imuxsock: Acquired UNIX socket '/run/systemd/journal/syslog' (fd 3) from systemd.  [v8.2001.0]
4月 20 08:14:45 ubuntu rsyslogd[885]: rsyslogd's groupid changed to 110
4月 20 08:14:45 ubuntu rsyslogd[885]: rsyslogd's userid changed to 104
4月 20 08:14:45 ubuntu rsyslogd[885]: [origin software="rsyslogd" swVersion="8.2001.0" x-pid="885" x-info="https://www.rsyslog.com"] start
4月 20 08:14:45 ubuntu systemd[1]: Started System Logging Service.
4月 20 08:14:46 ubuntu rsyslogd[885]: [origin software="rsyslogd" swVersion="8.2001.0" x-pid="885" x-info="https://www.rsyslog.com"] rsyslogd was HUPed
4月 20 08:22:49 ubuntu rsyslogd[885]: [origin software="rsyslogd" swVersion="8.2001.0" x-pid="885" x-info="https://www.rsyslog.com"] rsyslogd was HUPed
4月 20 08:22:49 ubuntu systemd[1]: Stopping System Logging Service...
4月 20 08:22:49 ubuntu rsyslogd[885]: [origin software="rsyslogd" swVersion="8.2001.0" x-pid="885" x-info="https://www.rsyslog.com"] exiting on signal 15.
4月 20 08:22:49 ubuntu systemd[1]: rsyslog.service: Succeeded.
4月 20 08:22:49 ubuntu systemd[1]: Stopped System Logging Service.
-- Reboot --
4月 20 08:23:05 ubuntu systemd[1]: Starting System Logging Service...
4月 20 08:23:05 ubuntu rsyslogd[829]: imuxsock: Acquired UNIX socket '/run/systemd/journal/syslog' (fd 3) from systemd.  [v8.2001.0]
4月 20 08:23:05 ubuntu rsyslogd[829]: rsyslogd's groupid changed to 110
4月 20 08:23:05 ubuntu rsyslogd[829]: rsyslogd's userid changed to 104
4月 20 08:23:05 ubuntu rsyslogd[829]: [origin software="rsyslogd" swVersion="8.2001.0" x-pid="829" x-info="https://www.rsyslog.com"] start
4月 20 08:23:05 ubuntu systemd[1]: Started System Logging Service.
-- Reboot --
4月 27 08:18:20 ubuntu systemd[1]: Starting System Logging Service...
4月 27 08:18:20 ubuntu rsyslogd[808]: imuxsock: Acquired UNIX socket '/run/systemd/journal/syslog' (fd 3) from systemd.  [v8.2001.0]
4月 27 08:18:20 ubuntu rsyslogd[808]: rsyslogd's groupid changed to 110
4月 27 08:18:20 ubuntu rsyslogd[808]: rsyslogd's userid changed to 104
4月 27 08:18:20 ubuntu rsyslogd[808]: [origin software="rsyslogd" swVersion="8.2001.0" x-pid="808" x-info="https://www.rsyslog.com"] start
4月 27 08:18:21 ubuntu systemd[1]: Started System Logging Service.
4月 27 08:18:22 ubuntu rsyslogd[808]: [origin software="rsyslogd" swVersion="8.2001.0" x-pid="808" x-info="https://www.rsyslog.com"] rsyslogd was HUPed
4月 27 10:50:15 ubuntu rsyslogd[808]: [origin software="rsyslogd" swVersion="8.2001.0" x-pid="808" x-info="https://www.rsyslog.com"] rsyslogd was HUPed
4月 27 10:50:15 ubuntu rsyslogd[808]: [origin software="rsyslogd" swVersion="8.2001.0" x-pid="808" x-info="https://www.rsyslog.com"] exiting on signal 15.
4月 27 10:50:15 ubuntu systemd[1]: Stopping System Logging Service...
4月 27 10:50:15 ubuntu systemd[1]: rsyslog.service: Succeeded.
4月 27 10:50:15 ubuntu systemd[1]: Stopped System Logging Service.
-- Reboot --
4月 27 11:07:08 ubuntu systemd[1]: Starting System Logging Service...
4月 27 11:07:09 ubuntu rsyslogd[879]: imuxsock: Acquired UNIX socket '/run/systemd/journal/syslog' (fd 3) from systemd.  [v8.2001.0]
4月 27 11:07:09 ubuntu rsyslogd[879]: rsyslogd's groupid changed to 110
4月 27 11:07:09 ubuntu rsyslogd[879]: rsyslogd's userid changed to 104
4月 27 11:07:09 ubuntu rsyslogd[879]: [origin software="rsyslogd" swVersion="8.2001.0" x-pid="879" x-info="https://www.rsyslog.com"] start
4月 27 11:07:09 ubuntu systemd[1]: Started System Logging Service.
4月 27 11:20:10 ubuntu rsyslogd[879]: [origin software="rsyslogd" swVersion="8.2001.0" x-pid="879" x-info="https://www.rsyslog.com"] exiting on signal 15.
4月 27 11:20:10 ubuntu systemd[1]: Stopping System Logging Service...
4月 27 11:20:10 ubuntu systemd[1]: rsyslog.service: Succeeded.
4月 27 11:20:10 ubuntu systemd[1]: Stopped System Logging Service.
-- Reboot --
4月 27 14:11:31 ubuntu systemd[1]: Starting System Logging Service...
4月 27 14:11:31 ubuntu rsyslogd[872]: imuxsock: Acquired UNIX socket '/run/systemd/journal/syslog' (fd 3) from systemd.  [v8.2001.0]
4月 27 14:11:31 ubuntu rsyslogd[872]: rsyslogd's groupid changed to 110
4月 27 14:11:31 ubuntu systemd[1]: Started System Logging Service.
4月 27 14:11:31 ubuntu rsyslogd[872]: rsyslogd's userid changed to 104
4月 27 14:11:31 ubuntu rsyslogd[872]: [origin software="rsyslogd" swVersion="8.2001.0" x-pid="872" x-info="https://www.rsyslog.com"] start
4月 27 15:04:59 ubuntu rsyslogd[872]: [origin software="rsyslogd" swVersion="8.2001.0" x-pid="872" x-info="https://www.rsyslog.com"] exiting on signal 15.
4月 27 15:04:59 ubuntu systemd[1]: Stopping System Logging Service...
4月 27 15:04:59 ubuntu systemd[1]: rsyslog.service: Succeeded.
4月 27 15:04:59 ubuntu systemd[1]: Stopped System Logging Service.
-- Reboot --
4月 27 15:05:19 ubuntu systemd[1]: Starting System Logging Service...
4月 27 15:05:19 ubuntu rsyslogd[837]: imuxsock: Acquired UNIX socket '/run/systemd/journal/syslog' (fd 3) from systemd.  [v8.2001.0]
4月 27 15:05:19 ubuntu rsyslogd[837]: rsyslogd's groupid changed to 110
4月 27 15:05:19 ubuntu rsyslogd[837]: rsyslogd's userid changed to 104
4月 27 15:05:19 ubuntu rsyslogd[837]: [origin software="rsyslogd" swVersion="8.2001.0" x-pid="837" x-info="https://www.rsyslog.com"] start
4月 27 15:05:19 ubuntu systemd[1]: Started System Logging Service.
4月 27 16:02:17 ubuntu systemd[1]: Stopping System Logging Service...
4月 27 16:02:17 ubuntu rsyslogd[837]: [origin software="rsyslogd" swVersion="8.2001.0" x-pid="837" x-info="https://www.rsyslog.com"] exiting on signal 15.
4月 27 16:02:17 ubuntu systemd[1]: rsyslog.service: Succeeded.
4月 27 16:02:17 ubuntu systemd[1]: Stopped System Logging Service.
-- Reboot --
4月 28 21:00:46 ubuntu systemd[1]: Starting System Logging Service...
4月 28 21:00:46 ubuntu rsyslogd[899]: imuxsock: Acquired UNIX socket '/run/systemd/journal/syslog' (fd 3) from systemd.  [v8.2001.0]
4月 28 21:00:46 ubuntu rsyslogd[899]: rsyslogd's groupid changed to 110
4月 28 21:00:46 ubuntu rsyslogd[899]: rsyslogd's userid changed to 104
4月 28 21:00:46 ubuntu rsyslogd[899]: [origin software="rsyslogd" swVersion="8.2001.0" x-pid="899" x-info="https://www.rsyslog.com"] start
4月 28 21:00:46 ubuntu systemd[1]: Started System Logging Service.
4月 28 21:00:47 ubuntu rsyslogd[899]: [origin software="rsyslogd" swVersion="8.2001.0" x-pid="899" x-info="https://www.rsyslog.com"] rsyslogd was HUPed
4月 28 21:01:50 ubuntu rsyslogd[899]: [origin software="rsyslogd" swVersion="8.2001.0" x-pid="899" x-info="https://www.rsyslog.com"] exiting on signal 15.
4月 28 21:01:50 ubuntu systemd[1]: Stopping System Logging Service...
4月 28 21:01:50 ubuntu systemd[1]: rsyslog.service: Succeeded.
4月 28 21:01:50 ubuntu systemd[1]: Stopped System Logging Service.
-- Reboot --
5月 06 10:06:15 ubuntu systemd[1]: Starting System Logging Service...
5月 06 10:06:15 ubuntu rsyslogd[886]: imuxsock: Acquired UNIX socket '/run/systemd/journal/syslog' (fd 3) from systemd.  [v8.2001.0]
5月 06 10:06:15 ubuntu rsyslogd[886]: rsyslogd's groupid changed to 110
5月 06 10:06:15 ubuntu rsyslogd[886]: rsyslogd's userid changed to 104
5月 06 10:06:15 ubuntu rsyslogd[886]: [origin software="rsyslogd" swVersion="8.2001.0" x-pid="886" x-info="https://www.rsyslog.com"] start
5月 06 10:06:15 ubuntu systemd[1]: Started System Logging Service.
5月 06 10:06:15 ubuntu rsyslogd[886]: [origin software="rsyslogd" swVersion="8.2001.0" x-pid="886" x-info="https://www.rsyslog.com"] rsyslogd was HUPed
5月 06 10:16:32 ubuntu rsyslogd[886]: [origin software="rsyslogd" swVersion="8.2001.0" x-pid="886" x-info="https://www.rsyslog.com"] rsyslogd was HUPed
5月 06 10:16:32 ubuntu rsyslogd[886]: [origin software="rsyslogd" swVersion="8.2001.0" x-pid="886" x-info="https://www.rsyslog.com"] exiting on signal 15.
5月 06 10:16:32 ubuntu systemd[1]: Stopping System Logging Service...
5月 06 10:16:32 ubuntu systemd[1]: rsyslog.service: Succeeded.
5月 06 10:16:32 ubuntu systemd[1]: Stopped System Logging Service.
5月 06 10:16:32 ubuntu systemd[1]: Starting System Logging Service...
5月 06 10:16:32 ubuntu rsyslogd[18576]: imuxsock: Acquired UNIX socket '/run/systemd/journal/syslog' (fd 3) from systemd.  [v8.2001.0]
5月 06 10:16:32 ubuntu systemd[1]: Started System Logging Service.
5月 06 10:16:32 ubuntu rsyslogd[18576]: rsyslogd's groupid changed to 110
5月 06 10:16:32 ubuntu rsyslogd[18576]: rsyslogd's userid changed to 104
5月 06 10:16:32 ubuntu rsyslogd[18576]: [origin software="rsyslogd" swVersion="8.2001.0" x-pid="18576" x-info="https://www.rsyslog.com"] start
5月 06 10:17:23 ubuntu systemd[1]: Stopping System Logging Service...
5月 06 10:17:23 ubuntu rsyslogd[18576]: [origin software="rsyslogd" swVersion="8.2001.0" x-pid="18576" x-info="https://www.rsyslog.com"] exiting on signal 15.
5月 06 10:17:23 ubuntu systemd[1]: rsyslog.service: Succeeded.
5月 06 10:17:23 ubuntu systemd[1]: Stopped System Logging Service.
-- Reboot --
5月 06 10:17:46 ubuntu systemd[1]: Starting System Logging Service...
5月 06 10:17:46 ubuntu rsyslogd[825]: imuxsock: Acquired UNIX socket '/run/systemd/journal/syslog' (fd 3) from systemd.  [v8.2001.0]
5月 06 10:17:46 ubuntu rsyslogd[825]: rsyslogd's groupid changed to 110
5月 06 10:17:46 ubuntu rsyslogd[825]: rsyslogd's userid changed to 104
5月 06 10:17:46 ubuntu rsyslogd[825]: [origin software="rsyslogd" swVersion="8.2001.0" x-pid="825" x-info="https://www.rsyslog.com"] start
5月 06 10:17:46 ubuntu systemd[1]: Started System Logging Service.
5月 06 11:20:32 ubuntu systemd[1]: Stopping System Logging Service...
5月 06 11:20:32 ubuntu rsyslogd[825]: [origin software="rsyslogd" swVersion="8.2001.0" x-pid="825" x-info="https://www.rsyslog.com"] exiting on signal 15.
5月 06 11:20:32 ubuntu systemd[1]: rsyslog.service: Succeeded.
5月 06 11:20:32 ubuntu systemd[1]: Stopped System Logging Service.
-- Reboot --
5月 07 08:13:43 ubuntu systemd[1]: Starting System Logging Service...
5月 07 08:13:43 ubuntu rsyslogd[849]: imuxsock: Acquired UNIX socket '/run/systemd/journal/syslog' (fd 3) from systemd.  [v8.2001.0]
5月 07 08:13:43 ubuntu rsyslogd[849]: rsyslogd's groupid changed to 110
5月 07 08:13:43 ubuntu rsyslogd[849]: rsyslogd's userid changed to 104
5月 07 08:13:43 ubuntu rsyslogd[849]: [origin software="rsyslogd" swVersion="8.2001.0" x-pid="849" x-info="https://www.rsyslog.com"] start
5月 07 08:13:43 ubuntu systemd[1]: Started System Logging Service.
5月 07 08:13:43 ubuntu rsyslogd[849]: [origin software="rsyslogd" swVersion="8.2001.0" x-pid="849" x-info="https://www.rsyslog.com"] rsyslogd was HUPed
-- Reboot --
5月 08 14:53:45 ubuntu systemd[1]: Starting System Logging Service...
5月 08 14:53:46 ubuntu rsyslogd[828]: imuxsock: Acquired UNIX socket '/run/systemd/journal/syslog' (fd 3) from systemd.  [v8.2001.0]
5月 08 14:53:46 ubuntu rsyslogd[828]: rsyslogd's groupid changed to 110
5月 08 14:53:46 ubuntu rsyslogd[828]: rsyslogd's userid changed to 104
5月 08 14:53:46 ubuntu rsyslogd[828]: [origin software="rsyslogd" swVersion="8.2001.0" x-pid="828" x-info="https://www.rsyslog.com"] start
5月 08 14:53:46 ubuntu systemd[1]: Started System Logging Service.
5月 08 14:53:46 ubuntu rsyslogd[828]: [origin software="rsyslogd" swVersion="8.2001.0" x-pid="828" x-info="https://www.rsyslog.com"] rsyslogd was HUPed
5月 08 14:55:08 ubuntu systemd[1]: Stopping System Logging Service...
5月 08 14:55:08 ubuntu rsyslogd[828]: [origin software="rsyslogd" swVersion="8.2001.0" x-pid="828" x-info="https://www.rsyslog.com"] rsyslogd was HUPed
5月 08 14:55:08 ubuntu rsyslogd[828]: [origin software="rsyslogd" swVersion="8.2001.0" x-pid="828" x-info="https://www.rsyslog.com"] exiting on signal 15.
5月 08 14:55:08 ubuntu systemd[1]: rsyslog.service: Succeeded.
5月 08 14:55:08 ubuntu systemd[1]: Stopped System Logging Service.
-- Reboot --
5月 08 15:54:10 ubuntu systemd[1]: Starting System Logging Service...
5月 08 15:54:10 ubuntu rsyslogd[825]: imuxsock: Acquired UNIX socket '/run/systemd/journal/syslog' (fd 3) from systemd.  [v8.2001.0]
5月 08 15:54:10 ubuntu rsyslogd[825]: rsyslogd's groupid changed to 110
5月 08 15:54:10 ubuntu rsyslogd[825]: rsyslogd's userid changed to 104
5月 08 15:54:10 ubuntu rsyslogd[825]: [origin software="rsyslogd" swVersion="8.2001.0" x-pid="825" x-info="https://www.rsyslog.com"] start
5月 08 15:54:10 ubuntu systemd[1]: Started System Logging Service.
5月 08 16:26:55 ubuntu rsyslogd[825]: [origin software="rsyslogd" swVersion="8.2001.0" x-pid="825" x-info="https://www.rsyslog.com"] exiting on signal 15.
5月 08 16:26:55 ubuntu systemd[1]: Stopping System Logging Service...
5月 08 16:26:55 ubuntu systemd[1]: rsyslog.service: Succeeded.
5月 08 16:26:55 ubuntu systemd[1]: Stopped System Logging Service.
-- Reboot --
5月 08 16:27:21 ubuntu systemd[1]: Starting System Logging Service...
5月 08 16:27:21 ubuntu rsyslogd[848]: imuxsock: Acquired UNIX socket '/run/systemd/journal/syslog' (fd 3) from systemd.  [v8.2001.0]
5月 08 16:27:21 ubuntu rsyslogd[848]: rsyslogd's groupid changed to 110
5月 08 16:27:21 ubuntu rsyslogd[848]: rsyslogd's userid changed to 104
5月 08 16:27:21 ubuntu rsyslogd[848]: [origin software="rsyslogd" swVersion="8.2001.0" x-pid="848" x-info="https://www.rsyslog.com"] start
5月 08 16:27:21 ubuntu systemd[1]: Started System Logging Service.
5月 08 17:02:55 ubuntu rsyslogd[848]: [origin software="rsyslogd" swVersion="8.2001.0" x-pid="848" x-info="https://www.rsyslog.com"] exiting on signal 15.
5月 08 17:02:55 ubuntu systemd[1]: Stopping System Logging Service...
5月 08 17:02:55 ubuntu systemd[1]: rsyslog.service: Succeeded.
5月 08 17:02:55 ubuntu systemd[1]: Stopped System Logging Service.
-- Reboot --
5月 14 20:51:42 ubuntu systemd[1]: Starting System Logging Service...
5月 14 20:51:43 ubuntu rsyslogd[850]: imuxsock: Acquired UNIX socket '/run/systemd/journal/syslog' (fd 3) from systemd.  [v8.2001.0]
5月 14 20:51:43 ubuntu rsyslogd[850]: rsyslogd's groupid changed to 110
5月 14 20:51:43 ubuntu rsyslogd[850]: rsyslogd's userid changed to 104
5月 14 20:51:43 ubuntu rsyslogd[850]: [origin software="rsyslogd" swVersion="8.2001.0" x-pid="850" x-info="https://www.rsyslog.com"] start
5月 14 20:51:43 ubuntu systemd[1]: Started System Logging Service.
5月 14 20:51:43 ubuntu rsyslogd[850]: [origin software="rsyslogd" swVersion="8.2001.0" x-pid="850" x-info="https://www.rsyslog.com"] rsyslogd was HUPed
-- Reboot --
5月 15 00:06:13 ubuntu systemd[1]: Starting System Logging Service...
5月 15 00:06:13 ubuntu rsyslogd[850]: imuxsock: Acquired UNIX socket '/run/systemd/journal/syslog' (fd 3) from systemd.  [v8.2001.0]
5月 15 00:06:13 ubuntu rsyslogd[850]: rsyslogd's groupid changed to 110
5月 15 00:06:13 ubuntu rsyslogd[850]: rsyslogd's userid changed to 104
5月 15 00:06:13 ubuntu rsyslogd[850]: [origin software="rsyslogd" swVersion="8.2001.0" x-pid="850" x-info="https://www.rsyslog.com"] start
5月 15 00:06:13 ubuntu systemd[1]: Started System Logging Service.
5月 15 00:06:17 ubuntu rsyslogd[850]: [origin software="rsyslogd" swVersion="8.2001.0" x-pid="850" x-info="https://www.rsyslog.com"] rsyslogd was HUPed
5月 15 00:09:00 ubuntu rsyslogd[850]: [origin software="rsyslogd" swVersion="8.2001.0" x-pid="850" x-info="https://www.rsyslog.com"] rsyslogd was HUPed
5月 15 00:09:00 ubuntu rsyslogd[850]: [origin software="rsyslogd" swVersion="8.2001.0" x-pid="850" x-info="https://www.rsyslog.com"] exiting on signal 15.
5月 15 00:09:00 ubuntu systemd[1]: Stopping System Logging Service...
5月 15 00:09:00 ubuntu systemd[1]: rsyslog.service: Succeeded.
5月 15 00:09:00 ubuntu systemd[1]: Stopped System Logging Service.
-- Reboot --
5月 15 00:15:05 ubuntu systemd[1]: Starting System Logging Service...
5月 15 00:15:05 ubuntu rsyslogd[900]: imuxsock: Acquired UNIX socket '/run/systemd/journal/syslog' (fd 3) from systemd.  [v8.2001.0]
5月 15 00:15:05 ubuntu rsyslogd[900]: rsyslogd's groupid changed to 110
5月 15 00:15:05 ubuntu rsyslogd[900]: rsyslogd's userid changed to 104
5月 15 00:15:05 ubuntu rsyslogd[900]: [origin software="rsyslogd" swVersion="8.2001.0" x-pid="900" x-info="https://www.rsyslog.com"] start
5月 15 00:15:05 ubuntu systemd[1]: Started System Logging Service.
5月 15 00:17:56 ubuntu rsyslogd[900]: [origin software="rsyslogd" swVersion="8.2001.0" x-pid="900" x-info="https://www.rsyslog.com"] exiting on signal 15.
5月 15 00:17:56 ubuntu systemd[1]: Stopping System Logging Service...
5月 15 00:17:56 ubuntu systemd[1]: rsyslog.service: Succeeded.
5月 15 00:17:56 ubuntu systemd[1]: Stopped System Logging Service.
-- Reboot --
5月 15 10:43:39 ubuntu systemd[1]: Starting System Logging Service...
5月 15 10:43:39 ubuntu rsyslogd[895]: imuxsock: Acquired UNIX socket '/run/systemd/journal/syslog' (fd 3) from systemd.  [v8.2001.0]
5月 15 10:43:39 ubuntu rsyslogd[895]: rsyslogd's groupid changed to 110
5月 15 10:43:39 ubuntu rsyslogd[895]: rsyslogd's userid changed to 104
5月 15 10:43:39 ubuntu rsyslogd[895]: [origin software="rsyslogd" swVersion="8.2001.0" x-pid="895" x-info="https://www.rsyslog.com"] start
5月 15 10:43:39 ubuntu systemd[1]: Started System Logging Service.
5月 15 13:21:32 ubuntu systemd[1]: Stopping System Logging Service...
5月 15 13:21:32 ubuntu rsyslogd[895]: [origin software="rsyslogd" swVersion="8.2001.0" x-pid="895" x-info="https://www.rsyslog.com"] exiting on signal 15.
5月 15 13:21:32 ubuntu systemd[1]: rsyslog.service: Succeeded.
5月 15 13:21:32 ubuntu systemd[1]: Stopped System Logging Service.
-- Reboot --
5月 15 15:15:40 ubuntu systemd[1]: Starting System Logging Service...
5月 15 15:15:41 ubuntu rsyslogd[859]: imuxsock: Acquired UNIX socket '/run/systemd/journal/syslog' (fd 3) from systemd.  [v8.2001.0]
5月 15 15:15:41 ubuntu rsyslogd[859]: rsyslogd's groupid changed to 110
5月 15 15:15:41 ubuntu rsyslogd[859]: rsyslogd's userid changed to 104
5月 15 15:15:41 ubuntu rsyslogd[859]: [origin software="rsyslogd" swVersion="8.2001.0" x-pid="859" x-info="https://www.rsyslog.com"] start
5月 15 15:15:41 ubuntu systemd[1]: Started System Logging Service.
5月 15 15:16:43 ubuntu rsyslogd[859]: [origin software="rsyslogd" swVersion="8.2001.0" x-pid="859" x-info="https://www.rsyslog.com"] exiting on signal 15.
5月 15 15:16:43 ubuntu systemd[1]: Stopping System Logging Service...
5月 15 15:16:43 ubuntu systemd[1]: rsyslog.service: Succeeded.
5月 15 15:16:43 ubuntu systemd[1]: Stopped System Logging Service.
-- Reboot --
5月 15 16:28:26 ubuntu systemd[1]: Starting System Logging Service...
5月 15 16:28:26 ubuntu rsyslogd[864]: imuxsock: Acquired UNIX socket '/run/systemd/journal/syslog' (fd 3) from systemd.  [v8.2001.0]
5月 15 16:28:26 ubuntu rsyslogd[864]: rsyslogd's groupid changed to 110
5月 15 16:28:26 ubuntu rsyslogd[864]: rsyslogd's userid changed to 104
5月 15 16:28:26 ubuntu rsyslogd[864]: [origin software="rsyslogd" swVersion="8.2001.0" x-pid="864" x-info="https://www.rsyslog.com"] start
5月 15 16:28:27 ubuntu systemd[1]: Started System Logging Service.
5月 15 17:59:27 ubuntu rsyslogd[864]: [origin software="rsyslogd" swVersion="8.2001.0" x-pid="864" x-info="https://www.rsyslog.com"] exiting on signal 15.
5月 15 17:59:27 ubuntu systemd[1]: Stopping System Logging Service...
5月 15 17:59:27 ubuntu systemd[1]: rsyslog.service: Succeeded.
5月 15 17:59:27 ubuntu systemd[1]: Stopped System Logging Service.
-- Reboot --
5月 15 21:27:13 ubuntu systemd[1]: Starting System Logging Service...
5月 15 21:27:13 ubuntu rsyslogd[854]: imuxsock: Acquired UNIX socket '/run/systemd/journal/syslog' (fd 3) from systemd.  [v8.2001.0]
5月 15 21:27:13 ubuntu rsyslogd[854]: rsyslogd's groupid changed to 110
5月 15 21:27:13 ubuntu rsyslogd[854]: rsyslogd's userid changed to 104
5月 15 21:27:13 ubuntu rsyslogd[854]: [origin software="rsyslogd" swVersion="8.2001.0" x-pid="854" x-info="https://www.rsyslog.com"] start
5月 15 21:27:13 ubuntu systemd[1]: Started System Logging Service.
5月 15 22:59:14 ubuntu rsyslogd[854]: [origin software="rsyslogd" swVersion="8.2001.0" x-pid="854" x-info="https://www.rsyslog.com"] exiting on signal 15.
5月 15 22:59:14 ubuntu systemd[1]: Stopping System Logging Service...
5月 15 22:59:14 ubuntu systemd[1]: rsyslog.service: Succeeded.
5月 15 22:59:14 ubuntu systemd[1]: Stopped System Logging Service.
-- Reboot --
5月 31 15:28:44 ubuntu systemd[1]: Starting System Logging Service...
5月 31 15:28:45 ubuntu rsyslogd[850]: imuxsock: Acquired UNIX socket '/run/systemd/journal/syslog' (fd 3) from systemd.  [v8.2001.0]
5月 31 15:28:45 ubuntu rsyslogd[850]: rsyslogd's groupid changed to 110
5月 31 15:28:45 ubuntu rsyslogd[850]: rsyslogd's userid changed to 104
5月 31 15:28:45 ubuntu rsyslogd[850]: [origin software="rsyslogd" swVersion="8.2001.0" x-pid="850" x-info="https://www.rsyslog.com"] start
5月 31 15:28:45 ubuntu systemd[1]: Started System Logging Service.
5月 31 15:28:47 ubuntu rsyslogd[850]: [origin software="rsyslogd" swVersion="8.2001.0" x-pid="850" x-info="https://www.rsyslog.com"] rsyslogd was HUPed
5月 31 16:19:37 ubuntu rsyslogd[850]: [origin software="rsyslogd" swVersion="8.2001.0" x-pid="850" x-info="https://www.rsyslog.com"] rsyslogd was HUPed
5月 31 16:19:37 ubuntu rsyslogd[850]: [origin software="rsyslogd" swVersion="8.2001.0" x-pid="850" x-info="https://www.rsyslog.com"] exiting on signal 15.
5月 31 16:19:37 ubuntu systemd[1]: Stopping System Logging Service...
5月 31 16:19:37 ubuntu systemd[1]: rsyslog.service: Succeeded.
5月 31 16:19:37 ubuntu systemd[1]: Stopped System Logging Service.
-- Reboot --
5月 31 16:19:54 ubuntu systemd[1]: Starting System Logging Service...
5月 31 16:19:54 ubuntu systemd[1]: Started System Logging Service.
5月 31 16:19:54 ubuntu rsyslogd[896]: imuxsock: Acquired UNIX socket '/run/systemd/journal/syslog' (fd 3) from systemd.  [v8.2001.0]
5月 31 16:19:54 ubuntu rsyslogd[896]: rsyslogd's groupid changed to 110
5月 31 16:19:54 ubuntu rsyslogd[896]: rsyslogd's userid changed to 104
5月 31 16:19:54 ubuntu rsyslogd[896]: [origin software="rsyslogd" swVersion="8.2001.0" x-pid="896" x-info="https://www.rsyslog.com"] start
-- Reboot --
5月 31 21:00:56 ubuntu systemd[1]: Starting System Logging Service...
5月 31 21:00:56 ubuntu rsyslogd[876]: imuxsock: Acquired UNIX socket '/run/systemd/journal/syslog' (fd 3) from systemd.  [v8.2001.0]
5月 31 21:00:56 ubuntu rsyslogd[876]: rsyslogd's groupid changed to 110
5月 31 21:00:56 ubuntu rsyslogd[876]: rsyslogd's userid changed to 104
5月 31 21:00:56 ubuntu rsyslogd[876]: [origin software="rsyslogd" swVersion="8.2001.0" x-pid="876" x-info="https://www.rsyslog.com"] start
5月 31 21:00:56 ubuntu systemd[1]: Started System Logging Service.
-- Reboot --
6月 01 23:20:20 ubuntu systemd[1]: Starting System Logging Service...
6月 01 23:20:21 ubuntu rsyslogd[887]: imuxsock: Acquired UNIX socket '/run/systemd/journal/syslog' (fd 3) from systemd.  [v8.2001.0]
6月 01 23:20:21 ubuntu rsyslogd[887]: rsyslogd's groupid changed to 110
6月 01 23:20:21 ubuntu rsyslogd[887]: rsyslogd's userid changed to 104
6月 01 23:20:21 ubuntu rsyslogd[887]: [origin software="rsyslogd" swVersion="8.2001.0" x-pid="887" x-info="https://www.rsyslog.com"] start
6月 01 23:20:21 ubuntu systemd[1]: Started System Logging Service.
6月 01 23:20:29 ubuntu rsyslogd[887]: [origin software="rsyslogd" swVersion="8.2001.0" x-pid="887" x-info="https://www.rsyslog.com"] rsyslogd was HUPed
6月 02 00:27:49 ubuntu rsyslogd[887]: [origin software="rsyslogd" swVersion="8.2001.0" x-pid="887" x-info="https://www.rsyslog.com"] rsyslogd was HUPed
6月 02 00:27:49 ubuntu rsyslogd[887]: [origin software="rsyslogd" swVersion="8.2001.0" x-pid="887" x-info="https://www.rsyslog.com"] exiting on signal 15.
6月 02 00:27:49 ubuntu systemd[1]: Stopping System Logging Service...
6月 02 00:27:49 ubuntu systemd[1]: rsyslog.service: Succeeded.
6月 02 00:27:49 ubuntu systemd[1]: Stopped System Logging Service.
-- Reboot --
6月 06 14:12:35 ubuntu systemd[1]: Starting System Logging Service...
6月 06 14:12:35 ubuntu rsyslogd[894]: imuxsock: Acquired UNIX socket '/run/systemd/journal/syslog' (fd 3) from systemd.  [v8.2001.0]
6月 06 14:12:35 ubuntu rsyslogd[894]: rsyslogd's groupid changed to 110
6月 06 14:12:35 ubuntu rsyslogd[894]: rsyslogd's userid changed to 104
6月 06 14:12:35 ubuntu rsyslogd[894]: [origin software="rsyslogd" swVersion="8.2001.0" x-pid="894" x-info="https://www.rsyslog.com"] start
6月 06 14:12:35 ubuntu systemd[1]: Started System Logging Service.
6月 06 14:12:38 ubuntu rsyslogd[894]: [origin software="rsyslogd" swVersion="8.2001.0" x-pid="894" x-info="https://www.rsyslog.com"] rsyslogd was HUPed
6月 06 15:33:45 ubuntu rsyslogd[894]: [origin software="rsyslogd" swVersion="8.2001.0" x-pid="894" x-info="https://www.rsyslog.com"] exiting on signal 15.
6月 06 15:33:45 ubuntu systemd[1]: Stopping System Logging Service...
6月 06 15:33:45 ubuntu systemd[1]: rsyslog.service: Succeeded.
6月 06 15:33:45 ubuntu systemd[1]: Stopped System Logging Service.
-- Reboot --
6月 06 15:39:29 ubuntu systemd[1]: Starting System Logging Service...
6月 06 15:39:29 ubuntu rsyslogd[905]: imuxsock: Acquired UNIX socket '/run/systemd/journal/syslog' (fd 3) from systemd.  [v8.2001.0]
6月 06 15:39:29 ubuntu rsyslogd[905]: rsyslogd's groupid changed to 110
6月 06 15:39:29 ubuntu rsyslogd[905]: rsyslogd's userid changed to 104
6月 06 15:39:29 ubuntu rsyslogd[905]: [origin software="rsyslogd" swVersion="8.2001.0" x-pid="905" x-info="https://www.rsyslog.com"] start
6月 06 15:39:29 ubuntu systemd[1]: Started System Logging Service.
6月 06 15:42:24 ubuntu rsyslogd[905]: [origin software="rsyslogd" swVersion="8.2001.0" x-pid="905" x-info="https://www.rsyslog.com"] exiting on signal 15.
6月 06 15:42:24 ubuntu systemd[1]: Stopping System Logging Service...
6月 06 15:42:24 ubuntu systemd[1]: rsyslog.service: Succeeded.
6月 06 15:42:24 ubuntu systemd[1]: Stopped System Logging Service.
-- Reboot --
6月 06 15:44:09 ubuntu systemd[1]: Starting System Logging Service...
6月 06 15:44:09 ubuntu rsyslogd[831]: imuxsock: Acquired UNIX socket '/run/systemd/journal/syslog' (fd 3) from systemd.  [v8.2001.0]
6月 06 15:44:09 ubuntu rsyslogd[831]: rsyslogd's groupid changed to 110
6月 06 15:44:09 ubuntu rsyslogd[831]: rsyslogd's userid changed to 104
6月 06 15:44:09 ubuntu rsyslogd[831]: [origin software="rsyslogd" swVersion="8.2001.0" x-pid="831" x-info="https://www.rsyslog.com"] start
6月 06 15:44:09 ubuntu systemd[1]: Started System Logging Service.
-- Reboot --
6月 15 14:08:49 ubuntu systemd[1]: Starting System Logging Service...
6月 15 14:08:49 ubuntu rsyslogd[893]: imuxsock: Acquired UNIX socket '/run/systemd/journal/syslog' (fd 3) from systemd.  [v8.2001.0]
6月 15 14:08:49 ubuntu rsyslogd[893]: rsyslogd's groupid changed to 110
6月 15 14:08:49 ubuntu rsyslogd[893]: rsyslogd's userid changed to 104
6月 15 14:08:49 ubuntu rsyslogd[893]: [origin software="rsyslogd" swVersion="8.2001.0" x-pid="893" x-info="https://www.rsyslog.com"] start
6月 15 14:08:49 ubuntu systemd[1]: Started System Logging Service.
6月 15 14:08:59 ubuntu rsyslogd[893]: [origin software="rsyslogd" swVersion="8.2001.0" x-pid="893" x-info="https://www.rsyslog.com"] rsyslogd was HUPed
6月 15 16:32:38 ubuntu rsyslogd[893]: [origin software="rsyslogd" swVersion="8.2001.0" x-pid="893" x-info="https://www.rsyslog.com"] rsyslogd was HUPed
6月 15 16:32:38 ubuntu rsyslogd[893]: [origin software="rsyslogd" swVersion="8.2001.0" x-pid="893" x-info="https://www.rsyslog.com"] exiting on signal 15.
6月 15 16:32:38 ubuntu systemd[1]: Stopping System Logging Service...
6月 15 16:32:38 ubuntu systemd[1]: rsyslog.service: Succeeded.
6月 15 16:32:38 ubuntu systemd[1]: Stopped System Logging Service.
-- Reboot --
6月 16 14:48:28 ubuntu systemd[1]: Starting System Logging Service...
6月 16 14:48:28 ubuntu rsyslogd[845]: imuxsock: Acquired UNIX socket '/run/systemd/journal/syslog' (fd 3) from systemd.  [v8.2001.0]
6月 16 14:48:28 ubuntu rsyslogd[845]: rsyslogd's groupid changed to 110
6月 16 14:48:28 ubuntu rsyslogd[845]: rsyslogd's userid changed to 104
6月 16 14:48:28 ubuntu rsyslogd[845]: [origin software="rsyslogd" swVersion="8.2001.0" x-pid="845" x-info="https://www.rsyslog.com"] start
6月 16 14:48:28 ubuntu systemd[1]: Started System Logging Service.
6月 16 14:48:31 ubuntu rsyslogd[845]: [origin software="rsyslogd" swVersion="8.2001.0" x-pid="845" x-info="https://www.rsyslog.com"] rsyslogd was HUPed
-- Reboot --
2月 25 16:36:14 ubuntu systemd[1]: Starting System Logging Service...
2月 25 16:36:14 ubuntu rsyslogd[843]: imuxsock: Acquired UNIX socket '/run/systemd/journal/syslog' (fd 3) from systemd.  [v8.2001.0]
2月 25 16:36:14 ubuntu rsyslogd[843]: rsyslogd's groupid changed to 110
2月 25 16:36:14 ubuntu rsyslogd[843]: rsyslogd's userid changed to 104
2月 25 16:36:14 ubuntu rsyslogd[843]: [origin software="rsyslogd" swVersion="8.2001.0" x-pid="843" x-info="https://www.rsyslog.com"] start
2月 25 16:36:14 ubuntu systemd[1]: Started System Logging Service.
2月 25 16:36:19 ubuntu rsyslogd[843]: [origin software="rsyslogd" swVersion="8.2001.0" x-pid="843" x-info="https://www.rsyslog.com"] rsyslogd was HUPed
-- Reboot --
3月 27 17:52:49 ubuntu systemd[1]: Starting System Logging Service...
3月 27 17:52:49 ubuntu rsyslogd[845]: imuxsock: Acquired UNIX socket '/run/systemd/journal/syslog' (fd 3) from systemd.  [v8.2001.0]
3月 27 17:52:49 ubuntu systemd[1]: Started System Logging Service.
3月 27 17:52:49 ubuntu rsyslogd[845]: rsyslogd's groupid changed to 110
3月 27 17:52:49 ubuntu rsyslogd[845]: rsyslogd's userid changed to 104
3月 27 17:52:49 ubuntu rsyslogd[845]: [origin software="rsyslogd" swVersion="8.2001.0" x-pid="845" x-info="https://www.rsyslog.com"] start
3月 27 17:52:49 ubuntu rsyslogd[845]: [origin software="rsyslogd" swVersion="8.2001.0" x-pid="845" x-info="https://www.rsyslog.com"] rsyslogd was HUPed
-- Reboot --
3月 30 14:05:42 ubuntu systemd[1]: Starting System Logging Service...
3月 30 14:05:43 ubuntu rsyslogd[831]: imuxsock: Acquired UNIX socket '/run/systemd/journal/syslog' (fd 3) from systemd.  [v8.2001.0]
3月 30 14:05:43 ubuntu rsyslogd[831]: rsyslogd's groupid changed to 110
3月 30 14:05:43 ubuntu rsyslogd[831]: rsyslogd's userid changed to 104
3月 30 14:05:43 ubuntu rsyslogd[831]: [origin software="rsyslogd" swVersion="8.2001.0" x-pid="831" x-info="https://www.rsyslog.com"] start
3月 30 14:05:43 ubuntu systemd[1]: Started System Logging Service.
3月 30 14:06:09 ubuntu rsyslogd[831]: [origin software="rsyslogd" swVersion="8.2001.0" x-pid="831" x-info="https://www.rsyslog.com"] rsyslogd was HUPed
3月 30 14:44:04 ubuntu rsyslogd[831]: [origin software="rsyslogd" swVersion="8.2001.0" x-pid="831" x-info="https://www.rsyslog.com"] exiting on signal 15.
3月 30 14:44:04 ubuntu systemd[1]: Stopping System Logging Service...
3月 30 14:44:04 ubuntu systemd[1]: rsyslog.service: Succeeded.
3月 30 14:44:04 ubuntu systemd[1]: Stopped System Logging Service.
-- Reboot --
3月 30 14:44:33 ubuntu systemd[1]: Starting System Logging Service...
3月 30 14:44:33 ubuntu rsyslogd[831]: imuxsock: Acquired UNIX socket '/run/systemd/journal/syslog' (fd 3) from systemd.  [v8.2001.0]
3月 30 14:44:33 ubuntu rsyslogd[831]: rsyslogd's groupid changed to 110
3月 30 14:44:33 ubuntu rsyslogd[831]: rsyslogd's userid changed to 104
3月 30 14:44:33 ubuntu rsyslogd[831]: [origin software="rsyslogd" swVersion="8.2001.0" x-pid="831" x-info="https://www.rsyslog.com"] start
3月 30 14:44:33 ubuntu systemd[1]: Started System Logging Service.
3月 30 14:51:17 ubuntu rsyslogd[831]: [origin software="rsyslogd" swVersion="8.2001.0" x-pid="831" x-info="https://www.rsyslog.com"] exiting on signal 15.
3月 30 14:51:17 ubuntu systemd[1]: Stopping System Logging Service...
3月 30 14:51:17 ubuntu systemd[1]: rsyslog.service: Succeeded.
3月 30 14:51:17 ubuntu systemd[1]: Stopped System Logging Service.
-- Reboot --
3月 30 15:12:19 ubuntu systemd[1]: Starting System Logging Service...
3月 30 15:12:19 ubuntu rsyslogd[844]: imuxsock: Acquired UNIX socket '/run/systemd/journal/syslog' (fd 3) from systemd.  [v8.2001.0]
3月 30 15:12:19 ubuntu rsyslogd[844]: rsyslogd's groupid changed to 110
3月 30 15:12:19 ubuntu rsyslogd[844]: rsyslogd's userid changed to 104
3月 30 15:12:19 ubuntu rsyslogd[844]: [origin software="rsyslogd" swVersion="8.2001.0" x-pid="844" x-info="https://www.rsyslog.com"] start
3月 30 15:12:19 ubuntu systemd[1]: Started System Logging Service.
3月 30 15:12:58 ubuntu rsyslogd[844]: [origin software="rsyslogd" swVersion="8.2001.0" x-pid="844" x-info="https://www.rsyslog.com"] exiting on signal 15.
3月 30 15:12:58 ubuntu systemd[1]: Stopping System Logging Service...
3月 30 15:12:58 ubuntu systemd[1]: rsyslog.service: Succeeded.
3月 30 15:12:58 ubuntu systemd[1]: Stopped System Logging Service.
-- Reboot --
3月 30 15:18:40 ubuntu systemd[1]: Starting System Logging Service...
3月 30 15:18:40 ubuntu rsyslogd[839]: imuxsock: Acquired UNIX socket '/run/systemd/journal/syslog' (fd 3) from systemd.  [v8.2001.0]
3月 30 15:18:40 ubuntu rsyslogd[839]: rsyslogd's groupid changed to 110
3月 30 15:18:40 ubuntu rsyslogd[839]: rsyslogd's userid changed to 104
3月 30 15:18:40 ubuntu rsyslogd[839]: [origin software="rsyslogd" swVersion="8.2001.0" x-pid="839" x-info="https://www.rsyslog.com"] start
3月 30 15:18:40 ubuntu systemd[1]: Started System Logging Service.
3月 30 15:19:57 ubuntu rsyslogd[839]: [origin software="rsyslogd" swVersion="8.2001.0" x-pid="839" x-info="https://www.rsyslog.com"] exiting on signal 15.
3月 30 15:19:57 ubuntu systemd[1]: Stopping System Logging Service...
3月 30 15:19:57 ubuntu systemd[1]: rsyslog.service: Succeeded.
3月 30 15:19:57 ubuntu systemd[1]: Stopped System Logging Service.
-- Reboot --
3月 30 22:57:14 ubuntu systemd[1]: Starting System Logging Service...
3月 30 22:57:14 ubuntu rsyslogd[895]: imuxsock: Acquired UNIX socket '/run/systemd/journal/syslog' (fd 3) from systemd.  [v8.2001.0]
3月 30 22:57:14 ubuntu rsyslogd[895]: rsyslogd's groupid changed to 110
3月 30 22:57:14 ubuntu rsyslogd[895]: rsyslogd's userid changed to 104
3月 30 22:57:14 ubuntu rsyslogd[895]: [origin software="rsyslogd" swVersion="8.2001.0" x-pid="895" x-info="https://www.rsyslog.com"] start
3月 30 22:57:14 ubuntu systemd[1]: Started System Logging Service.
3月 30 22:59:12 ubuntu rsyslogd[895]: [origin software="rsyslogd" swVersion="8.2001.0" x-pid="895" x-info="https://www.rsyslog.com"] exiting on signal 15.
3月 30 22:59:12 ubuntu systemd[1]: Stopping System Logging Service...
3月 30 22:59:12 ubuntu systemd[1]: rsyslog.service: Succeeded.
3月 30 22:59:12 ubuntu systemd[1]: Stopped System Logging Service.
-- Reboot --
3月 30 23:00:45 ubuntu systemd[1]: Starting System Logging Service...
3月 30 23:00:45 ubuntu rsyslogd[834]: imuxsock: Acquired UNIX socket '/run/systemd/journal/syslog' (fd 3) from systemd.  [v8.2001.0]
3月 30 23:00:45 ubuntu rsyslogd[834]: rsyslogd's groupid changed to 110
3月 30 23:00:45 ubuntu rsyslogd[834]: rsyslogd's userid changed to 104
3月 30 23:00:45 ubuntu rsyslogd[834]: [origin software="rsyslogd" swVersion="8.2001.0" x-pid="834" x-info="https://www.rsyslog.com"] start
3月 30 23:00:45 ubuntu systemd[1]: Started System Logging Service.
3月 30 23:02:22 ubuntu systemd[1]: Stopping System Logging Service...
3月 30 23:02:22 ubuntu rsyslogd[834]: [origin software="rsyslogd" swVersion="8.2001.0" x-pid="834" x-info="https://www.rsyslog.com"] exiting on signal 15.
3月 30 23:02:22 ubuntu systemd[1]: rsyslog.service: Succeeded.
3月 30 23:02:22 ubuntu systemd[1]: Stopped System Logging Service.
-- Reboot --
3月 30 23:05:26 ubuntu systemd[1]: Starting System Logging Service...
3月 30 23:05:26 ubuntu systemd[1]: Started System Logging Service.
3月 30 23:05:26 ubuntu rsyslogd[864]: imuxsock: Acquired UNIX socket '/run/systemd/journal/syslog' (fd 3) from systemd.  [v8.2001.0]
3月 30 23:05:26 ubuntu rsyslogd[864]: rsyslogd's groupid changed to 110
3月 30 23:05:26 ubuntu rsyslogd[864]: rsyslogd's userid changed to 104
3月 30 23:05:26 ubuntu rsyslogd[864]: [origin software="rsyslogd" swVersion="8.2001.0" x-pid="864" x-info="https://www.rsyslog.com"] start
3月 30 23:14:09 ubuntu systemd[1]: Stopping System Logging Service...
3月 30 23:14:09 ubuntu rsyslogd[864]: [origin software="rsyslogd" swVersion="8.2001.0" x-pid="864" x-info="https://www.rsyslog.com"] exiting on signal 15.
3月 30 23:14:09 ubuntu systemd[1]: rsyslog.service: Succeeded.
3月 30 23:14:09 ubuntu systemd[1]: Stopped System Logging Service.
-- Reboot --
3月 31 18:40:19 ubuntu systemd[1]: Starting System Logging Service...
3月 31 18:40:20 ubuntu rsyslogd[897]: imuxsock: Acquired UNIX socket '/run/systemd/journal/syslog' (fd 3) from systemd.  [v8.2001.0]
3月 31 18:40:20 ubuntu rsyslogd[897]: rsyslogd's groupid changed to 110
3月 31 18:40:20 ubuntu systemd[1]: Started System Logging Service.
3月 31 18:40:20 ubuntu rsyslogd[897]: rsyslogd's userid changed to 104
3月 31 18:40:20 ubuntu rsyslogd[897]: [origin software="rsyslogd" swVersion="8.2001.0" x-pid="897" x-info="https://www.rsyslog.com"] start
3月 31 18:40:21 ubuntu rsyslogd[897]: [origin software="rsyslogd" swVersion="8.2001.0" x-pid="897" x-info="https://www.rsyslog.com"] rsyslogd was HUPed
3月 31 18:53:35 ubuntu systemd[1]: Stopping System Logging Service...
3月 31 18:53:35 ubuntu rsyslogd[897]: [origin software="rsyslogd" swVersion="8.2001.0" x-pid="897" x-info="https://www.rsyslog.com"] exiting on signal 15.
3月 31 18:53:35 ubuntu systemd[1]: rsyslog.service: Succeeded.
3月 31 18:53:35 ubuntu systemd[1]: Stopped System Logging Service.
-- Reboot --
3月 31 18:54:17 ubuntu systemd[1]: Starting System Logging Service...
3月 31 18:54:17 ubuntu rsyslogd[894]: imuxsock: Acquired UNIX socket '/run/systemd/journal/syslog' (fd 3) from systemd.  [v8.2001.0]
3月 31 18:54:17 ubuntu rsyslogd[894]: rsyslogd's groupid changed to 110
3月 31 18:54:17 ubuntu rsyslogd[894]: rsyslogd's userid changed to 104
3月 31 18:54:17 ubuntu rsyslogd[894]: [origin software="rsyslogd" swVersion="8.2001.0" x-pid="894" x-info="https://www.rsyslog.com"] start
3月 31 18:54:17 ubuntu systemd[1]: Started System Logging Service.
3月 31 19:01:42 ubuntu systemd[1]: Stopping System Logging Service...
3月 31 19:01:42 ubuntu rsyslogd[894]: [origin software="rsyslogd" swVersion="8.2001.0" x-pid="894" x-info="https://www.rsyslog.com"] exiting on signal 15.
3月 31 19:01:42 ubuntu systemd[1]: rsyslog.service: Succeeded.
3月 31 19:01:42 ubuntu systemd[1]: Stopped System Logging Service.
-- Reboot --
3月 31 19:04:01 ubuntu systemd[1]: Starting System Logging Service...
3月 31 19:04:01 ubuntu rsyslogd[841]: imuxsock: Acquired UNIX socket '/run/systemd/journal/syslog' (fd 3) from systemd.  [v8.2001.0]
3月 31 19:04:01 ubuntu rsyslogd[841]: rsyslogd's groupid changed to 110
3月 31 19:04:01 ubuntu rsyslogd[841]: rsyslogd's userid changed to 104
3月 31 19:04:01 ubuntu rsyslogd[841]: [origin software="rsyslogd" swVersion="8.2001.0" x-pid="841" x-info="https://www.rsyslog.com"] start
3月 31 19:04:01 ubuntu systemd[1]: Started System Logging Service.
3月 31 19:26:10 ubuntu systemd[1]: Stopping System Logging Service...
3月 31 19:26:10 ubuntu rsyslogd[841]: [origin software="rsyslogd" swVersion="8.2001.0" x-pid="841" x-info="https://www.rsyslog.com"] exiting on signal 15.
3月 31 19:26:10 ubuntu systemd[1]: rsyslog.service: Succeeded.
3月 31 19:26:10 ubuntu systemd[1]: Stopped System Logging Service.
-- Reboot --
3月 31 19:27:35 ubuntu systemd[1]: Starting System Logging Service...
3月 31 19:27:36 ubuntu rsyslogd[888]: imuxsock: Acquired UNIX socket '/run/systemd/journal/syslog' (fd 3) from systemd.  [v8.2001.0]
3月 31 19:27:36 ubuntu rsyslogd[888]: rsyslogd's groupid changed to 110
3月 31 19:27:36 ubuntu systemd[1]: Started System Logging Service.
3月 31 19:27:36 ubuntu rsyslogd[888]: rsyslogd's userid changed to 104
3月 31 19:27:36 ubuntu rsyslogd[888]: [origin software="rsyslogd" swVersion="8.2001.0" x-pid="888" x-info="https://www.rsyslog.com"] start
-- Reboot --
3月 31 19:43:30 ubuntu systemd[1]: Starting System Logging Service...
3月 31 19:43:31 ubuntu rsyslogd[831]: imuxsock: Acquired UNIX socket '/run/systemd/journal/syslog' (fd 3) from systemd.  [v8.2001.0]
3月 31 19:43:31 ubuntu rsyslogd[831]: rsyslogd's groupid changed to 110
3月 31 19:43:31 ubuntu rsyslogd[831]: rsyslogd's userid changed to 104
3月 31 19:43:31 ubuntu rsyslogd[831]: [origin software="rsyslogd" swVersion="8.2001.0" x-pid="831" x-info="https://www.rsyslog.com"] start
3月 31 19:43:31 ubuntu systemd[1]: Started System Logging Service.
3月 31 19:57:56 ubuntu rsyslogd[831]: [origin software="rsyslogd" swVersion="8.2001.0" x-pid="831" x-info="https://www.rsyslog.com"] exiting on signal 15.
3月 31 19:57:56 ubuntu systemd[1]: Stopping System Logging Service...
3月 31 19:57:56 ubuntu systemd[1]: rsyslog.service: Succeeded.
3月 31 19:57:56 ubuntu systemd[1]: Stopped System Logging Service.
-- Reboot --
3月 31 19:58:20 ubuntu systemd[1]: Starting System Logging Service...
3月 31 19:58:20 ubuntu rsyslogd[868]: imuxsock: Acquired UNIX socket '/run/systemd/journal/syslog' (fd 3) from systemd.  [v8.2001.0]
3月 31 19:58:20 ubuntu rsyslogd[868]: rsyslogd's groupid changed to 110
3月 31 19:58:20 ubuntu rsyslogd[868]: rsyslogd's userid changed to 104
3月 31 19:58:20 ubuntu rsyslogd[868]: [origin software="rsyslogd" swVersion="8.2001.0" x-pid="868" x-info="https://www.rsyslog.com"] start
3月 31 19:58:20 ubuntu systemd[1]: Started System Logging Service.
3月 31 20:09:57 ubuntu rsyslogd[868]: [origin software="rsyslogd" swVersion="8.2001.0" x-pid="868" x-info="https://www.rsyslog.com"] exiting on signal 15.
3月 31 20:09:57 ubuntu systemd[1]: Stopping System Logging Service...
3月 31 20:09:57 ubuntu systemd[1]: rsyslog.service: Succeeded.
3月 31 20:09:57 ubuntu systemd[1]: Stopped System Logging Service.
-- Reboot --
3月 31 20:24:35 ubuntu systemd[1]: Starting System Logging Service...
3月 31 20:24:35 ubuntu rsyslogd[884]: imuxsock: Acquired UNIX socket '/run/systemd/journal/syslog' (fd 3) from systemd.  [v8.2001.0]
3月 31 20:24:35 ubuntu rsyslogd[884]: rsyslogd's groupid changed to 110
3月 31 20:24:35 ubuntu rsyslogd[884]: rsyslogd's userid changed to 104
3月 31 20:24:35 ubuntu rsyslogd[884]: [origin software="rsyslogd" swVersion="8.2001.0" x-pid="884" x-info="https://www.rsyslog.com"] start
3月 31 20:24:35 ubuntu systemd[1]: Started System Logging Service.
3月 31 21:06:51 ubuntu rsyslogd[884]: [origin software="rsyslogd" swVersion="8.2001.0" x-pid="884" x-info="https://www.rsyslog.com"] exiting on signal 15.
3月 31 21:06:51 ubuntu systemd[1]: Stopping System Logging Service...
3月 31 21:06:51 ubuntu systemd[1]: rsyslog.service: Succeeded.
3月 31 21:06:51 ubuntu systemd[1]: Stopped System Logging Service.
-- Reboot --
4月 02 17:05:04 ubuntu systemd[1]: Starting System Logging Service...
4月 02 17:05:04 ubuntu rsyslogd[888]: imuxsock: Acquired UNIX socket '/run/systemd/journal/syslog' (fd 3) from systemd.  [v8.2001.0]
4月 02 17:05:04 ubuntu rsyslogd[888]: rsyslogd's groupid changed to 110
4月 02 17:05:04 ubuntu rsyslogd[888]: rsyslogd's userid changed to 104
4月 02 17:05:04 ubuntu rsyslogd[888]: [origin software="rsyslogd" swVersion="8.2001.0" x-pid="888" x-info="https://www.rsyslog.com"] start
4月 02 17:05:04 ubuntu systemd[1]: Started System Logging Service.
4月 02 17:05:07 ubuntu rsyslogd[888]: [origin software="rsyslogd" swVersion="8.2001.0" x-pid="888" x-info="https://www.rsyslog.com"] rsyslogd was HUPed
4月 02 17:13:52 ubuntu rsyslogd[888]: [origin software="rsyslogd" swVersion="8.2001.0" x-pid="888" x-info="https://www.rsyslog.com"] rsyslogd was HUPed
4月 02 17:13:52 ubuntu rsyslogd[888]: [origin software="rsyslogd" swVersion="8.2001.0" x-pid="888" x-info="https://www.rsyslog.com"] exiting on signal 15.
4月 02 17:13:52 ubuntu systemd[1]: Stopping System Logging Service...
4月 02 17:13:52 ubuntu systemd[1]: rsyslog.service: Succeeded.
4月 02 17:13:52 ubuntu systemd[1]: Stopped System Logging Service.
-- Reboot --
4月 14 20:21:37 ubuntu systemd[1]: Starting System Logging Service...
4月 14 20:21:37 ubuntu rsyslogd[827]: imuxsock: Acquired UNIX socket '/run/systemd/journal/syslog' (fd 3) from systemd.  [v8.2001.0]
4月 14 20:21:37 ubuntu rsyslogd[827]: rsyslogd's groupid changed to 110
4月 14 20:21:37 ubuntu rsyslogd[827]: rsyslogd's userid changed to 104
4月 14 20:21:37 ubuntu rsyslogd[827]: [origin software="rsyslogd" swVersion="8.2001.0" x-pid="827" x-info="https://www.rsyslog.com"] start
4月 14 20:21:37 ubuntu systemd[1]: Started System Logging Service.
4月 14 20:21:43 ubuntu rsyslogd[827]: [origin software="rsyslogd" swVersion="8.2001.0" x-pid="827" x-info="https://www.rsyslog.com"] rsyslogd was HUPed
4月 14 20:54:40 ubuntu rsyslogd[827]: [origin software="rsyslogd" swVersion="8.2001.0" x-pid="827" x-info="https://www.rsyslog.com"] rsyslogd was HUPed
4月 14 20:54:40 ubuntu rsyslogd[827]: [origin software="rsyslogd" swVersion="8.2001.0" x-pid="827" x-info="https://www.rsyslog.com"] exiting on signal 15.
4月 14 20:54:40 ubuntu systemd[1]: Stopping System Logging Service...
4月 14 20:54:40 ubuntu systemd[1]: rsyslog.service: Succeeded.
4月 14 20:54:40 ubuntu systemd[1]: Stopped System Logging Service.
-- Reboot --
4月 14 20:55:48 ubuntu systemd[1]: Starting System Logging Service...
4月 14 20:55:49 ubuntu rsyslogd[878]: imuxsock: Acquired UNIX socket '/run/systemd/journal/syslog' (fd 3) from systemd.  [v8.2001.0]
4月 14 20:55:49 ubuntu rsyslogd[878]: rsyslogd's groupid changed to 110
4月 14 20:55:49 ubuntu rsyslogd[878]: rsyslogd's userid changed to 104
4月 14 20:55:49 ubuntu rsyslogd[878]: [origin software="rsyslogd" swVersion="8.2001.0" x-pid="878" x-info="https://www.rsyslog.com"] start
4月 14 20:55:49 ubuntu systemd[1]: Started System Logging Service.
-- Reboot --
4月 15 22:31:07 ubuntu systemd[1]: Starting System Logging Service...
4月 15 22:31:07 ubuntu rsyslogd[896]: imuxsock: Acquired UNIX socket '/run/systemd/journal/syslog' (fd 3) from systemd.  [v8.2001.0]
4月 15 22:31:07 ubuntu rsyslogd[896]: rsyslogd's groupid changed to 110
4月 15 22:31:07 ubuntu rsyslogd[896]: rsyslogd's userid changed to 104
4月 15 22:31:07 ubuntu rsyslogd[896]: [origin software="rsyslogd" swVersion="8.2001.0" x-pid="896" x-info="https://www.rsyslog.com"] start
4月 15 22:31:07 ubuntu systemd[1]: Started System Logging Service.
4月 15 22:31:10 ubuntu rsyslogd[896]: [origin software="rsyslogd" swVersion="8.2001.0" x-pid="896" x-info="https://www.rsyslog.com"] rsyslogd was HUPed
4月 15 22:43:25 ubuntu rsyslogd[896]: [origin software="rsyslogd" swVersion="8.2001.0" x-pid="896" x-info="https://www.rsyslog.com"] exiting on signal 15.
4月 15 22:43:25 ubuntu systemd[1]: Stopping System Logging Service...
4月 15 22:43:25 ubuntu systemd[1]: rsyslog.service: Succeeded.
4月 15 22:43:25 ubuntu systemd[1]: Stopped System Logging Service.
-- Reboot --
4月 15 22:43:42 ubuntu systemd[1]: Starting System Logging Service...
4月 15 22:43:42 ubuntu rsyslogd[885]: imuxsock: Acquired UNIX socket '/run/systemd/journal/syslog' (fd 3) from systemd.  [v8.2001.0]
4月 15 22:43:42 ubuntu rsyslogd[885]: rsyslogd's groupid changed to 110
4月 15 22:43:42 ubuntu systemd[1]: Started System Logging Service.
4月 15 22:43:42 ubuntu rsyslogd[885]: rsyslogd's userid changed to 104
4月 15 22:43:42 ubuntu rsyslogd[885]: [origin software="rsyslogd" swVersion="8.2001.0" x-pid="885" x-info="https://www.rsyslog.com"] start
4月 15 23:08:20 ubuntu rsyslogd[885]: [origin software="rsyslogd" swVersion="8.2001.0" x-pid="885" x-info="https://www.rsyslog.com"] exiting on signal 15.
4月 15 23:08:20 ubuntu systemd[1]: Stopping System Logging Service...
4月 15 23:08:20 ubuntu systemd[1]: rsyslog.service: Succeeded.
4月 15 23:08:20 ubuntu systemd[1]: Stopped System Logging Service.
-- Reboot --
4月 19 18:41:05 ubuntu systemd[1]: Starting System Logging Service...
4月 19 18:41:05 ubuntu rsyslogd[850]: imuxsock: Acquired UNIX socket '/run/systemd/journal/syslog' (fd 3) from systemd.  [v8.2001.0]
4月 19 18:41:05 ubuntu rsyslogd[850]: rsyslogd's groupid changed to 110
4月 19 18:41:05 ubuntu rsyslogd[850]: rsyslogd's userid changed to 104
4月 19 18:41:05 ubuntu rsyslogd[850]: [origin software="rsyslogd" swVersion="8.2001.0" x-pid="850" x-info="https://www.rsyslog.com"] start
4月 19 18:41:05 ubuntu systemd[1]: Started System Logging Service.
4月 19 18:41:07 ubuntu rsyslogd[850]: [origin software="rsyslogd" swVersion="8.2001.0" x-pid="850" x-info="https://www.rsyslog.com"] rsyslogd was HUPed
4月 19 19:04:21 ubuntu systemd[1]: Stopping System Logging Service...
4月 19 19:04:21 ubuntu rsyslogd[850]: [origin software="rsyslogd" swVersion="8.2001.0" x-pid="850" x-info="https://www.rsyslog.com"] exiting on signal 15.
4月 19 19:04:21 ubuntu systemd[1]: rsyslog.service: Succeeded.
4月 19 19:04:21 ubuntu systemd[1]: Stopped System Logging Service.
-- Reboot --
4月 19 19:16:16 ubuntu systemd[1]: Starting System Logging Service...
4月 19 19:16:16 ubuntu rsyslogd[907]: imuxsock: Acquired UNIX socket '/run/systemd/journal/syslog' (fd 3) from systemd.  [v8.2001.0]
4月 19 19:16:16 ubuntu rsyslogd[907]: rsyslogd's groupid changed to 110
4月 19 19:16:16 ubuntu rsyslogd[907]: rsyslogd's userid changed to 104
4月 19 19:16:16 ubuntu rsyslogd[907]: [origin software="rsyslogd" swVersion="8.2001.0" x-pid="907" x-info="https://www.rsyslog.com"] start
4月 19 19:16:16 ubuntu systemd[1]: Started System Logging Service.
4月 19 19:25:49 ubuntu rsyslogd[907]: [origin software="rsyslogd" swVersion="8.2001.0" x-pid="907" x-info="https://www.rsyslog.com"] exiting on signal 15.
4月 19 19:25:49 ubuntu systemd[1]: Stopping System Logging Service...
4月 19 19:25:50 ubuntu systemd[1]: rsyslog.service: Succeeded.
4月 19 19:25:50 ubuntu systemd[1]: Stopped System Logging Service.
-- Reboot --
4月 21 14:58:07 ubuntu systemd[1]: Starting System Logging Service...
4月 21 14:58:07 ubuntu rsyslogd[880]: imuxsock: Acquired UNIX socket '/run/systemd/journal/syslog' (fd 3) from systemd.  [v8.2001.0]
4月 21 14:58:07 ubuntu rsyslogd[880]: rsyslogd's groupid changed to 110
4月 21 14:58:07 ubuntu rsyslogd[880]: rsyslogd's userid changed to 104
4月 21 14:58:07 ubuntu rsyslogd[880]: [origin software="rsyslogd" swVersion="8.2001.0" x-pid="880" x-info="https://www.rsyslog.com"] start
4月 21 14:58:07 ubuntu systemd[1]: Started System Logging Service.
4月 21 14:58:09 ubuntu rsyslogd[880]: [origin software="rsyslogd" swVersion="8.2001.0" x-pid="880" x-info="https://www.rsyslog.com"] rsyslogd was HUPed

