-- Logs begin at Sat 2022-01-08 18:32:32 CST, end at Fri 2023-04-21 17:32:00 CST. --
1月 09 21:33:13 ubuntu systemd[1]: Started udev Kernel Device Manager.
1月 09 21:33:14 ubuntu systemd-udevd[465]: Using default interface naming scheme 'v245'.
1月 09 21:33:14 ubuntu systemd-udevd[465]: ethtool: autonegotiation is unset or enabled, the speed and duplex are not writable.
1月 09 21:33:14 ubuntu systemd-udevd[465]: Could not set AlternativeName= or apply AlternativeNamesPolicy= on ens33: File exists
1月 09 21:33:14 ubuntu systemd-udevd[465]: ens33: Could not apply link config, ignoring: File exists
1月 09 21:33:14 ubuntu mtp-probe[525]: checking bus 2, device 2: "/sys/devices/pci0000:00/0000:00:11.0/0000:02:00.0/usb2/2-1"
1月 09 21:33:14 ubuntu mtp-probe[525]: bus: 2, device: 2 was not an MTP device
1月 09 21:33:14 ubuntu systemd-udevd[457]: ethtool: autonegotiation is unset or enabled, the speed and duplex are not writable.
-- Reboot --
3月 22 14:03:00 ubuntu systemd[1]: Started udev Kernel Device Manager.
3月 22 14:03:00 ubuntu systemd-udevd[444]: Using default interface naming scheme 'v245'.
3月 22 14:03:00 ubuntu systemd-udevd[444]: ethtool: autonegotiation is unset or enabled, the speed and duplex are not writable.
3月 22 14:03:00 ubuntu systemd-udevd[444]: Could not set AlternativeName= or apply AlternativeNamesPolicy= on ens33: File exists
3月 22 14:03:00 ubuntu systemd-udevd[444]: ens33: Could not apply link config, ignoring: File exists
3月 22 14:03:00 ubuntu mtp-probe[536]: checking bus 2, device 2: "/sys/devices/pci0000:00/0000:00:11.0/0000:02:00.0/usb2/2-1"
3月 22 14:03:00 ubuntu mtp-probe[536]: bus: 2, device: 2 was not an MTP device
3月 22 14:03:00 ubuntu systemd-udevd[446]: ethtool: autonegotiation is unset or enabled, the speed and duplex are not writable.
3月 22 14:09:25 ubuntu systemd-udevd[4301]: Using default interface naming scheme 'v245'.
3月 22 14:12:04 ubuntu systemd[1]: Stopping udev Kernel Device Manager...
3月 22 14:12:04 ubuntu systemd[1]: systemd-udevd.service: Succeeded.
3月 22 14:12:04 ubuntu systemd[1]: Stopped udev Kernel Device Manager.
3月 22 14:12:04 ubuntu systemd[1]: Starting udev Kernel Device Manager...
3月 22 14:12:04 ubuntu systemd[1]: Started udev Kernel Device Manager.
-- Reboot --
3月 22 14:13:40 ubuntu systemd[1]: Started udev Kernel Device Manager.
3月 22 14:13:41 ubuntu systemd-udevd[425]: Using default interface naming scheme 'v245'.
3月 22 14:13:41 ubuntu systemd-udevd[425]: ethtool: autonegotiation is unset or enabled, the speed and duplex are not writable.
3月 22 14:13:41 ubuntu systemd-udevd[425]: Could not set AlternativeName= or apply AlternativeNamesPolicy= on ens33: File exists
3月 22 14:13:41 ubuntu systemd-udevd[425]: ens33: Could not apply link config, ignoring: File exists
3月 22 14:13:41 ubuntu mtp-probe[549]: checking bus 2, device 2: "/sys/devices/pci0000:00/0000:00:11.0/0000:02:00.0/usb2/2-1"
3月 22 14:13:41 ubuntu mtp-probe[549]: bus: 2, device: 2 was not an MTP device
3月 22 14:13:41 ubuntu systemd-udevd[435]: ethtool: autonegotiation is unset or enabled, the speed and duplex are not writable.
-- Reboot --
3月 22 16:13:08 ubuntu systemd[1]: Started udev Kernel Device Manager.
3月 22 16:13:08 ubuntu systemd-udevd[457]: Using default interface naming scheme 'v245'.
3月 22 16:13:08 ubuntu systemd-udevd[457]: ethtool: autonegotiation is unset or enabled, the speed and duplex are not writable.
3月 22 16:13:08 ubuntu systemd-udevd[457]: Could not set AlternativeName= or apply AlternativeNamesPolicy= on ens33: File exists
3月 22 16:13:08 ubuntu systemd-udevd[457]: ens33: Could not apply link config, ignoring: File exists
3月 22 16:13:08 ubuntu mtp-probe[554]: checking bus 2, device 2: "/sys/devices/pci0000:00/0000:00:11.0/0000:02:00.0/usb2/2-1"
3月 22 16:13:08 ubuntu mtp-probe[554]: bus: 2, device: 2 was not an MTP device
3月 22 16:13:09 ubuntu systemd-udevd[476]: ethtool: autonegotiation is unset or enabled, the speed and duplex are not writable.
-- Reboot --
3月 25 10:17:58 ubuntu systemd-udevd[477]: Using default interface naming scheme 'v245'.
3月 25 10:17:58 ubuntu systemd-udevd[477]: ethtool: autonegotiation is unset or enabled, the speed and duplex are not writable.
3月 25 10:17:58 ubuntu systemd-udevd[477]: Could not set AlternativeName= or apply AlternativeNamesPolicy= on ens33: File exists
3月 25 10:17:58 ubuntu systemd-udevd[477]: ens33: Could not apply link config, ignoring: File exists
3月 25 10:17:58 ubuntu mtp-probe[596]: checking bus 2, device 2: "/sys/devices/pci0000:00/0000:00:11.0/0000:02:00.0/usb2/2-1"
3月 25 10:17:58 ubuntu mtp-probe[596]: bus: 2, device: 2 was not an MTP device
3月 25 10:17:59 ubuntu systemd-udevd[442]: ethtool: autonegotiation is unset or enabled, the speed and duplex are not writable.
-- Reboot --
3月 25 10:45:10 ubuntu systemd-udevd[474]: Using default interface naming scheme 'v245'.
3月 25 10:45:10 ubuntu systemd-udevd[474]: ethtool: autonegotiation is unset or enabled, the speed and duplex are not writable.
3月 25 10:45:10 ubuntu systemd-udevd[474]: Could not set AlternativeName= or apply AlternativeNamesPolicy= on ens33: File exists
3月 25 10:45:10 ubuntu systemd-udevd[474]: ens33: Could not apply link config, ignoring: File exists
3月 25 10:45:10 ubuntu mtp-probe[591]: checking bus 2, device 2: "/sys/devices/pci0000:00/0000:00:11.0/0000:02:00.0/usb2/2-1"
3月 25 10:45:10 ubuntu mtp-probe[591]: bus: 2, device: 2 was not an MTP device
3月 25 10:45:11 ubuntu systemd-udevd[470]: ethtool: autonegotiation is unset or enabled, the speed and duplex are not writable.
-- Reboot --
3月 28 10:02:48 ubuntu systemd-udevd[477]: Using default interface naming scheme 'v245'.
3月 28 10:02:48 ubuntu systemd-udevd[477]: ethtool: autonegotiation is unset or enabled, the speed and duplex are not writable.
3月 28 10:02:48 ubuntu systemd-udevd[477]: Could not set AlternativeName= or apply AlternativeNamesPolicy= on ens33: File exists
3月 28 10:02:48 ubuntu systemd-udevd[477]: ens33: Could not apply link config, ignoring: File exists
3月 28 10:02:48 ubuntu mtp-probe[580]: checking bus 2, device 2: "/sys/devices/pci0000:00/0000:00:11.0/0000:02:00.0/usb2/2-1"
3月 28 10:02:48 ubuntu mtp-probe[580]: bus: 2, device: 2 was not an MTP device
3月 28 10:02:49 ubuntu systemd-udevd[467]: ethtool: autonegotiation is unset or enabled, the speed and duplex are not writable.
-- Reboot --
3月 28 14:59:39 ubuntu systemd-udevd[447]: Using default interface naming scheme 'v245'.
3月 28 14:59:39 ubuntu systemd-udevd[447]: ethtool: autonegotiation is unset or enabled, the speed and duplex are not writable.
3月 28 14:59:39 ubuntu systemd-udevd[447]: Could not set AlternativeName= or apply AlternativeNamesPolicy= on ens33: File exists
3月 28 14:59:39 ubuntu systemd-udevd[447]: ens33: Could not apply link config, ignoring: File exists
3月 28 14:59:39 ubuntu mtp-probe[581]: checking bus 2, device 2: "/sys/devices/pci0000:00/0000:00:11.0/0000:02:00.0/usb2/2-1"
3月 28 14:59:39 ubuntu mtp-probe[581]: bus: 2, device: 2 was not an MTP device
3月 28 14:59:39 ubuntu systemd-udevd[458]: ethtool: autonegotiation is unset or enabled, the speed and duplex are not writable.
-- Reboot --
3月 28 16:17:39 ubuntu systemd-udevd[444]: Using default interface naming scheme 'v245'.
3月 28 16:17:39 ubuntu systemd-udevd[444]: ethtool: autonegotiation is unset or enabled, the speed and duplex are not writable.
3月 28 16:17:39 ubuntu systemd-udevd[444]: Could not set AlternativeName= or apply AlternativeNamesPolicy= on ens33: File exists
3月 28 16:17:39 ubuntu systemd-udevd[444]: ens33: Could not apply link config, ignoring: File exists
3月 28 16:17:39 ubuntu mtp-probe[508]: checking bus 2, device 2: "/sys/devices/pci0000:00/0000:00:11.0/0000:02:00.0/usb2/2-1"
3月 28 16:17:39 ubuntu mtp-probe[508]: bus: 2, device: 2 was not an MTP device
3月 28 16:17:40 ubuntu systemd-udevd[447]: ethtool: autonegotiation is unset or enabled, the speed and duplex are not writable.
-- Reboot --
4月 01 10:14:14 ubuntu systemd-udevd[429]: Using default interface naming scheme 'v245'.
4月 01 10:14:14 ubuntu systemd-udevd[429]: ethtool: autonegotiation is unset or enabled, the speed and duplex are not writable.
4月 01 10:14:14 ubuntu systemd-udevd[429]: Could not set AlternativeName= or apply AlternativeNamesPolicy= on ens33: File exists
4月 01 10:14:14 ubuntu systemd-udevd[429]: ens33: Could not apply link config, ignoring: File exists
4月 01 10:14:14 ubuntu mtp-probe[558]: checking bus 2, device 2: "/sys/devices/pci0000:00/0000:00:11.0/0000:02:00.0/usb2/2-1"
4月 01 10:14:14 ubuntu mtp-probe[558]: bus: 2, device: 2 was not an MTP device
4月 01 10:14:15 ubuntu systemd-udevd[450]: ethtool: autonegotiation is unset or enabled, the speed and duplex are not writable.
4月 01 10:21:29 ubuntu systemd[1]: Stopping udev Kernel Device Manager...
4月 01 10:21:29 ubuntu systemd[1]: systemd-udevd.service: Succeeded.
4月 01 10:21:29 ubuntu systemd[1]: Stopped udev Kernel Device Manager.
4月 01 10:21:29 ubuntu systemd[1]: Starting udev Kernel Device Manager...
4月 01 10:21:29 ubuntu systemd[1]: Started udev Kernel Device Manager.
-- Reboot --
4月 01 10:24:54 ubuntu systemd[1]: Started udev Kernel Device Manager.
4月 01 10:24:56 ubuntu systemd-udevd[440]: Using default interface naming scheme 'v245'.
4月 01 10:24:56 ubuntu systemd-udevd[440]: ethtool: autonegotiation is unset or enabled, the speed and duplex are not writable.
4月 01 10:24:56 ubuntu systemd-udevd[440]: Could not set AlternativeName= or apply AlternativeNamesPolicy= on ens33: File exists
4月 01 10:24:56 ubuntu systemd-udevd[440]: ens33: Could not apply link config, ignoring: File exists
4月 01 10:24:56 ubuntu mtp-probe[547]: checking bus 2, device 2: "/sys/devices/pci0000:00/0000:00:11.0/0000:02:00.0/usb2/2-1"
4月 01 10:24:56 ubuntu mtp-probe[547]: bus: 2, device: 2 was not an MTP device
4月 01 10:24:56 ubuntu systemd-udevd[439]: ethtool: autonegotiation is unset or enabled, the speed and duplex are not writable.
-- Reboot --
4月 02 08:51:49 ubuntu systemd[1]: Started udev Kernel Device Manager.
4月 02 08:51:50 ubuntu systemd-udevd[418]: Using default interface naming scheme 'v245'.
4月 02 08:51:50 ubuntu systemd-udevd[418]: ethtool: autonegotiation is unset or enabled, the speed and duplex are not writable.
4月 02 08:51:50 ubuntu systemd-udevd[418]: Could not set AlternativeName= or apply AlternativeNamesPolicy= on ens33: File exists
4月 02 08:51:50 ubuntu systemd-udevd[418]: ens33: Could not apply link config, ignoring: File exists
4月 02 08:51:50 ubuntu mtp-probe[506]: checking bus 2, device 2: "/sys/devices/pci0000:00/0000:00:11.0/0000:02:00.0/usb2/2-1"
4月 02 08:51:50 ubuntu mtp-probe[506]: bus: 2, device: 2 was not an MTP device
4月 02 08:51:50 ubuntu systemd-udevd[448]: ethtool: autonegotiation is unset or enabled, the speed and duplex are not writable.
-- Reboot --
4月 02 09:04:30 ubuntu systemd-udevd[409]: Using default interface naming scheme 'v245'.
4月 02 09:04:30 ubuntu systemd-udevd[409]: ethtool: autonegotiation is unset or enabled, the speed and duplex are not writable.
4月 02 09:04:30 ubuntu systemd-udevd[409]: Could not set AlternativeName= or apply AlternativeNamesPolicy= on ens33: File exists
4月 02 09:04:30 ubuntu systemd-udevd[409]: ens33: Could not apply link config, ignoring: File exists
4月 02 09:04:30 ubuntu mtp-probe[570]: checking bus 2, device 2: "/sys/devices/pci0000:00/0000:00:11.0/0000:02:00.0/usb2/2-1"
4月 02 09:04:30 ubuntu mtp-probe[570]: bus: 2, device: 2 was not an MTP device
4月 02 09:04:31 ubuntu systemd-udevd[402]: ethtool: autonegotiation is unset or enabled, the speed and duplex are not writable.
-- Reboot --
4月 02 09:10:25 ubuntu systemd[1]: Started udev Kernel Device Manager.
4月 02 09:10:26 ubuntu systemd-udevd[430]: Using default interface naming scheme 'v245'.
4月 02 09:10:26 ubuntu systemd-udevd[430]: ethtool: autonegotiation is unset or enabled, the speed and duplex are not writable.
4月 02 09:10:26 ubuntu systemd-udevd[430]: Could not set AlternativeName= or apply AlternativeNamesPolicy= on ens33: File exists
4月 02 09:10:26 ubuntu systemd-udevd[430]: ens33: Could not apply link config, ignoring: File exists
4月 02 09:10:26 ubuntu mtp-probe[526]: checking bus 2, device 2: "/sys/devices/pci0000:00/0000:00:11.0/0000:02:00.0/usb2/2-1"
4月 02 09:10:26 ubuntu mtp-probe[526]: bus: 2, device: 2 was not an MTP device
4月 02 09:10:26 ubuntu systemd-udevd[429]: ethtool: autonegotiation is unset or enabled, the speed and duplex are not writable.
-- Reboot --
4月 02 17:22:57 ubuntu systemd[1]: Started udev Kernel Device Manager.
4月 02 17:22:58 ubuntu systemd-udevd[441]: Using default interface naming scheme 'v245'.
4月 02 17:22:58 ubuntu systemd-udevd[441]: ethtool: autonegotiation is unset or enabled, the speed and duplex are not writable.
4月 02 17:22:58 ubuntu systemd-udevd[441]: Could not set AlternativeName= or apply AlternativeNamesPolicy= on ens33: File exists
4月 02 17:22:58 ubuntu systemd-udevd[441]: ens33: Could not apply link config, ignoring: File exists
4月 02 17:22:58 ubuntu mtp-probe[464]: checking bus 2, device 2: "/sys/devices/pci0000:00/0000:00:11.0/0000:02:00.0/usb2/2-1"
4月 02 17:22:58 ubuntu mtp-probe[464]: bus: 2, device: 2 was not an MTP device
4月 02 17:22:58 ubuntu systemd-udevd[423]: ethtool: autonegotiation is unset or enabled, the speed and duplex are not writable.
-- Reboot --
4月 02 17:51:27 ubuntu systemd[1]: Started udev Kernel Device Manager.
4月 02 17:51:27 ubuntu systemd-udevd[424]: Using default interface naming scheme 'v245'.
4月 02 17:51:27 ubuntu systemd-udevd[424]: ethtool: autonegotiation is unset or enabled, the speed and duplex are not writable.
4月 02 17:51:27 ubuntu systemd-udevd[424]: Could not set AlternativeName= or apply AlternativeNamesPolicy= on ens33: File exists
4月 02 17:51:27 ubuntu systemd-udevd[424]: ens33: Could not apply link config, ignoring: File exists
4月 02 17:51:27 ubuntu mtp-probe[537]: checking bus 2, device 2: "/sys/devices/pci0000:00/0000:00:11.0/0000:02:00.0/usb2/2-1"
4月 02 17:51:27 ubuntu mtp-probe[537]: bus: 2, device: 2 was not an MTP device
4月 02 17:51:27 ubuntu systemd-udevd[432]: ethtool: autonegotiation is unset or enabled, the speed and duplex are not writable.
-- Reboot --
4月 06 08:17:07 ubuntu systemd[1]: Started udev Kernel Device Manager.
4月 06 08:17:09 ubuntu systemd-udevd[425]: Using default interface naming scheme 'v245'.
4月 06 08:17:09 ubuntu systemd-udevd[425]: ethtool: autonegotiation is unset or enabled, the speed and duplex are not writable.
4月 06 08:17:09 ubuntu systemd-udevd[425]: Could not set AlternativeName= or apply AlternativeNamesPolicy= on ens33: File exists
4月 06 08:17:09 ubuntu systemd-udevd[425]: ens33: Could not apply link config, ignoring: File exists
4月 06 08:17:09 ubuntu mtp-probe[588]: checking bus 2, device 2: "/sys/devices/pci0000:00/0000:00:11.0/0000:02:00.0/usb2/2-1"
4月 06 08:17:09 ubuntu mtp-probe[588]: bus: 2, device: 2 was not an MTP device
4月 06 08:17:10 ubuntu systemd-udevd[419]: ethtool: autonegotiation is unset or enabled, the speed and duplex are not writable.
-- Reboot --
4月 13 08:09:35 ubuntu systemd[1]: Started udev Kernel Device Manager.
4月 13 08:09:35 ubuntu systemd-udevd[449]: Using default interface naming scheme 'v245'.
4月 13 08:09:35 ubuntu systemd-udevd[449]: ethtool: autonegotiation is unset or enabled, the speed and duplex are not writable.
4月 13 08:09:35 ubuntu systemd-udevd[449]: Could not set AlternativeName= or apply AlternativeNamesPolicy= on ens33: File exists
4月 13 08:09:35 ubuntu systemd-udevd[449]: ens33: Could not apply link config, ignoring: File exists
4月 13 08:09:35 ubuntu mtp-probe[467]: checking bus 2, device 2: "/sys/devices/pci0000:00/0000:00:11.0/0000:02:00.0/usb2/2-1"
4月 13 08:09:35 ubuntu mtp-probe[467]: bus: 2, device: 2 was not an MTP device
4月 13 08:09:36 ubuntu systemd-udevd[448]: ethtool: autonegotiation is unset or enabled, the speed and duplex are not writable.
-- Reboot --
4月 13 08:30:17 ubuntu systemd[1]: Started udev Kernel Device Manager.
4月 13 08:30:17 ubuntu systemd-udevd[444]: Using default interface naming scheme 'v245'.
4月 13 08:30:17 ubuntu systemd-udevd[444]: ethtool: autonegotiation is unset or enabled, the speed and duplex are not writable.
4月 13 08:30:17 ubuntu systemd-udevd[444]: Could not set AlternativeName= or apply AlternativeNamesPolicy= on ens33: File exists
4月 13 08:30:17 ubuntu systemd-udevd[444]: ens33: Could not apply link config, ignoring: File exists
4月 13 08:30:17 ubuntu mtp-probe[522]: checking bus 2, device 2: "/sys/devices/pci0000:00/0000:00:11.0/0000:02:00.0/usb2/2-1"
4月 13 08:30:17 ubuntu mtp-probe[522]: bus: 2, device: 2 was not an MTP device
4月 13 08:30:18 ubuntu systemd-udevd[448]: ethtool: autonegotiation is unset or enabled, the speed and duplex are not writable.
-- Reboot --
4月 13 10:23:22 ubuntu systemd[1]: Started udev Kernel Device Manager.
4月 13 10:23:25 ubuntu systemd-udevd[433]: Using default interface naming scheme 'v245'.
4月 13 10:23:25 ubuntu systemd-udevd[433]: ethtool: autonegotiation is unset or enabled, the speed and duplex are not writable.
4月 13 10:23:25 ubuntu systemd-udevd[433]: Could not set AlternativeName= or apply AlternativeNamesPolicy= on ens33: File exists
4月 13 10:23:25 ubuntu systemd-udevd[433]: ens33: Could not apply link config, ignoring: File exists
4月 13 10:23:26 ubuntu mtp-probe[566]: checking bus 2, device 2: "/sys/devices/pci0000:00/0000:00:11.0/0000:02:00.0/usb2/2-1"
4月 13 10:23:26 ubuntu mtp-probe[566]: bus: 2, device: 2 was not an MTP device
4月 13 10:23:27 ubuntu systemd-udevd[448]: ethtool: autonegotiation is unset or enabled, the speed and duplex are not writable.
-- Reboot --
4月 13 14:46:31 ubuntu systemd-udevd[430]: Using default interface naming scheme 'v245'.
4月 13 14:46:31 ubuntu systemd-udevd[430]: ethtool: autonegotiation is unset or enabled, the speed and duplex are not writable.
4月 13 14:46:31 ubuntu systemd-udevd[430]: Could not set AlternativeName= or apply AlternativeNamesPolicy= on ens33: File exists
4月 13 14:46:31 ubuntu systemd-udevd[430]: ens33: Could not apply link config, ignoring: File exists
4月 13 14:46:31 ubuntu mtp-probe[484]: checking bus 2, device 2: "/sys/devices/pci0000:00/0000:00:11.0/0000:02:00.0/usb2/2-1"
4月 13 14:46:31 ubuntu mtp-probe[484]: bus: 2, device: 2 was not an MTP device
4月 13 14:46:31 ubuntu systemd-udevd[430]: ethtool: autonegotiation is unset or enabled, the speed and duplex are not writable.
-- Reboot --
4月 15 10:16:57 ubuntu systemd[1]: Started udev Kernel Device Manager.
4月 15 10:16:58 ubuntu systemd-udevd[438]: Using default interface naming scheme 'v245'.
4月 15 10:16:58 ubuntu systemd-udevd[438]: ethtool: autonegotiation is unset or enabled, the speed and duplex are not writable.
4月 15 10:16:58 ubuntu systemd-udevd[438]: Could not set AlternativeName= or apply AlternativeNamesPolicy= on ens33: File exists
4月 15 10:16:58 ubuntu systemd-udevd[438]: ens33: Could not apply link config, ignoring: File exists
4月 15 10:16:58 ubuntu mtp-probe[481]: checking bus 2, device 2: "/sys/devices/pci0000:00/0000:00:11.0/0000:02:00.0/usb2/2-1"
4月 15 10:16:58 ubuntu mtp-probe[481]: bus: 2, device: 2 was not an MTP device
4月 15 10:16:58 ubuntu systemd-udevd[435]: ethtool: autonegotiation is unset or enabled, the speed and duplex are not writable.
-- Reboot --
4月 20 08:14:38 ubuntu systemd-udevd[408]: Using default interface naming scheme 'v245'.
4月 20 08:14:38 ubuntu systemd-udevd[408]: ethtool: autonegotiation is unset or enabled, the speed and duplex are not writable.
4月 20 08:14:38 ubuntu systemd-udevd[408]: Could not set AlternativeName= or apply AlternativeNamesPolicy= on ens33: File exists
4月 20 08:14:38 ubuntu systemd-udevd[408]: ens33: Could not apply link config, ignoring: File exists
4月 20 08:14:38 ubuntu mtp-probe[540]: checking bus 2, device 2: "/sys/devices/pci0000:00/0000:00:11.0/0000:02:00.0/usb2/2-1"
4月 20 08:14:38 ubuntu mtp-probe[540]: bus: 2, device: 2 was not an MTP device
4月 20 08:14:39 ubuntu systemd-udevd[419]: ethtool: autonegotiation is unset or enabled, the speed and duplex are not writable.
-- Reboot --
4月 20 08:23:03 ubuntu systemd[1]: Started udev Kernel Device Manager.
4月 20 08:23:03 ubuntu systemd-udevd[434]: Using default interface naming scheme 'v245'.
4月 20 08:23:03 ubuntu mtp-probe[496]: checking bus 2, device 2: "/sys/devices/pci0000:00/0000:00:11.0/0000:02:00.0/usb2/2-1"
4月 20 08:23:03 ubuntu mtp-probe[496]: bus: 2, device: 2 was not an MTP device
4月 20 08:23:03 ubuntu systemd-udevd[434]: ethtool: autonegotiation is unset or enabled, the speed and duplex are not writable.
4月 20 08:23:03 ubuntu systemd-udevd[434]: Could not set AlternativeName= or apply AlternativeNamesPolicy= on ens33: File exists
4月 20 08:23:03 ubuntu systemd-udevd[434]: ens33: Could not apply link config, ignoring: File exists
4月 20 08:23:03 ubuntu systemd-udevd[431]: ethtool: autonegotiation is unset or enabled, the speed and duplex are not writable.
-- Reboot --
4月 27 08:18:13 ubuntu systemd-udevd[451]: Using default interface naming scheme 'v245'.
4月 27 08:18:13 ubuntu systemd-udevd[451]: ethtool: autonegotiation is unset or enabled, the speed and duplex are not writable.
4月 27 08:18:13 ubuntu systemd-udevd[451]: Could not set AlternativeName= or apply AlternativeNamesPolicy= on ens33: File exists
4月 27 08:18:13 ubuntu systemd-udevd[451]: ens33: Could not apply link config, ignoring: File exists
4月 27 08:18:13 ubuntu mtp-probe[488]: checking bus 2, device 2: "/sys/devices/pci0000:00/0000:00:11.0/0000:02:00.0/usb2/2-1"
4月 27 08:18:13 ubuntu mtp-probe[488]: bus: 2, device: 2 was not an MTP device
4月 27 08:18:14 ubuntu systemd-udevd[425]: ethtool: autonegotiation is unset or enabled, the speed and duplex are not writable.
-- Reboot --
4月 27 11:06:59 ubuntu systemd[1]: Started udev Kernel Device Manager.
4月 27 11:07:01 ubuntu systemd-udevd[440]: Using default interface naming scheme 'v245'.
4月 27 11:07:01 ubuntu systemd-udevd[440]: ethtool: autonegotiation is unset or enabled, the speed and duplex are not writable.
4月 27 11:07:01 ubuntu systemd-udevd[440]: Could not set AlternativeName= or apply AlternativeNamesPolicy= on ens33: File exists
4月 27 11:07:01 ubuntu systemd-udevd[440]: ens33: Could not apply link config, ignoring: File exists
4月 27 11:07:01 ubuntu mtp-probe[558]: checking bus 2, device 2: "/sys/devices/pci0000:00/0000:00:11.0/0000:02:00.0/usb2/2-1"
4月 27 11:07:01 ubuntu mtp-probe[558]: bus: 2, device: 2 was not an MTP device
4月 27 11:07:02 ubuntu systemd-udevd[422]: ethtool: autonegotiation is unset or enabled, the speed and duplex are not writable.
-- Reboot --
4月 27 14:11:28 ubuntu systemd[1]: Started udev Kernel Device Manager.
4月 27 14:11:29 ubuntu systemd-udevd[420]: Using default interface naming scheme 'v245'.
4月 27 14:11:29 ubuntu systemd-udevd[420]: ethtool: autonegotiation is unset or enabled, the speed and duplex are not writable.
4月 27 14:11:29 ubuntu systemd-udevd[420]: Could not set AlternativeName= or apply AlternativeNamesPolicy= on ens33: File exists
4月 27 14:11:29 ubuntu systemd-udevd[420]: ens33: Could not apply link config, ignoring: File exists
4月 27 14:11:29 ubuntu mtp-probe[559]: checking bus 2, device 2: "/sys/devices/pci0000:00/0000:00:11.0/0000:02:00.0/usb2/2-1"
4月 27 14:11:29 ubuntu mtp-probe[559]: bus: 2, device: 2 was not an MTP device
4月 27 14:11:29 ubuntu systemd-udevd[435]: ethtool: autonegotiation is unset or enabled, the speed and duplex are not writable.
-- Reboot --
4月 27 15:05:16 ubuntu systemd[1]: Started udev Kernel Device Manager.
4月 27 15:05:17 ubuntu systemd-udevd[406]: Using default interface naming scheme 'v245'.
4月 27 15:05:17 ubuntu systemd-udevd[406]: ethtool: autonegotiation is unset or enabled, the speed and duplex are not writable.
4月 27 15:05:17 ubuntu mtp-probe[482]: checking bus 2, device 2: "/sys/devices/pci0000:00/0000:00:11.0/0000:02:00.0/usb2/2-1"
4月 27 15:05:17 ubuntu systemd-udevd[406]: Could not set AlternativeName= or apply AlternativeNamesPolicy= on ens33: File exists
4月 27 15:05:17 ubuntu systemd-udevd[406]: ens33: Could not apply link config, ignoring: File exists
4月 27 15:05:17 ubuntu mtp-probe[482]: bus: 2, device: 2 was not an MTP device
4月 27 15:05:17 ubuntu systemd-udevd[409]: ethtool: autonegotiation is unset or enabled, the speed and duplex are not writable.
-- Reboot --
4月 28 21:00:38 ubuntu systemd-udevd[451]: Using default interface naming scheme 'v245'.
4月 28 21:00:38 ubuntu systemd-udevd[451]: ethtool: autonegotiation is unset or enabled, the speed and duplex are not writable.
4月 28 21:00:38 ubuntu systemd-udevd[451]: Could not set AlternativeName= or apply AlternativeNamesPolicy= on ens33: File exists
4月 28 21:00:38 ubuntu systemd-udevd[451]: ens33: Could not apply link config, ignoring: File exists
4月 28 21:00:38 ubuntu mtp-probe[572]: checking bus 2, device 2: "/sys/devices/pci0000:00/0000:00:11.0/0000:02:00.0/usb2/2-1"
4月 28 21:00:38 ubuntu mtp-probe[572]: bus: 2, device: 2 was not an MTP device
4月 28 21:00:39 ubuntu systemd-udevd[458]: ethtool: autonegotiation is unset or enabled, the speed and duplex are not writable.
-- Reboot --
5月 06 10:06:10 ubuntu systemd[1]: Started udev Kernel Device Manager.
5月 06 10:06:12 ubuntu systemd-udevd[429]: Using default interface naming scheme 'v245'.
5月 06 10:06:12 ubuntu systemd-udevd[429]: ethtool: autonegotiation is unset or enabled, the speed and duplex are not writable.
5月 06 10:06:12 ubuntu systemd-udevd[429]: Could not set AlternativeName= or apply AlternativeNamesPolicy= on ens33: File exists
5月 06 10:06:12 ubuntu systemd-udevd[429]: ens33: Could not apply link config, ignoring: File exists
5月 06 10:06:13 ubuntu mtp-probe[582]: checking bus 2, device 2: "/sys/devices/pci0000:00/0000:00:11.0/0000:02:00.0/usb2/2-1"
5月 06 10:06:13 ubuntu mtp-probe[582]: bus: 2, device: 2 was not an MTP device
5月 06 10:06:13 ubuntu systemd-udevd[418]: ethtool: autonegotiation is unset or enabled, the speed and duplex are not writable.
5月 06 10:16:33 ubuntu systemd[1]: Stopping udev Kernel Device Manager...
5月 06 10:16:33 ubuntu systemd[1]: systemd-udevd.service: Succeeded.
5月 06 10:16:33 ubuntu systemd[1]: Stopped udev Kernel Device Manager.
5月 06 10:16:33 ubuntu systemd[1]: Starting udev Kernel Device Manager...
5月 06 10:16:33 ubuntu systemd[1]: Started udev Kernel Device Manager.
-- Reboot --
5月 06 10:17:36 ubuntu systemd[1]: Started udev Kernel Device Manager.
5月 06 10:17:37 ubuntu systemd-udevd[405]: Using default interface naming scheme 'v245'.
5月 06 10:17:37 ubuntu systemd-udevd[405]: ethtool: autonegotiation is unset or enabled, the speed and duplex are not writable.
5月 06 10:17:37 ubuntu systemd-udevd[405]: Could not set AlternativeName= or apply AlternativeNamesPolicy= on ens33: File exists
5月 06 10:17:37 ubuntu systemd-udevd[405]: ens33: Could not apply link config, ignoring: File exists
5月 06 10:17:37 ubuntu mtp-probe[485]: checking bus 2, device 2: "/sys/devices/pci0000:00/0000:00:11.0/0000:02:00.0/usb2/2-1"
5月 06 10:17:37 ubuntu mtp-probe[485]: bus: 2, device: 2 was not an MTP device
5月 06 10:17:37 ubuntu systemd-udevd[425]: ethtool: autonegotiation is unset or enabled, the speed and duplex are not writable.
-- Reboot --
5月 07 08:13:40 ubuntu systemd[1]: Started udev Kernel Device Manager.
5月 07 08:13:41 ubuntu systemd-udevd[422]: Using default interface naming scheme 'v245'.
5月 07 08:13:41 ubuntu systemd-udevd[422]: ethtool: autonegotiation is unset or enabled, the speed and duplex are not writable.
5月 07 08:13:41 ubuntu systemd-udevd[422]: Could not set AlternativeName= or apply AlternativeNamesPolicy= on ens33: File exists
5月 07 08:13:41 ubuntu systemd-udevd[422]: ens33: Could not apply link config, ignoring: File exists
5月 07 08:13:41 ubuntu mtp-probe[508]: checking bus 2, device 2: "/sys/devices/pci0000:00/0000:00:11.0/0000:02:00.0/usb2/2-1"
5月 07 08:13:41 ubuntu mtp-probe[508]: bus: 2, device: 2 was not an MTP device
5月 07 08:13:41 ubuntu systemd-udevd[422]: ethtool: autonegotiation is unset or enabled, the speed and duplex are not writable.
-- Reboot --
5月 08 14:53:42 ubuntu systemd[1]: Started udev Kernel Device Manager.
5月 08 14:53:43 ubuntu systemd-udevd[416]: Using default interface naming scheme 'v245'.
5月 08 14:53:43 ubuntu systemd-udevd[416]: ethtool: autonegotiation is unset or enabled, the speed and duplex are not writable.
5月 08 14:53:43 ubuntu systemd-udevd[416]: Could not set AlternativeName= or apply AlternativeNamesPolicy= on ens33: File exists
5月 08 14:53:43 ubuntu systemd-udevd[416]: ens33: Could not apply link config, ignoring: File exists
5月 08 14:53:43 ubuntu mtp-probe[488]: checking bus 2, device 2: "/sys/devices/pci0000:00/0000:00:11.0/0000:02:00.0/usb2/2-1"
5月 08 14:53:43 ubuntu mtp-probe[488]: bus: 2, device: 2 was not an MTP device
5月 08 14:53:43 ubuntu systemd-udevd[428]: ethtool: autonegotiation is unset or enabled, the speed and duplex are not writable.
-- Reboot --
5月 08 15:54:02 ubuntu systemd-udevd[448]: Using default interface naming scheme 'v245'.
5月 08 15:54:02 ubuntu systemd-udevd[448]: ethtool: autonegotiation is unset or enabled, the speed and duplex are not writable.
5月 08 15:54:02 ubuntu systemd-udevd[448]: Could not set AlternativeName= or apply AlternativeNamesPolicy= on ens33: File exists
5月 08 15:54:02 ubuntu systemd-udevd[448]: ens33: Could not apply link config, ignoring: File exists
5月 08 15:54:02 ubuntu mtp-probe[493]: checking bus 2, device 2: "/sys/devices/pci0000:00/0000:00:11.0/0000:02:00.0/usb2/2-1"
5月 08 15:54:02 ubuntu mtp-probe[493]: bus: 2, device: 2 was not an MTP device
5月 08 15:54:03 ubuntu systemd-udevd[434]: ethtool: autonegotiation is unset or enabled, the speed and duplex are not writable.
-- Reboot --
5月 08 16:27:09 ubuntu systemd-udevd[402]: Using default interface naming scheme 'v245'.
5月 08 16:27:09 ubuntu systemd-udevd[402]: ethtool: autonegotiation is unset or enabled, the speed and duplex are not writable.
5月 08 16:27:09 ubuntu systemd-udevd[402]: Could not set AlternativeName= or apply AlternativeNamesPolicy= on ens33: File exists
5月 08 16:27:09 ubuntu systemd-udevd[402]: ens33: Could not apply link config, ignoring: File exists
5月 08 16:27:09 ubuntu mtp-probe[485]: checking bus 2, device 2: "/sys/devices/pci0000:00/0000:00:11.0/0000:02:00.0/usb2/2-1"
5月 08 16:27:09 ubuntu mtp-probe[485]: bus: 2, device: 2 was not an MTP device
5月 08 16:27:09 ubuntu systemd-udevd[419]: ethtool: autonegotiation is unset or enabled, the speed and duplex are not writable.
-- Reboot --
5月 14 20:51:40 ubuntu systemd[1]: Started udev Kernel Device Manager.
5月 14 20:51:41 ubuntu systemd-udevd[423]: Using default interface naming scheme 'v245'.
5月 14 20:51:41 ubuntu systemd-udevd[423]: ethtool: autonegotiation is unset or enabled, the speed and duplex are not writable.
5月 14 20:51:41 ubuntu systemd-udevd[423]: Could not set AlternativeName= or apply AlternativeNamesPolicy= on ens33: File exists
5月 14 20:51:41 ubuntu systemd-udevd[423]: ens33: Could not apply link config, ignoring: File exists
5月 14 20:51:41 ubuntu mtp-probe[523]: checking bus 2, device 2: "/sys/devices/pci0000:00/0000:00:11.0/0000:02:00.0/usb2/2-1"
5月 14 20:51:41 ubuntu mtp-probe[523]: bus: 2, device: 2 was not an MTP device
5月 14 20:51:41 ubuntu systemd-udevd[435]: ethtool: autonegotiation is unset or enabled, the speed and duplex are not writable.
-- Reboot --
5月 15 00:06:10 ubuntu systemd[1]: Started udev Kernel Device Manager.
5月 15 00:06:11 ubuntu systemd-udevd[426]: Using default interface naming scheme 'v245'.
5月 15 00:06:11 ubuntu systemd-udevd[426]: ethtool: autonegotiation is unset or enabled, the speed and duplex are not writable.
5月 15 00:06:11 ubuntu systemd-udevd[426]: Could not set AlternativeName= or apply AlternativeNamesPolicy= on ens33: File exists
5月 15 00:06:11 ubuntu systemd-udevd[426]: ens33: Could not apply link config, ignoring: File exists
5月 15 00:06:11 ubuntu mtp-probe[492]: checking bus 2, device 2: "/sys/devices/pci0000:00/0000:00:11.0/0000:02:00.0/usb2/2-1"
5月 15 00:06:11 ubuntu mtp-probe[492]: bus: 2, device: 2 was not an MTP device
5月 15 00:06:11 ubuntu systemd-udevd[439]: ethtool: autonegotiation is unset or enabled, the speed and duplex are not writable.
-- Reboot --
5月 15 00:15:03 ubuntu systemd[1]: Started udev Kernel Device Manager.
5月 15 00:15:03 ubuntu systemd-udevd[454]: Using default interface naming scheme 'v245'.
5月 15 00:15:03 ubuntu systemd-udevd[454]: ethtool: autonegotiation is unset or enabled, the speed and duplex are not writable.
5月 15 00:15:03 ubuntu systemd-udevd[454]: Could not set AlternativeName= or apply AlternativeNamesPolicy= on ens33: File exists
5月 15 00:15:03 ubuntu systemd-udevd[454]: ens33: Could not apply link config, ignoring: File exists
5月 15 00:15:04 ubuntu mtp-probe[524]: checking bus 2, device 2: "/sys/devices/pci0000:00/0000:00:11.0/0000:02:00.0/usb2/2-1"
5月 15 00:15:04 ubuntu mtp-probe[524]: bus: 2, device: 2 was not an MTP device
5月 15 00:15:04 ubuntu systemd-udevd[440]: ethtool: autonegotiation is unset or enabled, the speed and duplex are not writable.
-- Reboot --
5月 15 10:43:37 ubuntu systemd[1]: Started udev Kernel Device Manager.
5月 15 10:43:38 ubuntu systemd-udevd[433]: Using default interface naming scheme 'v245'.
5月 15 10:43:38 ubuntu systemd-udevd[433]: ethtool: autonegotiation is unset or enabled, the speed and duplex are not writable.
5月 15 10:43:38 ubuntu systemd-udevd[433]: Could not set AlternativeName= or apply AlternativeNamesPolicy= on ens33: File exists
5月 15 10:43:38 ubuntu systemd-udevd[433]: ens33: Could not apply link config, ignoring: File exists
5月 15 10:43:38 ubuntu mtp-probe[538]: checking bus 2, device 2: "/sys/devices/pci0000:00/0000:00:11.0/0000:02:00.0/usb2/2-1"
5月 15 10:43:38 ubuntu mtp-probe[538]: bus: 2, device: 2 was not an MTP device
5月 15 10:43:38 ubuntu systemd-udevd[442]: ethtool: autonegotiation is unset or enabled, the speed and duplex are not writable.
-- Reboot --
5月 15 15:15:38 ubuntu systemd[1]: Started udev Kernel Device Manager.
5月 15 15:15:39 ubuntu systemd-udevd[416]: Using default interface naming scheme 'v245'.
5月 15 15:15:39 ubuntu systemd-udevd[416]: ethtool: autonegotiation is unset or enabled, the speed and duplex are not writable.
5月 15 15:15:39 ubuntu systemd-udevd[416]: Could not set AlternativeName= or apply AlternativeNamesPolicy= on ens33: File exists
5月 15 15:15:39 ubuntu systemd-udevd[416]: ens33: Could not apply link config, ignoring: File exists
5月 15 15:15:39 ubuntu mtp-probe[489]: checking bus 2, device 2: "/sys/devices/pci0000:00/0000:00:11.0/0000:02:00.0/usb2/2-1"
5月 15 15:15:39 ubuntu mtp-probe[489]: bus: 2, device: 2 was not an MTP device
5月 15 15:15:39 ubuntu systemd-udevd[412]: ethtool: autonegotiation is unset or enabled, the speed and duplex are not writable.
-- Reboot --
5月 15 16:28:24 ubuntu systemd[1]: Started udev Kernel Device Manager.
5月 15 16:28:24 ubuntu systemd-udevd[444]: Using default interface naming scheme 'v245'.
5月 15 16:28:24 ubuntu systemd-udevd[444]: ethtool: autonegotiation is unset or enabled, the speed and duplex are not writable.
5月 15 16:28:24 ubuntu systemd-udevd[444]: Could not set AlternativeName= or apply AlternativeNamesPolicy= on ens33: File exists
5月 15 16:28:24 ubuntu systemd-udevd[444]: ens33: Could not apply link config, ignoring: File exists
5月 15 16:28:25 ubuntu mtp-probe[494]: checking bus 2, device 2: "/sys/devices/pci0000:00/0000:00:11.0/0000:02:00.0/usb2/2-1"
5月 15 16:28:25 ubuntu mtp-probe[494]: bus: 2, device: 2 was not an MTP device
5月 15 16:28:25 ubuntu systemd-udevd[456]: ethtool: autonegotiation is unset or enabled, the speed and duplex are not writable.
-- Reboot --
5月 15 21:27:11 ubuntu systemd-udevd[451]: Using default interface naming scheme 'v245'.
5月 15 21:27:12 ubuntu systemd-udevd[451]: ethtool: autonegotiation is unset or enabled, the speed and duplex are not writable.
5月 15 21:27:12 ubuntu systemd-udevd[451]: Could not set AlternativeName= or apply AlternativeNamesPolicy= on ens33: File exists
5月 15 21:27:12 ubuntu systemd-udevd[451]: ens33: Could not apply link config, ignoring: File exists
5月 15 21:27:12 ubuntu mtp-probe[502]: checking bus 2, device 2: "/sys/devices/pci0000:00/0000:00:11.0/0000:02:00.0/usb2/2-1"
5月 15 21:27:12 ubuntu mtp-probe[502]: bus: 2, device: 2 was not an MTP device
5月 15 21:27:12 ubuntu systemd-udevd[411]: ethtool: autonegotiation is unset or enabled, the speed and duplex are not writable.
-- Reboot --
5月 31 15:28:42 ubuntu systemd[1]: Started udev Kernel Device Manager.
5月 31 15:28:43 ubuntu systemd-udevd[445]: Using default interface naming scheme 'v245'.
5月 31 15:28:43 ubuntu systemd-udevd[445]: ethtool: autonegotiation is unset or enabled, the speed and duplex are not writable.
5月 31 15:28:43 ubuntu systemd-udevd[445]: Could not set AlternativeName= or apply AlternativeNamesPolicy= on ens33: File exists
5月 31 15:28:43 ubuntu systemd-udevd[445]: ens33: Could not apply link config, ignoring: File exists
5月 31 15:28:43 ubuntu mtp-probe[511]: checking bus 2, device 2: "/sys/devices/pci0000:00/0000:00:11.0/0000:02:00.0/usb2/2-1"
5月 31 15:28:43 ubuntu mtp-probe[511]: bus: 2, device: 2 was not an MTP device
5月 31 15:28:43 ubuntu systemd-udevd[437]: ethtool: autonegotiation is unset or enabled, the speed and duplex are not writable.
-- Reboot --
5月 31 16:19:51 ubuntu systemd[1]: Started udev Kernel Device Manager.
5月 31 16:19:52 ubuntu systemd-udevd[430]: Using default interface naming scheme 'v245'.
5月 31 16:19:52 ubuntu systemd-udevd[430]: ethtool: autonegotiation is unset or enabled, the speed and duplex are not writable.
5月 31 16:19:52 ubuntu systemd-udevd[430]: Could not set AlternativeName= or apply AlternativeNamesPolicy= on ens33: File exists
5月 31 16:19:52 ubuntu systemd-udevd[430]: ens33: Could not apply link config, ignoring: File exists
5月 31 16:19:52 ubuntu mtp-probe[550]: checking bus 2, device 2: "/sys/devices/pci0000:00/0000:00:11.0/0000:02:00.0/usb2/2-1"
5月 31 16:19:52 ubuntu mtp-probe[550]: bus: 2, device: 2 was not an MTP device
5月 31 16:19:52 ubuntu systemd-udevd[414]: ethtool: autonegotiation is unset or enabled, the speed and duplex are not writable.
-- Reboot --
5月 31 21:00:52 ubuntu systemd[1]: Started udev Kernel Device Manager.
5月 31 21:00:52 ubuntu systemd-udevd[417]: Using default interface naming scheme 'v245'.
5月 31 21:00:52 ubuntu systemd-udevd[417]: ethtool: autonegotiation is unset or enabled, the speed and duplex are not writable.
5月 31 21:00:52 ubuntu systemd-udevd[417]: Could not set AlternativeName= or apply AlternativeNamesPolicy= on ens33: File exists
5月 31 21:00:52 ubuntu systemd-udevd[417]: ens33: Could not apply link config, ignoring: File exists
5月 31 21:00:52 ubuntu mtp-probe[530]: checking bus 2, device 2: "/sys/devices/pci0000:00/0000:00:11.0/0000:02:00.0/usb2/2-1"
5月 31 21:00:52 ubuntu mtp-probe[530]: bus: 2, device: 2 was not an MTP device
5月 31 21:00:53 ubuntu systemd-udevd[435]: ethtool: autonegotiation is unset or enabled, the speed and duplex are not writable.
-- Reboot --
6月 01 23:20:09 ubuntu systemd-udevd[451]: Using default interface naming scheme 'v245'.
6月 01 23:20:09 ubuntu systemd-udevd[451]: ethtool: autonegotiation is unset or enabled, the speed and duplex are not writable.
6月 01 23:20:09 ubuntu systemd-udevd[451]: Could not set AlternativeName= or apply AlternativeNamesPolicy= on ens33: File exists
6月 01 23:20:09 ubuntu systemd-udevd[451]: ens33: Could not apply link config, ignoring: File exists
6月 01 23:20:09 ubuntu mtp-probe[564]: checking bus 2, device 2: "/sys/devices/pci0000:00/0000:00:11.0/0000:02:00.0/usb2/2-1"
6月 01 23:20:09 ubuntu mtp-probe[564]: bus: 2, device: 2 was not an MTP device
6月 01 23:20:11 ubuntu systemd-udevd[435]: ethtool: autonegotiation is unset or enabled, the speed and duplex are not writable.
-- Reboot --
6月 06 14:12:25 ubuntu systemd[1]: Started udev Kernel Device Manager.
6月 06 14:12:27 ubuntu systemd-udevd[447]: Using default interface naming scheme 'v245'.
6月 06 14:12:27 ubuntu systemd-udevd[447]: ethtool: autonegotiation is unset or enabled, the speed and duplex are not writable.
6月 06 14:12:27 ubuntu systemd-udevd[447]: Could not set AlternativeName= or apply AlternativeNamesPolicy= on ens33: File exists
6月 06 14:12:27 ubuntu systemd-udevd[447]: ens33: Could not apply link config, ignoring: File exists
6月 06 14:12:27 ubuntu mtp-probe[573]: checking bus 2, device 2: "/sys/devices/pci0000:00/0000:00:11.0/0000:02:00.0/usb2/2-1"
6月 06 14:12:27 ubuntu mtp-probe[573]: bus: 2, device: 2 was not an MTP device
6月 06 14:12:28 ubuntu systemd-udevd[448]: ethtool: autonegotiation is unset or enabled, the speed and duplex are not writable.
-- Reboot --
6月 06 15:39:19 ubuntu systemd[1]: Started udev Kernel Device Manager.
6月 06 15:39:22 ubuntu systemd-udevd[430]: Using default interface naming scheme 'v245'.
6月 06 15:39:22 ubuntu systemd-udevd[430]: ethtool: autonegotiation is unset or enabled, the speed and duplex are not writable.
6月 06 15:39:22 ubuntu systemd-udevd[430]: Could not set AlternativeName= or apply AlternativeNamesPolicy= on ens33: File exists
6月 06 15:39:22 ubuntu systemd-udevd[430]: ens33: Could not apply link config, ignoring: File exists
6月 06 15:39:22 ubuntu mtp-probe[591]: checking bus 2, device 2: "/sys/devices/pci0000:00/0000:00:11.0/0000:02:00.0/usb2/2-1"
6月 06 15:39:22 ubuntu mtp-probe[591]: bus: 2, device: 2 was not an MTP device
6月 06 15:39:23 ubuntu systemd-udevd[428]: ethtool: autonegotiation is unset or enabled, the speed and duplex are not writable.
-- Reboot --
6月 06 15:43:57 ubuntu systemd-udevd[409]: Using default interface naming scheme 'v245'.
6月 06 15:43:58 ubuntu systemd-udevd[409]: ethtool: autonegotiation is unset or enabled, the speed and duplex are not writable.
6月 06 15:43:58 ubuntu systemd-udevd[409]: Could not set AlternativeName= or apply AlternativeNamesPolicy= on ens33: File exists
6月 06 15:43:58 ubuntu systemd-udevd[409]: ens33: Could not apply link config, ignoring: File exists
6月 06 15:43:58 ubuntu mtp-probe[537]: checking bus 2, device 2: "/sys/devices/pci0000:00/0000:00:11.0/0000:02:00.0/usb2/2-1"
6月 06 15:43:58 ubuntu mtp-probe[537]: bus: 2, device: 2 was not an MTP device
6月 06 15:43:59 ubuntu systemd-udevd[420]: ethtool: autonegotiation is unset or enabled, the speed and duplex are not writable.
-- Reboot --
6月 15 14:08:41 ubuntu systemd[1]: Started udev Kernel Device Manager.
6月 15 14:08:43 ubuntu systemd-udevd[420]: Using default interface naming scheme 'v245'.
6月 15 14:08:43 ubuntu systemd-udevd[420]: ethtool: autonegotiation is unset or enabled, the speed and duplex are not writable.
6月 15 14:08:43 ubuntu systemd-udevd[420]: Could not set AlternativeName= or apply AlternativeNamesPolicy= on ens33: File exists
6月 15 14:08:43 ubuntu systemd-udevd[420]: ens33: Could not apply link config, ignoring: File exists
6月 15 14:08:43 ubuntu mtp-probe[564]: checking bus 2, device 2: "/sys/devices/pci0000:00/0000:00:11.0/0000:02:00.0/usb2/2-1"
6月 15 14:08:43 ubuntu mtp-probe[564]: bus: 2, device: 2 was not an MTP device
6月 15 14:08:44 ubuntu systemd-udevd[434]: ethtool: autonegotiation is unset or enabled, the speed and duplex are not writable.
6月 15 14:17:32 ubuntu systemd-udevd[2179]: Using default interface naming scheme 'v245'.
6月 15 14:17:34 ubuntu systemd-udevd[2274]: Using default interface naming scheme 'v245'.
-- Reboot --
6月 16 14:48:26 ubuntu systemd-udevd[422]: Using default interface naming scheme 'v245'.
6月 16 14:48:26 ubuntu systemd-udevd[422]: ethtool: autonegotiation is unset or enabled, the speed and duplex are not writable.
6月 16 14:48:26 ubuntu systemd-udevd[422]: Could not set AlternativeName= or apply AlternativeNamesPolicy= on ens33: File exists
6月 16 14:48:26 ubuntu systemd-udevd[422]: ens33: Could not apply link config, ignoring: File exists
6月 16 14:48:26 ubuntu mtp-probe[500]: checking bus 2, device 2: "/sys/devices/pci0000:00/0000:00:11.0/0000:02:00.0/usb2/2-1"
6月 16 14:48:26 ubuntu mtp-probe[500]: bus: 2, device: 2 was not an MTP device
6月 16 14:48:26 ubuntu systemd-udevd[422]: ethtool: autonegotiation is unset or enabled, the speed and duplex are not writable.
-- Reboot --
2月 25 16:36:11 ubuntu systemd[1]: Started udev Kernel Device Manager.
2月 25 16:36:12 ubuntu systemd-udevd[445]: Using default interface naming scheme 'v245'.
2月 25 16:36:12 ubuntu systemd-udevd[445]: ethtool: autonegotiation is unset or enabled, the speed and duplex are not writable.
2月 25 16:36:12 ubuntu systemd-udevd[445]: Could not set AlternativeName= or apply AlternativeNamesPolicy= on ens33: File exists
2月 25 16:36:12 ubuntu systemd-udevd[445]: ens33: Could not apply link config, ignoring: File exists
2月 25 16:36:12 ubuntu mtp-probe[481]: checking bus 2, device 2: "/sys/devices/pci0000:00/0000:00:11.0/0000:02:00.0/usb2/2-1"
2月 25 16:36:12 ubuntu mtp-probe[481]: bus: 2, device: 2 was not an MTP device
2月 25 16:36:12 ubuntu systemd-udevd[434]: ethtool: autonegotiation is unset or enabled, the speed and duplex are not writable.
-- Reboot --
3月 27 17:52:45 ubuntu systemd[1]: Started udev Kernel Device Manager.
3月 27 17:52:46 ubuntu systemd-udevd[449]: Using default interface naming scheme 'v245'.
3月 27 17:52:46 ubuntu systemd-udevd[449]: ethtool: autonegotiation is unset or enabled, the speed and duplex are not writable.
3月 27 17:52:46 ubuntu systemd-udevd[449]: Could not set AlternativeName= or apply AlternativeNamesPolicy= on ens33: File exists
3月 27 17:52:46 ubuntu systemd-udevd[449]: ens33: Could not apply link config, ignoring: File exists
3月 27 17:52:46 ubuntu mtp-probe[485]: checking bus 2, device 2: "/sys/devices/pci0000:00/0000:00:11.0/0000:02:00.0/usb2/2-1"
3月 27 17:52:46 ubuntu mtp-probe[485]: bus: 2, device: 2 was not an MTP device
3月 27 17:52:46 ubuntu systemd-udevd[454]: ethtool: autonegotiation is unset or enabled, the speed and duplex are not writable.
-- Reboot --
3月 30 14:05:39 ubuntu systemd[1]: Started udev Kernel Device Manager.
3月 30 14:05:40 ubuntu systemd-udevd[435]: Using default interface naming scheme 'v245'.
3月 30 14:05:40 ubuntu systemd-udevd[435]: ethtool: autonegotiation is unset or enabled, the speed and duplex are not writable.
3月 30 14:05:40 ubuntu systemd-udevd[435]: Could not set AlternativeName= or apply AlternativeNamesPolicy= on ens33: File exists
3月 30 14:05:40 ubuntu systemd-udevd[435]: ens33: Could not apply link config, ignoring: File exists
3月 30 14:05:40 ubuntu mtp-probe[486]: checking bus 2, device 2: "/sys/devices/pci0000:00/0000:00:11.0/0000:02:00.0/usb2/2-1"
3月 30 14:05:40 ubuntu mtp-probe[486]: bus: 2, device: 2 was not an MTP device
3月 30 14:05:40 ubuntu systemd-udevd[444]: ethtool: autonegotiation is unset or enabled, the speed and duplex are not writable.
3月 30 14:43:19 ubuntu systemd-udevd[11022]: Using default interface naming scheme 'v245'.
-- Reboot --
3月 30 14:44:31 ubuntu systemd[1]: Started udev Kernel Device Manager.
3月 30 14:44:31 ubuntu systemd-udevd[413]: Using default interface naming scheme 'v245'.
3月 30 14:44:31 ubuntu systemd-udevd[413]: ethtool: autonegotiation is unset or enabled, the speed and duplex are not writable.
3月 30 14:44:31 ubuntu systemd-udevd[413]: Could not set AlternativeName= or apply AlternativeNamesPolicy= on ens33: File exists
3月 30 14:44:31 ubuntu systemd-udevd[413]: ens33: Could not apply link config, ignoring: File exists
3月 30 14:44:31 ubuntu mtp-probe[484]: checking bus 2, device 2: "/sys/devices/pci0000:00/0000:00:11.0/0000:02:00.0/usb2/2-1"
3月 30 14:44:31 ubuntu mtp-probe[484]: bus: 2, device: 2 was not an MTP device
3月 30 14:44:31 ubuntu systemd-udevd[413]: ethtool: autonegotiation is unset or enabled, the speed and duplex are not writable.
-- Reboot --
3月 30 15:12:17 ubuntu systemd[1]: Started udev Kernel Device Manager.
3月 30 15:12:18 ubuntu systemd-udevd[447]: Using default interface naming scheme 'v245'.
3月 30 15:12:18 ubuntu systemd-udevd[447]: ethtool: autonegotiation is unset or enabled, the speed and duplex are not writable.
3月 30 15:12:18 ubuntu systemd-udevd[447]: Could not set AlternativeName= or apply AlternativeNamesPolicy= on ens33: File exists
3月 30 15:12:18 ubuntu systemd-udevd[447]: ens33: Could not apply link config, ignoring: File exists
3月 30 15:12:18 ubuntu mtp-probe[490]: checking bus 2, device 2: "/sys/devices/pci0000:00/0000:00:11.0/0000:02:00.0/usb2/2-1"
3月 30 15:12:18 ubuntu mtp-probe[490]: bus: 2, device: 2 was not an MTP device
3月 30 15:12:18 ubuntu systemd-udevd[427]: ethtool: autonegotiation is unset or enabled, the speed and duplex are not writable.
-- Reboot --
3月 30 15:18:38 ubuntu systemd[1]: Started udev Kernel Device Manager.
3月 30 15:18:38 ubuntu systemd-udevd[411]: Using default interface naming scheme 'v245'.
3月 30 15:18:38 ubuntu systemd-udevd[411]: ethtool: autonegotiation is unset or enabled, the speed and duplex are not writable.
3月 30 15:18:38 ubuntu systemd-udevd[411]: Could not set AlternativeName= or apply AlternativeNamesPolicy= on ens33: File exists
3月 30 15:18:38 ubuntu systemd-udevd[411]: ens33: Could not apply link config, ignoring: File exists
3月 30 15:18:38 ubuntu mtp-probe[481]: checking bus 2, device 2: "/sys/devices/pci0000:00/0000:00:11.0/0000:02:00.0/usb2/2-1"
3月 30 15:18:38 ubuntu mtp-probe[481]: bus: 2, device: 2 was not an MTP device
3月 30 15:18:39 ubuntu systemd-udevd[446]: ethtool: autonegotiation is unset or enabled, the speed and duplex are not writable.
-- Reboot --
3月 30 22:57:11 ubuntu systemd[1]: Started udev Kernel Device Manager.
3月 30 22:57:12 ubuntu systemd-udevd[420]: Using default interface naming scheme 'v245'.
3月 30 22:57:12 ubuntu systemd-udevd[420]: ethtool: autonegotiation is unset or enabled, the speed and duplex are not writable.
3月 30 22:57:12 ubuntu systemd-udevd[420]: Could not set AlternativeName= or apply AlternativeNamesPolicy= on ens33: File exists
3月 30 22:57:12 ubuntu systemd-udevd[420]: ens33: Could not apply link config, ignoring: File exists
3月 30 22:57:12 ubuntu mtp-probe[529]: checking bus 2, device 2: "/sys/devices/pci0000:00/0000:00:11.0/0000:02:00.0/usb2/2-1"
3月 30 22:57:12 ubuntu mtp-probe[529]: bus: 2, device: 2 was not an MTP device
3月 30 22:57:12 ubuntu systemd-udevd[423]: ethtool: autonegotiation is unset or enabled, the speed and duplex are not writable.
-- Reboot --
3月 30 23:00:43 ubuntu systemd[1]: Starting udev Kernel Device Manager...
3月 30 23:00:43 ubuntu systemd[1]: Started udev Kernel Device Manager.
3月 30 23:00:43 ubuntu systemd-udevd[424]: Using default interface naming scheme 'v245'.
3月 30 23:00:43 ubuntu systemd-udevd[424]: ethtool: autonegotiation is unset or enabled, the speed and duplex are not writable.
3月 30 23:00:43 ubuntu systemd-udevd[424]: Could not set AlternativeName= or apply AlternativeNamesPolicy= on ens33: File exists
3月 30 23:00:43 ubuntu systemd-udevd[424]: ens33: Could not apply link config, ignoring: File exists
3月 30 23:00:43 ubuntu mtp-probe[491]: checking bus 2, device 2: "/sys/devices/pci0000:00/0000:00:11.0/0000:02:00.0/usb2/2-1"
3月 30 23:00:43 ubuntu mtp-probe[491]: bus: 2, device: 2 was not an MTP device
3月 30 23:00:44 ubuntu systemd-udevd[419]: ethtool: autonegotiation is unset or enabled, the speed and duplex are not writable.
-- Reboot --
3月 30 23:05:24 ubuntu systemd-udevd[403]: Using default interface naming scheme 'v245'.
3月 30 23:05:24 ubuntu systemd-udevd[403]: ethtool: autonegotiation is unset or enabled, the speed and duplex are not writable.
3月 30 23:05:24 ubuntu systemd-udevd[403]: Could not set AlternativeName= or apply AlternativeNamesPolicy= on ens33: File exists
3月 30 23:05:24 ubuntu systemd-udevd[403]: ens33: Could not apply link config, ignoring: File exists
3月 30 23:05:25 ubuntu mtp-probe[523]: checking bus 2, device 2: "/sys/devices/pci0000:00/0000:00:11.0/0000:02:00.0/usb2/2-1"
3月 30 23:05:25 ubuntu mtp-probe[523]: bus: 2, device: 2 was not an MTP device
3月 30 23:05:25 ubuntu systemd-udevd[408]: ethtool: autonegotiation is unset or enabled, the speed and duplex are not writable.
-- Reboot --
3月 31 18:40:17 ubuntu systemd[1]: Started udev Kernel Device Manager.
3月 31 18:40:17 ubuntu systemd-udevd[435]: Using default interface naming scheme 'v245'.
3月 31 18:40:17 ubuntu systemd-udevd[435]: ethtool: autonegotiation is unset or enabled, the speed and duplex are not writable.
3月 31 18:40:17 ubuntu systemd-udevd[435]: Could not set AlternativeName= or apply AlternativeNamesPolicy= on ens33: File exists
3月 31 18:40:17 ubuntu systemd-udevd[435]: ens33: Could not apply link config, ignoring: File exists
3月 31 18:40:17 ubuntu mtp-probe[564]: checking bus 2, device 2: "/sys/devices/pci0000:00/0000:00:11.0/0000:02:00.0/usb2/2-1"
3月 31 18:40:17 ubuntu mtp-probe[564]: bus: 2, device: 2 was not an MTP device
3月 31 18:40:18 ubuntu systemd-udevd[417]: ethtool: autonegotiation is unset or enabled, the speed and duplex are not writable.
-- Reboot --
3月 31 18:54:09 ubuntu systemd-udevd[454]: Using default interface naming scheme 'v245'.
3月 31 18:54:10 ubuntu systemd-udevd[454]: ethtool: autonegotiation is unset or enabled, the speed and duplex are not writable.
3月 31 18:54:10 ubuntu systemd-udevd[454]: Could not set AlternativeName= or apply AlternativeNamesPolicy= on ens33: File exists
3月 31 18:54:10 ubuntu systemd-udevd[454]: ens33: Could not apply link config, ignoring: File exists
3月 31 18:54:10 ubuntu mtp-probe[565]: checking bus 2, device 2: "/sys/devices/pci0000:00/0000:00:11.0/0000:02:00.0/usb2/2-1"
3月 31 18:54:10 ubuntu mtp-probe[565]: bus: 2, device: 2 was not an MTP device
3月 31 18:54:11 ubuntu systemd-udevd[448]: ethtool: autonegotiation is unset or enabled, the speed and duplex are not writable.
-- Reboot --
3月 31 19:03:58 ubuntu systemd[1]: Started udev Kernel Device Manager.
3月 31 19:03:59 ubuntu systemd-udevd[433]: Using default interface naming scheme 'v245'.
3月 31 19:03:59 ubuntu systemd-udevd[433]: ethtool: autonegotiation is unset or enabled, the speed and duplex are not writable.
3月 31 19:03:59 ubuntu systemd-udevd[433]: Could not set AlternativeName= or apply AlternativeNamesPolicy= on ens33: File exists
3月 31 19:03:59 ubuntu systemd-udevd[433]: ens33: Could not apply link config, ignoring: File exists
3月 31 19:03:59 ubuntu mtp-probe[517]: checking bus 2, device 2: "/sys/devices/pci0000:00/0000:00:11.0/0000:02:00.0/usb2/2-1"
3月 31 19:03:59 ubuntu mtp-probe[517]: bus: 2, device: 2 was not an MTP device
3月 31 19:03:59 ubuntu systemd-udevd[434]: ethtool: autonegotiation is unset or enabled, the speed and duplex are not writable.
-- Reboot --
3月 31 19:27:34 ubuntu systemd-udevd[436]: Using default interface naming scheme 'v245'.
3月 31 19:27:34 ubuntu systemd-udevd[436]: ethtool: autonegotiation is unset or enabled, the speed and duplex are not writable.
3月 31 19:27:34 ubuntu systemd-udevd[436]: Could not set AlternativeName= or apply AlternativeNamesPolicy= on ens33: File exists
3月 31 19:27:34 ubuntu systemd-udevd[436]: ens33: Could not apply link config, ignoring: File exists
3月 31 19:27:34 ubuntu mtp-probe[528]: checking bus 2, device 2: "/sys/devices/pci0000:00/0000:00:11.0/0000:02:00.0/usb2/2-1"
3月 31 19:27:34 ubuntu mtp-probe[528]: bus: 2, device: 2 was not an MTP device
3月 31 19:27:34 ubuntu systemd-udevd[420]: ethtool: autonegotiation is unset or enabled, the speed and duplex are not writable.
-- Reboot --
3月 31 19:43:28 ubuntu systemd[1]: Started udev Kernel Device Manager.
3月 31 19:43:29 ubuntu systemd-udevd[424]: Using default interface naming scheme 'v245'.
3月 31 19:43:29 ubuntu systemd-udevd[424]: ethtool: autonegotiation is unset or enabled, the speed and duplex are not writable.
3月 31 19:43:29 ubuntu systemd-udevd[424]: Could not set AlternativeName= or apply AlternativeNamesPolicy= on ens33: File exists
3月 31 19:43:29 ubuntu systemd-udevd[424]: ens33: Could not apply link config, ignoring: File exists
3月 31 19:43:29 ubuntu mtp-probe[471]: checking bus 2, device 2: "/sys/devices/pci0000:00/0000:00:11.0/0000:02:00.0/usb2/2-1"
3月 31 19:43:29 ubuntu mtp-probe[471]: bus: 2, device: 2 was not an MTP device
3月 31 19:43:29 ubuntu systemd-udevd[431]: ethtool: autonegotiation is unset or enabled, the speed and duplex are not writable.
3月 31 19:54:38 ubuntu systemd[1]: Stopping udev Kernel Device Manager...
3月 31 19:54:38 ubuntu systemd[1]: systemd-udevd.service: Succeeded.
3月 31 19:54:38 ubuntu systemd[1]: Stopped udev Kernel Device Manager.
3月 31 19:54:38 ubuntu systemd[1]: Starting udev Kernel Device Manager...
3月 31 19:54:38 ubuntu systemd[1]: Started udev Kernel Device Manager.
-- Reboot --
3月 31 19:58:12 ubuntu systemd-udevd[420]: Using default interface naming scheme 'v245'.
3月 31 19:58:12 ubuntu systemd-udevd[420]: ethtool: autonegotiation is unset or enabled, the speed and duplex are not writable.
3月 31 19:58:12 ubuntu systemd-udevd[420]: Could not set AlternativeName= or apply AlternativeNamesPolicy= on ens33: File exists
3月 31 19:58:12 ubuntu systemd-udevd[420]: ens33: Could not apply link config, ignoring: File exists
3月 31 19:58:12 ubuntu mtp-probe[527]: checking bus 2, device 2: "/sys/devices/pci0000:00/0000:00:11.0/0000:02:00.0/usb2/2-1"
3月 31 19:58:12 ubuntu mtp-probe[527]: bus: 2, device: 2 was not an MTP device
3月 31 19:58:12 ubuntu systemd-udevd[423]: ethtool: autonegotiation is unset or enabled, the speed and duplex are not writable.
-- Reboot --
3月 31 20:24:32 ubuntu systemd[1]: Started udev Kernel Device Manager.
3月 31 20:24:33 ubuntu systemd-udevd[442]: Using default interface naming scheme 'v245'.
3月 31 20:24:33 ubuntu systemd-udevd[442]: ethtool: autonegotiation is unset or enabled, the speed and duplex are not writable.
3月 31 20:24:33 ubuntu systemd-udevd[442]: Could not set AlternativeName= or apply AlternativeNamesPolicy= on ens33: File exists
3月 31 20:24:33 ubuntu systemd-udevd[442]: ens33: Could not apply link config, ignoring: File exists
3月 31 20:24:33 ubuntu mtp-probe[565]: checking bus 2, device 2: "/sys/devices/pci0000:00/0000:00:11.0/0000:02:00.0/usb2/2-1"
3月 31 20:24:33 ubuntu mtp-probe[565]: bus: 2, device: 2 was not an MTP device
3月 31 20:24:33 ubuntu systemd-udevd[437]: ethtool: autonegotiation is unset or enabled, the speed and duplex are not writable.
-- Reboot --
4月 02 17:05:01 ubuntu systemd[1]: Started udev Kernel Device Manager.
4月 02 17:05:02 ubuntu systemd-udevd[435]: Using default interface naming scheme 'v245'.
4月 02 17:05:02 ubuntu systemd-udevd[435]: ethtool: autonegotiation is unset or enabled, the speed and duplex are not writable.
4月 02 17:05:02 ubuntu systemd-udevd[435]: Could not set AlternativeName= or apply AlternativeNamesPolicy= on ens33: File exists
4月 02 17:05:02 ubuntu systemd-udevd[435]: ens33: Could not apply link config, ignoring: File exists
4月 02 17:05:02 ubuntu mtp-probe[559]: checking bus 2, device 2: "/sys/devices/pci0000:00/0000:00:11.0/0000:02:00.0/usb2/2-1"
4月 02 17:05:02 ubuntu mtp-probe[559]: bus: 2, device: 2 was not an MTP device
4月 02 17:05:02 ubuntu systemd-udevd[436]: ethtool: autonegotiation is unset or enabled, the speed and duplex are not writable.
-- Reboot --
4月 14 20:21:33 ubuntu systemd[1]: Started udev Kernel Device Manager.
4月 14 20:21:34 ubuntu systemd-udevd[448]: Using default interface naming scheme 'v245'.
4月 14 20:21:34 ubuntu systemd-udevd[448]: ethtool: autonegotiation is unset or enabled, the speed and duplex are not writable.
4月 14 20:21:34 ubuntu systemd-udevd[448]: Could not set AlternativeName= or apply AlternativeNamesPolicy= on ens33: File exists
4月 14 20:21:34 ubuntu systemd-udevd[448]: ens33: Could not apply link config, ignoring: File exists
4月 14 20:21:35 ubuntu mtp-probe[528]: checking bus 2, device 2: "/sys/devices/pci0000:00/0000:00:11.0/0000:02:00.0/usb2/2-1"
4月 14 20:21:35 ubuntu mtp-probe[528]: bus: 2, device: 2 was not an MTP device
4月 14 20:21:35 ubuntu systemd-udevd[438]: ethtool: autonegotiation is unset or enabled, the speed and duplex are not writable.
-- Reboot --
4月 14 20:55:24 ubuntu systemd[1]: Started udev Kernel Device Manager.
4月 14 20:55:26 ubuntu systemd-udevd[444]: Using default interface naming scheme 'v245'.
4月 14 20:55:26 ubuntu systemd-udevd[444]: ethtool: autonegotiation is unset or enabled, the speed and duplex are not writable.
4月 14 20:55:26 ubuntu systemd-udevd[444]: Could not set AlternativeName= or apply AlternativeNamesPolicy= on ens33: File exists
4月 14 20:55:26 ubuntu systemd-udevd[444]: ens33: Could not apply link config, ignoring: File exists
4月 14 20:55:26 ubuntu mtp-probe[562]: checking bus 2, device 2: "/sys/devices/pci0000:00/0000:00:11.0/0000:02:00.0/usb2/2-1"
4月 14 20:55:26 ubuntu mtp-probe[562]: bus: 2, device: 2 was not an MTP device
4月 14 20:55:27 ubuntu systemd-udevd[434]: ethtool: autonegotiation is unset or enabled, the speed and duplex are not writable.
-- Reboot --
4月 15 22:30:49 ubuntu systemd[1]: Started udev Kernel Device Manager.
4月 15 22:30:50 ubuntu systemd-udevd[441]: Using default interface naming scheme 'v245'.
4月 15 22:30:50 ubuntu systemd-udevd[441]: ethtool: autonegotiation is unset or enabled, the speed and duplex are not writable.
4月 15 22:30:50 ubuntu systemd-udevd[441]: Could not set AlternativeName= or apply AlternativeNamesPolicy= on ens33: File exists
4月 15 22:30:50 ubuntu systemd-udevd[441]: ens33: Could not apply link config, ignoring: File exists
4月 15 22:30:50 ubuntu mtp-probe[559]: checking bus 2, device 2: "/sys/devices/pci0000:00/0000:00:11.0/0000:02:00.0/usb2/2-1"
4月 15 22:30:50 ubuntu mtp-probe[559]: bus: 2, device: 2 was not an MTP device
4月 15 22:30:50 ubuntu systemd-udevd[445]: ethtool: autonegotiation is unset or enabled, the speed and duplex are not writable.
-- Reboot --
4月 15 22:43:40 ubuntu systemd[1]: Started udev Kernel Device Manager.
4月 15 22:43:40 ubuntu systemd-udevd[436]: Using default interface naming scheme 'v245'.
4月 15 22:43:40 ubuntu systemd-udevd[436]: ethtool: autonegotiation is unset or enabled, the speed and duplex are not writable.
4月 15 22:43:40 ubuntu systemd-udevd[436]: Could not set AlternativeName= or apply AlternativeNamesPolicy= on ens33: File exists
4月 15 22:43:40 ubuntu systemd-udevd[436]: ens33: Could not apply link config, ignoring: File exists
4月 15 22:43:40 ubuntu mtp-probe[511]: checking bus 2, device 2: "/sys/devices/pci0000:00/0000:00:11.0/0000:02:00.0/usb2/2-1"
4月 15 22:43:40 ubuntu mtp-probe[511]: bus: 2, device: 2 was not an MTP device
4月 15 22:43:40 ubuntu systemd-udevd[434]: ethtool: autonegotiation is unset or enabled, the speed and duplex are not writable.
-- Reboot --
4月 19 18:41:02 ubuntu systemd[1]: Started udev Kernel Device Manager.
4月 19 18:41:03 ubuntu systemd-udevd[442]: Using default interface naming scheme 'v245'.
4月 19 18:41:03 ubuntu systemd-udevd[442]: ethtool: autonegotiation is unset or enabled, the speed and duplex are not writable.
4月 19 18:41:03 ubuntu systemd-udevd[442]: Could not set AlternativeName= or apply AlternativeNamesPolicy= on ens33: File exists
4月 19 18:41:03 ubuntu systemd-udevd[442]: ens33: Could not apply link config, ignoring: File exists
4月 19 18:41:03 ubuntu mtp-probe[548]: checking bus 2, device 2: "/sys/devices/pci0000:00/0000:00:11.0/0000:02:00.0/usb2/2-1"
4月 19 18:41:03 ubuntu mtp-probe[548]: bus: 2, device: 2 was not an MTP device
4月 19 18:41:03 ubuntu systemd-udevd[449]: ethtool: autonegotiation is unset or enabled, the speed and duplex are not writable.
-- Reboot --
4月 19 19:16:13 ubuntu systemd[1]: Started udev Kernel Device Manager.
4月 19 19:16:14 ubuntu systemd-udevd[453]: Using default interface naming scheme 'v245'.
4月 19 19:16:14 ubuntu systemd-udevd[453]: ethtool: autonegotiation is unset or enabled, the speed and duplex are not writable.
4月 19 19:16:14 ubuntu systemd-udevd[453]: Could not set AlternativeName= or apply AlternativeNamesPolicy= on ens33: File exists
4月 19 19:16:14 ubuntu systemd-udevd[453]: ens33: Could not apply link config, ignoring: File exists
4月 19 19:16:14 ubuntu mtp-probe[555]: checking bus 2, device 2: "/sys/devices/pci0000:00/0000:00:11.0/0000:02:00.0/usb2/2-1"
4月 19 19:16:14 ubuntu mtp-probe[555]: bus: 2, device: 2 was not an MTP device
4月 19 19:16:14 ubuntu systemd-udevd[440]: ethtool: autonegotiation is unset or enabled, the speed and duplex are not writable.
-- Reboot --
4月 21 14:58:03 ubuntu systemd[1]: Started udev Kernel Device Manager.
4月 21 14:58:04 ubuntu systemd-udevd[443]: Using default interface naming scheme 'v245'.
4月 21 14:58:04 ubuntu mtp-probe[518]: checking bus 2, device 2: "/sys/devices/pci0000:00/0000:00:11.0/0000:02:00.0/usb2/2-1"
4月 21 14:58:04 ubuntu mtp-probe[518]: bus: 2, device: 2 was not an MTP device
4月 21 14:58:04 ubuntu systemd-udevd[443]: ethtool: autonegotiation is unset or enabled, the speed and duplex are not writable.
4月 21 14:58:04 ubuntu systemd-udevd[443]: Could not set AlternativeName= or apply AlternativeNamesPolicy= on ens33: File exists
4月 21 14:58:04 ubuntu systemd-udevd[443]: ens33: Could not apply link config, ignoring: File exists
4月 21 14:58:04 ubuntu systemd-udevd[451]: ethtool: autonegotiation is unset or enabled, the speed and duplex are not writable.

