-- Logs begin at Sat 2022-01-08 18:32:32 CST, end at Fri 2023-04-21 17:32:00 CST. --
1月 09 17:32:35 ubuntu systemd[1]: Starting Cleanup of Temporary Directories...
1月 09 17:32:35 ubuntu systemd[1]: systemd-tmpfiles-clean.service: Succeeded.
1月 09 17:32:35 ubuntu systemd[1]: Finished Cleanup of Temporary Directories.
-- Reboot --
1月 09 21:48:15 ubuntu systemd[1]: Starting Cleanup of Temporary Directories...
1月 09 21:48:15 ubuntu systemd[1]: systemd-tmpfiles-clean.service: Succeeded.
1月 09 21:48:15 ubuntu systemd[1]: Finished Cleanup of Temporary Directories.
-- Reboot --
3月 22 16:28:11 ubuntu systemd[1]: Starting Cleanup of Temporary Directories...
3月 22 16:28:11 ubuntu systemd[1]: systemd-tmpfiles-clean.service: Succeeded.
3月 22 16:28:11 ubuntu systemd[1]: Finished Cleanup of Temporary Directories.
-- Reboot --
3月 25 10:33:00 ubuntu systemd[1]: Starting Cleanup of Temporary Directories...
3月 25 10:33:00 ubuntu systemd[1]: systemd-tmpfiles-clean.service: Succeeded.
3月 25 10:33:00 ubuntu systemd[1]: Finished Cleanup of Temporary Directories.
-- Reboot --
3月 25 11:00:02 ubuntu systemd[1]: Starting Cleanup of Temporary Directories...
3月 25 11:00:02 ubuntu systemd[1]: systemd-tmpfiles-clean.service: Succeeded.
3月 25 11:00:02 ubuntu systemd[1]: Finished Cleanup of Temporary Directories.
-- Reboot --
3月 28 15:14:44 ubuntu systemd[1]: Starting Cleanup of Temporary Directories...
3月 28 15:14:44 ubuntu systemd[1]: systemd-tmpfiles-clean.service: Succeeded.
3月 28 15:14:44 ubuntu systemd[1]: Finished Cleanup of Temporary Directories.
-- Reboot --
3月 28 16:32:47 ubuntu systemd[1]: Starting Cleanup of Temporary Directories...
3月 28 16:32:47 ubuntu systemd[1]: systemd-tmpfiles-clean.service: Succeeded.
3月 28 16:32:47 ubuntu systemd[1]: Finished Cleanup of Temporary Directories.
-- Reboot --
4月 01 10:40:01 ubuntu systemd[1]: Starting Cleanup of Temporary Directories...
4月 01 10:40:01 ubuntu systemd[1]: systemd-tmpfiles-clean.service: Succeeded.
4月 01 10:40:01 ubuntu systemd[1]: Finished Cleanup of Temporary Directories.
-- Reboot --
4月 02 09:25:27 ubuntu systemd[1]: Starting Cleanup of Temporary Directories...
4月 02 09:25:27 ubuntu systemd[1]: systemd-tmpfiles-clean.service: Succeeded.
4月 02 09:25:27 ubuntu systemd[1]: Finished Cleanup of Temporary Directories.
-- Reboot --
4月 02 17:38:00 ubuntu systemd[1]: Starting Cleanup of Temporary Directories...
4月 02 17:38:00 ubuntu systemd[1]: systemd-tmpfiles-clean.service: Succeeded.
4月 02 17:38:00 ubuntu systemd[1]: Finished Cleanup of Temporary Directories.
-- Reboot --
4月 06 08:31:54 ubuntu systemd[1]: Starting Cleanup of Temporary Directories...
4月 06 08:31:54 ubuntu systemd[1]: systemd-tmpfiles-clean.service: Succeeded.
4月 06 08:31:54 ubuntu systemd[1]: Finished Cleanup of Temporary Directories.
-- Reboot --
4月 13 08:24:48 ubuntu systemd[1]: Starting Cleanup of Temporary Directories...
4月 13 08:24:48 ubuntu systemd[1]: systemd-tmpfiles-clean.service: Succeeded.
4月 13 08:24:48 ubuntu systemd[1]: Finished Cleanup of Temporary Directories.
-- Reboot --
4月 13 08:45:20 ubuntu systemd[1]: Starting Cleanup of Temporary Directories...
4月 13 08:45:20 ubuntu systemd[1]: systemd-tmpfiles-clean.service: Succeeded.
4月 13 08:45:20 ubuntu systemd[1]: Finished Cleanup of Temporary Directories.
-- Reboot --
4月 13 15:01:31 ubuntu systemd[1]: Starting Cleanup of Temporary Directories...
4月 13 15:01:31 ubuntu systemd[1]: systemd-tmpfiles-clean.service: Succeeded.
4月 13 15:01:31 ubuntu systemd[1]: Finished Cleanup of Temporary Directories.
-- Reboot --
4月 20 08:38:01 ubuntu systemd[1]: Starting Cleanup of Temporary Directories...
4月 20 08:38:01 ubuntu systemd[1]: systemd-tmpfiles-clean.service: Succeeded.
4月 20 08:38:01 ubuntu systemd[1]: Finished Cleanup of Temporary Directories.
-- Reboot --
4月 27 08:33:06 ubuntu systemd[1]: Starting Cleanup of Temporary Directories...
4月 27 08:33:06 ubuntu systemd[1]: systemd-tmpfiles-clean.service: Succeeded.
4月 27 08:33:06 ubuntu systemd[1]: Finished Cleanup of Temporary Directories.
-- Reboot --
4月 27 14:26:31 ubuntu systemd[1]: Starting Cleanup of Temporary Directories...
4月 27 14:26:31 ubuntu systemd[1]: systemd-tmpfiles-clean.service: Succeeded.
4月 27 14:26:31 ubuntu systemd[1]: Finished Cleanup of Temporary Directories.
-- Reboot --
4月 27 15:20:19 ubuntu systemd[1]: Starting Cleanup of Temporary Directories...
4月 27 15:20:19 ubuntu systemd[1]: systemd-tmpfiles-clean.service: Succeeded.
4月 27 15:20:19 ubuntu systemd[1]: Finished Cleanup of Temporary Directories.
-- Reboot --
5月 06 10:32:39 ubuntu systemd[1]: Starting Cleanup of Temporary Directories...
5月 06 10:32:39 ubuntu systemd[1]: systemd-tmpfiles-clean.service: Succeeded.
5月 06 10:32:39 ubuntu systemd[1]: Finished Cleanup of Temporary Directories.
-- Reboot --
5月 07 08:28:43 ubuntu systemd[1]: Starting Cleanup of Temporary Directories...
5月 07 08:28:43 ubuntu systemd[1]: systemd-tmpfiles-clean.service: Succeeded.
5月 07 08:28:43 ubuntu systemd[1]: Finished Cleanup of Temporary Directories.
-- Reboot --
5月 08 16:09:12 ubuntu systemd[1]: Starting Cleanup of Temporary Directories...
5月 08 16:09:12 ubuntu systemd[1]: systemd-tmpfiles-clean.service: Succeeded.
5月 08 16:09:12 ubuntu systemd[1]: Finished Cleanup of Temporary Directories.
-- Reboot --
5月 08 16:42:12 ubuntu systemd[1]: Starting Cleanup of Temporary Directories...
5月 08 16:42:12 ubuntu systemd[1]: systemd-tmpfiles-clean.service: Succeeded.
5月 08 16:42:12 ubuntu systemd[1]: Finished Cleanup of Temporary Directories.
-- Reboot --
5月 14 21:06:51 ubuntu systemd[1]: Starting Cleanup of Temporary Directories...
5月 14 21:06:51 ubuntu systemd[1]: systemd-tmpfiles-clean.service: Succeeded.
5月 14 21:06:51 ubuntu systemd[1]: Finished Cleanup of Temporary Directories.
-- Reboot --
5月 15 10:58:34 ubuntu systemd[1]: Starting Cleanup of Temporary Directories...
5月 15 10:58:34 ubuntu systemd[1]: systemd-tmpfiles-clean.service: Succeeded.
5月 15 10:58:34 ubuntu systemd[1]: Finished Cleanup of Temporary Directories.
-- Reboot --
5月 15 16:43:28 ubuntu systemd[1]: Starting Cleanup of Temporary Directories...
5月 15 16:43:28 ubuntu systemd[1]: systemd-tmpfiles-clean.service: Succeeded.
5月 15 16:43:28 ubuntu systemd[1]: Finished Cleanup of Temporary Directories.
-- Reboot --
5月 15 21:42:17 ubuntu systemd[1]: Starting Cleanup of Temporary Directories...
5月 15 21:42:17 ubuntu systemd[1]: systemd-tmpfiles-clean.service: Succeeded.
5月 15 21:42:17 ubuntu systemd[1]: Finished Cleanup of Temporary Directories.
-- Reboot --
5月 31 15:43:38 ubuntu systemd[1]: Starting Cleanup of Temporary Directories...
5月 31 15:43:38 ubuntu systemd[1]: systemd-tmpfiles-clean.service: Succeeded.
5月 31 15:43:38 ubuntu systemd[1]: Finished Cleanup of Temporary Directories.
-- Reboot --
5月 31 16:34:54 ubuntu systemd[1]: Starting Cleanup of Temporary Directories...
5月 31 16:34:54 ubuntu systemd[1]: systemd-tmpfiles-clean.service: Succeeded.
5月 31 16:34:54 ubuntu systemd[1]: Finished Cleanup of Temporary Directories.
-- Reboot --
5月 31 21:15:57 ubuntu systemd[1]: Starting Cleanup of Temporary Directories...
5月 31 21:15:57 ubuntu systemd[1]: systemd-tmpfiles-clean.service: Succeeded.
5月 31 21:15:57 ubuntu systemd[1]: Finished Cleanup of Temporary Directories.
-- Reboot --
6月 01 23:35:05 ubuntu systemd[1]: Starting Cleanup of Temporary Directories...
6月 01 23:35:05 ubuntu systemd[1]: systemd-tmpfiles-clean.service: Succeeded.
6月 01 23:35:05 ubuntu systemd[1]: Finished Cleanup of Temporary Directories.
-- Reboot --
6月 06 14:27:31 ubuntu systemd[1]: Starting Cleanup of Temporary Directories...
6月 06 14:27:31 ubuntu systemd[1]: systemd-tmpfiles-clean.service: Succeeded.
6月 06 14:27:31 ubuntu systemd[1]: Finished Cleanup of Temporary Directories.
-- Reboot --
6月 15 14:23:50 ubuntu systemd[1]: Starting Cleanup of Temporary Directories...
6月 15 14:23:50 ubuntu systemd[1]: systemd-tmpfiles-clean.service: Succeeded.
6月 15 14:23:50 ubuntu systemd[1]: Finished Cleanup of Temporary Directories.
-- Reboot --
6月 16 15:03:27 ubuntu systemd[1]: Starting Cleanup of Temporary Directories...
6月 16 15:03:27 ubuntu systemd[1]: systemd-tmpfiles-clean.service: Succeeded.
6月 16 15:03:27 ubuntu systemd[1]: Finished Cleanup of Temporary Directories.
-- Reboot --
2月 25 16:51:14 ubuntu systemd[1]: Starting Cleanup of Temporary Directories...
2月 25 16:51:14 ubuntu systemd[1]: systemd-tmpfiles-clean.service: Succeeded.
2月 25 16:51:14 ubuntu systemd[1]: Finished Cleanup of Temporary Directories.
-- Reboot --
3月 27 18:07:18 ubuntu systemd[1]: Starting Cleanup of Temporary Directories...
3月 27 18:07:18 ubuntu systemd[1]: systemd-tmpfiles-clean.service: Succeeded.
3月 27 18:07:18 ubuntu systemd[1]: Finished Cleanup of Temporary Directories.
-- Reboot --
3月 30 14:20:41 ubuntu systemd[1]: Starting Cleanup of Temporary Directories...
3月 30 14:20:41 ubuntu systemd[1]: systemd-tmpfiles-clean.service: Succeeded.
3月 30 14:20:41 ubuntu systemd[1]: Finished Cleanup of Temporary Directories.
-- Reboot --
3月 31 19:18:55 ubuntu systemd[1]: Starting Cleanup of Temporary Directories...
3月 31 19:18:55 ubuntu systemd[1]: systemd-tmpfiles-clean.service: Succeeded.
3月 31 19:18:55 ubuntu systemd[1]: Finished Cleanup of Temporary Directories.
-- Reboot --
3月 31 19:42:40 ubuntu systemd[1]: Starting Cleanup of Temporary Directories...
3月 31 19:42:40 ubuntu systemd[1]: systemd-tmpfiles-clean.service: Succeeded.
3月 31 19:42:40 ubuntu systemd[1]: Finished Cleanup of Temporary Directories.
-- Reboot --
3月 31 20:39:39 ubuntu systemd[1]: Starting Cleanup of Temporary Directories...
3月 31 20:39:39 ubuntu systemd[1]: systemd-tmpfiles-clean.service: Succeeded.
3月 31 20:39:39 ubuntu systemd[1]: Finished Cleanup of Temporary Directories.
-- Reboot --
4月 14 20:36:29 ubuntu systemd[1]: Starting Cleanup of Temporary Directories...
4月 14 20:36:29 ubuntu systemd[1]: systemd-tmpfiles-clean.service: Succeeded.
4月 14 20:36:29 ubuntu systemd[1]: Finished Cleanup of Temporary Directories.
-- Reboot --
4月 14 21:10:40 ubuntu systemd[1]: Starting Cleanup of Temporary Directories...
4月 14 21:10:40 ubuntu systemd[1]: systemd-tmpfiles-clean.service: Succeeded.
4月 14 21:10:40 ubuntu systemd[1]: Finished Cleanup of Temporary Directories.
-- Reboot --
4月 15 22:58:39 ubuntu systemd[1]: Starting Cleanup of Temporary Directories...
4月 15 22:58:39 ubuntu systemd[1]: systemd-tmpfiles-clean.service: Succeeded.
4月 15 22:58:39 ubuntu systemd[1]: Finished Cleanup of Temporary Directories.
-- Reboot --
4月 19 18:56:07 ubuntu systemd[1]: Starting Cleanup of Temporary Directories...
4月 19 18:56:07 ubuntu systemd[1]: systemd-tmpfiles-clean.service: Succeeded.
4月 19 18:56:07 ubuntu systemd[1]: Finished Cleanup of Temporary Directories.
-- Reboot --
4月 21 15:13:00 ubuntu systemd[1]: Starting Cleanup of Temporary Directories...
4月 21 15:13:00 ubuntu systemd[1]: systemd-tmpfiles-clean.service: Succeeded.
4月 21 15:13:00 ubuntu systemd[1]: Finished Cleanup of Temporary Directories.

