-- Logs begin at Sat 2022-01-08 18:32:32 CST, end at Fri 2023-04-21 17:32:00 CST. --
1月 09 17:18:24 ubuntu systemd[1]: systemd-hostnamed.service: Succeeded.
1月 09 17:18:45 ubuntu systemd[1]: Starting Hostname Service...
1月 09 17:18:45 ubuntu systemd[1]: Started Hostname Service.
1月 09 17:19:15 ubuntu systemd[1]: systemd-hostnamed.service: Succeeded.
1月 09 17:42:32 ubuntu systemd[1]: Starting Hostname Service...
1月 09 17:42:32 ubuntu systemd[1]: Started Hostname Service.
1月 09 17:43:02 ubuntu systemd[1]: systemd-hostnamed.service: Succeeded.
1月 09 17:43:35 ubuntu systemd[1]: Starting Hostname Service...
1月 09 17:43:35 ubuntu systemd[1]: Started Hostname Service.
1月 09 17:44:05 ubuntu systemd[1]: systemd-hostnamed.service: Succeeded.
1月 09 17:44:57 ubuntu systemd[1]: Starting Hostname Service...
1月 09 17:44:57 ubuntu systemd[1]: Started Hostname Service.
1月 09 17:45:27 ubuntu systemd[1]: systemd-hostnamed.service: Succeeded.
1月 09 18:17:29 ubuntu systemd[1]: Starting Hostname Service...
1月 09 18:17:29 ubuntu systemd[1]: Started Hostname Service.
1月 09 18:17:59 ubuntu systemd[1]: systemd-hostnamed.service: Succeeded.
1月 09 18:22:22 ubuntu systemd[1]: Starting Hostname Service...
1月 09 18:22:22 ubuntu systemd[1]: Started Hostname Service.
1月 09 18:22:52 ubuntu systemd[1]: systemd-hostnamed.service: Succeeded.
1月 09 18:25:24 ubuntu systemd[1]: Starting Hostname Service...
1月 09 18:25:24 ubuntu systemd[1]: Started Hostname Service.
1月 09 18:25:54 ubuntu systemd[1]: systemd-hostnamed.service: Succeeded.
1月 09 18:27:24 ubuntu systemd[1]: Starting Hostname Service...
1月 09 18:27:24 ubuntu systemd[1]: Started Hostname Service.
1月 09 18:27:57 ubuntu systemd[1]: systemd-hostnamed.service: Succeeded.
1月 09 18:30:34 ubuntu systemd[1]: Starting Hostname Service...
1月 09 18:30:34 ubuntu systemd[1]: Started Hostname Service.
1月 09 18:31:04 ubuntu systemd[1]: systemd-hostnamed.service: Succeeded.
1月 09 18:55:10 ubuntu systemd[1]: Starting Hostname Service...
1月 09 18:55:10 ubuntu systemd[1]: Started Hostname Service.
1月 09 18:55:40 ubuntu systemd[1]: systemd-hostnamed.service: Succeeded.
1月 09 19:04:16 ubuntu systemd[1]: Starting Hostname Service...
1月 09 19:04:16 ubuntu systemd[1]: Started Hostname Service.
1月 09 19:04:46 ubuntu systemd[1]: systemd-hostnamed.service: Succeeded.
1月 09 19:26:07 ubuntu systemd[1]: Starting Hostname Service...
1月 09 19:26:07 ubuntu systemd[1]: Started Hostname Service.
1月 09 19:26:37 ubuntu systemd[1]: systemd-hostnamed.service: Succeeded.
1月 09 19:27:12 ubuntu systemd[1]: Starting Hostname Service...
1月 09 19:27:12 ubuntu systemd[1]: Started Hostname Service.
1月 09 19:27:42 ubuntu systemd[1]: systemd-hostnamed.service: Succeeded.
1月 09 21:07:28 ubuntu systemd[1]: Starting Hostname Service...
1月 09 21:07:28 ubuntu systemd[1]: Started Hostname Service.
1月 09 21:07:58 ubuntu systemd[1]: systemd-hostnamed.service: Succeeded.
1月 09 21:08:06 ubuntu systemd[1]: Starting Hostname Service...
1月 09 21:08:07 ubuntu systemd[1]: Started Hostname Service.
1月 09 21:08:37 ubuntu systemd[1]: systemd-hostnamed.service: Succeeded.
-- Reboot --
1月 09 21:33:15 ubuntu systemd[1]: Starting Hostname Service...
1月 09 21:33:15 ubuntu systemd[1]: Started Hostname Service.
1月 09 21:34:01 ubuntu systemd[1]: systemd-hostnamed.service: Succeeded.
1月 09 21:35:23 ubuntu systemd[1]: Starting Hostname Service...
1月 09 21:35:23 ubuntu systemd[1]: Started Hostname Service.
1月 09 21:36:05 ubuntu systemd[1]: systemd-hostnamed.service: Succeeded.
-- Reboot --
3月 22 14:03:02 ubuntu systemd[1]: Starting Hostname Service...
3月 22 14:03:02 ubuntu systemd[1]: Started Hostname Service.
3月 22 14:03:49 ubuntu systemd[1]: systemd-hostnamed.service: Succeeded.
3月 22 14:12:17 ubuntu systemd[1]: Starting Hostname Service...
3月 22 14:12:17 ubuntu systemd[1]: Started Hostname Service.
3月 22 14:12:47 ubuntu systemd[1]: systemd-hostnamed.service: Succeeded.
-- Reboot --
3月 22 14:13:42 ubuntu systemd[1]: Starting Hostname Service...
3月 22 14:13:42 ubuntu systemd[1]: Started Hostname Service.
3月 22 14:14:15 ubuntu systemd[1]: systemd-hostnamed.service: Succeeded.
3月 22 14:16:14 ubuntu systemd[1]: Starting Hostname Service...
3月 22 14:16:14 ubuntu systemd[1]: Started Hostname Service.
3月 22 14:17:12 ubuntu systemd[1]: systemd-hostnamed.service: Succeeded.
-- Reboot --
3月 22 16:13:10 ubuntu systemd[1]: Starting Hostname Service...
3月 22 16:13:10 ubuntu systemd[1]: Started Hostname Service.
3月 22 16:13:45 ubuntu systemd[1]: systemd-hostnamed.service: Succeeded.
3月 22 16:13:50 ubuntu systemd[1]: Starting Hostname Service...
3月 22 16:13:50 ubuntu systemd[1]: Started Hostname Service.
3月 22 16:14:30 ubuntu systemd[1]: systemd-hostnamed.service: Succeeded.
-- Reboot --
3月 25 10:18:05 ubuntu systemd[1]: Starting Hostname Service...
3月 25 10:18:05 ubuntu systemd[1]: Started Hostname Service.
3月 25 10:19:18 ubuntu systemd[1]: systemd-hostnamed.service: Succeeded.
-- Reboot --
3月 25 10:45:16 ubuntu systemd[1]: Starting Hostname Service...
3月 25 10:45:16 ubuntu systemd[1]: Started Hostname Service.
3月 25 10:46:12 ubuntu systemd[1]: systemd-hostnamed.service: Succeeded.
-- Reboot --
3月 28 10:02:54 ubuntu systemd[1]: Starting Hostname Service...
3月 28 10:02:54 ubuntu systemd[1]: Started Hostname Service.
3月 28 10:04:00 ubuntu systemd[1]: systemd-hostnamed.service: Succeeded.
-- Reboot --
3月 28 14:59:44 ubuntu systemd[1]: Starting Hostname Service...
3月 28 14:59:44 ubuntu systemd[1]: Started Hostname Service.
3月 28 15:00:51 ubuntu systemd[1]: systemd-hostnamed.service: Succeeded.
3月 28 15:33:46 ubuntu systemd[1]: Starting Hostname Service...
3月 28 15:33:46 ubuntu systemd[1]: Started Hostname Service.
3月 28 15:34:17 ubuntu systemd[1]: systemd-hostnamed.service: Succeeded.
-- Reboot --
3月 28 16:17:46 ubuntu systemd[1]: Starting Hostname Service...
3月 28 16:17:47 ubuntu systemd[1]: Started Hostname Service.
3月 28 16:18:27 ubuntu systemd[1]: systemd-hostnamed.service: Succeeded.
3月 28 16:18:43 ubuntu systemd[1]: Starting Hostname Service...
3月 28 16:18:44 ubuntu systemd[1]: Started Hostname Service.
3月 28 16:19:27 ubuntu systemd[1]: systemd-hostnamed.service: Succeeded.
-- Reboot --
4月 01 10:14:21 ubuntu systemd[1]: Starting Hostname Service...
4月 01 10:14:25 ubuntu systemd[1]: Started Hostname Service.
4月 01 10:15:27 ubuntu systemd[1]: systemd-hostnamed.service: Succeeded.
4月 01 10:16:03 ubuntu systemd[1]: Starting Hostname Service...
4月 01 10:16:04 ubuntu systemd[1]: Started Hostname Service.
4月 01 10:16:34 ubuntu systemd[1]: systemd-hostnamed.service: Succeeded.
-- Reboot --
4月 01 10:25:05 ubuntu systemd[1]: Starting Hostname Service...
4月 01 10:25:05 ubuntu systemd[1]: Started Hostname Service.
4月 01 10:26:15 ubuntu systemd[1]: systemd-hostnamed.service: Succeeded.
-- Reboot --
4月 02 08:51:52 ubuntu systemd[1]: Starting Hostname Service...
4月 02 08:51:52 ubuntu systemd[1]: Started Hostname Service.
4月 02 08:53:04 ubuntu systemd[1]: systemd-hostnamed.service: Succeeded.
-- Reboot --
4月 02 09:04:37 ubuntu systemd[1]: Starting Hostname Service...
4月 02 09:04:38 ubuntu systemd[1]: Started Hostname Service.
4月 02 09:05:19 ubuntu systemd[1]: systemd-hostnamed.service: Succeeded.
-- Reboot --
4月 02 09:10:27 ubuntu systemd[1]: Starting Hostname Service...
4月 02 09:10:28 ubuntu systemd[1]: Started Hostname Service.
4月 02 09:11:01 ubuntu systemd[1]: systemd-hostnamed.service: Succeeded.
4月 02 09:11:27 ubuntu systemd[1]: Starting Hostname Service...
4月 02 09:11:27 ubuntu systemd[1]: Started Hostname Service.
4月 02 09:12:02 ubuntu systemd[1]: systemd-hostnamed.service: Succeeded.
-- Reboot --
4月 02 17:23:00 ubuntu systemd[1]: Starting Hostname Service...
4月 02 17:23:00 ubuntu systemd[1]: Started Hostname Service.
4月 02 17:23:49 ubuntu systemd[1]: systemd-hostnamed.service: Succeeded.
-- Reboot --
4月 02 17:51:33 ubuntu systemd[1]: Starting Hostname Service...
4月 02 17:51:33 ubuntu systemd[1]: Started Hostname Service.
4月 02 17:52:12 ubuntu systemd[1]: systemd-hostnamed.service: Succeeded.
-- Reboot --
4月 06 08:17:17 ubuntu systemd[1]: Starting Hostname Service...
4月 06 08:17:18 ubuntu systemd[1]: Started Hostname Service.
4月 06 08:17:55 ubuntu systemd[1]: systemd-hostnamed.service: Succeeded.
4月 06 08:18:05 ubuntu systemd[1]: Starting Hostname Service...
4月 06 08:18:06 ubuntu systemd[1]: Started Hostname Service.
4月 06 08:19:06 ubuntu systemd[1]: systemd-hostnamed.service: Succeeded.
-- Reboot --
4月 13 08:09:38 ubuntu systemd[1]: Starting Hostname Service...
4月 13 08:09:38 ubuntu systemd[1]: Started Hostname Service.
4月 13 08:10:41 ubuntu systemd[1]: systemd-hostnamed.service: Succeeded.
4月 13 08:11:36 ubuntu systemd[1]: Starting Hostname Service...
4月 13 08:11:36 ubuntu systemd[1]: Started Hostname Service.
4月 13 08:12:06 ubuntu systemd[1]: systemd-hostnamed.service: Succeeded.
-- Reboot --
4月 13 08:30:20 ubuntu systemd[1]: Starting Hostname Service...
4月 13 08:30:20 ubuntu systemd[1]: Started Hostname Service.
4月 13 08:31:12 ubuntu systemd[1]: systemd-hostnamed.service: Succeeded.
-- Reboot --
4月 13 10:23:39 ubuntu systemd[1]: Starting Hostname Service...
4月 13 10:23:40 ubuntu systemd[1]: Started Hostname Service.
4月 13 10:24:52 ubuntu systemd[1]: systemd-hostnamed.service: Succeeded.
4月 13 10:24:57 ubuntu systemd[1]: Starting Hostname Service...
4月 13 10:24:58 ubuntu systemd[1]: Started Hostname Service.
4月 13 10:25:28 ubuntu systemd[1]: systemd-hostnamed.service: Succeeded.
-- Reboot --
4月 13 14:46:33 ubuntu systemd[1]: Starting Hostname Service...
4月 13 14:46:33 ubuntu systemd[1]: Started Hostname Service.
4月 13 14:47:09 ubuntu systemd[1]: systemd-hostnamed.service: Succeeded.
4月 13 14:47:23 ubuntu systemd[1]: Starting Hostname Service...
4月 13 14:47:23 ubuntu systemd[1]: Started Hostname Service.
4月 13 14:47:53 ubuntu systemd[1]: systemd-hostnamed.service: Succeeded.
4月 13 14:51:13 ubuntu systemd[1]: Starting Hostname Service...
4月 13 14:51:13 ubuntu systemd[1]: Started Hostname Service.
4月 13 14:51:43 ubuntu systemd[1]: systemd-hostnamed.service: Succeeded.
-- Reboot --
4月 15 10:17:00 ubuntu systemd[1]: Starting Hostname Service...
4月 15 10:17:00 ubuntu systemd[1]: Started Hostname Service.
4月 15 10:17:34 ubuntu systemd[1]: systemd-hostnamed.service: Succeeded.
4月 15 10:19:05 ubuntu systemd[1]: Starting Hostname Service...
4月 15 10:19:05 ubuntu systemd[1]: Started Hostname Service.
4月 15 10:19:50 ubuntu systemd[1]: systemd-hostnamed.service: Succeeded.
-- Reboot --
4月 20 08:14:45 ubuntu systemd[1]: Starting Hostname Service...
4月 20 08:14:46 ubuntu systemd[1]: Started Hostname Service.
4月 20 08:15:26 ubuntu systemd[1]: systemd-hostnamed.service: Succeeded.
4月 20 08:15:53 ubuntu systemd[1]: Starting Hostname Service...
4月 20 08:15:54 ubuntu systemd[1]: Started Hostname Service.
4月 20 08:16:24 ubuntu systemd[1]: systemd-hostnamed.service: Succeeded.
-- Reboot --
4月 20 08:23:05 ubuntu systemd[1]: Starting Hostname Service...
4月 20 08:23:05 ubuntu systemd[1]: Started Hostname Service.
4月 20 08:23:52 ubuntu systemd[1]: systemd-hostnamed.service: Succeeded.
4月 20 08:30:33 ubuntu systemd[1]: Starting Hostname Service...
4月 20 08:30:33 ubuntu systemd[1]: Started Hostname Service.
4月 20 08:31:03 ubuntu systemd[1]: systemd-hostnamed.service: Succeeded.
-- Reboot --
4月 27 08:18:21 ubuntu systemd[1]: Starting Hostname Service...
4月 27 08:18:22 ubuntu systemd[1]: Started Hostname Service.
4月 27 08:19:24 ubuntu systemd[1]: systemd-hostnamed.service: Succeeded.
4月 27 08:24:45 ubuntu systemd[1]: Starting Hostname Service...
4月 27 08:24:46 ubuntu systemd[1]: Started Hostname Service.
4月 27 08:25:16 ubuntu systemd[1]: systemd-hostnamed.service: Succeeded.
4月 27 10:43:11 ubuntu systemd[1]: Starting Hostname Service...
4月 27 10:43:11 ubuntu systemd[1]: Started Hostname Service.
4月 27 10:43:41 ubuntu systemd[1]: systemd-hostnamed.service: Succeeded.
-- Reboot --
4月 27 11:07:09 ubuntu systemd[1]: Starting Hostname Service...
4月 27 11:07:10 ubuntu systemd[1]: Started Hostname Service.
4月 27 11:08:04 ubuntu systemd[1]: systemd-hostnamed.service: Succeeded.
-- Reboot --
4月 27 14:11:31 ubuntu systemd[1]: Starting Hostname Service...
4月 27 14:11:31 ubuntu systemd[1]: Started Hostname Service.
4月 27 14:12:17 ubuntu systemd[1]: systemd-hostnamed.service: Succeeded.
4月 27 14:28:48 ubuntu systemd[1]: Starting Hostname Service...
4月 27 14:28:48 ubuntu systemd[1]: Started Hostname Service.
4月 27 14:29:18 ubuntu systemd[1]: systemd-hostnamed.service: Succeeded.
4月 27 14:29:33 ubuntu systemd[1]: Starting Hostname Service...
4月 27 14:29:33 ubuntu systemd[1]: Started Hostname Service.
4月 27 14:30:03 ubuntu systemd[1]: systemd-hostnamed.service: Succeeded.
4月 27 14:31:15 ubuntu systemd[1]: Starting Hostname Service...
4月 27 14:31:15 ubuntu systemd[1]: Started Hostname Service.
4月 27 14:31:45 ubuntu systemd[1]: systemd-hostnamed.service: Succeeded.
4月 27 14:38:17 ubuntu systemd[1]: Starting Hostname Service...
4月 27 14:38:17 ubuntu systemd[1]: Started Hostname Service.
4月 27 14:38:47 ubuntu systemd[1]: systemd-hostnamed.service: Succeeded.
4月 27 14:55:27 ubuntu systemd[1]: Starting Hostname Service...
4月 27 14:55:27 ubuntu systemd[1]: Started Hostname Service.
4月 27 14:55:57 ubuntu systemd[1]: systemd-hostnamed.service: Succeeded.
-- Reboot --
4月 27 15:05:19 ubuntu systemd[1]: Starting Hostname Service...
4月 27 15:05:19 ubuntu systemd[1]: Started Hostname Service.
4月 27 15:05:52 ubuntu systemd[1]: systemd-hostnamed.service: Succeeded.
4月 27 15:05:56 ubuntu systemd[1]: Starting Hostname Service...
4月 27 15:05:56 ubuntu systemd[1]: Started Hostname Service.
4月 27 15:06:44 ubuntu systemd[1]: systemd-hostnamed.service: Succeeded.
-- Reboot --
4月 28 21:00:47 ubuntu systemd[1]: Starting Hostname Service...
4月 28 21:00:48 ubuntu systemd[1]: Started Hostname Service.
4月 28 21:01:48 ubuntu systemd[1]: systemd-hostnamed.service: Succeeded.
-- Reboot --
5月 06 10:06:15 ubuntu systemd[1]: Starting Hostname Service...
5月 06 10:06:15 ubuntu systemd[1]: Started Hostname Service.
5月 06 10:06:58 ubuntu systemd[1]: systemd-hostnamed.service: Succeeded.
5月 06 10:12:45 ubuntu systemd[1]: Starting Hostname Service...
5月 06 10:12:45 ubuntu systemd[1]: Started Hostname Service.
5月 06 10:13:16 ubuntu systemd[1]: systemd-hostnamed.service: Succeeded.
-- Reboot --
5月 06 10:17:46 ubuntu systemd[1]: Starting Hostname Service...
5月 06 10:17:46 ubuntu systemd[1]: Started Hostname Service.
5月 06 10:18:28 ubuntu systemd[1]: systemd-hostnamed.service: Succeeded.
-- Reboot --
5月 07 08:13:43 ubuntu systemd[1]: Starting Hostname Service...
5月 07 08:13:43 ubuntu systemd[1]: Started Hostname Service.
5月 07 08:14:29 ubuntu systemd[1]: systemd-hostnamed.service: Succeeded.
-- Reboot --
5月 08 14:53:46 ubuntu systemd[1]: Starting Hostname Service...
5月 08 14:53:46 ubuntu systemd[1]: Started Hostname Service.
5月 08 14:54:31 ubuntu systemd[1]: systemd-hostnamed.service: Succeeded.
-- Reboot --
5月 08 15:54:10 ubuntu systemd[1]: Starting Hostname Service...
5月 08 15:54:21 ubuntu systemd[1]: Started Hostname Service.
5月 08 15:55:20 ubuntu systemd[1]: systemd-hostnamed.service: Succeeded.
-- Reboot --
5月 08 16:27:21 ubuntu systemd[1]: Starting Hostname Service...
5月 08 16:27:21 ubuntu systemd[1]: Started Hostname Service.
5月 08 16:27:55 ubuntu systemd[1]: systemd-hostnamed.service: Succeeded.
-- Reboot --
5月 14 20:51:43 ubuntu systemd[1]: Starting Hostname Service...
5月 14 20:51:43 ubuntu systemd[1]: Started Hostname Service.
5月 14 20:52:41 ubuntu systemd[1]: systemd-hostnamed.service: Succeeded.
-- Reboot --
5月 15 00:06:13 ubuntu systemd[1]: Starting Hostname Service...
5月 15 00:06:13 ubuntu systemd[1]: Started Hostname Service.
5月 15 00:06:48 ubuntu systemd[1]: systemd-hostnamed.service: Succeeded.
5月 15 00:06:58 ubuntu systemd[1]: Starting Hostname Service...
5月 15 00:06:58 ubuntu systemd[1]: Started Hostname Service.
5月 15 00:07:28 ubuntu systemd[1]: systemd-hostnamed.service: Succeeded.
-- Reboot --
5月 15 00:15:06 ubuntu systemd[1]: Starting Hostname Service...
5月 15 00:15:06 ubuntu systemd[1]: Started Hostname Service.
5月 15 00:15:59 ubuntu systemd[1]: systemd-hostnamed.service: Succeeded.
-- Reboot --
5月 15 10:43:40 ubuntu systemd[1]: Starting Hostname Service...
5月 15 10:43:40 ubuntu systemd[1]: Started Hostname Service.
5月 15 10:44:39 ubuntu systemd[1]: systemd-hostnamed.service: Succeeded.
5月 15 10:53:46 ubuntu systemd[1]: Starting Hostname Service...
5月 15 10:53:46 ubuntu systemd[1]: Started Hostname Service.
5月 15 10:55:01 ubuntu systemd[1]: systemd-hostnamed.service: Succeeded.
-- Reboot --
5月 15 15:15:41 ubuntu systemd[1]: Starting Hostname Service...
5月 15 15:15:41 ubuntu systemd[1]: Started Hostname Service.
5月 15 15:16:31 ubuntu systemd[1]: systemd-hostnamed.service: Succeeded.
-- Reboot --
5月 15 16:28:27 ubuntu systemd[1]: Starting Hostname Service...
5月 15 16:28:27 ubuntu systemd[1]: Started Hostname Service.
5月 15 16:29:17 ubuntu systemd[1]: systemd-hostnamed.service: Succeeded.
-- Reboot --
5月 15 21:27:14 ubuntu systemd[1]: Starting Hostname Service...
5月 15 21:27:14 ubuntu systemd[1]: Started Hostname Service.
5月 15 21:28:14 ubuntu systemd[1]: systemd-hostnamed.service: Succeeded.
-- Reboot --
5月 31 15:28:45 ubuntu systemd[1]: Starting Hostname Service...
5月 31 15:28:45 ubuntu systemd[1]: Started Hostname Service.
5月 31 15:29:20 ubuntu systemd[1]: systemd-hostnamed.service: Succeeded.
5月 31 15:30:22 ubuntu systemd[1]: Starting Hostname Service...
5月 31 15:30:22 ubuntu systemd[1]: Started Hostname Service.
5月 31 15:30:52 ubuntu systemd[1]: systemd-hostnamed.service: Succeeded.
-- Reboot --
5月 31 16:19:54 ubuntu systemd[1]: Starting Hostname Service...
5月 31 16:19:54 ubuntu systemd[1]: Started Hostname Service.
5月 31 16:20:41 ubuntu systemd[1]: systemd-hostnamed.service: Succeeded.
5月 31 16:32:48 ubuntu systemd[1]: Starting Hostname Service...
5月 31 16:32:48 ubuntu systemd[1]: Started Hostname Service.
5月 31 16:33:31 ubuntu systemd[1]: systemd-hostnamed.service: Succeeded.
5月 31 16:50:49 ubuntu systemd[1]: Starting Hostname Service...
5月 31 16:50:49 ubuntu systemd[1]: Started Hostname Service.
5月 31 16:51:19 ubuntu systemd[1]: systemd-hostnamed.service: Succeeded.
5月 31 17:24:58 ubuntu systemd[1]: Starting Hostname Service...
5月 31 17:24:58 ubuntu systemd[1]: Started Hostname Service.
5月 31 17:25:28 ubuntu systemd[1]: systemd-hostnamed.service: Succeeded.
-- Reboot --
5月 31 21:00:56 ubuntu systemd[1]: Starting Hostname Service...
5月 31 21:00:56 ubuntu systemd[1]: Started Hostname Service.
5月 31 21:01:54 ubuntu systemd[1]: systemd-hostnamed.service: Succeeded.
5月 31 21:04:53 ubuntu systemd[1]: Starting Hostname Service...
5月 31 21:04:53 ubuntu systemd[1]: Started Hostname Service.
5月 31 21:05:23 ubuntu systemd[1]: systemd-hostnamed.service: Succeeded.
5月 31 21:39:15 ubuntu systemd[1]: Starting Hostname Service...
5月 31 21:39:15 ubuntu systemd[1]: Started Hostname Service.
5月 31 21:39:45 ubuntu systemd[1]: systemd-hostnamed.service: Succeeded.
-- Reboot --
6月 01 23:20:22 ubuntu systemd[1]: Starting Hostname Service...
6月 01 23:20:23 ubuntu systemd[1]: Started Hostname Service.
6月 01 23:21:16 ubuntu systemd[1]: systemd-hostnamed.service: Succeeded.
6月 01 23:21:52 ubuntu systemd[1]: Starting Hostname Service...
6月 01 23:21:53 ubuntu systemd[1]: Started Hostname Service.
6月 01 23:22:23 ubuntu systemd[1]: systemd-hostnamed.service: Succeeded.
6月 01 23:23:04 ubuntu systemd[1]: Starting Hostname Service...
6月 01 23:23:04 ubuntu systemd[1]: Started Hostname Service.
6月 01 23:23:34 ubuntu systemd[1]: systemd-hostnamed.service: Succeeded.
6月 01 23:24:35 ubuntu systemd[1]: Starting Hostname Service...
6月 01 23:24:35 ubuntu systemd[1]: Started Hostname Service.
6月 01 23:25:18 ubuntu systemd[1]: systemd-hostnamed.service: Succeeded.
-- Reboot --
6月 06 14:12:35 ubuntu systemd[1]: Starting Hostname Service...
6月 06 14:12:36 ubuntu systemd[1]: Started Hostname Service.
6月 06 14:13:20 ubuntu systemd[1]: systemd-hostnamed.service: Succeeded.
6月 06 15:03:04 ubuntu systemd[1]: Starting Hostname Service...
6月 06 15:03:04 ubuntu systemd[1]: Started Hostname Service.
6月 06 15:03:35 ubuntu systemd[1]: systemd-hostnamed.service: Succeeded.
-- Reboot --
6月 06 15:39:29 ubuntu systemd[1]: Starting Hostname Service...
6月 06 15:39:29 ubuntu systemd[1]: Started Hostname Service.
6月 06 15:40:20 ubuntu systemd[1]: systemd-hostnamed.service: Succeeded.
-- Reboot --
6月 06 15:44:10 ubuntu systemd[1]: Starting Hostname Service...
6月 06 15:44:12 ubuntu systemd[1]: Started Hostname Service.
6月 06 15:45:28 ubuntu systemd[1]: systemd-hostnamed.service: Succeeded.
-- Reboot --
6月 15 14:08:50 ubuntu systemd[1]: Starting Hostname Service...
6月 15 14:08:51 ubuntu systemd[1]: Started Hostname Service.
6月 15 14:09:40 ubuntu systemd[1]: systemd-hostnamed.service: Succeeded.
6月 15 15:13:41 ubuntu systemd[1]: Starting Hostname Service...
6月 15 15:13:42 ubuntu systemd[1]: Started Hostname Service.
6月 15 15:14:50 ubuntu systemd[1]: systemd-hostnamed.service: Succeeded.
6月 15 15:15:12 ubuntu systemd[1]: Starting Hostname Service...
6月 15 15:15:12 ubuntu systemd[1]: Started Hostname Service.
6月 15 15:15:42 ubuntu systemd[1]: systemd-hostnamed.service: Succeeded.
-- Reboot --
6月 16 14:48:28 ubuntu systemd[1]: Starting Hostname Service...
6月 16 14:48:29 ubuntu systemd[1]: Started Hostname Service.
6月 16 14:49:19 ubuntu systemd[1]: systemd-hostnamed.service: Succeeded.
-- Reboot --
2月 25 16:36:14 ubuntu systemd[1]: Starting Hostname Service...
2月 25 16:36:15 ubuntu systemd[1]: Started Hostname Service.
2月 25 16:37:18 ubuntu systemd[1]: systemd-hostnamed.service: Succeeded.
2月 25 16:37:53 ubuntu systemd[1]: Starting Hostname Service...
2月 25 16:37:53 ubuntu systemd[1]: Started Hostname Service.
2月 25 16:38:33 ubuntu systemd[1]: systemd-hostnamed.service: Succeeded.
-- Reboot --
3月 27 17:52:49 ubuntu systemd[1]: Starting Hostname Service...
3月 27 17:52:49 ubuntu systemd[1]: Started Hostname Service.
3月 27 17:53:18 ubuntu systemd[1]: systemd-hostnamed.service: Succeeded.
3月 27 17:56:27 ubuntu systemd[1]: Starting Hostname Service...
3月 27 17:56:27 ubuntu systemd[1]: Started Hostname Service.
3月 27 17:56:57 ubuntu systemd[1]: systemd-hostnamed.service: Succeeded.
3月 27 18:00:30 ubuntu systemd[1]: Starting Hostname Service...
3月 27 18:00:30 ubuntu systemd[1]: Started Hostname Service.
3月 27 18:01:00 ubuntu systemd[1]: systemd-hostnamed.service: Succeeded.
3月 27 18:08:16 ubuntu systemd[1]: Starting Hostname Service...
3月 27 18:08:16 ubuntu systemd[1]: Started Hostname Service.
-- Reboot --
3月 30 14:05:43 ubuntu systemd[1]: Starting Hostname Service...
3月 30 14:05:43 ubuntu systemd[1]: Started Hostname Service.
3月 30 14:06:18 ubuntu systemd[1]: systemd-hostnamed.service: Succeeded.
3月 30 14:15:39 ubuntu systemd[1]: Starting Hostname Service...
3月 30 14:15:39 ubuntu systemd[1]: Started Hostname Service.
3月 30 14:16:09 ubuntu systemd[1]: systemd-hostnamed.service: Succeeded.
3月 30 14:23:47 ubuntu systemd[1]: Starting Hostname Service...
3月 30 14:23:47 ubuntu systemd[1]: Started Hostname Service.
3月 30 14:24:17 ubuntu systemd[1]: systemd-hostnamed.service: Succeeded.
3月 30 14:44:01 ubuntu systemd[1]: Starting Hostname Service...
3月 30 14:44:01 ubuntu systemd[1]: Started Hostname Service.
3月 30 14:44:04 ubuntu systemd[1]: Stopping Hostname Service...
3月 30 14:44:04 ubuntu systemd[1]: systemd-hostnamed.service: Succeeded.
3月 30 14:44:04 ubuntu systemd[1]: Stopped Hostname Service.
-- Reboot --
3月 30 14:44:33 ubuntu systemd[1]: Starting Hostname Service...
3月 30 14:44:34 ubuntu systemd[1]: Started Hostname Service.
3月 30 14:45:21 ubuntu systemd[1]: systemd-hostnamed.service: Succeeded.
-- Reboot --
3月 30 15:12:20 ubuntu systemd[1]: Starting Hostname Service...
3月 30 15:12:20 ubuntu systemd[1]: Started Hostname Service.
3月 30 15:12:58 ubuntu systemd[1]: Stopping Hostname Service...
3月 30 15:12:58 ubuntu systemd[1]: systemd-hostnamed.service: Succeeded.
3月 30 15:12:58 ubuntu systemd[1]: Stopped Hostname Service.
-- Reboot --
3月 30 15:18:40 ubuntu systemd[1]: Starting Hostname Service...
3月 30 15:18:40 ubuntu systemd[1]: Started Hostname Service.
3月 30 15:19:30 ubuntu systemd[1]: systemd-hostnamed.service: Succeeded.
-- Reboot --
3月 30 22:57:14 ubuntu systemd[1]: Starting Hostname Service...
3月 30 22:57:14 ubuntu systemd[1]: Started Hostname Service.
3月 30 22:57:48 ubuntu systemd[1]: systemd-hostnamed.service: Succeeded.
3月 30 22:57:50 ubuntu systemd[1]: Starting Hostname Service...
3月 30 22:57:50 ubuntu systemd[1]: Started Hostname Service.
3月 30 22:58:20 ubuntu systemd[1]: systemd-hostnamed.service: Succeeded.
-- Reboot --
3月 30 23:00:45 ubuntu systemd[1]: Starting Hostname Service...
3月 30 23:00:46 ubuntu systemd[1]: Started Hostname Service.
3月 30 23:01:43 ubuntu systemd[1]: systemd-hostnamed.service: Succeeded.
-- Reboot --
3月 30 23:05:27 ubuntu systemd[1]: Starting Hostname Service...
3月 30 23:05:27 ubuntu systemd[1]: Started Hostname Service.
3月 30 23:06:13 ubuntu systemd[1]: systemd-hostnamed.service: Succeeded.
-- Reboot --
3月 31 18:40:20 ubuntu systemd[1]: Starting Hostname Service...
3月 31 18:40:20 ubuntu systemd[1]: Started Hostname Service.
3月 31 18:41:06 ubuntu systemd[1]: systemd-hostnamed.service: Succeeded.
3月 31 18:42:24 ubuntu systemd[1]: Starting Hostname Service...
3月 31 18:42:24 ubuntu systemd[1]: Started Hostname Service.
3月 31 18:42:54 ubuntu systemd[1]: systemd-hostnamed.service: Succeeded.
3月 31 18:52:49 ubuntu systemd[1]: Starting Hostname Service...
3月 31 18:52:49 ubuntu systemd[1]: Started Hostname Service.
3月 31 18:53:19 ubuntu systemd[1]: systemd-hostnamed.service: Succeeded.
3月 31 18:53:30 ubuntu systemd[1]: Starting Hostname Service...
3月 31 18:53:30 ubuntu systemd[1]: Started Hostname Service.
3月 31 18:53:35 ubuntu systemd[1]: Stopping Hostname Service...
3月 31 18:53:35 ubuntu systemd[1]: systemd-hostnamed.service: Succeeded.
3月 31 18:53:35 ubuntu systemd[1]: Stopped Hostname Service.
-- Reboot --
3月 31 18:54:17 ubuntu systemd[1]: Starting Hostname Service...
3月 31 18:54:18 ubuntu systemd[1]: Started Hostname Service.
3月 31 18:55:06 ubuntu systemd[1]: systemd-hostnamed.service: Succeeded.
-- Reboot --
3月 31 19:04:01 ubuntu systemd[1]: Starting Hostname Service...
3月 31 19:04:02 ubuntu systemd[1]: Started Hostname Service.
3月 31 19:04:51 ubuntu systemd[1]: systemd-hostnamed.service: Succeeded.
-- Reboot --
3月 31 19:27:36 ubuntu systemd[1]: Starting Hostname Service...
3月 31 19:27:36 ubuntu systemd[1]: Started Hostname Service.
3月 31 19:28:32 ubuntu systemd[1]: systemd-hostnamed.service: Succeeded.
-- Reboot --
3月 31 19:43:31 ubuntu systemd[1]: Starting Hostname Service...
3月 31 19:43:31 ubuntu systemd[1]: Started Hostname Service.
3月 31 19:44:20 ubuntu systemd[1]: systemd-hostnamed.service: Succeeded.
-- Reboot --
3月 31 19:58:20 ubuntu systemd[1]: Starting Hostname Service...
3月 31 19:58:20 ubuntu systemd[1]: Started Hostname Service.
3月 31 19:58:53 ubuntu systemd[1]: systemd-hostnamed.service: Succeeded.
3月 31 20:02:39 ubuntu systemd[1]: Starting Hostname Service...
3月 31 20:02:39 ubuntu systemd[1]: Started Hostname Service.
3月 31 20:03:09 ubuntu systemd[1]: systemd-hostnamed.service: Succeeded.
-- Reboot --
3月 31 20:24:35 ubuntu systemd[1]: Starting Hostname Service...
3月 31 20:24:35 ubuntu systemd[1]: Started Hostname Service.
3月 31 20:25:37 ubuntu systemd[1]: systemd-hostnamed.service: Succeeded.
-- Reboot --
4月 02 17:05:04 ubuntu systemd[1]: Starting Hostname Service...
4月 02 17:05:05 ubuntu systemd[1]: Started Hostname Service.
4月 02 17:05:49 ubuntu systemd[1]: systemd-hostnamed.service: Succeeded.
-- Reboot --
4月 14 20:21:37 ubuntu systemd[1]: Starting Hostname Service...
4月 14 20:21:40 ubuntu systemd[1]: Started Hostname Service.
4月 14 20:22:21 ubuntu systemd[1]: systemd-hostnamed.service: Succeeded.
-- Reboot --
4月 14 20:55:49 ubuntu systemd[1]: Starting Hostname Service...
4月 14 20:55:50 ubuntu systemd[1]: Started Hostname Service.
4月 14 20:56:15 ubuntu systemd[1]: systemd-hostnamed.service: Succeeded.
4月 14 20:56:36 ubuntu systemd[1]: Starting Hostname Service...
4月 14 20:56:36 ubuntu systemd[1]: Started Hostname Service.
4月 14 20:57:06 ubuntu systemd[1]: systemd-hostnamed.service: Succeeded.
-- Reboot --
4月 15 22:31:07 ubuntu systemd[1]: Starting Hostname Service...
4月 15 22:31:07 ubuntu systemd[1]: Started Hostname Service.
4月 15 22:31:43 ubuntu systemd[1]: systemd-hostnamed.service: Succeeded.
4月 15 22:32:10 ubuntu systemd[1]: Starting Hostname Service...
4月 15 22:32:11 ubuntu systemd[1]: Started Hostname Service.
4月 15 22:32:41 ubuntu systemd[1]: systemd-hostnamed.service: Succeeded.
4月 15 22:34:11 ubuntu systemd[1]: Starting Hostname Service...
4月 15 22:34:11 ubuntu systemd[1]: Started Hostname Service.
4月 15 22:34:41 ubuntu systemd[1]: systemd-hostnamed.service: Succeeded.
-- Reboot --
4月 15 22:43:42 ubuntu systemd[1]: Starting Hostname Service...
4月 15 22:43:42 ubuntu systemd[1]: Started Hostname Service.
4月 15 22:44:15 ubuntu systemd[1]: systemd-hostnamed.service: Succeeded.
4月 15 22:57:40 ubuntu systemd[1]: Starting Hostname Service...
4月 15 22:57:40 ubuntu systemd[1]: Started Hostname Service.
4月 15 22:58:10 ubuntu systemd[1]: systemd-hostnamed.service: Succeeded.
-- Reboot --
4月 19 18:41:05 ubuntu systemd[1]: Starting Hostname Service...
4月 19 18:41:05 ubuntu systemd[1]: Started Hostname Service.
4月 19 18:41:41 ubuntu systemd[1]: systemd-hostnamed.service: Succeeded.
4月 19 18:42:55 ubuntu systemd[1]: Starting Hostname Service...
4月 19 18:42:55 ubuntu systemd[1]: Started Hostname Service.
4月 19 18:43:25 ubuntu systemd[1]: systemd-hostnamed.service: Succeeded.
-- Reboot --
4月 19 19:16:16 ubuntu systemd[1]: Starting Hostname Service...
4月 19 19:16:16 ubuntu systemd[1]: Started Hostname Service.
4月 19 19:16:51 ubuntu systemd[1]: systemd-hostnamed.service: Succeeded.
4月 19 19:17:01 ubuntu systemd[1]: Starting Hostname Service...
4月 19 19:17:01 ubuntu systemd[1]: Started Hostname Service.
4月 19 19:17:31 ubuntu systemd[1]: systemd-hostnamed.service: Succeeded.
-- Reboot --
4月 21 14:58:07 ubuntu systemd[1]: Starting Hostname Service...
4月 21 14:58:07 ubuntu systemd[1]: Started Hostname Service.
4月 21 14:58:57 ubuntu systemd[1]: systemd-hostnamed.service: Succeeded.
4月 21 15:15:07 ubuntu systemd[1]: Starting Hostname Service...
4月 21 15:15:07 ubuntu systemd[1]: Started Hostname Service.
4月 21 15:15:38 ubuntu systemd[1]: systemd-hostnamed.service: Succeeded.

