-- Logs begin at Sat 2022-01-08 18:32:32 CST, end at Fri 2023-04-21 17:32:00 CST. --
1月 09 21:32:59 ubuntu systemd[1]: Stopping Disk Manager...
1月 09 21:32:59 ubuntu udisksd[879]: udisks daemon version 2.8.4 exiting
1月 09 21:32:59 ubuntu systemd[1]: udisks2.service: Succeeded.
1月 09 21:32:59 ubuntu systemd[1]: Stopped Disk Manager.
-- Reboot --
1月 09 21:33:15 ubuntu systemd[1]: Starting Disk Manager...
1月 09 21:33:15 ubuntu udisksd[897]: udisks daemon version 2.8.4 starting
1月 09 21:33:15 ubuntu udisksd[897]: failed to load module mdraid: libbd_mdraid.so.2: cannot open shared object file: No such file or directory
1月 09 21:33:15 ubuntu udisksd[897]: Failed to load the 'mdraid' libblockdev plugin
1月 09 21:33:15 ubuntu udisksd[897]: Acquired the name org.freedesktop.UDisks2 on the system message bus
1月 09 21:33:15 ubuntu udisksd[897]: mountpoint /media/ree/CDROM is invalid, cannot recover the canonical path 
1月 09 21:33:15 ubuntu udisksd[897]: Cleaning up mount point /media/ree/CDROM (device 11:0 is not mounted)
1月 09 21:33:15 ubuntu udisksd[897]: mountpoint /media/ree/Ubuntu 20.04.3 LTS amd64 is invalid, cannot recover the canonical path 
1月 09 21:33:15 ubuntu udisksd[897]: Cleaning up mount point /media/ree/Ubuntu 20.04.3 LTS amd64 (device 11:1 is not mounted)
1月 09 21:33:15 ubuntu systemd[1]: Started Disk Manager.
1月 09 21:33:28 ubuntu udisksd[897]: Mounted /dev/sr0 at /media/ree/CDROM on behalf of uid 1000
1月 09 21:33:28 ubuntu udisksd[897]: Mounted /dev/sr1 at /media/ree/Ubuntu 20.04.3 LTS amd64 on behalf of uid 1000
-- Reboot --
3月 22 14:03:02 ubuntu systemd[1]: Starting Disk Manager...
3月 22 14:03:02 ubuntu udisksd[895]: udisks daemon version 2.8.4 starting
3月 22 14:03:02 ubuntu udisksd[895]: failed to load module mdraid: libbd_mdraid.so.2: cannot open shared object file: No such file or directory
3月 22 14:03:02 ubuntu udisksd[895]: Failed to load the 'mdraid' libblockdev plugin
3月 22 14:03:02 ubuntu systemd[1]: Started Disk Manager.
3月 22 14:03:02 ubuntu udisksd[895]: Acquired the name org.freedesktop.UDisks2 on the system message bus
3月 22 14:03:02 ubuntu udisksd[895]: Cleaning up mount point /media/ree/CDROM (device 11:0 is not mounted)
3月 22 14:03:02 ubuntu udisksd[895]: Cleaning up mount point /media/ree/Ubuntu 20.04.3 LTS amd64 (device 11:1 is not mounted)
3月 22 14:03:19 ubuntu udisksd[895]: Mounted /dev/sr1 at /media/ree/Ubuntu 20.04.3 LTS amd64 on behalf of uid 1000
3月 22 14:03:19 ubuntu udisksd[895]: Mounted /dev/sr0 at /media/ree/CDROM on behalf of uid 1000
3月 22 14:13:28 ubuntu systemd[1]: Stopping Disk Manager...
3月 22 14:13:28 ubuntu udisksd[895]: udisks daemon version 2.8.4 exiting
3月 22 14:13:28 ubuntu systemd[1]: udisks2.service: Succeeded.
3月 22 14:13:28 ubuntu systemd[1]: Stopped Disk Manager.
-- Reboot --
3月 22 14:13:42 ubuntu systemd[1]: Starting Disk Manager...
3月 22 14:13:42 ubuntu udisksd[912]: udisks daemon version 2.8.4 starting
3月 22 14:13:42 ubuntu udisksd[912]: failed to load module mdraid: libbd_mdraid.so.2: cannot open shared object file: No such file or directory
3月 22 14:13:42 ubuntu udisksd[912]: Failed to load the 'mdraid' libblockdev plugin
3月 22 14:13:42 ubuntu systemd[1]: Started Disk Manager.
3月 22 14:13:42 ubuntu udisksd[912]: Acquired the name org.freedesktop.UDisks2 on the system message bus
3月 22 14:13:42 ubuntu udisksd[912]: mountpoint /media/ree/Ubuntu 20.04.3 LTS amd64 is invalid, cannot recover the canonical path 
3月 22 14:13:42 ubuntu udisksd[912]: Cleaning up mount point /media/ree/Ubuntu 20.04.3 LTS amd64 (device 11:1 is not mounted)
3月 22 14:13:42 ubuntu udisksd[912]: mountpoint /media/ree/CDROM is invalid, cannot recover the canonical path 
3月 22 14:13:42 ubuntu udisksd[912]: Cleaning up mount point /media/ree/CDROM (device 11:0 is not mounted)
3月 22 14:16:14 ubuntu udisksd[912]: Mounted /dev/sr0 at /media/ree/CDROM on behalf of uid 1000
3月 22 14:16:14 ubuntu udisksd[912]: Mounted /dev/sr1 at /media/ree/Ubuntu 20.04.3 LTS amd64 on behalf of uid 1000
3月 22 14:22:48 ubuntu systemd[1]: Stopping Disk Manager...
3月 22 14:22:48 ubuntu udisksd[912]: udisks daemon version 2.8.4 exiting
3月 22 14:22:48 ubuntu systemd[1]: udisks2.service: Succeeded.
3月 22 14:22:48 ubuntu systemd[1]: Stopped Disk Manager.
-- Reboot --
3月 22 16:13:10 ubuntu systemd[1]: Starting Disk Manager...
3月 22 16:13:10 ubuntu udisksd[916]: udisks daemon version 2.8.4 starting
3月 22 16:13:10 ubuntu udisksd[916]: failed to load module mdraid: libbd_mdraid.so.2: cannot open shared object file: No such file or directory
3月 22 16:13:10 ubuntu udisksd[916]: Failed to load the 'mdraid' libblockdev plugin
3月 22 16:13:10 ubuntu systemd[1]: Started Disk Manager.
3月 22 16:13:10 ubuntu udisksd[916]: Acquired the name org.freedesktop.UDisks2 on the system message bus
3月 22 16:13:10 ubuntu udisksd[916]: mountpoint /media/ree/CDROM is invalid, cannot recover the canonical path 
3月 22 16:13:10 ubuntu udisksd[916]: Cleaning up mount point /media/ree/CDROM (device 11:0 is not mounted)
3月 22 16:13:10 ubuntu udisksd[916]: mountpoint /media/ree/Ubuntu 20.04.3 LTS amd64 is invalid, cannot recover the canonical path 
3月 22 16:13:10 ubuntu udisksd[916]: Cleaning up mount point /media/ree/Ubuntu 20.04.3 LTS amd64 (device 11:1 is not mounted)
3月 22 16:13:50 ubuntu udisksd[916]: Mounted /dev/sr1 at /media/ree/Ubuntu 20.04.3 LTS amd64 on behalf of uid 1000
3月 22 16:13:50 ubuntu udisksd[916]: Mounted /dev/sr0 at /media/ree/CDROM on behalf of uid 1000
3月 22 17:37:59 ubuntu systemd[1]: Stopping Disk Manager...
3月 22 17:37:59 ubuntu udisksd[916]: udisks daemon version 2.8.4 exiting
3月 22 17:37:59 ubuntu systemd[1]: udisks2.service: Succeeded.
3月 22 17:37:59 ubuntu systemd[1]: Stopped Disk Manager.
-- Reboot --
3月 25 10:18:04 ubuntu systemd[1]: Starting Disk Manager...
3月 25 10:18:04 ubuntu udisksd[943]: udisks daemon version 2.8.4 starting
3月 25 10:18:05 ubuntu udisksd[943]: failed to load module mdraid: libbd_mdraid.so.2: cannot open shared object file: No such file or directory
3月 25 10:18:05 ubuntu udisksd[943]: Failed to load the 'mdraid' libblockdev plugin
3月 25 10:18:05 ubuntu systemd[1]: Started Disk Manager.
3月 25 10:18:05 ubuntu udisksd[943]: Acquired the name org.freedesktop.UDisks2 on the system message bus
3月 25 10:18:05 ubuntu udisksd[943]: mountpoint /media/ree/Ubuntu 20.04.3 LTS amd64 is invalid, cannot recover the canonical path 
3月 25 10:18:05 ubuntu udisksd[943]: Cleaning up mount point /media/ree/Ubuntu 20.04.3 LTS amd64 (device 11:1 is not mounted)
3月 25 10:18:05 ubuntu udisksd[943]: mountpoint /media/ree/CDROM is invalid, cannot recover the canonical path 
3月 25 10:18:05 ubuntu udisksd[943]: Cleaning up mount point /media/ree/CDROM (device 11:0 is not mounted)
3月 25 10:18:34 ubuntu udisksd[943]: Mounted /dev/sr1 at /media/ree/Ubuntu 20.04.3 LTS amd64 on behalf of uid 1000
3月 25 10:18:34 ubuntu udisksd[943]: Mounted /dev/sr0 at /media/ree/CDROM on behalf of uid 1000
3月 25 10:36:28 ubuntu systemd[1]: Stopping Disk Manager...
3月 25 10:36:28 ubuntu udisksd[943]: udisks daemon version 2.8.4 exiting
3月 25 10:36:28 ubuntu systemd[1]: udisks2.service: Succeeded.
3月 25 10:36:28 ubuntu systemd[1]: Stopped Disk Manager.
-- Reboot --
3月 25 10:45:15 ubuntu systemd[1]: Starting Disk Manager...
3月 25 10:45:15 ubuntu udisksd[936]: udisks daemon version 2.8.4 starting
3月 25 10:45:16 ubuntu udisksd[936]: failed to load module mdraid: libbd_mdraid.so.2: cannot open shared object file: No such file or directory
3月 25 10:45:16 ubuntu udisksd[936]: Failed to load the 'mdraid' libblockdev plugin
3月 25 10:45:16 ubuntu systemd[1]: Started Disk Manager.
3月 25 10:45:16 ubuntu udisksd[936]: Acquired the name org.freedesktop.UDisks2 on the system message bus
3月 25 10:45:16 ubuntu udisksd[936]: mountpoint /media/ree/Ubuntu 20.04.3 LTS amd64 is invalid, cannot recover the canonical path 
3月 25 10:45:16 ubuntu udisksd[936]: Cleaning up mount point /media/ree/Ubuntu 20.04.3 LTS amd64 (device 11:1 is not mounted)
3月 25 10:45:16 ubuntu udisksd[936]: mountpoint /media/ree/CDROM is invalid, cannot recover the canonical path 
3月 25 10:45:16 ubuntu udisksd[936]: Cleaning up mount point /media/ree/CDROM (device 11:0 is not mounted)
3月 25 10:45:42 ubuntu udisksd[936]: Mounted /dev/sr0 at /media/ree/CDROM on behalf of uid 1000
3月 25 10:45:42 ubuntu udisksd[936]: Mounted /dev/sr1 at /media/ree/Ubuntu 20.04.3 LTS amd64 on behalf of uid 1000
-- Reboot --
3月 28 10:02:53 ubuntu systemd[1]: Starting Disk Manager...
3月 28 10:02:53 ubuntu udisksd[931]: udisks daemon version 2.8.4 starting
3月 28 10:02:54 ubuntu udisksd[931]: failed to load module mdraid: libbd_mdraid.so.2: cannot open shared object file: No such file or directory
3月 28 10:02:54 ubuntu udisksd[931]: Failed to load the 'mdraid' libblockdev plugin
3月 28 10:02:54 ubuntu systemd[1]: Started Disk Manager.
3月 28 10:02:54 ubuntu udisksd[931]: Acquired the name org.freedesktop.UDisks2 on the system message bus
3月 28 10:02:54 ubuntu udisksd[931]: Cleaning up mount point /media/ree/CDROM (device 11:0 is not mounted)
3月 28 10:02:54 ubuntu udisksd[931]: Cleaning up mount point /media/ree/Ubuntu 20.04.3 LTS amd64 (device 11:1 is not mounted)
3月 28 10:03:21 ubuntu udisksd[931]: Mounted /dev/sr0 at /media/ree/CDROM on behalf of uid 1000
-- Reboot --
3月 28 14:59:43 ubuntu systemd[1]: Starting Disk Manager...
3月 28 14:59:44 ubuntu udisksd[934]: udisks daemon version 2.8.4 starting
3月 28 14:59:44 ubuntu udisksd[934]: failed to load module mdraid: libbd_mdraid.so.2: cannot open shared object file: No such file or directory
3月 28 14:59:44 ubuntu udisksd[934]: Failed to load the 'mdraid' libblockdev plugin
3月 28 14:59:44 ubuntu systemd[1]: Started Disk Manager.
3月 28 14:59:44 ubuntu udisksd[934]: Acquired the name org.freedesktop.UDisks2 on the system message bus
3月 28 14:59:44 ubuntu udisksd[934]: Cleaning up mount point /media/ree/CDROM (device 11:0 is not mounted)
3月 28 15:00:11 ubuntu udisksd[934]: Mounted /dev/sr0 at /media/ree/CDROM on behalf of uid 1000
3月 28 15:53:54 ubuntu systemd[1]: Stopping Disk Manager...
3月 28 15:53:54 ubuntu udisksd[934]: udisks daemon version 2.8.4 exiting
3月 28 15:53:54 ubuntu systemd[1]: udisks2.service: Succeeded.
3月 28 15:53:54 ubuntu systemd[1]: Stopped Disk Manager.
-- Reboot --
3月 28 16:17:45 ubuntu systemd[1]: Starting Disk Manager...
3月 28 16:17:45 ubuntu udisksd[829]: udisks daemon version 2.8.4 starting
3月 28 16:17:46 ubuntu udisksd[829]: failed to load module mdraid: libbd_mdraid.so.2: cannot open shared object file: No such file or directory
3月 28 16:17:46 ubuntu udisksd[829]: Failed to load the 'mdraid' libblockdev plugin
3月 28 16:17:46 ubuntu systemd[1]: Started Disk Manager.
3月 28 16:17:46 ubuntu udisksd[829]: Acquired the name org.freedesktop.UDisks2 on the system message bus
3月 28 16:17:46 ubuntu udisksd[829]: mountpoint /media/ree/CDROM is invalid, cannot recover the canonical path 
3月 28 16:17:46 ubuntu udisksd[829]: Cleaning up mount point /media/ree/CDROM (device 11:0 is not mounted)
3月 28 16:18:43 ubuntu udisksd[829]: Mounted /dev/sr1 at /media/ree/CDROM on behalf of uid 1000
3月 28 16:18:43 ubuntu udisksd[829]: Mounted /dev/sr0 at /media/ree/CDROM1 on behalf of uid 1000
3月 28 17:29:19 ubuntu systemd[1]: Stopping Disk Manager...
3月 28 17:29:20 ubuntu udisksd[829]: udisks daemon version 2.8.4 exiting
3月 28 17:29:20 ubuntu systemd[1]: udisks2.service: Succeeded.
3月 28 17:29:20 ubuntu systemd[1]: Stopped Disk Manager.
-- Reboot --
4月 01 10:14:20 ubuntu systemd[1]: Starting Disk Manager...
4月 01 10:14:20 ubuntu udisksd[886]: udisks daemon version 2.8.4 starting
4月 01 10:14:21 ubuntu udisksd[886]: failed to load module mdraid: libbd_mdraid.so.2: cannot open shared object file: No such file or directory
4月 01 10:14:21 ubuntu udisksd[886]: Failed to load the 'mdraid' libblockdev plugin
4月 01 10:14:22 ubuntu systemd[1]: Started Disk Manager.
4月 01 10:14:22 ubuntu udisksd[886]: mountpoint /media/ree/CDROM is invalid, cannot recover the canonical path 
4月 01 10:14:22 ubuntu udisksd[886]: Cleaning up mount point /media/ree/CDROM (device 11:1 is not mounted)
4月 01 10:14:22 ubuntu udisksd[886]: mountpoint /media/ree/CDROM1 is invalid, cannot recover the canonical path 
4月 01 10:14:22 ubuntu udisksd[886]: Cleaning up mount point /media/ree/CDROM1 (device 11:0 is not mounted)
4月 01 10:14:22 ubuntu udisksd[886]: Acquired the name org.freedesktop.UDisks2 on the system message bus
4月 01 10:14:56 ubuntu udisksd[886]: Mounted /dev/sr0 at /media/ree/CDROM1 on behalf of uid 1000
4月 01 10:14:56 ubuntu udisksd[886]: Mounted /dev/sr1 at /media/ree/CDROM on behalf of uid 1000
4月 01 10:24:19 ubuntu udisksd[886]: udisks daemon version 2.8.4 exiting
4月 01 10:24:19 ubuntu systemd[1]: Stopping Disk Manager...
4月 01 10:24:19 ubuntu systemd[1]: udisks2.service: Succeeded.
4月 01 10:24:19 ubuntu systemd[1]: Stopped Disk Manager.
-- Reboot --
4月 01 10:25:04 ubuntu systemd[1]: Starting Disk Manager...
4月 01 10:25:05 ubuntu udisksd[890]: udisks daemon version 2.8.4 starting
4月 01 10:25:05 ubuntu udisksd[890]: failed to load module mdraid: libbd_mdraid.so.2: cannot open shared object file: No such file or directory
4月 01 10:25:05 ubuntu udisksd[890]: Failed to load the 'mdraid' libblockdev plugin
4月 01 10:25:05 ubuntu systemd[1]: Started Disk Manager.
4月 01 10:25:05 ubuntu udisksd[890]: Acquired the name org.freedesktop.UDisks2 on the system message bus
4月 01 10:25:05 ubuntu udisksd[890]: mountpoint /media/ree/CDROM1 is invalid, cannot recover the canonical path 
4月 01 10:25:05 ubuntu udisksd[890]: Cleaning up mount point /media/ree/CDROM1 (device 11:0 is not mounted)
4月 01 10:25:05 ubuntu udisksd[890]: mountpoint /media/ree/CDROM is invalid, cannot recover the canonical path 
4月 01 10:25:05 ubuntu udisksd[890]: Cleaning up mount point /media/ree/CDROM (device 11:1 is not mounted)
4月 01 10:25:33 ubuntu udisksd[890]: Mounted /dev/sr0 at /media/ree/CDROM1 on behalf of uid 1000
4月 01 10:25:33 ubuntu udisksd[890]: Mounted /dev/sr1 at /media/ree/CDROM on behalf of uid 1000
4月 01 12:03:43 ubuntu systemd[1]: Stopping Disk Manager...
4月 01 12:03:43 ubuntu udisksd[890]: udisks daemon version 2.8.4 exiting
4月 01 12:03:43 ubuntu systemd[1]: udisks2.service: Succeeded.
4月 01 12:03:43 ubuntu systemd[1]: Stopped Disk Manager.
-- Reboot --
4月 02 08:51:51 ubuntu systemd[1]: Starting Disk Manager...
4月 02 08:51:51 ubuntu udisksd[884]: udisks daemon version 2.8.4 starting
4月 02 08:51:51 ubuntu udisksd[884]: failed to load module mdraid: libbd_mdraid.so.2: cannot open shared object file: No such file or directory
4月 02 08:51:51 ubuntu udisksd[884]: Failed to load the 'mdraid' libblockdev plugin
4月 02 08:51:52 ubuntu udisksd[884]: Acquired the name org.freedesktop.UDisks2 on the system message bus
4月 02 08:51:52 ubuntu udisksd[884]: mountpoint /media/ree/CDROM1 is invalid, cannot recover the canonical path 
4月 02 08:51:52 ubuntu udisksd[884]: Cleaning up mount point /media/ree/CDROM1 (device 11:0 is not mounted)
4月 02 08:51:52 ubuntu udisksd[884]: mountpoint /media/ree/CDROM is invalid, cannot recover the canonical path 
4月 02 08:51:52 ubuntu udisksd[884]: Cleaning up mount point /media/ree/CDROM (device 11:1 is not mounted)
4月 02 08:51:52 ubuntu systemd[1]: Started Disk Manager.
4月 02 08:52:20 ubuntu udisksd[884]: Mounted /dev/sr1 at /media/ree/CDROM on behalf of uid 1000
4月 02 08:52:20 ubuntu udisksd[884]: Mounted /dev/sr0 at /media/ree/CDROM1 on behalf of uid 1000
-- Reboot --
4月 02 09:04:36 ubuntu systemd[1]: Starting Disk Manager...
4月 02 09:04:37 ubuntu udisksd[889]: udisks daemon version 2.8.4 starting
4月 02 09:04:37 ubuntu udisksd[889]: failed to load module mdraid: libbd_mdraid.so.2: cannot open shared object file: No such file or directory
4月 02 09:04:37 ubuntu udisksd[889]: Failed to load the 'mdraid' libblockdev plugin
4月 02 09:04:38 ubuntu systemd[1]: Started Disk Manager.
4月 02 09:04:38 ubuntu udisksd[889]: Acquired the name org.freedesktop.UDisks2 on the system message bus
4月 02 09:04:38 ubuntu udisksd[889]: Cleaning up mount point /media/ree/CDROM (device 11:1 is not mounted)
4月 02 09:04:38 ubuntu udisksd[889]: Cleaning up mount point /media/ree/CDROM1 (device 11:0 is not mounted)
-- Reboot --
4月 02 09:10:27 ubuntu systemd[1]: Starting Disk Manager...
4月 02 09:10:27 ubuntu udisksd[895]: udisks daemon version 2.8.4 starting
4月 02 09:10:27 ubuntu udisksd[895]: failed to load module mdraid: libbd_mdraid.so.2: cannot open shared object file: No such file or directory
4月 02 09:10:28 ubuntu udisksd[895]: Failed to load the 'mdraid' libblockdev plugin
4月 02 09:10:28 ubuntu systemd[1]: Started Disk Manager.
4月 02 09:10:28 ubuntu udisksd[895]: Acquired the name org.freedesktop.UDisks2 on the system message bus
4月 02 09:11:27 ubuntu udisksd[895]: Mounted /dev/sr0 at /media/ree/CDROM1 on behalf of uid 1000
4月 02 09:11:27 ubuntu udisksd[895]: Mounted /dev/sr1 at /media/ree/CDROM on behalf of uid 1000
4月 02 09:29:37 ubuntu systemd[1]: Stopping Disk Manager...
4月 02 09:29:37 ubuntu udisksd[895]: udisks daemon version 2.8.4 exiting
4月 02 09:29:37 ubuntu systemd[1]: udisks2.service: Succeeded.
4月 02 09:29:37 ubuntu systemd[1]: Stopped Disk Manager.
-- Reboot --
4月 02 17:22:59 ubuntu systemd[1]: Starting Disk Manager...
4月 02 17:22:59 ubuntu udisksd[813]: udisks daemon version 2.8.4 starting
4月 02 17:23:00 ubuntu udisksd[813]: failed to load module mdraid: libbd_mdraid.so.2: cannot open shared object file: No such file or directory
4月 02 17:23:00 ubuntu udisksd[813]: Failed to load the 'mdraid' libblockdev plugin
4月 02 17:23:00 ubuntu systemd[1]: Started Disk Manager.
4月 02 17:23:00 ubuntu udisksd[813]: Acquired the name org.freedesktop.UDisks2 on the system message bus
4月 02 17:23:00 ubuntu udisksd[813]: mountpoint /media/ree/CDROM1 is invalid, cannot recover the canonical path 
4月 02 17:23:00 ubuntu udisksd[813]: Cleaning up mount point /media/ree/CDROM1 (device 11:0 is not mounted)
4月 02 17:23:00 ubuntu udisksd[813]: mountpoint /media/ree/CDROM is invalid, cannot recover the canonical path 
4月 02 17:23:00 ubuntu udisksd[813]: Cleaning up mount point /media/ree/CDROM (device 11:1 is not mounted)
4月 02 17:23:18 ubuntu udisksd[813]: Mounted /dev/sr1 at /media/ree/CDROM on behalf of uid 1000
4月 02 17:23:18 ubuntu udisksd[813]: Mounted /dev/sr0 at /media/ree/CDROM1 on behalf of uid 1000
4月 02 17:51:13 ubuntu systemd[1]: Stopping Disk Manager...
4月 02 17:51:13 ubuntu udisksd[813]: udisks daemon version 2.8.4 exiting
4月 02 17:51:13 ubuntu systemd[1]: udisks2.service: Succeeded.
4月 02 17:51:13 ubuntu systemd[1]: Stopped Disk Manager.
-- Reboot --
4月 02 17:51:33 ubuntu systemd[1]: Starting Disk Manager...
4月 02 17:51:33 ubuntu udisksd[895]: udisks daemon version 2.8.4 starting
4月 02 17:51:33 ubuntu udisksd[895]: failed to load module mdraid: libbd_mdraid.so.2: cannot open shared object file: No such file or directory
4月 02 17:51:33 ubuntu udisksd[895]: Failed to load the 'mdraid' libblockdev plugin
4月 02 17:51:33 ubuntu udisksd[895]: Acquired the name org.freedesktop.UDisks2 on the system message bus
4月 02 17:51:33 ubuntu udisksd[895]: mountpoint /media/ree/CDROM is invalid, cannot recover the canonical path 
4月 02 17:51:33 ubuntu udisksd[895]: Cleaning up mount point /media/ree/CDROM (device 11:1 is not mounted)
4月 02 17:51:33 ubuntu udisksd[895]: mountpoint /media/ree/CDROM1 is invalid, cannot recover the canonical path 
4月 02 17:51:33 ubuntu udisksd[895]: Cleaning up mount point /media/ree/CDROM1 (device 11:0 is not mounted)
4月 02 17:51:33 ubuntu systemd[1]: Started Disk Manager.
4月 02 17:51:45 ubuntu udisksd[895]: Mounted /dev/sr1 at /media/ree/CDROM on behalf of uid 1000
4月 02 17:51:45 ubuntu udisksd[895]: Mounted /dev/sr0 at /media/ree/CDROM1 on behalf of uid 1000
-- Reboot --
4月 06 08:17:16 ubuntu systemd[1]: Starting Disk Manager...
4月 06 08:17:17 ubuntu udisksd[893]: udisks daemon version 2.8.4 starting
4月 06 08:17:17 ubuntu udisksd[893]: failed to load module mdraid: libbd_mdraid.so.2: cannot open shared object file: No such file or directory
4月 06 08:17:17 ubuntu udisksd[893]: Failed to load the 'mdraid' libblockdev plugin
4月 06 08:17:18 ubuntu systemd[1]: Started Disk Manager.
4月 06 08:17:18 ubuntu udisksd[893]: Acquired the name org.freedesktop.UDisks2 on the system message bus
4月 06 08:17:18 ubuntu udisksd[893]: Cleaning up mount point /media/ree/CDROM (device 11:1 is not mounted)
4月 06 08:17:18 ubuntu udisksd[893]: Cleaning up mount point /media/ree/CDROM1 (device 11:0 is not mounted)
4月 06 08:18:05 ubuntu udisksd[893]: Mounted /dev/sr0 at /media/ree/CDROM1 on behalf of uid 1000
4月 06 08:18:05 ubuntu udisksd[893]: Mounted /dev/sr1 at /media/ree/CDROM on behalf of uid 1000
4月 06 10:26:21 ubuntu systemd[1]: Stopping Disk Manager...
4月 06 10:26:21 ubuntu udisksd[893]: udisks daemon version 2.8.4 exiting
4月 06 10:26:21 ubuntu systemd[1]: udisks2.service: Succeeded.
4月 06 10:26:21 ubuntu systemd[1]: Stopped Disk Manager.
-- Reboot --
4月 13 08:09:38 ubuntu systemd[1]: Starting Disk Manager...
4月 13 08:09:38 ubuntu udisksd[841]: udisks daemon version 2.8.4 starting
4月 13 08:09:38 ubuntu udisksd[841]: failed to load module mdraid: libbd_mdraid.so.2: cannot open shared object file: No such file or directory
4月 13 08:09:38 ubuntu udisksd[841]: Failed to load the 'mdraid' libblockdev plugin
4月 13 08:09:38 ubuntu systemd[1]: Started Disk Manager.
4月 13 08:09:38 ubuntu udisksd[841]: Acquired the name org.freedesktop.UDisks2 on the system message bus
4月 13 08:09:38 ubuntu udisksd[841]: Cleaning up mount point /media/ree/CDROM1 (device 11:0 is not mounted)
4月 13 08:09:38 ubuntu udisksd[841]: Cleaning up mount point /media/ree/CDROM (device 11:1 is not mounted)
4月 13 08:10:10 ubuntu udisksd[841]: Mounted /dev/sr0 at /media/ree/CDROM1 on behalf of uid 1000
4月 13 08:10:10 ubuntu udisksd[841]: Mounted /dev/sr1 at /media/ree/CDROM on behalf of uid 1000
4月 13 08:30:00 ubuntu systemd[1]: Stopping Disk Manager...
4月 13 08:30:00 ubuntu udisksd[841]: udisks daemon version 2.8.4 exiting
4月 13 08:30:00 ubuntu systemd[1]: udisks2.service: Succeeded.
4月 13 08:30:00 ubuntu systemd[1]: Stopped Disk Manager.
-- Reboot --
4月 13 08:30:19 ubuntu systemd[1]: Starting Disk Manager...
4月 13 08:30:19 ubuntu udisksd[868]: udisks daemon version 2.8.4 starting
4月 13 08:30:19 ubuntu udisksd[868]: failed to load module mdraid: libbd_mdraid.so.2: cannot open shared object file: No such file or directory
4月 13 08:30:20 ubuntu udisksd[868]: Failed to load the 'mdraid' libblockdev plugin
4月 13 08:30:20 ubuntu systemd[1]: Started Disk Manager.
4月 13 08:30:20 ubuntu udisksd[868]: Acquired the name org.freedesktop.UDisks2 on the system message bus
4月 13 08:30:20 ubuntu udisksd[868]: mountpoint /media/ree/CDROM1 is invalid, cannot recover the canonical path 
4月 13 08:30:20 ubuntu udisksd[868]: Cleaning up mount point /media/ree/CDROM1 (device 11:0 is not mounted)
4月 13 08:30:20 ubuntu udisksd[868]: mountpoint /media/ree/CDROM is invalid, cannot recover the canonical path 
4月 13 08:30:20 ubuntu udisksd[868]: Cleaning up mount point /media/ree/CDROM (device 11:1 is not mounted)
4月 13 08:30:34 ubuntu udisksd[868]: Mounted /dev/sr0 at /media/ree/CDROM1 on behalf of uid 1000
4月 13 08:30:34 ubuntu udisksd[868]: Mounted /dev/sr1 at /media/ree/CDROM on behalf of uid 1000
-- Reboot --
4月 13 10:23:38 ubuntu systemd[1]: Starting Disk Manager...
4月 13 10:23:38 ubuntu udisksd[893]: udisks daemon version 2.8.4 starting
4月 13 10:23:39 ubuntu udisksd[893]: failed to load module mdraid: libbd_mdraid.so.2: cannot open shared object file: No such file or directory
4月 13 10:23:39 ubuntu udisksd[893]: Failed to load the 'mdraid' libblockdev plugin
4月 13 10:23:40 ubuntu systemd[1]: Started Disk Manager.
4月 13 10:23:40 ubuntu udisksd[893]: Acquired the name org.freedesktop.UDisks2 on the system message bus
4月 13 10:23:40 ubuntu udisksd[893]: Cleaning up mount point /media/ree/CDROM1 (device 11:0 is not mounted)
4月 13 10:23:40 ubuntu udisksd[893]: Cleaning up mount point /media/ree/CDROM (device 11:1 is not mounted)
4月 13 10:24:22 ubuntu udisksd[893]: Mounted /dev/sr1 at /media/ree/CDROM on behalf of uid 1000
4月 13 10:24:22 ubuntu udisksd[893]: Mounted /dev/sr0 at /media/ree/CDROM1 on behalf of uid 1000
-- Reboot --
4月 13 14:46:33 ubuntu systemd[1]: Starting Disk Manager...
4月 13 14:46:33 ubuntu udisksd[821]: udisks daemon version 2.8.4 starting
4月 13 14:46:33 ubuntu udisksd[821]: failed to load module mdraid: libbd_mdraid.so.2: cannot open shared object file: No such file or directory
4月 13 14:46:33 ubuntu udisksd[821]: Failed to load the 'mdraid' libblockdev plugin
4月 13 14:46:33 ubuntu systemd[1]: Started Disk Manager.
4月 13 14:46:33 ubuntu udisksd[821]: Acquired the name org.freedesktop.UDisks2 on the system message bus
4月 13 14:46:33 ubuntu udisksd[821]: Cleaning up mount point /media/ree/CDROM (device 11:1 is not mounted)
4月 13 14:46:33 ubuntu udisksd[821]: Cleaning up mount point /media/ree/CDROM1 (device 11:0 is not mounted)
4月 13 14:47:22 ubuntu udisksd[821]: Mounted /dev/sr1 at /media/ree/CDROM on behalf of uid 1000
4月 13 14:47:22 ubuntu udisksd[821]: Mounted /dev/sr0 at /media/ree/CDROM1 on behalf of uid 1000
4月 13 15:21:57 ubuntu systemd[1]: Stopping Disk Manager...
4月 13 15:21:57 ubuntu udisksd[821]: udisks daemon version 2.8.4 exiting
4月 13 15:21:57 ubuntu systemd[1]: udisks2.service: Succeeded.
4月 13 15:21:57 ubuntu systemd[1]: Stopped Disk Manager.
-- Reboot --
4月 15 10:17:00 ubuntu systemd[1]: Starting Disk Manager...
4月 15 10:17:00 ubuntu udisksd[839]: udisks daemon version 2.8.4 starting
4月 15 10:17:00 ubuntu udisksd[839]: failed to load module mdraid: libbd_mdraid.so.2: cannot open shared object file: No such file or directory
4月 15 10:17:00 ubuntu udisksd[839]: Failed to load the 'mdraid' libblockdev plugin
4月 15 10:17:00 ubuntu udisksd[839]: Acquired the name org.freedesktop.UDisks2 on the system message bus
4月 15 10:17:00 ubuntu udisksd[839]: mountpoint /media/ree/CDROM is invalid, cannot recover the canonical path 
4月 15 10:17:00 ubuntu udisksd[839]: Cleaning up mount point /media/ree/CDROM (device 11:1 is not mounted)
4月 15 10:17:00 ubuntu udisksd[839]: mountpoint /media/ree/CDROM1 is invalid, cannot recover the canonical path 
4月 15 10:17:00 ubuntu udisksd[839]: Cleaning up mount point /media/ree/CDROM1 (device 11:0 is not mounted)
4月 15 10:17:00 ubuntu systemd[1]: Started Disk Manager.
4月 15 10:19:05 ubuntu udisksd[839]: Mounted /dev/sr1 at /media/ree/CDROM1 on behalf of uid 1000
4月 15 10:19:05 ubuntu udisksd[839]: Mounted /dev/sr0 at /media/ree/CDROM on behalf of uid 1000
-- Reboot --
4月 20 08:14:45 ubuntu systemd[1]: Starting Disk Manager...
4月 20 08:14:45 ubuntu udisksd[894]: udisks daemon version 2.8.4 starting
4月 20 08:14:45 ubuntu udisksd[894]: failed to load module mdraid: libbd_mdraid.so.2: cannot open shared object file: No such file or directory
4月 20 08:14:45 ubuntu udisksd[894]: Failed to load the 'mdraid' libblockdev plugin
4月 20 08:14:46 ubuntu udisksd[894]: Acquired the name org.freedesktop.UDisks2 on the system message bus
4月 20 08:14:46 ubuntu udisksd[894]: Cleaning up mount point /media/ree/CDROM1 (device 11:1 is not mounted)
4月 20 08:14:46 ubuntu udisksd[894]: Cleaning up mount point /media/ree/CDROM (device 11:0 is not mounted)
4月 20 08:14:46 ubuntu systemd[1]: Started Disk Manager.
4月 20 08:15:53 ubuntu udisksd[894]: Mounted /dev/sr0 at /media/ree/CDROM1 on behalf of uid 1000
4月 20 08:15:53 ubuntu udisksd[894]: Mounted /dev/sr1 at /media/ree/CDROM on behalf of uid 1000
4月 20 08:22:49 ubuntu systemd[1]: Stopping Disk Manager...
4月 20 08:22:49 ubuntu udisksd[894]: udisks daemon version 2.8.4 exiting
4月 20 08:22:49 ubuntu systemd[1]: udisks2.service: Succeeded.
4月 20 08:22:49 ubuntu systemd[1]: Stopped Disk Manager.
-- Reboot --
4月 20 08:23:05 ubuntu systemd[1]: Starting Disk Manager...
4月 20 08:23:05 ubuntu udisksd[842]: udisks daemon version 2.8.4 starting
4月 20 08:23:05 ubuntu udisksd[842]: failed to load module mdraid: libbd_mdraid.so.2: cannot open shared object file: No such file or directory
4月 20 08:23:05 ubuntu udisksd[842]: Failed to load the 'mdraid' libblockdev plugin
4月 20 08:23:05 ubuntu systemd[1]: Started Disk Manager.
4月 20 08:23:05 ubuntu udisksd[842]: Acquired the name org.freedesktop.UDisks2 on the system message bus
4月 20 08:23:05 ubuntu udisksd[842]: mountpoint /media/ree/CDROM1 is invalid, cannot recover the canonical path 
4月 20 08:23:05 ubuntu udisksd[842]: Cleaning up mount point /media/ree/CDROM1 (device 11:0 is not mounted)
4月 20 08:23:05 ubuntu udisksd[842]: mountpoint /media/ree/CDROM is invalid, cannot recover the canonical path 
4月 20 08:23:05 ubuntu udisksd[842]: Cleaning up mount point /media/ree/CDROM (device 11:1 is not mounted)
4月 20 08:23:22 ubuntu udisksd[842]: Mounted /dev/sr1 at /media/ree/CDROM on behalf of uid 1000
4月 20 08:23:22 ubuntu udisksd[842]: Mounted /dev/sr0 at /media/ree/CDROM1 on behalf of uid 1000
-- Reboot --
4月 27 08:18:20 ubuntu systemd[1]: Starting Disk Manager...
4月 27 08:18:20 ubuntu udisksd[823]: udisks daemon version 2.8.4 starting
4月 27 08:18:21 ubuntu udisksd[823]: failed to load module mdraid: libbd_mdraid.so.2: cannot open shared object file: No such file or directory
4月 27 08:18:21 ubuntu udisksd[823]: Failed to load the 'mdraid' libblockdev plugin
4月 27 08:18:21 ubuntu udisksd[823]: Acquired the name org.freedesktop.UDisks2 on the system message bus
4月 27 08:18:21 ubuntu systemd[1]: Started Disk Manager.
4月 27 08:18:21 ubuntu udisksd[823]: Cleaning up mount point /media/ree/CDROM (device 11:1 is not mounted)
4月 27 08:18:21 ubuntu udisksd[823]: Cleaning up mount point /media/ree/CDROM1 (device 11:0 is not mounted)
4月 27 08:18:53 ubuntu udisksd[823]: Mounted /dev/sr0 at /media/ree/CDROM1 on behalf of uid 1000
4月 27 08:18:53 ubuntu udisksd[823]: Mounted /dev/sr1 at /media/ree/CDROM on behalf of uid 1000
4月 27 10:50:15 ubuntu systemd[1]: Stopping Disk Manager...
4月 27 10:50:15 ubuntu udisksd[823]: udisks daemon version 2.8.4 exiting
4月 27 10:50:16 ubuntu systemd[1]: udisks2.service: Succeeded.
4月 27 10:50:16 ubuntu systemd[1]: Stopped Disk Manager.
-- Reboot --
4月 27 11:07:08 ubuntu systemd[1]: Starting Disk Manager...
4月 27 11:07:09 ubuntu udisksd[888]: udisks daemon version 2.8.4 starting
4月 27 11:07:09 ubuntu udisksd[888]: failed to load module mdraid: libbd_mdraid.so.2: cannot open shared object file: No such file or directory
4月 27 11:07:09 ubuntu udisksd[888]: Failed to load the 'mdraid' libblockdev plugin
4月 27 11:07:10 ubuntu systemd[1]: Started Disk Manager.
4月 27 11:07:10 ubuntu udisksd[888]: Acquired the name org.freedesktop.UDisks2 on the system message bus
4月 27 11:07:10 ubuntu udisksd[888]: mountpoint /media/ree/CDROM1 is invalid, cannot recover the canonical path 
4月 27 11:07:10 ubuntu udisksd[888]: Cleaning up mount point /media/ree/CDROM1 (device 11:0 is not mounted)
4月 27 11:07:10 ubuntu udisksd[888]: mountpoint /media/ree/CDROM is invalid, cannot recover the canonical path 
4月 27 11:07:10 ubuntu udisksd[888]: Cleaning up mount point /media/ree/CDROM (device 11:1 is not mounted)
4月 27 11:07:34 ubuntu udisksd[888]: Mounted /dev/sr0 at /media/ree/CDROM1 on behalf of uid 1000
4月 27 11:07:34 ubuntu udisksd[888]: Mounted /dev/sr1 at /media/ree/CDROM on behalf of uid 1000
4月 27 11:20:10 ubuntu systemd[1]: Stopping Disk Manager...
4月 27 11:20:10 ubuntu udisksd[888]: udisks daemon version 2.8.4 exiting
4月 27 11:20:10 ubuntu systemd[1]: udisks2.service: Succeeded.
4月 27 11:20:10 ubuntu systemd[1]: Stopped Disk Manager.
-- Reboot --
4月 27 14:11:31 ubuntu systemd[1]: Starting Disk Manager...
4月 27 14:11:31 ubuntu udisksd[879]: udisks daemon version 2.8.4 starting
4月 27 14:11:31 ubuntu udisksd[879]: failed to load module mdraid: libbd_mdraid.so.2: cannot open shared object file: No such file or directory
4月 27 14:11:31 ubuntu udisksd[879]: Failed to load the 'mdraid' libblockdev plugin
4月 27 14:11:31 ubuntu systemd[1]: Started Disk Manager.
4月 27 14:11:31 ubuntu udisksd[879]: Acquired the name org.freedesktop.UDisks2 on the system message bus
4月 27 14:11:31 ubuntu udisksd[879]: mountpoint /media/ree/CDROM1 is invalid, cannot recover the canonical path 
4月 27 14:11:31 ubuntu udisksd[879]: Cleaning up mount point /media/ree/CDROM1 (device 11:0 is not mounted)
4月 27 14:11:31 ubuntu udisksd[879]: mountpoint /media/ree/CDROM is invalid, cannot recover the canonical path 
4月 27 14:11:31 ubuntu udisksd[879]: Cleaning up mount point /media/ree/CDROM (device 11:1 is not mounted)
4月 27 14:11:47 ubuntu udisksd[879]: Mounted /dev/sr1 at /media/ree/CDROM on behalf of uid 1000
4月 27 14:11:47 ubuntu udisksd[879]: Mounted /dev/sr0 at /media/ree/CDROM1 on behalf of uid 1000
4月 27 15:04:59 ubuntu systemd[1]: Stopping Disk Manager...
4月 27 15:04:59 ubuntu udisksd[879]: udisks daemon version 2.8.4 exiting
4月 27 15:04:59 ubuntu systemd[1]: udisks2.service: Succeeded.
4月 27 15:04:59 ubuntu systemd[1]: Stopped Disk Manager.
-- Reboot --
4月 27 15:05:19 ubuntu systemd[1]: Starting Disk Manager...
4月 27 15:05:19 ubuntu udisksd[851]: udisks daemon version 2.8.4 starting
4月 27 15:05:19 ubuntu udisksd[851]: failed to load module mdraid: libbd_mdraid.so.2: cannot open shared object file: No such file or directory
4月 27 15:05:19 ubuntu udisksd[851]: Failed to load the 'mdraid' libblockdev plugin
4月 27 15:05:19 ubuntu systemd[1]: Started Disk Manager.
4月 27 15:05:19 ubuntu udisksd[851]: Acquired the name org.freedesktop.UDisks2 on the system message bus
4月 27 15:05:19 ubuntu udisksd[851]: mountpoint /media/ree/CDROM is invalid, cannot recover the canonical path 
4月 27 15:05:19 ubuntu udisksd[851]: Cleaning up mount point /media/ree/CDROM (device 11:1 is not mounted)
4月 27 15:05:19 ubuntu udisksd[851]: mountpoint /media/ree/CDROM1 is invalid, cannot recover the canonical path 
4月 27 15:05:19 ubuntu udisksd[851]: Cleaning up mount point /media/ree/CDROM1 (device 11:0 is not mounted)
4月 27 15:05:56 ubuntu udisksd[851]: Mounted /dev/sr0 at /media/ree/CDROM1 on behalf of uid 1000
4月 27 15:05:56 ubuntu udisksd[851]: Mounted /dev/sr1 at /media/ree/CDROM on behalf of uid 1000
4月 27 16:02:17 ubuntu systemd[1]: Stopping Disk Manager...
4月 27 16:02:17 ubuntu udisksd[851]: udisks daemon version 2.8.4 exiting
4月 27 16:02:17 ubuntu systemd[1]: udisks2.service: Succeeded.
4月 27 16:02:17 ubuntu systemd[1]: Stopped Disk Manager.
-- Reboot --
4月 28 21:00:46 ubuntu systemd[1]: Starting Disk Manager...
4月 28 21:00:46 ubuntu udisksd[904]: udisks daemon version 2.8.4 starting
4月 28 21:00:46 ubuntu udisksd[904]: failed to load module mdraid: libbd_mdraid.so.2: cannot open shared object file: No such file or directory
4月 28 21:00:46 ubuntu udisksd[904]: Failed to load the 'mdraid' libblockdev plugin
4月 28 21:00:47 ubuntu udisksd[904]: Acquired the name org.freedesktop.UDisks2 on the system message bus
4月 28 21:00:47 ubuntu udisksd[904]: mountpoint /media/ree/CDROM1 is invalid, cannot recover the canonical path 
4月 28 21:00:47 ubuntu udisksd[904]: Cleaning up mount point /media/ree/CDROM1 (device 11:0 is not mounted)
4月 28 21:00:47 ubuntu udisksd[904]: mountpoint /media/ree/CDROM is invalid, cannot recover the canonical path 
4月 28 21:00:47 ubuntu udisksd[904]: Cleaning up mount point /media/ree/CDROM (device 11:1 is not mounted)
4月 28 21:00:47 ubuntu systemd[1]: Started Disk Manager.
4月 28 21:01:17 ubuntu udisksd[904]: Mounted /dev/sr0 at /media/ree/CDROM on behalf of uid 1000
4月 28 21:01:17 ubuntu udisksd[904]: Mounted /dev/sr1 at /media/ree/CDROM1 on behalf of uid 1000
4月 28 21:01:50 ubuntu systemd[1]: Stopping Disk Manager...
4月 28 21:01:50 ubuntu udisksd[904]: udisks daemon version 2.8.4 exiting
4月 28 21:01:50 ubuntu systemd[1]: udisks2.service: Succeeded.
4月 28 21:01:50 ubuntu systemd[1]: Stopped Disk Manager.
-- Reboot --
5月 06 10:06:15 ubuntu systemd[1]: Starting Disk Manager...
5月 06 10:06:15 ubuntu udisksd[900]: udisks daemon version 2.8.4 starting
5月 06 10:06:15 ubuntu udisksd[900]: failed to load module mdraid: libbd_mdraid.so.2: cannot open shared object file: No such file or directory
5月 06 10:06:15 ubuntu udisksd[900]: Failed to load the 'mdraid' libblockdev plugin
5月 06 10:06:15 ubuntu systemd[1]: Started Disk Manager.
5月 06 10:06:15 ubuntu udisksd[900]: Acquired the name org.freedesktop.UDisks2 on the system message bus
5月 06 10:06:15 ubuntu udisksd[900]: mountpoint /media/ree/CDROM is invalid, cannot recover the canonical path 
5月 06 10:06:15 ubuntu udisksd[900]: Cleaning up mount point /media/ree/CDROM (device 11:0 is not mounted)
5月 06 10:06:15 ubuntu udisksd[900]: mountpoint /media/ree/CDROM1 is invalid, cannot recover the canonical path 
5月 06 10:06:15 ubuntu udisksd[900]: Cleaning up mount point /media/ree/CDROM1 (device 11:1 is not mounted)
5月 06 10:06:34 ubuntu udisksd[900]: Mounted /dev/sr1 at /media/ree/CDROM on behalf of uid 1000
5月 06 10:06:35 ubuntu udisksd[900]: Mounted /dev/sr0 at /media/ree/CDROM1 on behalf of uid 1000
5月 06 10:17:23 ubuntu udisksd[900]: udisks daemon version 2.8.4 exiting
5月 06 10:17:23 ubuntu systemd[1]: Stopping Disk Manager...
5月 06 10:17:23 ubuntu systemd[1]: udisks2.service: Succeeded.
5月 06 10:17:23 ubuntu systemd[1]: Stopped Disk Manager.
-- Reboot --
5月 06 10:17:46 ubuntu systemd[1]: Starting Disk Manager...
5月 06 10:17:46 ubuntu udisksd[836]: udisks daemon version 2.8.4 starting
5月 06 10:17:46 ubuntu udisksd[836]: failed to load module mdraid: libbd_mdraid.so.2: cannot open shared object file: No such file or directory
5月 06 10:17:46 ubuntu udisksd[836]: Failed to load the 'mdraid' libblockdev plugin
5月 06 10:17:46 ubuntu systemd[1]: Started Disk Manager.
5月 06 10:17:46 ubuntu udisksd[836]: Acquired the name org.freedesktop.UDisks2 on the system message bus
5月 06 10:17:46 ubuntu udisksd[836]: mountpoint /media/ree/CDROM is invalid, cannot recover the canonical path 
5月 06 10:17:46 ubuntu udisksd[836]: Cleaning up mount point /media/ree/CDROM (device 11:1 is not mounted)
5月 06 10:17:46 ubuntu udisksd[836]: mountpoint /media/ree/CDROM1 is invalid, cannot recover the canonical path 
5月 06 10:17:46 ubuntu udisksd[836]: Cleaning up mount point /media/ree/CDROM1 (device 11:0 is not mounted)
5月 06 10:18:05 ubuntu udisksd[836]: Mounted /dev/sr0 at /media/ree/CDROM1 on behalf of uid 1000
5月 06 10:18:05 ubuntu udisksd[836]: Mounted /dev/sr1 at /media/ree/CDROM on behalf of uid 1000
5月 06 11:20:32 ubuntu systemd[1]: Stopping Disk Manager...
5月 06 11:20:32 ubuntu udisksd[836]: udisks daemon version 2.8.4 exiting
5月 06 11:20:32 ubuntu systemd[1]: udisks2.service: Succeeded.
5月 06 11:20:32 ubuntu systemd[1]: Stopped Disk Manager.
-- Reboot --
5月 07 08:13:43 ubuntu systemd[1]: Starting Disk Manager...
5月 07 08:13:43 ubuntu udisksd[858]: udisks daemon version 2.8.4 starting
5月 07 08:13:43 ubuntu udisksd[858]: failed to load module mdraid: libbd_mdraid.so.2: cannot open shared object file: No such file or directory
5月 07 08:13:43 ubuntu udisksd[858]: Failed to load the 'mdraid' libblockdev plugin
5月 07 08:13:43 ubuntu udisksd[858]: Acquired the name org.freedesktop.UDisks2 on the system message bus
5月 07 08:13:43 ubuntu udisksd[858]: mountpoint /media/ree/CDROM1 is invalid, cannot recover the canonical path 
5月 07 08:13:43 ubuntu udisksd[858]: Cleaning up mount point /media/ree/CDROM1 (device 11:0 is not mounted)
5月 07 08:13:43 ubuntu udisksd[858]: mountpoint /media/ree/CDROM is invalid, cannot recover the canonical path 
5月 07 08:13:43 ubuntu udisksd[858]: Cleaning up mount point /media/ree/CDROM (device 11:1 is not mounted)
5月 07 08:13:43 ubuntu systemd[1]: Started Disk Manager.
5月 07 08:14:07 ubuntu udisksd[858]: Mounted /dev/sr1 at /media/ree/CDROM on behalf of uid 1000
5月 07 08:41:06 ubuntu udisksd[858]: Mounted /dev/sr0 at /media/ree/CDROM1 on behalf of uid 1000
-- Reboot --
5月 08 14:53:46 ubuntu systemd[1]: Starting Disk Manager...
5月 08 14:53:46 ubuntu udisksd[841]: udisks daemon version 2.8.4 starting
5月 08 14:53:46 ubuntu udisksd[841]: failed to load module mdraid: libbd_mdraid.so.2: cannot open shared object file: No such file or directory
5月 08 14:53:46 ubuntu udisksd[841]: Failed to load the 'mdraid' libblockdev plugin
5月 08 14:53:46 ubuntu udisksd[841]: Acquired the name org.freedesktop.UDisks2 on the system message bus
5月 08 14:53:46 ubuntu udisksd[841]: Cleaning up mount point /media/ree/CDROM (device 11:1 is not mounted)
5月 08 14:53:46 ubuntu udisksd[841]: Cleaning up mount point /media/ree/CDROM1 (device 11:0 is not mounted)
5月 08 14:53:46 ubuntu systemd[1]: Started Disk Manager.
5月 08 14:54:10 ubuntu udisksd[841]: Mounted /dev/sr1 at /media/ree/CDROM1 on behalf of uid 1000
5月 08 14:54:10 ubuntu udisksd[841]: Mounted /dev/sr0 at /media/ree/CDROM on behalf of uid 1000
5月 08 14:55:08 ubuntu systemd[1]: Stopping Disk Manager...
5月 08 14:55:08 ubuntu systemd[1]: udisks2.service: Succeeded.
5月 08 14:55:08 ubuntu systemd[1]: Stopped Disk Manager.
-- Reboot --
5月 08 15:54:10 ubuntu systemd[1]: Starting Disk Manager...
5月 08 15:54:10 ubuntu udisksd[836]: udisks daemon version 2.8.4 starting
5月 08 15:54:10 ubuntu udisksd[836]: failed to load module mdraid: libbd_mdraid.so.2: cannot open shared object file: No such file or directory
5月 08 15:54:10 ubuntu udisksd[836]: Failed to load the 'mdraid' libblockdev plugin
5月 08 15:54:11 ubuntu systemd[1]: Started Disk Manager.
5月 08 15:54:11 ubuntu udisksd[836]: Acquired the name org.freedesktop.UDisks2 on the system message bus
5月 08 15:54:11 ubuntu udisksd[836]: mountpoint /media/ree/CDROM1 is invalid, cannot recover the canonical path 
5月 08 15:54:11 ubuntu udisksd[836]: Cleaning up mount point /media/ree/CDROM1 (device 11:1 is not mounted)
5月 08 15:54:11 ubuntu udisksd[836]: mountpoint /media/ree/CDROM is invalid, cannot recover the canonical path 
5月 08 15:54:11 ubuntu udisksd[836]: Cleaning up mount point /media/ree/CDROM (device 11:0 is not mounted)
5月 08 15:54:50 ubuntu udisksd[836]: Mounted /dev/sr1 at /media/ree/CDROM on behalf of uid 1000
5月 08 15:54:50 ubuntu udisksd[836]: Mounted /dev/sr0 at /media/ree/CDROM1 on behalf of uid 1000
5月 08 16:26:55 ubuntu systemd[1]: Stopping Disk Manager...
5月 08 16:26:55 ubuntu udisksd[836]: udisks daemon version 2.8.4 exiting
5月 08 16:26:55 ubuntu systemd[1]: udisks2.service: Succeeded.
5月 08 16:26:55 ubuntu systemd[1]: Stopped Disk Manager.
-- Reboot --
5月 08 16:27:21 ubuntu systemd[1]: Starting Disk Manager...
5月 08 16:27:21 ubuntu udisksd[860]: udisks daemon version 2.8.4 starting
5月 08 16:27:21 ubuntu udisksd[860]: failed to load module mdraid: libbd_mdraid.so.2: cannot open shared object file: No such file or directory
5月 08 16:27:21 ubuntu udisksd[860]: Failed to load the 'mdraid' libblockdev plugin
5月 08 16:27:21 ubuntu udisksd[860]: Acquired the name org.freedesktop.UDisks2 on the system message bus
5月 08 16:27:21 ubuntu udisksd[860]: mountpoint /media/ree/CDROM is invalid, cannot recover the canonical path 
5月 08 16:27:21 ubuntu udisksd[860]: Cleaning up mount point /media/ree/CDROM (device 11:1 is not mounted)
5月 08 16:27:21 ubuntu udisksd[860]: mountpoint /media/ree/CDROM1 is invalid, cannot recover the canonical path 
5月 08 16:27:21 ubuntu udisksd[860]: Cleaning up mount point /media/ree/CDROM1 (device 11:0 is not mounted)
5月 08 16:27:21 ubuntu systemd[1]: Started Disk Manager.
5月 08 16:27:35 ubuntu udisksd[860]: Mounted /dev/sr0 at /media/ree/CDROM1 on behalf of uid 1000
5月 08 16:27:35 ubuntu udisksd[860]: Mounted /dev/sr1 at /media/ree/CDROM on behalf of uid 1000
5月 08 17:02:55 ubuntu systemd[1]: Stopping Disk Manager...
5月 08 17:02:55 ubuntu udisksd[860]: udisks daemon version 2.8.4 exiting
5月 08 17:02:55 ubuntu systemd[1]: udisks2.service: Succeeded.
5月 08 17:02:55 ubuntu systemd[1]: Stopped Disk Manager.
-- Reboot --
5月 14 20:51:42 ubuntu systemd[1]: Starting Disk Manager...
5月 14 20:51:42 ubuntu udisksd[868]: udisks daemon version 2.8.4 starting
5月 14 20:51:43 ubuntu udisksd[868]: failed to load module mdraid: libbd_mdraid.so.2: cannot open shared object file: No such file or directory
5月 14 20:51:43 ubuntu udisksd[868]: Failed to load the 'mdraid' libblockdev plugin
5月 14 20:51:43 ubuntu udisksd[868]: Acquired the name org.freedesktop.UDisks2 on the system message bus
5月 14 20:51:43 ubuntu udisksd[868]: mountpoint /media/ree/CDROM1 is invalid, cannot recover the canonical path 
5月 14 20:51:43 ubuntu udisksd[868]: Cleaning up mount point /media/ree/CDROM1 (device 11:0 is not mounted)
5月 14 20:51:43 ubuntu udisksd[868]: mountpoint /media/ree/CDROM is invalid, cannot recover the canonical path 
5月 14 20:51:43 ubuntu udisksd[868]: Cleaning up mount point /media/ree/CDROM (device 11:1 is not mounted)
5月 14 20:51:43 ubuntu systemd[1]: Started Disk Manager.
5月 14 20:52:11 ubuntu udisksd[868]: Mounted /dev/sr0 at /media/ree/CDROM1 on behalf of uid 1000
5月 14 20:52:11 ubuntu udisksd[868]: Mounted /dev/sr1 at /media/ree/CDROM on behalf of uid 1000
-- Reboot --
5月 15 00:06:13 ubuntu systemd[1]: Starting Disk Manager...
5月 15 00:06:13 ubuntu udisksd[858]: udisks daemon version 2.8.4 starting
5月 15 00:06:13 ubuntu udisksd[858]: failed to load module mdraid: libbd_mdraid.so.2: cannot open shared object file: No such file or directory
5月 15 00:06:13 ubuntu udisksd[858]: Failed to load the 'mdraid' libblockdev plugin
5月 15 00:06:13 ubuntu udisksd[858]: Acquired the name org.freedesktop.UDisks2 on the system message bus
5月 15 00:06:13 ubuntu udisksd[858]: Cleaning up mount point /media/ree/CDROM1 (device 11:0 is not mounted)
5月 15 00:06:13 ubuntu udisksd[858]: Cleaning up mount point /media/ree/CDROM (device 11:1 is not mounted)
5月 15 00:06:13 ubuntu systemd[1]: Started Disk Manager.
5月 15 00:06:58 ubuntu udisksd[858]: Mounted /dev/sr0 at /media/ree/CDROM on behalf of uid 1000
5月 15 00:06:58 ubuntu udisksd[858]: Mounted /dev/sr1 at /media/ree/CDROM1 on behalf of uid 1000
5月 15 00:09:00 ubuntu systemd[1]: Stopping Disk Manager...
5月 15 00:09:00 ubuntu udisksd[858]: udisks daemon version 2.8.4 exiting
5月 15 00:09:00 ubuntu systemd[1]: udisks2.service: Succeeded.
5月 15 00:09:00 ubuntu systemd[1]: Stopped Disk Manager.
-- Reboot --
5月 15 00:15:05 ubuntu systemd[1]: Starting Disk Manager...
5月 15 00:15:05 ubuntu udisksd[910]: udisks daemon version 2.8.4 starting
5月 15 00:15:05 ubuntu udisksd[910]: failed to load module mdraid: libbd_mdraid.so.2: cannot open shared object file: No such file or directory
5月 15 00:15:06 ubuntu udisksd[910]: Failed to load the 'mdraid' libblockdev plugin
5月 15 00:15:06 ubuntu systemd[1]: Started Disk Manager.
5月 15 00:15:06 ubuntu udisksd[910]: mountpoint /media/ree/CDROM is invalid, cannot recover the canonical path 
5月 15 00:15:06 ubuntu udisksd[910]: Cleaning up mount point /media/ree/CDROM (device 11:0 is not mounted)
5月 15 00:15:06 ubuntu udisksd[910]: mountpoint /media/ree/CDROM1 is invalid, cannot recover the canonical path 
5月 15 00:15:06 ubuntu udisksd[910]: Cleaning up mount point /media/ree/CDROM1 (device 11:1 is not mounted)
5月 15 00:15:06 ubuntu udisksd[910]: Acquired the name org.freedesktop.UDisks2 on the system message bus
5月 15 00:15:29 ubuntu udisksd[910]: Mounted /dev/sr0 at /media/ree/CDROM on behalf of uid 1000
5月 15 00:15:29 ubuntu udisksd[910]: Mounted /dev/sr1 at /media/ree/CDROM1 on behalf of uid 1000
5月 15 00:17:56 ubuntu systemd[1]: Stopping Disk Manager...
5月 15 00:17:56 ubuntu udisksd[910]: udisks daemon version 2.8.4 exiting
5月 15 00:17:56 ubuntu systemd[1]: udisks2.service: Succeeded.
5月 15 00:17:56 ubuntu systemd[1]: Stopped Disk Manager.
-- Reboot --
5月 15 10:43:39 ubuntu systemd[1]: Starting Disk Manager...
5月 15 10:43:39 ubuntu udisksd[913]: udisks daemon version 2.8.4 starting
5月 15 10:43:39 ubuntu udisksd[913]: failed to load module mdraid: libbd_mdraid.so.2: cannot open shared object file: No such file or directory
5月 15 10:43:40 ubuntu udisksd[913]: Failed to load the 'mdraid' libblockdev plugin
5月 15 10:43:40 ubuntu systemd[1]: Started Disk Manager.
5月 15 10:43:40 ubuntu udisksd[913]: Acquired the name org.freedesktop.UDisks2 on the system message bus
5月 15 10:43:40 ubuntu udisksd[913]: mountpoint /media/ree/CDROM is invalid, cannot recover the canonical path 
5月 15 10:43:40 ubuntu udisksd[913]: Cleaning up mount point /media/ree/CDROM (device 11:0 is not mounted)
5月 15 10:43:40 ubuntu udisksd[913]: mountpoint /media/ree/CDROM1 is invalid, cannot recover the canonical path 
5月 15 10:43:40 ubuntu udisksd[913]: Cleaning up mount point /media/ree/CDROM1 (device 11:1 is not mounted)
5月 15 10:44:11 ubuntu udisksd[913]: Mounted /dev/sr0 at /media/ree/CDROM1 on behalf of uid 1000
5月 15 10:44:11 ubuntu udisksd[913]: Mounted /dev/sr1 at /media/ree/CDROM on behalf of uid 1000
5月 15 13:21:32 ubuntu systemd[1]: Stopping Disk Manager...
5月 15 13:21:32 ubuntu udisksd[913]: udisks daemon version 2.8.4 exiting
5月 15 13:21:32 ubuntu systemd[1]: udisks2.service: Succeeded.
5月 15 13:21:32 ubuntu systemd[1]: Stopped Disk Manager.
-- Reboot --
5月 15 15:15:41 ubuntu systemd[1]: Starting Disk Manager...
5月 15 15:15:41 ubuntu udisksd[875]: udisks daemon version 2.8.4 starting
5月 15 15:15:41 ubuntu udisksd[875]: failed to load module mdraid: libbd_mdraid.so.2: cannot open shared object file: No such file or directory
5月 15 15:15:41 ubuntu udisksd[875]: Failed to load the 'mdraid' libblockdev plugin
5月 15 15:15:41 ubuntu systemd[1]: Started Disk Manager.
5月 15 15:15:41 ubuntu udisksd[875]: Acquired the name org.freedesktop.UDisks2 on the system message bus
5月 15 15:15:41 ubuntu udisksd[875]: mountpoint /media/ree/CDROM1 is invalid, cannot recover the canonical path 
5月 15 15:15:41 ubuntu udisksd[875]: Cleaning up mount point /media/ree/CDROM1 (device 11:0 is not mounted)
5月 15 15:15:41 ubuntu udisksd[875]: mountpoint /media/ree/CDROM is invalid, cannot recover the canonical path 
5月 15 15:15:41 ubuntu udisksd[875]: Cleaning up mount point /media/ree/CDROM (device 11:1 is not mounted)
5月 15 15:16:00 ubuntu udisksd[875]: Mounted /dev/sr1 at /media/ree/CDROM on behalf of uid 1000
5月 15 15:16:00 ubuntu udisksd[875]: Mounted /dev/sr0 at /media/ree/CDROM1 on behalf of uid 1000
5月 15 15:16:43 ubuntu systemd[1]: Stopping Disk Manager...
5月 15 15:16:43 ubuntu udisksd[875]: udisks daemon version 2.8.4 exiting
5月 15 15:16:43 ubuntu systemd[1]: udisks2.service: Succeeded.
5月 15 15:16:43 ubuntu systemd[1]: Stopped Disk Manager.
-- Reboot --
5月 15 16:28:26 ubuntu systemd[1]: Starting Disk Manager...
5月 15 16:28:26 ubuntu udisksd[878]: udisks daemon version 2.8.4 starting
5月 15 16:28:27 ubuntu udisksd[878]: failed to load module mdraid: libbd_mdraid.so.2: cannot open shared object file: No such file or directory
5月 15 16:28:27 ubuntu udisksd[878]: Failed to load the 'mdraid' libblockdev plugin
5月 15 16:28:27 ubuntu systemd[1]: Started Disk Manager.
5月 15 16:28:27 ubuntu udisksd[878]: Acquired the name org.freedesktop.UDisks2 on the system message bus
5月 15 16:28:27 ubuntu udisksd[878]: mountpoint /media/ree/CDROM is invalid, cannot recover the canonical path 
5月 15 16:28:27 ubuntu udisksd[878]: Cleaning up mount point /media/ree/CDROM (device 11:1 is not mounted)
5月 15 16:28:27 ubuntu udisksd[878]: mountpoint /media/ree/CDROM1 is invalid, cannot recover the canonical path 
5月 15 16:28:27 ubuntu udisksd[878]: Cleaning up mount point /media/ree/CDROM1 (device 11:0 is not mounted)
5月 15 16:28:47 ubuntu udisksd[878]: Mounted /dev/sr0 at /media/ree/CDROM1 on behalf of uid 1000
5月 15 16:28:47 ubuntu udisksd[878]: Mounted /dev/sr1 at /media/ree/CDROM on behalf of uid 1000
5月 15 17:59:27 ubuntu systemd[1]: Stopping Disk Manager...
5月 15 17:59:27 ubuntu udisksd[878]: udisks daemon version 2.8.4 exiting
5月 15 17:59:27 ubuntu systemd[1]: udisks2.service: Succeeded.
5月 15 17:59:27 ubuntu systemd[1]: Stopped Disk Manager.
-- Reboot --
5月 15 21:27:13 ubuntu systemd[1]: Starting Disk Manager...
5月 15 21:27:13 ubuntu udisksd[862]: udisks daemon version 2.8.4 starting
5月 15 21:27:13 ubuntu udisksd[862]: failed to load module mdraid: libbd_mdraid.so.2: cannot open shared object file: No such file or directory
5月 15 21:27:13 ubuntu udisksd[862]: Failed to load the 'mdraid' libblockdev plugin
5月 15 21:27:14 ubuntu systemd[1]: Started Disk Manager.
5月 15 21:27:14 ubuntu udisksd[862]: Acquired the name org.freedesktop.UDisks2 on the system message bus
5月 15 21:27:14 ubuntu udisksd[862]: mountpoint /media/ree/CDROM1 is invalid, cannot recover the canonical path 
5月 15 21:27:14 ubuntu udisksd[862]: Cleaning up mount point /media/ree/CDROM1 (device 11:0 is not mounted)
5月 15 21:27:14 ubuntu udisksd[862]: mountpoint /media/ree/CDROM is invalid, cannot recover the canonical path 
5月 15 21:27:14 ubuntu udisksd[862]: Cleaning up mount point /media/ree/CDROM (device 11:1 is not mounted)
5月 15 21:27:44 ubuntu udisksd[862]: Mounted /dev/sr1 at /media/ree/CDROM on behalf of uid 1000
5月 15 21:27:44 ubuntu udisksd[862]: Mounted /dev/sr0 at /media/ree/CDROM1 on behalf of uid 1000
5月 15 22:59:14 ubuntu systemd[1]: Stopping Disk Manager...
5月 15 22:59:14 ubuntu udisksd[862]: udisks daemon version 2.8.4 exiting
5月 15 22:59:14 ubuntu systemd[1]: udisks2.service: Succeeded.
5月 15 22:59:14 ubuntu systemd[1]: Stopped Disk Manager.
-- Reboot --
5月 31 15:28:44 ubuntu systemd[1]: Starting Disk Manager...
5月 31 15:28:45 ubuntu udisksd[867]: udisks daemon version 2.8.4 starting
5月 31 15:28:45 ubuntu udisksd[867]: failed to load module mdraid: libbd_mdraid.so.2: cannot open shared object file: No such file or directory
5月 31 15:28:45 ubuntu udisksd[867]: Failed to load the 'mdraid' libblockdev plugin
5月 31 15:28:45 ubuntu systemd[1]: Started Disk Manager.
5月 31 15:28:45 ubuntu udisksd[867]: Acquired the name org.freedesktop.UDisks2 on the system message bus
5月 31 15:28:45 ubuntu udisksd[867]: mountpoint /media/ree/CDROM is invalid, cannot recover the canonical path 
5月 31 15:28:45 ubuntu udisksd[867]: Cleaning up mount point /media/ree/CDROM (device 11:1 is not mounted)
5月 31 15:28:45 ubuntu udisksd[867]: mountpoint /media/ree/CDROM1 is invalid, cannot recover the canonical path 
5月 31 15:28:45 ubuntu udisksd[867]: Cleaning up mount point /media/ree/CDROM1 (device 11:0 is not mounted)
5月 31 15:30:22 ubuntu udisksd[867]: Mounted /dev/sr0 at /media/ree/CDROM1 on behalf of uid 1000
5月 31 15:30:22 ubuntu udisksd[867]: Mounted /dev/sr1 at /media/ree/CDROM on behalf of uid 1000
5月 31 16:19:37 ubuntu systemd[1]: Stopping Disk Manager...
5月 31 16:19:37 ubuntu udisksd[867]: udisks daemon version 2.8.4 exiting
5月 31 16:19:37 ubuntu systemd[1]: udisks2.service: Succeeded.
5月 31 16:19:37 ubuntu systemd[1]: Stopped Disk Manager.
-- Reboot --
5月 31 16:19:54 ubuntu systemd[1]: Starting Disk Manager...
5月 31 16:19:54 ubuntu udisksd[909]: udisks daemon version 2.8.4 starting
5月 31 16:19:54 ubuntu udisksd[909]: failed to load module mdraid: libbd_mdraid.so.2: cannot open shared object file: No such file or directory
5月 31 16:19:54 ubuntu udisksd[909]: Failed to load the 'mdraid' libblockdev plugin
5月 31 16:19:54 ubuntu systemd[1]: Started Disk Manager.
5月 31 16:19:54 ubuntu udisksd[909]: Acquired the name org.freedesktop.UDisks2 on the system message bus
5月 31 16:19:54 ubuntu udisksd[909]: mountpoint /media/ree/CDROM1 is invalid, cannot recover the canonical path 
5月 31 16:19:54 ubuntu udisksd[909]: Cleaning up mount point /media/ree/CDROM1 (device 11:0 is not mounted)
5月 31 16:19:54 ubuntu udisksd[909]: mountpoint /media/ree/CDROM is invalid, cannot recover the canonical path 
5月 31 16:19:54 ubuntu udisksd[909]: Cleaning up mount point /media/ree/CDROM (device 11:1 is not mounted)
5月 31 16:20:10 ubuntu udisksd[909]: Mounted /dev/sr1 at /media/ree/CDROM1 on behalf of uid 1000
5月 31 16:20:10 ubuntu udisksd[909]: Mounted /dev/sr0 at /media/ree/CDROM on behalf of uid 1000
-- Reboot --
5月 31 21:00:56 ubuntu systemd[1]: Starting Disk Manager...
5月 31 21:00:56 ubuntu udisksd[898]: udisks daemon version 2.8.4 starting
5月 31 21:00:56 ubuntu udisksd[898]: failed to load module mdraid: libbd_mdraid.so.2: cannot open shared object file: No such file or directory
5月 31 21:00:56 ubuntu udisksd[898]: Failed to load the 'mdraid' libblockdev plugin
5月 31 21:00:56 ubuntu systemd[1]: Started Disk Manager.
5月 31 21:00:56 ubuntu udisksd[898]: Acquired the name org.freedesktop.UDisks2 on the system message bus
5月 31 21:00:56 ubuntu udisksd[898]: Cleaning up mount point /media/ree/CDROM1 (device 11:1 is not mounted)
5月 31 21:00:56 ubuntu udisksd[898]: Cleaning up mount point /media/ree/CDROM (device 11:0 is not mounted)
5月 31 21:01:24 ubuntu udisksd[898]: Mounted /dev/sr0 at /media/ree/CDROM1 on behalf of uid 1000
5月 31 21:01:24 ubuntu udisksd[898]: Mounted /dev/sr1 at /media/ree/CDROM on behalf of uid 1000
-- Reboot --
6月 01 23:20:20 ubuntu systemd[1]: Starting Disk Manager...
6月 01 23:20:21 ubuntu udisksd[906]: udisks daemon version 2.8.4 starting
6月 01 23:20:21 ubuntu udisksd[906]: failed to load module mdraid: libbd_mdraid.so.2: cannot open shared object file: No such file or directory
6月 01 23:20:21 ubuntu udisksd[906]: Failed to load the 'mdraid' libblockdev plugin
6月 01 23:20:22 ubuntu udisksd[906]: Acquired the name org.freedesktop.UDisks2 on the system message bus
6月 01 23:20:22 ubuntu udisksd[906]: Cleaning up mount point /media/ree/CDROM1 (device 11:0 is not mounted)
6月 01 23:20:22 ubuntu udisksd[906]: Cleaning up mount point /media/ree/CDROM (device 11:1 is not mounted)
6月 01 23:20:22 ubuntu systemd[1]: Started Disk Manager.
6月 01 23:21:50 ubuntu udisksd[906]: Mounted /dev/sr0 at /media/ree/CDROM on behalf of uid 1000
6月 01 23:21:50 ubuntu udisksd[906]: Mounted /dev/sr1 at /media/ree/CDROM1 on behalf of uid 1000
6月 02 00:27:49 ubuntu systemd[1]: Stopping Disk Manager...
6月 02 00:27:49 ubuntu udisksd[906]: udisks daemon version 2.8.4 exiting
6月 02 00:27:49 ubuntu systemd[1]: udisks2.service: Succeeded.
6月 02 00:27:49 ubuntu systemd[1]: Stopped Disk Manager.
-- Reboot --
6月 06 14:12:35 ubuntu systemd[1]: Starting Disk Manager...
6月 06 14:12:35 ubuntu udisksd[906]: udisks daemon version 2.8.4 starting
6月 06 14:12:35 ubuntu udisksd[906]: failed to load module mdraid: libbd_mdraid.so.2: cannot open shared object file: No such file or directory
6月 06 14:12:35 ubuntu udisksd[906]: Failed to load the 'mdraid' libblockdev plugin
6月 06 14:12:35 ubuntu udisksd[906]: Acquired the name org.freedesktop.UDisks2 on the system message bus
6月 06 14:12:35 ubuntu udisksd[906]: mountpoint /media/ree/CDROM is invalid, cannot recover the canonical path 
6月 06 14:12:35 ubuntu udisksd[906]: Cleaning up mount point /media/ree/CDROM (device 11:0 is not mounted)
6月 06 14:12:35 ubuntu udisksd[906]: mountpoint /media/ree/CDROM1 is invalid, cannot recover the canonical path 
6月 06 14:12:35 ubuntu udisksd[906]: Cleaning up mount point /media/ree/CDROM1 (device 11:1 is not mounted)
6月 06 14:12:35 ubuntu systemd[1]: Started Disk Manager.
6月 06 14:12:55 ubuntu udisksd[906]: Mounted /dev/sr1 at /media/ree/CDROM on behalf of uid 1000
6月 06 14:12:55 ubuntu udisksd[906]: Mounted /dev/sr0 at /media/ree/CDROM1 on behalf of uid 1000
6月 06 15:33:45 ubuntu systemd[1]: Stopping Disk Manager...
6月 06 15:33:46 ubuntu udisksd[906]: udisks daemon version 2.8.4 exiting
6月 06 15:33:46 ubuntu systemd[1]: udisks2.service: Succeeded.
6月 06 15:33:46 ubuntu systemd[1]: Stopped Disk Manager.
-- Reboot --
6月 06 15:39:29 ubuntu systemd[1]: Starting Disk Manager...
6月 06 15:39:29 ubuntu udisksd[909]: udisks daemon version 2.8.4 starting
6月 06 15:39:29 ubuntu udisksd[909]: failed to load module mdraid: libbd_mdraid.so.2: cannot open shared object file: No such file or directory
6月 06 15:39:29 ubuntu udisksd[909]: Failed to load the 'mdraid' libblockdev plugin
6月 06 15:39:29 ubuntu udisksd[909]: Acquired the name org.freedesktop.UDisks2 on the system message bus
6月 06 15:39:29 ubuntu udisksd[909]: mountpoint /media/ree/CDROM is invalid, cannot recover the canonical path 
6月 06 15:39:29 ubuntu udisksd[909]: Cleaning up mount point /media/ree/CDROM (device 11:1 is not mounted)
6月 06 15:39:29 ubuntu udisksd[909]: mountpoint /media/ree/CDROM1 is invalid, cannot recover the canonical path 
6月 06 15:39:29 ubuntu udisksd[909]: Cleaning up mount point /media/ree/CDROM1 (device 11:0 is not mounted)
6月 06 15:39:29 ubuntu systemd[1]: Started Disk Manager.
6月 06 15:39:55 ubuntu udisksd[909]: Mounted /dev/sr1 at /media/ree/CDROM1 on behalf of uid 1000
6月 06 15:39:55 ubuntu udisksd[909]: Mounted /dev/sr0 at /media/ree/CDROM on behalf of uid 1000
6月 06 15:42:24 ubuntu systemd[1]: Stopping Disk Manager...
6月 06 15:42:24 ubuntu udisksd[909]: udisks daemon version 2.8.4 exiting
6月 06 15:42:24 ubuntu systemd[1]: udisks2.service: Succeeded.
6月 06 15:42:24 ubuntu systemd[1]: Stopped Disk Manager.
-- Reboot --
6月 06 15:44:09 ubuntu systemd[1]: Starting Disk Manager...
6月 06 15:44:09 ubuntu udisksd[843]: udisks daemon version 2.8.4 starting
6月 06 15:44:10 ubuntu udisksd[843]: failed to load module mdraid: libbd_mdraid.so.2: cannot open shared object file: No such file or directory
6月 06 15:44:10 ubuntu udisksd[843]: Failed to load the 'mdraid' libblockdev plugin
6月 06 15:44:11 ubuntu systemd[1]: Started Disk Manager.
6月 06 15:44:11 ubuntu udisksd[843]: Acquired the name org.freedesktop.UDisks2 on the system message bus
6月 06 15:44:11 ubuntu udisksd[843]: mountpoint /media/ree/CDROM1 is invalid, cannot recover the canonical path 
6月 06 15:44:11 ubuntu udisksd[843]: Cleaning up mount point /media/ree/CDROM1 (device 11:1 is not mounted)
6月 06 15:44:11 ubuntu udisksd[843]: mountpoint /media/ree/CDROM is invalid, cannot recover the canonical path 
6月 06 15:44:11 ubuntu udisksd[843]: Cleaning up mount point /media/ree/CDROM (device 11:0 is not mounted)
6月 06 15:44:57 ubuntu udisksd[843]: Mounted /dev/sr1 at /media/ree/CDROM on behalf of uid 1000
6月 06 15:44:57 ubuntu udisksd[843]: Mounted /dev/sr0 at /media/ree/CDROM1 on behalf of uid 1000
-- Reboot --
6月 15 14:08:49 ubuntu systemd[1]: Starting Disk Manager...
6月 15 14:08:49 ubuntu udisksd[910]: udisks daemon version 2.8.4 starting
6月 15 14:08:49 ubuntu udisksd[910]: failed to load module mdraid: libbd_mdraid.so.2: cannot open shared object file: No such file or directory
6月 15 14:08:50 ubuntu udisksd[910]: Failed to load the 'mdraid' libblockdev plugin
6月 15 14:08:50 ubuntu udisksd[910]: Acquired the name org.freedesktop.UDisks2 on the system message bus
6月 15 14:08:50 ubuntu udisksd[910]: Cleaning up mount point /media/ree/CDROM (device 11:1 is not mounted)
6月 15 14:08:50 ubuntu udisksd[910]: Cleaning up mount point /media/ree/CDROM1 (device 11:0 is not mounted)
6月 15 14:08:50 ubuntu systemd[1]: Started Disk Manager.
6月 15 15:13:40 ubuntu udisksd[910]: Mounted /dev/sr1 at /media/ree/CDROM on behalf of uid 1000
6月 15 15:13:40 ubuntu udisksd[910]: Mounted /dev/sr0 at /media/ree/CDROM1 on behalf of uid 1000
6月 15 16:32:38 ubuntu systemd[1]: Stopping Disk Manager...
6月 15 16:32:38 ubuntu udisksd[910]: udisks daemon version 2.8.4 exiting
6月 15 16:32:38 ubuntu systemd[1]: udisks2.service: Succeeded.
6月 15 16:32:38 ubuntu systemd[1]: Stopped Disk Manager.
-- Reboot --
6月 16 14:48:28 ubuntu systemd[1]: Starting Disk Manager...
6月 16 14:48:28 ubuntu udisksd[856]: udisks daemon version 2.8.4 starting
6月 16 14:48:28 ubuntu udisksd[856]: failed to load module mdraid: libbd_mdraid.so.2: cannot open shared object file: No such file or directory
6月 16 14:48:28 ubuntu udisksd[856]: Failed to load the 'mdraid' libblockdev plugin
6月 16 14:48:29 ubuntu udisksd[856]: Acquired the name org.freedesktop.UDisks2 on the system message bus
6月 16 14:48:29 ubuntu udisksd[856]: mountpoint /media/ree/CDROM is invalid, cannot recover the canonical path 
6月 16 14:48:29 ubuntu udisksd[856]: Cleaning up mount point /media/ree/CDROM (device 11:1 is not mounted)
6月 16 14:48:29 ubuntu udisksd[856]: mountpoint /media/ree/CDROM1 is invalid, cannot recover the canonical path 
6月 16 14:48:29 ubuntu udisksd[856]: Cleaning up mount point /media/ree/CDROM1 (device 11:0 is not mounted)
6月 16 14:48:29 ubuntu systemd[1]: Started Disk Manager.
6月 16 14:48:50 ubuntu udisksd[856]: Mounted /dev/sr0 at /media/ree/CDROM1 on behalf of uid 1000
6月 16 14:48:50 ubuntu udisksd[856]: Mounted /dev/sr1 at /media/ree/CDROM on behalf of uid 1000
-- Reboot --
2月 25 16:36:14 ubuntu systemd[1]: Starting Disk Manager...
2月 25 16:36:14 ubuntu udisksd[863]: udisks daemon version 2.8.4 starting
2月 25 16:36:14 ubuntu udisksd[863]: failed to load module mdraid: libbd_mdraid.so.2: cannot open shared object file: No such file or directory
2月 25 16:36:14 ubuntu udisksd[863]: Failed to load the 'mdraid' libblockdev plugin
2月 25 16:36:15 ubuntu udisksd[863]: Acquired the name org.freedesktop.UDisks2 on the system message bus
2月 25 16:36:15 ubuntu udisksd[863]: Cleaning up mount point /media/ree/CDROM1 (device 11:0 is not mounted)
2月 25 16:36:15 ubuntu systemd[1]: Started Disk Manager.
2月 25 16:36:15 ubuntu udisksd[863]: Cleaning up mount point /media/ree/CDROM (device 11:1 is not mounted)
2月 25 16:36:48 ubuntu udisksd[863]: Mounted /dev/sr1 at /media/ree/CDROM on behalf of uid 1000
2月 25 16:36:48 ubuntu udisksd[863]: Mounted /dev/sr0 at /media/ree/CDROM1 on behalf of uid 1000
-- Reboot --
3月 27 17:52:49 ubuntu systemd[1]: Starting Disk Manager...
3月 27 17:52:49 ubuntu udisksd[859]: udisks daemon version 2.8.4 starting
3月 27 17:52:49 ubuntu udisksd[859]: failed to load module mdraid: libbd_mdraid.so.2: cannot open shared object file: No such file or directory
3月 27 17:52:49 ubuntu udisksd[859]: Failed to load the 'mdraid' libblockdev plugin
3月 27 17:52:49 ubuntu udisksd[859]: Acquired the name org.freedesktop.UDisks2 on the system message bus
3月 27 17:52:49 ubuntu udisksd[859]: Cleaning up mount point /media/ree/CDROM (device 11:1 is not mounted)
3月 27 17:52:49 ubuntu udisksd[859]: Cleaning up mount point /media/ree/CDROM1 (device 11:0 is not mounted)
3月 27 17:52:49 ubuntu systemd[1]: Started Disk Manager.
3月 27 17:53:12 ubuntu udisksd[859]: Mounted /dev/sr0 at /media/ree/CDROM1 on behalf of uid 1000
3月 27 17:53:12 ubuntu udisksd[859]: Mounted /dev/sr1 at /media/ree/CDROM on behalf of uid 1000
-- Reboot --
3月 30 14:05:42 ubuntu systemd[1]: Starting Disk Manager...
3月 30 14:05:43 ubuntu udisksd[856]: udisks daemon version 2.8.4 starting
3月 30 14:05:43 ubuntu udisksd[856]: failed to load module mdraid: libbd_mdraid.so.2: cannot open shared object file: No such file or directory
3月 30 14:05:43 ubuntu udisksd[856]: Failed to load the 'mdraid' libblockdev plugin
3月 30 14:05:43 ubuntu udisksd[856]: Acquired the name org.freedesktop.UDisks2 on the system message bus
3月 30 14:05:43 ubuntu udisksd[856]: Cleaning up mount point /media/ree/CDROM1 (device 11:0 is not mounted)
3月 30 14:05:43 ubuntu udisksd[856]: Cleaning up mount point /media/ree/CDROM (device 11:1 is not mounted)
3月 30 14:05:43 ubuntu systemd[1]: Started Disk Manager.
3月 30 14:15:38 ubuntu udisksd[856]: Mounted /dev/sr0 at /media/ree/CDROM1 on behalf of uid 1000
3月 30 14:15:38 ubuntu udisksd[856]: Mounted /dev/sr1 at /media/ree/CDROM on behalf of uid 1000
3月 30 14:44:04 ubuntu systemd[1]: Stopping Disk Manager...
3月 30 14:44:04 ubuntu udisksd[856]: udisks daemon version 2.8.4 exiting
3月 30 14:44:04 ubuntu systemd[1]: udisks2.service: Succeeded.
3月 30 14:44:04 ubuntu systemd[1]: Stopped Disk Manager.
-- Reboot --
3月 30 14:44:33 ubuntu systemd[1]: Starting Disk Manager...
3月 30 14:44:33 ubuntu udisksd[847]: udisks daemon version 2.8.4 starting
3月 30 14:44:33 ubuntu udisksd[847]: failed to load module mdraid: libbd_mdraid.so.2: cannot open shared object file: No such file or directory
3月 30 14:44:33 ubuntu udisksd[847]: Failed to load the 'mdraid' libblockdev plugin
3月 30 14:44:34 ubuntu systemd[1]: Started Disk Manager.
3月 30 14:44:34 ubuntu udisksd[847]: Acquired the name org.freedesktop.UDisks2 on the system message bus
3月 30 14:44:34 ubuntu udisksd[847]: mountpoint /media/ree/CDROM1 is invalid, cannot recover the canonical path 
3月 30 14:44:34 ubuntu udisksd[847]: Cleaning up mount point /media/ree/CDROM1 (device 11:0 is not mounted)
3月 30 14:44:34 ubuntu udisksd[847]: mountpoint /media/ree/CDROM is invalid, cannot recover the canonical path 
3月 30 14:44:34 ubuntu udisksd[847]: Cleaning up mount point /media/ree/CDROM (device 11:1 is not mounted)
3月 30 14:44:50 ubuntu udisksd[847]: Mounted /dev/sr1 at /media/ree/CDROM on behalf of uid 1000
3月 30 14:44:50 ubuntu udisksd[847]: Mounted /dev/sr0 at /media/ree/CDROM1 on behalf of uid 1000
3月 30 14:51:17 ubuntu systemd[1]: Stopping Disk Manager...
3月 30 14:51:17 ubuntu udisksd[847]: udisks daemon version 2.8.4 exiting
3月 30 14:51:17 ubuntu systemd[1]: udisks2.service: Succeeded.
3月 30 14:51:17 ubuntu systemd[1]: Stopped Disk Manager.
-- Reboot --
3月 30 15:12:19 ubuntu systemd[1]: Starting Disk Manager...
3月 30 15:12:19 ubuntu udisksd[858]: udisks daemon version 2.8.4 starting
3月 30 15:12:19 ubuntu udisksd[858]: failed to load module mdraid: libbd_mdraid.so.2: cannot open shared object file: No such file or directory
3月 30 15:12:20 ubuntu udisksd[858]: Failed to load the 'mdraid' libblockdev plugin
3月 30 15:12:20 ubuntu systemd[1]: Started Disk Manager.
3月 30 15:12:20 ubuntu udisksd[858]: Acquired the name org.freedesktop.UDisks2 on the system message bus
3月 30 15:12:20 ubuntu udisksd[858]: mountpoint /media/ree/CDROM is invalid, cannot recover the canonical path 
3月 30 15:12:20 ubuntu udisksd[858]: Cleaning up mount point /media/ree/CDROM (device 11:1 is not mounted)
3月 30 15:12:20 ubuntu udisksd[858]: mountpoint /media/ree/CDROM1 is invalid, cannot recover the canonical path 
3月 30 15:12:20 ubuntu udisksd[858]: Cleaning up mount point /media/ree/CDROM1 (device 11:0 is not mounted)
3月 30 15:12:44 ubuntu udisksd[858]: Mounted /dev/sr0 at /media/ree/CDROM1 on behalf of uid 1000
3月 30 15:12:44 ubuntu udisksd[858]: Mounted /dev/sr1 at /media/ree/CDROM on behalf of uid 1000
3月 30 15:12:58 ubuntu systemd[1]: Stopping Disk Manager...
3月 30 15:12:58 ubuntu udisksd[858]: udisks daemon version 2.8.4 exiting
3月 30 15:12:58 ubuntu systemd[1]: udisks2.service: Succeeded.
3月 30 15:12:58 ubuntu systemd[1]: Stopped Disk Manager.
-- Reboot --
3月 30 15:18:40 ubuntu systemd[1]: Starting Disk Manager...
3月 30 15:18:40 ubuntu udisksd[846]: udisks daemon version 2.8.4 starting
3月 30 15:18:40 ubuntu udisksd[846]: failed to load module mdraid: libbd_mdraid.so.2: cannot open shared object file: No such file or directory
3月 30 15:18:40 ubuntu udisksd[846]: Failed to load the 'mdraid' libblockdev plugin
3月 30 15:18:40 ubuntu udisksd[846]: Acquired the name org.freedesktop.UDisks2 on the system message bus
3月 30 15:18:40 ubuntu udisksd[846]: mountpoint /media/ree/CDROM1 is invalid, cannot recover the canonical path 
3月 30 15:18:40 ubuntu udisksd[846]: Cleaning up mount point /media/ree/CDROM1 (device 11:0 is not mounted)
3月 30 15:18:40 ubuntu udisksd[846]: mountpoint /media/ree/CDROM is invalid, cannot recover the canonical path 
3月 30 15:18:40 ubuntu udisksd[846]: Cleaning up mount point /media/ree/CDROM (device 11:1 is not mounted)
3月 30 15:18:40 ubuntu systemd[1]: Started Disk Manager.
3月 30 15:19:00 ubuntu udisksd[846]: Mounted /dev/sr0 at /media/ree/CDROM on behalf of uid 1000
3月 30 15:19:00 ubuntu udisksd[846]: Mounted /dev/sr1 at /media/ree/CDROM1 on behalf of uid 1000
3月 30 15:19:57 ubuntu systemd[1]: Stopping Disk Manager...
3月 30 15:19:57 ubuntu udisksd[846]: udisks daemon version 2.8.4 exiting
3月 30 15:19:58 ubuntu systemd[1]: udisks2.service: Succeeded.
3月 30 15:19:58 ubuntu systemd[1]: Stopped Disk Manager.
-- Reboot --
3月 30 22:57:14 ubuntu systemd[1]: Starting Disk Manager...
3月 30 22:57:14 ubuntu udisksd[906]: udisks daemon version 2.8.4 starting
3月 30 22:57:14 ubuntu udisksd[906]: failed to load module mdraid: libbd_mdraid.so.2: cannot open shared object file: No such file or directory
3月 30 22:57:14 ubuntu udisksd[906]: Failed to load the 'mdraid' libblockdev plugin
3月 30 22:57:14 ubuntu udisksd[906]: Acquired the name org.freedesktop.UDisks2 on the system message bus
3月 30 22:57:14 ubuntu systemd[1]: Started Disk Manager.
3月 30 22:57:14 ubuntu udisksd[906]: mountpoint /media/ree/CDROM is invalid, cannot recover the canonical path 
3月 30 22:57:14 ubuntu udisksd[906]: Cleaning up mount point /media/ree/CDROM (device 11:0 is not mounted)
3月 30 22:57:14 ubuntu udisksd[906]: mountpoint /media/ree/CDROM1 is invalid, cannot recover the canonical path 
3月 30 22:57:14 ubuntu udisksd[906]: Cleaning up mount point /media/ree/CDROM1 (device 11:1 is not mounted)
3月 30 22:57:49 ubuntu udisksd[906]: Mounted /dev/sr0 at /media/ree/CDROM1 on behalf of uid 1000
3月 30 22:57:49 ubuntu udisksd[906]: Mounted /dev/sr1 at /media/ree/CDROM on behalf of uid 1000
3月 30 22:59:12 ubuntu systemd[1]: Stopping Disk Manager...
3月 30 22:59:12 ubuntu udisksd[906]: udisks daemon version 2.8.4 exiting
3月 30 22:59:12 ubuntu systemd[1]: udisks2.service: Succeeded.
3月 30 22:59:12 ubuntu systemd[1]: Stopped Disk Manager.
-- Reboot --
3月 30 23:00:45 ubuntu systemd[1]: Starting Disk Manager...
3月 30 23:00:45 ubuntu udisksd[848]: udisks daemon version 2.8.4 starting
3月 30 23:00:45 ubuntu udisksd[848]: failed to load module mdraid: libbd_mdraid.so.2: cannot open shared object file: No such file or directory
3月 30 23:00:45 ubuntu udisksd[848]: Failed to load the 'mdraid' libblockdev plugin
3月 30 23:00:45 ubuntu systemd[1]: Started Disk Manager.
3月 30 23:00:45 ubuntu udisksd[848]: Acquired the name org.freedesktop.UDisks2 on the system message bus
3月 30 23:00:45 ubuntu udisksd[848]: mountpoint /media/ree/CDROM1 is invalid, cannot recover the canonical path 
3月 30 23:00:45 ubuntu udisksd[848]: Cleaning up mount point /media/ree/CDROM1 (device 11:0 is not mounted)
3月 30 23:00:45 ubuntu udisksd[848]: mountpoint /media/ree/CDROM is invalid, cannot recover the canonical path 
3月 30 23:00:45 ubuntu udisksd[848]: Cleaning up mount point /media/ree/CDROM (device 11:1 is not mounted)
3月 30 23:01:13 ubuntu udisksd[848]: Mounted /dev/sr1 at /media/ree/CDROM on behalf of uid 1000
3月 30 23:01:13 ubuntu udisksd[848]: Mounted /dev/sr0 at /media/ree/CDROM1 on behalf of uid 1000
3月 30 23:02:22 ubuntu systemd[1]: Stopping Disk Manager...
3月 30 23:02:22 ubuntu udisksd[848]: udisks daemon version 2.8.4 exiting
3月 30 23:02:22 ubuntu systemd[1]: udisks2.service: Succeeded.
3月 30 23:02:22 ubuntu systemd[1]: Stopped Disk Manager.
-- Reboot --
3月 30 23:05:26 ubuntu systemd[1]: Starting Disk Manager...
3月 30 23:05:26 ubuntu udisksd[882]: udisks daemon version 2.8.4 starting
3月 30 23:05:26 ubuntu udisksd[882]: failed to load module mdraid: libbd_mdraid.so.2: cannot open shared object file: No such file or directory
3月 30 23:05:26 ubuntu udisksd[882]: Failed to load the 'mdraid' libblockdev plugin
3月 30 23:05:27 ubuntu udisksd[882]: Acquired the name org.freedesktop.UDisks2 on the system message bus
3月 30 23:05:27 ubuntu udisksd[882]: mountpoint /media/ree/CDROM is invalid, cannot recover the canonical path 
3月 30 23:05:27 ubuntu udisksd[882]: Cleaning up mount point /media/ree/CDROM (device 11:1 is not mounted)
3月 30 23:05:27 ubuntu udisksd[882]: mountpoint /media/ree/CDROM1 is invalid, cannot recover the canonical path 
3月 30 23:05:27 ubuntu udisksd[882]: Cleaning up mount point /media/ree/CDROM1 (device 11:0 is not mounted)
3月 30 23:05:27 ubuntu systemd[1]: Started Disk Manager.
3月 30 23:05:43 ubuntu udisksd[882]: Mounted /dev/sr0 at /media/ree/CDROM1 on behalf of uid 1000
3月 30 23:05:43 ubuntu udisksd[882]: Mounted /dev/sr1 at /media/ree/CDROM on behalf of uid 1000
3月 30 23:14:09 ubuntu systemd[1]: Stopping Disk Manager...
3月 30 23:14:09 ubuntu udisksd[882]: udisks daemon version 2.8.4 exiting
3月 30 23:14:09 ubuntu systemd[1]: udisks2.service: Succeeded.
3月 30 23:14:09 ubuntu systemd[1]: Stopped Disk Manager.
-- Reboot --
3月 31 18:40:20 ubuntu systemd[1]: Starting Disk Manager...
3月 31 18:40:20 ubuntu udisksd[914]: udisks daemon version 2.8.4 starting
3月 31 18:40:20 ubuntu udisksd[914]: failed to load module mdraid: libbd_mdraid.so.2: cannot open shared object file: No such file or directory
3月 31 18:40:20 ubuntu udisksd[914]: Failed to load the 'mdraid' libblockdev plugin
3月 31 18:40:20 ubuntu udisksd[914]: Acquired the name org.freedesktop.UDisks2 on the system message bus
3月 31 18:40:20 ubuntu udisksd[914]: mountpoint /media/ree/CDROM1 is invalid, cannot recover the canonical path 
3月 31 18:40:20 ubuntu udisksd[914]: Cleaning up mount point /media/ree/CDROM1 (device 11:0 is not mounted)
3月 31 18:40:20 ubuntu udisksd[914]: mountpoint /media/ree/CDROM is invalid, cannot recover the canonical path 
3月 31 18:40:20 ubuntu udisksd[914]: Cleaning up mount point /media/ree/CDROM (device 11:1 is not mounted)
3月 31 18:40:20 ubuntu systemd[1]: Started Disk Manager.
3月 31 18:40:36 ubuntu udisksd[914]: Mounted /dev/sr1 at /media/ree/CDROM on behalf of uid 1000
3月 31 18:40:36 ubuntu udisksd[914]: Mounted /dev/sr0 at /media/ree/CDROM1 on behalf of uid 1000
3月 31 18:53:35 ubuntu systemd[1]: Stopping Disk Manager...
3月 31 18:53:35 ubuntu udisksd[914]: udisks daemon version 2.8.4 exiting
3月 31 18:53:35 ubuntu systemd[1]: udisks2.service: Succeeded.
3月 31 18:53:35 ubuntu systemd[1]: Stopped Disk Manager.
-- Reboot --
3月 31 18:54:17 ubuntu systemd[1]: Starting Disk Manager...
3月 31 18:54:17 ubuntu udisksd[902]: udisks daemon version 2.8.4 starting
3月 31 18:54:17 ubuntu udisksd[902]: failed to load module mdraid: libbd_mdraid.so.2: cannot open shared object file: No such file or directory
3月 31 18:54:17 ubuntu udisksd[902]: Failed to load the 'mdraid' libblockdev plugin
3月 31 18:54:18 ubuntu systemd[1]: Started Disk Manager.
3月 31 18:54:18 ubuntu udisksd[902]: Acquired the name org.freedesktop.UDisks2 on the system message bus
3月 31 18:54:18 ubuntu udisksd[902]: mountpoint /media/ree/CDROM is invalid, cannot recover the canonical path 
3月 31 18:54:18 ubuntu udisksd[902]: Cleaning up mount point /media/ree/CDROM (device 11:1 is not mounted)
3月 31 18:54:18 ubuntu udisksd[902]: mountpoint /media/ree/CDROM1 is invalid, cannot recover the canonical path 
3月 31 18:54:18 ubuntu udisksd[902]: Cleaning up mount point /media/ree/CDROM1 (device 11:0 is not mounted)
3月 31 18:54:35 ubuntu udisksd[902]: Mounted /dev/sr0 at /media/ree/CDROM1 on behalf of uid 1000
3月 31 18:54:35 ubuntu udisksd[902]: Mounted /dev/sr1 at /media/ree/CDROM on behalf of uid 1000
3月 31 19:01:42 ubuntu systemd[1]: Stopping Disk Manager...
3月 31 19:01:42 ubuntu udisksd[902]: udisks daemon version 2.8.4 exiting
3月 31 19:01:42 ubuntu systemd[1]: udisks2.service: Succeeded.
3月 31 19:01:42 ubuntu systemd[1]: Stopped Disk Manager.
-- Reboot --
3月 31 19:04:01 ubuntu systemd[1]: Starting Disk Manager...
3月 31 19:04:01 ubuntu udisksd[848]: udisks daemon version 2.8.4 starting
3月 31 19:04:01 ubuntu udisksd[848]: failed to load module mdraid: libbd_mdraid.so.2: cannot open shared object file: No such file or directory
3月 31 19:04:01 ubuntu udisksd[848]: Failed to load the 'mdraid' libblockdev plugin
3月 31 19:04:01 ubuntu udisksd[848]: Acquired the name org.freedesktop.UDisks2 on the system message bus
3月 31 19:04:01 ubuntu systemd[1]: Started Disk Manager.
3月 31 19:04:01 ubuntu udisksd[848]: mountpoint /media/ree/CDROM1 is invalid, cannot recover the canonical path 
3月 31 19:04:01 ubuntu udisksd[848]: Cleaning up mount point /media/ree/CDROM1 (device 11:0 is not mounted)
3月 31 19:04:01 ubuntu udisksd[848]: mountpoint /media/ree/CDROM is invalid, cannot recover the canonical path 
3月 31 19:04:01 ubuntu udisksd[848]: Cleaning up mount point /media/ree/CDROM (device 11:1 is not mounted)
3月 31 19:04:20 ubuntu udisksd[848]: Mounted /dev/sr1 at /media/ree/CDROM on behalf of uid 1000
3月 31 19:04:20 ubuntu udisksd[848]: Mounted /dev/sr0 at /media/ree/CDROM1 on behalf of uid 1000
3月 31 19:26:10 ubuntu systemd[1]: Stopping Disk Manager...
3月 31 19:26:10 ubuntu udisksd[848]: udisks daemon version 2.8.4 exiting
3月 31 19:26:10 ubuntu systemd[1]: udisks2.service: Succeeded.
3月 31 19:26:10 ubuntu systemd[1]: Stopped Disk Manager.
-- Reboot --
3月 31 19:27:36 ubuntu systemd[1]: Starting Disk Manager...
3月 31 19:27:36 ubuntu udisksd[901]: udisks daemon version 2.8.4 starting
3月 31 19:27:36 ubuntu udisksd[901]: failed to load module mdraid: libbd_mdraid.so.2: cannot open shared object file: No such file or directory
3月 31 19:27:36 ubuntu udisksd[901]: Failed to load the 'mdraid' libblockdev plugin
3月 31 19:27:36 ubuntu udisksd[901]: Acquired the name org.freedesktop.UDisks2 on the system message bus
3月 31 19:27:36 ubuntu systemd[1]: Started Disk Manager.
3月 31 19:27:36 ubuntu udisksd[901]: mountpoint /media/ree/CDROM is invalid, cannot recover the canonical path 
3月 31 19:27:36 ubuntu udisksd[901]: Cleaning up mount point /media/ree/CDROM (device 11:1 is not mounted)
3月 31 19:27:36 ubuntu udisksd[901]: mountpoint /media/ree/CDROM1 is invalid, cannot recover the canonical path 
3月 31 19:27:36 ubuntu udisksd[901]: Cleaning up mount point /media/ree/CDROM1 (device 11:0 is not mounted)
3月 31 19:28:03 ubuntu udisksd[901]: Mounted /dev/sr0 at /media/ree/CDROM1 on behalf of uid 1000
3月 31 19:28:03 ubuntu udisksd[901]: Mounted /dev/sr1 at /media/ree/CDROM on behalf of uid 1000
-- Reboot --
3月 31 19:43:31 ubuntu systemd[1]: Starting Disk Manager...
3月 31 19:43:31 ubuntu udisksd[844]: udisks daemon version 2.8.4 starting
3月 31 19:43:31 ubuntu udisksd[844]: failed to load module mdraid: libbd_mdraid.so.2: cannot open shared object file: No such file or directory
3月 31 19:43:31 ubuntu udisksd[844]: Failed to load the 'mdraid' libblockdev plugin
3月 31 19:43:31 ubuntu udisksd[844]: Acquired the name org.freedesktop.UDisks2 on the system message bus
3月 31 19:43:31 ubuntu systemd[1]: Started Disk Manager.
3月 31 19:43:31 ubuntu udisksd[844]: Cleaning up mount point /media/ree/CDROM1 (device 11:0 is not mounted)
3月 31 19:43:31 ubuntu udisksd[844]: Cleaning up mount point /media/ree/CDROM (device 11:1 is not mounted)
3月 31 19:43:50 ubuntu udisksd[844]: Mounted /dev/sr0 at /media/ree/CDROM1 on behalf of uid 1000
3月 31 19:43:50 ubuntu udisksd[844]: Mounted /dev/sr1 at /media/ree/CDROM on behalf of uid 1000
3月 31 19:57:56 ubuntu systemd[1]: Stopping Disk Manager...
3月 31 19:57:56 ubuntu udisksd[844]: udisks daemon version 2.8.4 exiting
3月 31 19:57:56 ubuntu systemd[1]: udisks2.service: Succeeded.
3月 31 19:57:56 ubuntu systemd[1]: Stopped Disk Manager.
-- Reboot --
3月 31 19:58:20 ubuntu systemd[1]: Starting Disk Manager...
3月 31 19:58:20 ubuntu udisksd[878]: udisks daemon version 2.8.4 starting
3月 31 19:58:20 ubuntu udisksd[878]: failed to load module mdraid: libbd_mdraid.so.2: cannot open shared object file: No such file or directory
3月 31 19:58:20 ubuntu udisksd[878]: Failed to load the 'mdraid' libblockdev plugin
3月 31 19:58:20 ubuntu systemd[1]: Started Disk Manager.
3月 31 19:58:20 ubuntu udisksd[878]: Acquired the name org.freedesktop.UDisks2 on the system message bus
3月 31 19:58:20 ubuntu udisksd[878]: mountpoint /media/ree/CDROM1 is invalid, cannot recover the canonical path 
3月 31 19:58:20 ubuntu udisksd[878]: Cleaning up mount point /media/ree/CDROM1 (device 11:0 is not mounted)
3月 31 19:58:20 ubuntu udisksd[878]: mountpoint /media/ree/CDROM is invalid, cannot recover the canonical path 
3月 31 19:58:20 ubuntu udisksd[878]: Cleaning up mount point /media/ree/CDROM (device 11:1 is not mounted)
3月 31 20:02:38 ubuntu udisksd[878]: Mounted /dev/sr0 at /media/ree/CDROM1 on behalf of uid 1000
3月 31 20:02:38 ubuntu udisksd[878]: Mounted /dev/sr1 at /media/ree/CDROM on behalf of uid 1000
3月 31 20:09:57 ubuntu systemd[1]: Stopping Disk Manager...
3月 31 20:09:57 ubuntu udisksd[878]: udisks daemon version 2.8.4 exiting
3月 31 20:09:57 ubuntu systemd[1]: udisks2.service: Succeeded.
3月 31 20:09:57 ubuntu systemd[1]: Stopped Disk Manager.
-- Reboot --
3月 31 20:24:35 ubuntu systemd[1]: Starting Disk Manager...
3月 31 20:24:35 ubuntu udisksd[898]: udisks daemon version 2.8.4 starting
3月 31 20:24:35 ubuntu udisksd[898]: failed to load module mdraid: libbd_mdraid.so.2: cannot open shared object file: No such file or directory
3月 31 20:24:35 ubuntu udisksd[898]: Failed to load the 'mdraid' libblockdev plugin
3月 31 20:24:35 ubuntu systemd[1]: Started Disk Manager.
3月 31 20:24:35 ubuntu udisksd[898]: Acquired the name org.freedesktop.UDisks2 on the system message bus
3月 31 20:24:35 ubuntu udisksd[898]: mountpoint /media/ree/CDROM1 is invalid, cannot recover the canonical path 
3月 31 20:24:35 ubuntu udisksd[898]: Cleaning up mount point /media/ree/CDROM1 (device 11:0 is not mounted)
3月 31 20:24:35 ubuntu udisksd[898]: mountpoint /media/ree/CDROM is invalid, cannot recover the canonical path 
3月 31 20:24:35 ubuntu udisksd[898]: Cleaning up mount point /media/ree/CDROM (device 11:1 is not mounted)
3月 31 20:25:07 ubuntu udisksd[898]: Mounted /dev/sr0 at /media/ree/CDROM on behalf of uid 1000
3月 31 20:25:07 ubuntu udisksd[898]: Mounted /dev/sr1 at /media/ree/CDROM1 on behalf of uid 1000
3月 31 21:06:51 ubuntu systemd[1]: Stopping Disk Manager...
3月 31 21:06:51 ubuntu udisksd[898]: udisks daemon version 2.8.4 exiting
3月 31 21:06:51 ubuntu systemd[1]: udisks2.service: Succeeded.
3月 31 21:06:51 ubuntu systemd[1]: Stopped Disk Manager.
-- Reboot --
4月 02 17:05:04 ubuntu systemd[1]: Starting Disk Manager...
4月 02 17:05:04 ubuntu udisksd[904]: udisks daemon version 2.8.4 starting
4月 02 17:05:04 ubuntu udisksd[904]: failed to load module mdraid: libbd_mdraid.so.2: cannot open shared object file: No such file or directory
4月 02 17:05:04 ubuntu udisksd[904]: Failed to load the 'mdraid' libblockdev plugin
4月 02 17:05:05 ubuntu udisksd[904]: Acquired the name org.freedesktop.UDisks2 on the system message bus
4月 02 17:05:05 ubuntu udisksd[904]: mountpoint /media/ree/CDROM is invalid, cannot recover the canonical path 
4月 02 17:05:05 ubuntu udisksd[904]: Cleaning up mount point /media/ree/CDROM (device 11:0 is not mounted)
4月 02 17:05:05 ubuntu udisksd[904]: mountpoint /media/ree/CDROM1 is invalid, cannot recover the canonical path 
4月 02 17:05:05 ubuntu udisksd[904]: Cleaning up mount point /media/ree/CDROM1 (device 11:1 is not mounted)
4月 02 17:05:05 ubuntu systemd[1]: Started Disk Manager.
4月 02 17:05:21 ubuntu udisksd[904]: Mounted /dev/sr0 at /media/ree/CDROM1 on behalf of uid 1000
4月 02 17:05:21 ubuntu udisksd[904]: Mounted /dev/sr1 at /media/ree/CDROM on behalf of uid 1000
4月 02 17:13:52 ubuntu systemd[1]: Stopping Disk Manager...
4月 02 17:13:52 ubuntu udisksd[904]: udisks daemon version 2.8.4 exiting
4月 02 17:13:52 ubuntu systemd[1]: udisks2.service: Succeeded.
4月 02 17:13:52 ubuntu systemd[1]: Stopped Disk Manager.
-- Reboot --
4月 14 20:21:37 ubuntu systemd[1]: Starting Disk Manager...
4月 14 20:21:37 ubuntu udisksd[851]: udisks daemon version 2.8.4 starting
4月 14 20:21:37 ubuntu udisksd[851]: failed to load module mdraid: libbd_mdraid.so.2: cannot open shared object file: No such file or directory
4月 14 20:21:37 ubuntu udisksd[851]: Failed to load the 'mdraid' libblockdev plugin
4月 14 20:21:37 ubuntu udisksd[851]: Acquired the name org.freedesktop.UDisks2 on the system message bus
4月 14 20:21:37 ubuntu udisksd[851]: mountpoint /media/ree/CDROM1 is invalid, cannot recover the canonical path 
4月 14 20:21:37 ubuntu udisksd[851]: Cleaning up mount point /media/ree/CDROM1 (device 11:0 is not mounted)
4月 14 20:21:37 ubuntu udisksd[851]: mountpoint /media/ree/CDROM is invalid, cannot recover the canonical path 
4月 14 20:21:37 ubuntu udisksd[851]: Cleaning up mount point /media/ree/CDROM (device 11:1 is not mounted)
4月 14 20:21:37 ubuntu systemd[1]: Started Disk Manager.
4月 14 20:22:04 ubuntu udisksd[851]: Mounted /dev/sr0 at /media/ree/CDROM1 on behalf of uid 1000
4月 14 20:22:04 ubuntu udisksd[851]: Mounted /dev/sr1 at /media/ree/CDROM on behalf of uid 1000
4月 14 20:54:40 ubuntu systemd[1]: Stopping Disk Manager...
4月 14 20:54:40 ubuntu udisksd[851]: udisks daemon version 2.8.4 exiting
4月 14 20:54:40 ubuntu systemd[1]: udisks2.service: Succeeded.
4月 14 20:54:40 ubuntu systemd[1]: Stopped Disk Manager.
-- Reboot --
4月 14 20:55:48 ubuntu systemd[1]: Starting Disk Manager...
4月 14 20:55:49 ubuntu udisksd[894]: udisks daemon version 2.8.4 starting
4月 14 20:55:49 ubuntu udisksd[894]: failed to load module mdraid: libbd_mdraid.so.2: cannot open shared object file: No such file or directory
4月 14 20:55:49 ubuntu udisksd[894]: Failed to load the 'mdraid' libblockdev plugin
4月 14 20:55:49 ubuntu systemd[1]: Started Disk Manager.
4月 14 20:55:49 ubuntu udisksd[894]: Acquired the name org.freedesktop.UDisks2 on the system message bus
4月 14 20:55:49 ubuntu udisksd[894]: mountpoint /media/ree/CDROM1 is invalid, cannot recover the canonical path 
4月 14 20:55:49 ubuntu udisksd[894]: Cleaning up mount point /media/ree/CDROM1 (device 11:0 is not mounted)
4月 14 20:55:49 ubuntu udisksd[894]: mountpoint /media/ree/CDROM is invalid, cannot recover the canonical path 
4月 14 20:55:49 ubuntu udisksd[894]: Cleaning up mount point /media/ree/CDROM (device 11:1 is not mounted)
4月 14 20:56:35 ubuntu udisksd[894]: Mounted /dev/sr1 at /media/ree/CDROM on behalf of uid 1000
4月 14 20:56:35 ubuntu udisksd[894]: Mounted /dev/sr0 at /media/ree/CDROM1 on behalf of uid 1000
-- Reboot --
4月 15 22:31:07 ubuntu systemd[1]: Starting Disk Manager...
4月 15 22:31:07 ubuntu udisksd[912]: udisks daemon version 2.8.4 starting
4月 15 22:31:07 ubuntu udisksd[912]: failed to load module mdraid: libbd_mdraid.so.2: cannot open shared object file: No such file or directory
4月 15 22:31:07 ubuntu udisksd[912]: Failed to load the 'mdraid' libblockdev plugin
4月 15 22:31:07 ubuntu systemd[1]: Started Disk Manager.
4月 15 22:31:07 ubuntu udisksd[912]: Acquired the name org.freedesktop.UDisks2 on the system message bus
4月 15 22:31:07 ubuntu udisksd[912]: Cleaning up mount point /media/ree/CDROM (device 11:1 is not mounted)
4月 15 22:31:07 ubuntu udisksd[912]: Cleaning up mount point /media/ree/CDROM1 (device 11:0 is not mounted)
4月 15 22:32:11 ubuntu udisksd[912]: Mounted /dev/sr0 at /media/ree/CDROM1 on behalf of uid 1000
4月 15 22:32:11 ubuntu udisksd[912]: Mounted /dev/sr1 at /media/ree/CDROM on behalf of uid 1000
4月 15 22:43:25 ubuntu systemd[1]: Stopping Disk Manager...
4月 15 22:43:25 ubuntu udisksd[912]: udisks daemon version 2.8.4 exiting
4月 15 22:43:25 ubuntu systemd[1]: udisks2.service: Succeeded.
4月 15 22:43:25 ubuntu systemd[1]: Stopped Disk Manager.
-- Reboot --
4月 15 22:43:42 ubuntu systemd[1]: Starting Disk Manager...
4月 15 22:43:42 ubuntu udisksd[903]: udisks daemon version 2.8.4 starting
4月 15 22:43:42 ubuntu udisksd[903]: failed to load module mdraid: libbd_mdraid.so.2: cannot open shared object file: No such file or directory
4月 15 22:43:42 ubuntu udisksd[903]: Failed to load the 'mdraid' libblockdev plugin
4月 15 22:43:42 ubuntu udisksd[903]: Acquired the name org.freedesktop.UDisks2 on the system message bus
4月 15 22:43:42 ubuntu udisksd[903]: mountpoint /media/ree/CDROM1 is invalid, cannot recover the canonical path 
4月 15 22:43:42 ubuntu udisksd[903]: Cleaning up mount point /media/ree/CDROM1 (device 11:0 is not mounted)
4月 15 22:43:42 ubuntu udisksd[903]: mountpoint /media/ree/CDROM is invalid, cannot recover the canonical path 
4月 15 22:43:42 ubuntu udisksd[903]: Cleaning up mount point /media/ree/CDROM (device 11:1 is not mounted)
4月 15 22:43:42 ubuntu systemd[1]: Started Disk Manager.
4月 15 22:57:39 ubuntu udisksd[903]: Mounted /dev/sr1 at /media/ree/CDROM on behalf of uid 1000
4月 15 22:57:39 ubuntu udisksd[903]: Mounted /dev/sr0 at /media/ree/CDROM1 on behalf of uid 1000
4月 15 23:08:20 ubuntu systemd[1]: Stopping Disk Manager...
4月 15 23:08:20 ubuntu udisksd[903]: udisks daemon version 2.8.4 exiting
4月 15 23:08:20 ubuntu systemd[1]: udisks2.service: Succeeded.
4月 15 23:08:20 ubuntu systemd[1]: Stopped Disk Manager.
-- Reboot --
4月 19 18:41:05 ubuntu systemd[1]: Starting Disk Manager...
4月 19 18:41:05 ubuntu udisksd[865]: udisks daemon version 2.8.4 starting
4月 19 18:41:05 ubuntu udisksd[865]: failed to load module mdraid: libbd_mdraid.so.2: cannot open shared object file: No such file or directory
4月 19 18:41:05 ubuntu udisksd[865]: Failed to load the 'mdraid' libblockdev plugin
4月 19 18:41:05 ubuntu udisksd[865]: Acquired the name org.freedesktop.UDisks2 on the system message bus
4月 19 18:41:05 ubuntu udisksd[865]: mountpoint /media/ree/CDROM is invalid, cannot recover the canonical path 
4月 19 18:41:05 ubuntu udisksd[865]: Cleaning up mount point /media/ree/CDROM (device 11:1 is not mounted)
4月 19 18:41:05 ubuntu udisksd[865]: mountpoint /media/ree/CDROM1 is invalid, cannot recover the canonical path 
4月 19 18:41:05 ubuntu udisksd[865]: Cleaning up mount point /media/ree/CDROM1 (device 11:0 is not mounted)
4月 19 18:41:05 ubuntu systemd[1]: Started Disk Manager.
4月 19 18:42:55 ubuntu udisksd[865]: Mounted /dev/sr1 at /media/ree/CDROM1 on behalf of uid 1000
4月 19 18:42:55 ubuntu udisksd[865]: Mounted /dev/sr0 at /media/ree/CDROM on behalf of uid 1000
4月 19 19:04:21 ubuntu systemd[1]: Stopping Disk Manager...
4月 19 19:04:21 ubuntu udisksd[865]: udisks daemon version 2.8.4 exiting
4月 19 19:04:21 ubuntu systemd[1]: udisks2.service: Succeeded.
4月 19 19:04:21 ubuntu systemd[1]: Stopped Disk Manager.
-- Reboot --
4月 19 19:16:16 ubuntu systemd[1]: Starting Disk Manager...
4月 19 19:16:16 ubuntu udisksd[921]: udisks daemon version 2.8.4 starting
4月 19 19:16:16 ubuntu udisksd[921]: failed to load module mdraid: libbd_mdraid.so.2: cannot open shared object file: No such file or directory
4月 19 19:16:16 ubuntu udisksd[921]: Failed to load the 'mdraid' libblockdev plugin
4月 19 19:16:16 ubuntu udisksd[921]: Acquired the name org.freedesktop.UDisks2 on the system message bus
4月 19 19:16:16 ubuntu udisksd[921]: mountpoint /media/ree/CDROM1 is invalid, cannot recover the canonical path 
4月 19 19:16:16 ubuntu udisksd[921]: Cleaning up mount point /media/ree/CDROM1 (device 11:1 is not mounted)
4月 19 19:16:16 ubuntu udisksd[921]: mountpoint /media/ree/CDROM is invalid, cannot recover the canonical path 
4月 19 19:16:16 ubuntu udisksd[921]: Cleaning up mount point /media/ree/CDROM (device 11:0 is not mounted)
4月 19 19:16:16 ubuntu systemd[1]: Started Disk Manager.
4月 19 19:17:01 ubuntu udisksd[921]: Mounted /dev/sr0 at /media/ree/CDROM on behalf of uid 1000
4月 19 19:17:01 ubuntu udisksd[921]: Mounted /dev/sr1 at /media/ree/CDROM1 on behalf of uid 1000
4月 19 19:25:49 ubuntu systemd[1]: Stopping Disk Manager...
4月 19 19:25:49 ubuntu udisksd[921]: udisks daemon version 2.8.4 exiting
4月 19 19:25:50 ubuntu systemd[1]: udisks2.service: Succeeded.
4月 19 19:25:50 ubuntu systemd[1]: Stopped Disk Manager.
-- Reboot --
4月 21 14:58:07 ubuntu systemd[1]: Starting Disk Manager...
4月 21 14:58:07 ubuntu udisksd[885]: udisks daemon version 2.8.4 starting
4月 21 14:58:07 ubuntu udisksd[885]: failed to load module mdraid: libbd_mdraid.so.2: cannot open shared object file: No such file or directory
4月 21 14:58:07 ubuntu udisksd[885]: Failed to load the 'mdraid' libblockdev plugin
4月 21 14:58:07 ubuntu udisksd[885]: Acquired the name org.freedesktop.UDisks2 on the system message bus
4月 21 14:58:07 ubuntu udisksd[885]: mountpoint /media/ree/CDROM is invalid, cannot recover the canonical path 
4月 21 14:58:07 ubuntu udisksd[885]: Cleaning up mount point /media/ree/CDROM (device 11:0 is not mounted)
4月 21 14:58:07 ubuntu udisksd[885]: mountpoint /media/ree/CDROM1 is invalid, cannot recover the canonical path 
4月 21 14:58:07 ubuntu udisksd[885]: Cleaning up mount point /media/ree/CDROM1 (device 11:1 is not mounted)
4月 21 14:58:07 ubuntu systemd[1]: Started Disk Manager.
4月 21 14:58:27 ubuntu udisksd[885]: Mounted /dev/sr0 at /media/ree/CDROM on behalf of uid 1000
4月 21 14:58:27 ubuntu udisksd[885]: Mounted /dev/sr1 at /media/ree/CDROM1 on behalf of uid 1000

