Apr 21 14:58:09 ubuntu kernel: [    9.876032] e1000: ens33 NIC Link is Up 1000 Mbps Full Duplex, Flow Control: None
Apr 21 14:58:09 ubuntu kernel: [    9.876782] IPv6: ADDRCONF(NETDEV_CHANGE): ens33: link becomes ready
Apr 21 14:58:10 ubuntu kernel: [   10.102901] loop17: detected capacity change from 0 to 8
Apr 21 14:58:12 ubuntu kernel: [   12.664381] rfkill: input handler disabled
Apr 21 14:58:21 ubuntu kernel: [   21.790693] rfkill: input handler enabled
Apr 21 14:58:27 ubuntu kernel: [   27.198924] rfkill: input handler disabled
Apr 21 14:58:27 ubuntu kernel: [   27.416930] kauditd_printk_skb: 33 callbacks suppressed
Apr 21 14:58:27 ubuntu kernel: [   27.416933] audit: type=1400 audit(1682060307.448:45): apparmor="DENIED" operation="capable" profile="/snap/snapd/18596/usr/lib/snapd/snap-confine" pid=1991 comm="snap-confine" capability=4  capname="fsetid"
Apr 21 14:58:30 ubuntu kernel: [   30.556906] audit: type=1326 audit(1682060310.592:46): auid=1000 uid=1000 gid=1000 ses=3 subj=snap.snap-store.ubuntu-software pid=1991 comm="snap-store" exe="/snap/snap-store/638/usr/bin/snap-store" sig=0 arch=c000003e syscall=314 compat=0 ip=0x7fc73ecc373d code=0x50000
Apr 21 14:58:31 ubuntu kernel: [   31.637298] audit: type=1107 audit(1682060311.672:47): pid=843 uid=103 auid=4294967295 ses=4294967295 subj=unconfined msg='apparmor="DENIED" operation="dbus_method_call"  bus="system" path="/org/freedesktop/PolicyKit1/Authority" interface="org.freedesktop.DBus.Properties" member="GetAll" mask="send" name=":1.4" pid=1991 label="snap.snap-store.ubuntu-software" peer_pid=866 peer_label="unconfined"
Apr 21 14:58:31 ubuntu kernel: [   31.637298]  exe="/usr/bin/dbus-daemon" sauid=103 hostname=? addr=? terminal=?'
Apr 21 14:58:31 ubuntu kernel: [   31.637783] audit: type=1107 audit(1682060311.672:48): pid=843 uid=103 auid=4294967295 ses=4294967295 subj=unconfined msg='apparmor="DENIED" operation="dbus_method_call"  bus="system" path="/org/freedesktop/PolicyKit1/Authority" interface="org.freedesktop.PolicyKit1.Authority" member="CheckAuthorization" mask="send" name=":1.4" pid=1991 label="snap.snap-store.ubuntu-software" peer_pid=866 peer_label="unconfined"
Apr 21 14:58:31 ubuntu kernel: [   31.637783]  exe="/usr/bin/dbus-daemon" sauid=103 hostname=? addr=? terminal=?'
Apr 21 14:58:31 ubuntu kernel: [   31.641353] audit: type=1107 audit(1682060311.676:49): pid=843 uid=103 auid=4294967295 ses=4294967295 subj=unconfined msg='apparmor="DENIED" operation="dbus_method_call"  bus="system" path="/org/freedesktop/PolicyKit1/Authority" interface="org.freedesktop.DBus.Properties" member="GetAll" mask="send" name=":1.4" pid=1991 label="snap.snap-store.ubuntu-software" peer_pid=866 peer_label="unconfined"
Apr 21 14:58:31 ubuntu kernel: [   31.641353]  exe="/usr/bin/dbus-daemon" sauid=103 hostname=? addr=? terminal=?'
Apr 21 14:58:31 ubuntu kernel: [   31.641932] audit: type=1107 audit(1682060311.676:50): pid=843 uid=103 auid=4294967295 ses=4294967295 subj=unconfined msg='apparmor="DENIED" operation="dbus_method_call"  bus="system" path="/org/freedesktop/PolicyKit1/Authority" interface="org.freedesktop.PolicyKit1.Authority" member="CheckAuthorization" mask="send" name=":1.4" pid=1991 label="snap.snap-store.ubuntu-software" peer_pid=866 peer_label="unconfined"
Apr 21 14:58:31 ubuntu kernel: [   31.641932]  exe="/usr/bin/dbus-daemon" sauid=103 hostname=? addr=? terminal=?'
Apr 21 14:58:32 ubuntu kernel: [   32.031663] audit: type=1400 audit(1682060312.064:51): apparmor="DENIED" operation="open" profile="snap.snap-store.ubuntu-software" name="/etc/PackageKit/Vendor.conf" pid=1991 comm="snap-store" requested_mask="r" denied_mask="r" fsuid=1000 ouid=0
Apr 21 14:58:32 ubuntu kernel: [   32.532775] audit: type=1400 audit(1682060312.568:52): apparmor="DENIED" operation="open" profile="snap.snap-store.ubuntu-software" name="/etc/appstream.conf" pid=1991 comm="snap-store" requested_mask="r" denied_mask="r" fsuid=1000 ouid=0
Apr 21 14:59:55 ubuntu kernel: [  115.211693] e1000: ens33 NIC Link is Down
Apr 21 14:59:55 ubuntu kernel: [  115.211967] e1000 0000:02:01.0 ens33: Reset adapter
Apr 21 15:00:03 ubuntu kernel: [  123.381083] e1000: ens33 NIC Link is Up 1000 Mbps Full Duplex, Flow Control: None
Apr 21 15:01:53 ubuntu kernel: [  235.199651] audit: type=1400 audit(1682060513.318:53): apparmor="DENIED" operation="open" profile="snap.snap-store.ubuntu-software" name="/var/lib/snapd/hostfs/usr/share/gdm/greeter/applications/gnome-initial-setup.desktop" pid=1991 comm="pool-org.gnome." requested_mask="r" denied_mask="r" fsuid=1000 ouid=0
Apr 21 15:01:53 ubuntu kernel: [  235.246485] audit: type=1400 audit(1682060513.366:54): apparmor="DENIED" operation="open" profile="snap.snap-store.ubuntu-software" name="/var/lib/snapd/hostfs/usr/share/gdm/greeter/applications/gnome-initial-setup.desktop" pid=1991 comm="pool-org.gnome." requested_mask="r" denied_mask="r" fsuid=1000 ouid=0
Apr 21 15:01:53 ubuntu kernel: [  235.643844] audit: type=1326 audit(1682060513.762:55): auid=1000 uid=1000 gid=1000 ses=3 subj=snap.snap-store.ubuntu-software pid=1991 comm="pool-org.gnome." exe="/snap/snap-store/638/usr/bin/snap-store" sig=0 arch=c000003e syscall=93 compat=0 ip=0x7fc73ecba39b code=0x50000
Apr 21 15:07:47 ubuntu kernel: [  589.485078] audit: type=1107 audit(1682060867.626:56): pid=843 uid=103 auid=4294967295 ses=4294967295 subj=unconfined msg='apparmor="DENIED" operation="dbus_method_call"  bus="system" path="/org/freedesktop/PolicyKit1/Authority" interface="org.freedesktop.DBus.Properties" member="GetAll" mask="send" name=":1.4" pid=1991 label="snap.snap-store.ubuntu-software" peer_pid=866 peer_label="unconfined"
Apr 21 15:07:47 ubuntu kernel: [  589.485078]  exe="/usr/bin/dbus-daemon" sauid=103 hostname=? addr=? terminal=?'
Apr 21 15:07:47 ubuntu kernel: [  589.485467] audit: type=1107 audit(1682060867.626:57): pid=843 uid=103 auid=4294967295 ses=4294967295 subj=unconfined msg='apparmor="DENIED" operation="dbus_method_call"  bus="system" path="/org/freedesktop/PolicyKit1/Authority" interface="org.freedesktop.PolicyKit1.Authority" member="CheckAuthorization" mask="send" name=":1.4" pid=1991 label="snap.snap-store.ubuntu-software" peer_pid=866 peer_label="unconfined"
Apr 21 15:07:47 ubuntu kernel: [  589.485467]  exe="/usr/bin/dbus-daemon" sauid=103 hostname=? addr=? terminal=?'
Apr 21 15:17:17 ubuntu kernel: [ 1158.965299] sched: RT throttling activated
Apr 21 15:29:18 ubuntu kernel: [ 1880.606673] audit: type=1400 audit(1682062158.739:58): apparmor="STATUS" operation="profile_replace" info="same as current profile, skipping" profile="unconfined" name="libreoffice-oopslash" pid=22824 comm="apparmor_parser"
Apr 21 15:29:18 ubuntu kernel: [ 1880.628970] audit: type=1400 audit(1682062158.763:59): apparmor="STATUS" operation="profile_replace" info="same as current profile, skipping" profile="unconfined" name="libreoffice-senddoc" pid=22827 comm="apparmor_parser"
Apr 21 15:29:22 ubuntu kernel: [ 1884.611202] audit: type=1400 audit(1682062162.743:60): apparmor="STATUS" operation="profile_replace" profile="unconfined" name="libreoffice-soffice" pid=22830 comm="apparmor_parser"
Apr 21 15:29:22 ubuntu kernel: [ 1884.626677] audit: type=1400 audit(1682062162.763:61): apparmor="STATUS" operation="profile_replace" profile="unconfined" name="libreoffice-soffice//gpg" pid=22830 comm="apparmor_parser"
Apr 21 15:29:22 ubuntu kernel: [ 1884.654976] audit: type=1400 audit(1682062162.787:62): apparmor="STATUS" operation="profile_replace" info="same as current profile, skipping" profile="unconfined" name="libreoffice-xpdfimport" pid=22850 comm="apparmor_parser"
