2月 21 18:39:10 ree-virtual-machine systemd[1]: Starting Firmware update daemon...
2月 21 18:39:10 ree-virtual-machine systemd[1]: Started Firmware update daemon.
2月 21 18:41:05 ree-virtual-machine fwupd[7143]: 10:41:05:0456 FuPluginUpower       failed to query lid state
2月 21 18:41:05 ree-virtual-machine fwupd[7143]: 10:41:05:0456 FuPluginUpower       failed to query lid state
2月 21 18:41:05 ree-virtual-machine systemd[1]: Stopping Firmware update daemon...
2月 21 18:41:05 ree-virtual-machine systemd[1]: fwupd.service: Deactivated successfully.
2月 21 18:41:05 ree-virtual-machine systemd[1]: Stopped Firmware update daemon.
-- Boot ca9b2e5e215f4f3fbeb8e0a2983e83e6 --
3月 22 19:45:38 ree-virtual-machine systemd[1]: Starting Firmware update daemon...
3月 22 19:45:39 ree-virtual-machine systemd[1]: Started Firmware update daemon.
3月 22 19:56:18 ree-virtual-machine fwupd[3496]: 11:56:18:0575 FuPluginUpower       failed to query lid state
3月 22 19:56:18 ree-virtual-machine fwupd[3496]: 11:56:18:0575 FuPluginUpower       failed to query lid state
3月 22 19:56:18 ree-virtual-machine systemd[1]: Stopping Firmware update daemon...
3月 22 19:56:18 ree-virtual-machine systemd[1]: fwupd.service: Deactivated successfully.
3月 22 19:56:18 ree-virtual-machine systemd[1]: Stopped Firmware update daemon.
3月 22 19:56:18 ree-virtual-machine systemd[1]: fwupd.service: Consumed 1.962s CPU time.
-- Boot ee7967cec9534f4aa0162aa833ebf2b7 --
3月 22 19:56:50 ree-virtual-machine systemd[1]: Starting Firmware update daemon...
3月 22 19:56:50 ree-virtual-machine systemd[1]: Started Firmware update daemon.
-- Boot 9e3eeb915f5e4d0aab1fa06627dc238a --
3月 25 22:03:14 ree-virtual-machine systemd[1]: Starting Firmware update daemon...
3月 25 22:03:15 ree-virtual-machine systemd[1]: Started Firmware update daemon.
3月 26 15:12:58 ree-virtual-machine systemd[1]: fwupd.service: Deactivated successfully.
3月 26 15:12:58 ree-virtual-machine systemd[1]: fwupd.service: Consumed 1.398s CPU time.
3月 26 15:12:59 ree-virtual-machine systemd[1]: Starting Firmware update daemon...
3月 26 15:12:59 ree-virtual-machine systemd[1]: Started Firmware update daemon.
3月 26 20:43:42 ree-virtual-machine systemd[1]: fwupd.service: Deactivated successfully.
3月 27 12:09:08 ree-virtual-machine systemd[1]: Starting Firmware update daemon...
3月 27 12:09:09 ree-virtual-machine systemd[1]: Started Firmware update daemon.
3月 27 16:31:16 ree-virtual-machine systemd[1]: fwupd.service: Deactivated successfully.
3月 27 16:31:16 ree-virtual-machine systemd[1]: fwupd.service: Consumed 1.190s CPU time.
3月 28 00:53:48 ree-virtual-machine systemd[1]: Starting Firmware update daemon...
3月 28 00:53:49 ree-virtual-machine systemd[1]: Started Firmware update daemon.
-- Boot cce731051b6244c4a03f32893ae3c956 --
3月 28 10:37:51 ree-virtual-machine systemd[1]: Starting Firmware update daemon...
3月 28 10:37:52 ree-virtual-machine systemd[1]: Started Firmware update daemon.
3月 28 13:40:11 ree-virtual-machine systemd[1]: fwupd.service: Deactivated successfully.
3月 28 18:31:56 ree-virtual-machine systemd[1]: Starting Firmware update daemon...
3月 28 18:31:57 ree-virtual-machine systemd[1]: Started Firmware update daemon.
3月 28 20:31:57 ree-virtual-machine systemd[1]: fwupd.service: Deactivated successfully.
3月 29 11:35:59 ree-virtual-machine systemd[1]: Starting Firmware update daemon...
3月 29 11:36:00 ree-virtual-machine systemd[1]: Started Firmware update daemon.
-- Boot 2a886fae77824755a4d8c5453e54eec8 --
3月 29 11:43:47 ree-virtual-machine systemd[1]: Starting Firmware update daemon...
3月 29 11:43:48 ree-virtual-machine systemd[1]: Started Firmware update daemon.
3月 29 12:42:34 ree-virtual-machine fwupd[2429]: 04:42:34:0015 FuPluginUpower       failed to query lid state
3月 29 12:42:34 ree-virtual-machine fwupd[2429]: 04:42:34:0015 FuPluginUpower       failed to query lid state
3月 29 12:42:34 ree-virtual-machine systemd[1]: Stopping Firmware update daemon...
3月 29 12:42:34 ree-virtual-machine systemd[1]: fwupd.service: Deactivated successfully.
3月 29 12:42:34 ree-virtual-machine systemd[1]: Stopped Firmware update daemon.
-- Boot bb0991777ac541be83385906c043308d --
3月 29 12:43:30 ree-virtual-machine systemd[1]: Starting Firmware update daemon...
3月 29 12:43:31 ree-virtual-machine systemd[1]: Started Firmware update daemon.
3月 29 12:50:43 ree-virtual-machine fwupd[2530]: 04:50:43:0688 FuPluginUpower       failed to query lid state
3月 29 12:50:43 ree-virtual-machine fwupd[2530]: 04:50:43:0688 FuPluginUpower       failed to query lid state
3月 29 12:50:43 ree-virtual-machine systemd[1]: Stopping Firmware update daemon...
3月 29 12:50:43 ree-virtual-machine systemd[1]: fwupd.service: Deactivated successfully.
3月 29 12:50:43 ree-virtual-machine systemd[1]: Stopped Firmware update daemon.
-- Boot d7712a95bc0b49358ac3d7c9a0282431 --
3月 29 13:19:53 ree-virtual-machine systemd[1]: Starting Firmware update daemon...
3月 29 13:19:54 ree-virtual-machine systemd[1]: Started Firmware update daemon.
3月 29 13:23:16 ree-virtual-machine fwupd[2547]: 05:23:16:0040 FuPluginUpower       failed to query lid state
3月 29 13:23:16 ree-virtual-machine fwupd[2547]: 05:23:16:0041 FuPluginUpower       failed to query lid state
3月 29 13:23:16 ree-virtual-machine systemd[1]: Stopping Firmware update daemon...
3月 29 13:23:16 ree-virtual-machine systemd[1]: fwupd.service: Deactivated successfully.
3月 29 13:23:16 ree-virtual-machine systemd[1]: Stopped Firmware update daemon.
-- Boot 19b4dd46eb7b4597999d4311a7fcd580 --
3月 29 13:25:02 ree-virtual-machine systemd[1]: Starting Firmware update daemon...
3月 29 13:25:02 ree-virtual-machine systemd[1]: Started Firmware update daemon.
3月 29 15:25:35 ree-virtual-machine systemd[1]: fwupd.service: Deactivated successfully.
-- Boot 9d814a28020a4d1b8dc1b211140df378 --
3月 30 14:05:20 ree-virtual-machine systemd[1]: Starting Firmware update daemon...
3月 30 14:05:21 ree-virtual-machine systemd[1]: Started Firmware update daemon.
3月 30 14:58:39 ree-virtual-machine fwupd[2434]: 06:58:39:0041 FuPluginUpower       failed to query lid state
3月 30 14:58:39 ree-virtual-machine fwupd[2434]: 06:58:39:0041 FuPluginUpower       failed to query lid state
3月 30 14:58:39 ree-virtual-machine systemd[1]: Stopping Firmware update daemon...
3月 30 14:58:39 ree-virtual-machine systemd[1]: fwupd.service: Deactivated successfully.
3月 30 14:58:39 ree-virtual-machine systemd[1]: Stopped Firmware update daemon.
3月 30 14:58:39 ree-virtual-machine systemd[1]: fwupd.service: Consumed 1.507s CPU time.
-- Boot 84aa09a898d145c7a959de6db29053d7 --
3月 30 15:02:35 ree-virtual-machine systemd[1]: Starting Firmware update daemon...
3月 30 15:02:35 ree-virtual-machine systemd[1]: Started Firmware update daemon.
3月 30 15:02:52 ree-virtual-machine fwupd[2467]: 07:02:52:0218 FuPluginUpower       failed to query lid state
3月 30 15:02:52 ree-virtual-machine fwupd[2467]: 07:02:52:0218 FuPluginUpower       failed to query lid state
3月 30 15:02:52 ree-virtual-machine systemd[1]: Stopping Firmware update daemon...
3月 30 15:02:52 ree-virtual-machine systemd[1]: fwupd.service: Deactivated successfully.
3月 30 15:02:52 ree-virtual-machine systemd[1]: Stopped Firmware update daemon.
-- Boot 1516c1af27714148858b849306510739 --
3月 30 15:23:55 ree-virtual-machine systemd[1]: Starting Firmware update daemon...
3月 30 15:23:56 ree-virtual-machine systemd[1]: Started Firmware update daemon.
3月 30 15:38:16 ree-virtual-machine fwupd[2431]: 07:38:16:0815 FuPluginUpower       failed to query lid state
3月 30 15:38:16 ree-virtual-machine fwupd[2431]: 07:38:16:0815 FuPluginUpower       failed to query lid state
3月 30 15:38:16 ree-virtual-machine systemd[1]: Stopping Firmware update daemon...
3月 30 15:38:16 ree-virtual-machine systemd[1]: fwupd.service: Deactivated successfully.
3月 30 15:38:16 ree-virtual-machine systemd[1]: Stopped Firmware update daemon.
-- Boot 9069828abd4b41e5829b4880b07ecdde --
3月 30 15:39:09 ree-virtual-machine systemd[1]: Starting Firmware update daemon...
3月 30 15:39:10 ree-virtual-machine systemd[1]: Started Firmware update daemon.
-- Boot 76e16ebfbeab47788bc4dd8853d9fe7e --
3月 30 17:34:38 ree-virtual-machine systemd[1]: Starting Firmware update daemon...
3月 30 17:34:38 ree-virtual-machine systemd[1]: Started Firmware update daemon.
3月 30 20:32:24 ree-virtual-machine fwupd[2529]: 12:32:24:0267 FuPluginUpower       failed to query lid state
3月 30 20:32:24 ree-virtual-machine fwupd[2529]: 12:32:24:0268 FuPluginUpower       failed to query lid state
3月 30 20:32:24 ree-virtual-machine systemd[1]: Stopping Firmware update daemon...
3月 30 20:32:24 ree-virtual-machine systemd[1]: fwupd.service: Deactivated successfully.
3月 30 20:32:24 ree-virtual-machine systemd[1]: Stopped Firmware update daemon.
-- Boot e249c720d58849269d73a22f14ee6fb9 --
3月 30 20:32:47 ree-virtual-machine systemd[1]: Starting Firmware update daemon...
3月 30 20:32:48 ree-virtual-machine systemd[1]: Started Firmware update daemon.
-- Boot 9ccccf2adff74839b8fba49d83281f8b --
3月 30 22:54:42 ree-virtual-machine systemd[1]: Starting Firmware update daemon...
3月 30 22:54:42 ree-virtual-machine systemd[1]: Started Firmware update daemon.
3月 30 23:30:42 ree-virtual-machine fwupd[2500]: 15:30:42:0096 FuPluginUpower       failed to query lid state
3月 30 23:30:42 ree-virtual-machine fwupd[2500]: 15:30:42:0096 FuPluginUpower       failed to query lid state
3月 30 23:30:42 ree-virtual-machine systemd[1]: Stopping Firmware update daemon...
3月 30 23:30:42 ree-virtual-machine systemd[1]: fwupd.service: Deactivated successfully.
3月 30 23:30:42 ree-virtual-machine systemd[1]: Stopped Firmware update daemon.
-- Boot 308f7b0f7a274f0bb6200973f34667b6 --
3月 31 00:22:42 ree-virtual-machine systemd[1]: Starting Firmware update daemon...
3月 31 00:22:43 ree-virtual-machine systemd[1]: Started Firmware update daemon.
3月 31 00:27:29 ree-virtual-machine fwupd[2354]: 16:27:29:0777 FuPluginUpower       failed to query lid state
3月 31 00:27:29 ree-virtual-machine fwupd[2354]: 16:27:29:0777 FuPluginUpower       failed to query lid state
3月 31 00:27:30 ree-virtual-machine systemd[1]: Stopping Firmware update daemon...
3月 31 00:27:30 ree-virtual-machine systemd[1]: fwupd.service: Deactivated successfully.
3月 31 00:27:30 ree-virtual-machine systemd[1]: Stopped Firmware update daemon.
-- Boot d85c7c53e5114994bc2f0f623b3af509 --
3月 31 19:12:28 ree-virtual-machine systemd[1]: Starting Firmware update daemon...
3月 31 19:12:29 ree-virtual-machine systemd[1]: Started Firmware update daemon.
3月 31 19:35:33 ree-virtual-machine fwupd[2412]: 11:35:33:0775 FuPluginUpower       failed to query lid state
3月 31 19:35:33 ree-virtual-machine fwupd[2412]: 11:35:33:0775 FuPluginUpower       failed to query lid state
3月 31 19:35:33 ree-virtual-machine systemd[1]: Stopping Firmware update daemon...
3月 31 19:35:33 ree-virtual-machine systemd[1]: fwupd.service: Deactivated successfully.
3月 31 19:35:33 ree-virtual-machine systemd[1]: Stopped Firmware update daemon.
-- Boot 09785a07d95540b1ad518945fbcc300d --
3月 31 19:44:02 ree-virtual-machine systemd[1]: Starting Firmware update daemon...
3月 31 19:44:02 ree-virtual-machine systemd[1]: Started Firmware update daemon.
3月 31 19:44:59 ree-virtual-machine fwupd[2490]: 11:44:59:0903 FuPluginUpower       failed to query lid state
3月 31 19:44:59 ree-virtual-machine fwupd[2490]: 11:44:59:0904 FuPluginUpower       failed to query lid state
3月 31 19:44:59 ree-virtual-machine systemd[1]: Stopping Firmware update daemon...
3月 31 19:45:00 ree-virtual-machine systemd[1]: fwupd.service: Deactivated successfully.
3月 31 19:45:00 ree-virtual-machine systemd[1]: Stopped Firmware update daemon.
-- Boot 436dee14f55b451a880859c1f76478af --
3月 31 21:10:27 ree-virtual-machine systemd[1]: Starting Firmware update daemon...
3月 31 21:10:28 ree-virtual-machine systemd[1]: Started Firmware update daemon.
4月 03 22:12:10 ree-virtual-machine fwupd[2461]: 14:12:10:0377 FuPluginUpower       failed to query lid state
4月 03 22:12:10 ree-virtual-machine fwupd[2461]: 14:12:10:0377 FuPluginUpower       failed to query lid state
4月 03 22:12:10 ree-virtual-machine systemd[1]: Stopping Firmware update daemon...
4月 03 22:12:10 ree-virtual-machine systemd[1]: fwupd.service: Deactivated successfully.
4月 03 22:12:10 ree-virtual-machine systemd[1]: Stopped Firmware update daemon.
-- Boot e2fd3a66bd3b4bd68261cb94d3fee451 --
4月 04 12:21:00 ree-virtual-machine systemd[1]: Starting Firmware update daemon...
4月 04 12:21:00 ree-virtual-machine systemd[1]: Started Firmware update daemon.
4月 04 17:35:37 ree-virtual-machine fwupd[2434]: 09:35:37:0722 FuPluginUpower       failed to query lid state
4月 04 17:35:37 ree-virtual-machine fwupd[2434]: 09:35:37:0722 FuPluginUpower       failed to query lid state
4月 04 17:35:37 ree-virtual-machine systemd[1]: Stopping Firmware update daemon...
4月 04 17:35:37 ree-virtual-machine systemd[1]: fwupd.service: Deactivated successfully.
4月 04 17:35:37 ree-virtual-machine systemd[1]: Stopped Firmware update daemon.
-- Boot 25dbee67bff049baa23eecea014b8763 --
4月 04 17:36:46 ree-virtual-machine systemd[1]: Starting Firmware update daemon...
4月 04 17:36:46 ree-virtual-machine systemd[1]: Started Firmware update daemon.
4月 04 20:54:00 ree-virtual-machine fwupd[2516]: 12:54:00:0774 FuPluginUpower       failed to query lid state
4月 04 20:54:00 ree-virtual-machine fwupd[2516]: 12:54:00:0774 FuPluginUpower       failed to query lid state
4月 04 20:54:00 ree-virtual-machine systemd[1]: Stopping Firmware update daemon...
4月 04 20:54:00 ree-virtual-machine systemd[1]: fwupd.service: Deactivated successfully.
4月 04 20:54:00 ree-virtual-machine systemd[1]: Stopped Firmware update daemon.
-- Boot 0d532a9de8ef4df1a92a1cc3f8ce562d --
4月 09 19:14:53 ree-virtual-machine systemd[1]: Starting Firmware update daemon...
4月 09 19:14:53 ree-virtual-machine systemd[1]: Started Firmware update daemon.
4月 09 19:17:43 ree-virtual-machine fwupd[2489]: 11:17:43:0311 FuPluginUpower       failed to query lid state
4月 09 19:17:43 ree-virtual-machine fwupd[2489]: 11:17:43:0311 FuPluginUpower       failed to query lid state
4月 09 19:17:43 ree-virtual-machine systemd[1]: Stopping Firmware update daemon...
4月 09 19:17:43 ree-virtual-machine systemd[1]: fwupd.service: Deactivated successfully.
4月 09 19:17:43 ree-virtual-machine systemd[1]: Stopped Firmware update daemon.
-- Boot 66c095c2b40d4348bbbaa9bd9371fd5b --
4月 09 19:21:41 ree-virtual-machine systemd[1]: Starting Firmware update daemon...
4月 09 19:21:42 ree-virtual-machine systemd[1]: Started Firmware update daemon.
4月 09 21:21:49 ree-virtual-machine systemd[1]: fwupd.service: Deactivated successfully.
-- Boot 125b443d38b7450fbc1c404530e9dc9e --
4月 12 11:28:28 ree-virtual-machine systemd[1]: Starting Firmware update daemon...
4月 12 11:28:28 ree-virtual-machine systemd[1]: Started Firmware update daemon.
4月 12 12:31:43 ree-virtual-machine fwupd[2755]: 04:31:43:0591 FuPluginUpower       failed to query lid state
4月 12 12:31:43 ree-virtual-machine fwupd[2755]: 04:31:43:0592 FuPluginUpower       failed to query lid state
4月 12 12:31:43 ree-virtual-machine systemd[1]: Stopping Firmware update daemon...
4月 12 12:31:44 ree-virtual-machine systemd[1]: fwupd.service: Deactivated successfully.
4月 12 12:31:44 ree-virtual-machine systemd[1]: Stopped Firmware update daemon.
-- Boot e043495edc834fd3b8de378cf5b742ab --
4月 12 12:33:40 ree-virtual-machine systemd[1]: Starting Firmware update daemon...
4月 12 12:33:40 ree-virtual-machine systemd[1]: Started Firmware update daemon.
4月 12 13:58:16 ree-virtual-machine fwupd[2477]: 05:58:16:0239 FuPluginUpower       failed to query lid state
4月 12 13:58:16 ree-virtual-machine fwupd[2477]: 05:58:16:0239 FuPluginUpower       failed to query lid state
4月 12 13:58:16 ree-virtual-machine systemd[1]: Stopping Firmware update daemon...
4月 12 13:58:16 ree-virtual-machine systemd[1]: fwupd.service: Deactivated successfully.
4月 12 13:58:16 ree-virtual-machine systemd[1]: Stopped Firmware update daemon.
-- Boot 9296bd89129642f58a1e422116180a89 --
4月 12 19:33:34 ree-virtual-machine systemd[1]: Starting Firmware update daemon...
4月 12 19:33:35 ree-virtual-machine systemd[1]: Started Firmware update daemon.
4月 12 21:30:57 ree-virtual-machine fwupd[2517]: 13:30:57:0617 FuPluginUpower       failed to query lid state
4月 12 21:30:57 ree-virtual-machine fwupd[2517]: 13:30:57:0617 FuPluginUpower       failed to query lid state
4月 12 21:30:57 ree-virtual-machine systemd[1]: Stopping Firmware update daemon...
4月 12 21:30:57 ree-virtual-machine systemd[1]: fwupd.service: Deactivated successfully.
4月 12 21:30:57 ree-virtual-machine systemd[1]: Stopped Firmware update daemon.
-- Boot e44af90cbb3e49179059ad1de25c45d0 --
4月 12 21:34:22 ree-virtual-machine systemd[1]: Starting Firmware update daemon...
4月 12 21:34:23 ree-virtual-machine systemd[1]: Started Firmware update daemon.
4月 12 21:48:57 ree-virtual-machine fwupd[2482]: 13:48:57:0829 FuPluginUpower       failed to query lid state
4月 12 21:48:57 ree-virtual-machine fwupd[2482]: 13:48:57:0829 FuPluginUpower       failed to query lid state
4月 12 21:48:57 ree-virtual-machine systemd[1]: Stopping Firmware update daemon...
4月 12 21:48:57 ree-virtual-machine systemd[1]: fwupd.service: Deactivated successfully.
4月 12 21:48:57 ree-virtual-machine systemd[1]: Stopped Firmware update daemon.
-- Boot 670c3aae65b84f6c8708951f52467260 --
4月 12 21:49:26 ree-virtual-machine systemd[1]: Starting Firmware update daemon...
4月 12 21:49:26 ree-virtual-machine systemd[1]: Started Firmware update daemon.
4月 12 21:53:20 ree-virtual-machine fwupd[2455]: 13:53:20:0935 FuPluginUpower       failed to query lid state
4月 12 21:53:20 ree-virtual-machine fwupd[2455]: 13:53:20:0935 FuPluginUpower       failed to query lid state
4月 12 21:53:21 ree-virtual-machine systemd[1]: Stopping Firmware update daemon...
4月 12 21:53:21 ree-virtual-machine systemd[1]: fwupd.service: Deactivated successfully.
4月 12 21:53:21 ree-virtual-machine systemd[1]: Stopped Firmware update daemon.
-- Boot 73255c0c6dec4ce4bca99ec2ceb12507 --
4月 12 21:53:52 ree-virtual-machine systemd[1]: Starting Firmware update daemon...
4月 12 21:53:52 ree-virtual-machine systemd[1]: Started Firmware update daemon.
4月 12 23:54:31 ree-virtual-machine systemd[1]: fwupd.service: Deactivated successfully.
-- Boot ab354c8c35ec46309c3d583c22d4722e --
4月 13 11:49:45 ree-virtual-machine systemd[1]: Starting Firmware update daemon...
4月 13 11:49:44 ree-virtual-machine systemd[1]: Started Firmware update daemon.
4月 13 13:50:16 ree-virtual-machine systemd[1]: fwupd.service: Deactivated successfully.
4月 13 13:50:16 ree-virtual-machine systemd[1]: fwupd.service: Consumed 1.870s CPU time.
4月 13 20:21:00 ree-virtual-machine systemd[1]: Starting Firmware update daemon...
4月 13 20:21:00 ree-virtual-machine systemd[1]: Started Firmware update daemon.
4月 13 20:22:12 ree-virtual-machine fwupd[7078]: 12:22:12:0760 FuPluginUpower       failed to query lid state
4月 13 20:22:12 ree-virtual-machine fwupd[7078]: 12:22:12:0760 FuPluginUpower       failed to query lid state
4月 13 20:22:12 ree-virtual-machine systemd[1]: Stopping Firmware update daemon...
4月 13 20:22:12 ree-virtual-machine systemd[1]: fwupd.service: Deactivated successfully.
4月 13 20:22:12 ree-virtual-machine systemd[1]: Stopped Firmware update daemon.
-- Boot 1223bb12cf164754a34338b3879bc416 --
4月 13 20:23:46 ree-virtual-machine systemd[1]: Starting Firmware update daemon...
4月 13 20:23:47 ree-virtual-machine systemd[1]: Started Firmware update daemon.
4月 13 22:23:59 ree-virtual-machine systemd[1]: fwupd.service: Deactivated successfully.
-- Boot eedc866258b546db86377bdd16f52c6c --
4月 13 23:33:14 ree-virtual-machine systemd[1]: Starting Firmware update daemon...
4月 13 23:33:15 ree-virtual-machine systemd[1]: Started Firmware update daemon.
4月 14 01:33:29 ree-virtual-machine systemd[1]: fwupd.service: Deactivated successfully.
-- Boot 6336d5d01d9d47a1a84a86d400678bbe --
4月 14 18:40:40 ree-virtual-machine systemd[1]: Starting Firmware update daemon...
4月 14 18:40:40 ree-virtual-machine systemd[1]: Started Firmware update daemon.
4月 14 19:24:32 ree-virtual-machine fwupd[2531]: 11:24:32:0605 FuPluginUpower       failed to query lid state
4月 14 19:24:32 ree-virtual-machine fwupd[2531]: 11:24:32:0605 FuPluginUpower       failed to query lid state
4月 14 19:24:32 ree-virtual-machine systemd[1]: Stopping Firmware update daemon...
4月 14 19:24:32 ree-virtual-machine systemd[1]: fwupd.service: Deactivated successfully.
4月 14 19:24:32 ree-virtual-machine systemd[1]: Stopped Firmware update daemon.
-- Boot 00425514c17e404db4cc5611a8f55ed9 --
4月 14 21:28:35 ree-virtual-machine systemd[1]: Starting Firmware update daemon...
4月 14 21:28:36 ree-virtual-machine systemd[1]: Started Firmware update daemon.
4月 14 23:28:52 ree-virtual-machine systemd[1]: fwupd.service: Deactivated successfully.

