2月 21 18:39:10 ree-virtual-machine systemd[1]: Starting Refresh fwupd metadata and update motd...
2月 21 18:39:10 ree-virtual-machine fwupdmgr[7135]: Updating lvfs
2月 21 18:39:10 ree-virtual-machine fwupdmgr[7135]: Downloading…: 0%
2月 21 18:39:14 ree-virtual-machine fwupdmgr[7135]: Downloading…: 100%
2月 21 18:39:14 ree-virtual-machine fwupdmgr[7135]: Downloading…: 100%
2月 21 18:39:14 ree-virtual-machine fwupdmgr[7135]: Downloading…: 100%
2月 21 18:39:32 ree-virtual-machine fwupdmgr[7135]: Downloading…: 5%
2月 21 18:39:32 ree-virtual-machine fwupdmgr[7135]: Downloading…: 6%
2月 21 18:39:33 ree-virtual-machine fwupdmgr[7135]: Downloading…: 7%
2月 21 18:39:34 ree-virtual-machine fwupdmgr[7135]: Downloading…: 9%
2月 21 18:39:34 ree-virtual-machine fwupdmgr[7135]: Downloading…: 10%
2月 21 18:39:37 ree-virtual-machine fwupdmgr[7135]: Downloading…: 11%
2月 21 18:39:38 ree-virtual-machine fwupdmgr[7135]: Downloading…: 13%
2月 21 18:39:38 ree-virtual-machine fwupdmgr[7135]: Downloading…: 14%
2月 21 18:39:39 ree-virtual-machine fwupdmgr[7135]: Downloading…: 15%
2月 21 18:39:39 ree-virtual-machine fwupdmgr[7135]: Downloading…: 16%
2月 21 18:39:41 ree-virtual-machine fwupdmgr[7135]: Downloading…: 17%
2月 21 18:39:42 ree-virtual-machine fwupdmgr[7135]: Downloading…: 18%
2月 21 18:39:43 ree-virtual-machine fwupdmgr[7135]: Downloading…: 19%
2月 21 18:39:45 ree-virtual-machine fwupdmgr[7135]: Downloading…: 20%
2月 21 18:39:49 ree-virtual-machine fwupdmgr[7135]: Downloading…: 21%
2月 21 18:39:50 ree-virtual-machine fwupdmgr[7135]: Downloading…: 22%
2月 21 18:39:51 ree-virtual-machine fwupdmgr[7135]: Downloading…: 23%
2月 21 18:39:53 ree-virtual-machine fwupdmgr[7135]: Downloading…: 24%
2月 21 18:39:53 ree-virtual-machine fwupdmgr[7135]: Downloading…: 25%
2月 21 18:40:10 ree-virtual-machine fwupdmgr[7135]: Downloading…: 26%
2月 21 18:40:12 ree-virtual-machine fwupdmgr[7135]: Downloading…: 27%
2月 21 18:40:12 ree-virtual-machine fwupdmgr[7135]: Downloading…: 28%
2月 21 18:40:14 ree-virtual-machine fwupdmgr[7135]: Downloading…: 29%
2月 21 18:40:17 ree-virtual-machine fwupdmgr[7135]: Downloading…: 30%
2月 21 18:40:20 ree-virtual-machine fwupdmgr[7135]: Downloading…: 31%
2月 21 18:40:22 ree-virtual-machine fwupdmgr[7135]: Downloading…: 32%
2月 21 18:40:23 ree-virtual-machine fwupdmgr[7135]: Downloading…: 33%
2月 21 18:40:24 ree-virtual-machine fwupdmgr[7135]: Downloading…: 34%
2月 21 18:40:26 ree-virtual-machine fwupdmgr[7135]: Downloading…: 35%
2月 21 18:40:27 ree-virtual-machine fwupdmgr[7135]: Downloading…: 36%
2月 21 18:40:30 ree-virtual-machine fwupdmgr[7135]: Downloading…: 37%
2月 21 18:40:31 ree-virtual-machine fwupdmgr[7135]: Downloading…: 38%
2月 21 18:40:32 ree-virtual-machine fwupdmgr[7135]: Downloading…: 39%
2月 21 18:40:33 ree-virtual-machine fwupdmgr[7135]: Downloading…: 40%
2月 21 18:40:36 ree-virtual-machine fwupdmgr[7135]: Downloading…: 41%
2月 21 18:40:37 ree-virtual-machine fwupdmgr[7135]: Downloading…: 42%
2月 21 18:40:40 ree-virtual-machine fwupdmgr[7135]: Downloading…: 43%
2月 21 18:40:48 ree-virtual-machine fwupdmgr[7135]: Downloading…: 44%
2月 21 18:40:49 ree-virtual-machine fwupdmgr[7135]: Downloading…: 45%
2月 21 18:40:50 ree-virtual-machine fwupdmgr[7135]: Downloading…: 46%
2月 21 18:40:50 ree-virtual-machine fwupdmgr[7135]: Downloading…: 47%
2月 21 18:40:52 ree-virtual-machine fwupdmgr[7135]: Downloading…: 48%
2月 21 18:40:52 ree-virtual-machine fwupdmgr[7135]: Downloading…: 49%
2月 21 18:40:53 ree-virtual-machine fwupdmgr[7135]: Downloading…: 50%
2月 21 18:40:56 ree-virtual-machine fwupdmgr[7135]: Downloading…: 51%
2月 21 18:40:56 ree-virtual-machine fwupdmgr[7135]: Downloading…: 52%
2月 21 18:40:58 ree-virtual-machine fwupdmgr[7135]: Downloading…: 53%
2月 21 18:40:59 ree-virtual-machine fwupdmgr[7135]: Downloading…: 54%
2月 21 18:41:00 ree-virtual-machine fwupdmgr[7135]: Downloading…: 55%
2月 21 18:41:01 ree-virtual-machine fwupdmgr[7135]: Downloading…: 56%
2月 21 18:41:03 ree-virtual-machine fwupdmgr[7135]: Downloading…: 57%
2月 21 18:41:04 ree-virtual-machine fwupdmgr[7135]: Downloading…: 58%
2月 21 18:41:05 ree-virtual-machine systemd[1]: fwupd-refresh.service: Main process exited, code=killed, status=15/TERM
2月 21 18:41:05 ree-virtual-machine systemd[1]: fwupd-refresh.service: Failed with result 'signal'.
2月 21 18:41:05 ree-virtual-machine systemd[1]: Stopped Refresh fwupd metadata and update motd.
-- Boot 9e3eeb915f5e4d0aab1fa06627dc238a --
3月 26 15:12:58 ree-virtual-machine systemd[1]: Starting Refresh fwupd metadata and update motd...
3月 26 15:12:59 ree-virtual-machine systemd[1]: fwupd-refresh.service: Deactivated successfully.
3月 26 15:12:59 ree-virtual-machine systemd[1]: Finished Refresh fwupd metadata and update motd.
3月 27 12:09:07 ree-virtual-machine systemd[1]: Starting Refresh fwupd metadata and update motd...
3月 27 12:09:09 ree-virtual-machine fwupdmgr[13500]: Updating lvfs
3月 27 12:09:09 ree-virtual-machine fwupdmgr[13500]: Downloading…: 0%
3月 27 12:09:09 ree-virtual-machine systemd[1]: fwupd-refresh.service: Main process exited, code=exited, status=1/FAILURE
3月 27 12:09:09 ree-virtual-machine systemd[1]: fwupd-refresh.service: Failed with result 'exit-code'.
3月 27 12:09:09 ree-virtual-machine systemd[1]: Failed to start Refresh fwupd metadata and update motd.
3月 28 00:53:48 ree-virtual-machine systemd[1]: Starting Refresh fwupd metadata and update motd...
3月 28 00:53:49 ree-virtual-machine fwupdmgr[19871]: Updating lvfs
3月 28 00:53:49 ree-virtual-machine fwupdmgr[19871]: Downloading…: 0%
3月 28 00:53:52 ree-virtual-machine fwupdmgr[19871]: Downloading…: 100%
3月 28 00:53:52 ree-virtual-machine fwupdmgr[19871]: Downloading…: 100%
3月 28 00:53:52 ree-virtual-machine fwupdmgr[19871]: Downloading…: 100%
3月 28 00:53:53 ree-virtual-machine fwupdmgr[19871]: Downloading…: 0%
3月 28 00:53:53 ree-virtual-machine fwupdmgr[19871]: Downloading…: 1%
3月 28 00:53:53 ree-virtual-machine fwupdmgr[19871]: Downloading…: 2%
3月 28 00:53:53 ree-virtual-machine fwupdmgr[19871]: Downloading…: 3%
3月 28 00:53:53 ree-virtual-machine fwupdmgr[19871]: Downloading…: 4%
3月 28 00:53:53 ree-virtual-machine fwupdmgr[19871]: Downloading…: 5%
3月 28 00:53:53 ree-virtual-machine fwupdmgr[19871]: Downloading…: 6%
3月 28 00:53:53 ree-virtual-machine fwupdmgr[19871]: Downloading…: 7%
3月 28 00:53:53 ree-virtual-machine fwupdmgr[19871]: Downloading…: 9%
3月 28 00:53:53 ree-virtual-machine fwupdmgr[19871]: Downloading…: 11%
3月 28 00:53:53 ree-virtual-machine fwupdmgr[19871]: Downloading…: 13%
3月 28 00:53:53 ree-virtual-machine fwupdmgr[19871]: Downloading…: 15%
3月 28 00:53:53 ree-virtual-machine fwupdmgr[19871]: Downloading…: 17%
3月 28 00:53:53 ree-virtual-machine fwupdmgr[19871]: Downloading…: 19%
3月 28 00:53:53 ree-virtual-machine fwupdmgr[19871]: Downloading…: 21%
3月 28 00:53:53 ree-virtual-machine fwupdmgr[19871]: Downloading…: 23%
3月 28 00:53:53 ree-virtual-machine fwupdmgr[19871]: Downloading…: 25%
3月 28 00:53:53 ree-virtual-machine fwupdmgr[19871]: Downloading…: 27%
3月 28 00:53:53 ree-virtual-machine fwupdmgr[19871]: Downloading…: 29%
3月 28 00:53:53 ree-virtual-machine fwupdmgr[19871]: Downloading…: 30%
3月 28 00:53:53 ree-virtual-machine fwupdmgr[19871]: Downloading…: 32%
3月 28 00:53:53 ree-virtual-machine fwupdmgr[19871]: Downloading…: 34%
3月 28 00:53:54 ree-virtual-machine fwupdmgr[19871]: Downloading…: 36%
3月 28 00:53:54 ree-virtual-machine fwupdmgr[19871]: Downloading…: 38%
3月 28 00:53:54 ree-virtual-machine fwupdmgr[19871]: Downloading…: 40%
3月 28 00:53:54 ree-virtual-machine fwupdmgr[19871]: Downloading…: 42%
3月 28 00:53:54 ree-virtual-machine fwupdmgr[19871]: Downloading…: 44%
3月 28 00:53:54 ree-virtual-machine fwupdmgr[19871]: Downloading…: 46%
3月 28 00:53:54 ree-virtual-machine fwupdmgr[19871]: Downloading…: 48%
3月 28 00:53:54 ree-virtual-machine fwupdmgr[19871]: Downloading…: 50%
3月 28 00:53:54 ree-virtual-machine fwupdmgr[19871]: Downloading…: 52%
3月 28 00:53:54 ree-virtual-machine fwupdmgr[19871]: Downloading…: 54%
3月 28 00:53:54 ree-virtual-machine fwupdmgr[19871]: Downloading…: 56%
3月 28 00:53:54 ree-virtual-machine fwupdmgr[19871]: Downloading…: 58%
3月 28 00:53:54 ree-virtual-machine fwupdmgr[19871]: Downloading…: 60%
3月 28 00:53:54 ree-virtual-machine fwupdmgr[19871]: Downloading…: 62%
3月 28 00:53:54 ree-virtual-machine fwupdmgr[19871]: Downloading…: 64%
3月 28 00:53:54 ree-virtual-machine fwupdmgr[19871]: Downloading…: 66%
3月 28 00:53:54 ree-virtual-machine fwupdmgr[19871]: Downloading…: 68%
3月 28 00:53:54 ree-virtual-machine fwupdmgr[19871]: Downloading…: 70%
3月 28 00:53:54 ree-virtual-machine fwupdmgr[19871]: Downloading…: 72%
3月 28 00:53:54 ree-virtual-machine fwupdmgr[19871]: Downloading…: 74%
3月 28 00:53:54 ree-virtual-machine fwupdmgr[19871]: Downloading…: 76%
3月 28 00:53:54 ree-virtual-machine fwupdmgr[19871]: Downloading…: 78%
3月 28 00:53:54 ree-virtual-machine fwupdmgr[19871]: Downloading…: 80%
3月 28 00:53:54 ree-virtual-machine fwupdmgr[19871]: Downloading…: 82%
3月 28 00:53:54 ree-virtual-machine fwupdmgr[19871]: Downloading…: 84%
3月 28 00:53:54 ree-virtual-machine fwupdmgr[19871]: Downloading…: 86%
3月 28 00:53:54 ree-virtual-machine fwupdmgr[19871]: Downloading…: 88%
3月 28 00:53:54 ree-virtual-machine fwupdmgr[19871]: Downloading…: 90%
3月 28 00:53:54 ree-virtual-machine fwupdmgr[19871]: Downloading…: 92%
3月 28 00:53:54 ree-virtual-machine fwupdmgr[19871]: Downloading…: 94%
3月 28 00:53:54 ree-virtual-machine fwupdmgr[19871]: Downloading…: 96%
3月 28 00:53:54 ree-virtual-machine fwupdmgr[19871]: Downloading…: 98%
3月 28 00:53:54 ree-virtual-machine fwupdmgr[19871]: Idle…: 100%
3月 28 00:53:54 ree-virtual-machine fwupdmgr[19871]: Idle…: 100%
3月 28 00:53:54 ree-virtual-machine fwupdmgr[19871]: Successfully downloaded new metadata: 0 local devices supported
3月 28 00:53:54 ree-virtual-machine systemd[1]: fwupd-refresh.service: Deactivated successfully.
3月 28 00:53:54 ree-virtual-machine systemd[1]: Finished Refresh fwupd metadata and update motd.
-- Boot cce731051b6244c4a03f32893ae3c956 --
3月 28 10:56:40 ree-virtual-machine systemd[1]: Starting Refresh fwupd metadata and update motd...
3月 28 10:56:40 ree-virtual-machine systemd[1]: fwupd-refresh.service: Deactivated successfully.
3月 28 10:56:40 ree-virtual-machine systemd[1]: Finished Refresh fwupd metadata and update motd.
3月 28 18:31:56 ree-virtual-machine systemd[1]: Starting Refresh fwupd metadata and update motd...
3月 28 18:31:57 ree-virtual-machine systemd[1]: fwupd-refresh.service: Deactivated successfully.
3月 28 18:31:57 ree-virtual-machine systemd[1]: Finished Refresh fwupd metadata and update motd.
3月 29 11:35:59 ree-virtual-machine systemd[1]: Starting Refresh fwupd metadata and update motd...
3月 29 11:36:00 ree-virtual-machine fwupdmgr[23211]: Updating lvfs
3月 29 11:36:00 ree-virtual-machine fwupdmgr[23211]: Downloading…: 0%
3月 29 11:36:02 ree-virtual-machine fwupdmgr[23211]: Downloading…: 100%
3月 29 11:36:02 ree-virtual-machine fwupdmgr[23211]: Downloading…: 100%
3月 29 11:36:02 ree-virtual-machine fwupdmgr[23211]: Downloading…: 100%
3月 29 11:36:04 ree-virtual-machine fwupdmgr[23211]: Downloading…: 0%
3月 29 11:36:04 ree-virtual-machine fwupdmgr[23211]: Downloading…: 1%
3月 29 11:36:04 ree-virtual-machine fwupdmgr[23211]: Downloading…: 2%
3月 29 11:36:04 ree-virtual-machine fwupdmgr[23211]: Downloading…: 3%
3月 29 11:36:04 ree-virtual-machine fwupdmgr[23211]: Downloading…: 4%
3月 29 11:36:04 ree-virtual-machine fwupdmgr[23211]: Downloading…: 6%
3月 29 11:36:04 ree-virtual-machine fwupdmgr[23211]: Downloading…: 7%
3月 29 11:36:04 ree-virtual-machine fwupdmgr[23211]: Downloading…: 8%
3月 29 11:36:04 ree-virtual-machine fwupdmgr[23211]: Downloading…: 9%
3月 29 11:36:04 ree-virtual-machine fwupdmgr[23211]: Downloading…: 11%
3月 29 11:36:04 ree-virtual-machine fwupdmgr[23211]: Downloading…: 13%
3月 29 11:36:04 ree-virtual-machine fwupdmgr[23211]: Downloading…: 15%
3月 29 11:36:04 ree-virtual-machine fwupdmgr[23211]: Downloading…: 17%
3月 29 11:36:04 ree-virtual-machine fwupdmgr[23211]: Downloading…: 19%
3月 29 11:36:04 ree-virtual-machine fwupdmgr[23211]: Downloading…: 21%
3月 29 11:36:04 ree-virtual-machine fwupdmgr[23211]: Downloading…: 25%
3月 29 11:36:04 ree-virtual-machine fwupdmgr[23211]: Downloading…: 27%
3月 29 11:36:04 ree-virtual-machine fwupdmgr[23211]: Downloading…: 29%
3月 29 11:36:04 ree-virtual-machine fwupdmgr[23211]: Downloading…: 31%
3月 29 11:36:04 ree-virtual-machine fwupdmgr[23211]: Downloading…: 33%
3月 29 11:36:04 ree-virtual-machine fwupdmgr[23211]: Downloading…: 37%
3月 29 11:36:04 ree-virtual-machine fwupdmgr[23211]: Downloading…: 39%
3月 29 11:36:04 ree-virtual-machine fwupdmgr[23211]: Downloading…: 41%
3月 29 11:36:04 ree-virtual-machine fwupdmgr[23211]: Downloading…: 43%
3月 29 11:36:04 ree-virtual-machine fwupdmgr[23211]: Downloading…: 45%
3月 29 11:36:05 ree-virtual-machine fwupdmgr[23211]: Downloading…: 47%
3月 29 11:36:05 ree-virtual-machine fwupdmgr[23211]: Downloading…: 49%
3月 29 11:36:05 ree-virtual-machine fwupdmgr[23211]: Downloading…: 53%
3月 29 11:36:05 ree-virtual-machine fwupdmgr[23211]: Downloading…: 55%
3月 29 11:36:05 ree-virtual-machine fwupdmgr[23211]: Downloading…: 57%
3月 29 11:36:05 ree-virtual-machine fwupdmgr[23211]: Downloading…: 61%
3月 29 11:36:05 ree-virtual-machine fwupdmgr[23211]: Downloading…: 63%
3月 29 11:36:05 ree-virtual-machine fwupdmgr[23211]: Downloading…: 65%
3月 29 11:36:05 ree-virtual-machine fwupdmgr[23211]: Downloading…: 67%
3月 29 11:36:05 ree-virtual-machine fwupdmgr[23211]: Downloading…: 69%
3月 29 11:36:05 ree-virtual-machine fwupdmgr[23211]: Downloading…: 71%
3月 29 11:36:05 ree-virtual-machine fwupdmgr[23211]: Downloading…: 75%
3月 29 11:36:05 ree-virtual-machine fwupdmgr[23211]: Downloading…: 77%
3月 29 11:36:05 ree-virtual-machine fwupdmgr[23211]: Downloading…: 79%
3月 29 11:36:05 ree-virtual-machine fwupdmgr[23211]: Downloading…: 81%
3月 29 11:36:05 ree-virtual-machine fwupdmgr[23211]: Downloading…: 83%
3月 29 11:36:05 ree-virtual-machine fwupdmgr[23211]: Downloading…: 84%
3月 29 11:36:05 ree-virtual-machine fwupdmgr[23211]: Downloading…: 86%
3月 29 11:36:05 ree-virtual-machine fwupdmgr[23211]: Downloading…: 88%
3月 29 11:36:05 ree-virtual-machine fwupdmgr[23211]: Downloading…: 90%
3月 29 11:36:05 ree-virtual-machine fwupdmgr[23211]: Downloading…: 94%
3月 29 11:36:05 ree-virtual-machine fwupdmgr[23211]: Downloading…: 96%
3月 29 11:36:05 ree-virtual-machine fwupdmgr[23211]: Idle…: 100%
3月 29 11:36:05 ree-virtual-machine fwupdmgr[23211]: Idle…: 100%
3月 29 11:36:05 ree-virtual-machine fwupdmgr[23211]: Successfully downloaded new metadata: 0 local devices supported
3月 29 11:36:05 ree-virtual-machine systemd[1]: fwupd-refresh.service: Deactivated successfully.
3月 29 11:36:05 ree-virtual-machine systemd[1]: Finished Refresh fwupd metadata and update motd.
-- Boot e249c720d58849269d73a22f14ee6fb9 --
3月 30 21:25:52 ree-virtual-machine systemd[1]: Starting Refresh fwupd metadata and update motd...
3月 30 21:25:52 ree-virtual-machine systemd[1]: fwupd-refresh.service: Deactivated successfully.
3月 30 21:25:52 ree-virtual-machine systemd[1]: Finished Refresh fwupd metadata and update motd.
-- Boot 436dee14f55b451a880859c1f76478af --
4月 03 22:11:21 ree-virtual-machine systemd[1]: Starting Refresh fwupd metadata and update motd...
4月 03 22:11:21 ree-virtual-machine fwupdmgr[5028]: Updating lvfs
4月 03 22:11:21 ree-virtual-machine fwupdmgr[5028]: Downloading…: 0%
4月 03 22:11:21 ree-virtual-machine fwupdmgr[5028]: Downloading…: 100%
4月 03 22:11:21 ree-virtual-machine fwupdmgr[5028]: Downloading…: 100%
4月 03 22:11:21 ree-virtual-machine fwupdmgr[5028]: Downloading…: 100%
4月 03 22:11:23 ree-virtual-machine fwupdmgr[5028]: Downloading…: 3%
4月 03 22:11:23 ree-virtual-machine fwupdmgr[5028]: Downloading…: 4%
4月 03 22:11:23 ree-virtual-machine fwupdmgr[5028]: Downloading…: 7%
4月 03 22:11:24 ree-virtual-machine fwupdmgr[5028]: Downloading…: 8%
4月 03 22:11:24 ree-virtual-machine fwupdmgr[5028]: Downloading…: 9%
4月 03 22:11:24 ree-virtual-machine fwupdmgr[5028]: Downloading…: 10%
4月 03 22:11:25 ree-virtual-machine fwupdmgr[5028]: Downloading…: 11%
4月 03 22:11:25 ree-virtual-machine fwupdmgr[5028]: Downloading…: 12%
4月 03 22:11:26 ree-virtual-machine fwupdmgr[5028]: Downloading…: 13%
4月 03 22:11:26 ree-virtual-machine fwupdmgr[5028]: Downloading…: 14%
4月 03 22:11:27 ree-virtual-machine fwupdmgr[5028]: Downloading…: 15%
4月 03 22:11:27 ree-virtual-machine fwupdmgr[5028]: Downloading…: 16%
4月 03 22:11:28 ree-virtual-machine fwupdmgr[5028]: Downloading…: 17%
4月 03 22:11:29 ree-virtual-machine fwupdmgr[5028]: Downloading…: 18%
4月 03 22:11:29 ree-virtual-machine fwupdmgr[5028]: Downloading…: 19%
4月 03 22:11:30 ree-virtual-machine fwupdmgr[5028]: Downloading…: 20%
4月 03 22:11:30 ree-virtual-machine fwupdmgr[5028]: Downloading…: 21%
4月 03 22:11:31 ree-virtual-machine fwupdmgr[5028]: Downloading…: 22%
4月 03 22:11:31 ree-virtual-machine fwupdmgr[5028]: Downloading…: 23%
4月 03 22:11:32 ree-virtual-machine fwupdmgr[5028]: Downloading…: 24%
4月 03 22:11:32 ree-virtual-machine fwupdmgr[5028]: Downloading…: 25%
4月 03 22:11:33 ree-virtual-machine fwupdmgr[5028]: Downloading…: 26%
4月 03 22:11:33 ree-virtual-machine fwupdmgr[5028]: Downloading…: 27%
4月 03 22:11:34 ree-virtual-machine fwupdmgr[5028]: Downloading…: 28%
4月 03 22:11:35 ree-virtual-machine fwupdmgr[5028]: Downloading…: 29%
4月 03 22:11:36 ree-virtual-machine fwupdmgr[5028]: Downloading…: 30%
4月 03 22:11:37 ree-virtual-machine fwupdmgr[5028]: Downloading…: 31%
4月 03 22:11:38 ree-virtual-machine fwupdmgr[5028]: Downloading…: 32%
4月 03 22:11:38 ree-virtual-machine fwupdmgr[5028]: Downloading…: 33%
4月 03 22:11:39 ree-virtual-machine fwupdmgr[5028]: Downloading…: 34%
4月 03 22:11:40 ree-virtual-machine fwupdmgr[5028]: Downloading…: 35%
4月 03 22:11:41 ree-virtual-machine fwupdmgr[5028]: Downloading…: 36%
4月 03 22:11:42 ree-virtual-machine fwupdmgr[5028]: Downloading…: 37%
4月 03 22:11:43 ree-virtual-machine fwupdmgr[5028]: Downloading…: 38%
4月 03 22:11:43 ree-virtual-machine fwupdmgr[5028]: Downloading…: 39%
4月 03 22:11:44 ree-virtual-machine fwupdmgr[5028]: Downloading…: 40%
4月 03 22:11:44 ree-virtual-machine fwupdmgr[5028]: Downloading…: 41%
4月 03 22:11:45 ree-virtual-machine fwupdmgr[5028]: Downloading…: 42%
4月 03 22:11:45 ree-virtual-machine fwupdmgr[5028]: Downloading…: 43%
4月 03 22:11:45 ree-virtual-machine fwupdmgr[5028]: Downloading…: 44%
4月 03 22:11:45 ree-virtual-machine fwupdmgr[5028]: Downloading…: 45%
4月 03 22:11:46 ree-virtual-machine fwupdmgr[5028]: Downloading…: 47%
4月 03 22:11:46 ree-virtual-machine fwupdmgr[5028]: Downloading…: 48%
4月 03 22:11:46 ree-virtual-machine fwupdmgr[5028]: Downloading…: 49%
4月 03 22:11:46 ree-virtual-machine fwupdmgr[5028]: Downloading…: 50%
4月 03 22:11:47 ree-virtual-machine fwupdmgr[5028]: Downloading…: 51%
4月 03 22:11:47 ree-virtual-machine fwupdmgr[5028]: Downloading…: 52%
4月 03 22:11:47 ree-virtual-machine fwupdmgr[5028]: Downloading…: 53%
4月 03 22:11:47 ree-virtual-machine fwupdmgr[5028]: Downloading…: 54%
4月 03 22:11:47 ree-virtual-machine fwupdmgr[5028]: Downloading…: 55%
4月 03 22:11:48 ree-virtual-machine fwupdmgr[5028]: Downloading…: 56%
4月 03 22:11:48 ree-virtual-machine fwupdmgr[5028]: Downloading…: 57%
4月 03 22:11:48 ree-virtual-machine fwupdmgr[5028]: Downloading…: 59%
4月 03 22:11:49 ree-virtual-machine fwupdmgr[5028]: Downloading…: 60%
4月 03 22:11:49 ree-virtual-machine fwupdmgr[5028]: Downloading…: 61%
4月 03 22:11:49 ree-virtual-machine fwupdmgr[5028]: Downloading…: 63%
4月 03 22:11:50 ree-virtual-machine fwupdmgr[5028]: Downloading…: 64%
4月 03 22:11:51 ree-virtual-machine fwupdmgr[5028]: Downloading…: 65%
4月 03 22:11:52 ree-virtual-machine fwupdmgr[5028]: Downloading…: 66%
4月 03 22:11:52 ree-virtual-machine fwupdmgr[5028]: Downloading…: 67%
4月 03 22:11:53 ree-virtual-machine fwupdmgr[5028]: Downloading…: 68%
4月 03 22:11:53 ree-virtual-machine fwupdmgr[5028]: Downloading…: 69%
4月 03 22:11:54 ree-virtual-machine fwupdmgr[5028]: Downloading…: 70%
4月 03 22:11:55 ree-virtual-machine fwupdmgr[5028]: Downloading…: 71%
4月 03 22:11:55 ree-virtual-machine fwupdmgr[5028]: Downloading…: 72%
4月 03 22:11:56 ree-virtual-machine fwupdmgr[5028]: Downloading…: 73%
4月 03 22:11:57 ree-virtual-machine fwupdmgr[5028]: Downloading…: 74%
4月 03 22:11:58 ree-virtual-machine fwupdmgr[5028]: Downloading…: 75%
4月 03 22:11:59 ree-virtual-machine fwupdmgr[5028]: Downloading…: 76%
4月 03 22:11:59 ree-virtual-machine fwupdmgr[5028]: Downloading…: 77%
4月 03 22:11:59 ree-virtual-machine fwupdmgr[5028]: Downloading…: 78%
4月 03 22:12:00 ree-virtual-machine fwupdmgr[5028]: Downloading…: 79%
4月 03 22:12:01 ree-virtual-machine fwupdmgr[5028]: Downloading…: 80%
4月 03 22:12:01 ree-virtual-machine fwupdmgr[5028]: Downloading…: 81%
4月 03 22:12:02 ree-virtual-machine fwupdmgr[5028]: Downloading…: 82%
4月 03 22:12:02 ree-virtual-machine fwupdmgr[5028]: Downloading…: 83%
4月 03 22:12:03 ree-virtual-machine fwupdmgr[5028]: Downloading…: 84%
4月 03 22:12:04 ree-virtual-machine fwupdmgr[5028]: Downloading…: 85%
4月 03 22:12:05 ree-virtual-machine fwupdmgr[5028]: Downloading…: 86%
4月 03 22:12:05 ree-virtual-machine fwupdmgr[5028]: Downloading…: 87%
4月 03 22:12:05 ree-virtual-machine fwupdmgr[5028]: Downloading…: 88%
4月 03 22:12:06 ree-virtual-machine fwupdmgr[5028]: Downloading…: 89%
4月 03 22:12:06 ree-virtual-machine fwupdmgr[5028]: Downloading…: 91%
4月 03 22:12:07 ree-virtual-machine fwupdmgr[5028]: Downloading…: 93%
4月 03 22:12:07 ree-virtual-machine fwupdmgr[5028]: Downloading…: 94%
4月 03 22:12:07 ree-virtual-machine fwupdmgr[5028]: Downloading…: 96%
4月 03 22:12:08 ree-virtual-machine fwupdmgr[5028]: Downloading…: 98%
4月 03 22:12:08 ree-virtual-machine fwupdmgr[5028]: Idle…: 100%
4月 03 22:12:08 ree-virtual-machine fwupdmgr[5028]: Idle…: 100%
4月 03 22:12:08 ree-virtual-machine fwupdmgr[5028]: Successfully downloaded new metadata: 0 local devices supported
4月 03 22:12:08 ree-virtual-machine systemd[1]: fwupd-refresh.service: Deactivated successfully.
4月 03 22:12:08 ree-virtual-machine systemd[1]: Finished Refresh fwupd metadata and update motd.
-- Boot 25dbee67bff049baa23eecea014b8763 --
4月 04 19:27:06 ree-virtual-machine systemd[1]: Starting Refresh fwupd metadata and update motd...
4月 04 19:27:06 ree-virtual-machine systemd[1]: fwupd-refresh.service: Deactivated successfully.
4月 04 19:27:06 ree-virtual-machine systemd[1]: Finished Refresh fwupd metadata and update motd.
-- Boot ab354c8c35ec46309c3d583c22d4722e --
4月 13 20:20:59 ree-virtual-machine systemd[1]: Starting Refresh fwupd metadata and update motd...
4月 13 20:21:00 ree-virtual-machine systemd[1]: fwupd-refresh.service: Deactivated successfully.
4月 13 20:21:00 ree-virtual-machine systemd[1]: Finished Refresh fwupd metadata and update motd.

