2月 20 18:38:47 ree-virtual-machine systemd-journald[389]: Journal started
2月 20 18:38:47 ree-virtual-machine systemd-journald[389]: Runtime Journal (/run/log/journal/e58a5a8174ef4cf993a3d8bf370d9e77) is 8.0M, max 159.6M, 151.6M free.
2月 20 18:38:47 ree-virtual-machine systemd-journald[389]: Time spent on flushing to /var/log/journal/e58a5a8174ef4cf993a3d8bf370d9e77 is 13.178ms for 1816 entries.
2月 20 18:38:47 ree-virtual-machine systemd-journald[389]: System Journal (/var/log/journal/e58a5a8174ef4cf993a3d8bf370d9e77) is 8.0M, max 4.0G, 3.9G free.
2月 20 18:51:43 ree-virtual-machine systemd-journald[389]: Journal stopped
2月 20 18:51:43 ree-virtual-machine systemd-journald[25419]: Journal started
2月 20 18:51:43 ree-virtual-machine systemd-journald[25419]: System Journal (/var/log/journal/e58a5a8174ef4cf993a3d8bf370d9e77) is 16.0M, max 4.0G, 3.9G free.
2月 20 18:52:49 ree-virtual-machine systemd-journald[25419]: Journal stopped
-- Boot 59a08585a9874716bda9035a442e266a --
2月 20 18:52:55 ree-virtual-machine systemd-journald[389]: Journal started
2月 20 18:52:55 ree-virtual-machine systemd-journald[389]: Runtime Journal (/run/log/journal/e58a5a8174ef4cf993a3d8bf370d9e77) is 8.0M, max 159.6M, 151.6M free.
2月 20 18:52:55 ree-virtual-machine systemd-journald[389]: Time spent on flushing to /var/log/journal/e58a5a8174ef4cf993a3d8bf370d9e77 is 33.929ms for 1811 entries.
2月 20 18:52:55 ree-virtual-machine systemd-journald[389]: System Journal (/var/log/journal/e58a5a8174ef4cf993a3d8bf370d9e77) is 16.0M, max 4.0G, 3.9G free.
-- Boot 4e50f35765d14836ba11bf87868d3690 --
2月 21 18:32:14 ree-virtual-machine systemd-journald[394]: Journal started
2月 21 18:32:14 ree-virtual-machine systemd-journald[394]: Runtime Journal (/run/log/journal/e58a5a8174ef4cf993a3d8bf370d9e77) is 8.0M, max 159.6M, 151.6M free.
2月 21 18:32:14 ree-virtual-machine systemd-journald[394]: Time spent on flushing to /var/log/journal/e58a5a8174ef4cf993a3d8bf370d9e77 is 22.431ms for 1820 entries.
2月 21 18:32:14 ree-virtual-machine systemd-journald[394]: System Journal (/var/log/journal/e58a5a8174ef4cf993a3d8bf370d9e77) is 32.0M, max 4.0G, 3.9G free.
2月 21 18:42:19 ree-virtual-machine systemd-journald[394]: Journal stopped
-- Boot 378ef5fc52a64e67810e6fa7a9ee31e6 --
2月 21 18:42:26 ree-virtual-machine systemd-journald[388]: Journal started
2月 21 18:42:26 ree-virtual-machine systemd-journald[388]: Runtime Journal (/run/log/journal/e58a5a8174ef4cf993a3d8bf370d9e77) is 8.0M, max 159.6M, 151.6M free.
2月 21 18:42:26 ree-virtual-machine systemd-journald[388]: Time spent on flushing to /var/log/journal/e58a5a8174ef4cf993a3d8bf370d9e77 is 29.129ms for 1836 entries.
2月 21 18:42:26 ree-virtual-machine systemd-journald[388]: System Journal (/var/log/journal/e58a5a8174ef4cf993a3d8bf370d9e77) is 40.0M, max 4.0G, 3.9G free.
2月 21 19:01:36 ree-virtual-machine systemd-journald[388]: Journal stopped
-- Boot 48d666794bf9483ca7ebe0e999848072 --
2月 21 19:01:44 ree-virtual-machine systemd-journald[389]: Journal started
2月 21 19:01:44 ree-virtual-machine systemd-journald[389]: Runtime Journal (/run/log/journal/e58a5a8174ef4cf993a3d8bf370d9e77) is 8.0M, max 159.6M, 151.6M free.
2月 21 19:01:44 ree-virtual-machine systemd-journald[389]: Time spent on flushing to /var/log/journal/e58a5a8174ef4cf993a3d8bf370d9e77 is 34.077ms for 1845 entries.
2月 21 19:01:44 ree-virtual-machine systemd-journald[389]: System Journal (/var/log/journal/e58a5a8174ef4cf993a3d8bf370d9e77) is 48.0M, max 4.0G, 3.9G free.
2月 21 19:02:29 ree-virtual-machine systemd-journald[389]: Journal stopped
-- Boot a0299816d1d24b8ab70b7c10b1502239 --
2月 21 19:02:36 ree-virtual-machine systemd-journald[390]: Journal started
2月 21 19:02:36 ree-virtual-machine systemd-journald[390]: Runtime Journal (/run/log/journal/e58a5a8174ef4cf993a3d8bf370d9e77) is 8.0M, max 159.6M, 151.6M free.
2月 21 19:02:36 ree-virtual-machine systemd-journald[390]: Time spent on flushing to /var/log/journal/e58a5a8174ef4cf993a3d8bf370d9e77 is 29.689ms for 1843 entries.
2月 21 19:02:36 ree-virtual-machine systemd-journald[390]: System Journal (/var/log/journal/e58a5a8174ef4cf993a3d8bf370d9e77) is 64.0M, max 4.0G, 3.9G free.
2月 21 19:17:47 ree-virtual-machine systemd-journald[390]: Journal stopped
-- Boot 7319c95352634624b166e30456e7d6e8 --
2月 21 19:17:55 ree-virtual-machine systemd-journald[387]: Journal started
2月 21 19:17:55 ree-virtual-machine systemd-journald[387]: Runtime Journal (/run/log/journal/e58a5a8174ef4cf993a3d8bf370d9e77) is 8.0M, max 159.6M, 151.6M free.
2月 21 19:17:55 ree-virtual-machine systemd-journald[387]: Time spent on flushing to /var/log/journal/e58a5a8174ef4cf993a3d8bf370d9e77 is 22.982ms for 1848 entries.
2月 21 19:17:55 ree-virtual-machine systemd-journald[387]: System Journal (/var/log/journal/e58a5a8174ef4cf993a3d8bf370d9e77) is 64.0M, max 4.0G, 3.9G free.
2月 21 19:23:03 ree-virtual-machine systemd-journald[387]: Journal stopped
-- Boot e6c010b640444a48974c34b34cbf889b --
2月 21 19:23:10 ree-virtual-machine systemd-journald[388]: Journal started
2月 21 19:23:10 ree-virtual-machine systemd-journald[388]: Runtime Journal (/run/log/journal/e58a5a8174ef4cf993a3d8bf370d9e77) is 8.0M, max 159.6M, 151.6M free.
2月 21 19:23:10 ree-virtual-machine systemd-journald[388]: Time spent on flushing to /var/log/journal/e58a5a8174ef4cf993a3d8bf370d9e77 is 32.108ms for 1835 entries.
2月 21 19:23:10 ree-virtual-machine systemd-journald[388]: System Journal (/var/log/journal/e58a5a8174ef4cf993a3d8bf370d9e77) is 88.0M, max 4.0G, 3.9G free.
2月 21 19:50:55 ree-virtual-machine systemd-journald[388]: Journal stopped
-- Boot 9ce45ab8fa0345b987fea497f44c5051 --
3月 10 20:00:43 ree-virtual-machine systemd-journald[389]: Journal started
3月 10 20:00:43 ree-virtual-machine systemd-journald[389]: Runtime Journal (/run/log/journal/e58a5a8174ef4cf993a3d8bf370d9e77) is 8.0M, max 159.6M, 151.6M free.
3月 10 20:00:43 ree-virtual-machine systemd-journald[389]: Time spent on flushing to /var/log/journal/e58a5a8174ef4cf993a3d8bf370d9e77 is 118.629ms for 1828 entries.
3月 10 20:00:43 ree-virtual-machine systemd-journald[389]: System Journal (/var/log/journal/e58a5a8174ef4cf993a3d8bf370d9e77) is 96.0M, max 4.0G, 3.9G free.
3月 10 20:30:59 ree-virtual-machine systemd-journald[389]: Journal stopped
-- Boot 78840721b8c14d03929c91da9cf2989f --
3月 15 11:06:33 ree-virtual-machine systemd-journald[388]: Journal started
3月 15 11:06:33 ree-virtual-machine systemd-journald[388]: Runtime Journal (/run/log/journal/e58a5a8174ef4cf993a3d8bf370d9e77) is 8.0M, max 159.6M, 151.6M free.
3月 15 11:06:33 ree-virtual-machine systemd-journald[388]: Time spent on flushing to /var/log/journal/e58a5a8174ef4cf993a3d8bf370d9e77 is 164.565ms for 1834 entries.
3月 15 11:06:33 ree-virtual-machine systemd-journald[388]: System Journal (/var/log/journal/e58a5a8174ef4cf993a3d8bf370d9e77) is 104.0M, max 4.0G, 3.8G free.
3月 15 11:27:15 ree-virtual-machine systemd-journald[388]: Journal stopped
-- Boot ca9b2e5e215f4f3fbeb8e0a2983e83e6 --
3月 22 19:19:55 ree-virtual-machine systemd-journald[389]: Journal started
3月 22 19:19:55 ree-virtual-machine systemd-journald[389]: Runtime Journal (/run/log/journal/e58a5a8174ef4cf993a3d8bf370d9e77) is 8.0M, max 159.6M, 151.6M free.
3月 22 19:19:55 ree-virtual-machine systemd-journald[389]: Time spent on flushing to /var/log/journal/e58a5a8174ef4cf993a3d8bf370d9e77 is 92.480ms for 1827 entries.
3月 22 19:19:55 ree-virtual-machine systemd-journald[389]: System Journal (/var/log/journal/e58a5a8174ef4cf993a3d8bf370d9e77) is 120.0M, max 4.0G, 3.8G free.
3月 22 19:50:01 ree-virtual-machine systemd-journald[389]: Journal stopped
3月 22 19:50:01 ree-virtual-machine systemd-journald[5620]: Journal started
3月 22 19:50:01 ree-virtual-machine systemd-journald[5620]: System Journal (/var/log/journal/e58a5a8174ef4cf993a3d8bf370d9e77) is 136.0M, max 4.0G, 3.8G free.
3月 22 19:56:19 ree-virtual-machine systemd-journald[5620]: Journal stopped
-- Boot ee7967cec9534f4aa0162aa833ebf2b7 --
3月 22 19:56:26 ree-virtual-machine systemd-journald[386]: Journal started
3月 22 19:56:26 ree-virtual-machine systemd-journald[386]: Runtime Journal (/run/log/journal/e58a5a8174ef4cf993a3d8bf370d9e77) is 8.0M, max 159.6M, 151.6M free.
3月 22 19:56:26 ree-virtual-machine systemd-journald[386]: Time spent on flushing to /var/log/journal/e58a5a8174ef4cf993a3d8bf370d9e77 is 20.976ms for 1843 entries.
3月 22 19:56:26 ree-virtual-machine systemd-journald[386]: System Journal (/var/log/journal/e58a5a8174ef4cf993a3d8bf370d9e77) is 136.0M, max 4.0G, 3.8G free.
-- Boot 9e3eeb915f5e4d0aab1fa06627dc238a --
3月 25 22:02:58 ree-virtual-machine systemd-journald[393]: Journal started
3月 25 22:02:58 ree-virtual-machine systemd-journald[393]: Runtime Journal (/run/log/journal/e58a5a8174ef4cf993a3d8bf370d9e77) is 8.0M, max 159.6M, 151.6M free.
3月 25 22:02:58 ree-virtual-machine systemd-journald[393]: Time spent on flushing to /var/log/journal/e58a5a8174ef4cf993a3d8bf370d9e77 is 21.965ms for 1834 entries.
3月 25 22:02:58 ree-virtual-machine systemd-journald[393]: System Journal (/var/log/journal/e58a5a8174ef4cf993a3d8bf370d9e77) is 144.0M, max 4.0G, 3.8G free.
-- Boot cce731051b6244c4a03f32893ae3c956 --
3月 28 10:31:02 ree-virtual-machine systemd-journald[393]: Journal started
3月 28 10:31:02 ree-virtual-machine systemd-journald[393]: Runtime Journal (/run/log/journal/e58a5a8174ef4cf993a3d8bf370d9e77) is 8.0M, max 159.6M, 151.6M free.
3月 28 10:31:02 ree-virtual-machine systemd-journald[393]: Time spent on flushing to /var/log/journal/e58a5a8174ef4cf993a3d8bf370d9e77 is 120.219ms for 1845 entries.
3月 28 10:31:02 ree-virtual-machine systemd-journald[393]: System Journal (/var/log/journal/e58a5a8174ef4cf993a3d8bf370d9e77) is 216.0M, max 4.0G, 3.7G free.
-- Boot 2a886fae77824755a4d8c5453e54eec8 --
3月 29 11:43:29 ree-virtual-machine systemd-journald[393]: Journal started
3月 29 11:43:29 ree-virtual-machine systemd-journald[393]: Runtime Journal (/run/log/journal/e58a5a8174ef4cf993a3d8bf370d9e77) is 8.0M, max 159.6M, 151.6M free.
3月 29 11:43:29 ree-virtual-machine systemd-journald[393]: Time spent on flushing to /var/log/journal/e58a5a8174ef4cf993a3d8bf370d9e77 is 30.110ms for 1840 entries.
3月 29 11:43:29 ree-virtual-machine systemd-journald[393]: System Journal (/var/log/journal/e58a5a8174ef4cf993a3d8bf370d9e77) is 224.0M, max 4.0G, 3.7G free.
3月 29 12:42:35 ree-virtual-machine systemd-journald[393]: Journal stopped
-- Boot bb0991777ac541be83385906c043308d --
3月 29 12:42:41 ree-virtual-machine systemd-journald[390]: Journal started
3月 29 12:42:41 ree-virtual-machine systemd-journald[390]: Runtime Journal (/run/log/journal/e58a5a8174ef4cf993a3d8bf370d9e77) is 8.0M, max 159.6M, 151.6M free.
3月 29 12:42:41 ree-virtual-machine systemd-journald[390]: Time spent on flushing to /var/log/journal/e58a5a8174ef4cf993a3d8bf370d9e77 is 27.181ms for 1858 entries.
3月 29 12:42:41 ree-virtual-machine systemd-journald[390]: System Journal (/var/log/journal/e58a5a8174ef4cf993a3d8bf370d9e77) is 232.0M, max 4.0G, 3.7G free.
3月 29 12:50:44 ree-virtual-machine systemd-journald[390]: Journal stopped
-- Boot d7712a95bc0b49358ac3d7c9a0282431 --
3月 29 13:18:45 ree-virtual-machine systemd-journald[391]: Journal started
3月 29 13:18:45 ree-virtual-machine systemd-journald[391]: Runtime Journal (/run/log/journal/e58a5a8174ef4cf993a3d8bf370d9e77) is 8.0M, max 159.6M, 151.6M free.
3月 29 13:18:45 ree-virtual-machine systemd-journald[391]: Time spent on flushing to /var/log/journal/e58a5a8174ef4cf993a3d8bf370d9e77 is 130.355ms for 1843 entries.
3月 29 13:18:45 ree-virtual-machine systemd-journald[391]: System Journal (/var/log/journal/e58a5a8174ef4cf993a3d8bf370d9e77) is 240.0M, max 4.0G, 3.7G free.
3月 29 13:23:17 ree-virtual-machine systemd-journald[391]: Journal stopped
-- Boot 19b4dd46eb7b4597999d4311a7fcd580 --
3月 29 13:24:42 ree-virtual-machine systemd-journald[387]: Journal started
3月 29 13:24:42 ree-virtual-machine systemd-journald[387]: Runtime Journal (/run/log/journal/e58a5a8174ef4cf993a3d8bf370d9e77) is 8.0M, max 159.6M, 151.6M free.
3月 29 13:24:42 ree-virtual-machine systemd-journald[387]: Time spent on flushing to /var/log/journal/e58a5a8174ef4cf993a3d8bf370d9e77 is 154.452ms for 1843 entries.
3月 29 13:24:42 ree-virtual-machine systemd-journald[387]: System Journal (/var/log/journal/e58a5a8174ef4cf993a3d8bf370d9e77) is 240.0M, max 4.0G, 3.7G free.
-- Boot 9d814a28020a4d1b8dc1b211140df378 --
3月 30 14:04:50 ree-virtual-machine systemd-journald[394]: Journal started
3月 30 14:04:50 ree-virtual-machine systemd-journald[394]: Runtime Journal (/run/log/journal/e58a5a8174ef4cf993a3d8bf370d9e77) is 8.0M, max 159.6M, 151.6M free.
3月 30 14:04:50 ree-virtual-machine systemd-journald[394]: Time spent on flushing to /var/log/journal/e58a5a8174ef4cf993a3d8bf370d9e77 is 233.371ms for 1841 entries.
3月 30 14:04:50 ree-virtual-machine systemd-journald[394]: System Journal (/var/log/journal/e58a5a8174ef4cf993a3d8bf370d9e77) is 248.0M, max 4.0G, 3.7G free.
3月 30 14:58:39 ree-virtual-machine systemd-journald[394]: Journal stopped
-- Boot 84aa09a898d145c7a959de6db29053d7 --
3月 30 15:02:19 ree-virtual-machine systemd-journald[388]: Journal started
3月 30 15:02:19 ree-virtual-machine systemd-journald[388]: Runtime Journal (/run/log/journal/e58a5a8174ef4cf993a3d8bf370d9e77) is 8.0M, max 159.6M, 151.6M free.
3月 30 15:02:19 ree-virtual-machine systemd-journald[388]: Time spent on flushing to /var/log/journal/e58a5a8174ef4cf993a3d8bf370d9e77 is 72.919ms for 1843 entries.
3月 30 15:02:19 ree-virtual-machine systemd-journald[388]: System Journal (/var/log/journal/e58a5a8174ef4cf993a3d8bf370d9e77) is 272.0M, max 4.0G, 3.7G free.
3月 30 15:02:52 ree-virtual-machine systemd-journald[388]: Journal stopped
-- Boot aa4829cf4bad48fb9f7b1a4eb947f5c0 --
3月 30 15:03:25 ree-virtual-machine systemd-journald[388]: Journal started
3月 30 15:03:25 ree-virtual-machine systemd-journald[388]: Runtime Journal (/run/log/journal/e58a5a8174ef4cf993a3d8bf370d9e77) is 8.0M, max 159.6M, 151.6M free.
3月 30 15:03:25 ree-virtual-machine systemd-journald[388]: Time spent on flushing to /var/log/journal/e58a5a8174ef4cf993a3d8bf370d9e77 is 111.107ms for 1844 entries.
3月 30 15:03:25 ree-virtual-machine systemd-journald[388]: System Journal (/var/log/journal/e58a5a8174ef4cf993a3d8bf370d9e77) is 272.0M, max 4.0G, 3.7G free.
3月 30 15:03:37 ree-virtual-machine systemd-journald[388]: Journal stopped
-- Boot 00a7e42d2b624b439bea376a3bc361f1 --
3月 30 15:14:12 ree-virtual-machine systemd-journald[389]: Journal started
3月 30 15:14:12 ree-virtual-machine systemd-journald[389]: Runtime Journal (/run/log/journal/e58a5a8174ef4cf993a3d8bf370d9e77) is 8.0M, max 159.6M, 151.6M free.
3月 30 15:14:12 ree-virtual-machine systemd-journald[389]: Time spent on flushing to /var/log/journal/e58a5a8174ef4cf993a3d8bf370d9e77 is 159.251ms for 1842 entries.
3月 30 15:14:12 ree-virtual-machine systemd-journald[389]: System Journal (/var/log/journal/e58a5a8174ef4cf993a3d8bf370d9e77) is 280.0M, max 4.0G, 3.7G free.
3月 30 15:15:06 ree-virtual-machine systemd-journald[389]: Journal stopped
-- Boot 1516c1af27714148858b849306510739 --
3月 30 15:23:22 ree-virtual-machine systemd-journald[390]: Journal started
3月 30 15:23:22 ree-virtual-machine systemd-journald[390]: Runtime Journal (/run/log/journal/e58a5a8174ef4cf993a3d8bf370d9e77) is 8.0M, max 159.6M, 151.6M free.
3月 30 15:23:22 ree-virtual-machine systemd-journald[390]: Time spent on flushing to /var/log/journal/e58a5a8174ef4cf993a3d8bf370d9e77 is 269.244ms for 1844 entries.
3月 30 15:23:22 ree-virtual-machine systemd-journald[390]: System Journal (/var/log/journal/e58a5a8174ef4cf993a3d8bf370d9e77) is 280.0M, max 4.0G, 3.7G free.
3月 30 15:38:18 ree-virtual-machine systemd-journald[390]: Journal stopped
-- Boot 9069828abd4b41e5829b4880b07ecdde --
3月 30 15:38:51 ree-virtual-machine systemd-journald[389]: Journal started
3月 30 15:38:51 ree-virtual-machine systemd-journald[389]: Runtime Journal (/run/log/journal/e58a5a8174ef4cf993a3d8bf370d9e77) is 8.0M, max 159.6M, 151.6M free.
3月 30 15:38:51 ree-virtual-machine systemd-journald[389]: Time spent on flushing to /var/log/journal/e58a5a8174ef4cf993a3d8bf370d9e77 is 92.679ms for 1837 entries.
3月 30 15:38:51 ree-virtual-machine systemd-journald[389]: System Journal (/var/log/journal/e58a5a8174ef4cf993a3d8bf370d9e77) is 296.0M, max 4.0G, 3.7G free.
-- Boot 76e16ebfbeab47788bc4dd8853d9fe7e --
3月 30 17:34:17 ree-virtual-machine systemd-journald[393]: Journal started
3月 30 17:34:17 ree-virtual-machine systemd-journald[393]: Runtime Journal (/run/log/journal/e58a5a8174ef4cf993a3d8bf370d9e77) is 8.0M, max 159.6M, 151.6M free.
3月 30 17:34:17 ree-virtual-machine systemd-journald[393]: Time spent on flushing to /var/log/journal/e58a5a8174ef4cf993a3d8bf370d9e77 is 20.258ms for 1846 entries.
3月 30 17:34:17 ree-virtual-machine systemd-journald[393]: System Journal (/var/log/journal/e58a5a8174ef4cf993a3d8bf370d9e77) is 304.0M, max 4.0G, 3.7G free.
3月 30 20:32:25 ree-virtual-machine systemd-journald[393]: Journal stopped
-- Boot e249c720d58849269d73a22f14ee6fb9 --
3月 30 20:32:32 ree-virtual-machine systemd-journald[390]: Journal started
3月 30 20:32:32 ree-virtual-machine systemd-journald[390]: Runtime Journal (/run/log/journal/e58a5a8174ef4cf993a3d8bf370d9e77) is 8.0M, max 159.6M, 151.6M free.
3月 30 20:32:32 ree-virtual-machine systemd-journald[390]: Time spent on flushing to /var/log/journal/e58a5a8174ef4cf993a3d8bf370d9e77 is 28.362ms for 1857 entries.
3月 30 20:32:32 ree-virtual-machine systemd-journald[390]: System Journal (/var/log/journal/e58a5a8174ef4cf993a3d8bf370d9e77) is 312.1M, max 4.0G, 3.6G free.
-- Boot 9ccccf2adff74839b8fba49d83281f8b --
3月 30 22:53:41 ree-virtual-machine systemd-journald[392]: Journal started
3月 30 22:53:41 ree-virtual-machine systemd-journald[392]: Runtime Journal (/run/log/journal/e58a5a8174ef4cf993a3d8bf370d9e77) is 8.0M, max 159.6M, 151.6M free.
3月 30 22:53:41 ree-virtual-machine systemd-journald[392]: Time spent on flushing to /var/log/journal/e58a5a8174ef4cf993a3d8bf370d9e77 is 152.768ms for 1842 entries.
3月 30 22:53:41 ree-virtual-machine systemd-journald[392]: System Journal (/var/log/journal/e58a5a8174ef4cf993a3d8bf370d9e77) is 320.1M, max 4.0G, 3.6G free.
3月 30 23:30:42 ree-virtual-machine systemd-journald[392]: Journal stopped
-- Boot 308f7b0f7a274f0bb6200973f34667b6 --
3月 31 00:22:25 ree-virtual-machine systemd-journald[388]: Journal started
3月 31 00:22:25 ree-virtual-machine systemd-journald[388]: Runtime Journal (/run/log/journal/e58a5a8174ef4cf993a3d8bf370d9e77) is 8.0M, max 159.6M, 151.6M free.
3月 31 00:22:25 ree-virtual-machine systemd-journald[388]: Time spent on flushing to /var/log/journal/e58a5a8174ef4cf993a3d8bf370d9e77 is 99.464ms for 1841 entries.
3月 31 00:22:25 ree-virtual-machine systemd-journald[388]: System Journal (/var/log/journal/e58a5a8174ef4cf993a3d8bf370d9e77) is 336.1M, max 4.0G, 3.6G free.
3月 31 00:27:31 ree-virtual-machine systemd-journald[388]: Journal stopped
-- Boot d85c7c53e5114994bc2f0f623b3af509 --
3月 31 19:12:13 ree-virtual-machine systemd-journald[391]: Journal started
3月 31 19:12:13 ree-virtual-machine systemd-journald[391]: Runtime Journal (/run/log/journal/e58a5a8174ef4cf993a3d8bf370d9e77) is 8.0M, max 159.6M, 151.6M free.
3月 31 19:12:13 ree-virtual-machine systemd-journald[391]: Time spent on flushing to /var/log/journal/e58a5a8174ef4cf993a3d8bf370d9e77 is 66.768ms for 1843 entries.
3月 31 19:12:13 ree-virtual-machine systemd-journald[391]: System Journal (/var/log/journal/e58a5a8174ef4cf993a3d8bf370d9e77) is 352.1M, max 4.0G, 3.6G free.
3月 31 19:35:35 ree-virtual-machine systemd-journald[391]: Journal stopped
-- Boot 09785a07d95540b1ad518945fbcc300d --
3月 31 19:43:48 ree-virtual-machine systemd-journald[388]: Journal started
3月 31 19:43:48 ree-virtual-machine systemd-journald[388]: Runtime Journal (/run/log/journal/e58a5a8174ef4cf993a3d8bf370d9e77) is 8.0M, max 159.6M, 151.6M free.
3月 31 19:43:48 ree-virtual-machine systemd-journald[388]: Time spent on flushing to /var/log/journal/e58a5a8174ef4cf993a3d8bf370d9e77 is 101.661ms for 1842 entries.
3月 31 19:43:48 ree-virtual-machine systemd-journald[388]: System Journal (/var/log/journal/e58a5a8174ef4cf993a3d8bf370d9e77) is 352.1M, max 4.0G, 3.6G free.
3月 31 19:45:01 ree-virtual-machine systemd-journald[388]: Journal stopped
-- Boot 436dee14f55b451a880859c1f76478af --
3月 31 21:10:01 ree-virtual-machine systemd-journald[391]: Journal started
3月 31 21:10:01 ree-virtual-machine systemd-journald[391]: Runtime Journal (/run/log/journal/e58a5a8174ef4cf993a3d8bf370d9e77) is 8.0M, max 159.6M, 151.6M free.
3月 31 21:10:01 ree-virtual-machine systemd-journald[391]: Time spent on flushing to /var/log/journal/e58a5a8174ef4cf993a3d8bf370d9e77 is 147.375ms for 1842 entries.
3月 31 21:10:01 ree-virtual-machine systemd-journald[391]: System Journal (/var/log/journal/e58a5a8174ef4cf993a3d8bf370d9e77) is 360.1M, max 4.0G, 3.6G free.
4月 03 22:12:12 ree-virtual-machine systemd-journald[391]: Journal stopped
-- Boot e2fd3a66bd3b4bd68261cb94d3fee451 --
4月 04 12:20:41 ree-virtual-machine systemd-journald[388]: Journal started
4月 04 12:20:41 ree-virtual-machine systemd-journald[388]: Runtime Journal (/run/log/journal/e58a5a8174ef4cf993a3d8bf370d9e77) is 8.0M, max 159.6M, 151.6M free.
4月 04 12:20:41 ree-virtual-machine systemd-journald[388]: Time spent on flushing to /var/log/journal/e58a5a8174ef4cf993a3d8bf370d9e77 is 85.329ms for 1840 entries.
4月 04 12:20:41 ree-virtual-machine systemd-journald[388]: System Journal (/var/log/journal/e58a5a8174ef4cf993a3d8bf370d9e77) is 376.1M, max 4.0G, 3.6G free.
4月 04 17:35:44 ree-virtual-machine systemd-journald[388]: Journal stopped
-- Boot 25dbee67bff049baa23eecea014b8763 --
4月 04 17:35:51 ree-virtual-machine systemd-journald[389]: Journal started
4月 04 17:35:51 ree-virtual-machine systemd-journald[389]: Runtime Journal (/run/log/journal/e58a5a8174ef4cf993a3d8bf370d9e77) is 8.0M, max 159.6M, 151.6M free.
4月 04 17:35:51 ree-virtual-machine systemd-journald[389]: Time spent on flushing to /var/log/journal/e58a5a8174ef4cf993a3d8bf370d9e77 is 37.178ms for 1856 entries.
4月 04 17:35:51 ree-virtual-machine systemd-journald[389]: System Journal (/var/log/journal/e58a5a8174ef4cf993a3d8bf370d9e77) is 392.1M, max 4.0G, 3.6G free.
4月 04 20:54:01 ree-virtual-machine systemd-journald[389]: Journal stopped
-- Boot 0d532a9de8ef4df1a92a1cc3f8ce562d --
4月 09 19:14:31 ree-virtual-machine systemd-journald[390]: Journal started
4月 09 19:14:31 ree-virtual-machine systemd-journald[390]: Runtime Journal (/run/log/journal/e58a5a8174ef4cf993a3d8bf370d9e77) is 8.0M, max 159.6M, 151.6M free.
4月 09 19:14:31 ree-virtual-machine systemd-journald[390]: Time spent on flushing to /var/log/journal/e58a5a8174ef4cf993a3d8bf370d9e77 is 91.946ms for 1850 entries.
4月 09 19:14:31 ree-virtual-machine systemd-journald[390]: System Journal (/var/log/journal/e58a5a8174ef4cf993a3d8bf370d9e77) is 408.1M, max 4.0G, 3.6G free.
4月 09 19:17:44 ree-virtual-machine systemd-journald[390]: Journal stopped
-- Boot 66c095c2b40d4348bbbaa9bd9371fd5b --
4月 09 19:21:15 ree-virtual-machine systemd-journald[389]: Journal started
4月 09 19:21:15 ree-virtual-machine systemd-journald[389]: Runtime Journal (/run/log/journal/e58a5a8174ef4cf993a3d8bf370d9e77) is 8.0M, max 159.6M, 151.6M free.
4月 09 19:21:15 ree-virtual-machine systemd-journald[389]: Time spent on flushing to /var/log/journal/e58a5a8174ef4cf993a3d8bf370d9e77 is 82.375ms for 1843 entries.
4月 09 19:21:15 ree-virtual-machine systemd-journald[389]: System Journal (/var/log/journal/e58a5a8174ef4cf993a3d8bf370d9e77) is 424.1M, max 4.0G, 3.5G free.
4月 09 21:44:19 ree-virtual-machine systemd-journald[389]: Journal stopped
-- Boot 125b443d38b7450fbc1c404530e9dc9e --
4月 12 11:21:55 ree-virtual-machine systemd-journald[387]: Journal started
4月 12 11:21:55 ree-virtual-machine systemd-journald[387]: Runtime Journal (/run/log/journal/e58a5a8174ef4cf993a3d8bf370d9e77) is 8.0M, max 159.6M, 151.6M free.
4月 12 11:21:55 ree-virtual-machine systemd-journald[387]: Time spent on flushing to /var/log/journal/e58a5a8174ef4cf993a3d8bf370d9e77 is 82.414ms for 1846 entries.
4月 12 11:21:55 ree-virtual-machine systemd-journald[387]: System Journal (/var/log/journal/e58a5a8174ef4cf993a3d8bf370d9e77) is 440.1M, max 4.0G, 3.5G free.
4月 12 12:31:46 ree-virtual-machine systemd-journald[387]: Journal stopped
-- Boot e043495edc834fd3b8de378cf5b742ab --
4月 12 12:32:34 ree-virtual-machine systemd-journald[390]: Journal started
4月 12 12:32:34 ree-virtual-machine systemd-journald[390]: Runtime Journal (/run/log/journal/e58a5a8174ef4cf993a3d8bf370d9e77) is 8.0M, max 159.6M, 151.6M free.
4月 12 12:32:34 ree-virtual-machine systemd-journald[390]: Time spent on flushing to /var/log/journal/e58a5a8174ef4cf993a3d8bf370d9e77 is 93.732ms for 1845 entries.
4月 12 12:32:34 ree-virtual-machine systemd-journald[390]: System Journal (/var/log/journal/e58a5a8174ef4cf993a3d8bf370d9e77) is 456.1M, max 4.0G, 3.5G free.
4月 12 13:58:17 ree-virtual-machine systemd-journald[390]: Journal stopped
-- Boot 9296bd89129642f58a1e422116180a89 --
4月 12 19:33:15 ree-virtual-machine systemd-journald[389]: Journal started
4月 12 19:33:15 ree-virtual-machine systemd-journald[389]: Runtime Journal (/run/log/journal/e58a5a8174ef4cf993a3d8bf370d9e77) is 8.0M, max 159.6M, 151.6M free.
4月 12 19:33:15 ree-virtual-machine systemd-journald[389]: Time spent on flushing to /var/log/journal/e58a5a8174ef4cf993a3d8bf370d9e77 is 101.615ms for 1851 entries.
4月 12 19:33:15 ree-virtual-machine systemd-journald[389]: System Journal (/var/log/journal/e58a5a8174ef4cf993a3d8bf370d9e77) is 472.1M, max 4.0G, 3.5G free.
4月 12 21:30:58 ree-virtual-machine systemd-journald[389]: Journal stopped
-- Boot e44af90cbb3e49179059ad1de25c45d0 --
4月 12 21:31:06 ree-virtual-machine systemd-journald[389]: Journal started
4月 12 21:31:06 ree-virtual-machine systemd-journald[389]: Runtime Journal (/run/log/journal/e58a5a8174ef4cf993a3d8bf370d9e77) is 8.0M, max 159.6M, 151.6M free.
4月 12 21:31:06 ree-virtual-machine systemd-journald[389]: Time spent on flushing to /var/log/journal/e58a5a8174ef4cf993a3d8bf370d9e77 is 51.542ms for 1853 entries.
4月 12 21:31:06 ree-virtual-machine systemd-journald[389]: System Journal (/var/log/journal/e58a5a8174ef4cf993a3d8bf370d9e77) is 472.1M, max 4.0G, 3.5G free.
4月 12 21:49:01 ree-virtual-machine systemd-journald[389]: Journal stopped
-- Boot 670c3aae65b84f6c8708951f52467260 --
4月 12 21:49:10 ree-virtual-machine systemd-journald[388]: Journal started
4月 12 21:49:10 ree-virtual-machine systemd-journald[388]: Runtime Journal (/run/log/journal/e58a5a8174ef4cf993a3d8bf370d9e77) is 8.0M, max 159.6M, 151.6M free.
4月 12 21:49:10 ree-virtual-machine systemd-journald[388]: Time spent on flushing to /var/log/journal/e58a5a8174ef4cf993a3d8bf370d9e77 is 441.584ms for 1852 entries.
4月 12 21:49:10 ree-virtual-machine systemd-journald[388]: System Journal (/var/log/journal/e58a5a8174ef4cf993a3d8bf370d9e77) is 472.1M, max 4.0G, 3.5G free.
4月 12 21:53:22 ree-virtual-machine systemd-journald[388]: Journal stopped
-- Boot 73255c0c6dec4ce4bca99ec2ceb12507 --
4月 12 21:53:28 ree-virtual-machine systemd-journald[388]: Journal started
4月 12 21:53:28 ree-virtual-machine systemd-journald[388]: Runtime Journal (/run/log/journal/e58a5a8174ef4cf993a3d8bf370d9e77) is 8.0M, max 159.6M, 151.6M free.
4月 12 21:53:28 ree-virtual-machine systemd-journald[388]: Time spent on flushing to /var/log/journal/e58a5a8174ef4cf993a3d8bf370d9e77 is 43.160ms for 1866 entries.
4月 12 21:53:28 ree-virtual-machine systemd-journald[388]: System Journal (/var/log/journal/e58a5a8174ef4cf993a3d8bf370d9e77) is 472.1M, max 4.0G, 3.5G free.
4月 13 01:12:52 ree-virtual-machine systemd-journald[388]: Journal stopped
-- Boot ab354c8c35ec46309c3d583c22d4722e --
4月 13 11:49:12 ree-virtual-machine systemd-journald[388]: Journal started
4月 13 11:49:12 ree-virtual-machine systemd-journald[388]: Runtime Journal (/run/log/journal/e58a5a8174ef4cf993a3d8bf370d9e77) is 8.0M, max 159.6M, 151.6M free.
4月 13 11:49:13 ree-virtual-machine systemd-journald[388]: Time spent on flushing to /var/log/journal/e58a5a8174ef4cf993a3d8bf370d9e77 is 421.004ms for 1848 entries.
4月 13 11:49:13 ree-virtual-machine systemd-journald[388]: System Journal (/var/log/journal/e58a5a8174ef4cf993a3d8bf370d9e77) is 480.1M, max 4.0G, 3.5G free.
4月 13 20:22:14 ree-virtual-machine systemd-journald[388]: Journal stopped
-- Boot 1223bb12cf164754a34338b3879bc416 --
4月 13 20:22:48 ree-virtual-machine systemd-journald[389]: Journal started
4月 13 20:22:48 ree-virtual-machine systemd-journald[389]: Runtime Journal (/run/log/journal/e58a5a8174ef4cf993a3d8bf370d9e77) is 8.0M, max 159.6M, 151.6M free.
4月 13 20:22:48 ree-virtual-machine systemd-journald[389]: Time spent on flushing to /var/log/journal/e58a5a8174ef4cf993a3d8bf370d9e77 is 80.499ms for 1847 entries.
4月 13 20:22:48 ree-virtual-machine systemd-journald[389]: System Journal (/var/log/journal/e58a5a8174ef4cf993a3d8bf370d9e77) is 496.1M, max 4.0G, 3.5G free.
4月 13 23:11:11 ree-virtual-machine systemd-journald[389]: Journal stopped
-- Boot eedc866258b546db86377bdd16f52c6c --
4月 13 23:32:57 ree-virtual-machine systemd-journald[389]: Journal started
4月 13 23:32:57 ree-virtual-machine systemd-journald[389]: Runtime Journal (/run/log/journal/e58a5a8174ef4cf993a3d8bf370d9e77) is 8.0M, max 159.6M, 151.6M free.
4月 13 23:32:57 ree-virtual-machine systemd-journald[389]: Time spent on flushing to /var/log/journal/e58a5a8174ef4cf993a3d8bf370d9e77 is 127.175ms for 1853 entries.
4月 13 23:32:57 ree-virtual-machine systemd-journald[389]: System Journal (/var/log/journal/e58a5a8174ef4cf993a3d8bf370d9e77) is 504.1M, max 4.0G, 3.5G free.
4月 14 01:45:08 ree-virtual-machine systemd-journald[389]: Journal stopped
-- Boot 6336d5d01d9d47a1a84a86d400678bbe --
4月 14 18:40:02 ree-virtual-machine systemd-journald[388]: Journal started
4月 14 18:40:02 ree-virtual-machine systemd-journald[388]: Runtime Journal (/run/log/journal/e58a5a8174ef4cf993a3d8bf370d9e77) is 8.0M, max 159.6M, 151.6M free.
4月 14 18:40:02 ree-virtual-machine systemd-journald[388]: Time spent on flushing to /var/log/journal/e58a5a8174ef4cf993a3d8bf370d9e77 is 158.573ms for 1846 entries.
4月 14 18:40:02 ree-virtual-machine systemd-journald[388]: System Journal (/var/log/journal/e58a5a8174ef4cf993a3d8bf370d9e77) is 512.1M, max 4.0G, 3.4G free.
4月 14 19:24:34 ree-virtual-machine systemd-journald[388]: Journal stopped
-- Boot 00425514c17e404db4cc5611a8f55ed9 --
4月 14 21:28:22 ree-virtual-machine systemd-journald[389]: Journal started
4月 14 21:28:22 ree-virtual-machine systemd-journald[389]: Runtime Journal (/run/log/journal/e58a5a8174ef4cf993a3d8bf370d9e77) is 8.0M, max 159.6M, 151.6M free.
4月 14 21:28:22 ree-virtual-machine systemd-journald[389]: Time spent on flushing to /var/log/journal/e58a5a8174ef4cf993a3d8bf370d9e77 is 10.607ms for 1860 entries.
4月 14 21:28:22 ree-virtual-machine systemd-journald[389]: System Journal (/var/log/journal/e58a5a8174ef4cf993a3d8bf370d9e77) is 520.1M, max 4.0G, 3.4G free.

