2月 20 18:39:04 ree-virtual-machine systemd[1]: Starting Time & Date Service...
2月 20 18:39:04 ree-virtual-machine systemd[1]: Started Time & Date Service.
2月 20 18:39:34 ree-virtual-machine systemd[1]: systemd-timedated.service: Deactivated successfully.
2月 20 18:44:04 ree-virtual-machine systemd[1]: Starting Time & Date Service...
2月 20 18:44:04 ree-virtual-machine systemd[1]: Started Time & Date Service.
2月 20 18:44:34 ree-virtual-machine systemd[1]: systemd-timedated.service: Deactivated successfully.
2月 20 18:52:00 ree-virtual-machine systemd[1]: Starting Time & Date Service...
2月 20 18:52:00 ree-virtual-machine systemd[1]: Started Time & Date Service.
2月 20 18:52:38 ree-virtual-machine systemd[1]: systemd-timedated.service: Deactivated successfully.
-- Boot 59a08585a9874716bda9035a442e266a --
2月 20 18:52:56 ree-virtual-machine systemd[1]: Starting Time & Date Service...
2月 20 18:52:56 ree-virtual-machine systemd[1]: Started Time & Date Service.
2月 20 18:53:31 ree-virtual-machine systemd[1]: systemd-timedated.service: Deactivated successfully.
2月 20 18:58:01 ree-virtual-machine systemd[1]: Starting Time & Date Service...
2月 20 18:58:01 ree-virtual-machine systemd[1]: Started Time & Date Service.
2月 20 18:58:31 ree-virtual-machine systemd[1]: systemd-timedated.service: Deactivated successfully.
-- Boot 4e50f35765d14836ba11bf87868d3690 --
2月 21 18:32:16 ree-virtual-machine systemd[1]: Starting Time & Date Service...
2月 21 18:32:16 ree-virtual-machine systemd[1]: Started Time & Date Service.
2月 21 18:32:51 ree-virtual-machine systemd[1]: systemd-timedated.service: Deactivated successfully.
2月 21 18:37:21 ree-virtual-machine systemd[1]: Starting Time & Date Service...
2月 21 18:37:21 ree-virtual-machine systemd[1]: Started Time & Date Service.
2月 21 18:37:51 ree-virtual-machine systemd[1]: systemd-timedated.service: Deactivated successfully.
2月 21 18:38:50 ree-virtual-machine systemd[1]: Starting Time & Date Service...
2月 21 18:38:50 ree-virtual-machine systemd[1]: Started Time & Date Service.
2月 21 18:39:20 ree-virtual-machine systemd[1]: systemd-timedated.service: Deactivated successfully.
-- Boot 378ef5fc52a64e67810e6fa7a9ee31e6 --
2月 21 18:42:28 ree-virtual-machine systemd[1]: Starting Time & Date Service...
2月 21 18:42:28 ree-virtual-machine systemd[1]: Started Time & Date Service.
2月 21 18:43:27 ree-virtual-machine systemd[1]: systemd-timedated.service: Deactivated successfully.
-- Boot 48d666794bf9483ca7ebe0e999848072 --
2月 21 19:01:46 ree-virtual-machine systemd[1]: Starting Time & Date Service...
2月 21 19:01:46 ree-virtual-machine systemd[1]: Started Time & Date Service.
2月 21 19:02:20 ree-virtual-machine systemd[1]: systemd-timedated.service: Deactivated successfully.
-- Boot a0299816d1d24b8ab70b7c10b1502239 --
2月 21 19:02:38 ree-virtual-machine systemd[1]: Starting Time & Date Service...
2月 21 19:02:38 ree-virtual-machine systemd[1]: Started Time & Date Service.
2月 21 19:03:21 ree-virtual-machine systemd[1]: systemd-timedated.service: Deactivated successfully.
2月 21 19:07:51 ree-virtual-machine systemd[1]: Starting Time & Date Service...
2月 21 19:07:51 ree-virtual-machine systemd[1]: Started Time & Date Service.
2月 21 19:08:21 ree-virtual-machine systemd[1]: systemd-timedated.service: Deactivated successfully.
-- Boot 7319c95352634624b166e30456e7d6e8 --
2月 21 19:17:57 ree-virtual-machine systemd[1]: Starting Time & Date Service...
2月 21 19:17:57 ree-virtual-machine systemd[1]: Started Time & Date Service.
2月 21 19:18:29 ree-virtual-machine systemd[1]: systemd-timedated.service: Deactivated successfully.
2月 21 19:22:59 ree-virtual-machine systemd[1]: Starting Time & Date Service...
2月 21 19:22:59 ree-virtual-machine systemd[1]: Started Time & Date Service.
2月 21 19:23:02 ree-virtual-machine systemd[1]: Stopping Time & Date Service...
2月 21 19:23:02 ree-virtual-machine systemd[1]: systemd-timedated.service: Deactivated successfully.
2月 21 19:23:02 ree-virtual-machine systemd[1]: Stopped Time & Date Service.
-- Boot e6c010b640444a48974c34b34cbf889b --
2月 21 19:23:12 ree-virtual-machine systemd[1]: Starting Time & Date Service...
2月 21 19:23:12 ree-virtual-machine systemd[1]: Started Time & Date Service.
2月 21 19:23:46 ree-virtual-machine systemd[1]: systemd-timedated.service: Deactivated successfully.
2月 21 19:28:16 ree-virtual-machine systemd[1]: Starting Time & Date Service...
2月 21 19:28:16 ree-virtual-machine systemd[1]: Started Time & Date Service.
2月 21 19:28:46 ree-virtual-machine systemd[1]: systemd-timedated.service: Deactivated successfully.
-- Boot 9ce45ab8fa0345b987fea497f44c5051 --
3月 10 20:00:46 ree-virtual-machine systemd[1]: Starting Time & Date Service...
3月 10 20:00:46 ree-virtual-machine systemd[1]: Started Time & Date Service.
3月 10 20:01:31 ree-virtual-machine systemd[1]: systemd-timedated.service: Deactivated successfully.
3月 10 20:06:01 ree-virtual-machine systemd[1]: Starting Time & Date Service...
3月 10 20:06:01 ree-virtual-machine systemd[1]: Started Time & Date Service.
3月 10 20:06:31 ree-virtual-machine systemd[1]: systemd-timedated.service: Deactivated successfully.
-- Boot 78840721b8c14d03929c91da9cf2989f --
3月 15 11:06:37 ree-virtual-machine systemd[1]: Starting Time & Date Service...
3月 15 11:06:37 ree-virtual-machine systemd[1]: Started Time & Date Service.
3月 15 11:07:11 ree-virtual-machine systemd[1]: systemd-timedated.service: Deactivated successfully.
3月 15 11:11:41 ree-virtual-machine systemd[1]: Starting Time & Date Service...
3月 15 11:11:41 ree-virtual-machine systemd[1]: Started Time & Date Service.
3月 15 11:12:11 ree-virtual-machine systemd[1]: systemd-timedated.service: Deactivated successfully.
-- Boot ca9b2e5e215f4f3fbeb8e0a2983e83e6 --
3月 22 19:20:02 ree-virtual-machine systemd[1]: Starting Time & Date Service...
3月 22 19:20:03 ree-virtual-machine systemd[1]: Started Time & Date Service.
3月 22 19:20:33 ree-virtual-machine systemd[1]: systemd-timedated.service: Deactivated successfully.
3月 22 19:25:03 ree-virtual-machine systemd[1]: Starting Time & Date Service...
3月 22 19:25:03 ree-virtual-machine systemd[1]: Started Time & Date Service.
3月 22 19:25:33 ree-virtual-machine systemd[1]: systemd-timedated.service: Deactivated successfully.
-- Boot ee7967cec9534f4aa0162aa833ebf2b7 --
3月 22 19:56:31 ree-virtual-machine systemd[1]: Starting Time & Date Service...
3月 22 19:56:32 ree-virtual-machine systemd[1]: Started Time & Date Service.
3月 22 19:57:14 ree-virtual-machine systemd[1]: systemd-timedated.service: Deactivated successfully.
3月 22 20:01:44 ree-virtual-machine systemd[1]: Starting Time & Date Service...
3月 22 20:01:44 ree-virtual-machine systemd[1]: Started Time & Date Service.
3月 22 20:02:14 ree-virtual-machine systemd[1]: systemd-timedated.service: Deactivated successfully.
-- Boot 9e3eeb915f5e4d0aab1fa06627dc238a --
3月 25 22:03:02 ree-virtual-machine systemd[1]: Starting Time & Date Service...
3月 25 22:03:02 ree-virtual-machine systemd[1]: Started Time & Date Service.
3月 25 22:03:44 ree-virtual-machine systemd[1]: systemd-timedated.service: Deactivated successfully.
3月 25 22:08:13 ree-virtual-machine systemd[1]: Starting Time & Date Service...
3月 25 22:08:14 ree-virtual-machine systemd[1]: Started Time & Date Service.
3月 25 22:08:44 ree-virtual-machine systemd[1]: systemd-timedated.service: Deactivated successfully.
3月 25 22:18:54 ree-virtual-machine systemd[1]: Starting Time & Date Service...
3月 25 22:18:55 ree-virtual-machine systemd[1]: Started Time & Date Service.
3月 25 22:19:25 ree-virtual-machine systemd[1]: systemd-timedated.service: Deactivated successfully.
-- Boot cce731051b6244c4a03f32893ae3c956 --
3月 28 10:31:06 ree-virtual-machine systemd[1]: Starting Time & Date Service...
3月 28 10:31:06 ree-virtual-machine systemd[1]: Started Time & Date Service.
3月 28 10:31:40 ree-virtual-machine systemd[1]: systemd-timedated.service: Deactivated successfully.
3月 28 10:36:10 ree-virtual-machine systemd[1]: Starting Time & Date Service...
3月 28 10:36:10 ree-virtual-machine systemd[1]: Started Time & Date Service.
3月 28 10:36:40 ree-virtual-machine systemd[1]: systemd-timedated.service: Deactivated successfully.
-- Boot 2a886fae77824755a4d8c5453e54eec8 --
3月 29 11:43:34 ree-virtual-machine systemd[1]: Starting Time & Date Service...
3月 29 11:43:34 ree-virtual-machine systemd[1]: Started Time & Date Service.
3月 29 11:44:05 ree-virtual-machine systemd[1]: systemd-timedated.service: Deactivated successfully.
3月 29 11:48:35 ree-virtual-machine systemd[1]: Starting Time & Date Service...
3月 29 11:48:35 ree-virtual-machine systemd[1]: Started Time & Date Service.
3月 29 11:49:05 ree-virtual-machine systemd[1]: systemd-timedated.service: Deactivated successfully.
-- Boot bb0991777ac541be83385906c043308d --
3月 29 12:42:43 ree-virtual-machine systemd[1]: Starting Time & Date Service...
3月 29 12:42:43 ree-virtual-machine systemd[1]: Started Time & Date Service.
3月 29 12:43:14 ree-virtual-machine systemd[1]: systemd-timedated.service: Deactivated successfully.
3月 29 12:47:44 ree-virtual-machine systemd[1]: Starting Time & Date Service...
3月 29 12:47:44 ree-virtual-machine systemd[1]: Started Time & Date Service.
3月 29 12:48:14 ree-virtual-machine systemd[1]: systemd-timedated.service: Deactivated successfully.
-- Boot d7712a95bc0b49358ac3d7c9a0282431 --
3月 29 13:18:49 ree-virtual-machine systemd[1]: Starting Time & Date Service...
3月 29 13:18:49 ree-virtual-machine systemd[1]: Started Time & Date Service.
3月 29 13:19:27 ree-virtual-machine systemd[1]: systemd-timedated.service: Deactivated successfully.
-- Boot 19b4dd46eb7b4597999d4311a7fcd580 --
3月 29 13:24:46 ree-virtual-machine systemd[1]: Starting Time & Date Service...
3月 29 13:24:46 ree-virtual-machine systemd[1]: Started Time & Date Service.
3月 29 13:25:17 ree-virtual-machine systemd[1]: systemd-timedated.service: Deactivated successfully.
3月 29 13:29:47 ree-virtual-machine systemd[1]: Starting Time & Date Service...
3月 29 13:29:47 ree-virtual-machine systemd[1]: Started Time & Date Service.
3月 29 13:30:17 ree-virtual-machine systemd[1]: systemd-timedated.service: Deactivated successfully.
-- Boot 9d814a28020a4d1b8dc1b211140df378 --
3月 30 14:04:54 ree-virtual-machine systemd[1]: Starting Time & Date Service...
3月 30 14:04:54 ree-virtual-machine systemd[1]: Started Time & Date Service.
3月 30 14:05:25 ree-virtual-machine systemd[1]: systemd-timedated.service: Deactivated successfully.
3月 30 14:09:55 ree-virtual-machine systemd[1]: Starting Time & Date Service...
3月 30 14:09:55 ree-virtual-machine systemd[1]: Started Time & Date Service.
3月 30 14:10:25 ree-virtual-machine systemd[1]: systemd-timedated.service: Deactivated successfully.
-- Boot 84aa09a898d145c7a959de6db29053d7 --
3月 30 15:02:23 ree-virtual-machine systemd[1]: Starting Time & Date Service...
3月 30 15:02:23 ree-virtual-machine systemd[1]: Started Time & Date Service.
3月 30 15:02:52 ree-virtual-machine systemd[1]: Stopping Time & Date Service...
3月 30 15:02:52 ree-virtual-machine systemd[1]: systemd-timedated.service: Deactivated successfully.
3月 30 15:02:52 ree-virtual-machine systemd[1]: Stopped Time & Date Service.
-- Boot aa4829cf4bad48fb9f7b1a4eb947f5c0 --
3月 30 15:03:29 ree-virtual-machine systemd[1]: Starting Time & Date Service...
3月 30 15:03:29 ree-virtual-machine systemd[1]: Started Time & Date Service.
3月 30 15:03:35 ree-virtual-machine systemd[1]: Stopping Time & Date Service...
3月 30 15:03:35 ree-virtual-machine systemd[1]: systemd-timedated.service: Deactivated successfully.
3月 30 15:03:35 ree-virtual-machine systemd[1]: Stopped Time & Date Service.
-- Boot 00a7e42d2b624b439bea376a3bc361f1 --
3月 30 15:14:16 ree-virtual-machine systemd[1]: Starting Time & Date Service...
3月 30 15:14:16 ree-virtual-machine systemd[1]: Started Time & Date Service.
3月 30 15:14:47 ree-virtual-machine systemd[1]: systemd-timedated.service: Deactivated successfully.
-- Boot 1516c1af27714148858b849306510739 --
3月 30 15:23:27 ree-virtual-machine systemd[1]: Starting Time & Date Service...
3月 30 15:23:27 ree-virtual-machine systemd[1]: Started Time & Date Service.
3月 30 15:24:02 ree-virtual-machine systemd[1]: systemd-timedated.service: Deactivated successfully.
3月 30 15:28:31 ree-virtual-machine systemd[1]: Starting Time & Date Service...
3月 30 15:28:31 ree-virtual-machine systemd[1]: Started Time & Date Service.
3月 30 15:29:01 ree-virtual-machine systemd[1]: systemd-timedated.service: Deactivated successfully.
-- Boot 9069828abd4b41e5829b4880b07ecdde --
3月 30 15:38:55 ree-virtual-machine systemd[1]: Starting Time & Date Service...
3月 30 15:38:55 ree-virtual-machine systemd[1]: Started Time & Date Service.
3月 30 15:39:44 ree-virtual-machine systemd[1]: systemd-timedated.service: Deactivated successfully.
-- Boot 76e16ebfbeab47788bc4dd8853d9fe7e --
3月 30 17:34:21 ree-virtual-machine systemd[1]: Starting Time & Date Service...
3月 30 17:34:22 ree-virtual-machine systemd[1]: Started Time & Date Service.
3月 30 17:34:53 ree-virtual-machine systemd[1]: systemd-timedated.service: Deactivated successfully.
3月 30 17:39:23 ree-virtual-machine systemd[1]: Starting Time & Date Service...
3月 30 17:39:23 ree-virtual-machine systemd[1]: Started Time & Date Service.
3月 30 17:39:53 ree-virtual-machine systemd[1]: systemd-timedated.service: Deactivated successfully.
-- Boot e249c720d58849269d73a22f14ee6fb9 --
3月 30 20:32:34 ree-virtual-machine systemd[1]: Starting Time & Date Service...
3月 30 20:32:34 ree-virtual-machine systemd[1]: Started Time & Date Service.
3月 30 20:33:15 ree-virtual-machine systemd[1]: systemd-timedated.service: Deactivated successfully.
3月 30 20:37:45 ree-virtual-machine systemd[1]: Starting Time & Date Service...
3月 30 20:37:46 ree-virtual-machine systemd[1]: Started Time & Date Service.
3月 30 20:38:16 ree-virtual-machine systemd[1]: systemd-timedated.service: Deactivated successfully.
-- Boot 9ccccf2adff74839b8fba49d83281f8b --
3月 30 22:53:46 ree-virtual-machine systemd[1]: Starting Time & Date Service...
3月 30 22:53:46 ree-virtual-machine systemd[1]: Started Time & Date Service.
3月 30 22:54:29 ree-virtual-machine systemd[1]: systemd-timedated.service: Deactivated successfully.
3月 30 22:58:59 ree-virtual-machine systemd[1]: Starting Time & Date Service...
3月 30 22:58:59 ree-virtual-machine systemd[1]: Started Time & Date Service.
3月 30 22:59:29 ree-virtual-machine systemd[1]: systemd-timedated.service: Deactivated successfully.
-- Boot 308f7b0f7a274f0bb6200973f34667b6 --
3月 31 00:22:30 ree-virtual-machine systemd[1]: Starting Time & Date Service...
3月 31 00:22:30 ree-virtual-machine systemd[1]: Started Time & Date Service.
3月 31 00:23:14 ree-virtual-machine systemd[1]: systemd-timedated.service: Deactivated successfully.
-- Boot d85c7c53e5114994bc2f0f623b3af509 --
3月 31 19:12:18 ree-virtual-machine systemd[1]: Starting Time & Date Service...
3月 31 19:12:18 ree-virtual-machine systemd[1]: Started Time & Date Service.
3月 31 19:12:48 ree-virtual-machine systemd[1]: systemd-timedated.service: Deactivated successfully.
3月 31 19:12:55 ree-virtual-machine systemd[1]: Starting Time & Date Service...
3月 31 19:12:55 ree-virtual-machine systemd[1]: Started Time & Date Service.
3月 31 19:13:25 ree-virtual-machine systemd[1]: systemd-timedated.service: Deactivated successfully.
-- Boot 09785a07d95540b1ad518945fbcc300d --
3月 31 19:43:52 ree-virtual-machine systemd[1]: Starting Time & Date Service...
3月 31 19:43:52 ree-virtual-machine systemd[1]: Started Time & Date Service.
3月 31 19:44:40 ree-virtual-machine systemd[1]: systemd-timedated.service: Deactivated successfully.
-- Boot 436dee14f55b451a880859c1f76478af --
3月 31 21:10:05 ree-virtual-machine systemd[1]: Starting Time & Date Service...
3月 31 21:10:05 ree-virtual-machine systemd[1]: Started Time & Date Service.
3月 31 21:10:49 ree-virtual-machine systemd[1]: systemd-timedated.service: Deactivated successfully.
3月 31 21:15:19 ree-virtual-machine systemd[1]: Starting Time & Date Service...
3月 31 21:15:19 ree-virtual-machine systemd[1]: Started Time & Date Service.
3月 31 21:15:49 ree-virtual-machine systemd[1]: systemd-timedated.service: Deactivated successfully.
-- Boot e2fd3a66bd3b4bd68261cb94d3fee451 --
4月 04 12:20:48 ree-virtual-machine systemd[1]: Starting Time & Date Service...
4月 04 12:20:48 ree-virtual-machine systemd[1]: Started Time & Date Service.
4月 04 12:21:22 ree-virtual-machine systemd[1]: systemd-timedated.service: Deactivated successfully.
4月 04 12:25:52 ree-virtual-machine systemd[1]: Starting Time & Date Service...
4月 04 12:25:52 ree-virtual-machine systemd[1]: Started Time & Date Service.
4月 04 12:26:22 ree-virtual-machine systemd[1]: systemd-timedated.service: Deactivated successfully.
-- Boot 25dbee67bff049baa23eecea014b8763 --
4月 04 17:35:55 ree-virtual-machine systemd[1]: Starting Time & Date Service...
4月 04 17:35:56 ree-virtual-machine systemd[1]: Started Time & Date Service.
4月 04 17:36:24 ree-virtual-machine systemd[1]: systemd-timedated.service: Deactivated successfully.
4月 04 17:40:54 ree-virtual-machine systemd[1]: Starting Time & Date Service...
4月 04 17:40:54 ree-virtual-machine systemd[1]: Started Time & Date Service.
4月 04 17:41:24 ree-virtual-machine systemd[1]: systemd-timedated.service: Deactivated successfully.
-- Boot 0d532a9de8ef4df1a92a1cc3f8ce562d --
4月 09 19:14:35 ree-virtual-machine systemd[1]: Starting Time & Date Service...
4月 09 19:14:35 ree-virtual-machine systemd[1]: Started Time & Date Service.
4月 09 19:15:07 ree-virtual-machine systemd[1]: systemd-timedated.service: Deactivated successfully.
-- Boot 66c095c2b40d4348bbbaa9bd9371fd5b --
4月 09 19:21:22 ree-virtual-machine systemd[1]: Starting Time & Date Service...
4月 09 19:21:23 ree-virtual-machine systemd[1]: Started Time & Date Service.
4月 09 19:21:50 ree-virtual-machine systemd[1]: systemd-timedated.service: Deactivated successfully.
4月 09 19:26:20 ree-virtual-machine systemd[1]: Starting Time & Date Service...
4月 09 19:26:20 ree-virtual-machine systemd[1]: Started Time & Date Service.
4月 09 19:26:50 ree-virtual-machine systemd[1]: systemd-timedated.service: Deactivated successfully.
-- Boot 125b443d38b7450fbc1c404530e9dc9e --
4月 12 11:21:59 ree-virtual-machine systemd[1]: Starting Time & Date Service...
4月 12 11:21:59 ree-virtual-machine systemd[1]: Started Time & Date Service.
4月 12 11:22:33 ree-virtual-machine systemd[1]: systemd-timedated.service: Deactivated successfully.
4月 12 11:27:03 ree-virtual-machine systemd[1]: Starting Time & Date Service...
4月 12 11:27:03 ree-virtual-machine systemd[1]: Started Time & Date Service.
4月 12 11:27:33 ree-virtual-machine systemd[1]: systemd-timedated.service: Deactivated successfully.
-- Boot e043495edc834fd3b8de378cf5b742ab --
4月 12 12:32:40 ree-virtual-machine systemd[1]: Starting Time & Date Service...
4月 12 12:32:40 ree-virtual-machine systemd[1]: Started Time & Date Service.
4月 12 12:33:10 ree-virtual-machine systemd[1]: systemd-timedated.service: Deactivated successfully.
4月 12 12:37:40 ree-virtual-machine systemd[1]: Starting Time & Date Service...
4月 12 12:37:40 ree-virtual-machine systemd[1]: Started Time & Date Service.
4月 12 12:38:10 ree-virtual-machine systemd[1]: systemd-timedated.service: Deactivated successfully.
-- Boot 9296bd89129642f58a1e422116180a89 --
4月 12 19:33:20 ree-virtual-machine systemd[1]: Starting Time & Date Service...
4月 12 19:33:20 ree-virtual-machine systemd[1]: Started Time & Date Service.
4月 12 19:33:51 ree-virtual-machine systemd[1]: systemd-timedated.service: Deactivated successfully.
4月 12 19:38:21 ree-virtual-machine systemd[1]: Starting Time & Date Service...
4月 12 19:38:21 ree-virtual-machine systemd[1]: Started Time & Date Service.
4月 12 19:38:51 ree-virtual-machine systemd[1]: systemd-timedated.service: Deactivated successfully.
-- Boot e44af90cbb3e49179059ad1de25c45d0 --
4月 12 21:31:08 ree-virtual-machine systemd[1]: Starting Time & Date Service...
4月 12 21:31:08 ree-virtual-machine systemd[1]: Started Time & Date Service.
4月 12 21:34:39 ree-virtual-machine systemd[1]: systemd-timedated.service: Deactivated successfully.
4月 12 21:39:08 ree-virtual-machine systemd[1]: Starting Time & Date Service...
4月 12 21:39:09 ree-virtual-machine systemd[1]: Started Time & Date Service.
4月 12 21:39:39 ree-virtual-machine systemd[1]: systemd-timedated.service: Deactivated successfully.
-- Boot 670c3aae65b84f6c8708951f52467260 --
4月 12 21:49:14 ree-virtual-machine systemd[1]: Starting Time & Date Service...
4月 12 21:49:14 ree-virtual-machine systemd[1]: Started Time & Date Service.
4月 12 21:49:45 ree-virtual-machine systemd[1]: systemd-timedated.service: Deactivated successfully.
-- Boot 73255c0c6dec4ce4bca99ec2ceb12507 --
4月 12 21:53:30 ree-virtual-machine systemd[1]: Starting Time & Date Service...
4月 12 21:53:30 ree-virtual-machine systemd[1]: Started Time & Date Service.
4月 12 21:54:01 ree-virtual-machine systemd[1]: systemd-timedated.service: Deactivated successfully.
4月 12 21:58:31 ree-virtual-machine systemd[1]: Starting Time & Date Service...
4月 12 21:58:31 ree-virtual-machine systemd[1]: Started Time & Date Service.
4月 12 21:59:01 ree-virtual-machine systemd[1]: systemd-timedated.service: Deactivated successfully.
-- Boot ab354c8c35ec46309c3d583c22d4722e --
4月 13 11:49:18 ree-virtual-machine systemd[1]: Starting Time & Date Service...
4月 13 11:49:18 ree-virtual-machine systemd[1]: Started Time & Date Service.
4月 13 11:49:49 ree-virtual-machine systemd[1]: systemd-timedated.service: Deactivated successfully.
4月 13 11:54:19 ree-virtual-machine systemd[1]: Starting Time & Date Service...
4月 13 11:54:19 ree-virtual-machine systemd[1]: Started Time & Date Service.
4月 13 11:54:49 ree-virtual-machine systemd[1]: systemd-timedated.service: Deactivated successfully.
-- Boot 1223bb12cf164754a34338b3879bc416 --
4月 13 20:22:53 ree-virtual-machine systemd[1]: Starting Time & Date Service...
4月 13 20:22:53 ree-virtual-machine systemd[1]: Started Time & Date Service.
4月 13 20:23:32 ree-virtual-machine systemd[1]: systemd-timedated.service: Deactivated successfully.
4月 13 20:28:02 ree-virtual-machine systemd[1]: Starting Time & Date Service...
4月 13 20:28:02 ree-virtual-machine systemd[1]: Started Time & Date Service.
4月 13 20:28:32 ree-virtual-machine systemd[1]: systemd-timedated.service: Deactivated successfully.
-- Boot eedc866258b546db86377bdd16f52c6c --
4月 13 23:33:02 ree-virtual-machine systemd[1]: Starting Time & Date Service...
4月 13 23:33:02 ree-virtual-machine systemd[1]: Started Time & Date Service.
4月 13 23:33:33 ree-virtual-machine systemd[1]: systemd-timedated.service: Deactivated successfully.
4月 13 23:38:03 ree-virtual-machine systemd[1]: Starting Time & Date Service...
4月 13 23:38:03 ree-virtual-machine systemd[1]: Started Time & Date Service.
4月 13 23:38:33 ree-virtual-machine systemd[1]: systemd-timedated.service: Deactivated successfully.
-- Boot 6336d5d01d9d47a1a84a86d400678bbe --
4月 14 18:40:06 ree-virtual-machine systemd[1]: Starting Time & Date Service...
4月 14 18:40:06 ree-virtual-machine systemd[1]: Started Time & Date Service.
4月 14 18:40:37 ree-virtual-machine systemd[1]: systemd-timedated.service: Deactivated successfully.
4月 14 18:45:07 ree-virtual-machine systemd[1]: Starting Time & Date Service...
4月 14 18:45:07 ree-virtual-machine systemd[1]: Started Time & Date Service.
4月 14 18:45:37 ree-virtual-machine systemd[1]: systemd-timedated.service: Deactivated successfully.
-- Boot 00425514c17e404db4cc5611a8f55ed9 --
4月 14 21:28:24 ree-virtual-machine systemd[1]: Starting Time & Date Service...
4月 14 21:28:24 ree-virtual-machine systemd[1]: Started Time & Date Service.
4月 14 21:28:55 ree-virtual-machine systemd[1]: systemd-timedated.service: Deactivated successfully.
4月 14 21:33:25 ree-virtual-machine systemd[1]: Starting Time & Date Service...
4月 14 21:33:25 ree-virtual-machine systemd[1]: Started Time & Date Service.
4月 14 21:33:55 ree-virtual-machine systemd[1]: systemd-timedated.service: Deactivated successfully.

