3月 22 19:50:01 ree-virtual-machine systemd[1]: Starting Daily apt download activities...
3月 22 19:52:08 ree-virtual-machine systemd[1]: apt-daily.service: Deactivated successfully.
3月 22 19:52:08 ree-virtual-machine systemd[1]: Finished Daily apt download activities.
3月 22 19:52:08 ree-virtual-machine systemd[1]: apt-daily.service: Consumed 3.199s CPU time.
-- Boot 9e3eeb915f5e4d0aab1fa06627dc238a --
3月 26 15:12:58 ree-virtual-machine systemd[1]: Starting Daily apt download activities...
3月 26 15:13:10 ree-virtual-machine systemd[1]: apt-daily.service: Deactivated successfully.
3月 26 15:13:10 ree-virtual-machine systemd[1]: Finished Daily apt download activities.
3月 26 15:13:10 ree-virtual-machine systemd[1]: apt-daily.service: Consumed 4.454s CPU time.
3月 27 12:09:07 ree-virtual-machine systemd[1]: Starting Daily apt download activities...
3月 27 12:10:15 ree-virtual-machine systemd[1]: apt-daily.service: Deactivated successfully.
3月 27 12:10:15 ree-virtual-machine systemd[1]: Finished Daily apt download activities.
3月 27 12:10:15 ree-virtual-machine systemd[1]: apt-daily.service: Consumed 4.823s CPU time.
3月 27 19:05:29 ree-virtual-machine systemd[1]: Starting Daily apt download activities...
3月 27 19:05:30 ree-virtual-machine systemd[1]: apt-daily.service: Deactivated successfully.
3月 27 19:05:30 ree-virtual-machine systemd[1]: Finished Daily apt download activities.
-- Boot cce731051b6244c4a03f32893ae3c956 --
3月 28 11:29:52 ree-virtual-machine systemd[1]: Starting Daily apt download activities...
3月 28 11:30:03 ree-virtual-machine systemd[1]: apt-daily.service: Deactivated successfully.
3月 28 11:30:03 ree-virtual-machine systemd[1]: Finished Daily apt download activities.
3月 28 11:30:03 ree-virtual-machine systemd[1]: apt-daily.service: Consumed 3.809s CPU time.
3月 28 22:41:42 ree-virtual-machine systemd[1]: Starting Daily apt download activities...
3月 28 22:41:43 ree-virtual-machine systemd[1]: apt-daily.service: Deactivated successfully.
3月 28 22:41:43 ree-virtual-machine systemd[1]: Finished Daily apt download activities.
3月 29 11:35:59 ree-virtual-machine systemd[1]: Starting Daily apt download activities...
3月 29 11:36:02 ree-virtual-machine systemd[1]: apt-daily.service: Deactivated successfully.
3月 29 11:36:02 ree-virtual-machine systemd[1]: Finished Daily apt download activities.
3月 29 11:36:02 ree-virtual-machine systemd[1]: apt-daily.service: Consumed 2.774s CPU time.
-- Boot 76e16ebfbeab47788bc4dd8853d9fe7e --
3月 30 20:25:50 ree-virtual-machine systemd[1]: Starting Daily apt download activities...
3月 30 20:26:03 ree-virtual-machine systemd[1]: apt-daily.service: Deactivated successfully.
3月 30 20:26:03 ree-virtual-machine systemd[1]: Finished Daily apt download activities.
3月 30 20:26:03 ree-virtual-machine systemd[1]: apt-daily.service: Consumed 3.723s CPU time.
-- Boot 436dee14f55b451a880859c1f76478af --
4月 03 22:11:20 ree-virtual-machine systemd[1]: Starting Daily apt download activities...
4月 03 22:11:34 ree-virtual-machine systemd[1]: apt-daily.service: Deactivated successfully.
4月 03 22:11:34 ree-virtual-machine systemd[1]: Finished Daily apt download activities.
4月 03 22:11:34 ree-virtual-machine systemd[1]: apt-daily.service: Consumed 9.445s CPU time.
-- Boot 125b443d38b7450fbc1c404530e9dc9e --
4月 12 11:40:20 ree-virtual-machine systemd[1]: Starting Daily apt download activities...
4月 12 11:40:32 ree-virtual-machine systemd[1]: apt-daily.service: Deactivated successfully.
4月 12 11:40:32 ree-virtual-machine systemd[1]: Finished Daily apt download activities.
4月 12 11:40:32 ree-virtual-machine systemd[1]: apt-daily.service: Consumed 3.218s CPU time.
-- Boot ab354c8c35ec46309c3d583c22d4722e --
4月 13 20:20:59 ree-virtual-machine systemd[1]: Starting Daily apt download activities...
4月 13 20:21:41 ree-virtual-machine systemd[1]: apt-daily.service: Deactivated successfully.
4月 13 20:21:41 ree-virtual-machine systemd[1]: Finished Daily apt download activities.
4月 13 20:21:41 ree-virtual-machine systemd[1]: apt-daily.service: Consumed 9.758s CPU time.
-- Boot 00425514c17e404db4cc5611a8f55ed9 --
4月 15 00:29:33 ree-virtual-machine systemd[1]: Starting Daily apt download activities...
4月 15 00:29:41 ree-virtual-machine systemd[1]: apt-daily.service: Deactivated successfully.
4月 15 00:29:41 ree-virtual-machine systemd[1]: Finished Daily apt download activities.
4月 15 00:29:41 ree-virtual-machine systemd[1]: apt-daily.service: Consumed 3.167s CPU time.
-- Boot ac6742caea064674b1504bee9f2e0abd --
4月 15 13:36:14 ree-virtual-machine systemd[1]: Starting Daily apt download activities...
4月 15 13:36:15 ree-virtual-machine systemd[1]: apt-daily.service: Deactivated successfully.
4月 15 13:36:15 ree-virtual-machine systemd[1]: Finished Daily apt download activities.

