2月 20 18:38:54 ree-virtual-machine systemd[1]: Starting Fingerprint Authentication Daemon...
2月 20 18:38:54 ree-virtual-machine systemd[1]: Started Fingerprint Authentication Daemon.
2月 20 18:39:25 ree-virtual-machine systemd[1]: fprintd.service: Deactivated successfully.
2月 20 18:40:11 ree-virtual-machine systemd[1]: Starting Fingerprint Authentication Daemon...
2月 20 18:40:11 ree-virtual-machine systemd[1]: Started Fingerprint Authentication Daemon.
2月 20 18:40:41 ree-virtual-machine systemd[1]: fprintd.service: Deactivated successfully.
-- Boot 59a08585a9874716bda9035a442e266a --
2月 20 18:52:57 ree-virtual-machine systemd[1]: Starting Fingerprint Authentication Daemon...
2月 20 18:52:57 ree-virtual-machine systemd[1]: Started Fingerprint Authentication Daemon.
2月 20 18:53:28 ree-virtual-machine systemd[1]: fprintd.service: Deactivated successfully.
2月 20 18:54:18 ree-virtual-machine systemd[1]: Starting Fingerprint Authentication Daemon...
2月 20 18:54:18 ree-virtual-machine systemd[1]: Started Fingerprint Authentication Daemon.
2月 20 18:54:48 ree-virtual-machine systemd[1]: fprintd.service: Deactivated successfully.
-- Boot 4e50f35765d14836ba11bf87868d3690 --
2月 21 18:32:19 ree-virtual-machine systemd[1]: Starting Fingerprint Authentication Daemon...
2月 21 18:32:19 ree-virtual-machine systemd[1]: Started Fingerprint Authentication Daemon.
2月 21 18:32:49 ree-virtual-machine systemd[1]: fprintd.service: Deactivated successfully.
-- Boot 378ef5fc52a64e67810e6fa7a9ee31e6 --
2月 21 18:42:28 ree-virtual-machine systemd[1]: Starting Fingerprint Authentication Daemon...
2月 21 18:42:28 ree-virtual-machine systemd[1]: Started Fingerprint Authentication Daemon.
2月 21 18:42:59 ree-virtual-machine systemd[1]: fprintd.service: Deactivated successfully.
-- Boot 48d666794bf9483ca7ebe0e999848072 --
2月 21 19:01:46 ree-virtual-machine systemd[1]: Starting Fingerprint Authentication Daemon...
2月 21 19:01:46 ree-virtual-machine systemd[1]: Started Fingerprint Authentication Daemon.
2月 21 19:02:16 ree-virtual-machine systemd[1]: fprintd.service: Deactivated successfully.
-- Boot a0299816d1d24b8ab70b7c10b1502239 --
2月 21 19:02:38 ree-virtual-machine systemd[1]: Starting Fingerprint Authentication Daemon...
2月 21 19:02:38 ree-virtual-machine systemd[1]: Started Fingerprint Authentication Daemon.
2月 21 19:03:09 ree-virtual-machine systemd[1]: fprintd.service: Deactivated successfully.
-- Boot 7319c95352634624b166e30456e7d6e8 --
2月 21 19:17:57 ree-virtual-machine systemd[1]: Starting Fingerprint Authentication Daemon...
2月 21 19:17:57 ree-virtual-machine systemd[1]: Started Fingerprint Authentication Daemon.
2月 21 19:18:27 ree-virtual-machine systemd[1]: fprintd.service: Deactivated successfully.
2月 21 19:18:36 ree-virtual-machine systemd[1]: Starting Fingerprint Authentication Daemon...
2月 21 19:18:36 ree-virtual-machine systemd[1]: Started Fingerprint Authentication Daemon.
2月 21 19:19:06 ree-virtual-machine systemd[1]: fprintd.service: Deactivated successfully.
-- Boot e6c010b640444a48974c34b34cbf889b --
2月 21 19:23:12 ree-virtual-machine systemd[1]: Starting Fingerprint Authentication Daemon...
2月 21 19:23:12 ree-virtual-machine systemd[1]: Started Fingerprint Authentication Daemon.
2月 21 19:23:43 ree-virtual-machine systemd[1]: fprintd.service: Deactivated successfully.
2月 21 19:28:40 ree-virtual-machine systemd[1]: Starting Fingerprint Authentication Daemon...
2月 21 19:28:41 ree-virtual-machine systemd[1]: Started Fingerprint Authentication Daemon.
2月 21 19:29:11 ree-virtual-machine systemd[1]: fprintd.service: Deactivated successfully.
2月 21 19:50:31 ree-virtual-machine systemd[1]: Starting Fingerprint Authentication Daemon...
2月 21 19:50:31 ree-virtual-machine systemd[1]: Started Fingerprint Authentication Daemon.
2月 21 19:50:53 ree-virtual-machine systemd[1]: Stopping Fingerprint Authentication Daemon...
2月 21 19:50:53 ree-virtual-machine systemd[1]: fprintd.service: Deactivated successfully.
2月 21 19:50:53 ree-virtual-machine systemd[1]: Stopped Fingerprint Authentication Daemon.
-- Boot 9ce45ab8fa0345b987fea497f44c5051 --
3月 10 20:00:48 ree-virtual-machine systemd[1]: Starting Fingerprint Authentication Daemon...
3月 10 20:00:48 ree-virtual-machine systemd[1]: Started Fingerprint Authentication Daemon.
3月 10 20:01:17 ree-virtual-machine systemd[1]: fprintd.service: Deactivated successfully.
3月 10 20:03:48 ree-virtual-machine systemd[1]: Starting Fingerprint Authentication Daemon...
3月 10 20:03:48 ree-virtual-machine systemd[1]: Started Fingerprint Authentication Daemon.
3月 10 20:04:18 ree-virtual-machine systemd[1]: fprintd.service: Deactivated successfully.
-- Boot 78840721b8c14d03929c91da9cf2989f --
3月 15 11:06:39 ree-virtual-machine systemd[1]: Starting Fingerprint Authentication Daemon...
3月 15 11:06:39 ree-virtual-machine systemd[1]: Started Fingerprint Authentication Daemon.
3月 15 11:07:05 ree-virtual-machine systemd[1]: fprintd.service: Deactivated successfully.
3月 15 11:09:24 ree-virtual-machine systemd[1]: Starting Fingerprint Authentication Daemon...
3月 15 11:09:24 ree-virtual-machine systemd[1]: Started Fingerprint Authentication Daemon.
3月 15 11:09:54 ree-virtual-machine systemd[1]: fprintd.service: Deactivated successfully.
-- Boot ca9b2e5e215f4f3fbeb8e0a2983e83e6 --
3月 22 19:20:04 ree-virtual-machine systemd[1]: Starting Fingerprint Authentication Daemon...
3月 22 19:20:04 ree-virtual-machine systemd[1]: Started Fingerprint Authentication Daemon.
3月 22 19:20:32 ree-virtual-machine systemd[1]: fprintd.service: Deactivated successfully.
3月 22 19:20:50 ree-virtual-machine systemd[1]: Starting Fingerprint Authentication Daemon...
3月 22 19:20:50 ree-virtual-machine systemd[1]: Started Fingerprint Authentication Daemon.
3月 22 19:21:21 ree-virtual-machine systemd[1]: fprintd.service: Deactivated successfully.
-- Boot ee7967cec9534f4aa0162aa833ebf2b7 --
3月 22 19:56:30 ree-virtual-machine systemd[1]: Starting Fingerprint Authentication Daemon...
3月 22 19:56:31 ree-virtual-machine systemd[1]: Started Fingerprint Authentication Daemon.
3月 22 19:57:01 ree-virtual-machine systemd[1]: fprintd.service: Deactivated successfully.
3月 22 20:34:27 ree-virtual-machine systemd[1]: Starting Fingerprint Authentication Daemon...
3月 22 20:34:27 ree-virtual-machine systemd[1]: Started Fingerprint Authentication Daemon.
3月 22 20:34:57 ree-virtual-machine systemd[1]: fprintd.service: Deactivated successfully.
3月 23 14:22:58 ree-virtual-machine systemd[1]: Starting Fingerprint Authentication Daemon...
3月 23 14:22:58 ree-virtual-machine systemd[1]: Started Fingerprint Authentication Daemon.
3月 23 14:23:29 ree-virtual-machine systemd[1]: fprintd.service: Deactivated successfully.
-- Boot 9e3eeb915f5e4d0aab1fa06627dc238a --
3月 25 22:03:03 ree-virtual-machine systemd[1]: Starting Fingerprint Authentication Daemon...
3月 25 22:03:04 ree-virtual-machine systemd[1]: Started Fingerprint Authentication Daemon.
3月 25 22:03:34 ree-virtual-machine systemd[1]: fprintd.service: Deactivated successfully.
3月 27 16:20:12 ree-virtual-machine systemd[1]: Starting Fingerprint Authentication Daemon...
3月 27 16:20:12 ree-virtual-machine systemd[1]: Started Fingerprint Authentication Daemon.
3月 27 16:20:40 ree-virtual-machine systemd[1]: fprintd.service: Deactivated successfully.
3月 27 17:48:27 ree-virtual-machine systemd[1]: Starting Fingerprint Authentication Daemon...
3月 27 17:48:27 ree-virtual-machine systemd[1]: Started Fingerprint Authentication Daemon.
3月 27 17:48:57 ree-virtual-machine systemd[1]: fprintd.service: Deactivated successfully.
3月 27 18:14:06 ree-virtual-machine systemd[1]: Starting Fingerprint Authentication Daemon...
3月 27 18:14:06 ree-virtual-machine systemd[1]: Started Fingerprint Authentication Daemon.
3月 27 18:14:36 ree-virtual-machine systemd[1]: fprintd.service: Deactivated successfully.
3月 27 18:43:23 ree-virtual-machine systemd[1]: Starting Fingerprint Authentication Daemon...
3月 27 18:43:23 ree-virtual-machine systemd[1]: Started Fingerprint Authentication Daemon.
3月 27 18:43:53 ree-virtual-machine systemd[1]: fprintd.service: Deactivated successfully.
3月 27 21:42:22 ree-virtual-machine systemd[1]: Starting Fingerprint Authentication Daemon...
3月 27 21:42:22 ree-virtual-machine systemd[1]: Started Fingerprint Authentication Daemon.
3月 27 21:42:52 ree-virtual-machine systemd[1]: fprintd.service: Deactivated successfully.
-- Boot cce731051b6244c4a03f32893ae3c956 --
3月 28 10:31:08 ree-virtual-machine systemd[1]: Starting Fingerprint Authentication Daemon...
3月 28 10:31:08 ree-virtual-machine systemd[1]: Started Fingerprint Authentication Daemon.
3月 28 10:31:37 ree-virtual-machine systemd[1]: fprintd.service: Deactivated successfully.
3月 28 10:37:42 ree-virtual-machine systemd[1]: Starting Fingerprint Authentication Daemon...
3月 28 10:37:42 ree-virtual-machine systemd[1]: Started Fingerprint Authentication Daemon.
3月 28 10:38:12 ree-virtual-machine systemd[1]: fprintd.service: Deactivated successfully.
3月 28 10:48:42 ree-virtual-machine systemd[1]: Starting Fingerprint Authentication Daemon...
3月 28 10:48:42 ree-virtual-machine systemd[1]: Started Fingerprint Authentication Daemon.
3月 28 10:49:12 ree-virtual-machine systemd[1]: fprintd.service: Deactivated successfully.
3月 28 13:50:53 ree-virtual-machine systemd[1]: Starting Fingerprint Authentication Daemon...
3月 28 13:50:53 ree-virtual-machine systemd[1]: Started Fingerprint Authentication Daemon.
3月 28 13:51:24 ree-virtual-machine systemd[1]: fprintd.service: Deactivated successfully.
3月 28 15:45:39 ree-virtual-machine systemd[1]: Starting Fingerprint Authentication Daemon...
3月 28 15:45:39 ree-virtual-machine systemd[1]: Started Fingerprint Authentication Daemon.
3月 28 15:46:10 ree-virtual-machine systemd[1]: fprintd.service: Deactivated successfully.
3月 28 16:56:52 ree-virtual-machine systemd[1]: Starting Fingerprint Authentication Daemon...
3月 28 16:56:52 ree-virtual-machine systemd[1]: Started Fingerprint Authentication Daemon.
3月 28 16:57:22 ree-virtual-machine systemd[1]: fprintd.service: Deactivated successfully.
3月 28 17:33:37 ree-virtual-machine systemd[1]: Starting Fingerprint Authentication Daemon...
3月 28 17:33:37 ree-virtual-machine systemd[1]: Started Fingerprint Authentication Daemon.
3月 28 17:34:07 ree-virtual-machine systemd[1]: fprintd.service: Deactivated successfully.
3月 28 18:39:39 ree-virtual-machine systemd[1]: Starting Fingerprint Authentication Daemon...
3月 28 18:39:40 ree-virtual-machine systemd[1]: Started Fingerprint Authentication Daemon.
3月 28 18:40:10 ree-virtual-machine systemd[1]: fprintd.service: Deactivated successfully.
3月 28 19:12:49 ree-virtual-machine systemd[1]: Starting Fingerprint Authentication Daemon...
3月 28 19:12:49 ree-virtual-machine systemd[1]: Started Fingerprint Authentication Daemon.
3月 28 19:13:20 ree-virtual-machine systemd[1]: fprintd.service: Deactivated successfully.
3月 28 21:33:11 ree-virtual-machine systemd[1]: Starting Fingerprint Authentication Daemon...
3月 28 21:33:11 ree-virtual-machine systemd[1]: Started Fingerprint Authentication Daemon.
3月 28 21:33:42 ree-virtual-machine systemd[1]: fprintd.service: Deactivated successfully.
3月 28 23:21:13 ree-virtual-machine systemd[1]: Starting Fingerprint Authentication Daemon...
3月 28 23:21:13 ree-virtual-machine systemd[1]: Started Fingerprint Authentication Daemon.
3月 28 23:21:44 ree-virtual-machine systemd[1]: fprintd.service: Deactivated successfully.
3月 29 00:32:47 ree-virtual-machine systemd[1]: Starting Fingerprint Authentication Daemon...
3月 29 00:32:47 ree-virtual-machine fprintd[23190]: Failed to install a sleep delay inhibitor: GDBus.Error:org.freedesktop.login1.OperationInProgress: The operation inhibition has been requested for is already running
3月 29 00:32:47 ree-virtual-machine systemd[1]: Started Fingerprint Authentication Daemon.
-- Boot 2a886fae77824755a4d8c5453e54eec8 --
3月 29 11:43:35 ree-virtual-machine systemd[1]: Starting Fingerprint Authentication Daemon...
3月 29 11:43:36 ree-virtual-machine systemd[1]: Started Fingerprint Authentication Daemon.
3月 29 11:44:06 ree-virtual-machine systemd[1]: fprintd.service: Deactivated successfully.
3月 29 12:37:28 ree-virtual-machine systemd[1]: Starting Fingerprint Authentication Daemon...
3月 29 12:37:28 ree-virtual-machine systemd[1]: Started Fingerprint Authentication Daemon.
3月 29 12:37:58 ree-virtual-machine systemd[1]: fprintd.service: Deactivated successfully.
-- Boot bb0991777ac541be83385906c043308d --
3月 29 12:42:43 ree-virtual-machine systemd[1]: Starting Fingerprint Authentication Daemon...
3月 29 12:42:44 ree-virtual-machine systemd[1]: Started Fingerprint Authentication Daemon.
3月 29 12:43:14 ree-virtual-machine systemd[1]: fprintd.service: Deactivated successfully.
3月 29 12:43:23 ree-virtual-machine systemd[1]: Starting Fingerprint Authentication Daemon...
3月 29 12:43:23 ree-virtual-machine systemd[1]: Started Fingerprint Authentication Daemon.
3月 29 12:43:54 ree-virtual-machine systemd[1]: fprintd.service: Deactivated successfully.
-- Boot d7712a95bc0b49358ac3d7c9a0282431 --
3月 29 13:18:50 ree-virtual-machine systemd[1]: Starting Fingerprint Authentication Daemon...
3月 29 13:18:50 ree-virtual-machine systemd[1]: Started Fingerprint Authentication Daemon.
3月 29 13:19:20 ree-virtual-machine systemd[1]: fprintd.service: Deactivated successfully.
3月 29 13:19:45 ree-virtual-machine systemd[1]: Starting Fingerprint Authentication Daemon...
3月 29 13:19:45 ree-virtual-machine systemd[1]: Started Fingerprint Authentication Daemon.
3月 29 13:20:15 ree-virtual-machine systemd[1]: fprintd.service: Deactivated successfully.
-- Boot 19b4dd46eb7b4597999d4311a7fcd580 --
3月 29 13:24:47 ree-virtual-machine systemd[1]: Starting Fingerprint Authentication Daemon...
3月 29 13:24:47 ree-virtual-machine systemd[1]: Started Fingerprint Authentication Daemon.
3月 29 13:25:18 ree-virtual-machine systemd[1]: fprintd.service: Deactivated successfully.
3月 29 13:35:37 ree-virtual-machine systemd[1]: Starting Fingerprint Authentication Daemon...
3月 29 13:35:38 ree-virtual-machine systemd[1]: Started Fingerprint Authentication Daemon.
3月 29 13:36:08 ree-virtual-machine systemd[1]: fprintd.service: Deactivated successfully.
3月 29 15:01:06 ree-virtual-machine systemd[1]: Starting Fingerprint Authentication Daemon...
3月 29 15:01:06 ree-virtual-machine systemd[1]: Started Fingerprint Authentication Daemon.
3月 29 15:01:36 ree-virtual-machine systemd[1]: fprintd.service: Deactivated successfully.
3月 29 15:26:30 ree-virtual-machine systemd[1]: Starting Fingerprint Authentication Daemon...
3月 29 15:26:30 ree-virtual-machine systemd[1]: Started Fingerprint Authentication Daemon.
3月 29 15:27:01 ree-virtual-machine systemd[1]: fprintd.service: Deactivated successfully.
-- Boot 9d814a28020a4d1b8dc1b211140df378 --
3月 30 14:04:57 ree-virtual-machine systemd[1]: Starting Fingerprint Authentication Daemon...
3月 30 14:04:57 ree-virtual-machine systemd[1]: Started Fingerprint Authentication Daemon.
3月 30 14:05:28 ree-virtual-machine systemd[1]: fprintd.service: Deactivated successfully.
3月 30 14:51:52 ree-virtual-machine systemd[1]: Starting Fingerprint Authentication Daemon...
3月 30 14:51:52 ree-virtual-machine systemd[1]: Started Fingerprint Authentication Daemon.
3月 30 14:52:22 ree-virtual-machine systemd[1]: fprintd.service: Deactivated successfully.
3月 30 14:52:36 ree-virtual-machine systemd[1]: Starting Fingerprint Authentication Daemon...
3月 30 14:52:36 ree-virtual-machine systemd[1]: Started Fingerprint Authentication Daemon.
3月 30 14:53:06 ree-virtual-machine systemd[1]: fprintd.service: Deactivated successfully.
-- Boot 84aa09a898d145c7a959de6db29053d7 --
3月 30 15:02:24 ree-virtual-machine systemd[1]: Starting Fingerprint Authentication Daemon...
3月 30 15:02:24 ree-virtual-machine systemd[1]: Started Fingerprint Authentication Daemon.
3月 30 15:02:52 ree-virtual-machine systemd[1]: Stopping Fingerprint Authentication Daemon...
3月 30 15:02:52 ree-virtual-machine systemd[1]: fprintd.service: Deactivated successfully.
3月 30 15:02:52 ree-virtual-machine systemd[1]: Stopped Fingerprint Authentication Daemon.
-- Boot aa4829cf4bad48fb9f7b1a4eb947f5c0 --
3月 30 15:03:30 ree-virtual-machine systemd[1]: Starting Fingerprint Authentication Daemon...
3月 30 15:03:30 ree-virtual-machine systemd[1]: Started Fingerprint Authentication Daemon.
3月 30 15:03:35 ree-virtual-machine systemd[1]: Stopping Fingerprint Authentication Daemon...
3月 30 15:03:36 ree-virtual-machine systemd[1]: fprintd.service: Deactivated successfully.
3月 30 15:03:36 ree-virtual-machine systemd[1]: Stopped Fingerprint Authentication Daemon.
-- Boot 00a7e42d2b624b439bea376a3bc361f1 --
3月 30 15:14:17 ree-virtual-machine systemd[1]: Starting Fingerprint Authentication Daemon...
3月 30 15:14:17 ree-virtual-machine systemd[1]: Started Fingerprint Authentication Daemon.
3月 30 15:14:47 ree-virtual-machine systemd[1]: fprintd.service: Deactivated successfully.
-- Boot 1516c1af27714148858b849306510739 --
3月 30 15:23:29 ree-virtual-machine systemd[1]: Starting Fingerprint Authentication Daemon...
3月 30 15:23:29 ree-virtual-machine systemd[1]: Started Fingerprint Authentication Daemon.
3月 30 15:23:59 ree-virtual-machine systemd[1]: fprintd.service: Deactivated successfully.
-- Boot 9069828abd4b41e5829b4880b07ecdde --
3月 30 15:38:56 ree-virtual-machine systemd[1]: Starting Fingerprint Authentication Daemon...
3月 30 15:38:56 ree-virtual-machine systemd[1]: Started Fingerprint Authentication Daemon.
3月 30 15:39:26 ree-virtual-machine systemd[1]: fprintd.service: Deactivated successfully.
-- Boot 76e16ebfbeab47788bc4dd8853d9fe7e --
3月 30 17:34:23 ree-virtual-machine systemd[1]: Starting Fingerprint Authentication Daemon...
3月 30 17:34:23 ree-virtual-machine systemd[1]: Started Fingerprint Authentication Daemon.
3月 30 17:34:53 ree-virtual-machine systemd[1]: fprintd.service: Deactivated successfully.
3月 30 18:25:04 ree-virtual-machine systemd[1]: Starting Fingerprint Authentication Daemon...
3月 30 18:25:04 ree-virtual-machine systemd[1]: Started Fingerprint Authentication Daemon.
3月 30 18:25:34 ree-virtual-machine systemd[1]: fprintd.service: Deactivated successfully.
3月 30 18:28:33 ree-virtual-machine systemd[1]: Starting Fingerprint Authentication Daemon...
3月 30 18:28:33 ree-virtual-machine systemd[1]: Started Fingerprint Authentication Daemon.
3月 30 18:29:03 ree-virtual-machine systemd[1]: fprintd.service: Deactivated successfully.
-- Boot e249c720d58849269d73a22f14ee6fb9 --
3月 30 20:32:35 ree-virtual-machine systemd[1]: Starting Fingerprint Authentication Daemon...
3月 30 20:32:35 ree-virtual-machine systemd[1]: Started Fingerprint Authentication Daemon.
3月 30 20:33:05 ree-virtual-machine systemd[1]: fprintd.service: Deactivated successfully.
3月 30 21:22:45 ree-virtual-machine systemd[1]: Starting Fingerprint Authentication Daemon...
3月 30 21:22:45 ree-virtual-machine systemd[1]: Started Fingerprint Authentication Daemon.
3月 30 21:23:15 ree-virtual-machine systemd[1]: fprintd.service: Deactivated successfully.
-- Boot 9ccccf2adff74839b8fba49d83281f8b --
3月 30 22:53:47 ree-virtual-machine systemd[1]: Starting Fingerprint Authentication Daemon...
3月 30 22:53:47 ree-virtual-machine systemd[1]: Started Fingerprint Authentication Daemon.
3月 30 22:54:16 ree-virtual-machine systemd[1]: fprintd.service: Deactivated successfully.
3月 30 22:54:34 ree-virtual-machine systemd[1]: Starting Fingerprint Authentication Daemon...
3月 30 22:54:34 ree-virtual-machine systemd[1]: Started Fingerprint Authentication Daemon.
3月 30 22:55:04 ree-virtual-machine systemd[1]: fprintd.service: Deactivated successfully.
3月 30 23:30:20 ree-virtual-machine systemd[1]: Starting Fingerprint Authentication Daemon...
3月 30 23:30:20 ree-virtual-machine systemd[1]: Started Fingerprint Authentication Daemon.
3月 30 23:30:42 ree-virtual-machine systemd[1]: Stopping Fingerprint Authentication Daemon...
3月 30 23:30:42 ree-virtual-machine systemd[1]: fprintd.service: Deactivated successfully.
3月 30 23:30:42 ree-virtual-machine systemd[1]: Stopped Fingerprint Authentication Daemon.
-- Boot 308f7b0f7a274f0bb6200973f34667b6 --
3月 31 00:22:31 ree-virtual-machine systemd[1]: Starting Fingerprint Authentication Daemon...
3月 31 00:22:31 ree-virtual-machine systemd[1]: Started Fingerprint Authentication Daemon.
3月 31 00:23:00 ree-virtual-machine systemd[1]: fprintd.service: Deactivated successfully.
-- Boot d85c7c53e5114994bc2f0f623b3af509 --
3月 31 19:12:19 ree-virtual-machine systemd[1]: Starting Fingerprint Authentication Daemon...
3月 31 19:12:20 ree-virtual-machine systemd[1]: Started Fingerprint Authentication Daemon.
3月 31 19:12:50 ree-virtual-machine systemd[1]: fprintd.service: Deactivated successfully.
3月 31 19:27:40 ree-virtual-machine systemd[1]: Starting Fingerprint Authentication Daemon...
3月 31 19:27:41 ree-virtual-machine systemd[1]: Started Fingerprint Authentication Daemon.
3月 31 19:28:11 ree-virtual-machine systemd[1]: fprintd.service: Deactivated successfully.
3月 31 19:35:17 ree-virtual-machine systemd[1]: Starting Fingerprint Authentication Daemon...
3月 31 19:35:17 ree-virtual-machine systemd[1]: Started Fingerprint Authentication Daemon.
3月 31 19:35:33 ree-virtual-machine systemd[1]: Stopping Fingerprint Authentication Daemon...
3月 31 19:35:33 ree-virtual-machine systemd[1]: fprintd.service: Deactivated successfully.
3月 31 19:35:33 ree-virtual-machine systemd[1]: Stopped Fingerprint Authentication Daemon.
-- Boot 09785a07d95540b1ad518945fbcc300d --
3月 31 19:43:53 ree-virtual-machine systemd[1]: Starting Fingerprint Authentication Daemon...
3月 31 19:43:53 ree-virtual-machine systemd[1]: Started Fingerprint Authentication Daemon.
3月 31 19:44:23 ree-virtual-machine systemd[1]: fprintd.service: Deactivated successfully.
-- Boot 436dee14f55b451a880859c1f76478af --
3月 31 21:10:06 ree-virtual-machine systemd[1]: Starting Fingerprint Authentication Daemon...
3月 31 21:10:06 ree-virtual-machine systemd[1]: Started Fingerprint Authentication Daemon.
3月 31 21:10:36 ree-virtual-machine systemd[1]: fprintd.service: Deactivated successfully.
3月 31 21:16:49 ree-virtual-machine systemd[1]: Starting Fingerprint Authentication Daemon...
3月 31 21:16:49 ree-virtual-machine systemd[1]: Started Fingerprint Authentication Daemon.
3月 31 21:17:19 ree-virtual-machine systemd[1]: fprintd.service: Deactivated successfully.
-- Boot e2fd3a66bd3b4bd68261cb94d3fee451 --
4月 04 12:20:50 ree-virtual-machine systemd[1]: Starting Fingerprint Authentication Daemon...
4月 04 12:20:50 ree-virtual-machine systemd[1]: Started Fingerprint Authentication Daemon.
4月 04 12:21:18 ree-virtual-machine systemd[1]: fprintd.service: Deactivated successfully.
4月 04 17:33:10 ree-virtual-machine systemd[1]: Starting Fingerprint Authentication Daemon...
4月 04 17:33:10 ree-virtual-machine systemd[1]: Started Fingerprint Authentication Daemon.
4月 04 17:33:45 ree-virtual-machine systemd[1]: fprintd.service: Deactivated successfully.
-- Boot 25dbee67bff049baa23eecea014b8763 --
4月 04 17:35:57 ree-virtual-machine systemd[1]: Starting Fingerprint Authentication Daemon...
4月 04 17:35:57 ree-virtual-machine systemd[1]: Started Fingerprint Authentication Daemon.
4月 04 17:36:25 ree-virtual-machine systemd[1]: fprintd.service: Deactivated successfully.
4月 04 17:36:39 ree-virtual-machine systemd[1]: Starting Fingerprint Authentication Daemon...
4月 04 17:36:39 ree-virtual-machine systemd[1]: Started Fingerprint Authentication Daemon.
4月 04 17:37:09 ree-virtual-machine systemd[1]: fprintd.service: Deactivated successfully.
4月 04 19:54:04 ree-virtual-machine systemd[1]: Starting Fingerprint Authentication Daemon...
4月 04 19:54:04 ree-virtual-machine systemd[1]: Started Fingerprint Authentication Daemon.
4月 04 19:54:35 ree-virtual-machine systemd[1]: fprintd.service: Deactivated successfully.
-- Boot 0d532a9de8ef4df1a92a1cc3f8ce562d --
4月 09 19:14:37 ree-virtual-machine systemd[1]: Starting Fingerprint Authentication Daemon...
4月 09 19:14:37 ree-virtual-machine systemd[1]: Started Fingerprint Authentication Daemon.
4月 09 19:15:03 ree-virtual-machine systemd[1]: fprintd.service: Deactivated successfully.
-- Boot 66c095c2b40d4348bbbaa9bd9371fd5b --
4月 09 19:21:24 ree-virtual-machine systemd[1]: Starting Fingerprint Authentication Daemon...
4月 09 19:21:24 ree-virtual-machine systemd[1]: Started Fingerprint Authentication Daemon.
4月 09 19:21:51 ree-virtual-machine systemd[1]: fprintd.service: Deactivated successfully.
4月 09 19:49:07 ree-virtual-machine systemd[1]: Starting Fingerprint Authentication Daemon...
4月 09 19:49:07 ree-virtual-machine systemd[1]: Started Fingerprint Authentication Daemon.
4月 09 19:49:37 ree-virtual-machine systemd[1]: fprintd.service: Deactivated successfully.
4月 09 20:40:11 ree-virtual-machine systemd[1]: Starting Fingerprint Authentication Daemon...
4月 09 20:40:11 ree-virtual-machine systemd[1]: Started Fingerprint Authentication Daemon.
4月 09 20:40:41 ree-virtual-machine systemd[1]: fprintd.service: Deactivated successfully.
4月 09 21:44:03 ree-virtual-machine systemd[1]: Starting Fingerprint Authentication Daemon...
4月 09 21:44:03 ree-virtual-machine systemd[1]: Started Fingerprint Authentication Daemon.
4月 09 21:44:17 ree-virtual-machine systemd[1]: Stopping Fingerprint Authentication Daemon...
4月 09 21:44:17 ree-virtual-machine systemd[1]: fprintd.service: Deactivated successfully.
4月 09 21:44:17 ree-virtual-machine systemd[1]: Stopped Fingerprint Authentication Daemon.
-- Boot 125b443d38b7450fbc1c404530e9dc9e --
4月 12 11:22:05 ree-virtual-machine systemd[1]: Starting Fingerprint Authentication Daemon...
4月 12 11:22:05 ree-virtual-machine systemd[1]: Started Fingerprint Authentication Daemon.
4月 12 11:22:34 ree-virtual-machine systemd[1]: fprintd.service: Deactivated successfully.
4月 12 11:28:19 ree-virtual-machine systemd[1]: Starting Fingerprint Authentication Daemon...
4月 12 11:28:19 ree-virtual-machine systemd[1]: Started Fingerprint Authentication Daemon.
4月 12 11:28:49 ree-virtual-machine systemd[1]: fprintd.service: Deactivated successfully.
4月 12 12:31:17 ree-virtual-machine systemd[1]: Starting Fingerprint Authentication Daemon...
4月 12 12:31:17 ree-virtual-machine systemd[1]: Started Fingerprint Authentication Daemon.
4月 12 12:31:43 ree-virtual-machine systemd[1]: Stopping Fingerprint Authentication Daemon...
4月 12 12:31:43 ree-virtual-machine systemd[1]: fprintd.service: Deactivated successfully.
4月 12 12:31:43 ree-virtual-machine systemd[1]: Stopped Fingerprint Authentication Daemon.
-- Boot e043495edc834fd3b8de378cf5b742ab --
4月 12 12:32:41 ree-virtual-machine systemd[1]: Starting Fingerprint Authentication Daemon...
4月 12 12:32:41 ree-virtual-machine systemd[1]: Started Fingerprint Authentication Daemon.
4月 12 12:33:11 ree-virtual-machine systemd[1]: fprintd.service: Deactivated successfully.
4月 12 12:33:32 ree-virtual-machine systemd[1]: Starting Fingerprint Authentication Daemon...
4月 12 12:33:32 ree-virtual-machine systemd[1]: Started Fingerprint Authentication Daemon.
4月 12 12:34:02 ree-virtual-machine systemd[1]: fprintd.service: Deactivated successfully.
4月 12 13:11:45 ree-virtual-machine systemd[1]: Starting Fingerprint Authentication Daemon...
4月 12 13:11:45 ree-virtual-machine systemd[1]: Started Fingerprint Authentication Daemon.
4月 12 13:12:16 ree-virtual-machine systemd[1]: fprintd.service: Deactivated successfully.
-- Boot 9296bd89129642f58a1e422116180a89 --
4月 12 19:33:21 ree-virtual-machine systemd[1]: Starting Fingerprint Authentication Daemon...
4月 12 19:33:22 ree-virtual-machine systemd[1]: Started Fingerprint Authentication Daemon.
4月 12 19:33:51 ree-virtual-machine systemd[1]: fprintd.service: Deactivated successfully.
-- Boot e44af90cbb3e49179059ad1de25c45d0 --
4月 12 21:31:09 ree-virtual-machine systemd[1]: Starting Fingerprint Authentication Daemon...
4月 12 21:31:09 ree-virtual-machine systemd[1]: Started Fingerprint Authentication Daemon.
4月 12 21:34:38 ree-virtual-machine systemd[1]: fprintd.service: Deactivated successfully.
-- Boot 670c3aae65b84f6c8708951f52467260 --
4月 12 21:49:16 ree-virtual-machine systemd[1]: Starting Fingerprint Authentication Daemon...
4月 12 21:49:16 ree-virtual-machine systemd[1]: Started Fingerprint Authentication Daemon.
4月 12 21:49:47 ree-virtual-machine systemd[1]: fprintd.service: Deactivated successfully.
4月 12 21:50:04 ree-virtual-machine systemd[1]: Starting Fingerprint Authentication Daemon...
4月 12 21:50:04 ree-virtual-machine systemd[1]: Started Fingerprint Authentication Daemon.
4月 12 21:50:34 ree-virtual-machine systemd[1]: fprintd.service: Deactivated successfully.
-- Boot 73255c0c6dec4ce4bca99ec2ceb12507 --
4月 12 21:53:30 ree-virtual-machine systemd[1]: Starting Fingerprint Authentication Daemon...
4月 12 21:53:30 ree-virtual-machine systemd[1]: Started Fingerprint Authentication Daemon.
4月 12 21:54:02 ree-virtual-machine systemd[1]: fprintd.service: Deactivated successfully.
4月 13 00:01:24 ree-virtual-machine systemd[1]: Starting Fingerprint Authentication Daemon...
4月 13 00:01:24 ree-virtual-machine systemd[1]: Started Fingerprint Authentication Daemon.
4月 13 00:01:54 ree-virtual-machine systemd[1]: fprintd.service: Deactivated successfully.
-- Boot ab354c8c35ec46309c3d583c22d4722e --
4月 13 11:49:21 ree-virtual-machine systemd[1]: Starting Fingerprint Authentication Daemon...
4月 13 11:49:21 ree-virtual-machine systemd[1]: Started Fingerprint Authentication Daemon.
4月 13 11:49:49 ree-virtual-machine systemd[1]: fprintd.service: Deactivated successfully.
4月 13 13:04:06 ree-virtual-machine systemd[1]: Starting Fingerprint Authentication Daemon...
4月 13 13:04:06 ree-virtual-machine systemd[1]: Started Fingerprint Authentication Daemon.
4月 13 13:04:36 ree-virtual-machine systemd[1]: fprintd.service: Deactivated successfully.
4月 13 20:21:26 ree-virtual-machine systemd[1]: Starting Fingerprint Authentication Daemon...
4月 13 20:21:26 ree-virtual-machine systemd[1]: Started Fingerprint Authentication Daemon.
4月 13 20:21:57 ree-virtual-machine systemd[1]: fprintd.service: Deactivated successfully.
-- Boot 1223bb12cf164754a34338b3879bc416 --
4月 13 20:22:55 ree-virtual-machine systemd[1]: Starting Fingerprint Authentication Daemon...
4月 13 20:22:55 ree-virtual-machine systemd[1]: Started Fingerprint Authentication Daemon.
4月 13 20:23:25 ree-virtual-machine systemd[1]: fprintd.service: Deactivated successfully.
4月 13 20:23:38 ree-virtual-machine systemd[1]: Starting Fingerprint Authentication Daemon...
4月 13 20:23:38 ree-virtual-machine systemd[1]: Started Fingerprint Authentication Daemon.
4月 13 20:24:08 ree-virtual-machine systemd[1]: fprintd.service: Deactivated successfully.
-- Boot eedc866258b546db86377bdd16f52c6c --
4月 13 23:33:04 ree-virtual-machine systemd[1]: Starting Fingerprint Authentication Daemon...
4月 13 23:33:04 ree-virtual-machine systemd[1]: Started Fingerprint Authentication Daemon.
4月 13 23:33:34 ree-virtual-machine systemd[1]: fprintd.service: Deactivated successfully.
-- Boot 6336d5d01d9d47a1a84a86d400678bbe --
4月 14 18:40:08 ree-virtual-machine systemd[1]: Starting Fingerprint Authentication Daemon...
4月 14 18:40:08 ree-virtual-machine systemd[1]: Started Fingerprint Authentication Daemon.
4月 14 18:40:39 ree-virtual-machine systemd[1]: fprintd.service: Deactivated successfully.
4月 14 19:04:41 ree-virtual-machine systemd[1]: Starting Fingerprint Authentication Daemon...
4月 14 19:04:42 ree-virtual-machine systemd[1]: Started Fingerprint Authentication Daemon.
4月 14 19:05:12 ree-virtual-machine systemd[1]: fprintd.service: Deactivated successfully.
-- Boot 00425514c17e404db4cc5611a8f55ed9 --
4月 14 21:28:26 ree-virtual-machine systemd[1]: Starting Fingerprint Authentication Daemon...
4月 14 21:28:26 ree-virtual-machine systemd[1]: Started Fingerprint Authentication Daemon.
4月 14 21:28:56 ree-virtual-machine systemd[1]: fprintd.service: Deactivated successfully.
4月 15 00:16:50 ree-virtual-machine systemd[1]: Starting Fingerprint Authentication Daemon...
4月 15 00:16:51 ree-virtual-machine systemd[1]: Started Fingerprint Authentication Daemon.
4月 15 00:17:21 ree-virtual-machine systemd[1]: fprintd.service: Deactivated successfully.
4月 15 00:44:21 ree-virtual-machine systemd[1]: Starting Fingerprint Authentication Daemon...
4月 15 00:44:21 ree-virtual-machine systemd[1]: Started Fingerprint Authentication Daemon.
4月 15 00:44:52 ree-virtual-machine systemd[1]: fprintd.service: Deactivated successfully.
-- Boot ac6742caea064674b1504bee9f2e0abd --
4月 15 11:41:51 ree-virtual-machine systemd[1]: Starting Fingerprint Authentication Daemon...
4月 15 11:41:51 ree-virtual-machine systemd[1]: Started Fingerprint Authentication Daemon.
4月 15 11:42:21 ree-virtual-machine systemd[1]: fprintd.service: Deactivated successfully.
4月 15 13:25:39 ree-virtual-machine systemd[1]: Starting Fingerprint Authentication Daemon...
4月 15 13:25:39 ree-virtual-machine systemd[1]: Started Fingerprint Authentication Daemon.
4月 15 13:26:09 ree-virtual-machine systemd[1]: fprintd.service: Deactivated successfully.

