2月 20 18:38:47 ree-virtual-machine systemd[1]: Starting Network Time Synchronization...
2月 20 18:38:47 ree-virtual-machine systemd[1]: Started Network Time Synchronization.
2月 20 18:39:18 ree-virtual-machine systemd-timesyncd[662]: Initial synchronization to time server 185.125.190.57:123 (ntp.ubuntu.com).
2月 20 18:51:46 ree-virtual-machine systemd[1]: Stopping Network Time Synchronization...
2月 20 18:51:46 ree-virtual-machine systemd[1]: systemd-timesyncd.service: Deactivated successfully.
2月 20 18:51:46 ree-virtual-machine systemd[1]: Stopped Network Time Synchronization.
2月 20 18:51:46 ree-virtual-machine systemd[1]: Starting Network Time Synchronization...
2月 20 18:51:46 ree-virtual-machine systemd[1]: Started Network Time Synchronization.
2月 20 18:51:46 ree-virtual-machine systemd-timesyncd[28909]: Initial synchronization to time server 91.189.94.4:123 (ntp.ubuntu.com).
2月 20 18:52:48 ree-virtual-machine systemd[1]: Stopping Network Time Synchronization...
2月 20 18:52:48 ree-virtual-machine systemd[1]: systemd-timesyncd.service: Deactivated successfully.
2月 20 18:52:48 ree-virtual-machine systemd[1]: Stopped Network Time Synchronization.
-- Boot 59a08585a9874716bda9035a442e266a --
2月 20 18:52:55 ree-virtual-machine systemd[1]: Starting Network Time Synchronization...
2月 20 18:52:55 ree-virtual-machine systemd[1]: Started Network Time Synchronization.
2月 20 18:53:26 ree-virtual-machine systemd-timesyncd[698]: Initial synchronization to time server 185.125.190.58:123 (ntp.ubuntu.com).
-- Boot 4e50f35765d14836ba11bf87868d3690 --
2月 21 18:32:15 ree-virtual-machine systemd[1]: Starting Network Time Synchronization...
2月 21 18:32:15 ree-virtual-machine systemd[1]: Started Network Time Synchronization.
2月 21 18:32:46 ree-virtual-machine systemd-timesyncd[703]: Initial synchronization to time server 185.125.190.57:123 (ntp.ubuntu.com).
2月 21 18:42:18 ree-virtual-machine systemd[1]: Stopping Network Time Synchronization...
2月 21 18:42:18 ree-virtual-machine systemd[1]: systemd-timesyncd.service: Deactivated successfully.
2月 21 18:42:18 ree-virtual-machine systemd[1]: Stopped Network Time Synchronization.
-- Boot 378ef5fc52a64e67810e6fa7a9ee31e6 --
2月 21 18:42:26 ree-virtual-machine systemd[1]: Starting Network Time Synchronization...
2月 21 18:42:26 ree-virtual-machine systemd[1]: Started Network Time Synchronization.
2月 21 18:42:57 ree-virtual-machine systemd-timesyncd[763]: Initial synchronization to time server 185.125.190.57:123 (ntp.ubuntu.com).
2月 21 19:01:36 ree-virtual-machine systemd[1]: Stopping Network Time Synchronization...
2月 21 19:01:36 ree-virtual-machine systemd[1]: systemd-timesyncd.service: Deactivated successfully.
2月 21 19:01:36 ree-virtual-machine systemd[1]: Stopped Network Time Synchronization.
-- Boot 48d666794bf9483ca7ebe0e999848072 --
2月 21 19:01:44 ree-virtual-machine systemd[1]: Starting Network Time Synchronization...
2月 21 19:01:44 ree-virtual-machine systemd[1]: Started Network Time Synchronization.
2月 21 19:02:14 ree-virtual-machine systemd-timesyncd[780]: Initial synchronization to time server 91.189.94.4:123 (ntp.ubuntu.com).
2月 21 19:02:29 ree-virtual-machine systemd[1]: Stopping Network Time Synchronization...
2月 21 19:02:29 ree-virtual-machine systemd[1]: systemd-timesyncd.service: Deactivated successfully.
2月 21 19:02:29 ree-virtual-machine systemd[1]: Stopped Network Time Synchronization.
-- Boot a0299816d1d24b8ab70b7c10b1502239 --
2月 21 19:02:36 ree-virtual-machine systemd[1]: Starting Network Time Synchronization...
2月 21 19:02:36 ree-virtual-machine systemd[1]: Started Network Time Synchronization.
2月 21 19:03:07 ree-virtual-machine systemd-timesyncd[701]: Initial synchronization to time server 91.189.94.4:123 (ntp.ubuntu.com).
2月 21 19:17:47 ree-virtual-machine systemd[1]: Stopping Network Time Synchronization...
2月 21 19:17:47 ree-virtual-machine systemd[1]: systemd-timesyncd.service: Deactivated successfully.
2月 21 19:17:47 ree-virtual-machine systemd[1]: Stopped Network Time Synchronization.
-- Boot 7319c95352634624b166e30456e7d6e8 --
2月 21 19:17:55 ree-virtual-machine systemd[1]: Starting Network Time Synchronization...
2月 21 19:17:55 ree-virtual-machine systemd[1]: Started Network Time Synchronization.
2月 21 19:18:25 ree-virtual-machine systemd-timesyncd[782]: Initial synchronization to time server 91.189.91.157:123 (ntp.ubuntu.com).
2月 21 19:23:03 ree-virtual-machine systemd[1]: Stopping Network Time Synchronization...
2月 21 19:23:03 ree-virtual-machine systemd[1]: systemd-timesyncd.service: Deactivated successfully.
2月 21 19:23:03 ree-virtual-machine systemd[1]: Stopped Network Time Synchronization.
-- Boot e6c010b640444a48974c34b34cbf889b --
2月 21 19:23:10 ree-virtual-machine systemd[1]: Starting Network Time Synchronization...
2月 21 19:23:10 ree-virtual-machine systemd[1]: Started Network Time Synchronization.
2月 21 19:23:41 ree-virtual-machine systemd-timesyncd[666]: Initial synchronization to time server 185.125.190.57:123 (ntp.ubuntu.com).
2月 21 19:50:54 ree-virtual-machine systemd[1]: Stopping Network Time Synchronization...
2月 21 19:50:54 ree-virtual-machine systemd[1]: systemd-timesyncd.service: Deactivated successfully.
2月 21 19:50:54 ree-virtual-machine systemd[1]: Stopped Network Time Synchronization.
-- Boot 9ce45ab8fa0345b987fea497f44c5051 --
3月 10 20:00:44 ree-virtual-machine systemd[1]: Starting Network Time Synchronization...
3月 10 20:00:44 ree-virtual-machine systemd[1]: Started Network Time Synchronization.
3月 10 20:01:14 ree-virtual-machine systemd-timesyncd[572]: Initial synchronization to time server 185.125.190.56:123 (ntp.ubuntu.com).
3月 10 20:30:59 ree-virtual-machine systemd[1]: Stopping Network Time Synchronization...
3月 10 20:30:59 ree-virtual-machine systemd[1]: systemd-timesyncd.service: Deactivated successfully.
3月 10 20:30:59 ree-virtual-machine systemd[1]: Stopped Network Time Synchronization.
-- Boot 78840721b8c14d03929c91da9cf2989f --
3月 15 11:06:34 ree-virtual-machine systemd[1]: Starting Network Time Synchronization...
3月 15 11:06:34 ree-virtual-machine systemd[1]: Started Network Time Synchronization.
3月 15 11:07:01 ree-virtual-machine systemd-timesyncd[574]: Initial synchronization to time server 91.189.91.157:123 (ntp.ubuntu.com).
3月 15 11:27:14 ree-virtual-machine systemd[1]: Stopping Network Time Synchronization...
3月 15 11:27:14 ree-virtual-machine systemd[1]: systemd-timesyncd.service: Deactivated successfully.
3月 15 11:27:14 ree-virtual-machine systemd[1]: Stopped Network Time Synchronization.
-- Boot ca9b2e5e215f4f3fbeb8e0a2983e83e6 --
3月 22 19:19:56 ree-virtual-machine systemd[1]: Starting Network Time Synchronization...
3月 22 19:19:56 ree-virtual-machine systemd[1]: Started Network Time Synchronization.
3月 22 19:20:27 ree-virtual-machine systemd-timesyncd[578]: Initial synchronization to time server 185.125.190.56:123 (ntp.ubuntu.com).
3月 22 19:50:01 ree-virtual-machine systemd[1]: Stopping Network Time Synchronization...
3月 22 19:50:01 ree-virtual-machine systemd[1]: systemd-timesyncd.service: Deactivated successfully.
3月 22 19:50:01 ree-virtual-machine systemd[1]: Stopped Network Time Synchronization.
3月 22 19:50:01 ree-virtual-machine systemd[1]: Starting Network Time Synchronization...
3月 22 19:50:01 ree-virtual-machine systemd[1]: Started Network Time Synchronization.
3月 22 19:50:11 ree-virtual-machine systemd-timesyncd[5680]: Timed out waiting for reply from 91.189.94.4:123 (ntp.ubuntu.com).
3月 22 19:50:12 ree-virtual-machine systemd-timesyncd[5680]: Initial synchronization to time server 91.189.91.157:123 (ntp.ubuntu.com).
3月 22 19:56:19 ree-virtual-machine systemd[1]: Stopping Network Time Synchronization...
3月 22 19:56:19 ree-virtual-machine systemd[1]: systemd-timesyncd.service: Deactivated successfully.
3月 22 19:56:19 ree-virtual-machine systemd[1]: Stopped Network Time Synchronization.
-- Boot ee7967cec9534f4aa0162aa833ebf2b7 --
3月 22 19:56:26 ree-virtual-machine systemd[1]: Starting Network Time Synchronization...
3月 22 19:56:26 ree-virtual-machine systemd[1]: Started Network Time Synchronization.
3月 22 19:56:57 ree-virtual-machine systemd-timesyncd[723]: Initial synchronization to time server 185.125.190.58:123 (ntp.ubuntu.com).
-- Boot 9e3eeb915f5e4d0aab1fa06627dc238a --
3月 25 22:02:59 ree-virtual-machine systemd[1]: Starting Network Time Synchronization...
3月 25 22:02:59 ree-virtual-machine systemd[1]: Started Network Time Synchronization.
3月 25 22:03:40 ree-virtual-machine systemd-timesyncd[576]: Timed out waiting for reply from 91.189.91.157:123 (ntp.ubuntu.com).
3月 25 22:03:39 ree-virtual-machine systemd-timesyncd[576]: Initial synchronization to time server 185.125.190.56:123 (ntp.ubuntu.com).
3月 25 23:42:06 ree-virtual-machine systemd-timesyncd[576]: Timed out waiting for reply from 185.125.190.56:123 (ntp.ubuntu.com).
3月 25 23:42:06 ree-virtual-machine systemd-timesyncd[576]: Initial synchronization to time server 185.125.190.58:123 (ntp.ubuntu.com).
-- Boot cce731051b6244c4a03f32893ae3c956 --
3月 28 10:31:03 ree-virtual-machine systemd[1]: Starting Network Time Synchronization...
3月 28 10:31:03 ree-virtual-machine systemd[1]: Started Network Time Synchronization.
3月 28 10:31:33 ree-virtual-machine systemd-timesyncd[616]: Initial synchronization to time server 91.189.91.157:123 (ntp.ubuntu.com).
-- Boot 2a886fae77824755a4d8c5453e54eec8 --
3月 29 11:43:30 ree-virtual-machine systemd[1]: Starting Network Time Synchronization...
3月 29 11:43:31 ree-virtual-machine systemd[1]: Started Network Time Synchronization.
3月 29 11:44:02 ree-virtual-machine systemd-timesyncd[579]: Initial synchronization to time server 185.125.190.56:123 (ntp.ubuntu.com).
3月 29 12:42:34 ree-virtual-machine systemd[1]: Stopping Network Time Synchronization...
3月 29 12:42:34 ree-virtual-machine systemd[1]: systemd-timesyncd.service: Deactivated successfully.
3月 29 12:42:34 ree-virtual-machine systemd[1]: Stopped Network Time Synchronization.
-- Boot bb0991777ac541be83385906c043308d --
3月 29 12:42:41 ree-virtual-machine systemd[1]: Starting Network Time Synchronization...
3月 29 12:42:41 ree-virtual-machine systemd[1]: Started Network Time Synchronization.
3月 29 12:50:44 ree-virtual-machine systemd[1]: Stopping Network Time Synchronization...
3月 29 12:50:44 ree-virtual-machine systemd[1]: systemd-timesyncd.service: Deactivated successfully.
3月 29 12:50:44 ree-virtual-machine systemd[1]: Stopped Network Time Synchronization.
-- Boot d7712a95bc0b49358ac3d7c9a0282431 --
3月 29 13:18:46 ree-virtual-machine systemd[1]: Starting Network Time Synchronization...
3月 29 13:18:46 ree-virtual-machine systemd[1]: Started Network Time Synchronization.
3月 29 13:19:16 ree-virtual-machine systemd-timesyncd[682]: Initial synchronization to time server 185.125.190.56:123 (ntp.ubuntu.com).
3月 29 13:23:17 ree-virtual-machine systemd[1]: Stopping Network Time Synchronization...
3月 29 13:23:17 ree-virtual-machine systemd[1]: systemd-timesyncd.service: Deactivated successfully.
3月 29 13:23:17 ree-virtual-machine systemd[1]: Stopped Network Time Synchronization.
-- Boot 19b4dd46eb7b4597999d4311a7fcd580 --
3月 29 13:24:43 ree-virtual-machine systemd[1]: Starting Network Time Synchronization...
3月 29 13:24:43 ree-virtual-machine systemd[1]: Started Network Time Synchronization.
3月 29 13:25:14 ree-virtual-machine systemd-timesyncd[569]: Initial synchronization to time server 91.189.91.157:123 (ntp.ubuntu.com).
-- Boot 9d814a28020a4d1b8dc1b211140df378 --
3月 30 14:04:52 ree-virtual-machine systemd[1]: Starting Network Time Synchronization...
3月 30 14:04:52 ree-virtual-machine systemd[1]: Started Network Time Synchronization.
3月 30 14:05:32 ree-virtual-machine systemd-timesyncd[598]: Timed out waiting for reply from 185.125.190.56:123 (ntp.ubuntu.com).
3月 30 14:05:32 ree-virtual-machine systemd-timesyncd[598]: Initial synchronization to time server 91.189.91.157:123 (ntp.ubuntu.com).
3月 30 14:58:39 ree-virtual-machine systemd[1]: Stopping Network Time Synchronization...
3月 30 14:58:39 ree-virtual-machine systemd[1]: systemd-timesyncd.service: Deactivated successfully.
3月 30 14:58:39 ree-virtual-machine systemd[1]: Stopped Network Time Synchronization.
-- Boot 84aa09a898d145c7a959de6db29053d7 --
3月 30 15:02:20 ree-virtual-machine systemd[1]: Starting Network Time Synchronization...
3月 30 15:02:20 ree-virtual-machine systemd[1]: Started Network Time Synchronization.
3月 30 15:02:52 ree-virtual-machine systemd[1]: Stopping Network Time Synchronization...
3月 30 15:02:52 ree-virtual-machine systemd[1]: systemd-timesyncd.service: Deactivated successfully.
3月 30 15:02:52 ree-virtual-machine systemd[1]: Stopped Network Time Synchronization.
-- Boot aa4829cf4bad48fb9f7b1a4eb947f5c0 --
3月 30 15:03:26 ree-virtual-machine systemd[1]: Starting Network Time Synchronization...
3月 30 15:03:26 ree-virtual-machine systemd[1]: Started Network Time Synchronization.
3月 30 15:03:37 ree-virtual-machine systemd[1]: Stopping Network Time Synchronization...
3月 30 15:03:37 ree-virtual-machine systemd[1]: systemd-timesyncd.service: Deactivated successfully.
3月 30 15:03:37 ree-virtual-machine systemd[1]: Stopped Network Time Synchronization.
-- Boot 00a7e42d2b624b439bea376a3bc361f1 --
3月 30 15:14:13 ree-virtual-machine systemd[1]: Starting Network Time Synchronization...
3月 30 15:14:13 ree-virtual-machine systemd[1]: Started Network Time Synchronization.
3月 30 15:14:44 ree-virtual-machine systemd-timesyncd[570]: Initial synchronization to time server 185.125.190.56:123 (ntp.ubuntu.com).
3月 30 15:15:06 ree-virtual-machine systemd[1]: Stopping Network Time Synchronization...
3月 30 15:15:06 ree-virtual-machine systemd[1]: systemd-timesyncd.service: Deactivated successfully.
3月 30 15:15:06 ree-virtual-machine systemd[1]: Stopped Network Time Synchronization.
-- Boot 1516c1af27714148858b849306510739 --
3月 30 15:23:25 ree-virtual-machine systemd[1]: Starting Network Time Synchronization...
3月 30 15:23:25 ree-virtual-machine systemd[1]: Started Network Time Synchronization.
3月 30 15:24:05 ree-virtual-machine systemd-timesyncd[624]: Timed out waiting for reply from 185.125.190.58:123 (ntp.ubuntu.com).
3月 30 15:24:04 ree-virtual-machine systemd-timesyncd[624]: Initial synchronization to time server 185.125.190.57:123 (ntp.ubuntu.com).
3月 30 15:38:18 ree-virtual-machine systemd[1]: Stopping Network Time Synchronization...
3月 30 15:38:18 ree-virtual-machine systemd[1]: systemd-timesyncd.service: Deactivated successfully.
3月 30 15:38:18 ree-virtual-machine systemd[1]: Stopped Network Time Synchronization.
-- Boot 9069828abd4b41e5829b4880b07ecdde --
3月 30 15:38:52 ree-virtual-machine systemd[1]: Starting Network Time Synchronization...
3月 30 15:38:52 ree-virtual-machine systemd[1]: Started Network Time Synchronization.
3月 30 15:39:23 ree-virtual-machine systemd-timesyncd[579]: Initial synchronization to time server 91.189.94.4:123 (ntp.ubuntu.com).
-- Boot 76e16ebfbeab47788bc4dd8853d9fe7e --
3月 30 17:34:18 ree-virtual-machine systemd[1]: Starting Network Time Synchronization...
3月 30 17:34:18 ree-virtual-machine systemd[1]: Started Network Time Synchronization.
3月 30 17:34:49 ree-virtual-machine systemd-timesyncd[659]: Initial synchronization to time server 91.189.91.157:123 (ntp.ubuntu.com).
3月 30 20:32:25 ree-virtual-machine systemd[1]: Stopping Network Time Synchronization...
3月 30 20:32:25 ree-virtual-machine systemd[1]: systemd-timesyncd.service: Deactivated successfully.
3月 30 20:32:25 ree-virtual-machine systemd[1]: Stopped Network Time Synchronization.
-- Boot e249c720d58849269d73a22f14ee6fb9 --
3月 30 20:32:32 ree-virtual-machine systemd[1]: Starting Network Time Synchronization...
3月 30 20:32:33 ree-virtual-machine systemd[1]: Started Network Time Synchronization.
3月 30 20:33:04 ree-virtual-machine systemd-timesyncd[679]: Initial synchronization to time server 185.125.190.57:123 (ntp.ubuntu.com).
-- Boot 9ccccf2adff74839b8fba49d83281f8b --
3月 30 22:53:42 ree-virtual-machine systemd[1]: Starting Network Time Synchronization...
3月 30 22:53:42 ree-virtual-machine systemd[1]: Started Network Time Synchronization.
3月 30 22:54:13 ree-virtual-machine systemd-timesyncd[640]: Initial synchronization to time server 185.125.190.56:123 (ntp.ubuntu.com).
3月 30 23:08:08 ree-virtual-machine systemd-timesyncd[640]: Timed out waiting for reply from 185.125.190.56:123 (ntp.ubuntu.com).
3月 30 23:08:09 ree-virtual-machine systemd-timesyncd[640]: Initial synchronization to time server 91.189.94.4:123 (ntp.ubuntu.com).
3月 30 23:30:42 ree-virtual-machine systemd[1]: Stopping Network Time Synchronization...
3月 30 23:30:42 ree-virtual-machine systemd[1]: systemd-timesyncd.service: Deactivated successfully.
3月 30 23:30:42 ree-virtual-machine systemd[1]: Stopped Network Time Synchronization.
-- Boot 308f7b0f7a274f0bb6200973f34667b6 --
3月 31 00:22:26 ree-virtual-machine systemd[1]: Starting Network Time Synchronization...
3月 31 00:22:26 ree-virtual-machine systemd[1]: Started Network Time Synchronization.
3月 31 00:22:57 ree-virtual-machine systemd-timesyncd[591]: Initial synchronization to time server 91.189.91.157:123 (ntp.ubuntu.com).
3月 31 00:27:30 ree-virtual-machine systemd[1]: Stopping Network Time Synchronization...
3月 31 00:27:30 ree-virtual-machine systemd[1]: systemd-timesyncd.service: Deactivated successfully.
3月 31 00:27:30 ree-virtual-machine systemd[1]: Stopped Network Time Synchronization.
-- Boot d85c7c53e5114994bc2f0f623b3af509 --
3月 31 19:12:14 ree-virtual-machine systemd[1]: Starting Network Time Synchronization...
3月 31 19:12:14 ree-virtual-machine systemd[1]: Started Network Time Synchronization.
3月 31 19:12:48 ree-virtual-machine systemd-timesyncd[642]: Initial synchronization to time server 91.189.94.4:123 (ntp.ubuntu.com).
3月 31 19:35:34 ree-virtual-machine systemd[1]: Stopping Network Time Synchronization...
3月 31 19:35:34 ree-virtual-machine systemd[1]: systemd-timesyncd.service: Deactivated successfully.
3月 31 19:35:34 ree-virtual-machine systemd[1]: Stopped Network Time Synchronization.
-- Boot 09785a07d95540b1ad518945fbcc300d --
3月 31 19:43:49 ree-virtual-machine systemd[1]: Starting Network Time Synchronization...
3月 31 19:43:49 ree-virtual-machine systemd[1]: Started Network Time Synchronization.
3月 31 19:44:20 ree-virtual-machine systemd-timesyncd[628]: Initial synchronization to time server 91.189.94.4:123 (ntp.ubuntu.com).
3月 31 19:45:01 ree-virtual-machine systemd[1]: Stopping Network Time Synchronization...
3月 31 19:45:01 ree-virtual-machine systemd[1]: systemd-timesyncd.service: Deactivated successfully.
3月 31 19:45:01 ree-virtual-machine systemd[1]: Stopped Network Time Synchronization.
-- Boot 436dee14f55b451a880859c1f76478af --
3月 31 21:10:02 ree-virtual-machine systemd[1]: Starting Network Time Synchronization...
3月 31 21:10:02 ree-virtual-machine systemd[1]: Started Network Time Synchronization.
3月 31 21:10:34 ree-virtual-machine systemd-timesyncd[641]: Initial synchronization to time server 91.189.94.4:123 (ntp.ubuntu.com).
4月 03 22:12:11 ree-virtual-machine systemd[1]: Stopping Network Time Synchronization...
4月 03 22:12:11 ree-virtual-machine systemd[1]: systemd-timesyncd.service: Deactivated successfully.
4月 03 22:12:11 ree-virtual-machine systemd[1]: Stopped Network Time Synchronization.
-- Boot e2fd3a66bd3b4bd68261cb94d3fee451 --
4月 04 12:20:42 ree-virtual-machine systemd[1]: Starting Network Time Synchronization...
4月 04 12:20:42 ree-virtual-machine systemd[1]: Started Network Time Synchronization.
4月 04 12:21:14 ree-virtual-machine systemd-timesyncd[567]: Initial synchronization to time server 91.189.94.4:123 (ntp.ubuntu.com).
4月 04 17:35:43 ree-virtual-machine systemd[1]: Stopping Network Time Synchronization...
4月 04 17:35:44 ree-virtual-machine systemd[1]: systemd-timesyncd.service: Deactivated successfully.
4月 04 17:35:44 ree-virtual-machine systemd[1]: Stopped Network Time Synchronization.
-- Boot 25dbee67bff049baa23eecea014b8763 --
4月 04 17:35:52 ree-virtual-machine systemd[1]: Starting Network Time Synchronization...
4月 04 17:35:52 ree-virtual-machine systemd[1]: Started Network Time Synchronization.
4月 04 17:36:22 ree-virtual-machine systemd-timesyncd[705]: Initial synchronization to time server 91.189.94.4:123 (ntp.ubuntu.com).
4月 04 20:54:01 ree-virtual-machine systemd[1]: Stopping Network Time Synchronization...
4月 04 20:54:01 ree-virtual-machine systemd[1]: systemd-timesyncd.service: Deactivated successfully.
4月 04 20:54:01 ree-virtual-machine systemd[1]: Stopped Network Time Synchronization.
-- Boot 0d532a9de8ef4df1a92a1cc3f8ce562d --
4月 09 19:14:32 ree-virtual-machine systemd[1]: Starting Network Time Synchronization...
4月 09 19:14:33 ree-virtual-machine systemd[1]: Started Network Time Synchronization.
4月 09 19:15:00 ree-virtual-machine systemd-timesyncd[577]: Initial synchronization to time server 185.125.190.58:123 (ntp.ubuntu.com).
4月 09 19:17:44 ree-virtual-machine systemd[1]: Stopping Network Time Synchronization...
4月 09 19:17:44 ree-virtual-machine systemd[1]: systemd-timesyncd.service: Deactivated successfully.
4月 09 19:17:44 ree-virtual-machine systemd[1]: Stopped Network Time Synchronization.
-- Boot 66c095c2b40d4348bbbaa9bd9371fd5b --
4月 09 19:21:17 ree-virtual-machine systemd[1]: Starting Network Time Synchronization...
4月 09 19:21:17 ree-virtual-machine systemd[1]: Started Network Time Synchronization.
4月 09 19:21:47 ree-virtual-machine systemd-timesyncd[582]: Initial synchronization to time server 91.189.91.157:123 (ntp.ubuntu.com).
4月 09 21:44:18 ree-virtual-machine systemd[1]: Stopping Network Time Synchronization...
4月 09 21:44:18 ree-virtual-machine systemd[1]: systemd-timesyncd.service: Deactivated successfully.
4月 09 21:44:18 ree-virtual-machine systemd[1]: Stopped Network Time Synchronization.
-- Boot 125b443d38b7450fbc1c404530e9dc9e --
4月 12 11:21:56 ree-virtual-machine systemd[1]: Starting Network Time Synchronization...
4月 12 11:21:57 ree-virtual-machine systemd[1]: Started Network Time Synchronization.
4月 12 11:22:26 ree-virtual-machine systemd-timesyncd[677]: Initial synchronization to time server 185.125.190.56:123 (ntp.ubuntu.com).
4月 12 12:31:45 ree-virtual-machine systemd[1]: Stopping Network Time Synchronization...
4月 12 12:31:45 ree-virtual-machine systemd[1]: systemd-timesyncd.service: Deactivated successfully.
4月 12 12:31:45 ree-virtual-machine systemd[1]: Stopped Network Time Synchronization.
-- Boot e043495edc834fd3b8de378cf5b742ab --
4月 12 12:32:35 ree-virtual-machine systemd[1]: Starting Network Time Synchronization...
4月 12 12:32:36 ree-virtual-machine systemd[1]: Started Network Time Synchronization.
4月 12 12:33:07 ree-virtual-machine systemd-timesyncd[578]: Initial synchronization to time server 91.189.91.157:123 (ntp.ubuntu.com).
4月 12 13:58:17 ree-virtual-machine systemd[1]: Stopping Network Time Synchronization...
4月 12 13:58:17 ree-virtual-machine systemd[1]: systemd-timesyncd.service: Deactivated successfully.
4月 12 13:58:17 ree-virtual-machine systemd[1]: Stopped Network Time Synchronization.
-- Boot 9296bd89129642f58a1e422116180a89 --
4月 12 19:33:16 ree-virtual-machine systemd[1]: Starting Network Time Synchronization...
4月 12 19:33:16 ree-virtual-machine systemd[1]: Started Network Time Synchronization.
4月 12 19:33:48 ree-virtual-machine systemd-timesyncd[669]: Initial synchronization to time server 185.125.190.57:123 (ntp.ubuntu.com).
4月 12 21:30:58 ree-virtual-machine systemd[1]: Stopping Network Time Synchronization...
4月 12 21:30:58 ree-virtual-machine systemd[1]: systemd-timesyncd.service: Deactivated successfully.
4月 12 21:30:58 ree-virtual-machine systemd[1]: Stopped Network Time Synchronization.
-- Boot e44af90cbb3e49179059ad1de25c45d0 --
4月 12 21:31:06 ree-virtual-machine systemd[1]: Starting Network Time Synchronization...
4月 12 21:31:07 ree-virtual-machine systemd[1]: Started Network Time Synchronization.
4月 12 21:34:11 ree-virtual-machine systemd-timesyncd[709]: Network configuration changed, trying to establish connection.
4月 12 21:34:11 ree-virtual-machine systemd-timesyncd[709]: Network configuration changed, trying to establish connection.
4月 12 21:34:11 ree-virtual-machine systemd-timesyncd[709]: Network configuration changed, trying to establish connection.
4月 12 21:34:11 ree-virtual-machine systemd-timesyncd[709]: Network configuration changed, trying to establish connection.
4月 12 21:34:11 ree-virtual-machine systemd-timesyncd[709]: Network configuration changed, trying to establish connection.
4月 12 21:34:42 ree-virtual-machine systemd-timesyncd[709]: Initial synchronization to time server 91.189.94.4:123 (ntp.ubuntu.com).
4月 12 21:48:58 ree-virtual-machine systemd[1]: Stopping Network Time Synchronization...
4月 12 21:48:58 ree-virtual-machine systemd[1]: systemd-timesyncd.service: Deactivated successfully.
4月 12 21:48:58 ree-virtual-machine systemd[1]: Stopped Network Time Synchronization.
-- Boot 670c3aae65b84f6c8708951f52467260 --
4月 12 21:49:12 ree-virtual-machine systemd[1]: Starting Network Time Synchronization...
4月 12 21:49:12 ree-virtual-machine systemd[1]: Started Network Time Synchronization.
4月 12 21:49:43 ree-virtual-machine systemd-timesyncd[706]: Initial synchronization to time server 185.125.190.56:123 (ntp.ubuntu.com).
4月 12 21:53:22 ree-virtual-machine systemd[1]: Stopping Network Time Synchronization...
4月 12 21:53:22 ree-virtual-machine systemd[1]: systemd-timesyncd.service: Deactivated successfully.
4月 12 21:53:22 ree-virtual-machine systemd[1]: Stopped Network Time Synchronization.
-- Boot 73255c0c6dec4ce4bca99ec2ceb12507 --
4月 12 21:53:28 ree-virtual-machine systemd[1]: Starting Network Time Synchronization...
4月 12 21:53:28 ree-virtual-machine systemd[1]: Started Network Time Synchronization.
4月 12 21:53:59 ree-virtual-machine systemd-timesyncd[677]: Initial synchronization to time server 185.125.190.57:123 (ntp.ubuntu.com).
4月 13 01:12:52 ree-virtual-machine systemd[1]: Stopping Network Time Synchronization...
4月 13 01:12:52 ree-virtual-machine systemd[1]: systemd-timesyncd.service: Deactivated successfully.
4月 13 01:12:52 ree-virtual-machine systemd[1]: Stopped Network Time Synchronization.
-- Boot ab354c8c35ec46309c3d583c22d4722e --
4月 13 11:49:14 ree-virtual-machine systemd[1]: Starting Network Time Synchronization...
4月 13 11:49:14 ree-virtual-machine systemd[1]: Started Network Time Synchronization.
4月 13 11:49:44 ree-virtual-machine systemd-timesyncd[703]: Initial synchronization to time server 185.125.190.58:123 (ntp.ubuntu.com).
4月 13 20:22:14 ree-virtual-machine systemd[1]: Stopping Network Time Synchronization...
4月 13 20:22:14 ree-virtual-machine systemd[1]: systemd-timesyncd.service: Deactivated successfully.
4月 13 20:22:14 ree-virtual-machine systemd[1]: Stopped Network Time Synchronization.
-- Boot 1223bb12cf164754a34338b3879bc416 --
4月 13 20:22:49 ree-virtual-machine systemd[1]: Starting Network Time Synchronization...
4月 13 20:22:50 ree-virtual-machine systemd[1]: Started Network Time Synchronization.
4月 13 20:23:23 ree-virtual-machine systemd-timesyncd[695]: Initial synchronization to time server 185.125.190.56:123 (ntp.ubuntu.com).
4月 13 23:11:11 ree-virtual-machine systemd[1]: Stopping Network Time Synchronization...
4月 13 23:11:11 ree-virtual-machine systemd[1]: systemd-timesyncd.service: Deactivated successfully.
4月 13 23:11:11 ree-virtual-machine systemd[1]: Stopped Network Time Synchronization.
-- Boot eedc866258b546db86377bdd16f52c6c --
4月 13 23:32:58 ree-virtual-machine systemd[1]: Starting Network Time Synchronization...
4月 13 23:32:58 ree-virtual-machine systemd[1]: Started Network Time Synchronization.
4月 13 23:33:30 ree-virtual-machine systemd-timesyncd[673]: Initial synchronization to time server 185.125.190.58:123 (ntp.ubuntu.com).
4月 14 01:45:08 ree-virtual-machine systemd[1]: Stopping Network Time Synchronization...
4月 14 01:45:08 ree-virtual-machine systemd[1]: systemd-timesyncd.service: Deactivated successfully.
4月 14 01:45:08 ree-virtual-machine systemd[1]: Stopped Network Time Synchronization.
-- Boot 6336d5d01d9d47a1a84a86d400678bbe --
4月 14 18:40:03 ree-virtual-machine systemd[1]: Starting Network Time Synchronization...
4月 14 18:40:04 ree-virtual-machine systemd[1]: Started Network Time Synchronization.
4月 14 18:40:34 ree-virtual-machine systemd-timesyncd[753]: Initial synchronization to time server 185.125.190.56:123 (ntp.ubuntu.com).
4月 14 19:24:34 ree-virtual-machine systemd[1]: Stopping Network Time Synchronization...
4月 14 19:24:34 ree-virtual-machine systemd[1]: systemd-timesyncd.service: Deactivated successfully.
4月 14 19:24:34 ree-virtual-machine systemd[1]: Stopped Network Time Synchronization.
-- Boot 00425514c17e404db4cc5611a8f55ed9 --
4月 14 21:28:22 ree-virtual-machine systemd[1]: Starting Network Time Synchronization...
4月 14 21:28:22 ree-virtual-machine systemd[1]: Started Network Time Synchronization.
4月 14 21:28:53 ree-virtual-machine systemd-timesyncd[781]: Initial synchronization to time server 185.125.190.56:123 (ntp.ubuntu.com).
-- Boot ac6742caea064674b1504bee9f2e0abd --
4月 15 11:41:47 ree-virtual-machine systemd[1]: Starting Network Time Synchronization...
4月 15 11:41:47 ree-virtual-machine systemd[1]: Started Network Time Synchronization.
4月 15 11:42:18 ree-virtual-machine systemd-timesyncd[691]: Initial synchronization to time server 185.125.190.58:123 (ntp.ubuntu.com).

