
Start-Date: 2023-04-04  12:24:47
Commandline: apt-get remove proxychains
Requested-By: ree (1000)
Remove: proxychains:amd64 (3.1-9)
End-Date: 2023-04-04  12:24:48

Start-Date: 2023-04-04  12:53:46
Commandline: /usr/bin/unattended-upgrade
Upgrade: libldb2:amd64 (2:2.4.4-0ubuntu0.22.04.1, 2:2.4.4-0ubuntu0.22.04.2), libwbclient0:amd64 (2:4.15.13+dfsg-0ubuntu1, 2:4.15.13+dfsg-0ubuntu1.1), libsmbclient:amd64 (2:4.15.13+dfsg-0ubuntu1, 2:4.15.13+dfsg-0ubuntu1.1), python3-ldb:amd64 (2:2.4.4-0ubuntu0.22.04.1, 2:2.4.4-0ubuntu0.22.04.2), samba-libs:amd64 (2:4.15.13+dfsg-0ubuntu1, 2:4.15.13+dfsg-0ubuntu1.1)
End-Date: 2023-04-04  12:53:47

Start-Date: 2023-04-09  19:56:03
Commandline: /usr/bin/unattended-upgrade
Upgrade: liblouis-data:amd64 (3.20.0-2ubuntu0.1, 3.20.0-2ubuntu0.2)
End-Date: 2023-04-09  19:56:03

Start-Date: 2023-04-09  19:56:06
Commandline: /usr/bin/unattended-upgrade
Upgrade: vim-common:amd64 (2:8.2.3995-1ubuntu2.4, 2:8.2.3995-1ubuntu2.5), vim-tiny:amd64 (2:8.2.3995-1ubuntu2.4, 2:8.2.3995-1ubuntu2.5)
End-Date: 2023-04-09  19:56:06

Start-Date: 2023-04-09  19:56:09
Commandline: /usr/bin/unattended-upgrade
Upgrade: liblouis20:amd64 (3.20.0-2ubuntu0.1, 3.20.0-2ubuntu0.2)
End-Date: 2023-04-09  19:56:09

Start-Date: 2023-04-09  19:56:12
Commandline: /usr/bin/unattended-upgrade
Upgrade: xxd:amd64 (2:8.2.3995-1ubuntu2.4, 2:8.2.3995-1ubuntu2.5)
End-Date: 2023-04-09  19:56:12

Start-Date: 2023-04-09  19:56:14
Commandline: /usr/bin/unattended-upgrade
Upgrade: python3-louis:amd64 (3.20.0-2ubuntu0.1, 3.20.0-2ubuntu0.2)
End-Date: 2023-04-09  19:56:14

Start-Date: 2023-04-12  11:42:17
Commandline: /usr/bin/unattended-upgrade
Upgrade: sudo:amd64 (1.9.9-1ubuntu2.3, 1.9.9-1ubuntu2.4)
End-Date: 2023-04-12  11:42:18

Start-Date: 2023-04-14  19:05:02
Commandline: /usr/bin/unattended-upgrade
Upgrade: python3-apport:amd64 (2.20.11-0ubuntu82.3, 2.20.11-0ubuntu82.4)
End-Date: 2023-04-14  19:05:03

Start-Date: 2023-04-14  19:05:06
Commandline: /usr/bin/unattended-upgrade
Upgrade: tzdata:amd64 (2022g-0ubuntu0.22.04.1, 2023c-0ubuntu0.22.04.0)
End-Date: 2023-04-14  19:05:06

Start-Date: 2023-04-14  19:05:09
Commandline: /usr/bin/unattended-upgrade
Upgrade: ghostscript-x:amd64 (9.55.0~dfsg1-0ubuntu5.1, 9.55.0~dfsg1-0ubuntu5.2), libgs9-common:amd64 (9.55.0~dfsg1-0ubuntu5.1, 9.55.0~dfsg1-0ubuntu5.2), ghostscript:amd64 (9.55.0~dfsg1-0ubuntu5.1, 9.55.0~dfsg1-0ubuntu5.2), libgs9:amd64 (9.55.0~dfsg1-0ubuntu5.1, 9.55.0~dfsg1-0ubuntu5.2)
End-Date: 2023-04-14  19:05:09

Start-Date: 2023-04-14  19:05:12
Commandline: /usr/bin/unattended-upgrade
Upgrade: apport:amd64 (2.20.11-0ubuntu82.3, 2.20.11-0ubuntu82.4)
End-Date: 2023-04-14  19:05:13

Start-Date: 2023-04-14  19:05:16
Commandline: /usr/bin/unattended-upgrade
Upgrade: apport-gtk:amd64 (2.20.11-0ubuntu82.3, 2.20.11-0ubuntu82.4)
End-Date: 2023-04-14  19:05:16

Start-Date: 2023-04-14  19:05:19
Commandline: /usr/bin/unattended-upgrade
Upgrade: python3-problem-report:amd64 (2.20.11-0ubuntu82.3, 2.20.11-0ubuntu82.4)
End-Date: 2023-04-14  19:05:19

Start-Date: 2023-04-15  12:51:41
Commandline: apt autoremove
Requested-By: ree (1000)
Remove: libmarisa0:amd64 (0.2.6-9build1), libopencc1.1:amd64 (1.1.3+ds1-3ubuntu3), ibus-gtk4:amd64 (1.5.26-4), python3-ibus-1.0:amd64 (1.5.26-4), liblua5.3-0:amd64 (5.3.6-1build1), libllvm13:amd64 (1:13.0.1-2ubuntu2.1), libproxychains3:amd64 (3.1-9), ibus-data:amd64 (1.5.26-4), libpinyin13:amd64 (2.6.1-1build1), libpinyin-data:amd64 (2.6.1-1build1), libftdi1-2:amd64 (1.5-5build3), libflashrom1:amd64 (1.2-5build1), libopencc-data:amd64 (1.1.3+ds1-3ubuntu3)
End-Date: 2023-04-15  12:51:41
